[2022-08-23 00:00:37,995] {processor.py:153} INFO - Started process (PID=92851) to work on /opt/airflow/dags/user-processing.py
[2022-08-23 00:00:38,001] {processor.py:641} INFO - Processing file /opt/airflow/dags/user-processing.py for tasks to queue
[2022-08-23 00:00:38,005] {logging_mixin.py:115} INFO - [2022-08-23 00:00:38,004] {dagbag.py:508} INFO - Filling up the DagBag from /opt/airflow/dags/user-processing.py
[2022-08-23 00:00:40,293] {processor.py:651} INFO - DAG(s) dict_keys(['user_processing']) retrieved from /opt/airflow/dags/user-processing.py
[2022-08-23 00:00:40,472] {logging_mixin.py:115} INFO - [2022-08-23 00:00:40,471] {dag.py:2420} INFO - Sync 1 DAGs
[2022-08-23 00:00:40,567] {logging_mixin.py:115} INFO - [2022-08-23 00:00:40,567] {dag.py:2972} INFO - Setting next_dagrun for user_processing to 2022-08-23T00:00:00+00:00, run_after=2022-08-24T00:00:00+00:00
[2022-08-23 00:00:40,598] {processor.py:161} INFO - Processing /opt/airflow/dags/user-processing.py took 2.613 seconds
[2022-08-23 00:01:11,152] {processor.py:153} INFO - Started process (PID=93057) to work on /opt/airflow/dags/user-processing.py
[2022-08-23 00:01:11,156] {processor.py:641} INFO - Processing file /opt/airflow/dags/user-processing.py for tasks to queue
[2022-08-23 00:01:11,160] {logging_mixin.py:115} INFO - [2022-08-23 00:01:11,159] {dagbag.py:508} INFO - Filling up the DagBag from /opt/airflow/dags/user-processing.py
[2022-08-23 00:01:12,246] {processor.py:651} INFO - DAG(s) dict_keys(['user_processing']) retrieved from /opt/airflow/dags/user-processing.py
[2022-08-23 00:01:12,313] {logging_mixin.py:115} INFO - [2022-08-23 00:01:12,312] {dag.py:2420} INFO - Sync 1 DAGs
[2022-08-23 00:01:12,375] {logging_mixin.py:115} INFO - [2022-08-23 00:01:12,375] {dag.py:2972} INFO - Setting next_dagrun for user_processing to 2022-08-23T00:00:00+00:00, run_after=2022-08-24T00:00:00+00:00
[2022-08-23 00:01:12,406] {processor.py:161} INFO - Processing /opt/airflow/dags/user-processing.py took 1.280 seconds
[2022-08-23 00:01:42,767] {processor.py:153} INFO - Started process (PID=93257) to work on /opt/airflow/dags/user-processing.py
[2022-08-23 00:01:42,770] {processor.py:641} INFO - Processing file /opt/airflow/dags/user-processing.py for tasks to queue
[2022-08-23 00:01:42,773] {logging_mixin.py:115} INFO - [2022-08-23 00:01:42,773] {dagbag.py:508} INFO - Filling up the DagBag from /opt/airflow/dags/user-processing.py
[2022-08-23 00:01:44,042] {processor.py:651} INFO - DAG(s) dict_keys(['user_processing']) retrieved from /opt/airflow/dags/user-processing.py
[2022-08-23 00:01:44,128] {logging_mixin.py:115} INFO - [2022-08-23 00:01:44,128] {dag.py:2420} INFO - Sync 1 DAGs
[2022-08-23 00:01:44,177] {logging_mixin.py:115} INFO - [2022-08-23 00:01:44,177] {dag.py:2972} INFO - Setting next_dagrun for user_processing to 2022-08-23T00:00:00+00:00, run_after=2022-08-24T00:00:00+00:00
[2022-08-23 00:01:44,207] {processor.py:161} INFO - Processing /opt/airflow/dags/user-processing.py took 1.451 seconds
[2022-08-23 00:02:14,802] {processor.py:153} INFO - Started process (PID=93455) to work on /opt/airflow/dags/user-processing.py
[2022-08-23 00:02:14,806] {processor.py:641} INFO - Processing file /opt/airflow/dags/user-processing.py for tasks to queue
[2022-08-23 00:02:14,810] {logging_mixin.py:115} INFO - [2022-08-23 00:02:14,810] {dagbag.py:508} INFO - Filling up the DagBag from /opt/airflow/dags/user-processing.py
[2022-08-23 00:02:15,894] {processor.py:651} INFO - DAG(s) dict_keys(['user_processing']) retrieved from /opt/airflow/dags/user-processing.py
[2022-08-23 00:02:15,960] {logging_mixin.py:115} INFO - [2022-08-23 00:02:15,960] {dag.py:2420} INFO - Sync 1 DAGs
[2022-08-23 00:02:15,996] {logging_mixin.py:115} INFO - [2022-08-23 00:02:15,996] {dag.py:2972} INFO - Setting next_dagrun for user_processing to 2022-08-23T00:00:00+00:00, run_after=2022-08-24T00:00:00+00:00
[2022-08-23 00:02:16,013] {processor.py:161} INFO - Processing /opt/airflow/dags/user-processing.py took 1.235 seconds
[2022-08-23 00:02:46,143] {processor.py:153} INFO - Started process (PID=93664) to work on /opt/airflow/dags/user-processing.py
[2022-08-23 00:02:46,147] {processor.py:641} INFO - Processing file /opt/airflow/dags/user-processing.py for tasks to queue
[2022-08-23 00:02:46,150] {logging_mixin.py:115} INFO - [2022-08-23 00:02:46,150] {dagbag.py:508} INFO - Filling up the DagBag from /opt/airflow/dags/user-processing.py
[2022-08-23 00:02:46,862] {processor.py:651} INFO - DAG(s) dict_keys(['user_processing']) retrieved from /opt/airflow/dags/user-processing.py
[2022-08-23 00:02:46,957] {logging_mixin.py:115} INFO - [2022-08-23 00:02:46,956] {dag.py:2420} INFO - Sync 1 DAGs
[2022-08-23 00:02:46,999] {logging_mixin.py:115} INFO - [2022-08-23 00:02:46,998] {dag.py:2972} INFO - Setting next_dagrun for user_processing to 2022-08-23T00:00:00+00:00, run_after=2022-08-24T00:00:00+00:00
[2022-08-23 00:02:47,053] {processor.py:161} INFO - Processing /opt/airflow/dags/user-processing.py took 0.919 seconds
[2022-08-23 00:03:17,217] {processor.py:153} INFO - Started process (PID=93856) to work on /opt/airflow/dags/user-processing.py
[2022-08-23 00:03:17,220] {processor.py:641} INFO - Processing file /opt/airflow/dags/user-processing.py for tasks to queue
[2022-08-23 00:03:17,224] {logging_mixin.py:115} INFO - [2022-08-23 00:03:17,224] {dagbag.py:508} INFO - Filling up the DagBag from /opt/airflow/dags/user-processing.py
[2022-08-23 00:03:18,241] {processor.py:651} INFO - DAG(s) dict_keys(['user_processing']) retrieved from /opt/airflow/dags/user-processing.py
[2022-08-23 00:03:18,300] {logging_mixin.py:115} INFO - [2022-08-23 00:03:18,300] {dag.py:2420} INFO - Sync 1 DAGs
[2022-08-23 00:03:18,337] {logging_mixin.py:115} INFO - [2022-08-23 00:03:18,337] {dag.py:2972} INFO - Setting next_dagrun for user_processing to 2022-08-23T00:00:00+00:00, run_after=2022-08-24T00:00:00+00:00
[2022-08-23 00:03:18,360] {processor.py:161} INFO - Processing /opt/airflow/dags/user-processing.py took 1.161 seconds
[2022-08-23 00:03:49,641] {processor.py:153} INFO - Started process (PID=94051) to work on /opt/airflow/dags/user-processing.py
[2022-08-23 00:03:49,645] {processor.py:641} INFO - Processing file /opt/airflow/dags/user-processing.py for tasks to queue
[2022-08-23 00:03:49,649] {logging_mixin.py:115} INFO - [2022-08-23 00:03:49,649] {dagbag.py:508} INFO - Filling up the DagBag from /opt/airflow/dags/user-processing.py
[2022-08-23 00:03:50,517] {processor.py:651} INFO - DAG(s) dict_keys(['user_processing']) retrieved from /opt/airflow/dags/user-processing.py
[2022-08-23 00:03:50,585] {logging_mixin.py:115} INFO - [2022-08-23 00:03:50,585] {dag.py:2420} INFO - Sync 1 DAGs
[2022-08-23 00:03:50,629] {logging_mixin.py:115} INFO - [2022-08-23 00:03:50,629] {dag.py:2972} INFO - Setting next_dagrun for user_processing to 2022-08-23T00:00:00+00:00, run_after=2022-08-24T00:00:00+00:00
[2022-08-23 00:03:50,656] {processor.py:161} INFO - Processing /opt/airflow/dags/user-processing.py took 1.039 seconds
[2022-08-23 00:04:22,733] {processor.py:153} INFO - Started process (PID=94244) to work on /opt/airflow/dags/user-processing.py
[2022-08-23 00:04:22,739] {processor.py:641} INFO - Processing file /opt/airflow/dags/user-processing.py for tasks to queue
[2022-08-23 00:04:22,748] {logging_mixin.py:115} INFO - [2022-08-23 00:04:22,748] {dagbag.py:508} INFO - Filling up the DagBag from /opt/airflow/dags/user-processing.py
[2022-08-23 00:04:23,499] {processor.py:651} INFO - DAG(s) dict_keys(['user_processing']) retrieved from /opt/airflow/dags/user-processing.py
[2022-08-23 00:04:23,563] {logging_mixin.py:115} INFO - [2022-08-23 00:04:23,562] {dag.py:2420} INFO - Sync 1 DAGs
[2022-08-23 00:04:23,632] {logging_mixin.py:115} INFO - [2022-08-23 00:04:23,632] {dag.py:2972} INFO - Setting next_dagrun for user_processing to 2022-08-23T00:00:00+00:00, run_after=2022-08-24T00:00:00+00:00
[2022-08-23 00:04:23,701] {processor.py:161} INFO - Processing /opt/airflow/dags/user-processing.py took 0.999 seconds
[2022-08-23 00:04:54,253] {processor.py:153} INFO - Started process (PID=94448) to work on /opt/airflow/dags/user-processing.py
[2022-08-23 00:04:54,257] {processor.py:641} INFO - Processing file /opt/airflow/dags/user-processing.py for tasks to queue
[2022-08-23 00:04:54,261] {logging_mixin.py:115} INFO - [2022-08-23 00:04:54,261] {dagbag.py:508} INFO - Filling up the DagBag from /opt/airflow/dags/user-processing.py
[2022-08-23 00:04:54,995] {processor.py:651} INFO - DAG(s) dict_keys(['user_processing']) retrieved from /opt/airflow/dags/user-processing.py
[2022-08-23 00:04:55,074] {logging_mixin.py:115} INFO - [2022-08-23 00:04:55,074] {dag.py:2420} INFO - Sync 1 DAGs
[2022-08-23 00:04:55,118] {logging_mixin.py:115} INFO - [2022-08-23 00:04:55,118] {dag.py:2972} INFO - Setting next_dagrun for user_processing to 2022-08-23T00:00:00+00:00, run_after=2022-08-24T00:00:00+00:00
[2022-08-23 00:04:55,137] {processor.py:161} INFO - Processing /opt/airflow/dags/user-processing.py took 0.894 seconds
[2022-08-23 00:05:25,530] {processor.py:153} INFO - Started process (PID=94643) to work on /opt/airflow/dags/user-processing.py
[2022-08-23 00:05:25,532] {processor.py:641} INFO - Processing file /opt/airflow/dags/user-processing.py for tasks to queue
[2022-08-23 00:05:25,534] {logging_mixin.py:115} INFO - [2022-08-23 00:05:25,534] {dagbag.py:508} INFO - Filling up the DagBag from /opt/airflow/dags/user-processing.py
[2022-08-23 00:05:26,307] {processor.py:651} INFO - DAG(s) dict_keys(['user_processing']) retrieved from /opt/airflow/dags/user-processing.py
[2022-08-23 00:05:26,375] {logging_mixin.py:115} INFO - [2022-08-23 00:05:26,374] {dag.py:2420} INFO - Sync 1 DAGs
[2022-08-23 00:05:26,419] {logging_mixin.py:115} INFO - [2022-08-23 00:05:26,419] {dag.py:2972} INFO - Setting next_dagrun for user_processing to 2022-08-23T00:00:00+00:00, run_after=2022-08-24T00:00:00+00:00
[2022-08-23 00:05:26,451] {processor.py:161} INFO - Processing /opt/airflow/dags/user-processing.py took 0.948 seconds
[2022-08-23 00:05:57,603] {processor.py:153} INFO - Started process (PID=94837) to work on /opt/airflow/dags/user-processing.py
[2022-08-23 00:05:57,608] {processor.py:641} INFO - Processing file /opt/airflow/dags/user-processing.py for tasks to queue
[2022-08-23 00:05:57,614] {logging_mixin.py:115} INFO - [2022-08-23 00:05:57,613] {dagbag.py:508} INFO - Filling up the DagBag from /opt/airflow/dags/user-processing.py
[2022-08-23 00:05:59,819] {processor.py:651} INFO - DAG(s) dict_keys(['user_processing']) retrieved from /opt/airflow/dags/user-processing.py
[2022-08-23 00:05:59,913] {logging_mixin.py:115} INFO - [2022-08-23 00:05:59,912] {dag.py:2420} INFO - Sync 1 DAGs
[2022-08-23 00:06:00,001] {logging_mixin.py:115} INFO - [2022-08-23 00:06:00,000] {dag.py:2972} INFO - Setting next_dagrun for user_processing to 2022-08-23T00:00:00+00:00, run_after=2022-08-24T00:00:00+00:00
[2022-08-23 00:06:00,314] {processor.py:161} INFO - Processing /opt/airflow/dags/user-processing.py took 2.730 seconds
[2022-08-23 00:06:31,375] {processor.py:153} INFO - Started process (PID=95042) to work on /opt/airflow/dags/user-processing.py
[2022-08-23 00:06:31,379] {processor.py:641} INFO - Processing file /opt/airflow/dags/user-processing.py for tasks to queue
[2022-08-23 00:06:31,382] {logging_mixin.py:115} INFO - [2022-08-23 00:06:31,382] {dagbag.py:508} INFO - Filling up the DagBag from /opt/airflow/dags/user-processing.py
[2022-08-23 00:06:32,228] {processor.py:651} INFO - DAG(s) dict_keys(['user_processing']) retrieved from /opt/airflow/dags/user-processing.py
[2022-08-23 00:06:32,499] {logging_mixin.py:115} INFO - [2022-08-23 00:06:32,498] {dag.py:2420} INFO - Sync 1 DAGs
[2022-08-23 00:06:32,587] {logging_mixin.py:115} INFO - [2022-08-23 00:06:32,587] {dag.py:2972} INFO - Setting next_dagrun for user_processing to 2022-08-23T00:00:00+00:00, run_after=2022-08-24T00:00:00+00:00
[2022-08-23 00:06:32,643] {processor.py:161} INFO - Processing /opt/airflow/dags/user-processing.py took 1.275 seconds
[2022-08-23 00:07:03,881] {processor.py:153} INFO - Started process (PID=95244) to work on /opt/airflow/dags/user-processing.py
[2022-08-23 00:07:03,884] {processor.py:641} INFO - Processing file /opt/airflow/dags/user-processing.py for tasks to queue
[2022-08-23 00:07:03,887] {logging_mixin.py:115} INFO - [2022-08-23 00:07:03,887] {dagbag.py:508} INFO - Filling up the DagBag from /opt/airflow/dags/user-processing.py
[2022-08-23 00:07:06,285] {processor.py:651} INFO - DAG(s) dict_keys(['user_processing']) retrieved from /opt/airflow/dags/user-processing.py
[2022-08-23 00:07:06,411] {logging_mixin.py:115} INFO - [2022-08-23 00:07:06,410] {dag.py:2420} INFO - Sync 1 DAGs
[2022-08-23 00:07:06,468] {logging_mixin.py:115} INFO - [2022-08-23 00:07:06,468] {dag.py:2972} INFO - Setting next_dagrun for user_processing to 2022-08-23T00:00:00+00:00, run_after=2022-08-24T00:00:00+00:00
[2022-08-23 00:07:06,489] {processor.py:161} INFO - Processing /opt/airflow/dags/user-processing.py took 2.634 seconds
[2022-08-23 00:07:36,865] {processor.py:153} INFO - Started process (PID=95449) to work on /opt/airflow/dags/user-processing.py
[2022-08-23 00:07:36,868] {processor.py:641} INFO - Processing file /opt/airflow/dags/user-processing.py for tasks to queue
[2022-08-23 00:07:36,871] {logging_mixin.py:115} INFO - [2022-08-23 00:07:36,871] {dagbag.py:508} INFO - Filling up the DagBag from /opt/airflow/dags/user-processing.py
[2022-08-23 00:07:38,209] {processor.py:651} INFO - DAG(s) dict_keys(['user_processing']) retrieved from /opt/airflow/dags/user-processing.py
[2022-08-23 00:07:38,305] {logging_mixin.py:115} INFO - [2022-08-23 00:07:38,304] {dag.py:2420} INFO - Sync 1 DAGs
[2022-08-23 00:07:38,386] {logging_mixin.py:115} INFO - [2022-08-23 00:07:38,386] {dag.py:2972} INFO - Setting next_dagrun for user_processing to 2022-08-23T00:00:00+00:00, run_after=2022-08-24T00:00:00+00:00
[2022-08-23 00:07:38,444] {processor.py:161} INFO - Processing /opt/airflow/dags/user-processing.py took 1.590 seconds
[2022-08-23 00:08:08,837] {processor.py:153} INFO - Started process (PID=95646) to work on /opt/airflow/dags/user-processing.py
[2022-08-23 00:08:08,841] {processor.py:641} INFO - Processing file /opt/airflow/dags/user-processing.py for tasks to queue
[2022-08-23 00:08:08,846] {logging_mixin.py:115} INFO - [2022-08-23 00:08:08,845] {dagbag.py:508} INFO - Filling up the DagBag from /opt/airflow/dags/user-processing.py
[2022-08-23 00:08:10,493] {processor.py:651} INFO - DAG(s) dict_keys(['user_processing']) retrieved from /opt/airflow/dags/user-processing.py
[2022-08-23 00:08:10,676] {logging_mixin.py:115} INFO - [2022-08-23 00:08:10,674] {dag.py:2420} INFO - Sync 1 DAGs
[2022-08-23 00:08:10,832] {logging_mixin.py:115} INFO - [2022-08-23 00:08:10,831] {dag.py:2972} INFO - Setting next_dagrun for user_processing to 2022-08-23T00:00:00+00:00, run_after=2022-08-24T00:00:00+00:00
[2022-08-23 00:08:10,860] {processor.py:161} INFO - Processing /opt/airflow/dags/user-processing.py took 2.033 seconds
[2022-08-23 00:08:41,372] {processor.py:153} INFO - Started process (PID=95846) to work on /opt/airflow/dags/user-processing.py
[2022-08-23 00:08:41,375] {processor.py:641} INFO - Processing file /opt/airflow/dags/user-processing.py for tasks to queue
[2022-08-23 00:08:41,377] {logging_mixin.py:115} INFO - [2022-08-23 00:08:41,377] {dagbag.py:508} INFO - Filling up the DagBag from /opt/airflow/dags/user-processing.py
[2022-08-23 00:08:44,395] {processor.py:651} INFO - DAG(s) dict_keys(['user_processing']) retrieved from /opt/airflow/dags/user-processing.py
[2022-08-23 00:08:44,886] {logging_mixin.py:115} INFO - [2022-08-23 00:08:44,885] {dag.py:2420} INFO - Sync 1 DAGs
[2022-08-23 00:08:45,256] {logging_mixin.py:115} INFO - [2022-08-23 00:08:45,255] {dag.py:2972} INFO - Setting next_dagrun for user_processing to 2022-08-23T00:00:00+00:00, run_after=2022-08-24T00:00:00+00:00
[2022-08-23 00:08:45,345] {processor.py:161} INFO - Processing /opt/airflow/dags/user-processing.py took 3.987 seconds
[2022-08-23 00:09:15,929] {processor.py:153} INFO - Started process (PID=96049) to work on /opt/airflow/dags/user-processing.py
[2022-08-23 00:09:15,933] {processor.py:641} INFO - Processing file /opt/airflow/dags/user-processing.py for tasks to queue
[2022-08-23 00:09:15,938] {logging_mixin.py:115} INFO - [2022-08-23 00:09:15,938] {dagbag.py:508} INFO - Filling up the DagBag from /opt/airflow/dags/user-processing.py
[2022-08-23 00:09:16,575] {processor.py:651} INFO - DAG(s) dict_keys(['user_processing']) retrieved from /opt/airflow/dags/user-processing.py
[2022-08-23 00:09:16,655] {logging_mixin.py:115} INFO - [2022-08-23 00:09:16,654] {dag.py:2420} INFO - Sync 1 DAGs
[2022-08-23 00:09:16,724] {logging_mixin.py:115} INFO - [2022-08-23 00:09:16,723] {dag.py:2972} INFO - Setting next_dagrun for user_processing to 2022-08-23T00:00:00+00:00, run_after=2022-08-24T00:00:00+00:00
[2022-08-23 00:09:16,748] {processor.py:161} INFO - Processing /opt/airflow/dags/user-processing.py took 0.833 seconds
[2022-08-23 00:09:47,050] {processor.py:153} INFO - Started process (PID=96243) to work on /opt/airflow/dags/user-processing.py
[2022-08-23 00:09:47,051] {processor.py:641} INFO - Processing file /opt/airflow/dags/user-processing.py for tasks to queue
[2022-08-23 00:09:47,053] {logging_mixin.py:115} INFO - [2022-08-23 00:09:47,053] {dagbag.py:508} INFO - Filling up the DagBag from /opt/airflow/dags/user-processing.py
[2022-08-23 00:09:48,770] {processor.py:651} INFO - DAG(s) dict_keys(['user_processing']) retrieved from /opt/airflow/dags/user-processing.py
[2022-08-23 00:09:48,897] {logging_mixin.py:115} INFO - [2022-08-23 00:09:48,896] {dag.py:2420} INFO - Sync 1 DAGs
[2022-08-23 00:09:48,987] {logging_mixin.py:115} INFO - [2022-08-23 00:09:48,987] {dag.py:2972} INFO - Setting next_dagrun for user_processing to 2022-08-23T00:00:00+00:00, run_after=2022-08-24T00:00:00+00:00
[2022-08-23 00:09:49,035] {processor.py:161} INFO - Processing /opt/airflow/dags/user-processing.py took 1.993 seconds
[2022-08-23 00:10:19,929] {processor.py:153} INFO - Started process (PID=96445) to work on /opt/airflow/dags/user-processing.py
[2022-08-23 00:10:19,932] {processor.py:641} INFO - Processing file /opt/airflow/dags/user-processing.py for tasks to queue
[2022-08-23 00:10:19,935] {logging_mixin.py:115} INFO - [2022-08-23 00:10:19,935] {dagbag.py:508} INFO - Filling up the DagBag from /opt/airflow/dags/user-processing.py
[2022-08-23 00:10:20,700] {processor.py:651} INFO - DAG(s) dict_keys(['user_processing']) retrieved from /opt/airflow/dags/user-processing.py
[2022-08-23 00:10:20,877] {logging_mixin.py:115} INFO - [2022-08-23 00:10:20,876] {dag.py:2420} INFO - Sync 1 DAGs
[2022-08-23 00:10:20,987] {logging_mixin.py:115} INFO - [2022-08-23 00:10:20,987] {dag.py:2972} INFO - Setting next_dagrun for user_processing to 2022-08-23T00:00:00+00:00, run_after=2022-08-24T00:00:00+00:00
[2022-08-23 00:10:21,036] {processor.py:161} INFO - Processing /opt/airflow/dags/user-processing.py took 1.114 seconds
[2022-08-23 00:10:51,376] {processor.py:153} INFO - Started process (PID=96655) to work on /opt/airflow/dags/user-processing.py
[2022-08-23 00:10:51,378] {processor.py:641} INFO - Processing file /opt/airflow/dags/user-processing.py for tasks to queue
[2022-08-23 00:10:51,382] {logging_mixin.py:115} INFO - [2022-08-23 00:10:51,382] {dagbag.py:508} INFO - Filling up the DagBag from /opt/airflow/dags/user-processing.py
[2022-08-23 00:10:51,982] {processor.py:651} INFO - DAG(s) dict_keys(['user_processing']) retrieved from /opt/airflow/dags/user-processing.py
[2022-08-23 00:10:52,033] {logging_mixin.py:115} INFO - [2022-08-23 00:10:52,032] {dag.py:2420} INFO - Sync 1 DAGs
[2022-08-23 00:10:52,064] {logging_mixin.py:115} INFO - [2022-08-23 00:10:52,064] {dag.py:2972} INFO - Setting next_dagrun for user_processing to 2022-08-23T00:00:00+00:00, run_after=2022-08-24T00:00:00+00:00
[2022-08-23 00:10:52,082] {processor.py:161} INFO - Processing /opt/airflow/dags/user-processing.py took 0.714 seconds
[2022-08-23 00:11:22,846] {processor.py:153} INFO - Started process (PID=96856) to work on /opt/airflow/dags/user-processing.py
[2022-08-23 00:11:22,848] {processor.py:641} INFO - Processing file /opt/airflow/dags/user-processing.py for tasks to queue
[2022-08-23 00:11:22,862] {logging_mixin.py:115} INFO - [2022-08-23 00:11:22,861] {dagbag.py:508} INFO - Filling up the DagBag from /opt/airflow/dags/user-processing.py
[2022-08-23 00:11:24,240] {processor.py:651} INFO - DAG(s) dict_keys(['user_processing']) retrieved from /opt/airflow/dags/user-processing.py
[2022-08-23 00:11:24,372] {logging_mixin.py:115} INFO - [2022-08-23 00:11:24,372] {dag.py:2420} INFO - Sync 1 DAGs
[2022-08-23 00:11:24,457] {logging_mixin.py:115} INFO - [2022-08-23 00:11:24,457] {dag.py:2972} INFO - Setting next_dagrun for user_processing to 2022-08-23T00:00:00+00:00, run_after=2022-08-24T00:00:00+00:00
[2022-08-23 00:11:24,489] {processor.py:161} INFO - Processing /opt/airflow/dags/user-processing.py took 1.670 seconds
[2022-08-23 00:11:54,813] {processor.py:153} INFO - Started process (PID=97058) to work on /opt/airflow/dags/user-processing.py
[2022-08-23 00:11:54,816] {processor.py:641} INFO - Processing file /opt/airflow/dags/user-processing.py for tasks to queue
[2022-08-23 00:11:54,819] {logging_mixin.py:115} INFO - [2022-08-23 00:11:54,818] {dagbag.py:508} INFO - Filling up the DagBag from /opt/airflow/dags/user-processing.py
[2022-08-23 00:11:56,016] {processor.py:651} INFO - DAG(s) dict_keys(['user_processing']) retrieved from /opt/airflow/dags/user-processing.py
[2022-08-23 00:11:56,083] {logging_mixin.py:115} INFO - [2022-08-23 00:11:56,082] {dag.py:2420} INFO - Sync 1 DAGs
[2022-08-23 00:11:56,148] {logging_mixin.py:115} INFO - [2022-08-23 00:11:56,147] {dag.py:2972} INFO - Setting next_dagrun for user_processing to 2022-08-23T00:00:00+00:00, run_after=2022-08-24T00:00:00+00:00
[2022-08-23 00:11:56,186] {processor.py:161} INFO - Processing /opt/airflow/dags/user-processing.py took 1.405 seconds
[2022-08-23 00:12:26,355] {processor.py:153} INFO - Started process (PID=97258) to work on /opt/airflow/dags/user-processing.py
[2022-08-23 00:12:26,357] {processor.py:641} INFO - Processing file /opt/airflow/dags/user-processing.py for tasks to queue
[2022-08-23 00:12:26,360] {logging_mixin.py:115} INFO - [2022-08-23 00:12:26,360] {dagbag.py:508} INFO - Filling up the DagBag from /opt/airflow/dags/user-processing.py
[2022-08-23 00:12:27,076] {processor.py:651} INFO - DAG(s) dict_keys(['user_processing']) retrieved from /opt/airflow/dags/user-processing.py
[2022-08-23 00:12:27,214] {logging_mixin.py:115} INFO - [2022-08-23 00:12:27,214] {dag.py:2420} INFO - Sync 1 DAGs
[2022-08-23 00:12:27,271] {logging_mixin.py:115} INFO - [2022-08-23 00:12:27,271] {dag.py:2972} INFO - Setting next_dagrun for user_processing to 2022-08-23T00:00:00+00:00, run_after=2022-08-24T00:00:00+00:00
[2022-08-23 00:12:27,296] {processor.py:161} INFO - Processing /opt/airflow/dags/user-processing.py took 0.948 seconds
[2022-08-23 00:12:58,063] {processor.py:153} INFO - Started process (PID=97452) to work on /opt/airflow/dags/user-processing.py
[2022-08-23 00:12:58,071] {processor.py:641} INFO - Processing file /opt/airflow/dags/user-processing.py for tasks to queue
[2022-08-23 00:12:58,078] {logging_mixin.py:115} INFO - [2022-08-23 00:12:58,077] {dagbag.py:508} INFO - Filling up the DagBag from /opt/airflow/dags/user-processing.py
[2022-08-23 00:12:59,359] {processor.py:651} INFO - DAG(s) dict_keys(['user_processing']) retrieved from /opt/airflow/dags/user-processing.py
[2022-08-23 00:12:59,553] {logging_mixin.py:115} INFO - [2022-08-23 00:12:59,551] {dag.py:2420} INFO - Sync 1 DAGs
[2022-08-23 00:12:59,651] {logging_mixin.py:115} INFO - [2022-08-23 00:12:59,651] {dag.py:2972} INFO - Setting next_dagrun for user_processing to 2022-08-23T00:00:00+00:00, run_after=2022-08-24T00:00:00+00:00
[2022-08-23 00:12:59,719] {processor.py:161} INFO - Processing /opt/airflow/dags/user-processing.py took 1.669 seconds
[2022-08-23 00:13:30,271] {processor.py:153} INFO - Started process (PID=97654) to work on /opt/airflow/dags/user-processing.py
[2022-08-23 00:13:30,276] {processor.py:641} INFO - Processing file /opt/airflow/dags/user-processing.py for tasks to queue
[2022-08-23 00:13:30,306] {logging_mixin.py:115} INFO - [2022-08-23 00:13:30,306] {dagbag.py:508} INFO - Filling up the DagBag from /opt/airflow/dags/user-processing.py
[2022-08-23 00:13:31,202] {processor.py:651} INFO - DAG(s) dict_keys(['user_processing']) retrieved from /opt/airflow/dags/user-processing.py
[2022-08-23 00:13:31,317] {logging_mixin.py:115} INFO - [2022-08-23 00:13:31,315] {dag.py:2420} INFO - Sync 1 DAGs
[2022-08-23 00:13:31,401] {logging_mixin.py:115} INFO - [2022-08-23 00:13:31,401] {dag.py:2972} INFO - Setting next_dagrun for user_processing to 2022-08-23T00:00:00+00:00, run_after=2022-08-24T00:00:00+00:00
[2022-08-23 00:13:31,455] {processor.py:161} INFO - Processing /opt/airflow/dags/user-processing.py took 1.253 seconds
[2022-08-23 00:14:01,967] {processor.py:153} INFO - Started process (PID=97851) to work on /opt/airflow/dags/user-processing.py
[2022-08-23 00:14:01,969] {processor.py:641} INFO - Processing file /opt/airflow/dags/user-processing.py for tasks to queue
[2022-08-23 00:14:01,970] {logging_mixin.py:115} INFO - [2022-08-23 00:14:01,970] {dagbag.py:508} INFO - Filling up the DagBag from /opt/airflow/dags/user-processing.py
[2022-08-23 00:14:02,550] {processor.py:651} INFO - DAG(s) dict_keys(['user_processing']) retrieved from /opt/airflow/dags/user-processing.py
[2022-08-23 00:14:02,601] {logging_mixin.py:115} INFO - [2022-08-23 00:14:02,601] {dag.py:2420} INFO - Sync 1 DAGs
[2022-08-23 00:14:02,632] {logging_mixin.py:115} INFO - [2022-08-23 00:14:02,632] {dag.py:2972} INFO - Setting next_dagrun for user_processing to 2022-08-23T00:00:00+00:00, run_after=2022-08-24T00:00:00+00:00
[2022-08-23 00:14:02,650] {processor.py:161} INFO - Processing /opt/airflow/dags/user-processing.py took 0.688 seconds
[2022-08-23 00:14:32,917] {processor.py:153} INFO - Started process (PID=98046) to work on /opt/airflow/dags/user-processing.py
[2022-08-23 00:14:32,919] {processor.py:641} INFO - Processing file /opt/airflow/dags/user-processing.py for tasks to queue
[2022-08-23 00:14:32,922] {logging_mixin.py:115} INFO - [2022-08-23 00:14:32,922] {dagbag.py:508} INFO - Filling up the DagBag from /opt/airflow/dags/user-processing.py
[2022-08-23 00:14:33,587] {processor.py:651} INFO - DAG(s) dict_keys(['user_processing']) retrieved from /opt/airflow/dags/user-processing.py
[2022-08-23 00:14:33,640] {logging_mixin.py:115} INFO - [2022-08-23 00:14:33,640] {dag.py:2420} INFO - Sync 1 DAGs
[2022-08-23 00:14:33,677] {logging_mixin.py:115} INFO - [2022-08-23 00:14:33,677] {dag.py:2972} INFO - Setting next_dagrun for user_processing to 2022-08-23T00:00:00+00:00, run_after=2022-08-24T00:00:00+00:00
[2022-08-23 00:14:33,696] {processor.py:161} INFO - Processing /opt/airflow/dags/user-processing.py took 0.787 seconds
[2022-08-23 00:15:04,116] {processor.py:153} INFO - Started process (PID=98249) to work on /opt/airflow/dags/user-processing.py
[2022-08-23 00:15:04,122] {processor.py:641} INFO - Processing file /opt/airflow/dags/user-processing.py for tasks to queue
[2022-08-23 00:15:04,125] {logging_mixin.py:115} INFO - [2022-08-23 00:15:04,124] {dagbag.py:508} INFO - Filling up the DagBag from /opt/airflow/dags/user-processing.py
[2022-08-23 00:15:06,308] {processor.py:651} INFO - DAG(s) dict_keys(['user_processing']) retrieved from /opt/airflow/dags/user-processing.py
[2022-08-23 00:15:06,373] {logging_mixin.py:115} INFO - [2022-08-23 00:15:06,372] {dag.py:2420} INFO - Sync 1 DAGs
[2022-08-23 00:15:06,415] {logging_mixin.py:115} INFO - [2022-08-23 00:15:06,414] {dag.py:2972} INFO - Setting next_dagrun for user_processing to 2022-08-23T00:00:00+00:00, run_after=2022-08-24T00:00:00+00:00
[2022-08-23 00:15:06,438] {processor.py:161} INFO - Processing /opt/airflow/dags/user-processing.py took 2.343 seconds
[2022-08-23 00:15:37,268] {processor.py:153} INFO - Started process (PID=98454) to work on /opt/airflow/dags/user-processing.py
[2022-08-23 00:15:37,272] {processor.py:641} INFO - Processing file /opt/airflow/dags/user-processing.py for tasks to queue
[2022-08-23 00:15:37,274] {logging_mixin.py:115} INFO - [2022-08-23 00:15:37,274] {dagbag.py:508} INFO - Filling up the DagBag from /opt/airflow/dags/user-processing.py
[2022-08-23 00:15:37,967] {processor.py:651} INFO - DAG(s) dict_keys(['user_processing']) retrieved from /opt/airflow/dags/user-processing.py
[2022-08-23 00:15:38,039] {logging_mixin.py:115} INFO - [2022-08-23 00:15:38,038] {dag.py:2420} INFO - Sync 1 DAGs
[2022-08-23 00:15:38,098] {logging_mixin.py:115} INFO - [2022-08-23 00:15:38,098] {dag.py:2972} INFO - Setting next_dagrun for user_processing to 2022-08-23T00:00:00+00:00, run_after=2022-08-24T00:00:00+00:00
[2022-08-23 00:15:38,123] {processor.py:161} INFO - Processing /opt/airflow/dags/user-processing.py took 0.861 seconds
[2022-08-23 00:16:08,305] {processor.py:153} INFO - Started process (PID=98653) to work on /opt/airflow/dags/user-processing.py
[2022-08-23 00:16:08,307] {processor.py:641} INFO - Processing file /opt/airflow/dags/user-processing.py for tasks to queue
[2022-08-23 00:16:08,310] {logging_mixin.py:115} INFO - [2022-08-23 00:16:08,310] {dagbag.py:508} INFO - Filling up the DagBag from /opt/airflow/dags/user-processing.py
[2022-08-23 00:16:10,541] {processor.py:651} INFO - DAG(s) dict_keys(['user_processing']) retrieved from /opt/airflow/dags/user-processing.py
[2022-08-23 00:16:11,320] {logging_mixin.py:115} INFO - [2022-08-23 00:16:11,318] {dag.py:2420} INFO - Sync 1 DAGs
[2022-08-23 00:16:11,446] {logging_mixin.py:115} INFO - [2022-08-23 00:16:11,446] {dag.py:2972} INFO - Setting next_dagrun for user_processing to 2022-08-23T00:00:00+00:00, run_after=2022-08-24T00:00:00+00:00
[2022-08-23 00:16:11,551] {processor.py:161} INFO - Processing /opt/airflow/dags/user-processing.py took 3.253 seconds
[2022-08-23 00:16:42,332] {processor.py:153} INFO - Started process (PID=98861) to work on /opt/airflow/dags/user-processing.py
[2022-08-23 00:16:42,347] {processor.py:641} INFO - Processing file /opt/airflow/dags/user-processing.py for tasks to queue
[2022-08-23 00:16:42,361] {logging_mixin.py:115} INFO - [2022-08-23 00:16:42,361] {dagbag.py:508} INFO - Filling up the DagBag from /opt/airflow/dags/user-processing.py
[2022-08-23 00:16:43,400] {processor.py:651} INFO - DAG(s) dict_keys(['user_processing']) retrieved from /opt/airflow/dags/user-processing.py
[2022-08-23 00:16:43,477] {logging_mixin.py:115} INFO - [2022-08-23 00:16:43,476] {dag.py:2420} INFO - Sync 1 DAGs
[2022-08-23 00:16:43,522] {logging_mixin.py:115} INFO - [2022-08-23 00:16:43,521] {dag.py:2972} INFO - Setting next_dagrun for user_processing to 2022-08-23T00:00:00+00:00, run_after=2022-08-24T00:00:00+00:00
[2022-08-23 00:16:43,553] {processor.py:161} INFO - Processing /opt/airflow/dags/user-processing.py took 1.235 seconds
[2022-08-23 00:17:14,081] {processor.py:153} INFO - Started process (PID=99055) to work on /opt/airflow/dags/user-processing.py
[2022-08-23 00:17:14,085] {processor.py:641} INFO - Processing file /opt/airflow/dags/user-processing.py for tasks to queue
[2022-08-23 00:17:14,090] {logging_mixin.py:115} INFO - [2022-08-23 00:17:14,089] {dagbag.py:508} INFO - Filling up the DagBag from /opt/airflow/dags/user-processing.py
[2022-08-23 00:17:18,613] {processor.py:651} INFO - DAG(s) dict_keys(['user_processing']) retrieved from /opt/airflow/dags/user-processing.py
[2022-08-23 00:17:18,783] {logging_mixin.py:115} INFO - [2022-08-23 00:17:18,782] {dag.py:2420} INFO - Sync 1 DAGs
[2022-08-23 00:17:18,882] {logging_mixin.py:115} INFO - [2022-08-23 00:17:18,882] {dag.py:2972} INFO - Setting next_dagrun for user_processing to 2022-08-23T00:00:00+00:00, run_after=2022-08-24T00:00:00+00:00
[2022-08-23 00:17:18,916] {processor.py:161} INFO - Processing /opt/airflow/dags/user-processing.py took 4.850 seconds
[2022-08-23 00:17:49,925] {processor.py:153} INFO - Started process (PID=99264) to work on /opt/airflow/dags/user-processing.py
[2022-08-23 00:17:49,927] {processor.py:641} INFO - Processing file /opt/airflow/dags/user-processing.py for tasks to queue
[2022-08-23 00:17:49,930] {logging_mixin.py:115} INFO - [2022-08-23 00:17:49,930] {dagbag.py:508} INFO - Filling up the DagBag from /opt/airflow/dags/user-processing.py
[2022-08-23 00:17:51,113] {processor.py:651} INFO - DAG(s) dict_keys(['user_processing']) retrieved from /opt/airflow/dags/user-processing.py
[2022-08-23 00:17:51,257] {logging_mixin.py:115} INFO - [2022-08-23 00:17:51,256] {dag.py:2420} INFO - Sync 1 DAGs
[2022-08-23 00:17:51,302] {logging_mixin.py:115} INFO - [2022-08-23 00:17:51,302] {dag.py:2972} INFO - Setting next_dagrun for user_processing to 2022-08-23T00:00:00+00:00, run_after=2022-08-24T00:00:00+00:00
[2022-08-23 00:17:51,324] {processor.py:161} INFO - Processing /opt/airflow/dags/user-processing.py took 1.406 seconds
[2022-08-23 00:18:21,958] {processor.py:153} INFO - Started process (PID=99477) to work on /opt/airflow/dags/user-processing.py
[2022-08-23 00:18:21,964] {processor.py:641} INFO - Processing file /opt/airflow/dags/user-processing.py for tasks to queue
[2022-08-23 00:18:21,976] {logging_mixin.py:115} INFO - [2022-08-23 00:18:21,975] {dagbag.py:508} INFO - Filling up the DagBag from /opt/airflow/dags/user-processing.py
[2022-08-23 00:18:22,731] {processor.py:651} INFO - DAG(s) dict_keys(['user_processing']) retrieved from /opt/airflow/dags/user-processing.py
[2022-08-23 00:18:22,800] {logging_mixin.py:115} INFO - [2022-08-23 00:18:22,800] {dag.py:2420} INFO - Sync 1 DAGs
[2022-08-23 00:18:22,834] {logging_mixin.py:115} INFO - [2022-08-23 00:18:22,834] {dag.py:2972} INFO - Setting next_dagrun for user_processing to 2022-08-23T00:00:00+00:00, run_after=2022-08-24T00:00:00+00:00
[2022-08-23 00:18:22,854] {processor.py:161} INFO - Processing /opt/airflow/dags/user-processing.py took 0.911 seconds
[2022-08-23 00:18:53,056] {processor.py:153} INFO - Started process (PID=99678) to work on /opt/airflow/dags/user-processing.py
[2022-08-23 00:18:53,059] {processor.py:641} INFO - Processing file /opt/airflow/dags/user-processing.py for tasks to queue
[2022-08-23 00:18:53,062] {logging_mixin.py:115} INFO - [2022-08-23 00:18:53,062] {dagbag.py:508} INFO - Filling up the DagBag from /opt/airflow/dags/user-processing.py
[2022-08-23 00:18:53,659] {processor.py:651} INFO - DAG(s) dict_keys(['user_processing']) retrieved from /opt/airflow/dags/user-processing.py
[2022-08-23 00:18:53,715] {logging_mixin.py:115} INFO - [2022-08-23 00:18:53,714] {dag.py:2420} INFO - Sync 1 DAGs
[2022-08-23 00:18:53,748] {logging_mixin.py:115} INFO - [2022-08-23 00:18:53,747] {dag.py:2972} INFO - Setting next_dagrun for user_processing to 2022-08-23T00:00:00+00:00, run_after=2022-08-24T00:00:00+00:00
[2022-08-23 00:18:53,775] {processor.py:161} INFO - Processing /opt/airflow/dags/user-processing.py took 0.728 seconds
[2022-08-23 00:19:23,873] {processor.py:153} INFO - Started process (PID=99883) to work on /opt/airflow/dags/user-processing.py
[2022-08-23 00:19:23,876] {processor.py:641} INFO - Processing file /opt/airflow/dags/user-processing.py for tasks to queue
[2022-08-23 00:19:23,878] {logging_mixin.py:115} INFO - [2022-08-23 00:19:23,878] {dagbag.py:508} INFO - Filling up the DagBag from /opt/airflow/dags/user-processing.py
[2022-08-23 00:19:24,430] {processor.py:651} INFO - DAG(s) dict_keys(['user_processing']) retrieved from /opt/airflow/dags/user-processing.py
[2022-08-23 00:19:24,478] {logging_mixin.py:115} INFO - [2022-08-23 00:19:24,477] {dag.py:2420} INFO - Sync 1 DAGs
[2022-08-23 00:19:24,508] {logging_mixin.py:115} INFO - [2022-08-23 00:19:24,508] {dag.py:2972} INFO - Setting next_dagrun for user_processing to 2022-08-23T00:00:00+00:00, run_after=2022-08-24T00:00:00+00:00
[2022-08-23 00:19:24,525] {processor.py:161} INFO - Processing /opt/airflow/dags/user-processing.py took 0.659 seconds
[2022-08-23 00:19:54,788] {processor.py:153} INFO - Started process (PID=377) to work on /opt/airflow/dags/user-processing.py
[2022-08-23 00:19:54,791] {processor.py:641} INFO - Processing file /opt/airflow/dags/user-processing.py for tasks to queue
[2022-08-23 00:19:54,795] {logging_mixin.py:115} INFO - [2022-08-23 00:19:54,795] {dagbag.py:508} INFO - Filling up the DagBag from /opt/airflow/dags/user-processing.py
[2022-08-23 00:19:56,273] {processor.py:651} INFO - DAG(s) dict_keys(['user_processing']) retrieved from /opt/airflow/dags/user-processing.py
[2022-08-23 00:19:56,350] {logging_mixin.py:115} INFO - [2022-08-23 00:19:56,350] {dag.py:2420} INFO - Sync 1 DAGs
[2022-08-23 00:19:56,396] {logging_mixin.py:115} INFO - [2022-08-23 00:19:56,396] {dag.py:2972} INFO - Setting next_dagrun for user_processing to 2022-08-23T00:00:00+00:00, run_after=2022-08-24T00:00:00+00:00
[2022-08-23 00:19:56,420] {processor.py:161} INFO - Processing /opt/airflow/dags/user-processing.py took 1.663 seconds
[2022-08-23 00:20:26,646] {processor.py:153} INFO - Started process (PID=596) to work on /opt/airflow/dags/user-processing.py
[2022-08-23 00:20:26,650] {processor.py:641} INFO - Processing file /opt/airflow/dags/user-processing.py for tasks to queue
[2022-08-23 00:20:26,652] {logging_mixin.py:115} INFO - [2022-08-23 00:20:26,651] {dagbag.py:508} INFO - Filling up the DagBag from /opt/airflow/dags/user-processing.py
[2022-08-23 00:20:27,222] {processor.py:651} INFO - DAG(s) dict_keys(['user_processing']) retrieved from /opt/airflow/dags/user-processing.py
[2022-08-23 00:20:27,275] {logging_mixin.py:115} INFO - [2022-08-23 00:20:27,274] {dag.py:2420} INFO - Sync 1 DAGs
[2022-08-23 00:20:27,307] {logging_mixin.py:115} INFO - [2022-08-23 00:20:27,307] {dag.py:2972} INFO - Setting next_dagrun for user_processing to 2022-08-23T00:00:00+00:00, run_after=2022-08-24T00:00:00+00:00
[2022-08-23 00:20:27,327] {processor.py:161} INFO - Processing /opt/airflow/dags/user-processing.py took 0.687 seconds
[2022-08-23 00:20:57,705] {processor.py:153} INFO - Started process (PID=790) to work on /opt/airflow/dags/user-processing.py
[2022-08-23 00:20:57,716] {processor.py:641} INFO - Processing file /opt/airflow/dags/user-processing.py for tasks to queue
[2022-08-23 00:20:57,718] {logging_mixin.py:115} INFO - [2022-08-23 00:20:57,718] {dagbag.py:508} INFO - Filling up the DagBag from /opt/airflow/dags/user-processing.py
[2022-08-23 00:20:58,468] {processor.py:651} INFO - DAG(s) dict_keys(['user_processing']) retrieved from /opt/airflow/dags/user-processing.py
[2022-08-23 00:20:58,540] {logging_mixin.py:115} INFO - [2022-08-23 00:20:58,539] {dag.py:2420} INFO - Sync 1 DAGs
[2022-08-23 00:20:58,578] {logging_mixin.py:115} INFO - [2022-08-23 00:20:58,577] {dag.py:2972} INFO - Setting next_dagrun for user_processing to 2022-08-23T00:00:00+00:00, run_after=2022-08-24T00:00:00+00:00
[2022-08-23 00:20:58,599] {processor.py:161} INFO - Processing /opt/airflow/dags/user-processing.py took 0.911 seconds
