[2022-08-23 00:00:33,016] {processor.py:153} INFO - Started process (PID=92777) to work on /home/airflow/.local/lib/python3.7/site-packages/airflow/example_dags/example_skip_dag.py
[2022-08-23 00:00:33,019] {processor.py:641} INFO - Processing file /home/airflow/.local/lib/python3.7/site-packages/airflow/example_dags/example_skip_dag.py for tasks to queue
[2022-08-23 00:00:33,020] {logging_mixin.py:115} INFO - [2022-08-23 00:00:33,020] {dagbag.py:508} INFO - Filling up the DagBag from /home/airflow/.local/lib/python3.7/site-packages/airflow/example_dags/example_skip_dag.py
[2022-08-23 00:00:33,042] {processor.py:651} INFO - DAG(s) dict_keys(['example_skip_dag']) retrieved from /home/airflow/.local/lib/python3.7/site-packages/airflow/example_dags/example_skip_dag.py
[2022-08-23 00:00:33,190] {logging_mixin.py:115} INFO - [2022-08-23 00:00:33,190] {dag.py:2420} INFO - Sync 1 DAGs
[2022-08-23 00:00:33,267] {logging_mixin.py:115} INFO - [2022-08-23 00:00:33,267] {dag.py:2972} INFO - Setting next_dagrun for example_skip_dag to 2022-08-22T00:00:33.266125+00:00, run_after=2022-08-23T00:00:33.266125+00:00
[2022-08-23 00:00:33,314] {processor.py:161} INFO - Processing /home/airflow/.local/lib/python3.7/site-packages/airflow/example_dags/example_skip_dag.py took 0.304 seconds
[2022-08-23 00:01:04,161] {processor.py:153} INFO - Started process (PID=92975) to work on /home/airflow/.local/lib/python3.7/site-packages/airflow/example_dags/example_skip_dag.py
[2022-08-23 00:01:04,164] {processor.py:641} INFO - Processing file /home/airflow/.local/lib/python3.7/site-packages/airflow/example_dags/example_skip_dag.py for tasks to queue
[2022-08-23 00:01:04,168] {logging_mixin.py:115} INFO - [2022-08-23 00:01:04,168] {dagbag.py:508} INFO - Filling up the DagBag from /home/airflow/.local/lib/python3.7/site-packages/airflow/example_dags/example_skip_dag.py
[2022-08-23 00:01:04,183] {processor.py:651} INFO - DAG(s) dict_keys(['example_skip_dag']) retrieved from /home/airflow/.local/lib/python3.7/site-packages/airflow/example_dags/example_skip_dag.py
[2022-08-23 00:01:04,234] {logging_mixin.py:115} INFO - [2022-08-23 00:01:04,234] {dag.py:2420} INFO - Sync 1 DAGs
[2022-08-23 00:01:04,274] {logging_mixin.py:115} INFO - [2022-08-23 00:01:04,274] {dag.py:2972} INFO - Setting next_dagrun for example_skip_dag to 2022-08-22T00:01:04.273733+00:00, run_after=2022-08-23T00:01:04.273733+00:00
[2022-08-23 00:01:04,292] {processor.py:161} INFO - Processing /home/airflow/.local/lib/python3.7/site-packages/airflow/example_dags/example_skip_dag.py took 0.148 seconds
[2022-08-23 00:01:34,774] {processor.py:153} INFO - Started process (PID=93177) to work on /home/airflow/.local/lib/python3.7/site-packages/airflow/example_dags/example_skip_dag.py
[2022-08-23 00:01:34,777] {processor.py:641} INFO - Processing file /home/airflow/.local/lib/python3.7/site-packages/airflow/example_dags/example_skip_dag.py for tasks to queue
[2022-08-23 00:01:34,780] {logging_mixin.py:115} INFO - [2022-08-23 00:01:34,780] {dagbag.py:508} INFO - Filling up the DagBag from /home/airflow/.local/lib/python3.7/site-packages/airflow/example_dags/example_skip_dag.py
[2022-08-23 00:01:34,794] {processor.py:651} INFO - DAG(s) dict_keys(['example_skip_dag']) retrieved from /home/airflow/.local/lib/python3.7/site-packages/airflow/example_dags/example_skip_dag.py
[2022-08-23 00:01:34,884] {logging_mixin.py:115} INFO - [2022-08-23 00:01:34,884] {dag.py:2420} INFO - Sync 1 DAGs
[2022-08-23 00:01:35,022] {logging_mixin.py:115} INFO - [2022-08-23 00:01:35,022] {dag.py:2972} INFO - Setting next_dagrun for example_skip_dag to 2022-08-22T00:01:35.022209+00:00, run_after=2022-08-23T00:01:35.022209+00:00
[2022-08-23 00:01:35,104] {processor.py:161} INFO - Processing /home/airflow/.local/lib/python3.7/site-packages/airflow/example_dags/example_skip_dag.py took 0.335 seconds
[2022-08-23 00:02:05,945] {processor.py:153} INFO - Started process (PID=93368) to work on /home/airflow/.local/lib/python3.7/site-packages/airflow/example_dags/example_skip_dag.py
[2022-08-23 00:02:05,962] {processor.py:641} INFO - Processing file /home/airflow/.local/lib/python3.7/site-packages/airflow/example_dags/example_skip_dag.py for tasks to queue
[2022-08-23 00:02:05,992] {logging_mixin.py:115} INFO - [2022-08-23 00:02:05,991] {dagbag.py:508} INFO - Filling up the DagBag from /home/airflow/.local/lib/python3.7/site-packages/airflow/example_dags/example_skip_dag.py
[2022-08-23 00:02:06,067] {processor.py:651} INFO - DAG(s) dict_keys(['example_skip_dag']) retrieved from /home/airflow/.local/lib/python3.7/site-packages/airflow/example_dags/example_skip_dag.py
[2022-08-23 00:02:06,168] {logging_mixin.py:115} INFO - [2022-08-23 00:02:06,168] {dag.py:2420} INFO - Sync 1 DAGs
[2022-08-23 00:02:06,257] {logging_mixin.py:115} INFO - [2022-08-23 00:02:06,256] {dag.py:2972} INFO - Setting next_dagrun for example_skip_dag to 2022-08-22T00:02:06.256348+00:00, run_after=2022-08-23T00:02:06.256348+00:00
[2022-08-23 00:02:06,294] {processor.py:161} INFO - Processing /home/airflow/.local/lib/python3.7/site-packages/airflow/example_dags/example_skip_dag.py took 0.382 seconds
[2022-08-23 00:02:37,149] {processor.py:153} INFO - Started process (PID=93564) to work on /home/airflow/.local/lib/python3.7/site-packages/airflow/example_dags/example_skip_dag.py
[2022-08-23 00:02:37,151] {processor.py:641} INFO - Processing file /home/airflow/.local/lib/python3.7/site-packages/airflow/example_dags/example_skip_dag.py for tasks to queue
[2022-08-23 00:02:37,161] {logging_mixin.py:115} INFO - [2022-08-23 00:02:37,160] {dagbag.py:508} INFO - Filling up the DagBag from /home/airflow/.local/lib/python3.7/site-packages/airflow/example_dags/example_skip_dag.py
[2022-08-23 00:02:37,178] {processor.py:651} INFO - DAG(s) dict_keys(['example_skip_dag']) retrieved from /home/airflow/.local/lib/python3.7/site-packages/airflow/example_dags/example_skip_dag.py
[2022-08-23 00:02:37,300] {logging_mixin.py:115} INFO - [2022-08-23 00:02:37,300] {dag.py:2420} INFO - Sync 1 DAGs
[2022-08-23 00:02:37,364] {logging_mixin.py:115} INFO - [2022-08-23 00:02:37,364] {dag.py:2972} INFO - Setting next_dagrun for example_skip_dag to 2022-08-22T00:02:37.363660+00:00, run_after=2022-08-23T00:02:37.363660+00:00
[2022-08-23 00:02:37,429] {processor.py:161} INFO - Processing /home/airflow/.local/lib/python3.7/site-packages/airflow/example_dags/example_skip_dag.py took 0.289 seconds
[2022-08-23 00:03:08,222] {processor.py:153} INFO - Started process (PID=93757) to work on /home/airflow/.local/lib/python3.7/site-packages/airflow/example_dags/example_skip_dag.py
[2022-08-23 00:03:08,225] {processor.py:641} INFO - Processing file /home/airflow/.local/lib/python3.7/site-packages/airflow/example_dags/example_skip_dag.py for tasks to queue
[2022-08-23 00:03:08,228] {logging_mixin.py:115} INFO - [2022-08-23 00:03:08,227] {dagbag.py:508} INFO - Filling up the DagBag from /home/airflow/.local/lib/python3.7/site-packages/airflow/example_dags/example_skip_dag.py
[2022-08-23 00:03:08,247] {processor.py:651} INFO - DAG(s) dict_keys(['example_skip_dag']) retrieved from /home/airflow/.local/lib/python3.7/site-packages/airflow/example_dags/example_skip_dag.py
[2022-08-23 00:03:08,305] {logging_mixin.py:115} INFO - [2022-08-23 00:03:08,304] {dag.py:2420} INFO - Sync 1 DAGs
[2022-08-23 00:03:08,352] {logging_mixin.py:115} INFO - [2022-08-23 00:03:08,352] {dag.py:2972} INFO - Setting next_dagrun for example_skip_dag to 2022-08-22T00:03:08.352199+00:00, run_after=2022-08-23T00:03:08.352199+00:00
[2022-08-23 00:03:08,402] {processor.py:161} INFO - Processing /home/airflow/.local/lib/python3.7/site-packages/airflow/example_dags/example_skip_dag.py took 0.189 seconds
[2022-08-23 00:03:41,384] {processor.py:153} INFO - Started process (PID=93952) to work on /home/airflow/.local/lib/python3.7/site-packages/airflow/example_dags/example_skip_dag.py
[2022-08-23 00:03:41,390] {processor.py:641} INFO - Processing file /home/airflow/.local/lib/python3.7/site-packages/airflow/example_dags/example_skip_dag.py for tasks to queue
[2022-08-23 00:03:41,402] {logging_mixin.py:115} INFO - [2022-08-23 00:03:41,398] {dagbag.py:508} INFO - Filling up the DagBag from /home/airflow/.local/lib/python3.7/site-packages/airflow/example_dags/example_skip_dag.py
[2022-08-23 00:03:41,479] {processor.py:651} INFO - DAG(s) dict_keys(['example_skip_dag']) retrieved from /home/airflow/.local/lib/python3.7/site-packages/airflow/example_dags/example_skip_dag.py
[2022-08-23 00:03:41,907] {logging_mixin.py:115} INFO - [2022-08-23 00:03:41,906] {dag.py:2420} INFO - Sync 1 DAGs
[2022-08-23 00:03:42,052] {logging_mixin.py:115} INFO - [2022-08-23 00:03:42,052] {dag.py:2972} INFO - Setting next_dagrun for example_skip_dag to 2022-08-22T00:03:42.051436+00:00, run_after=2022-08-23T00:03:42.051436+00:00
[2022-08-23 00:03:42,351] {processor.py:161} INFO - Processing /home/airflow/.local/lib/python3.7/site-packages/airflow/example_dags/example_skip_dag.py took 0.981 seconds
[2022-08-23 00:04:12,471] {processor.py:153} INFO - Started process (PID=94156) to work on /home/airflow/.local/lib/python3.7/site-packages/airflow/example_dags/example_skip_dag.py
[2022-08-23 00:04:12,474] {processor.py:641} INFO - Processing file /home/airflow/.local/lib/python3.7/site-packages/airflow/example_dags/example_skip_dag.py for tasks to queue
[2022-08-23 00:04:12,477] {logging_mixin.py:115} INFO - [2022-08-23 00:04:12,477] {dagbag.py:508} INFO - Filling up the DagBag from /home/airflow/.local/lib/python3.7/site-packages/airflow/example_dags/example_skip_dag.py
[2022-08-23 00:04:12,500] {processor.py:651} INFO - DAG(s) dict_keys(['example_skip_dag']) retrieved from /home/airflow/.local/lib/python3.7/site-packages/airflow/example_dags/example_skip_dag.py
[2022-08-23 00:04:12,566] {logging_mixin.py:115} INFO - [2022-08-23 00:04:12,566] {dag.py:2420} INFO - Sync 1 DAGs
[2022-08-23 00:04:12,673] {logging_mixin.py:115} INFO - [2022-08-23 00:04:12,673] {dag.py:2972} INFO - Setting next_dagrun for example_skip_dag to 2022-08-22T00:04:12.673196+00:00, run_after=2022-08-23T00:04:12.673196+00:00
[2022-08-23 00:04:12,705] {processor.py:161} INFO - Processing /home/airflow/.local/lib/python3.7/site-packages/airflow/example_dags/example_skip_dag.py took 0.245 seconds
[2022-08-23 00:04:43,176] {processor.py:153} INFO - Started process (PID=94351) to work on /home/airflow/.local/lib/python3.7/site-packages/airflow/example_dags/example_skip_dag.py
[2022-08-23 00:04:43,179] {processor.py:641} INFO - Processing file /home/airflow/.local/lib/python3.7/site-packages/airflow/example_dags/example_skip_dag.py for tasks to queue
[2022-08-23 00:04:43,183] {logging_mixin.py:115} INFO - [2022-08-23 00:04:43,182] {dagbag.py:508} INFO - Filling up the DagBag from /home/airflow/.local/lib/python3.7/site-packages/airflow/example_dags/example_skip_dag.py
[2022-08-23 00:04:43,196] {processor.py:651} INFO - DAG(s) dict_keys(['example_skip_dag']) retrieved from /home/airflow/.local/lib/python3.7/site-packages/airflow/example_dags/example_skip_dag.py
[2022-08-23 00:04:43,254] {logging_mixin.py:115} INFO - [2022-08-23 00:04:43,253] {dag.py:2420} INFO - Sync 1 DAGs
[2022-08-23 00:04:43,293] {logging_mixin.py:115} INFO - [2022-08-23 00:04:43,293] {dag.py:2972} INFO - Setting next_dagrun for example_skip_dag to 2022-08-22T00:04:43.292742+00:00, run_after=2022-08-23T00:04:43.292742+00:00
[2022-08-23 00:04:43,316] {processor.py:161} INFO - Processing /home/airflow/.local/lib/python3.7/site-packages/airflow/example_dags/example_skip_dag.py took 0.150 seconds
[2022-08-23 00:05:13,804] {processor.py:153} INFO - Started process (PID=94543) to work on /home/airflow/.local/lib/python3.7/site-packages/airflow/example_dags/example_skip_dag.py
[2022-08-23 00:05:13,813] {processor.py:641} INFO - Processing file /home/airflow/.local/lib/python3.7/site-packages/airflow/example_dags/example_skip_dag.py for tasks to queue
[2022-08-23 00:05:13,819] {logging_mixin.py:115} INFO - [2022-08-23 00:05:13,819] {dagbag.py:508} INFO - Filling up the DagBag from /home/airflow/.local/lib/python3.7/site-packages/airflow/example_dags/example_skip_dag.py
[2022-08-23 00:05:13,853] {processor.py:651} INFO - DAG(s) dict_keys(['example_skip_dag']) retrieved from /home/airflow/.local/lib/python3.7/site-packages/airflow/example_dags/example_skip_dag.py
[2022-08-23 00:05:13,956] {logging_mixin.py:115} INFO - [2022-08-23 00:05:13,955] {dag.py:2420} INFO - Sync 1 DAGs
[2022-08-23 00:05:14,039] {logging_mixin.py:115} INFO - [2022-08-23 00:05:14,038] {dag.py:2972} INFO - Setting next_dagrun for example_skip_dag to 2022-08-22T00:05:14.038271+00:00, run_after=2022-08-23T00:05:14.038271+00:00
[2022-08-23 00:05:14,096] {processor.py:161} INFO - Processing /home/airflow/.local/lib/python3.7/site-packages/airflow/example_dags/example_skip_dag.py took 0.308 seconds
[2022-08-23 00:05:44,264] {processor.py:153} INFO - Started process (PID=94735) to work on /home/airflow/.local/lib/python3.7/site-packages/airflow/example_dags/example_skip_dag.py
[2022-08-23 00:05:44,266] {processor.py:641} INFO - Processing file /home/airflow/.local/lib/python3.7/site-packages/airflow/example_dags/example_skip_dag.py for tasks to queue
[2022-08-23 00:05:44,269] {logging_mixin.py:115} INFO - [2022-08-23 00:05:44,269] {dagbag.py:508} INFO - Filling up the DagBag from /home/airflow/.local/lib/python3.7/site-packages/airflow/example_dags/example_skip_dag.py
[2022-08-23 00:05:44,284] {processor.py:651} INFO - DAG(s) dict_keys(['example_skip_dag']) retrieved from /home/airflow/.local/lib/python3.7/site-packages/airflow/example_dags/example_skip_dag.py
[2022-08-23 00:05:44,334] {logging_mixin.py:115} INFO - [2022-08-23 00:05:44,334] {dag.py:2420} INFO - Sync 1 DAGs
[2022-08-23 00:05:44,373] {logging_mixin.py:115} INFO - [2022-08-23 00:05:44,372] {dag.py:2972} INFO - Setting next_dagrun for example_skip_dag to 2022-08-22T00:05:44.372586+00:00, run_after=2022-08-23T00:05:44.372586+00:00
[2022-08-23 00:05:44,400] {processor.py:161} INFO - Processing /home/airflow/.local/lib/python3.7/site-packages/airflow/example_dags/example_skip_dag.py took 0.143 seconds
[2022-08-23 00:06:14,560] {processor.py:153} INFO - Started process (PID=94925) to work on /home/airflow/.local/lib/python3.7/site-packages/airflow/example_dags/example_skip_dag.py
[2022-08-23 00:06:14,566] {processor.py:641} INFO - Processing file /home/airflow/.local/lib/python3.7/site-packages/airflow/example_dags/example_skip_dag.py for tasks to queue
[2022-08-23 00:06:14,569] {logging_mixin.py:115} INFO - [2022-08-23 00:06:14,569] {dagbag.py:508} INFO - Filling up the DagBag from /home/airflow/.local/lib/python3.7/site-packages/airflow/example_dags/example_skip_dag.py
[2022-08-23 00:06:14,589] {processor.py:651} INFO - DAG(s) dict_keys(['example_skip_dag']) retrieved from /home/airflow/.local/lib/python3.7/site-packages/airflow/example_dags/example_skip_dag.py
[2022-08-23 00:06:14,654] {logging_mixin.py:115} INFO - [2022-08-23 00:06:14,653] {dag.py:2420} INFO - Sync 1 DAGs
[2022-08-23 00:06:14,700] {logging_mixin.py:115} INFO - [2022-08-23 00:06:14,700] {dag.py:2972} INFO - Setting next_dagrun for example_skip_dag to 2022-08-22T00:06:14.699665+00:00, run_after=2022-08-23T00:06:14.699665+00:00
[2022-08-23 00:06:14,728] {processor.py:161} INFO - Processing /home/airflow/.local/lib/python3.7/site-packages/airflow/example_dags/example_skip_dag.py took 0.182 seconds
[2022-08-23 00:06:45,409] {processor.py:153} INFO - Started process (PID=95130) to work on /home/airflow/.local/lib/python3.7/site-packages/airflow/example_dags/example_skip_dag.py
[2022-08-23 00:06:45,414] {processor.py:641} INFO - Processing file /home/airflow/.local/lib/python3.7/site-packages/airflow/example_dags/example_skip_dag.py for tasks to queue
[2022-08-23 00:06:45,416] {logging_mixin.py:115} INFO - [2022-08-23 00:06:45,416] {dagbag.py:508} INFO - Filling up the DagBag from /home/airflow/.local/lib/python3.7/site-packages/airflow/example_dags/example_skip_dag.py
[2022-08-23 00:06:45,430] {processor.py:651} INFO - DAG(s) dict_keys(['example_skip_dag']) retrieved from /home/airflow/.local/lib/python3.7/site-packages/airflow/example_dags/example_skip_dag.py
[2022-08-23 00:06:45,481] {logging_mixin.py:115} INFO - [2022-08-23 00:06:45,481] {dag.py:2420} INFO - Sync 1 DAGs
[2022-08-23 00:06:45,524] {logging_mixin.py:115} INFO - [2022-08-23 00:06:45,523] {dag.py:2972} INFO - Setting next_dagrun for example_skip_dag to 2022-08-22T00:06:45.523576+00:00, run_after=2022-08-23T00:06:45.523576+00:00
[2022-08-23 00:06:45,552] {processor.py:161} INFO - Processing /home/airflow/.local/lib/python3.7/site-packages/airflow/example_dags/example_skip_dag.py took 0.148 seconds
[2022-08-23 00:07:15,693] {processor.py:153} INFO - Started process (PID=95321) to work on /home/airflow/.local/lib/python3.7/site-packages/airflow/example_dags/example_skip_dag.py
[2022-08-23 00:07:15,696] {processor.py:641} INFO - Processing file /home/airflow/.local/lib/python3.7/site-packages/airflow/example_dags/example_skip_dag.py for tasks to queue
[2022-08-23 00:07:15,699] {logging_mixin.py:115} INFO - [2022-08-23 00:07:15,699] {dagbag.py:508} INFO - Filling up the DagBag from /home/airflow/.local/lib/python3.7/site-packages/airflow/example_dags/example_skip_dag.py
[2022-08-23 00:07:15,712] {processor.py:651} INFO - DAG(s) dict_keys(['example_skip_dag']) retrieved from /home/airflow/.local/lib/python3.7/site-packages/airflow/example_dags/example_skip_dag.py
[2022-08-23 00:07:15,771] {logging_mixin.py:115} INFO - [2022-08-23 00:07:15,771] {dag.py:2420} INFO - Sync 1 DAGs
[2022-08-23 00:07:15,815] {logging_mixin.py:115} INFO - [2022-08-23 00:07:15,815] {dag.py:2972} INFO - Setting next_dagrun for example_skip_dag to 2022-08-22T00:07:15.815409+00:00, run_after=2022-08-23T00:07:15.815409+00:00
[2022-08-23 00:07:15,838] {processor.py:161} INFO - Processing /home/airflow/.local/lib/python3.7/site-packages/airflow/example_dags/example_skip_dag.py took 0.153 seconds
[2022-08-23 00:07:45,968] {processor.py:153} INFO - Started process (PID=95506) to work on /home/airflow/.local/lib/python3.7/site-packages/airflow/example_dags/example_skip_dag.py
[2022-08-23 00:07:45,972] {processor.py:641} INFO - Processing file /home/airflow/.local/lib/python3.7/site-packages/airflow/example_dags/example_skip_dag.py for tasks to queue
[2022-08-23 00:07:45,976] {logging_mixin.py:115} INFO - [2022-08-23 00:07:45,976] {dagbag.py:508} INFO - Filling up the DagBag from /home/airflow/.local/lib/python3.7/site-packages/airflow/example_dags/example_skip_dag.py
[2022-08-23 00:07:46,004] {processor.py:651} INFO - DAG(s) dict_keys(['example_skip_dag']) retrieved from /home/airflow/.local/lib/python3.7/site-packages/airflow/example_dags/example_skip_dag.py
[2022-08-23 00:07:46,123] {logging_mixin.py:115} INFO - [2022-08-23 00:07:46,122] {dag.py:2420} INFO - Sync 1 DAGs
[2022-08-23 00:07:46,240] {logging_mixin.py:115} INFO - [2022-08-23 00:07:46,239] {dag.py:2972} INFO - Setting next_dagrun for example_skip_dag to 2022-08-22T00:07:46.239439+00:00, run_after=2022-08-23T00:07:46.239439+00:00
[2022-08-23 00:07:46,294] {processor.py:161} INFO - Processing /home/airflow/.local/lib/python3.7/site-packages/airflow/example_dags/example_skip_dag.py took 0.347 seconds
[2022-08-23 00:08:16,710] {processor.py:153} INFO - Started process (PID=95707) to work on /home/airflow/.local/lib/python3.7/site-packages/airflow/example_dags/example_skip_dag.py
[2022-08-23 00:08:16,713] {processor.py:641} INFO - Processing file /home/airflow/.local/lib/python3.7/site-packages/airflow/example_dags/example_skip_dag.py for tasks to queue
[2022-08-23 00:08:16,716] {logging_mixin.py:115} INFO - [2022-08-23 00:08:16,715] {dagbag.py:508} INFO - Filling up the DagBag from /home/airflow/.local/lib/python3.7/site-packages/airflow/example_dags/example_skip_dag.py
[2022-08-23 00:08:16,725] {processor.py:651} INFO - DAG(s) dict_keys(['example_skip_dag']) retrieved from /home/airflow/.local/lib/python3.7/site-packages/airflow/example_dags/example_skip_dag.py
[2022-08-23 00:08:16,815] {logging_mixin.py:115} INFO - [2022-08-23 00:08:16,814] {dag.py:2420} INFO - Sync 1 DAGs
[2022-08-23 00:08:16,868] {logging_mixin.py:115} INFO - [2022-08-23 00:08:16,867] {dag.py:2972} INFO - Setting next_dagrun for example_skip_dag to 2022-08-22T00:08:16.867504+00:00, run_after=2022-08-23T00:08:16.867504+00:00
[2022-08-23 00:08:16,893] {processor.py:161} INFO - Processing /home/airflow/.local/lib/python3.7/site-packages/airflow/example_dags/example_skip_dag.py took 0.189 seconds
[2022-08-23 00:08:47,980] {processor.py:153} INFO - Started process (PID=95904) to work on /home/airflow/.local/lib/python3.7/site-packages/airflow/example_dags/example_skip_dag.py
[2022-08-23 00:08:47,983] {processor.py:641} INFO - Processing file /home/airflow/.local/lib/python3.7/site-packages/airflow/example_dags/example_skip_dag.py for tasks to queue
[2022-08-23 00:08:47,985] {logging_mixin.py:115} INFO - [2022-08-23 00:08:47,985] {dagbag.py:508} INFO - Filling up the DagBag from /home/airflow/.local/lib/python3.7/site-packages/airflow/example_dags/example_skip_dag.py
[2022-08-23 00:08:48,012] {processor.py:651} INFO - DAG(s) dict_keys(['example_skip_dag']) retrieved from /home/airflow/.local/lib/python3.7/site-packages/airflow/example_dags/example_skip_dag.py
[2022-08-23 00:08:48,135] {logging_mixin.py:115} INFO - [2022-08-23 00:08:48,135] {dag.py:2420} INFO - Sync 1 DAGs
[2022-08-23 00:08:48,248] {logging_mixin.py:115} INFO - [2022-08-23 00:08:48,247] {dag.py:2972} INFO - Setting next_dagrun for example_skip_dag to 2022-08-22T00:08:48.247296+00:00, run_after=2022-08-23T00:08:48.247296+00:00
[2022-08-23 00:08:48,287] {processor.py:161} INFO - Processing /home/airflow/.local/lib/python3.7/site-packages/airflow/example_dags/example_skip_dag.py took 0.321 seconds
[2022-08-23 00:09:18,598] {processor.py:153} INFO - Started process (PID=96089) to work on /home/airflow/.local/lib/python3.7/site-packages/airflow/example_dags/example_skip_dag.py
[2022-08-23 00:09:18,605] {processor.py:641} INFO - Processing file /home/airflow/.local/lib/python3.7/site-packages/airflow/example_dags/example_skip_dag.py for tasks to queue
[2022-08-23 00:09:18,610] {logging_mixin.py:115} INFO - [2022-08-23 00:09:18,609] {dagbag.py:508} INFO - Filling up the DagBag from /home/airflow/.local/lib/python3.7/site-packages/airflow/example_dags/example_skip_dag.py
[2022-08-23 00:09:18,627] {processor.py:651} INFO - DAG(s) dict_keys(['example_skip_dag']) retrieved from /home/airflow/.local/lib/python3.7/site-packages/airflow/example_dags/example_skip_dag.py
[2022-08-23 00:09:18,733] {logging_mixin.py:115} INFO - [2022-08-23 00:09:18,732] {dag.py:2420} INFO - Sync 1 DAGs
[2022-08-23 00:09:18,811] {logging_mixin.py:115} INFO - [2022-08-23 00:09:18,810] {dag.py:2972} INFO - Setting next_dagrun for example_skip_dag to 2022-08-22T00:09:18.810433+00:00, run_after=2022-08-23T00:09:18.810433+00:00
[2022-08-23 00:09:18,837] {processor.py:161} INFO - Processing /home/airflow/.local/lib/python3.7/site-packages/airflow/example_dags/example_skip_dag.py took 0.254 seconds
[2022-08-23 00:09:49,746] {processor.py:153} INFO - Started process (PID=96271) to work on /home/airflow/.local/lib/python3.7/site-packages/airflow/example_dags/example_skip_dag.py
[2022-08-23 00:09:49,749] {processor.py:641} INFO - Processing file /home/airflow/.local/lib/python3.7/site-packages/airflow/example_dags/example_skip_dag.py for tasks to queue
[2022-08-23 00:09:49,757] {logging_mixin.py:115} INFO - [2022-08-23 00:09:49,754] {dagbag.py:508} INFO - Filling up the DagBag from /home/airflow/.local/lib/python3.7/site-packages/airflow/example_dags/example_skip_dag.py
[2022-08-23 00:09:49,787] {processor.py:651} INFO - DAG(s) dict_keys(['example_skip_dag']) retrieved from /home/airflow/.local/lib/python3.7/site-packages/airflow/example_dags/example_skip_dag.py
[2022-08-23 00:09:49,941] {logging_mixin.py:115} INFO - [2022-08-23 00:09:49,940] {dag.py:2420} INFO - Sync 1 DAGs
[2022-08-23 00:09:50,322] {logging_mixin.py:115} INFO - [2022-08-23 00:09:50,322] {dag.py:2972} INFO - Setting next_dagrun for example_skip_dag to 2022-08-22T00:09:50.321863+00:00, run_after=2022-08-23T00:09:50.321863+00:00
[2022-08-23 00:09:50,452] {processor.py:161} INFO - Processing /home/airflow/.local/lib/python3.7/site-packages/airflow/example_dags/example_skip_dag.py took 0.722 seconds
[2022-08-23 00:10:20,677] {processor.py:153} INFO - Started process (PID=96459) to work on /home/airflow/.local/lib/python3.7/site-packages/airflow/example_dags/example_skip_dag.py
[2022-08-23 00:10:20,681] {processor.py:641} INFO - Processing file /home/airflow/.local/lib/python3.7/site-packages/airflow/example_dags/example_skip_dag.py for tasks to queue
[2022-08-23 00:10:20,684] {logging_mixin.py:115} INFO - [2022-08-23 00:10:20,684] {dagbag.py:508} INFO - Filling up the DagBag from /home/airflow/.local/lib/python3.7/site-packages/airflow/example_dags/example_skip_dag.py
[2022-08-23 00:10:20,697] {processor.py:651} INFO - DAG(s) dict_keys(['example_skip_dag']) retrieved from /home/airflow/.local/lib/python3.7/site-packages/airflow/example_dags/example_skip_dag.py
[2022-08-23 00:10:20,818] {logging_mixin.py:115} INFO - [2022-08-23 00:10:20,818] {dag.py:2420} INFO - Sync 1 DAGs
[2022-08-23 00:10:20,890] {logging_mixin.py:115} INFO - [2022-08-23 00:10:20,889] {dag.py:2972} INFO - Setting next_dagrun for example_skip_dag to 2022-08-22T00:10:20.889638+00:00, run_after=2022-08-23T00:10:20.889638+00:00
[2022-08-23 00:10:20,946] {processor.py:161} INFO - Processing /home/airflow/.local/lib/python3.7/site-packages/airflow/example_dags/example_skip_dag.py took 0.278 seconds
[2022-08-23 00:10:51,181] {processor.py:153} INFO - Started process (PID=96650) to work on /home/airflow/.local/lib/python3.7/site-packages/airflow/example_dags/example_skip_dag.py
[2022-08-23 00:10:51,183] {processor.py:641} INFO - Processing file /home/airflow/.local/lib/python3.7/site-packages/airflow/example_dags/example_skip_dag.py for tasks to queue
[2022-08-23 00:10:51,185] {logging_mixin.py:115} INFO - [2022-08-23 00:10:51,185] {dagbag.py:508} INFO - Filling up the DagBag from /home/airflow/.local/lib/python3.7/site-packages/airflow/example_dags/example_skip_dag.py
[2022-08-23 00:10:51,194] {processor.py:651} INFO - DAG(s) dict_keys(['example_skip_dag']) retrieved from /home/airflow/.local/lib/python3.7/site-packages/airflow/example_dags/example_skip_dag.py
[2022-08-23 00:10:51,242] {logging_mixin.py:115} INFO - [2022-08-23 00:10:51,242] {dag.py:2420} INFO - Sync 1 DAGs
[2022-08-23 00:10:51,294] {logging_mixin.py:115} INFO - [2022-08-23 00:10:51,294] {dag.py:2972} INFO - Setting next_dagrun for example_skip_dag to 2022-08-22T00:10:51.293503+00:00, run_after=2022-08-23T00:10:51.293503+00:00
[2022-08-23 00:10:51,323] {processor.py:161} INFO - Processing /home/airflow/.local/lib/python3.7/site-packages/airflow/example_dags/example_skip_dag.py took 0.147 seconds
[2022-08-23 00:11:21,807] {processor.py:153} INFO - Started process (PID=96844) to work on /home/airflow/.local/lib/python3.7/site-packages/airflow/example_dags/example_skip_dag.py
[2022-08-23 00:11:21,811] {processor.py:641} INFO - Processing file /home/airflow/.local/lib/python3.7/site-packages/airflow/example_dags/example_skip_dag.py for tasks to queue
[2022-08-23 00:11:21,814] {logging_mixin.py:115} INFO - [2022-08-23 00:11:21,814] {dagbag.py:508} INFO - Filling up the DagBag from /home/airflow/.local/lib/python3.7/site-packages/airflow/example_dags/example_skip_dag.py
[2022-08-23 00:11:21,835] {processor.py:651} INFO - DAG(s) dict_keys(['example_skip_dag']) retrieved from /home/airflow/.local/lib/python3.7/site-packages/airflow/example_dags/example_skip_dag.py
[2022-08-23 00:11:21,911] {logging_mixin.py:115} INFO - [2022-08-23 00:11:21,911] {dag.py:2420} INFO - Sync 1 DAGs
[2022-08-23 00:11:21,998] {logging_mixin.py:115} INFO - [2022-08-23 00:11:21,997] {dag.py:2972} INFO - Setting next_dagrun for example_skip_dag to 2022-08-22T00:11:21.997379+00:00, run_after=2022-08-23T00:11:21.997379+00:00
[2022-08-23 00:11:22,037] {processor.py:161} INFO - Processing /home/airflow/.local/lib/python3.7/site-packages/airflow/example_dags/example_skip_dag.py took 0.247 seconds
[2022-08-23 00:11:52,168] {processor.py:153} INFO - Started process (PID=97043) to work on /home/airflow/.local/lib/python3.7/site-packages/airflow/example_dags/example_skip_dag.py
[2022-08-23 00:11:52,172] {processor.py:641} INFO - Processing file /home/airflow/.local/lib/python3.7/site-packages/airflow/example_dags/example_skip_dag.py for tasks to queue
[2022-08-23 00:11:52,182] {logging_mixin.py:115} INFO - [2022-08-23 00:11:52,181] {dagbag.py:508} INFO - Filling up the DagBag from /home/airflow/.local/lib/python3.7/site-packages/airflow/example_dags/example_skip_dag.py
[2022-08-23 00:11:52,206] {processor.py:651} INFO - DAG(s) dict_keys(['example_skip_dag']) retrieved from /home/airflow/.local/lib/python3.7/site-packages/airflow/example_dags/example_skip_dag.py
[2022-08-23 00:11:52,322] {logging_mixin.py:115} INFO - [2022-08-23 00:11:52,322] {dag.py:2420} INFO - Sync 1 DAGs
[2022-08-23 00:11:52,388] {logging_mixin.py:115} INFO - [2022-08-23 00:11:52,388] {dag.py:2972} INFO - Setting next_dagrun for example_skip_dag to 2022-08-22T00:11:52.388227+00:00, run_after=2022-08-23T00:11:52.388227+00:00
[2022-08-23 00:11:52,693] {processor.py:161} INFO - Processing /home/airflow/.local/lib/python3.7/site-packages/airflow/example_dags/example_skip_dag.py took 0.534 seconds
[2022-08-23 00:12:23,241] {processor.py:153} INFO - Started process (PID=97241) to work on /home/airflow/.local/lib/python3.7/site-packages/airflow/example_dags/example_skip_dag.py
[2022-08-23 00:12:23,244] {processor.py:641} INFO - Processing file /home/airflow/.local/lib/python3.7/site-packages/airflow/example_dags/example_skip_dag.py for tasks to queue
[2022-08-23 00:12:23,246] {logging_mixin.py:115} INFO - [2022-08-23 00:12:23,246] {dagbag.py:508} INFO - Filling up the DagBag from /home/airflow/.local/lib/python3.7/site-packages/airflow/example_dags/example_skip_dag.py
[2022-08-23 00:12:23,257] {processor.py:651} INFO - DAG(s) dict_keys(['example_skip_dag']) retrieved from /home/airflow/.local/lib/python3.7/site-packages/airflow/example_dags/example_skip_dag.py
[2022-08-23 00:12:23,335] {logging_mixin.py:115} INFO - [2022-08-23 00:12:23,335] {dag.py:2420} INFO - Sync 1 DAGs
[2022-08-23 00:12:23,410] {logging_mixin.py:115} INFO - [2022-08-23 00:12:23,409] {dag.py:2972} INFO - Setting next_dagrun for example_skip_dag to 2022-08-22T00:12:23.409364+00:00, run_after=2022-08-23T00:12:23.409364+00:00
[2022-08-23 00:12:23,714] {processor.py:161} INFO - Processing /home/airflow/.local/lib/python3.7/site-packages/airflow/example_dags/example_skip_dag.py took 0.479 seconds
[2022-08-23 00:12:54,918] {processor.py:153} INFO - Started process (PID=97435) to work on /home/airflow/.local/lib/python3.7/site-packages/airflow/example_dags/example_skip_dag.py
[2022-08-23 00:12:54,925] {processor.py:641} INFO - Processing file /home/airflow/.local/lib/python3.7/site-packages/airflow/example_dags/example_skip_dag.py for tasks to queue
[2022-08-23 00:12:54,927] {logging_mixin.py:115} INFO - [2022-08-23 00:12:54,927] {dagbag.py:508} INFO - Filling up the DagBag from /home/airflow/.local/lib/python3.7/site-packages/airflow/example_dags/example_skip_dag.py
[2022-08-23 00:12:54,945] {processor.py:651} INFO - DAG(s) dict_keys(['example_skip_dag']) retrieved from /home/airflow/.local/lib/python3.7/site-packages/airflow/example_dags/example_skip_dag.py
[2022-08-23 00:12:55,102] {logging_mixin.py:115} INFO - [2022-08-23 00:12:55,102] {dag.py:2420} INFO - Sync 1 DAGs
[2022-08-23 00:12:55,228] {logging_mixin.py:115} INFO - [2022-08-23 00:12:55,228] {dag.py:2972} INFO - Setting next_dagrun for example_skip_dag to 2022-08-22T00:12:55.228052+00:00, run_after=2022-08-23T00:12:55.228052+00:00
[2022-08-23 00:12:55,935] {processor.py:161} INFO - Processing /home/airflow/.local/lib/python3.7/site-packages/airflow/example_dags/example_skip_dag.py took 1.052 seconds
[2022-08-23 00:13:26,018] {processor.py:153} INFO - Started process (PID=97626) to work on /home/airflow/.local/lib/python3.7/site-packages/airflow/example_dags/example_skip_dag.py
[2022-08-23 00:13:26,021] {processor.py:641} INFO - Processing file /home/airflow/.local/lib/python3.7/site-packages/airflow/example_dags/example_skip_dag.py for tasks to queue
[2022-08-23 00:13:26,023] {logging_mixin.py:115} INFO - [2022-08-23 00:13:26,023] {dagbag.py:508} INFO - Filling up the DagBag from /home/airflow/.local/lib/python3.7/site-packages/airflow/example_dags/example_skip_dag.py
[2022-08-23 00:13:26,039] {processor.py:651} INFO - DAG(s) dict_keys(['example_skip_dag']) retrieved from /home/airflow/.local/lib/python3.7/site-packages/airflow/example_dags/example_skip_dag.py
[2022-08-23 00:13:26,102] {logging_mixin.py:115} INFO - [2022-08-23 00:13:26,102] {dag.py:2420} INFO - Sync 1 DAGs
[2022-08-23 00:13:26,155] {logging_mixin.py:115} INFO - [2022-08-23 00:13:26,155] {dag.py:2972} INFO - Setting next_dagrun for example_skip_dag to 2022-08-22T00:13:26.155386+00:00, run_after=2022-08-23T00:13:26.155386+00:00
[2022-08-23 00:13:26,599] {processor.py:161} INFO - Processing /home/airflow/.local/lib/python3.7/site-packages/airflow/example_dags/example_skip_dag.py took 0.592 seconds
[2022-08-23 00:13:57,042] {processor.py:153} INFO - Started process (PID=97821) to work on /home/airflow/.local/lib/python3.7/site-packages/airflow/example_dags/example_skip_dag.py
[2022-08-23 00:13:57,051] {processor.py:641} INFO - Processing file /home/airflow/.local/lib/python3.7/site-packages/airflow/example_dags/example_skip_dag.py for tasks to queue
[2022-08-23 00:13:57,058] {logging_mixin.py:115} INFO - [2022-08-23 00:13:57,055] {dagbag.py:508} INFO - Filling up the DagBag from /home/airflow/.local/lib/python3.7/site-packages/airflow/example_dags/example_skip_dag.py
[2022-08-23 00:13:57,125] {processor.py:651} INFO - DAG(s) dict_keys(['example_skip_dag']) retrieved from /home/airflow/.local/lib/python3.7/site-packages/airflow/example_dags/example_skip_dag.py
[2022-08-23 00:13:57,307] {logging_mixin.py:115} INFO - [2022-08-23 00:13:57,307] {dag.py:2420} INFO - Sync 1 DAGs
[2022-08-23 00:13:57,455] {logging_mixin.py:115} INFO - [2022-08-23 00:13:57,454] {dag.py:2972} INFO - Setting next_dagrun for example_skip_dag to 2022-08-22T00:13:57.454227+00:00, run_after=2022-08-23T00:13:57.454227+00:00
[2022-08-23 00:13:58,352] {processor.py:161} INFO - Processing /home/airflow/.local/lib/python3.7/site-packages/airflow/example_dags/example_skip_dag.py took 1.336 seconds
[2022-08-23 00:14:28,789] {processor.py:153} INFO - Started process (PID=98016) to work on /home/airflow/.local/lib/python3.7/site-packages/airflow/example_dags/example_skip_dag.py
[2022-08-23 00:14:28,792] {processor.py:641} INFO - Processing file /home/airflow/.local/lib/python3.7/site-packages/airflow/example_dags/example_skip_dag.py for tasks to queue
[2022-08-23 00:14:28,795] {logging_mixin.py:115} INFO - [2022-08-23 00:14:28,794] {dagbag.py:508} INFO - Filling up the DagBag from /home/airflow/.local/lib/python3.7/site-packages/airflow/example_dags/example_skip_dag.py
[2022-08-23 00:14:28,805] {processor.py:651} INFO - DAG(s) dict_keys(['example_skip_dag']) retrieved from /home/airflow/.local/lib/python3.7/site-packages/airflow/example_dags/example_skip_dag.py
[2022-08-23 00:14:28,858] {logging_mixin.py:115} INFO - [2022-08-23 00:14:28,858] {dag.py:2420} INFO - Sync 1 DAGs
[2022-08-23 00:14:28,895] {logging_mixin.py:115} INFO - [2022-08-23 00:14:28,895] {dag.py:2972} INFO - Setting next_dagrun for example_skip_dag to 2022-08-22T00:14:28.895278+00:00, run_after=2022-08-23T00:14:28.895278+00:00
[2022-08-23 00:14:29,167] {processor.py:161} INFO - Processing /home/airflow/.local/lib/python3.7/site-packages/airflow/example_dags/example_skip_dag.py took 0.385 seconds
[2022-08-23 00:14:59,698] {processor.py:153} INFO - Started process (PID=98211) to work on /home/airflow/.local/lib/python3.7/site-packages/airflow/example_dags/example_skip_dag.py
[2022-08-23 00:14:59,701] {processor.py:641} INFO - Processing file /home/airflow/.local/lib/python3.7/site-packages/airflow/example_dags/example_skip_dag.py for tasks to queue
[2022-08-23 00:14:59,703] {logging_mixin.py:115} INFO - [2022-08-23 00:14:59,703] {dagbag.py:508} INFO - Filling up the DagBag from /home/airflow/.local/lib/python3.7/site-packages/airflow/example_dags/example_skip_dag.py
[2022-08-23 00:14:59,714] {processor.py:651} INFO - DAG(s) dict_keys(['example_skip_dag']) retrieved from /home/airflow/.local/lib/python3.7/site-packages/airflow/example_dags/example_skip_dag.py
[2022-08-23 00:14:59,772] {logging_mixin.py:115} INFO - [2022-08-23 00:14:59,772] {dag.py:2420} INFO - Sync 1 DAGs
[2022-08-23 00:14:59,829] {logging_mixin.py:115} INFO - [2022-08-23 00:14:59,829] {dag.py:2972} INFO - Setting next_dagrun for example_skip_dag to 2022-08-22T00:14:59.828815+00:00, run_after=2022-08-23T00:14:59.828815+00:00
[2022-08-23 00:15:00,185] {processor.py:161} INFO - Processing /home/airflow/.local/lib/python3.7/site-packages/airflow/example_dags/example_skip_dag.py took 0.496 seconds
[2022-08-23 00:15:30,625] {processor.py:153} INFO - Started process (PID=98405) to work on /home/airflow/.local/lib/python3.7/site-packages/airflow/example_dags/example_skip_dag.py
[2022-08-23 00:15:30,628] {processor.py:641} INFO - Processing file /home/airflow/.local/lib/python3.7/site-packages/airflow/example_dags/example_skip_dag.py for tasks to queue
[2022-08-23 00:15:30,633] {logging_mixin.py:115} INFO - [2022-08-23 00:15:30,633] {dagbag.py:508} INFO - Filling up the DagBag from /home/airflow/.local/lib/python3.7/site-packages/airflow/example_dags/example_skip_dag.py
[2022-08-23 00:15:30,669] {processor.py:651} INFO - DAG(s) dict_keys(['example_skip_dag']) retrieved from /home/airflow/.local/lib/python3.7/site-packages/airflow/example_dags/example_skip_dag.py
[2022-08-23 00:15:30,887] {logging_mixin.py:115} INFO - [2022-08-23 00:15:30,887] {dag.py:2420} INFO - Sync 1 DAGs
[2022-08-23 00:15:31,045] {logging_mixin.py:115} INFO - [2022-08-23 00:15:31,045] {dag.py:2972} INFO - Setting next_dagrun for example_skip_dag to 2022-08-22T00:15:31.044877+00:00, run_after=2022-08-23T00:15:31.044877+00:00
[2022-08-23 00:15:31,730] {processor.py:161} INFO - Processing /home/airflow/.local/lib/python3.7/site-packages/airflow/example_dags/example_skip_dag.py took 1.112 seconds
[2022-08-23 00:16:02,033] {processor.py:153} INFO - Started process (PID=98608) to work on /home/airflow/.local/lib/python3.7/site-packages/airflow/example_dags/example_skip_dag.py
[2022-08-23 00:16:02,036] {processor.py:641} INFO - Processing file /home/airflow/.local/lib/python3.7/site-packages/airflow/example_dags/example_skip_dag.py for tasks to queue
[2022-08-23 00:16:02,039] {logging_mixin.py:115} INFO - [2022-08-23 00:16:02,038] {dagbag.py:508} INFO - Filling up the DagBag from /home/airflow/.local/lib/python3.7/site-packages/airflow/example_dags/example_skip_dag.py
[2022-08-23 00:16:02,051] {processor.py:651} INFO - DAG(s) dict_keys(['example_skip_dag']) retrieved from /home/airflow/.local/lib/python3.7/site-packages/airflow/example_dags/example_skip_dag.py
[2022-08-23 00:16:02,107] {logging_mixin.py:115} INFO - [2022-08-23 00:16:02,107] {dag.py:2420} INFO - Sync 1 DAGs
[2022-08-23 00:16:02,147] {logging_mixin.py:115} INFO - [2022-08-23 00:16:02,147] {dag.py:2972} INFO - Setting next_dagrun for example_skip_dag to 2022-08-22T00:16:02.146730+00:00, run_after=2022-08-23T00:16:02.146730+00:00
[2022-08-23 00:16:02,345] {processor.py:161} INFO - Processing /home/airflow/.local/lib/python3.7/site-packages/airflow/example_dags/example_skip_dag.py took 0.321 seconds
[2022-08-23 00:16:33,113] {processor.py:153} INFO - Started process (PID=98802) to work on /home/airflow/.local/lib/python3.7/site-packages/airflow/example_dags/example_skip_dag.py
[2022-08-23 00:16:33,132] {processor.py:641} INFO - Processing file /home/airflow/.local/lib/python3.7/site-packages/airflow/example_dags/example_skip_dag.py for tasks to queue
[2022-08-23 00:16:33,139] {logging_mixin.py:115} INFO - [2022-08-23 00:16:33,139] {dagbag.py:508} INFO - Filling up the DagBag from /home/airflow/.local/lib/python3.7/site-packages/airflow/example_dags/example_skip_dag.py
[2022-08-23 00:16:33,217] {processor.py:651} INFO - DAG(s) dict_keys(['example_skip_dag']) retrieved from /home/airflow/.local/lib/python3.7/site-packages/airflow/example_dags/example_skip_dag.py
[2022-08-23 00:16:33,483] {logging_mixin.py:115} INFO - [2022-08-23 00:16:33,476] {dag.py:2420} INFO - Sync 1 DAGs
[2022-08-23 00:16:33,593] {logging_mixin.py:115} INFO - [2022-08-23 00:16:33,593] {dag.py:2972} INFO - Setting next_dagrun for example_skip_dag to 2022-08-22T00:16:33.592344+00:00, run_after=2022-08-23T00:16:33.592344+00:00
[2022-08-23 00:16:33,915] {processor.py:161} INFO - Processing /home/airflow/.local/lib/python3.7/site-packages/airflow/example_dags/example_skip_dag.py took 0.817 seconds
[2022-08-23 00:17:04,721] {processor.py:153} INFO - Started process (PID=98996) to work on /home/airflow/.local/lib/python3.7/site-packages/airflow/example_dags/example_skip_dag.py
[2022-08-23 00:17:04,724] {processor.py:641} INFO - Processing file /home/airflow/.local/lib/python3.7/site-packages/airflow/example_dags/example_skip_dag.py for tasks to queue
[2022-08-23 00:17:04,739] {logging_mixin.py:115} INFO - [2022-08-23 00:17:04,736] {dagbag.py:508} INFO - Filling up the DagBag from /home/airflow/.local/lib/python3.7/site-packages/airflow/example_dags/example_skip_dag.py
[2022-08-23 00:17:04,774] {processor.py:651} INFO - DAG(s) dict_keys(['example_skip_dag']) retrieved from /home/airflow/.local/lib/python3.7/site-packages/airflow/example_dags/example_skip_dag.py
[2022-08-23 00:17:05,591] {logging_mixin.py:115} INFO - [2022-08-23 00:17:05,582] {dag.py:2420} INFO - Sync 1 DAGs
[2022-08-23 00:17:06,455] {logging_mixin.py:115} INFO - [2022-08-23 00:17:06,455] {dag.py:2972} INFO - Setting next_dagrun for example_skip_dag to 2022-08-22T00:17:06.454811+00:00, run_after=2022-08-23T00:17:06.454811+00:00
[2022-08-23 00:17:06,480] {processor.py:161} INFO - Processing /home/airflow/.local/lib/python3.7/site-packages/airflow/example_dags/example_skip_dag.py took 1.770 seconds
[2022-08-23 00:17:36,630] {processor.py:153} INFO - Started process (PID=99193) to work on /home/airflow/.local/lib/python3.7/site-packages/airflow/example_dags/example_skip_dag.py
[2022-08-23 00:17:36,634] {processor.py:641} INFO - Processing file /home/airflow/.local/lib/python3.7/site-packages/airflow/example_dags/example_skip_dag.py for tasks to queue
[2022-08-23 00:17:36,637] {logging_mixin.py:115} INFO - [2022-08-23 00:17:36,636] {dagbag.py:508} INFO - Filling up the DagBag from /home/airflow/.local/lib/python3.7/site-packages/airflow/example_dags/example_skip_dag.py
[2022-08-23 00:17:36,656] {processor.py:651} INFO - DAG(s) dict_keys(['example_skip_dag']) retrieved from /home/airflow/.local/lib/python3.7/site-packages/airflow/example_dags/example_skip_dag.py
[2022-08-23 00:17:36,712] {logging_mixin.py:115} INFO - [2022-08-23 00:17:36,712] {dag.py:2420} INFO - Sync 1 DAGs
[2022-08-23 00:17:36,943] {logging_mixin.py:115} INFO - [2022-08-23 00:17:36,943] {dag.py:2972} INFO - Setting next_dagrun for example_skip_dag to 2022-08-22T00:17:36.943172+00:00, run_after=2022-08-23T00:17:36.943172+00:00
[2022-08-23 00:17:36,980] {processor.py:161} INFO - Processing /home/airflow/.local/lib/python3.7/site-packages/airflow/example_dags/example_skip_dag.py took 0.357 seconds
[2022-08-23 00:18:07,209] {processor.py:153} INFO - Started process (PID=99393) to work on /home/airflow/.local/lib/python3.7/site-packages/airflow/example_dags/example_skip_dag.py
[2022-08-23 00:18:07,216] {processor.py:641} INFO - Processing file /home/airflow/.local/lib/python3.7/site-packages/airflow/example_dags/example_skip_dag.py for tasks to queue
[2022-08-23 00:18:07,223] {logging_mixin.py:115} INFO - [2022-08-23 00:18:07,223] {dagbag.py:508} INFO - Filling up the DagBag from /home/airflow/.local/lib/python3.7/site-packages/airflow/example_dags/example_skip_dag.py
[2022-08-23 00:18:07,257] {processor.py:651} INFO - DAG(s) dict_keys(['example_skip_dag']) retrieved from /home/airflow/.local/lib/python3.7/site-packages/airflow/example_dags/example_skip_dag.py
[2022-08-23 00:18:07,315] {logging_mixin.py:115} INFO - [2022-08-23 00:18:07,315] {dag.py:2420} INFO - Sync 1 DAGs
[2022-08-23 00:18:07,779] {logging_mixin.py:115} INFO - [2022-08-23 00:18:07,778] {dag.py:2972} INFO - Setting next_dagrun for example_skip_dag to 2022-08-22T00:18:07.778679+00:00, run_after=2022-08-23T00:18:07.778679+00:00
[2022-08-23 00:18:07,808] {processor.py:161} INFO - Processing /home/airflow/.local/lib/python3.7/site-packages/airflow/example_dags/example_skip_dag.py took 0.607 seconds
[2022-08-23 00:18:37,987] {processor.py:153} INFO - Started process (PID=99594) to work on /home/airflow/.local/lib/python3.7/site-packages/airflow/example_dags/example_skip_dag.py
[2022-08-23 00:18:38,002] {processor.py:641} INFO - Processing file /home/airflow/.local/lib/python3.7/site-packages/airflow/example_dags/example_skip_dag.py for tasks to queue
[2022-08-23 00:18:38,012] {logging_mixin.py:115} INFO - [2022-08-23 00:18:38,010] {dagbag.py:508} INFO - Filling up the DagBag from /home/airflow/.local/lib/python3.7/site-packages/airflow/example_dags/example_skip_dag.py
[2022-08-23 00:18:38,068] {processor.py:651} INFO - DAG(s) dict_keys(['example_skip_dag']) retrieved from /home/airflow/.local/lib/python3.7/site-packages/airflow/example_dags/example_skip_dag.py
[2022-08-23 00:18:38,230] {logging_mixin.py:115} INFO - [2022-08-23 00:18:38,230] {dag.py:2420} INFO - Sync 1 DAGs
[2022-08-23 00:18:38,892] {logging_mixin.py:115} INFO - [2022-08-23 00:18:38,891] {dag.py:2972} INFO - Setting next_dagrun for example_skip_dag to 2022-08-22T00:18:38.891573+00:00, run_after=2022-08-23T00:18:38.891573+00:00
[2022-08-23 00:18:38,918] {processor.py:161} INFO - Processing /home/airflow/.local/lib/python3.7/site-packages/airflow/example_dags/example_skip_dag.py took 0.935 seconds
[2022-08-23 00:19:09,654] {processor.py:153} INFO - Started process (PID=99799) to work on /home/airflow/.local/lib/python3.7/site-packages/airflow/example_dags/example_skip_dag.py
[2022-08-23 00:19:09,658] {processor.py:641} INFO - Processing file /home/airflow/.local/lib/python3.7/site-packages/airflow/example_dags/example_skip_dag.py for tasks to queue
[2022-08-23 00:19:09,663] {logging_mixin.py:115} INFO - [2022-08-23 00:19:09,663] {dagbag.py:508} INFO - Filling up the DagBag from /home/airflow/.local/lib/python3.7/site-packages/airflow/example_dags/example_skip_dag.py
[2022-08-23 00:19:09,679] {processor.py:651} INFO - DAG(s) dict_keys(['example_skip_dag']) retrieved from /home/airflow/.local/lib/python3.7/site-packages/airflow/example_dags/example_skip_dag.py
[2022-08-23 00:19:09,733] {logging_mixin.py:115} INFO - [2022-08-23 00:19:09,733] {dag.py:2420} INFO - Sync 1 DAGs
[2022-08-23 00:19:09,952] {logging_mixin.py:115} INFO - [2022-08-23 00:19:09,952] {dag.py:2972} INFO - Setting next_dagrun for example_skip_dag to 2022-08-22T00:19:09.951622+00:00, run_after=2022-08-23T00:19:09.951622+00:00
[2022-08-23 00:19:09,999] {processor.py:161} INFO - Processing /home/airflow/.local/lib/python3.7/site-packages/airflow/example_dags/example_skip_dag.py took 0.363 seconds
[2022-08-23 00:19:40,556] {processor.py:153} INFO - Started process (PID=99995) to work on /home/airflow/.local/lib/python3.7/site-packages/airflow/example_dags/example_skip_dag.py
[2022-08-23 00:19:40,560] {processor.py:641} INFO - Processing file /home/airflow/.local/lib/python3.7/site-packages/airflow/example_dags/example_skip_dag.py for tasks to queue
[2022-08-23 00:19:40,563] {logging_mixin.py:115} INFO - [2022-08-23 00:19:40,563] {dagbag.py:508} INFO - Filling up the DagBag from /home/airflow/.local/lib/python3.7/site-packages/airflow/example_dags/example_skip_dag.py
[2022-08-23 00:19:40,597] {processor.py:651} INFO - DAG(s) dict_keys(['example_skip_dag']) retrieved from /home/airflow/.local/lib/python3.7/site-packages/airflow/example_dags/example_skip_dag.py
[2022-08-23 00:19:40,730] {logging_mixin.py:115} INFO - [2022-08-23 00:19:40,730] {dag.py:2420} INFO - Sync 1 DAGs
[2022-08-23 00:19:41,451] {logging_mixin.py:115} INFO - [2022-08-23 00:19:41,450] {dag.py:2972} INFO - Setting next_dagrun for example_skip_dag to 2022-08-22T00:19:41.450519+00:00, run_after=2022-08-23T00:19:41.450519+00:00
[2022-08-23 00:19:41,495] {processor.py:161} INFO - Processing /home/airflow/.local/lib/python3.7/site-packages/airflow/example_dags/example_skip_dag.py took 0.950 seconds
[2022-08-23 00:20:12,355] {processor.py:153} INFO - Started process (PID=504) to work on /home/airflow/.local/lib/python3.7/site-packages/airflow/example_dags/example_skip_dag.py
[2022-08-23 00:20:12,359] {processor.py:641} INFO - Processing file /home/airflow/.local/lib/python3.7/site-packages/airflow/example_dags/example_skip_dag.py for tasks to queue
[2022-08-23 00:20:12,363] {logging_mixin.py:115} INFO - [2022-08-23 00:20:12,363] {dagbag.py:508} INFO - Filling up the DagBag from /home/airflow/.local/lib/python3.7/site-packages/airflow/example_dags/example_skip_dag.py
[2022-08-23 00:20:12,385] {processor.py:651} INFO - DAG(s) dict_keys(['example_skip_dag']) retrieved from /home/airflow/.local/lib/python3.7/site-packages/airflow/example_dags/example_skip_dag.py
[2022-08-23 00:20:12,468] {logging_mixin.py:115} INFO - [2022-08-23 00:20:12,468] {dag.py:2420} INFO - Sync 1 DAGs
[2022-08-23 00:20:12,775] {logging_mixin.py:115} INFO - [2022-08-23 00:20:12,775] {dag.py:2972} INFO - Setting next_dagrun for example_skip_dag to 2022-08-22T00:20:12.774939+00:00, run_after=2022-08-23T00:20:12.774939+00:00
[2022-08-23 00:20:12,806] {processor.py:161} INFO - Processing /home/airflow/.local/lib/python3.7/site-packages/airflow/example_dags/example_skip_dag.py took 0.463 seconds
[2022-08-23 00:20:43,194] {processor.py:153} INFO - Started process (PID=698) to work on /home/airflow/.local/lib/python3.7/site-packages/airflow/example_dags/example_skip_dag.py
[2022-08-23 00:20:43,200] {processor.py:641} INFO - Processing file /home/airflow/.local/lib/python3.7/site-packages/airflow/example_dags/example_skip_dag.py for tasks to queue
[2022-08-23 00:20:43,206] {logging_mixin.py:115} INFO - [2022-08-23 00:20:43,205] {dagbag.py:508} INFO - Filling up the DagBag from /home/airflow/.local/lib/python3.7/site-packages/airflow/example_dags/example_skip_dag.py
[2022-08-23 00:20:43,234] {processor.py:651} INFO - DAG(s) dict_keys(['example_skip_dag']) retrieved from /home/airflow/.local/lib/python3.7/site-packages/airflow/example_dags/example_skip_dag.py
[2022-08-23 00:20:43,344] {logging_mixin.py:115} INFO - [2022-08-23 00:20:43,344] {dag.py:2420} INFO - Sync 1 DAGs
[2022-08-23 00:20:43,777] {logging_mixin.py:115} INFO - [2022-08-23 00:20:43,777] {dag.py:2972} INFO - Setting next_dagrun for example_skip_dag to 2022-08-22T00:20:43.776640+00:00, run_after=2022-08-23T00:20:43.776640+00:00
[2022-08-23 00:20:43,817] {processor.py:161} INFO - Processing /home/airflow/.local/lib/python3.7/site-packages/airflow/example_dags/example_skip_dag.py took 0.633 seconds
