[2022-08-23 00:00:20,063] {processor.py:153} INFO - Started process (PID=92719) to work on /home/airflow/.local/lib/python3.7/site-packages/airflow/example_dags/example_latest_only.py
[2022-08-23 00:00:20,077] {processor.py:641} INFO - Processing file /home/airflow/.local/lib/python3.7/site-packages/airflow/example_dags/example_latest_only.py for tasks to queue
[2022-08-23 00:00:20,237] {logging_mixin.py:115} INFO - [2022-08-23 00:00:20,237] {dagbag.py:508} INFO - Filling up the DagBag from /home/airflow/.local/lib/python3.7/site-packages/airflow/example_dags/example_latest_only.py
[2022-08-23 00:00:20,326] {processor.py:651} INFO - DAG(s) dict_keys(['latest_only']) retrieved from /home/airflow/.local/lib/python3.7/site-packages/airflow/example_dags/example_latest_only.py
[2022-08-23 00:00:20,662] {logging_mixin.py:115} INFO - [2022-08-23 00:00:20,661] {dag.py:2420} INFO - Sync 1 DAGs
[2022-08-23 00:00:21,487] {logging_mixin.py:115} INFO - [2022-08-23 00:00:21,486] {dag.py:2972} INFO - Setting next_dagrun for latest_only to 2022-08-22T20:00:21.485971+00:00, run_after=2022-08-23T00:00:21.485971+00:00
[2022-08-23 00:00:21,651] {processor.py:161} INFO - Processing /home/airflow/.local/lib/python3.7/site-packages/airflow/example_dags/example_latest_only.py took 1.596 seconds
[2022-08-23 00:00:52,056] {processor.py:153} INFO - Started process (PID=92911) to work on /home/airflow/.local/lib/python3.7/site-packages/airflow/example_dags/example_latest_only.py
[2022-08-23 00:00:52,059] {processor.py:641} INFO - Processing file /home/airflow/.local/lib/python3.7/site-packages/airflow/example_dags/example_latest_only.py for tasks to queue
[2022-08-23 00:00:52,061] {logging_mixin.py:115} INFO - [2022-08-23 00:00:52,061] {dagbag.py:508} INFO - Filling up the DagBag from /home/airflow/.local/lib/python3.7/site-packages/airflow/example_dags/example_latest_only.py
[2022-08-23 00:00:52,071] {processor.py:651} INFO - DAG(s) dict_keys(['latest_only']) retrieved from /home/airflow/.local/lib/python3.7/site-packages/airflow/example_dags/example_latest_only.py
[2022-08-23 00:00:52,115] {logging_mixin.py:115} INFO - [2022-08-23 00:00:52,115] {dag.py:2420} INFO - Sync 1 DAGs
[2022-08-23 00:00:52,152] {logging_mixin.py:115} INFO - [2022-08-23 00:00:52,152] {dag.py:2972} INFO - Setting next_dagrun for latest_only to 2022-08-22T20:00:52.151719+00:00, run_after=2022-08-23T00:00:52.151719+00:00
[2022-08-23 00:00:52,174] {processor.py:161} INFO - Processing /home/airflow/.local/lib/python3.7/site-packages/airflow/example_dags/example_latest_only.py took 0.125 seconds
[2022-08-23 00:01:22,307] {processor.py:153} INFO - Started process (PID=93115) to work on /home/airflow/.local/lib/python3.7/site-packages/airflow/example_dags/example_latest_only.py
[2022-08-23 00:01:22,315] {processor.py:641} INFO - Processing file /home/airflow/.local/lib/python3.7/site-packages/airflow/example_dags/example_latest_only.py for tasks to queue
[2022-08-23 00:01:22,317] {logging_mixin.py:115} INFO - [2022-08-23 00:01:22,316] {dagbag.py:508} INFO - Filling up the DagBag from /home/airflow/.local/lib/python3.7/site-packages/airflow/example_dags/example_latest_only.py
[2022-08-23 00:01:22,332] {processor.py:651} INFO - DAG(s) dict_keys(['latest_only']) retrieved from /home/airflow/.local/lib/python3.7/site-packages/airflow/example_dags/example_latest_only.py
[2022-08-23 00:01:22,433] {logging_mixin.py:115} INFO - [2022-08-23 00:01:22,433] {dag.py:2420} INFO - Sync 1 DAGs
[2022-08-23 00:01:22,530] {logging_mixin.py:115} INFO - [2022-08-23 00:01:22,530] {dag.py:2972} INFO - Setting next_dagrun for latest_only to 2022-08-22T20:01:22.530193+00:00, run_after=2022-08-23T00:01:22.530193+00:00
[2022-08-23 00:01:22,590] {processor.py:161} INFO - Processing /home/airflow/.local/lib/python3.7/site-packages/airflow/example_dags/example_latest_only.py took 0.295 seconds
[2022-08-23 00:01:53,153] {processor.py:153} INFO - Started process (PID=93306) to work on /home/airflow/.local/lib/python3.7/site-packages/airflow/example_dags/example_latest_only.py
[2022-08-23 00:01:53,158] {processor.py:641} INFO - Processing file /home/airflow/.local/lib/python3.7/site-packages/airflow/example_dags/example_latest_only.py for tasks to queue
[2022-08-23 00:01:53,168] {logging_mixin.py:115} INFO - [2022-08-23 00:01:53,168] {dagbag.py:508} INFO - Filling up the DagBag from /home/airflow/.local/lib/python3.7/site-packages/airflow/example_dags/example_latest_only.py
[2022-08-23 00:01:53,188] {processor.py:651} INFO - DAG(s) dict_keys(['latest_only']) retrieved from /home/airflow/.local/lib/python3.7/site-packages/airflow/example_dags/example_latest_only.py
[2022-08-23 00:01:53,265] {logging_mixin.py:115} INFO - [2022-08-23 00:01:53,265] {dag.py:2420} INFO - Sync 1 DAGs
[2022-08-23 00:01:53,316] {logging_mixin.py:115} INFO - [2022-08-23 00:01:53,316] {dag.py:2972} INFO - Setting next_dagrun for latest_only to 2022-08-22T20:01:53.316368+00:00, run_after=2022-08-23T00:01:53.316368+00:00
[2022-08-23 00:01:53,348] {processor.py:161} INFO - Processing /home/airflow/.local/lib/python3.7/site-packages/airflow/example_dags/example_latest_only.py took 0.205 seconds
[2022-08-23 00:02:24,232] {processor.py:153} INFO - Started process (PID=93500) to work on /home/airflow/.local/lib/python3.7/site-packages/airflow/example_dags/example_latest_only.py
[2022-08-23 00:02:24,236] {processor.py:641} INFO - Processing file /home/airflow/.local/lib/python3.7/site-packages/airflow/example_dags/example_latest_only.py for tasks to queue
[2022-08-23 00:02:24,240] {logging_mixin.py:115} INFO - [2022-08-23 00:02:24,240] {dagbag.py:508} INFO - Filling up the DagBag from /home/airflow/.local/lib/python3.7/site-packages/airflow/example_dags/example_latest_only.py
[2022-08-23 00:02:24,258] {processor.py:651} INFO - DAG(s) dict_keys(['latest_only']) retrieved from /home/airflow/.local/lib/python3.7/site-packages/airflow/example_dags/example_latest_only.py
[2022-08-23 00:02:24,355] {logging_mixin.py:115} INFO - [2022-08-23 00:02:24,354] {dag.py:2420} INFO - Sync 1 DAGs
[2022-08-23 00:02:24,438] {logging_mixin.py:115} INFO - [2022-08-23 00:02:24,438] {dag.py:2972} INFO - Setting next_dagrun for latest_only to 2022-08-22T20:02:24.437454+00:00, run_after=2022-08-23T00:02:24.437454+00:00
[2022-08-23 00:02:24,489] {processor.py:161} INFO - Processing /home/airflow/.local/lib/python3.7/site-packages/airflow/example_dags/example_latest_only.py took 0.270 seconds
[2022-08-23 00:02:54,860] {processor.py:153} INFO - Started process (PID=93692) to work on /home/airflow/.local/lib/python3.7/site-packages/airflow/example_dags/example_latest_only.py
[2022-08-23 00:02:54,863] {processor.py:641} INFO - Processing file /home/airflow/.local/lib/python3.7/site-packages/airflow/example_dags/example_latest_only.py for tasks to queue
[2022-08-23 00:02:54,870] {logging_mixin.py:115} INFO - [2022-08-23 00:02:54,868] {dagbag.py:508} INFO - Filling up the DagBag from /home/airflow/.local/lib/python3.7/site-packages/airflow/example_dags/example_latest_only.py
[2022-08-23 00:02:54,901] {processor.py:651} INFO - DAG(s) dict_keys(['latest_only']) retrieved from /home/airflow/.local/lib/python3.7/site-packages/airflow/example_dags/example_latest_only.py
[2022-08-23 00:02:55,151] {logging_mixin.py:115} INFO - [2022-08-23 00:02:55,151] {dag.py:2420} INFO - Sync 1 DAGs
[2022-08-23 00:02:55,440] {logging_mixin.py:115} INFO - [2022-08-23 00:02:55,439] {dag.py:2972} INFO - Setting next_dagrun for latest_only to 2022-08-22T20:02:55.439503+00:00, run_after=2022-08-23T00:02:55.439503+00:00
[2022-08-23 00:02:55,482] {processor.py:161} INFO - Processing /home/airflow/.local/lib/python3.7/site-packages/airflow/example_dags/example_latest_only.py took 0.650 seconds
[2022-08-23 00:03:25,918] {processor.py:153} INFO - Started process (PID=93882) to work on /home/airflow/.local/lib/python3.7/site-packages/airflow/example_dags/example_latest_only.py
[2022-08-23 00:03:25,929] {processor.py:641} INFO - Processing file /home/airflow/.local/lib/python3.7/site-packages/airflow/example_dags/example_latest_only.py for tasks to queue
[2022-08-23 00:03:25,939] {logging_mixin.py:115} INFO - [2022-08-23 00:03:25,936] {dagbag.py:508} INFO - Filling up the DagBag from /home/airflow/.local/lib/python3.7/site-packages/airflow/example_dags/example_latest_only.py
[2022-08-23 00:03:25,985] {processor.py:651} INFO - DAG(s) dict_keys(['latest_only']) retrieved from /home/airflow/.local/lib/python3.7/site-packages/airflow/example_dags/example_latest_only.py
[2022-08-23 00:03:26,060] {logging_mixin.py:115} INFO - [2022-08-23 00:03:26,060] {dag.py:2420} INFO - Sync 1 DAGs
[2022-08-23 00:03:26,128] {logging_mixin.py:115} INFO - [2022-08-23 00:03:26,128] {dag.py:2972} INFO - Setting next_dagrun for latest_only to 2022-08-22T20:03:26.127877+00:00, run_after=2022-08-23T00:03:26.127877+00:00
[2022-08-23 00:03:26,196] {processor.py:161} INFO - Processing /home/airflow/.local/lib/python3.7/site-packages/airflow/example_dags/example_latest_only.py took 0.321 seconds
[2022-08-23 00:03:56,953] {processor.py:153} INFO - Started process (PID=94077) to work on /home/airflow/.local/lib/python3.7/site-packages/airflow/example_dags/example_latest_only.py
[2022-08-23 00:03:56,956] {processor.py:641} INFO - Processing file /home/airflow/.local/lib/python3.7/site-packages/airflow/example_dags/example_latest_only.py for tasks to queue
[2022-08-23 00:03:56,963] {logging_mixin.py:115} INFO - [2022-08-23 00:03:56,963] {dagbag.py:508} INFO - Filling up the DagBag from /home/airflow/.local/lib/python3.7/site-packages/airflow/example_dags/example_latest_only.py
[2022-08-23 00:03:56,983] {processor.py:651} INFO - DAG(s) dict_keys(['latest_only']) retrieved from /home/airflow/.local/lib/python3.7/site-packages/airflow/example_dags/example_latest_only.py
[2022-08-23 00:03:57,094] {logging_mixin.py:115} INFO - [2022-08-23 00:03:57,094] {dag.py:2420} INFO - Sync 1 DAGs
[2022-08-23 00:03:57,160] {logging_mixin.py:115} INFO - [2022-08-23 00:03:57,159] {dag.py:2972} INFO - Setting next_dagrun for latest_only to 2022-08-22T20:03:57.159475+00:00, run_after=2022-08-23T00:03:57.159475+00:00
[2022-08-23 00:03:57,196] {processor.py:161} INFO - Processing /home/airflow/.local/lib/python3.7/site-packages/airflow/example_dags/example_latest_only.py took 0.253 seconds
[2022-08-23 00:04:28,530] {processor.py:153} INFO - Started process (PID=94285) to work on /home/airflow/.local/lib/python3.7/site-packages/airflow/example_dags/example_latest_only.py
[2022-08-23 00:04:28,540] {processor.py:641} INFO - Processing file /home/airflow/.local/lib/python3.7/site-packages/airflow/example_dags/example_latest_only.py for tasks to queue
[2022-08-23 00:04:28,570] {logging_mixin.py:115} INFO - [2022-08-23 00:04:28,570] {dagbag.py:508} INFO - Filling up the DagBag from /home/airflow/.local/lib/python3.7/site-packages/airflow/example_dags/example_latest_only.py
[2022-08-23 00:04:28,591] {processor.py:651} INFO - DAG(s) dict_keys(['latest_only']) retrieved from /home/airflow/.local/lib/python3.7/site-packages/airflow/example_dags/example_latest_only.py
[2022-08-23 00:04:28,665] {logging_mixin.py:115} INFO - [2022-08-23 00:04:28,665] {dag.py:2420} INFO - Sync 1 DAGs
[2022-08-23 00:04:28,716] {logging_mixin.py:115} INFO - [2022-08-23 00:04:28,715] {dag.py:2972} INFO - Setting next_dagrun for latest_only to 2022-08-22T20:04:28.715444+00:00, run_after=2022-08-23T00:04:28.715444+00:00
[2022-08-23 00:04:28,748] {processor.py:161} INFO - Processing /home/airflow/.local/lib/python3.7/site-packages/airflow/example_dags/example_latest_only.py took 0.224 seconds
[2022-08-23 00:04:59,631] {processor.py:153} INFO - Started process (PID=94480) to work on /home/airflow/.local/lib/python3.7/site-packages/airflow/example_dags/example_latest_only.py
[2022-08-23 00:04:59,643] {processor.py:641} INFO - Processing file /home/airflow/.local/lib/python3.7/site-packages/airflow/example_dags/example_latest_only.py for tasks to queue
[2022-08-23 00:04:59,646] {logging_mixin.py:115} INFO - [2022-08-23 00:04:59,646] {dagbag.py:508} INFO - Filling up the DagBag from /home/airflow/.local/lib/python3.7/site-packages/airflow/example_dags/example_latest_only.py
[2022-08-23 00:04:59,669] {processor.py:651} INFO - DAG(s) dict_keys(['latest_only']) retrieved from /home/airflow/.local/lib/python3.7/site-packages/airflow/example_dags/example_latest_only.py
[2022-08-23 00:04:59,734] {logging_mixin.py:115} INFO - [2022-08-23 00:04:59,733] {dag.py:2420} INFO - Sync 1 DAGs
[2022-08-23 00:04:59,784] {logging_mixin.py:115} INFO - [2022-08-23 00:04:59,784] {dag.py:2972} INFO - Setting next_dagrun for latest_only to 2022-08-22T20:04:59.783426+00:00, run_after=2022-08-23T00:04:59.783426+00:00
[2022-08-23 00:04:59,815] {processor.py:161} INFO - Processing /home/airflow/.local/lib/python3.7/site-packages/airflow/example_dags/example_latest_only.py took 0.199 seconds
[2022-08-23 00:05:30,900] {processor.py:153} INFO - Started process (PID=94676) to work on /home/airflow/.local/lib/python3.7/site-packages/airflow/example_dags/example_latest_only.py
[2022-08-23 00:05:30,902] {processor.py:641} INFO - Processing file /home/airflow/.local/lib/python3.7/site-packages/airflow/example_dags/example_latest_only.py for tasks to queue
[2022-08-23 00:05:30,904] {logging_mixin.py:115} INFO - [2022-08-23 00:05:30,904] {dagbag.py:508} INFO - Filling up the DagBag from /home/airflow/.local/lib/python3.7/site-packages/airflow/example_dags/example_latest_only.py
[2022-08-23 00:05:30,925] {processor.py:651} INFO - DAG(s) dict_keys(['latest_only']) retrieved from /home/airflow/.local/lib/python3.7/site-packages/airflow/example_dags/example_latest_only.py
[2022-08-23 00:05:30,998] {logging_mixin.py:115} INFO - [2022-08-23 00:05:30,998] {dag.py:2420} INFO - Sync 1 DAGs
[2022-08-23 00:05:31,056] {logging_mixin.py:115} INFO - [2022-08-23 00:05:31,056] {dag.py:2972} INFO - Setting next_dagrun for latest_only to 2022-08-22T20:05:31.055753+00:00, run_after=2022-08-23T00:05:31.055753+00:00
[2022-08-23 00:05:31,078] {processor.py:161} INFO - Processing /home/airflow/.local/lib/python3.7/site-packages/airflow/example_dags/example_latest_only.py took 0.189 seconds
[2022-08-23 00:06:02,399] {processor.py:153} INFO - Started process (PID=94877) to work on /home/airflow/.local/lib/python3.7/site-packages/airflow/example_dags/example_latest_only.py
[2022-08-23 00:06:02,408] {processor.py:641} INFO - Processing file /home/airflow/.local/lib/python3.7/site-packages/airflow/example_dags/example_latest_only.py for tasks to queue
[2022-08-23 00:06:02,412] {logging_mixin.py:115} INFO - [2022-08-23 00:06:02,412] {dagbag.py:508} INFO - Filling up the DagBag from /home/airflow/.local/lib/python3.7/site-packages/airflow/example_dags/example_latest_only.py
[2022-08-23 00:06:02,430] {processor.py:651} INFO - DAG(s) dict_keys(['latest_only']) retrieved from /home/airflow/.local/lib/python3.7/site-packages/airflow/example_dags/example_latest_only.py
[2022-08-23 00:06:02,510] {logging_mixin.py:115} INFO - [2022-08-23 00:06:02,509] {dag.py:2420} INFO - Sync 1 DAGs
[2022-08-23 00:06:02,611] {logging_mixin.py:115} INFO - [2022-08-23 00:06:02,611] {dag.py:2972} INFO - Setting next_dagrun for latest_only to 2022-08-22T20:06:02.610620+00:00, run_after=2022-08-23T00:06:02.610620+00:00
[2022-08-23 00:06:02,649] {processor.py:161} INFO - Processing /home/airflow/.local/lib/python3.7/site-packages/airflow/example_dags/example_latest_only.py took 0.263 seconds
[2022-08-23 00:06:33,357] {processor.py:153} INFO - Started process (PID=95066) to work on /home/airflow/.local/lib/python3.7/site-packages/airflow/example_dags/example_latest_only.py
[2022-08-23 00:06:33,362] {processor.py:641} INFO - Processing file /home/airflow/.local/lib/python3.7/site-packages/airflow/example_dags/example_latest_only.py for tasks to queue
[2022-08-23 00:06:33,371] {logging_mixin.py:115} INFO - [2022-08-23 00:06:33,370] {dagbag.py:508} INFO - Filling up the DagBag from /home/airflow/.local/lib/python3.7/site-packages/airflow/example_dags/example_latest_only.py
[2022-08-23 00:06:33,401] {processor.py:651} INFO - DAG(s) dict_keys(['latest_only']) retrieved from /home/airflow/.local/lib/python3.7/site-packages/airflow/example_dags/example_latest_only.py
[2022-08-23 00:06:33,522] {logging_mixin.py:115} INFO - [2022-08-23 00:06:33,521] {dag.py:2420} INFO - Sync 1 DAGs
[2022-08-23 00:06:33,844] {logging_mixin.py:115} INFO - [2022-08-23 00:06:33,843] {dag.py:2972} INFO - Setting next_dagrun for latest_only to 2022-08-22T20:06:33.840958+00:00, run_after=2022-08-23T00:06:33.840958+00:00
[2022-08-23 00:06:33,909] {processor.py:161} INFO - Processing /home/airflow/.local/lib/python3.7/site-packages/airflow/example_dags/example_latest_only.py took 0.573 seconds
[2022-08-23 00:07:06,599] {processor.py:153} INFO - Started process (PID=95260) to work on /home/airflow/.local/lib/python3.7/site-packages/airflow/example_dags/example_latest_only.py
[2022-08-23 00:07:06,602] {processor.py:641} INFO - Processing file /home/airflow/.local/lib/python3.7/site-packages/airflow/example_dags/example_latest_only.py for tasks to queue
[2022-08-23 00:07:06,605] {logging_mixin.py:115} INFO - [2022-08-23 00:07:06,605] {dagbag.py:508} INFO - Filling up the DagBag from /home/airflow/.local/lib/python3.7/site-packages/airflow/example_dags/example_latest_only.py
[2022-08-23 00:07:06,618] {processor.py:651} INFO - DAG(s) dict_keys(['latest_only']) retrieved from /home/airflow/.local/lib/python3.7/site-packages/airflow/example_dags/example_latest_only.py
[2022-08-23 00:07:06,678] {logging_mixin.py:115} INFO - [2022-08-23 00:07:06,677] {dag.py:2420} INFO - Sync 1 DAGs
[2022-08-23 00:07:06,724] {logging_mixin.py:115} INFO - [2022-08-23 00:07:06,723] {dag.py:2972} INFO - Setting next_dagrun for latest_only to 2022-08-22T20:07:06.723538+00:00, run_after=2022-08-23T00:07:06.723538+00:00
[2022-08-23 00:07:07,053] {processor.py:161} INFO - Processing /home/airflow/.local/lib/python3.7/site-packages/airflow/example_dags/example_latest_only.py took 0.465 seconds
[2022-08-23 00:07:39,145] {processor.py:153} INFO - Started process (PID=95468) to work on /home/airflow/.local/lib/python3.7/site-packages/airflow/example_dags/example_latest_only.py
[2022-08-23 00:07:39,148] {processor.py:641} INFO - Processing file /home/airflow/.local/lib/python3.7/site-packages/airflow/example_dags/example_latest_only.py for tasks to queue
[2022-08-23 00:07:39,155] {logging_mixin.py:115} INFO - [2022-08-23 00:07:39,154] {dagbag.py:508} INFO - Filling up the DagBag from /home/airflow/.local/lib/python3.7/site-packages/airflow/example_dags/example_latest_only.py
[2022-08-23 00:07:39,171] {processor.py:651} INFO - DAG(s) dict_keys(['latest_only']) retrieved from /home/airflow/.local/lib/python3.7/site-packages/airflow/example_dags/example_latest_only.py
[2022-08-23 00:07:39,240] {logging_mixin.py:115} INFO - [2022-08-23 00:07:39,239] {dag.py:2420} INFO - Sync 1 DAGs
[2022-08-23 00:07:39,321] {logging_mixin.py:115} INFO - [2022-08-23 00:07:39,321] {dag.py:2972} INFO - Setting next_dagrun for latest_only to 2022-08-22T20:07:39.321223+00:00, run_after=2022-08-23T00:07:39.321223+00:00
[2022-08-23 00:07:39,663] {processor.py:161} INFO - Processing /home/airflow/.local/lib/python3.7/site-packages/airflow/example_dags/example_latest_only.py took 0.528 seconds
[2022-08-23 00:08:11,013] {processor.py:153} INFO - Started process (PID=95662) to work on /home/airflow/.local/lib/python3.7/site-packages/airflow/example_dags/example_latest_only.py
[2022-08-23 00:08:11,023] {processor.py:641} INFO - Processing file /home/airflow/.local/lib/python3.7/site-packages/airflow/example_dags/example_latest_only.py for tasks to queue
[2022-08-23 00:08:11,036] {logging_mixin.py:115} INFO - [2022-08-23 00:08:11,036] {dagbag.py:508} INFO - Filling up the DagBag from /home/airflow/.local/lib/python3.7/site-packages/airflow/example_dags/example_latest_only.py
[2022-08-23 00:08:11,073] {processor.py:651} INFO - DAG(s) dict_keys(['latest_only']) retrieved from /home/airflow/.local/lib/python3.7/site-packages/airflow/example_dags/example_latest_only.py
[2022-08-23 00:08:11,177] {logging_mixin.py:115} INFO - [2022-08-23 00:08:11,177] {dag.py:2420} INFO - Sync 1 DAGs
[2022-08-23 00:08:11,265] {logging_mixin.py:115} INFO - [2022-08-23 00:08:11,265] {dag.py:2972} INFO - Setting next_dagrun for latest_only to 2022-08-22T20:08:11.264714+00:00, run_after=2022-08-23T00:08:11.264714+00:00
[2022-08-23 00:08:11,674] {processor.py:161} INFO - Processing /home/airflow/.local/lib/python3.7/site-packages/airflow/example_dags/example_latest_only.py took 0.685 seconds
[2022-08-23 00:08:42,576] {processor.py:153} INFO - Started process (PID=95862) to work on /home/airflow/.local/lib/python3.7/site-packages/airflow/example_dags/example_latest_only.py
[2022-08-23 00:08:42,582] {processor.py:641} INFO - Processing file /home/airflow/.local/lib/python3.7/site-packages/airflow/example_dags/example_latest_only.py for tasks to queue
[2022-08-23 00:08:42,586] {logging_mixin.py:115} INFO - [2022-08-23 00:08:42,586] {dagbag.py:508} INFO - Filling up the DagBag from /home/airflow/.local/lib/python3.7/site-packages/airflow/example_dags/example_latest_only.py
[2022-08-23 00:08:42,628] {processor.py:651} INFO - DAG(s) dict_keys(['latest_only']) retrieved from /home/airflow/.local/lib/python3.7/site-packages/airflow/example_dags/example_latest_only.py
[2022-08-23 00:08:42,985] {logging_mixin.py:115} INFO - [2022-08-23 00:08:42,985] {dag.py:2420} INFO - Sync 1 DAGs
[2022-08-23 00:08:43,173] {logging_mixin.py:115} INFO - [2022-08-23 00:08:43,173] {dag.py:2972} INFO - Setting next_dagrun for latest_only to 2022-08-22T20:08:43.173165+00:00, run_after=2022-08-23T00:08:43.173165+00:00
[2022-08-23 00:08:44,286] {processor.py:161} INFO - Processing /home/airflow/.local/lib/python3.7/site-packages/airflow/example_dags/example_latest_only.py took 1.728 seconds
[2022-08-23 00:09:14,511] {processor.py:153} INFO - Started process (PID=96044) to work on /home/airflow/.local/lib/python3.7/site-packages/airflow/example_dags/example_latest_only.py
[2022-08-23 00:09:14,513] {processor.py:641} INFO - Processing file /home/airflow/.local/lib/python3.7/site-packages/airflow/example_dags/example_latest_only.py for tasks to queue
[2022-08-23 00:09:14,516] {logging_mixin.py:115} INFO - [2022-08-23 00:09:14,516] {dagbag.py:508} INFO - Filling up the DagBag from /home/airflow/.local/lib/python3.7/site-packages/airflow/example_dags/example_latest_only.py
[2022-08-23 00:09:14,531] {processor.py:651} INFO - DAG(s) dict_keys(['latest_only']) retrieved from /home/airflow/.local/lib/python3.7/site-packages/airflow/example_dags/example_latest_only.py
[2022-08-23 00:09:14,577] {logging_mixin.py:115} INFO - [2022-08-23 00:09:14,577] {dag.py:2420} INFO - Sync 1 DAGs
[2022-08-23 00:09:14,616] {logging_mixin.py:115} INFO - [2022-08-23 00:09:14,616] {dag.py:2972} INFO - Setting next_dagrun for latest_only to 2022-08-22T20:09:14.616448+00:00, run_after=2022-08-23T00:09:14.616448+00:00
[2022-08-23 00:09:14,826] {processor.py:161} INFO - Processing /home/airflow/.local/lib/python3.7/site-packages/airflow/example_dags/example_latest_only.py took 0.327 seconds
[2022-08-23 00:09:45,054] {processor.py:153} INFO - Started process (PID=96238) to work on /home/airflow/.local/lib/python3.7/site-packages/airflow/example_dags/example_latest_only.py
[2022-08-23 00:09:45,057] {processor.py:641} INFO - Processing file /home/airflow/.local/lib/python3.7/site-packages/airflow/example_dags/example_latest_only.py for tasks to queue
[2022-08-23 00:09:45,064] {logging_mixin.py:115} INFO - [2022-08-23 00:09:45,063] {dagbag.py:508} INFO - Filling up the DagBag from /home/airflow/.local/lib/python3.7/site-packages/airflow/example_dags/example_latest_only.py
[2022-08-23 00:09:45,083] {processor.py:651} INFO - DAG(s) dict_keys(['latest_only']) retrieved from /home/airflow/.local/lib/python3.7/site-packages/airflow/example_dags/example_latest_only.py
[2022-08-23 00:09:45,152] {logging_mixin.py:115} INFO - [2022-08-23 00:09:45,152] {dag.py:2420} INFO - Sync 1 DAGs
[2022-08-23 00:09:45,204] {logging_mixin.py:115} INFO - [2022-08-23 00:09:45,204] {dag.py:2972} INFO - Setting next_dagrun for latest_only to 2022-08-22T20:09:45.203846+00:00, run_after=2022-08-23T00:09:45.203846+00:00
[2022-08-23 00:09:45,445] {processor.py:161} INFO - Processing /home/airflow/.local/lib/python3.7/site-packages/airflow/example_dags/example_latest_only.py took 0.399 seconds
[2022-08-23 00:10:15,914] {processor.py:153} INFO - Started process (PID=96432) to work on /home/airflow/.local/lib/python3.7/site-packages/airflow/example_dags/example_latest_only.py
[2022-08-23 00:10:15,922] {processor.py:641} INFO - Processing file /home/airflow/.local/lib/python3.7/site-packages/airflow/example_dags/example_latest_only.py for tasks to queue
[2022-08-23 00:10:15,930] {logging_mixin.py:115} INFO - [2022-08-23 00:10:15,930] {dagbag.py:508} INFO - Filling up the DagBag from /home/airflow/.local/lib/python3.7/site-packages/airflow/example_dags/example_latest_only.py
[2022-08-23 00:10:16,016] {processor.py:651} INFO - DAG(s) dict_keys(['latest_only']) retrieved from /home/airflow/.local/lib/python3.7/site-packages/airflow/example_dags/example_latest_only.py
[2022-08-23 00:10:16,199] {logging_mixin.py:115} INFO - [2022-08-23 00:10:16,199] {dag.py:2420} INFO - Sync 1 DAGs
[2022-08-23 00:10:16,318] {logging_mixin.py:115} INFO - [2022-08-23 00:10:16,318] {dag.py:2972} INFO - Setting next_dagrun for latest_only to 2022-08-22T20:10:16.315978+00:00, run_after=2022-08-23T00:10:16.315978+00:00
[2022-08-23 00:10:16,691] {processor.py:161} INFO - Processing /home/airflow/.local/lib/python3.7/site-packages/airflow/example_dags/example_latest_only.py took 0.805 seconds
[2022-08-23 00:10:47,284] {processor.py:153} INFO - Started process (PID=96635) to work on /home/airflow/.local/lib/python3.7/site-packages/airflow/example_dags/example_latest_only.py
[2022-08-23 00:10:47,287] {processor.py:641} INFO - Processing file /home/airflow/.local/lib/python3.7/site-packages/airflow/example_dags/example_latest_only.py for tasks to queue
[2022-08-23 00:10:47,289] {logging_mixin.py:115} INFO - [2022-08-23 00:10:47,289] {dagbag.py:508} INFO - Filling up the DagBag from /home/airflow/.local/lib/python3.7/site-packages/airflow/example_dags/example_latest_only.py
[2022-08-23 00:10:47,310] {processor.py:651} INFO - DAG(s) dict_keys(['latest_only']) retrieved from /home/airflow/.local/lib/python3.7/site-packages/airflow/example_dags/example_latest_only.py
[2022-08-23 00:10:47,378] {logging_mixin.py:115} INFO - [2022-08-23 00:10:47,377] {dag.py:2420} INFO - Sync 1 DAGs
[2022-08-23 00:10:47,422] {logging_mixin.py:115} INFO - [2022-08-23 00:10:47,421] {dag.py:2972} INFO - Setting next_dagrun for latest_only to 2022-08-22T20:10:47.421507+00:00, run_after=2022-08-23T00:10:47.421507+00:00
[2022-08-23 00:10:47,627] {processor.py:161} INFO - Processing /home/airflow/.local/lib/python3.7/site-packages/airflow/example_dags/example_latest_only.py took 0.353 seconds
[2022-08-23 00:11:17,957] {processor.py:153} INFO - Started process (PID=96829) to work on /home/airflow/.local/lib/python3.7/site-packages/airflow/example_dags/example_latest_only.py
[2022-08-23 00:11:17,960] {processor.py:641} INFO - Processing file /home/airflow/.local/lib/python3.7/site-packages/airflow/example_dags/example_latest_only.py for tasks to queue
[2022-08-23 00:11:17,963] {logging_mixin.py:115} INFO - [2022-08-23 00:11:17,962] {dagbag.py:508} INFO - Filling up the DagBag from /home/airflow/.local/lib/python3.7/site-packages/airflow/example_dags/example_latest_only.py
[2022-08-23 00:11:17,975] {processor.py:651} INFO - DAG(s) dict_keys(['latest_only']) retrieved from /home/airflow/.local/lib/python3.7/site-packages/airflow/example_dags/example_latest_only.py
[2022-08-23 00:11:18,023] {logging_mixin.py:115} INFO - [2022-08-23 00:11:18,022] {dag.py:2420} INFO - Sync 1 DAGs
[2022-08-23 00:11:18,068] {logging_mixin.py:115} INFO - [2022-08-23 00:11:18,068] {dag.py:2972} INFO - Setting next_dagrun for latest_only to 2022-08-22T20:11:18.066509+00:00, run_after=2022-08-23T00:11:18.066509+00:00
[2022-08-23 00:11:18,288] {processor.py:161} INFO - Processing /home/airflow/.local/lib/python3.7/site-packages/airflow/example_dags/example_latest_only.py took 0.341 seconds
[2022-08-23 00:11:49,075] {processor.py:153} INFO - Started process (PID=97024) to work on /home/airflow/.local/lib/python3.7/site-packages/airflow/example_dags/example_latest_only.py
[2022-08-23 00:11:49,078] {processor.py:641} INFO - Processing file /home/airflow/.local/lib/python3.7/site-packages/airflow/example_dags/example_latest_only.py for tasks to queue
[2022-08-23 00:11:49,083] {logging_mixin.py:115} INFO - [2022-08-23 00:11:49,083] {dagbag.py:508} INFO - Filling up the DagBag from /home/airflow/.local/lib/python3.7/site-packages/airflow/example_dags/example_latest_only.py
[2022-08-23 00:11:49,094] {processor.py:651} INFO - DAG(s) dict_keys(['latest_only']) retrieved from /home/airflow/.local/lib/python3.7/site-packages/airflow/example_dags/example_latest_only.py
[2022-08-23 00:11:49,144] {logging_mixin.py:115} INFO - [2022-08-23 00:11:49,144] {dag.py:2420} INFO - Sync 1 DAGs
[2022-08-23 00:11:49,187] {logging_mixin.py:115} INFO - [2022-08-23 00:11:49,187] {dag.py:2972} INFO - Setting next_dagrun for latest_only to 2022-08-22T20:11:49.186691+00:00, run_after=2022-08-23T00:11:49.186691+00:00
[2022-08-23 00:11:49,412] {processor.py:161} INFO - Processing /home/airflow/.local/lib/python3.7/site-packages/airflow/example_dags/example_latest_only.py took 0.347 seconds
[2022-08-23 00:12:19,607] {processor.py:153} INFO - Started process (PID=97218) to work on /home/airflow/.local/lib/python3.7/site-packages/airflow/example_dags/example_latest_only.py
[2022-08-23 00:12:19,614] {processor.py:641} INFO - Processing file /home/airflow/.local/lib/python3.7/site-packages/airflow/example_dags/example_latest_only.py for tasks to queue
[2022-08-23 00:12:19,618] {logging_mixin.py:115} INFO - [2022-08-23 00:12:19,618] {dagbag.py:508} INFO - Filling up the DagBag from /home/airflow/.local/lib/python3.7/site-packages/airflow/example_dags/example_latest_only.py
[2022-08-23 00:12:19,634] {processor.py:651} INFO - DAG(s) dict_keys(['latest_only']) retrieved from /home/airflow/.local/lib/python3.7/site-packages/airflow/example_dags/example_latest_only.py
[2022-08-23 00:12:19,696] {logging_mixin.py:115} INFO - [2022-08-23 00:12:19,695] {dag.py:2420} INFO - Sync 1 DAGs
[2022-08-23 00:12:19,743] {logging_mixin.py:115} INFO - [2022-08-23 00:12:19,743] {dag.py:2972} INFO - Setting next_dagrun for latest_only to 2022-08-22T20:12:19.742892+00:00, run_after=2022-08-23T00:12:19.742892+00:00
[2022-08-23 00:12:19,971] {processor.py:161} INFO - Processing /home/airflow/.local/lib/python3.7/site-packages/airflow/example_dags/example_latest_only.py took 0.374 seconds
[2022-08-23 00:12:50,695] {processor.py:153} INFO - Started process (PID=97414) to work on /home/airflow/.local/lib/python3.7/site-packages/airflow/example_dags/example_latest_only.py
[2022-08-23 00:12:50,707] {processor.py:641} INFO - Processing file /home/airflow/.local/lib/python3.7/site-packages/airflow/example_dags/example_latest_only.py for tasks to queue
[2022-08-23 00:12:50,712] {logging_mixin.py:115} INFO - [2022-08-23 00:12:50,711] {dagbag.py:508} INFO - Filling up the DagBag from /home/airflow/.local/lib/python3.7/site-packages/airflow/example_dags/example_latest_only.py
[2022-08-23 00:12:50,842] {processor.py:651} INFO - DAG(s) dict_keys(['latest_only']) retrieved from /home/airflow/.local/lib/python3.7/site-packages/airflow/example_dags/example_latest_only.py
[2022-08-23 00:12:51,066] {logging_mixin.py:115} INFO - [2022-08-23 00:12:51,066] {dag.py:2420} INFO - Sync 1 DAGs
[2022-08-23 00:12:51,302] {logging_mixin.py:115} INFO - [2022-08-23 00:12:51,301] {dag.py:2972} INFO - Setting next_dagrun for latest_only to 2022-08-22T20:12:51.300585+00:00, run_after=2022-08-23T00:12:51.300585+00:00
[2022-08-23 00:12:52,035] {processor.py:161} INFO - Processing /home/airflow/.local/lib/python3.7/site-packages/airflow/example_dags/example_latest_only.py took 1.359 seconds
[2022-08-23 00:13:22,561] {processor.py:153} INFO - Started process (PID=97616) to work on /home/airflow/.local/lib/python3.7/site-packages/airflow/example_dags/example_latest_only.py
[2022-08-23 00:13:22,564] {processor.py:641} INFO - Processing file /home/airflow/.local/lib/python3.7/site-packages/airflow/example_dags/example_latest_only.py for tasks to queue
[2022-08-23 00:13:22,567] {logging_mixin.py:115} INFO - [2022-08-23 00:13:22,567] {dagbag.py:508} INFO - Filling up the DagBag from /home/airflow/.local/lib/python3.7/site-packages/airflow/example_dags/example_latest_only.py
[2022-08-23 00:13:22,588] {processor.py:651} INFO - DAG(s) dict_keys(['latest_only']) retrieved from /home/airflow/.local/lib/python3.7/site-packages/airflow/example_dags/example_latest_only.py
[2022-08-23 00:13:22,656] {logging_mixin.py:115} INFO - [2022-08-23 00:13:22,655] {dag.py:2420} INFO - Sync 1 DAGs
[2022-08-23 00:13:22,716] {logging_mixin.py:115} INFO - [2022-08-23 00:13:22,715] {dag.py:2972} INFO - Setting next_dagrun for latest_only to 2022-08-22T20:13:22.715387+00:00, run_after=2022-08-23T00:13:22.715387+00:00
[2022-08-23 00:13:22,947] {processor.py:161} INFO - Processing /home/airflow/.local/lib/python3.7/site-packages/airflow/example_dags/example_latest_only.py took 0.398 seconds
[2022-08-23 00:13:53,350] {processor.py:153} INFO - Started process (PID=97809) to work on /home/airflow/.local/lib/python3.7/site-packages/airflow/example_dags/example_latest_only.py
[2022-08-23 00:13:53,356] {processor.py:641} INFO - Processing file /home/airflow/.local/lib/python3.7/site-packages/airflow/example_dags/example_latest_only.py for tasks to queue
[2022-08-23 00:13:53,364] {logging_mixin.py:115} INFO - [2022-08-23 00:13:53,363] {dagbag.py:508} INFO - Filling up the DagBag from /home/airflow/.local/lib/python3.7/site-packages/airflow/example_dags/example_latest_only.py
[2022-08-23 00:13:53,396] {processor.py:651} INFO - DAG(s) dict_keys(['latest_only']) retrieved from /home/airflow/.local/lib/python3.7/site-packages/airflow/example_dags/example_latest_only.py
[2022-08-23 00:13:53,728] {logging_mixin.py:115} INFO - [2022-08-23 00:13:53,728] {dag.py:2420} INFO - Sync 1 DAGs
[2022-08-23 00:13:53,865] {logging_mixin.py:115} INFO - [2022-08-23 00:13:53,860] {dag.py:2972} INFO - Setting next_dagrun for latest_only to 2022-08-22T20:13:53.859210+00:00, run_after=2022-08-23T00:13:53.859210+00:00
[2022-08-23 00:13:54,794] {processor.py:161} INFO - Processing /home/airflow/.local/lib/python3.7/site-packages/airflow/example_dags/example_latest_only.py took 1.464 seconds
[2022-08-23 00:14:27,230] {processor.py:153} INFO - Started process (PID=98004) to work on /home/airflow/.local/lib/python3.7/site-packages/airflow/example_dags/example_latest_only.py
[2022-08-23 00:14:27,244] {processor.py:641} INFO - Processing file /home/airflow/.local/lib/python3.7/site-packages/airflow/example_dags/example_latest_only.py for tasks to queue
[2022-08-23 00:14:27,253] {logging_mixin.py:115} INFO - [2022-08-23 00:14:27,252] {dagbag.py:508} INFO - Filling up the DagBag from /home/airflow/.local/lib/python3.7/site-packages/airflow/example_dags/example_latest_only.py
[2022-08-23 00:14:27,308] {processor.py:651} INFO - DAG(s) dict_keys(['latest_only']) retrieved from /home/airflow/.local/lib/python3.7/site-packages/airflow/example_dags/example_latest_only.py
[2022-08-23 00:14:27,389] {logging_mixin.py:115} INFO - [2022-08-23 00:14:27,389] {dag.py:2420} INFO - Sync 1 DAGs
[2022-08-23 00:14:27,438] {logging_mixin.py:115} INFO - [2022-08-23 00:14:27,438] {dag.py:2972} INFO - Setting next_dagrun for latest_only to 2022-08-22T20:14:27.437695+00:00, run_after=2022-08-23T00:14:27.437695+00:00
[2022-08-23 00:14:27,666] {processor.py:161} INFO - Processing /home/airflow/.local/lib/python3.7/site-packages/airflow/example_dags/example_latest_only.py took 0.454 seconds
[2022-08-23 00:14:58,186] {processor.py:153} INFO - Started process (PID=98199) to work on /home/airflow/.local/lib/python3.7/site-packages/airflow/example_dags/example_latest_only.py
[2022-08-23 00:14:58,189] {processor.py:641} INFO - Processing file /home/airflow/.local/lib/python3.7/site-packages/airflow/example_dags/example_latest_only.py for tasks to queue
[2022-08-23 00:14:58,191] {logging_mixin.py:115} INFO - [2022-08-23 00:14:58,191] {dagbag.py:508} INFO - Filling up the DagBag from /home/airflow/.local/lib/python3.7/site-packages/airflow/example_dags/example_latest_only.py
[2022-08-23 00:14:58,203] {processor.py:651} INFO - DAG(s) dict_keys(['latest_only']) retrieved from /home/airflow/.local/lib/python3.7/site-packages/airflow/example_dags/example_latest_only.py
[2022-08-23 00:14:58,250] {logging_mixin.py:115} INFO - [2022-08-23 00:14:58,250] {dag.py:2420} INFO - Sync 1 DAGs
[2022-08-23 00:14:58,289] {logging_mixin.py:115} INFO - [2022-08-23 00:14:58,289] {dag.py:2972} INFO - Setting next_dagrun for latest_only to 2022-08-22T20:14:58.288805+00:00, run_after=2022-08-23T00:14:58.288805+00:00
[2022-08-23 00:14:58,491] {processor.py:161} INFO - Processing /home/airflow/.local/lib/python3.7/site-packages/airflow/example_dags/example_latest_only.py took 0.314 seconds
[2022-08-23 00:15:28,670] {processor.py:153} INFO - Started process (PID=98390) to work on /home/airflow/.local/lib/python3.7/site-packages/airflow/example_dags/example_latest_only.py
[2022-08-23 00:15:28,673] {processor.py:641} INFO - Processing file /home/airflow/.local/lib/python3.7/site-packages/airflow/example_dags/example_latest_only.py for tasks to queue
[2022-08-23 00:15:28,675] {logging_mixin.py:115} INFO - [2022-08-23 00:15:28,675] {dagbag.py:508} INFO - Filling up the DagBag from /home/airflow/.local/lib/python3.7/site-packages/airflow/example_dags/example_latest_only.py
[2022-08-23 00:15:28,688] {processor.py:651} INFO - DAG(s) dict_keys(['latest_only']) retrieved from /home/airflow/.local/lib/python3.7/site-packages/airflow/example_dags/example_latest_only.py
[2022-08-23 00:15:28,751] {logging_mixin.py:115} INFO - [2022-08-23 00:15:28,751] {dag.py:2420} INFO - Sync 1 DAGs
[2022-08-23 00:15:28,817] {logging_mixin.py:115} INFO - [2022-08-23 00:15:28,817] {dag.py:2972} INFO - Setting next_dagrun for latest_only to 2022-08-22T20:15:28.817094+00:00, run_after=2022-08-23T00:15:28.817094+00:00
[2022-08-23 00:15:29,075] {processor.py:161} INFO - Processing /home/airflow/.local/lib/python3.7/site-packages/airflow/example_dags/example_latest_only.py took 0.414 seconds
[2022-08-23 00:15:59,393] {processor.py:153} INFO - Started process (PID=98593) to work on /home/airflow/.local/lib/python3.7/site-packages/airflow/example_dags/example_latest_only.py
[2022-08-23 00:15:59,396] {processor.py:641} INFO - Processing file /home/airflow/.local/lib/python3.7/site-packages/airflow/example_dags/example_latest_only.py for tasks to queue
[2022-08-23 00:15:59,398] {logging_mixin.py:115} INFO - [2022-08-23 00:15:59,397] {dagbag.py:508} INFO - Filling up the DagBag from /home/airflow/.local/lib/python3.7/site-packages/airflow/example_dags/example_latest_only.py
[2022-08-23 00:15:59,413] {processor.py:651} INFO - DAG(s) dict_keys(['latest_only']) retrieved from /home/airflow/.local/lib/python3.7/site-packages/airflow/example_dags/example_latest_only.py
[2022-08-23 00:15:59,463] {logging_mixin.py:115} INFO - [2022-08-23 00:15:59,463] {dag.py:2420} INFO - Sync 1 DAGs
[2022-08-23 00:15:59,506] {logging_mixin.py:115} INFO - [2022-08-23 00:15:59,506] {dag.py:2972} INFO - Setting next_dagrun for latest_only to 2022-08-22T20:15:59.506153+00:00, run_after=2022-08-23T00:15:59.506153+00:00
[2022-08-23 00:15:59,881] {processor.py:161} INFO - Processing /home/airflow/.local/lib/python3.7/site-packages/airflow/example_dags/example_latest_only.py took 0.496 seconds
[2022-08-23 00:16:30,311] {processor.py:153} INFO - Started process (PID=98787) to work on /home/airflow/.local/lib/python3.7/site-packages/airflow/example_dags/example_latest_only.py
[2022-08-23 00:16:30,316] {processor.py:641} INFO - Processing file /home/airflow/.local/lib/python3.7/site-packages/airflow/example_dags/example_latest_only.py for tasks to queue
[2022-08-23 00:16:30,321] {logging_mixin.py:115} INFO - [2022-08-23 00:16:30,320] {dagbag.py:508} INFO - Filling up the DagBag from /home/airflow/.local/lib/python3.7/site-packages/airflow/example_dags/example_latest_only.py
[2022-08-23 00:16:30,344] {processor.py:651} INFO - DAG(s) dict_keys(['latest_only']) retrieved from /home/airflow/.local/lib/python3.7/site-packages/airflow/example_dags/example_latest_only.py
[2022-08-23 00:16:30,451] {logging_mixin.py:115} INFO - [2022-08-23 00:16:30,451] {dag.py:2420} INFO - Sync 1 DAGs
[2022-08-23 00:16:30,757] {logging_mixin.py:115} INFO - [2022-08-23 00:16:30,757] {dag.py:2972} INFO - Setting next_dagrun for latest_only to 2022-08-22T20:16:30.750413+00:00, run_after=2022-08-23T00:16:30.750413+00:00
[2022-08-23 00:16:31,421] {processor.py:161} INFO - Processing /home/airflow/.local/lib/python3.7/site-packages/airflow/example_dags/example_latest_only.py took 1.142 seconds
[2022-08-23 00:17:02,249] {processor.py:153} INFO - Started process (PID=98986) to work on /home/airflow/.local/lib/python3.7/site-packages/airflow/example_dags/example_latest_only.py
[2022-08-23 00:17:02,254] {processor.py:641} INFO - Processing file /home/airflow/.local/lib/python3.7/site-packages/airflow/example_dags/example_latest_only.py for tasks to queue
[2022-08-23 00:17:02,256] {logging_mixin.py:115} INFO - [2022-08-23 00:17:02,255] {dagbag.py:508} INFO - Filling up the DagBag from /home/airflow/.local/lib/python3.7/site-packages/airflow/example_dags/example_latest_only.py
[2022-08-23 00:17:02,271] {processor.py:651} INFO - DAG(s) dict_keys(['latest_only']) retrieved from /home/airflow/.local/lib/python3.7/site-packages/airflow/example_dags/example_latest_only.py
[2022-08-23 00:17:02,316] {logging_mixin.py:115} INFO - [2022-08-23 00:17:02,316] {dag.py:2420} INFO - Sync 1 DAGs
[2022-08-23 00:17:02,585] {logging_mixin.py:115} INFO - [2022-08-23 00:17:02,585] {dag.py:2972} INFO - Setting next_dagrun for latest_only to 2022-08-22T20:17:02.585029+00:00, run_after=2022-08-23T00:17:02.585029+00:00
[2022-08-23 00:17:02,622] {processor.py:161} INFO - Processing /home/airflow/.local/lib/python3.7/site-packages/airflow/example_dags/example_latest_only.py took 0.391 seconds
[2022-08-23 00:17:33,153] {processor.py:153} INFO - Started process (PID=99183) to work on /home/airflow/.local/lib/python3.7/site-packages/airflow/example_dags/example_latest_only.py
[2022-08-23 00:17:33,156] {processor.py:641} INFO - Processing file /home/airflow/.local/lib/python3.7/site-packages/airflow/example_dags/example_latest_only.py for tasks to queue
[2022-08-23 00:17:33,159] {logging_mixin.py:115} INFO - [2022-08-23 00:17:33,159] {dagbag.py:508} INFO - Filling up the DagBag from /home/airflow/.local/lib/python3.7/site-packages/airflow/example_dags/example_latest_only.py
[2022-08-23 00:17:33,172] {processor.py:651} INFO - DAG(s) dict_keys(['latest_only']) retrieved from /home/airflow/.local/lib/python3.7/site-packages/airflow/example_dags/example_latest_only.py
[2022-08-23 00:17:33,225] {logging_mixin.py:115} INFO - [2022-08-23 00:17:33,225] {dag.py:2420} INFO - Sync 1 DAGs
[2022-08-23 00:17:33,448] {logging_mixin.py:115} INFO - [2022-08-23 00:17:33,448] {dag.py:2972} INFO - Setting next_dagrun for latest_only to 2022-08-22T20:17:33.447464+00:00, run_after=2022-08-23T00:17:33.447464+00:00
[2022-08-23 00:17:33,477] {processor.py:161} INFO - Processing /home/airflow/.local/lib/python3.7/site-packages/airflow/example_dags/example_latest_only.py took 0.330 seconds
[2022-08-23 00:18:03,995] {processor.py:153} INFO - Started process (PID=99386) to work on /home/airflow/.local/lib/python3.7/site-packages/airflow/example_dags/example_latest_only.py
[2022-08-23 00:18:04,002] {processor.py:641} INFO - Processing file /home/airflow/.local/lib/python3.7/site-packages/airflow/example_dags/example_latest_only.py for tasks to queue
[2022-08-23 00:18:04,004] {logging_mixin.py:115} INFO - [2022-08-23 00:18:04,003] {dagbag.py:508} INFO - Filling up the DagBag from /home/airflow/.local/lib/python3.7/site-packages/airflow/example_dags/example_latest_only.py
[2022-08-23 00:18:04,021] {processor.py:651} INFO - DAG(s) dict_keys(['latest_only']) retrieved from /home/airflow/.local/lib/python3.7/site-packages/airflow/example_dags/example_latest_only.py
[2022-08-23 00:18:04,109] {logging_mixin.py:115} INFO - [2022-08-23 00:18:04,108] {dag.py:2420} INFO - Sync 1 DAGs
[2022-08-23 00:18:04,390] {logging_mixin.py:115} INFO - [2022-08-23 00:18:04,390] {dag.py:2972} INFO - Setting next_dagrun for latest_only to 2022-08-22T20:18:04.390370+00:00, run_after=2022-08-23T00:18:04.390370+00:00
[2022-08-23 00:18:04,411] {processor.py:161} INFO - Processing /home/airflow/.local/lib/python3.7/site-packages/airflow/example_dags/example_latest_only.py took 0.420 seconds
[2022-08-23 00:18:34,624] {processor.py:153} INFO - Started process (PID=99580) to work on /home/airflow/.local/lib/python3.7/site-packages/airflow/example_dags/example_latest_only.py
[2022-08-23 00:18:34,626] {processor.py:641} INFO - Processing file /home/airflow/.local/lib/python3.7/site-packages/airflow/example_dags/example_latest_only.py for tasks to queue
[2022-08-23 00:18:34,627] {logging_mixin.py:115} INFO - [2022-08-23 00:18:34,627] {dagbag.py:508} INFO - Filling up the DagBag from /home/airflow/.local/lib/python3.7/site-packages/airflow/example_dags/example_latest_only.py
[2022-08-23 00:18:34,652] {processor.py:651} INFO - DAG(s) dict_keys(['latest_only']) retrieved from /home/airflow/.local/lib/python3.7/site-packages/airflow/example_dags/example_latest_only.py
[2022-08-23 00:18:34,699] {logging_mixin.py:115} INFO - [2022-08-23 00:18:34,698] {dag.py:2420} INFO - Sync 1 DAGs
[2022-08-23 00:18:34,905] {logging_mixin.py:115} INFO - [2022-08-23 00:18:34,905] {dag.py:2972} INFO - Setting next_dagrun for latest_only to 2022-08-22T20:18:34.904640+00:00, run_after=2022-08-23T00:18:34.904640+00:00
[2022-08-23 00:18:34,934] {processor.py:161} INFO - Processing /home/airflow/.local/lib/python3.7/site-packages/airflow/example_dags/example_latest_only.py took 0.320 seconds
[2022-08-23 00:19:05,172] {processor.py:153} INFO - Started process (PID=99773) to work on /home/airflow/.local/lib/python3.7/site-packages/airflow/example_dags/example_latest_only.py
[2022-08-23 00:19:05,174] {processor.py:641} INFO - Processing file /home/airflow/.local/lib/python3.7/site-packages/airflow/example_dags/example_latest_only.py for tasks to queue
[2022-08-23 00:19:05,177] {logging_mixin.py:115} INFO - [2022-08-23 00:19:05,177] {dagbag.py:508} INFO - Filling up the DagBag from /home/airflow/.local/lib/python3.7/site-packages/airflow/example_dags/example_latest_only.py
[2022-08-23 00:19:05,202] {processor.py:651} INFO - DAG(s) dict_keys(['latest_only']) retrieved from /home/airflow/.local/lib/python3.7/site-packages/airflow/example_dags/example_latest_only.py
[2022-08-23 00:19:05,278] {logging_mixin.py:115} INFO - [2022-08-23 00:19:05,278] {dag.py:2420} INFO - Sync 1 DAGs
[2022-08-23 00:19:05,537] {logging_mixin.py:115} INFO - [2022-08-23 00:19:05,537] {dag.py:2972} INFO - Setting next_dagrun for latest_only to 2022-08-22T20:19:05.536905+00:00, run_after=2022-08-23T00:19:05.536905+00:00
[2022-08-23 00:19:05,573] {processor.py:161} INFO - Processing /home/airflow/.local/lib/python3.7/site-packages/airflow/example_dags/example_latest_only.py took 0.415 seconds
[2022-08-23 00:19:35,795] {processor.py:153} INFO - Started process (PID=99976) to work on /home/airflow/.local/lib/python3.7/site-packages/airflow/example_dags/example_latest_only.py
[2022-08-23 00:19:35,797] {processor.py:641} INFO - Processing file /home/airflow/.local/lib/python3.7/site-packages/airflow/example_dags/example_latest_only.py for tasks to queue
[2022-08-23 00:19:35,801] {logging_mixin.py:115} INFO - [2022-08-23 00:19:35,801] {dagbag.py:508} INFO - Filling up the DagBag from /home/airflow/.local/lib/python3.7/site-packages/airflow/example_dags/example_latest_only.py
[2022-08-23 00:19:35,823] {processor.py:651} INFO - DAG(s) dict_keys(['latest_only']) retrieved from /home/airflow/.local/lib/python3.7/site-packages/airflow/example_dags/example_latest_only.py
[2022-08-23 00:19:35,890] {logging_mixin.py:115} INFO - [2022-08-23 00:19:35,890] {dag.py:2420} INFO - Sync 1 DAGs
[2022-08-23 00:19:36,217] {logging_mixin.py:115} INFO - [2022-08-23 00:19:36,217] {dag.py:2972} INFO - Setting next_dagrun for latest_only to 2022-08-22T20:19:36.217070+00:00, run_after=2022-08-23T00:19:36.217070+00:00
[2022-08-23 00:19:36,245] {processor.py:161} INFO - Processing /home/airflow/.local/lib/python3.7/site-packages/airflow/example_dags/example_latest_only.py took 0.491 seconds
[2022-08-23 00:20:06,475] {processor.py:153} INFO - Started process (PID=466) to work on /home/airflow/.local/lib/python3.7/site-packages/airflow/example_dags/example_latest_only.py
[2022-08-23 00:20:06,479] {processor.py:641} INFO - Processing file /home/airflow/.local/lib/python3.7/site-packages/airflow/example_dags/example_latest_only.py for tasks to queue
[2022-08-23 00:20:06,484] {logging_mixin.py:115} INFO - [2022-08-23 00:20:06,484] {dagbag.py:508} INFO - Filling up the DagBag from /home/airflow/.local/lib/python3.7/site-packages/airflow/example_dags/example_latest_only.py
[2022-08-23 00:20:06,512] {processor.py:651} INFO - DAG(s) dict_keys(['latest_only']) retrieved from /home/airflow/.local/lib/python3.7/site-packages/airflow/example_dags/example_latest_only.py
[2022-08-23 00:20:06,609] {logging_mixin.py:115} INFO - [2022-08-23 00:20:06,608] {dag.py:2420} INFO - Sync 1 DAGs
[2022-08-23 00:20:07,296] {logging_mixin.py:115} INFO - [2022-08-23 00:20:07,295] {dag.py:2972} INFO - Setting next_dagrun for latest_only to 2022-08-22T20:20:07.295512+00:00, run_after=2022-08-23T00:20:07.295512+00:00
[2022-08-23 00:20:07,351] {processor.py:161} INFO - Processing /home/airflow/.local/lib/python3.7/site-packages/airflow/example_dags/example_latest_only.py took 0.886 seconds
[2022-08-23 00:20:37,658] {processor.py:153} INFO - Started process (PID=673) to work on /home/airflow/.local/lib/python3.7/site-packages/airflow/example_dags/example_latest_only.py
[2022-08-23 00:20:37,665] {processor.py:641} INFO - Processing file /home/airflow/.local/lib/python3.7/site-packages/airflow/example_dags/example_latest_only.py for tasks to queue
[2022-08-23 00:20:37,668] {logging_mixin.py:115} INFO - [2022-08-23 00:20:37,667] {dagbag.py:508} INFO - Filling up the DagBag from /home/airflow/.local/lib/python3.7/site-packages/airflow/example_dags/example_latest_only.py
[2022-08-23 00:20:37,684] {processor.py:651} INFO - DAG(s) dict_keys(['latest_only']) retrieved from /home/airflow/.local/lib/python3.7/site-packages/airflow/example_dags/example_latest_only.py
[2022-08-23 00:20:37,746] {logging_mixin.py:115} INFO - [2022-08-23 00:20:37,745] {dag.py:2420} INFO - Sync 1 DAGs
[2022-08-23 00:20:37,971] {logging_mixin.py:115} INFO - [2022-08-23 00:20:37,971] {dag.py:2972} INFO - Setting next_dagrun for latest_only to 2022-08-22T20:20:37.970655+00:00, run_after=2022-08-23T00:20:37.970655+00:00
[2022-08-23 00:20:38,019] {processor.py:161} INFO - Processing /home/airflow/.local/lib/python3.7/site-packages/airflow/example_dags/example_latest_only.py took 0.378 seconds
[2022-08-23 00:21:08,197] {processor.py:153} INFO - Started process (PID=865) to work on /home/airflow/.local/lib/python3.7/site-packages/airflow/example_dags/example_latest_only.py
[2022-08-23 00:21:08,199] {processor.py:641} INFO - Processing file /home/airflow/.local/lib/python3.7/site-packages/airflow/example_dags/example_latest_only.py for tasks to queue
[2022-08-23 00:21:08,203] {logging_mixin.py:115} INFO - [2022-08-23 00:21:08,202] {dagbag.py:508} INFO - Filling up the DagBag from /home/airflow/.local/lib/python3.7/site-packages/airflow/example_dags/example_latest_only.py
[2022-08-23 00:21:08,230] {processor.py:651} INFO - DAG(s) dict_keys(['latest_only']) retrieved from /home/airflow/.local/lib/python3.7/site-packages/airflow/example_dags/example_latest_only.py
[2022-08-23 00:21:08,319] {logging_mixin.py:115} INFO - [2022-08-23 00:21:08,319] {dag.py:2420} INFO - Sync 1 DAGs
[2022-08-23 00:21:08,791] {logging_mixin.py:115} INFO - [2022-08-23 00:21:08,791] {dag.py:2972} INFO - Setting next_dagrun for latest_only to 2022-08-22T20:21:08.791287+00:00, run_after=2022-08-23T00:21:08.791287+00:00
[2022-08-23 00:21:08,822] {processor.py:161} INFO - Processing /home/airflow/.local/lib/python3.7/site-packages/airflow/example_dags/example_latest_only.py took 0.638 seconds
