[2022-08-23 00:00:14,127] {processor.py:153} INFO - Started process (PID=92684) to work on /home/airflow/.local/lib/python3.7/site-packages/airflow/example_dags/example_task_group_decorator.py
[2022-08-23 00:00:14,152] {processor.py:641} INFO - Processing file /home/airflow/.local/lib/python3.7/site-packages/airflow/example_dags/example_task_group_decorator.py for tasks to queue
[2022-08-23 00:00:14,159] {logging_mixin.py:115} INFO - [2022-08-23 00:00:14,159] {dagbag.py:508} INFO - Filling up the DagBag from /home/airflow/.local/lib/python3.7/site-packages/airflow/example_dags/example_task_group_decorator.py
[2022-08-23 00:00:14,558] {processor.py:651} INFO - DAG(s) dict_keys(['example_task_group_decorator']) retrieved from /home/airflow/.local/lib/python3.7/site-packages/airflow/example_dags/example_task_group_decorator.py
[2022-08-23 00:00:16,610] {logging_mixin.py:115} INFO - [2022-08-23 00:00:16,610] {dag.py:2420} INFO - Sync 1 DAGs
[2022-08-23 00:00:16,718] {logging_mixin.py:115} INFO - [2022-08-23 00:00:16,718] {dag.py:2972} INFO - Setting next_dagrun for example_task_group_decorator to 2022-08-22T00:00:16.716558+00:00, run_after=2022-08-23T00:00:16.716558+00:00
[2022-08-23 00:00:17,794] {processor.py:161} INFO - Processing /home/airflow/.local/lib/python3.7/site-packages/airflow/example_dags/example_task_group_decorator.py took 3.782 seconds
[2022-08-23 00:00:48,495] {processor.py:153} INFO - Started process (PID=92886) to work on /home/airflow/.local/lib/python3.7/site-packages/airflow/example_dags/example_task_group_decorator.py
[2022-08-23 00:00:48,498] {processor.py:641} INFO - Processing file /home/airflow/.local/lib/python3.7/site-packages/airflow/example_dags/example_task_group_decorator.py for tasks to queue
[2022-08-23 00:00:48,501] {logging_mixin.py:115} INFO - [2022-08-23 00:00:48,500] {dagbag.py:508} INFO - Filling up the DagBag from /home/airflow/.local/lib/python3.7/site-packages/airflow/example_dags/example_task_group_decorator.py
[2022-08-23 00:00:48,545] {processor.py:651} INFO - DAG(s) dict_keys(['example_task_group_decorator']) retrieved from /home/airflow/.local/lib/python3.7/site-packages/airflow/example_dags/example_task_group_decorator.py
[2022-08-23 00:00:48,853] {logging_mixin.py:115} INFO - [2022-08-23 00:00:48,853] {dag.py:2420} INFO - Sync 1 DAGs
[2022-08-23 00:00:48,892] {logging_mixin.py:115} INFO - [2022-08-23 00:00:48,892] {dag.py:2972} INFO - Setting next_dagrun for example_task_group_decorator to 2022-08-22T00:00:48.891656+00:00, run_after=2022-08-23T00:00:48.891656+00:00
[2022-08-23 00:00:48,922] {processor.py:161} INFO - Processing /home/airflow/.local/lib/python3.7/site-packages/airflow/example_dags/example_task_group_decorator.py took 0.437 seconds
[2022-08-23 00:01:19,824] {processor.py:153} INFO - Started process (PID=93083) to work on /home/airflow/.local/lib/python3.7/site-packages/airflow/example_dags/example_task_group_decorator.py
[2022-08-23 00:01:19,826] {processor.py:641} INFO - Processing file /home/airflow/.local/lib/python3.7/site-packages/airflow/example_dags/example_task_group_decorator.py for tasks to queue
[2022-08-23 00:01:19,829] {logging_mixin.py:115} INFO - [2022-08-23 00:01:19,829] {dagbag.py:508} INFO - Filling up the DagBag from /home/airflow/.local/lib/python3.7/site-packages/airflow/example_dags/example_task_group_decorator.py
[2022-08-23 00:01:19,895] {processor.py:651} INFO - DAG(s) dict_keys(['example_task_group_decorator']) retrieved from /home/airflow/.local/lib/python3.7/site-packages/airflow/example_dags/example_task_group_decorator.py
[2022-08-23 00:01:20,245] {logging_mixin.py:115} INFO - [2022-08-23 00:01:20,245] {dag.py:2420} INFO - Sync 1 DAGs
[2022-08-23 00:01:20,300] {logging_mixin.py:115} INFO - [2022-08-23 00:01:20,300] {dag.py:2972} INFO - Setting next_dagrun for example_task_group_decorator to 2022-08-22T00:01:20.299757+00:00, run_after=2022-08-23T00:01:20.299757+00:00
[2022-08-23 00:01:20,325] {processor.py:161} INFO - Processing /home/airflow/.local/lib/python3.7/site-packages/airflow/example_dags/example_task_group_decorator.py took 0.510 seconds
[2022-08-23 00:01:50,488] {processor.py:153} INFO - Started process (PID=93285) to work on /home/airflow/.local/lib/python3.7/site-packages/airflow/example_dags/example_task_group_decorator.py
[2022-08-23 00:01:50,495] {processor.py:641} INFO - Processing file /home/airflow/.local/lib/python3.7/site-packages/airflow/example_dags/example_task_group_decorator.py for tasks to queue
[2022-08-23 00:01:50,497] {logging_mixin.py:115} INFO - [2022-08-23 00:01:50,497] {dagbag.py:508} INFO - Filling up the DagBag from /home/airflow/.local/lib/python3.7/site-packages/airflow/example_dags/example_task_group_decorator.py
[2022-08-23 00:01:50,661] {processor.py:651} INFO - DAG(s) dict_keys(['example_task_group_decorator']) retrieved from /home/airflow/.local/lib/python3.7/site-packages/airflow/example_dags/example_task_group_decorator.py
[2022-08-23 00:01:51,893] {logging_mixin.py:115} INFO - [2022-08-23 00:01:51,892] {dag.py:2420} INFO - Sync 1 DAGs
[2022-08-23 00:01:51,959] {logging_mixin.py:115} INFO - [2022-08-23 00:01:51,959] {dag.py:2972} INFO - Setting next_dagrun for example_task_group_decorator to 2022-08-22T00:01:51.959178+00:00, run_after=2022-08-23T00:01:51.959178+00:00
[2022-08-23 00:01:51,996] {processor.py:161} INFO - Processing /home/airflow/.local/lib/python3.7/site-packages/airflow/example_dags/example_task_group_decorator.py took 1.521 seconds
[2022-08-23 00:02:22,162] {processor.py:153} INFO - Started process (PID=93480) to work on /home/airflow/.local/lib/python3.7/site-packages/airflow/example_dags/example_task_group_decorator.py
[2022-08-23 00:02:22,164] {processor.py:641} INFO - Processing file /home/airflow/.local/lib/python3.7/site-packages/airflow/example_dags/example_task_group_decorator.py for tasks to queue
[2022-08-23 00:02:22,167] {logging_mixin.py:115} INFO - [2022-08-23 00:02:22,167] {dagbag.py:508} INFO - Filling up the DagBag from /home/airflow/.local/lib/python3.7/site-packages/airflow/example_dags/example_task_group_decorator.py
[2022-08-23 00:02:22,217] {processor.py:651} INFO - DAG(s) dict_keys(['example_task_group_decorator']) retrieved from /home/airflow/.local/lib/python3.7/site-packages/airflow/example_dags/example_task_group_decorator.py
[2022-08-23 00:02:22,562] {logging_mixin.py:115} INFO - [2022-08-23 00:02:22,562] {dag.py:2420} INFO - Sync 1 DAGs
[2022-08-23 00:02:22,649] {logging_mixin.py:115} INFO - [2022-08-23 00:02:22,646] {dag.py:2972} INFO - Setting next_dagrun for example_task_group_decorator to 2022-08-22T00:02:22.643889+00:00, run_after=2022-08-23T00:02:22.643889+00:00
[2022-08-23 00:02:22,698] {processor.py:161} INFO - Processing /home/airflow/.local/lib/python3.7/site-packages/airflow/example_dags/example_task_group_decorator.py took 0.545 seconds
[2022-08-23 00:02:52,964] {processor.py:153} INFO - Started process (PID=93673) to work on /home/airflow/.local/lib/python3.7/site-packages/airflow/example_dags/example_task_group_decorator.py
[2022-08-23 00:02:52,969] {processor.py:641} INFO - Processing file /home/airflow/.local/lib/python3.7/site-packages/airflow/example_dags/example_task_group_decorator.py for tasks to queue
[2022-08-23 00:02:52,971] {logging_mixin.py:115} INFO - [2022-08-23 00:02:52,971] {dagbag.py:508} INFO - Filling up the DagBag from /home/airflow/.local/lib/python3.7/site-packages/airflow/example_dags/example_task_group_decorator.py
[2022-08-23 00:02:53,038] {processor.py:651} INFO - DAG(s) dict_keys(['example_task_group_decorator']) retrieved from /home/airflow/.local/lib/python3.7/site-packages/airflow/example_dags/example_task_group_decorator.py
[2022-08-23 00:02:53,402] {logging_mixin.py:115} INFO - [2022-08-23 00:02:53,402] {dag.py:2420} INFO - Sync 1 DAGs
[2022-08-23 00:02:53,440] {logging_mixin.py:115} INFO - [2022-08-23 00:02:53,440] {dag.py:2972} INFO - Setting next_dagrun for example_task_group_decorator to 2022-08-22T00:02:53.440023+00:00, run_after=2022-08-23T00:02:53.440023+00:00
[2022-08-23 00:02:53,465] {processor.py:161} INFO - Processing /home/airflow/.local/lib/python3.7/site-packages/airflow/example_dags/example_task_group_decorator.py took 0.507 seconds
[2022-08-23 00:03:23,767] {processor.py:153} INFO - Started process (PID=93865) to work on /home/airflow/.local/lib/python3.7/site-packages/airflow/example_dags/example_task_group_decorator.py
[2022-08-23 00:03:23,770] {processor.py:641} INFO - Processing file /home/airflow/.local/lib/python3.7/site-packages/airflow/example_dags/example_task_group_decorator.py for tasks to queue
[2022-08-23 00:03:23,772] {logging_mixin.py:115} INFO - [2022-08-23 00:03:23,772] {dagbag.py:508} INFO - Filling up the DagBag from /home/airflow/.local/lib/python3.7/site-packages/airflow/example_dags/example_task_group_decorator.py
[2022-08-23 00:03:23,936] {processor.py:651} INFO - DAG(s) dict_keys(['example_task_group_decorator']) retrieved from /home/airflow/.local/lib/python3.7/site-packages/airflow/example_dags/example_task_group_decorator.py
[2022-08-23 00:03:24,487] {logging_mixin.py:115} INFO - [2022-08-23 00:03:24,486] {dag.py:2420} INFO - Sync 1 DAGs
[2022-08-23 00:03:24,538] {logging_mixin.py:115} INFO - [2022-08-23 00:03:24,538] {dag.py:2972} INFO - Setting next_dagrun for example_task_group_decorator to 2022-08-22T00:03:24.538285+00:00, run_after=2022-08-23T00:03:24.538285+00:00
[2022-08-23 00:03:24,574] {processor.py:161} INFO - Processing /home/airflow/.local/lib/python3.7/site-packages/airflow/example_dags/example_task_group_decorator.py took 0.837 seconds
[2022-08-23 00:03:54,775] {processor.py:153} INFO - Started process (PID=94062) to work on /home/airflow/.local/lib/python3.7/site-packages/airflow/example_dags/example_task_group_decorator.py
[2022-08-23 00:03:54,778] {processor.py:641} INFO - Processing file /home/airflow/.local/lib/python3.7/site-packages/airflow/example_dags/example_task_group_decorator.py for tasks to queue
[2022-08-23 00:03:54,781] {logging_mixin.py:115} INFO - [2022-08-23 00:03:54,780] {dagbag.py:508} INFO - Filling up the DagBag from /home/airflow/.local/lib/python3.7/site-packages/airflow/example_dags/example_task_group_decorator.py
[2022-08-23 00:03:54,887] {processor.py:651} INFO - DAG(s) dict_keys(['example_task_group_decorator']) retrieved from /home/airflow/.local/lib/python3.7/site-packages/airflow/example_dags/example_task_group_decorator.py
[2022-08-23 00:03:55,650] {logging_mixin.py:115} INFO - [2022-08-23 00:03:55,649] {dag.py:2420} INFO - Sync 1 DAGs
[2022-08-23 00:03:55,706] {logging_mixin.py:115} INFO - [2022-08-23 00:03:55,706] {dag.py:2972} INFO - Setting next_dagrun for example_task_group_decorator to 2022-08-22T00:03:55.705938+00:00, run_after=2022-08-23T00:03:55.705938+00:00
[2022-08-23 00:03:55,738] {processor.py:161} INFO - Processing /home/airflow/.local/lib/python3.7/site-packages/airflow/example_dags/example_task_group_decorator.py took 0.976 seconds
[2022-08-23 00:04:26,403] {processor.py:153} INFO - Started process (PID=94267) to work on /home/airflow/.local/lib/python3.7/site-packages/airflow/example_dags/example_task_group_decorator.py
[2022-08-23 00:04:26,406] {processor.py:641} INFO - Processing file /home/airflow/.local/lib/python3.7/site-packages/airflow/example_dags/example_task_group_decorator.py for tasks to queue
[2022-08-23 00:04:26,409] {logging_mixin.py:115} INFO - [2022-08-23 00:04:26,408] {dagbag.py:508} INFO - Filling up the DagBag from /home/airflow/.local/lib/python3.7/site-packages/airflow/example_dags/example_task_group_decorator.py
[2022-08-23 00:04:26,463] {processor.py:651} INFO - DAG(s) dict_keys(['example_task_group_decorator']) retrieved from /home/airflow/.local/lib/python3.7/site-packages/airflow/example_dags/example_task_group_decorator.py
[2022-08-23 00:04:26,841] {logging_mixin.py:115} INFO - [2022-08-23 00:04:26,840] {dag.py:2420} INFO - Sync 1 DAGs
[2022-08-23 00:04:26,879] {logging_mixin.py:115} INFO - [2022-08-23 00:04:26,879] {dag.py:2972} INFO - Setting next_dagrun for example_task_group_decorator to 2022-08-22T00:04:26.879196+00:00, run_after=2022-08-23T00:04:26.879196+00:00
[2022-08-23 00:04:26,903] {processor.py:161} INFO - Processing /home/airflow/.local/lib/python3.7/site-packages/airflow/example_dags/example_task_group_decorator.py took 0.509 seconds
[2022-08-23 00:04:57,490] {processor.py:153} INFO - Started process (PID=94461) to work on /home/airflow/.local/lib/python3.7/site-packages/airflow/example_dags/example_task_group_decorator.py
[2022-08-23 00:04:57,495] {processor.py:641} INFO - Processing file /home/airflow/.local/lib/python3.7/site-packages/airflow/example_dags/example_task_group_decorator.py for tasks to queue
[2022-08-23 00:04:57,502] {logging_mixin.py:115} INFO - [2022-08-23 00:04:57,502] {dagbag.py:508} INFO - Filling up the DagBag from /home/airflow/.local/lib/python3.7/site-packages/airflow/example_dags/example_task_group_decorator.py
[2022-08-23 00:04:57,607] {processor.py:651} INFO - DAG(s) dict_keys(['example_task_group_decorator']) retrieved from /home/airflow/.local/lib/python3.7/site-packages/airflow/example_dags/example_task_group_decorator.py
[2022-08-23 00:04:58,023] {logging_mixin.py:115} INFO - [2022-08-23 00:04:58,023] {dag.py:2420} INFO - Sync 1 DAGs
[2022-08-23 00:04:58,060] {logging_mixin.py:115} INFO - [2022-08-23 00:04:58,060] {dag.py:2972} INFO - Setting next_dagrun for example_task_group_decorator to 2022-08-22T00:04:58.060063+00:00, run_after=2022-08-23T00:04:58.060063+00:00
[2022-08-23 00:04:58,088] {processor.py:161} INFO - Processing /home/airflow/.local/lib/python3.7/site-packages/airflow/example_dags/example_task_group_decorator.py took 0.604 seconds
[2022-08-23 00:05:28,436] {processor.py:153} INFO - Started process (PID=94656) to work on /home/airflow/.local/lib/python3.7/site-packages/airflow/example_dags/example_task_group_decorator.py
[2022-08-23 00:05:28,445] {processor.py:641} INFO - Processing file /home/airflow/.local/lib/python3.7/site-packages/airflow/example_dags/example_task_group_decorator.py for tasks to queue
[2022-08-23 00:05:28,450] {logging_mixin.py:115} INFO - [2022-08-23 00:05:28,450] {dagbag.py:508} INFO - Filling up the DagBag from /home/airflow/.local/lib/python3.7/site-packages/airflow/example_dags/example_task_group_decorator.py
[2022-08-23 00:05:28,640] {processor.py:651} INFO - DAG(s) dict_keys(['example_task_group_decorator']) retrieved from /home/airflow/.local/lib/python3.7/site-packages/airflow/example_dags/example_task_group_decorator.py
[2022-08-23 00:05:28,858] {logging_mixin.py:115} INFO - [2022-08-23 00:05:28,857] {dag.py:2420} INFO - Sync 1 DAGs
[2022-08-23 00:05:29,265] {logging_mixin.py:115} INFO - [2022-08-23 00:05:29,265] {dag.py:2972} INFO - Setting next_dagrun for example_task_group_decorator to 2022-08-22T00:05:29.264810+00:00, run_after=2022-08-23T00:05:29.264810+00:00
[2022-08-23 00:05:29,290] {processor.py:161} INFO - Processing /home/airflow/.local/lib/python3.7/site-packages/airflow/example_dags/example_task_group_decorator.py took 0.863 seconds
[2022-08-23 00:06:00,668] {processor.py:153} INFO - Started process (PID=94848) to work on /home/airflow/.local/lib/python3.7/site-packages/airflow/example_dags/example_task_group_decorator.py
[2022-08-23 00:06:00,673] {processor.py:641} INFO - Processing file /home/airflow/.local/lib/python3.7/site-packages/airflow/example_dags/example_task_group_decorator.py for tasks to queue
[2022-08-23 00:06:00,677] {logging_mixin.py:115} INFO - [2022-08-23 00:06:00,677] {dagbag.py:508} INFO - Filling up the DagBag from /home/airflow/.local/lib/python3.7/site-packages/airflow/example_dags/example_task_group_decorator.py
[2022-08-23 00:06:00,991] {processor.py:651} INFO - DAG(s) dict_keys(['example_task_group_decorator']) retrieved from /home/airflow/.local/lib/python3.7/site-packages/airflow/example_dags/example_task_group_decorator.py
[2022-08-23 00:06:01,990] {logging_mixin.py:115} INFO - [2022-08-23 00:06:01,990] {dag.py:2420} INFO - Sync 1 DAGs
[2022-08-23 00:06:02,052] {logging_mixin.py:115} INFO - [2022-08-23 00:06:02,052] {dag.py:2972} INFO - Setting next_dagrun for example_task_group_decorator to 2022-08-22T00:06:02.051738+00:00, run_after=2022-08-23T00:06:02.051738+00:00
[2022-08-23 00:06:02,095] {processor.py:161} INFO - Processing /home/airflow/.local/lib/python3.7/site-packages/airflow/example_dags/example_task_group_decorator.py took 1.438 seconds
[2022-08-23 00:06:32,413] {processor.py:153} INFO - Started process (PID=95056) to work on /home/airflow/.local/lib/python3.7/site-packages/airflow/example_dags/example_task_group_decorator.py
[2022-08-23 00:06:32,429] {processor.py:641} INFO - Processing file /home/airflow/.local/lib/python3.7/site-packages/airflow/example_dags/example_task_group_decorator.py for tasks to queue
[2022-08-23 00:06:32,441] {logging_mixin.py:115} INFO - [2022-08-23 00:06:32,441] {dagbag.py:508} INFO - Filling up the DagBag from /home/airflow/.local/lib/python3.7/site-packages/airflow/example_dags/example_task_group_decorator.py
[2022-08-23 00:06:32,657] {processor.py:651} INFO - DAG(s) dict_keys(['example_task_group_decorator']) retrieved from /home/airflow/.local/lib/python3.7/site-packages/airflow/example_dags/example_task_group_decorator.py
[2022-08-23 00:06:32,804] {logging_mixin.py:115} INFO - [2022-08-23 00:06:32,804] {dag.py:2420} INFO - Sync 1 DAGs
[2022-08-23 00:06:33,116] {logging_mixin.py:115} INFO - [2022-08-23 00:06:33,116] {dag.py:2972} INFO - Setting next_dagrun for example_task_group_decorator to 2022-08-22T00:06:33.116202+00:00, run_after=2022-08-23T00:06:33.116202+00:00
[2022-08-23 00:06:33,206] {processor.py:161} INFO - Processing /home/airflow/.local/lib/python3.7/site-packages/airflow/example_dags/example_task_group_decorator.py took 0.830 seconds
[2022-08-23 00:07:04,102] {processor.py:153} INFO - Started process (PID=95249) to work on /home/airflow/.local/lib/python3.7/site-packages/airflow/example_dags/example_task_group_decorator.py
[2022-08-23 00:07:04,115] {processor.py:641} INFO - Processing file /home/airflow/.local/lib/python3.7/site-packages/airflow/example_dags/example_task_group_decorator.py for tasks to queue
[2022-08-23 00:07:04,119] {logging_mixin.py:115} INFO - [2022-08-23 00:07:04,119] {dagbag.py:508} INFO - Filling up the DagBag from /home/airflow/.local/lib/python3.7/site-packages/airflow/example_dags/example_task_group_decorator.py
[2022-08-23 00:07:04,268] {processor.py:651} INFO - DAG(s) dict_keys(['example_task_group_decorator']) retrieved from /home/airflow/.local/lib/python3.7/site-packages/airflow/example_dags/example_task_group_decorator.py
[2022-08-23 00:07:06,246] {logging_mixin.py:115} INFO - [2022-08-23 00:07:06,246] {dag.py:2420} INFO - Sync 1 DAGs
[2022-08-23 00:07:06,344] {logging_mixin.py:115} INFO - [2022-08-23 00:07:06,344] {dag.py:2972} INFO - Setting next_dagrun for example_task_group_decorator to 2022-08-22T00:07:06.344483+00:00, run_after=2022-08-23T00:07:06.344483+00:00
[2022-08-23 00:07:06,372] {processor.py:161} INFO - Processing /home/airflow/.local/lib/python3.7/site-packages/airflow/example_dags/example_task_group_decorator.py took 2.284 seconds
[2022-08-23 00:07:36,914] {processor.py:153} INFO - Started process (PID=95452) to work on /home/airflow/.local/lib/python3.7/site-packages/airflow/example_dags/example_task_group_decorator.py
[2022-08-23 00:07:36,918] {processor.py:641} INFO - Processing file /home/airflow/.local/lib/python3.7/site-packages/airflow/example_dags/example_task_group_decorator.py for tasks to queue
[2022-08-23 00:07:36,922] {logging_mixin.py:115} INFO - [2022-08-23 00:07:36,922] {dagbag.py:508} INFO - Filling up the DagBag from /home/airflow/.local/lib/python3.7/site-packages/airflow/example_dags/example_task_group_decorator.py
[2022-08-23 00:07:37,029] {processor.py:651} INFO - DAG(s) dict_keys(['example_task_group_decorator']) retrieved from /home/airflow/.local/lib/python3.7/site-packages/airflow/example_dags/example_task_group_decorator.py
[2022-08-23 00:07:37,702] {logging_mixin.py:115} INFO - [2022-08-23 00:07:37,701] {dag.py:2420} INFO - Sync 1 DAGs
[2022-08-23 00:07:37,787] {logging_mixin.py:115} INFO - [2022-08-23 00:07:37,786] {dag.py:2972} INFO - Setting next_dagrun for example_task_group_decorator to 2022-08-22T00:07:37.786450+00:00, run_after=2022-08-23T00:07:37.786450+00:00
[2022-08-23 00:07:37,871] {processor.py:161} INFO - Processing /home/airflow/.local/lib/python3.7/site-packages/airflow/example_dags/example_task_group_decorator.py took 0.963 seconds
[2022-08-23 00:08:08,382] {processor.py:153} INFO - Started process (PID=95643) to work on /home/airflow/.local/lib/python3.7/site-packages/airflow/example_dags/example_task_group_decorator.py
[2022-08-23 00:08:08,386] {processor.py:641} INFO - Processing file /home/airflow/.local/lib/python3.7/site-packages/airflow/example_dags/example_task_group_decorator.py for tasks to queue
[2022-08-23 00:08:08,393] {logging_mixin.py:115} INFO - [2022-08-23 00:08:08,392] {dagbag.py:508} INFO - Filling up the DagBag from /home/airflow/.local/lib/python3.7/site-packages/airflow/example_dags/example_task_group_decorator.py
[2022-08-23 00:08:08,527] {processor.py:651} INFO - DAG(s) dict_keys(['example_task_group_decorator']) retrieved from /home/airflow/.local/lib/python3.7/site-packages/airflow/example_dags/example_task_group_decorator.py
[2022-08-23 00:08:08,953] {logging_mixin.py:115} INFO - [2022-08-23 00:08:08,953] {dag.py:2420} INFO - Sync 1 DAGs
[2022-08-23 00:08:09,061] {logging_mixin.py:115} INFO - [2022-08-23 00:08:09,061] {dag.py:2972} INFO - Setting next_dagrun for example_task_group_decorator to 2022-08-22T00:08:09.060788+00:00, run_after=2022-08-23T00:08:09.060788+00:00
[2022-08-23 00:08:09,098] {processor.py:161} INFO - Processing /home/airflow/.local/lib/python3.7/site-packages/airflow/example_dags/example_task_group_decorator.py took 0.729 seconds
[2022-08-23 00:08:39,670] {processor.py:153} INFO - Started process (PID=95836) to work on /home/airflow/.local/lib/python3.7/site-packages/airflow/example_dags/example_task_group_decorator.py
[2022-08-23 00:08:39,673] {processor.py:641} INFO - Processing file /home/airflow/.local/lib/python3.7/site-packages/airflow/example_dags/example_task_group_decorator.py for tasks to queue
[2022-08-23 00:08:39,677] {logging_mixin.py:115} INFO - [2022-08-23 00:08:39,676] {dagbag.py:508} INFO - Filling up the DagBag from /home/airflow/.local/lib/python3.7/site-packages/airflow/example_dags/example_task_group_decorator.py
[2022-08-23 00:08:39,728] {processor.py:651} INFO - DAG(s) dict_keys(['example_task_group_decorator']) retrieved from /home/airflow/.local/lib/python3.7/site-packages/airflow/example_dags/example_task_group_decorator.py
[2022-08-23 00:08:40,189] {logging_mixin.py:115} INFO - [2022-08-23 00:08:40,189] {dag.py:2420} INFO - Sync 1 DAGs
[2022-08-23 00:08:40,249] {logging_mixin.py:115} INFO - [2022-08-23 00:08:40,249] {dag.py:2972} INFO - Setting next_dagrun for example_task_group_decorator to 2022-08-22T00:08:40.248590+00:00, run_after=2022-08-23T00:08:40.248590+00:00
[2022-08-23 00:08:40,269] {processor.py:161} INFO - Processing /home/airflow/.local/lib/python3.7/site-packages/airflow/example_dags/example_task_group_decorator.py took 0.621 seconds
[2022-08-23 00:09:10,504] {processor.py:153} INFO - Started process (PID=96029) to work on /home/airflow/.local/lib/python3.7/site-packages/airflow/example_dags/example_task_group_decorator.py
[2022-08-23 00:09:10,507] {processor.py:641} INFO - Processing file /home/airflow/.local/lib/python3.7/site-packages/airflow/example_dags/example_task_group_decorator.py for tasks to queue
[2022-08-23 00:09:10,509] {logging_mixin.py:115} INFO - [2022-08-23 00:09:10,509] {dagbag.py:508} INFO - Filling up the DagBag from /home/airflow/.local/lib/python3.7/site-packages/airflow/example_dags/example_task_group_decorator.py
[2022-08-23 00:09:10,560] {processor.py:651} INFO - DAG(s) dict_keys(['example_task_group_decorator']) retrieved from /home/airflow/.local/lib/python3.7/site-packages/airflow/example_dags/example_task_group_decorator.py
[2022-08-23 00:09:10,875] {logging_mixin.py:115} INFO - [2022-08-23 00:09:10,875] {dag.py:2420} INFO - Sync 1 DAGs
[2022-08-23 00:09:10,945] {logging_mixin.py:115} INFO - [2022-08-23 00:09:10,945] {dag.py:2972} INFO - Setting next_dagrun for example_task_group_decorator to 2022-08-22T00:09:10.944499+00:00, run_after=2022-08-23T00:09:10.944499+00:00
[2022-08-23 00:09:10,984] {processor.py:161} INFO - Processing /home/airflow/.local/lib/python3.7/site-packages/airflow/example_dags/example_task_group_decorator.py took 0.489 seconds
[2022-08-23 00:09:41,393] {processor.py:153} INFO - Started process (PID=96223) to work on /home/airflow/.local/lib/python3.7/site-packages/airflow/example_dags/example_task_group_decorator.py
[2022-08-23 00:09:41,397] {processor.py:641} INFO - Processing file /home/airflow/.local/lib/python3.7/site-packages/airflow/example_dags/example_task_group_decorator.py for tasks to queue
[2022-08-23 00:09:41,400] {logging_mixin.py:115} INFO - [2022-08-23 00:09:41,400] {dagbag.py:508} INFO - Filling up the DagBag from /home/airflow/.local/lib/python3.7/site-packages/airflow/example_dags/example_task_group_decorator.py
[2022-08-23 00:09:41,473] {processor.py:651} INFO - DAG(s) dict_keys(['example_task_group_decorator']) retrieved from /home/airflow/.local/lib/python3.7/site-packages/airflow/example_dags/example_task_group_decorator.py
[2022-08-23 00:09:42,327] {logging_mixin.py:115} INFO - [2022-08-23 00:09:42,326] {dag.py:2420} INFO - Sync 1 DAGs
[2022-08-23 00:09:42,468] {logging_mixin.py:115} INFO - [2022-08-23 00:09:42,467] {dag.py:2972} INFO - Setting next_dagrun for example_task_group_decorator to 2022-08-22T00:09:42.467605+00:00, run_after=2022-08-23T00:09:42.467605+00:00
[2022-08-23 00:09:42,537] {processor.py:161} INFO - Processing /home/airflow/.local/lib/python3.7/site-packages/airflow/example_dags/example_task_group_decorator.py took 1.157 seconds
[2022-08-23 00:10:12,688] {processor.py:153} INFO - Started process (PID=96417) to work on /home/airflow/.local/lib/python3.7/site-packages/airflow/example_dags/example_task_group_decorator.py
[2022-08-23 00:10:12,691] {processor.py:641} INFO - Processing file /home/airflow/.local/lib/python3.7/site-packages/airflow/example_dags/example_task_group_decorator.py for tasks to queue
[2022-08-23 00:10:12,693] {logging_mixin.py:115} INFO - [2022-08-23 00:10:12,693] {dagbag.py:508} INFO - Filling up the DagBag from /home/airflow/.local/lib/python3.7/site-packages/airflow/example_dags/example_task_group_decorator.py
[2022-08-23 00:10:12,788] {processor.py:651} INFO - DAG(s) dict_keys(['example_task_group_decorator']) retrieved from /home/airflow/.local/lib/python3.7/site-packages/airflow/example_dags/example_task_group_decorator.py
[2022-08-23 00:10:14,482] {logging_mixin.py:115} INFO - [2022-08-23 00:10:14,481] {dag.py:2420} INFO - Sync 1 DAGs
[2022-08-23 00:10:14,610] {logging_mixin.py:115} INFO - [2022-08-23 00:10:14,610] {dag.py:2972} INFO - Setting next_dagrun for example_task_group_decorator to 2022-08-22T00:10:14.609788+00:00, run_after=2022-08-23T00:10:14.609788+00:00
[2022-08-23 00:10:14,654] {processor.py:161} INFO - Processing /home/airflow/.local/lib/python3.7/site-packages/airflow/example_dags/example_task_group_decorator.py took 1.976 seconds
[2022-08-23 00:10:44,971] {processor.py:153} INFO - Started process (PID=96620) to work on /home/airflow/.local/lib/python3.7/site-packages/airflow/example_dags/example_task_group_decorator.py
[2022-08-23 00:10:44,976] {processor.py:641} INFO - Processing file /home/airflow/.local/lib/python3.7/site-packages/airflow/example_dags/example_task_group_decorator.py for tasks to queue
[2022-08-23 00:10:44,980] {logging_mixin.py:115} INFO - [2022-08-23 00:10:44,980] {dagbag.py:508} INFO - Filling up the DagBag from /home/airflow/.local/lib/python3.7/site-packages/airflow/example_dags/example_task_group_decorator.py
[2022-08-23 00:10:45,120] {processor.py:651} INFO - DAG(s) dict_keys(['example_task_group_decorator']) retrieved from /home/airflow/.local/lib/python3.7/site-packages/airflow/example_dags/example_task_group_decorator.py
[2022-08-23 00:10:45,519] {logging_mixin.py:115} INFO - [2022-08-23 00:10:45,519] {dag.py:2420} INFO - Sync 1 DAGs
[2022-08-23 00:10:45,628] {logging_mixin.py:115} INFO - [2022-08-23 00:10:45,628] {dag.py:2972} INFO - Setting next_dagrun for example_task_group_decorator to 2022-08-22T00:10:45.628244+00:00, run_after=2022-08-23T00:10:45.628244+00:00
[2022-08-23 00:10:45,729] {processor.py:161} INFO - Processing /home/airflow/.local/lib/python3.7/site-packages/airflow/example_dags/example_task_group_decorator.py took 0.789 seconds
[2022-08-23 00:11:15,848] {processor.py:153} INFO - Started process (PID=96814) to work on /home/airflow/.local/lib/python3.7/site-packages/airflow/example_dags/example_task_group_decorator.py
[2022-08-23 00:11:15,851] {processor.py:641} INFO - Processing file /home/airflow/.local/lib/python3.7/site-packages/airflow/example_dags/example_task_group_decorator.py for tasks to queue
[2022-08-23 00:11:15,854] {logging_mixin.py:115} INFO - [2022-08-23 00:11:15,854] {dagbag.py:508} INFO - Filling up the DagBag from /home/airflow/.local/lib/python3.7/site-packages/airflow/example_dags/example_task_group_decorator.py
[2022-08-23 00:11:15,898] {processor.py:651} INFO - DAG(s) dict_keys(['example_task_group_decorator']) retrieved from /home/airflow/.local/lib/python3.7/site-packages/airflow/example_dags/example_task_group_decorator.py
[2022-08-23 00:11:16,274] {logging_mixin.py:115} INFO - [2022-08-23 00:11:16,274] {dag.py:2420} INFO - Sync 1 DAGs
[2022-08-23 00:11:16,318] {logging_mixin.py:115} INFO - [2022-08-23 00:11:16,318] {dag.py:2972} INFO - Setting next_dagrun for example_task_group_decorator to 2022-08-22T00:11:16.317685+00:00, run_after=2022-08-23T00:11:16.317685+00:00
[2022-08-23 00:11:16,353] {processor.py:161} INFO - Processing /home/airflow/.local/lib/python3.7/site-packages/airflow/example_dags/example_task_group_decorator.py took 0.514 seconds
[2022-08-23 00:11:46,576] {processor.py:153} INFO - Started process (PID=97009) to work on /home/airflow/.local/lib/python3.7/site-packages/airflow/example_dags/example_task_group_decorator.py
[2022-08-23 00:11:46,580] {processor.py:641} INFO - Processing file /home/airflow/.local/lib/python3.7/site-packages/airflow/example_dags/example_task_group_decorator.py for tasks to queue
[2022-08-23 00:11:46,583] {logging_mixin.py:115} INFO - [2022-08-23 00:11:46,583] {dagbag.py:508} INFO - Filling up the DagBag from /home/airflow/.local/lib/python3.7/site-packages/airflow/example_dags/example_task_group_decorator.py
[2022-08-23 00:11:46,764] {processor.py:651} INFO - DAG(s) dict_keys(['example_task_group_decorator']) retrieved from /home/airflow/.local/lib/python3.7/site-packages/airflow/example_dags/example_task_group_decorator.py
[2022-08-23 00:11:47,872] {logging_mixin.py:115} INFO - [2022-08-23 00:11:47,871] {dag.py:2420} INFO - Sync 1 DAGs
[2022-08-23 00:11:47,933] {logging_mixin.py:115} INFO - [2022-08-23 00:11:47,933] {dag.py:2972} INFO - Setting next_dagrun for example_task_group_decorator to 2022-08-22T00:11:47.932713+00:00, run_after=2022-08-23T00:11:47.932713+00:00
[2022-08-23 00:11:47,969] {processor.py:161} INFO - Processing /home/airflow/.local/lib/python3.7/site-packages/airflow/example_dags/example_task_group_decorator.py took 1.406 seconds
[2022-08-23 00:12:18,315] {processor.py:153} INFO - Started process (PID=97208) to work on /home/airflow/.local/lib/python3.7/site-packages/airflow/example_dags/example_task_group_decorator.py
[2022-08-23 00:12:18,320] {processor.py:641} INFO - Processing file /home/airflow/.local/lib/python3.7/site-packages/airflow/example_dags/example_task_group_decorator.py for tasks to queue
[2022-08-23 00:12:18,325] {logging_mixin.py:115} INFO - [2022-08-23 00:12:18,323] {dagbag.py:508} INFO - Filling up the DagBag from /home/airflow/.local/lib/python3.7/site-packages/airflow/example_dags/example_task_group_decorator.py
[2022-08-23 00:12:18,405] {processor.py:651} INFO - DAG(s) dict_keys(['example_task_group_decorator']) retrieved from /home/airflow/.local/lib/python3.7/site-packages/airflow/example_dags/example_task_group_decorator.py
[2022-08-23 00:12:18,603] {logging_mixin.py:115} INFO - [2022-08-23 00:12:18,603] {dag.py:2420} INFO - Sync 1 DAGs
[2022-08-23 00:12:18,655] {logging_mixin.py:115} INFO - [2022-08-23 00:12:18,655] {dag.py:2972} INFO - Setting next_dagrun for example_task_group_decorator to 2022-08-22T00:12:18.654706+00:00, run_after=2022-08-23T00:12:18.654706+00:00
[2022-08-23 00:12:18,690] {processor.py:161} INFO - Processing /home/airflow/.local/lib/python3.7/site-packages/airflow/example_dags/example_task_group_decorator.py took 0.394 seconds
[2022-08-23 00:12:49,153] {processor.py:153} INFO - Started process (PID=97399) to work on /home/airflow/.local/lib/python3.7/site-packages/airflow/example_dags/example_task_group_decorator.py
[2022-08-23 00:12:49,156] {processor.py:641} INFO - Processing file /home/airflow/.local/lib/python3.7/site-packages/airflow/example_dags/example_task_group_decorator.py for tasks to queue
[2022-08-23 00:12:49,160] {logging_mixin.py:115} INFO - [2022-08-23 00:12:49,159] {dagbag.py:508} INFO - Filling up the DagBag from /home/airflow/.local/lib/python3.7/site-packages/airflow/example_dags/example_task_group_decorator.py
[2022-08-23 00:12:49,223] {processor.py:651} INFO - DAG(s) dict_keys(['example_task_group_decorator']) retrieved from /home/airflow/.local/lib/python3.7/site-packages/airflow/example_dags/example_task_group_decorator.py
[2022-08-23 00:12:49,412] {logging_mixin.py:115} INFO - [2022-08-23 00:12:49,412] {dag.py:2420} INFO - Sync 1 DAGs
[2022-08-23 00:12:49,454] {logging_mixin.py:115} INFO - [2022-08-23 00:12:49,454] {dag.py:2972} INFO - Setting next_dagrun for example_task_group_decorator to 2022-08-22T00:12:49.454021+00:00, run_after=2022-08-23T00:12:49.454021+00:00
[2022-08-23 00:12:49,489] {processor.py:161} INFO - Processing /home/airflow/.local/lib/python3.7/site-packages/airflow/example_dags/example_task_group_decorator.py took 0.350 seconds
[2022-08-23 00:13:19,930] {processor.py:153} INFO - Started process (PID=97590) to work on /home/airflow/.local/lib/python3.7/site-packages/airflow/example_dags/example_task_group_decorator.py
[2022-08-23 00:13:19,932] {processor.py:641} INFO - Processing file /home/airflow/.local/lib/python3.7/site-packages/airflow/example_dags/example_task_group_decorator.py for tasks to queue
[2022-08-23 00:13:19,934] {logging_mixin.py:115} INFO - [2022-08-23 00:13:19,934] {dagbag.py:508} INFO - Filling up the DagBag from /home/airflow/.local/lib/python3.7/site-packages/airflow/example_dags/example_task_group_decorator.py
[2022-08-23 00:13:20,006] {processor.py:651} INFO - DAG(s) dict_keys(['example_task_group_decorator']) retrieved from /home/airflow/.local/lib/python3.7/site-packages/airflow/example_dags/example_task_group_decorator.py
[2022-08-23 00:13:20,421] {logging_mixin.py:115} INFO - [2022-08-23 00:13:20,420] {dag.py:2420} INFO - Sync 1 DAGs
[2022-08-23 00:13:20,558] {logging_mixin.py:115} INFO - [2022-08-23 00:13:20,557] {dag.py:2972} INFO - Setting next_dagrun for example_task_group_decorator to 2022-08-22T00:13:20.556891+00:00, run_after=2022-08-23T00:13:20.556891+00:00
[2022-08-23 00:13:20,634] {processor.py:161} INFO - Processing /home/airflow/.local/lib/python3.7/site-packages/airflow/example_dags/example_task_group_decorator.py took 0.713 seconds
[2022-08-23 00:13:51,881] {processor.py:153} INFO - Started process (PID=97789) to work on /home/airflow/.local/lib/python3.7/site-packages/airflow/example_dags/example_task_group_decorator.py
[2022-08-23 00:13:51,885] {processor.py:641} INFO - Processing file /home/airflow/.local/lib/python3.7/site-packages/airflow/example_dags/example_task_group_decorator.py for tasks to queue
[2022-08-23 00:13:51,887] {logging_mixin.py:115} INFO - [2022-08-23 00:13:51,887] {dagbag.py:508} INFO - Filling up the DagBag from /home/airflow/.local/lib/python3.7/site-packages/airflow/example_dags/example_task_group_decorator.py
[2022-08-23 00:13:52,031] {processor.py:651} INFO - DAG(s) dict_keys(['example_task_group_decorator']) retrieved from /home/airflow/.local/lib/python3.7/site-packages/airflow/example_dags/example_task_group_decorator.py
[2022-08-23 00:13:52,429] {logging_mixin.py:115} INFO - [2022-08-23 00:13:52,428] {dag.py:2420} INFO - Sync 1 DAGs
[2022-08-23 00:13:52,547] {logging_mixin.py:115} INFO - [2022-08-23 00:13:52,547] {dag.py:2972} INFO - Setting next_dagrun for example_task_group_decorator to 2022-08-22T00:13:52.546905+00:00, run_after=2022-08-23T00:13:52.546905+00:00
[2022-08-23 00:13:52,621] {processor.py:161} INFO - Processing /home/airflow/.local/lib/python3.7/site-packages/airflow/example_dags/example_task_group_decorator.py took 0.762 seconds
[2022-08-23 00:14:23,919] {processor.py:153} INFO - Started process (PID=97979) to work on /home/airflow/.local/lib/python3.7/site-packages/airflow/example_dags/example_task_group_decorator.py
[2022-08-23 00:14:23,956] {processor.py:641} INFO - Processing file /home/airflow/.local/lib/python3.7/site-packages/airflow/example_dags/example_task_group_decorator.py for tasks to queue
[2022-08-23 00:14:23,978] {logging_mixin.py:115} INFO - [2022-08-23 00:14:23,978] {dagbag.py:508} INFO - Filling up the DagBag from /home/airflow/.local/lib/python3.7/site-packages/airflow/example_dags/example_task_group_decorator.py
[2022-08-23 00:14:24,199] {processor.py:651} INFO - DAG(s) dict_keys(['example_task_group_decorator']) retrieved from /home/airflow/.local/lib/python3.7/site-packages/airflow/example_dags/example_task_group_decorator.py
[2022-08-23 00:14:24,812] {logging_mixin.py:115} INFO - [2022-08-23 00:14:24,812] {dag.py:2420} INFO - Sync 1 DAGs
[2022-08-23 00:14:25,036] {logging_mixin.py:115} INFO - [2022-08-23 00:14:25,036] {dag.py:2972} INFO - Setting next_dagrun for example_task_group_decorator to 2022-08-22T00:14:25.036024+00:00, run_after=2022-08-23T00:14:25.036024+00:00
[2022-08-23 00:14:25,329] {processor.py:161} INFO - Processing /home/airflow/.local/lib/python3.7/site-packages/airflow/example_dags/example_task_group_decorator.py took 1.456 seconds
[2022-08-23 00:14:55,909] {processor.py:153} INFO - Started process (PID=98176) to work on /home/airflow/.local/lib/python3.7/site-packages/airflow/example_dags/example_task_group_decorator.py
[2022-08-23 00:14:55,911] {processor.py:641} INFO - Processing file /home/airflow/.local/lib/python3.7/site-packages/airflow/example_dags/example_task_group_decorator.py for tasks to queue
[2022-08-23 00:14:55,915] {logging_mixin.py:115} INFO - [2022-08-23 00:14:55,915] {dagbag.py:508} INFO - Filling up the DagBag from /home/airflow/.local/lib/python3.7/site-packages/airflow/example_dags/example_task_group_decorator.py
[2022-08-23 00:14:55,976] {processor.py:651} INFO - DAG(s) dict_keys(['example_task_group_decorator']) retrieved from /home/airflow/.local/lib/python3.7/site-packages/airflow/example_dags/example_task_group_decorator.py
[2022-08-23 00:14:56,735] {logging_mixin.py:115} INFO - [2022-08-23 00:14:56,734] {dag.py:2420} INFO - Sync 1 DAGs
[2022-08-23 00:14:56,807] {logging_mixin.py:115} INFO - [2022-08-23 00:14:56,806] {dag.py:2972} INFO - Setting next_dagrun for example_task_group_decorator to 2022-08-22T00:14:56.805669+00:00, run_after=2022-08-23T00:14:56.805669+00:00
[2022-08-23 00:14:56,874] {processor.py:161} INFO - Processing /home/airflow/.local/lib/python3.7/site-packages/airflow/example_dags/example_task_group_decorator.py took 0.971 seconds
[2022-08-23 00:15:27,144] {processor.py:153} INFO - Started process (PID=98370) to work on /home/airflow/.local/lib/python3.7/site-packages/airflow/example_dags/example_task_group_decorator.py
[2022-08-23 00:15:27,147] {processor.py:641} INFO - Processing file /home/airflow/.local/lib/python3.7/site-packages/airflow/example_dags/example_task_group_decorator.py for tasks to queue
[2022-08-23 00:15:27,153] {logging_mixin.py:115} INFO - [2022-08-23 00:15:27,152] {dagbag.py:508} INFO - Filling up the DagBag from /home/airflow/.local/lib/python3.7/site-packages/airflow/example_dags/example_task_group_decorator.py
[2022-08-23 00:15:27,209] {processor.py:651} INFO - DAG(s) dict_keys(['example_task_group_decorator']) retrieved from /home/airflow/.local/lib/python3.7/site-packages/airflow/example_dags/example_task_group_decorator.py
[2022-08-23 00:15:27,282] {logging_mixin.py:115} INFO - [2022-08-23 00:15:27,282] {dag.py:2420} INFO - Sync 1 DAGs
[2022-08-23 00:15:27,329] {logging_mixin.py:115} INFO - [2022-08-23 00:15:27,329] {dag.py:2972} INFO - Setting next_dagrun for example_task_group_decorator to 2022-08-22T00:15:27.329031+00:00, run_after=2022-08-23T00:15:27.329031+00:00
[2022-08-23 00:15:27,361] {processor.py:161} INFO - Processing /home/airflow/.local/lib/python3.7/site-packages/airflow/example_dags/example_task_group_decorator.py took 0.233 seconds
[2022-08-23 00:15:57,808] {processor.py:153} INFO - Started process (PID=98571) to work on /home/airflow/.local/lib/python3.7/site-packages/airflow/example_dags/example_task_group_decorator.py
[2022-08-23 00:15:57,810] {processor.py:641} INFO - Processing file /home/airflow/.local/lib/python3.7/site-packages/airflow/example_dags/example_task_group_decorator.py for tasks to queue
[2022-08-23 00:15:57,814] {logging_mixin.py:115} INFO - [2022-08-23 00:15:57,814] {dagbag.py:508} INFO - Filling up the DagBag from /home/airflow/.local/lib/python3.7/site-packages/airflow/example_dags/example_task_group_decorator.py
[2022-08-23 00:15:57,877] {processor.py:651} INFO - DAG(s) dict_keys(['example_task_group_decorator']) retrieved from /home/airflow/.local/lib/python3.7/site-packages/airflow/example_dags/example_task_group_decorator.py
[2022-08-23 00:15:57,952] {logging_mixin.py:115} INFO - [2022-08-23 00:15:57,952] {dag.py:2420} INFO - Sync 1 DAGs
[2022-08-23 00:15:58,036] {logging_mixin.py:115} INFO - [2022-08-23 00:15:58,036] {dag.py:2972} INFO - Setting next_dagrun for example_task_group_decorator to 2022-08-22T00:15:58.035908+00:00, run_after=2022-08-23T00:15:58.035908+00:00
[2022-08-23 00:15:58,081] {processor.py:161} INFO - Processing /home/airflow/.local/lib/python3.7/site-packages/airflow/example_dags/example_task_group_decorator.py took 0.282 seconds
[2022-08-23 00:16:28,235] {processor.py:153} INFO - Started process (PID=98767) to work on /home/airflow/.local/lib/python3.7/site-packages/airflow/example_dags/example_task_group_decorator.py
[2022-08-23 00:16:28,238] {processor.py:641} INFO - Processing file /home/airflow/.local/lib/python3.7/site-packages/airflow/example_dags/example_task_group_decorator.py for tasks to queue
[2022-08-23 00:16:28,241] {logging_mixin.py:115} INFO - [2022-08-23 00:16:28,241] {dagbag.py:508} INFO - Filling up the DagBag from /home/airflow/.local/lib/python3.7/site-packages/airflow/example_dags/example_task_group_decorator.py
[2022-08-23 00:16:28,437] {processor.py:651} INFO - DAG(s) dict_keys(['example_task_group_decorator']) retrieved from /home/airflow/.local/lib/python3.7/site-packages/airflow/example_dags/example_task_group_decorator.py
[2022-08-23 00:16:28,622] {logging_mixin.py:115} INFO - [2022-08-23 00:16:28,621] {dag.py:2420} INFO - Sync 1 DAGs
[2022-08-23 00:16:28,778] {logging_mixin.py:115} INFO - [2022-08-23 00:16:28,778] {dag.py:2972} INFO - Setting next_dagrun for example_task_group_decorator to 2022-08-22T00:16:28.777731+00:00, run_after=2022-08-23T00:16:28.777731+00:00
[2022-08-23 00:16:28,883] {processor.py:161} INFO - Processing /home/airflow/.local/lib/python3.7/site-packages/airflow/example_dags/example_task_group_decorator.py took 0.658 seconds
[2022-08-23 00:16:59,395] {processor.py:153} INFO - Started process (PID=98964) to work on /home/airflow/.local/lib/python3.7/site-packages/airflow/example_dags/example_task_group_decorator.py
[2022-08-23 00:16:59,402] {processor.py:641} INFO - Processing file /home/airflow/.local/lib/python3.7/site-packages/airflow/example_dags/example_task_group_decorator.py for tasks to queue
[2022-08-23 00:16:59,406] {logging_mixin.py:115} INFO - [2022-08-23 00:16:59,406] {dagbag.py:508} INFO - Filling up the DagBag from /home/airflow/.local/lib/python3.7/site-packages/airflow/example_dags/example_task_group_decorator.py
[2022-08-23 00:16:59,566] {processor.py:651} INFO - DAG(s) dict_keys(['example_task_group_decorator']) retrieved from /home/airflow/.local/lib/python3.7/site-packages/airflow/example_dags/example_task_group_decorator.py
[2022-08-23 00:16:59,941] {logging_mixin.py:115} INFO - [2022-08-23 00:16:59,941] {dag.py:2420} INFO - Sync 1 DAGs
[2022-08-23 00:17:00,082] {logging_mixin.py:115} INFO - [2022-08-23 00:17:00,082] {dag.py:2972} INFO - Setting next_dagrun for example_task_group_decorator to 2022-08-22T00:17:00.081519+00:00, run_after=2022-08-23T00:17:00.081519+00:00
[2022-08-23 00:17:00,120] {processor.py:161} INFO - Processing /home/airflow/.local/lib/python3.7/site-packages/airflow/example_dags/example_task_group_decorator.py took 0.739 seconds
[2022-08-23 00:17:30,525] {processor.py:153} INFO - Started process (PID=99158) to work on /home/airflow/.local/lib/python3.7/site-packages/airflow/example_dags/example_task_group_decorator.py
[2022-08-23 00:17:30,528] {processor.py:641} INFO - Processing file /home/airflow/.local/lib/python3.7/site-packages/airflow/example_dags/example_task_group_decorator.py for tasks to queue
[2022-08-23 00:17:30,531] {logging_mixin.py:115} INFO - [2022-08-23 00:17:30,531] {dagbag.py:508} INFO - Filling up the DagBag from /home/airflow/.local/lib/python3.7/site-packages/airflow/example_dags/example_task_group_decorator.py
[2022-08-23 00:17:30,616] {processor.py:651} INFO - DAG(s) dict_keys(['example_task_group_decorator']) retrieved from /home/airflow/.local/lib/python3.7/site-packages/airflow/example_dags/example_task_group_decorator.py
[2022-08-23 00:17:30,823] {logging_mixin.py:115} INFO - [2022-08-23 00:17:30,822] {dag.py:2420} INFO - Sync 1 DAGs
[2022-08-23 00:17:30,868] {logging_mixin.py:115} INFO - [2022-08-23 00:17:30,868] {dag.py:2972} INFO - Setting next_dagrun for example_task_group_decorator to 2022-08-22T00:17:30.867282+00:00, run_after=2022-08-23T00:17:30.867282+00:00
[2022-08-23 00:17:30,891] {processor.py:161} INFO - Processing /home/airflow/.local/lib/python3.7/site-packages/airflow/example_dags/example_task_group_decorator.py took 0.374 seconds
[2022-08-23 00:18:01,248] {processor.py:153} INFO - Started process (PID=99349) to work on /home/airflow/.local/lib/python3.7/site-packages/airflow/example_dags/example_task_group_decorator.py
[2022-08-23 00:18:01,251] {processor.py:641} INFO - Processing file /home/airflow/.local/lib/python3.7/site-packages/airflow/example_dags/example_task_group_decorator.py for tasks to queue
[2022-08-23 00:18:01,256] {logging_mixin.py:115} INFO - [2022-08-23 00:18:01,255] {dagbag.py:508} INFO - Filling up the DagBag from /home/airflow/.local/lib/python3.7/site-packages/airflow/example_dags/example_task_group_decorator.py
[2022-08-23 00:18:01,348] {processor.py:651} INFO - DAG(s) dict_keys(['example_task_group_decorator']) retrieved from /home/airflow/.local/lib/python3.7/site-packages/airflow/example_dags/example_task_group_decorator.py
[2022-08-23 00:18:01,485] {logging_mixin.py:115} INFO - [2022-08-23 00:18:01,485] {dag.py:2420} INFO - Sync 1 DAGs
[2022-08-23 00:18:01,515] {logging_mixin.py:115} INFO - [2022-08-23 00:18:01,515] {dag.py:2972} INFO - Setting next_dagrun for example_task_group_decorator to 2022-08-22T00:18:01.515421+00:00, run_after=2022-08-23T00:18:01.515421+00:00
[2022-08-23 00:18:01,544] {processor.py:161} INFO - Processing /home/airflow/.local/lib/python3.7/site-packages/airflow/example_dags/example_task_group_decorator.py took 0.308 seconds
[2022-08-23 00:18:31,850] {processor.py:153} INFO - Started process (PID=99551) to work on /home/airflow/.local/lib/python3.7/site-packages/airflow/example_dags/example_task_group_decorator.py
[2022-08-23 00:18:31,852] {processor.py:641} INFO - Processing file /home/airflow/.local/lib/python3.7/site-packages/airflow/example_dags/example_task_group_decorator.py for tasks to queue
[2022-08-23 00:18:31,855] {logging_mixin.py:115} INFO - [2022-08-23 00:18:31,855] {dagbag.py:508} INFO - Filling up the DagBag from /home/airflow/.local/lib/python3.7/site-packages/airflow/example_dags/example_task_group_decorator.py
[2022-08-23 00:18:31,917] {processor.py:651} INFO - DAG(s) dict_keys(['example_task_group_decorator']) retrieved from /home/airflow/.local/lib/python3.7/site-packages/airflow/example_dags/example_task_group_decorator.py
[2022-08-23 00:18:32,029] {logging_mixin.py:115} INFO - [2022-08-23 00:18:32,029] {dag.py:2420} INFO - Sync 1 DAGs
[2022-08-23 00:18:32,063] {logging_mixin.py:115} INFO - [2022-08-23 00:18:32,063] {dag.py:2972} INFO - Setting next_dagrun for example_task_group_decorator to 2022-08-22T00:18:32.063130+00:00, run_after=2022-08-23T00:18:32.063130+00:00
[2022-08-23 00:18:32,091] {processor.py:161} INFO - Processing /home/airflow/.local/lib/python3.7/site-packages/airflow/example_dags/example_task_group_decorator.py took 0.250 seconds
[2022-08-23 00:19:02,557] {processor.py:153} INFO - Started process (PID=99743) to work on /home/airflow/.local/lib/python3.7/site-packages/airflow/example_dags/example_task_group_decorator.py
[2022-08-23 00:19:02,565] {processor.py:641} INFO - Processing file /home/airflow/.local/lib/python3.7/site-packages/airflow/example_dags/example_task_group_decorator.py for tasks to queue
[2022-08-23 00:19:02,567] {logging_mixin.py:115} INFO - [2022-08-23 00:19:02,567] {dagbag.py:508} INFO - Filling up the DagBag from /home/airflow/.local/lib/python3.7/site-packages/airflow/example_dags/example_task_group_decorator.py
[2022-08-23 00:19:02,667] {processor.py:651} INFO - DAG(s) dict_keys(['example_task_group_decorator']) retrieved from /home/airflow/.local/lib/python3.7/site-packages/airflow/example_dags/example_task_group_decorator.py
[2022-08-23 00:19:02,953] {logging_mixin.py:115} INFO - [2022-08-23 00:19:02,953] {dag.py:2420} INFO - Sync 1 DAGs
[2022-08-23 00:19:03,031] {logging_mixin.py:115} INFO - [2022-08-23 00:19:03,030] {dag.py:2972} INFO - Setting next_dagrun for example_task_group_decorator to 2022-08-22T00:19:03.030328+00:00, run_after=2022-08-23T00:19:03.030328+00:00
[2022-08-23 00:19:03,107] {processor.py:161} INFO - Processing /home/airflow/.local/lib/python3.7/site-packages/airflow/example_dags/example_task_group_decorator.py took 0.574 seconds
[2022-08-23 00:19:33,320] {processor.py:153} INFO - Started process (PID=99947) to work on /home/airflow/.local/lib/python3.7/site-packages/airflow/example_dags/example_task_group_decorator.py
[2022-08-23 00:19:33,323] {processor.py:641} INFO - Processing file /home/airflow/.local/lib/python3.7/site-packages/airflow/example_dags/example_task_group_decorator.py for tasks to queue
[2022-08-23 00:19:33,324] {logging_mixin.py:115} INFO - [2022-08-23 00:19:33,324] {dagbag.py:508} INFO - Filling up the DagBag from /home/airflow/.local/lib/python3.7/site-packages/airflow/example_dags/example_task_group_decorator.py
[2022-08-23 00:19:33,381] {processor.py:651} INFO - DAG(s) dict_keys(['example_task_group_decorator']) retrieved from /home/airflow/.local/lib/python3.7/site-packages/airflow/example_dags/example_task_group_decorator.py
[2022-08-23 00:19:33,554] {logging_mixin.py:115} INFO - [2022-08-23 00:19:33,554] {dag.py:2420} INFO - Sync 1 DAGs
[2022-08-23 00:19:33,607] {logging_mixin.py:115} INFO - [2022-08-23 00:19:33,607] {dag.py:2972} INFO - Setting next_dagrun for example_task_group_decorator to 2022-08-22T00:19:33.607167+00:00, run_after=2022-08-23T00:19:33.607167+00:00
[2022-08-23 00:19:33,632] {processor.py:161} INFO - Processing /home/airflow/.local/lib/python3.7/site-packages/airflow/example_dags/example_task_group_decorator.py took 0.319 seconds
[2022-08-23 00:20:03,757] {processor.py:153} INFO - Started process (PID=442) to work on /home/airflow/.local/lib/python3.7/site-packages/airflow/example_dags/example_task_group_decorator.py
[2022-08-23 00:20:03,760] {processor.py:641} INFO - Processing file /home/airflow/.local/lib/python3.7/site-packages/airflow/example_dags/example_task_group_decorator.py for tasks to queue
[2022-08-23 00:20:03,763] {logging_mixin.py:115} INFO - [2022-08-23 00:20:03,763] {dagbag.py:508} INFO - Filling up the DagBag from /home/airflow/.local/lib/python3.7/site-packages/airflow/example_dags/example_task_group_decorator.py
[2022-08-23 00:20:03,826] {processor.py:651} INFO - DAG(s) dict_keys(['example_task_group_decorator']) retrieved from /home/airflow/.local/lib/python3.7/site-packages/airflow/example_dags/example_task_group_decorator.py
[2022-08-23 00:20:04,013] {logging_mixin.py:115} INFO - [2022-08-23 00:20:04,013] {dag.py:2420} INFO - Sync 1 DAGs
[2022-08-23 00:20:04,068] {logging_mixin.py:115} INFO - [2022-08-23 00:20:04,068] {dag.py:2972} INFO - Setting next_dagrun for example_task_group_decorator to 2022-08-22T00:20:04.068364+00:00, run_after=2022-08-23T00:20:04.068364+00:00
[2022-08-23 00:20:04,104] {processor.py:161} INFO - Processing /home/airflow/.local/lib/python3.7/site-packages/airflow/example_dags/example_task_group_decorator.py took 0.353 seconds
[2022-08-23 00:20:34,763] {processor.py:153} INFO - Started process (PID=648) to work on /home/airflow/.local/lib/python3.7/site-packages/airflow/example_dags/example_task_group_decorator.py
[2022-08-23 00:20:34,774] {processor.py:641} INFO - Processing file /home/airflow/.local/lib/python3.7/site-packages/airflow/example_dags/example_task_group_decorator.py for tasks to queue
[2022-08-23 00:20:34,776] {logging_mixin.py:115} INFO - [2022-08-23 00:20:34,776] {dagbag.py:508} INFO - Filling up the DagBag from /home/airflow/.local/lib/python3.7/site-packages/airflow/example_dags/example_task_group_decorator.py
[2022-08-23 00:20:34,870] {processor.py:651} INFO - DAG(s) dict_keys(['example_task_group_decorator']) retrieved from /home/airflow/.local/lib/python3.7/site-packages/airflow/example_dags/example_task_group_decorator.py
[2022-08-23 00:20:35,224] {logging_mixin.py:115} INFO - [2022-08-23 00:20:35,224] {dag.py:2420} INFO - Sync 1 DAGs
[2022-08-23 00:20:35,285] {logging_mixin.py:115} INFO - [2022-08-23 00:20:35,285] {dag.py:2972} INFO - Setting next_dagrun for example_task_group_decorator to 2022-08-22T00:20:35.285098+00:00, run_after=2022-08-23T00:20:35.285098+00:00
[2022-08-23 00:20:35,338] {processor.py:161} INFO - Processing /home/airflow/.local/lib/python3.7/site-packages/airflow/example_dags/example_task_group_decorator.py took 0.580 seconds
[2022-08-23 00:21:05,583] {processor.py:153} INFO - Started process (PID=847) to work on /home/airflow/.local/lib/python3.7/site-packages/airflow/example_dags/example_task_group_decorator.py
[2022-08-23 00:21:05,586] {processor.py:641} INFO - Processing file /home/airflow/.local/lib/python3.7/site-packages/airflow/example_dags/example_task_group_decorator.py for tasks to queue
[2022-08-23 00:21:05,590] {logging_mixin.py:115} INFO - [2022-08-23 00:21:05,590] {dagbag.py:508} INFO - Filling up the DagBag from /home/airflow/.local/lib/python3.7/site-packages/airflow/example_dags/example_task_group_decorator.py
[2022-08-23 00:21:05,684] {processor.py:651} INFO - DAG(s) dict_keys(['example_task_group_decorator']) retrieved from /home/airflow/.local/lib/python3.7/site-packages/airflow/example_dags/example_task_group_decorator.py
[2022-08-23 00:21:05,816] {logging_mixin.py:115} INFO - [2022-08-23 00:21:05,816] {dag.py:2420} INFO - Sync 1 DAGs
[2022-08-23 00:21:05,846] {logging_mixin.py:115} INFO - [2022-08-23 00:21:05,846] {dag.py:2972} INFO - Setting next_dagrun for example_task_group_decorator to 2022-08-22T00:21:05.845944+00:00, run_after=2022-08-23T00:21:05.845944+00:00
[2022-08-23 00:21:05,870] {processor.py:161} INFO - Processing /home/airflow/.local/lib/python3.7/site-packages/airflow/example_dags/example_task_group_decorator.py took 0.299 seconds
