[2022-08-23 00:00:18,909] {processor.py:153} INFO - Started process (PID=92706) to work on /home/airflow/.local/lib/python3.7/site-packages/airflow/example_dags/example_python_operator.py
[2022-08-23 00:00:18,912] {processor.py:641} INFO - Processing file /home/airflow/.local/lib/python3.7/site-packages/airflow/example_dags/example_python_operator.py for tasks to queue
[2022-08-23 00:00:18,916] {logging_mixin.py:115} INFO - [2022-08-23 00:00:18,916] {dagbag.py:508} INFO - Filling up the DagBag from /home/airflow/.local/lib/python3.7/site-packages/airflow/example_dags/example_python_operator.py
[2022-08-23 00:00:19,006] {processor.py:651} INFO - DAG(s) dict_keys(['example_python_operator']) retrieved from /home/airflow/.local/lib/python3.7/site-packages/airflow/example_dags/example_python_operator.py
[2022-08-23 00:00:19,106] {logging_mixin.py:115} INFO - [2022-08-23 00:00:19,106] {dag.py:2420} INFO - Sync 1 DAGs
[2022-08-23 00:00:19,240] {logging_mixin.py:115} INFO - [2022-08-23 00:00:19,239] {dag.py:2972} INFO - Setting next_dagrun for example_python_operator to None, run_after=None
[2022-08-23 00:00:19,827] {processor.py:161} INFO - Processing /home/airflow/.local/lib/python3.7/site-packages/airflow/example_dags/example_python_operator.py took 0.925 seconds
[2022-08-23 00:00:50,029] {processor.py:153} INFO - Started process (PID=92899) to work on /home/airflow/.local/lib/python3.7/site-packages/airflow/example_dags/example_python_operator.py
[2022-08-23 00:00:50,036] {processor.py:641} INFO - Processing file /home/airflow/.local/lib/python3.7/site-packages/airflow/example_dags/example_python_operator.py for tasks to queue
[2022-08-23 00:00:50,092] {logging_mixin.py:115} INFO - [2022-08-23 00:00:50,091] {dagbag.py:508} INFO - Filling up the DagBag from /home/airflow/.local/lib/python3.7/site-packages/airflow/example_dags/example_python_operator.py
[2022-08-23 00:00:50,200] {processor.py:651} INFO - DAG(s) dict_keys(['example_python_operator']) retrieved from /home/airflow/.local/lib/python3.7/site-packages/airflow/example_dags/example_python_operator.py
[2022-08-23 00:00:50,357] {logging_mixin.py:115} INFO - [2022-08-23 00:00:50,356] {dag.py:2420} INFO - Sync 1 DAGs
[2022-08-23 00:00:50,483] {logging_mixin.py:115} INFO - [2022-08-23 00:00:50,450] {dag.py:2972} INFO - Setting next_dagrun for example_python_operator to None, run_after=None
[2022-08-23 00:00:50,735] {processor.py:161} INFO - Processing /home/airflow/.local/lib/python3.7/site-packages/airflow/example_dags/example_python_operator.py took 0.716 seconds
[2022-08-23 00:01:21,393] {processor.py:153} INFO - Started process (PID=93099) to work on /home/airflow/.local/lib/python3.7/site-packages/airflow/example_dags/example_python_operator.py
[2022-08-23 00:01:21,403] {processor.py:641} INFO - Processing file /home/airflow/.local/lib/python3.7/site-packages/airflow/example_dags/example_python_operator.py for tasks to queue
[2022-08-23 00:01:21,405] {logging_mixin.py:115} INFO - [2022-08-23 00:01:21,405] {dagbag.py:508} INFO - Filling up the DagBag from /home/airflow/.local/lib/python3.7/site-packages/airflow/example_dags/example_python_operator.py
[2022-08-23 00:01:21,456] {processor.py:651} INFO - DAG(s) dict_keys(['example_python_operator']) retrieved from /home/airflow/.local/lib/python3.7/site-packages/airflow/example_dags/example_python_operator.py
[2022-08-23 00:01:21,566] {logging_mixin.py:115} INFO - [2022-08-23 00:01:21,566] {dag.py:2420} INFO - Sync 1 DAGs
[2022-08-23 00:01:21,645] {logging_mixin.py:115} INFO - [2022-08-23 00:01:21,644] {dag.py:2972} INFO - Setting next_dagrun for example_python_operator to None, run_after=None
[2022-08-23 00:01:22,015] {processor.py:161} INFO - Processing /home/airflow/.local/lib/python3.7/site-packages/airflow/example_dags/example_python_operator.py took 0.631 seconds
[2022-08-23 00:01:52,570] {processor.py:153} INFO - Started process (PID=93297) to work on /home/airflow/.local/lib/python3.7/site-packages/airflow/example_dags/example_python_operator.py
[2022-08-23 00:01:52,582] {processor.py:641} INFO - Processing file /home/airflow/.local/lib/python3.7/site-packages/airflow/example_dags/example_python_operator.py for tasks to queue
[2022-08-23 00:01:52,590] {logging_mixin.py:115} INFO - [2022-08-23 00:01:52,590] {dagbag.py:508} INFO - Filling up the DagBag from /home/airflow/.local/lib/python3.7/site-packages/airflow/example_dags/example_python_operator.py
[2022-08-23 00:01:52,677] {processor.py:651} INFO - DAG(s) dict_keys(['example_python_operator']) retrieved from /home/airflow/.local/lib/python3.7/site-packages/airflow/example_dags/example_python_operator.py
[2022-08-23 00:01:52,759] {logging_mixin.py:115} INFO - [2022-08-23 00:01:52,759] {dag.py:2420} INFO - Sync 1 DAGs
[2022-08-23 00:01:53,131] {logging_mixin.py:115} INFO - [2022-08-23 00:01:53,131] {dag.py:2972} INFO - Setting next_dagrun for example_python_operator to None, run_after=None
[2022-08-23 00:01:53,165] {processor.py:161} INFO - Processing /home/airflow/.local/lib/python3.7/site-packages/airflow/example_dags/example_python_operator.py took 0.611 seconds
[2022-08-23 00:02:23,976] {processor.py:153} INFO - Started process (PID=93492) to work on /home/airflow/.local/lib/python3.7/site-packages/airflow/example_dags/example_python_operator.py
[2022-08-23 00:02:23,979] {processor.py:641} INFO - Processing file /home/airflow/.local/lib/python3.7/site-packages/airflow/example_dags/example_python_operator.py for tasks to queue
[2022-08-23 00:02:23,987] {logging_mixin.py:115} INFO - [2022-08-23 00:02:23,983] {dagbag.py:508} INFO - Filling up the DagBag from /home/airflow/.local/lib/python3.7/site-packages/airflow/example_dags/example_python_operator.py
[2022-08-23 00:02:24,035] {processor.py:651} INFO - DAG(s) dict_keys(['example_python_operator']) retrieved from /home/airflow/.local/lib/python3.7/site-packages/airflow/example_dags/example_python_operator.py
[2022-08-23 00:02:24,116] {logging_mixin.py:115} INFO - [2022-08-23 00:02:24,116] {dag.py:2420} INFO - Sync 1 DAGs
[2022-08-23 00:02:24,464] {logging_mixin.py:115} INFO - [2022-08-23 00:02:24,464] {dag.py:2972} INFO - Setting next_dagrun for example_python_operator to None, run_after=None
[2022-08-23 00:02:24,507] {processor.py:161} INFO - Processing /home/airflow/.local/lib/python3.7/site-packages/airflow/example_dags/example_python_operator.py took 0.549 seconds
[2022-08-23 00:02:54,818] {processor.py:153} INFO - Started process (PID=93690) to work on /home/airflow/.local/lib/python3.7/site-packages/airflow/example_dags/example_python_operator.py
[2022-08-23 00:02:54,830] {processor.py:641} INFO - Processing file /home/airflow/.local/lib/python3.7/site-packages/airflow/example_dags/example_python_operator.py for tasks to queue
[2022-08-23 00:02:54,843] {logging_mixin.py:115} INFO - [2022-08-23 00:02:54,842] {dagbag.py:508} INFO - Filling up the DagBag from /home/airflow/.local/lib/python3.7/site-packages/airflow/example_dags/example_python_operator.py
[2022-08-23 00:02:54,955] {processor.py:651} INFO - DAG(s) dict_keys(['example_python_operator']) retrieved from /home/airflow/.local/lib/python3.7/site-packages/airflow/example_dags/example_python_operator.py
[2022-08-23 00:02:55,324] {logging_mixin.py:115} INFO - [2022-08-23 00:02:55,324] {dag.py:2420} INFO - Sync 1 DAGs
[2022-08-23 00:02:55,712] {logging_mixin.py:115} INFO - [2022-08-23 00:02:55,712] {dag.py:2972} INFO - Setting next_dagrun for example_python_operator to None, run_after=None
[2022-08-23 00:02:55,740] {processor.py:161} INFO - Processing /home/airflow/.local/lib/python3.7/site-packages/airflow/example_dags/example_python_operator.py took 0.935 seconds
[2022-08-23 00:03:26,313] {processor.py:153} INFO - Started process (PID=93889) to work on /home/airflow/.local/lib/python3.7/site-packages/airflow/example_dags/example_python_operator.py
[2022-08-23 00:03:26,317] {processor.py:641} INFO - Processing file /home/airflow/.local/lib/python3.7/site-packages/airflow/example_dags/example_python_operator.py for tasks to queue
[2022-08-23 00:03:26,321] {logging_mixin.py:115} INFO - [2022-08-23 00:03:26,320] {dagbag.py:508} INFO - Filling up the DagBag from /home/airflow/.local/lib/python3.7/site-packages/airflow/example_dags/example_python_operator.py
[2022-08-23 00:03:26,414] {processor.py:651} INFO - DAG(s) dict_keys(['example_python_operator']) retrieved from /home/airflow/.local/lib/python3.7/site-packages/airflow/example_dags/example_python_operator.py
[2022-08-23 00:03:26,573] {logging_mixin.py:115} INFO - [2022-08-23 00:03:26,573] {dag.py:2420} INFO - Sync 1 DAGs
[2022-08-23 00:03:27,073] {logging_mixin.py:115} INFO - [2022-08-23 00:03:27,073] {dag.py:2972} INFO - Setting next_dagrun for example_python_operator to None, run_after=None
[2022-08-23 00:03:27,105] {processor.py:161} INFO - Processing /home/airflow/.local/lib/python3.7/site-packages/airflow/example_dags/example_python_operator.py took 0.804 seconds
[2022-08-23 00:03:57,310] {processor.py:153} INFO - Started process (PID=94082) to work on /home/airflow/.local/lib/python3.7/site-packages/airflow/example_dags/example_python_operator.py
[2022-08-23 00:03:57,318] {processor.py:641} INFO - Processing file /home/airflow/.local/lib/python3.7/site-packages/airflow/example_dags/example_python_operator.py for tasks to queue
[2022-08-23 00:03:57,333] {logging_mixin.py:115} INFO - [2022-08-23 00:03:57,333] {dagbag.py:508} INFO - Filling up the DagBag from /home/airflow/.local/lib/python3.7/site-packages/airflow/example_dags/example_python_operator.py
[2022-08-23 00:03:57,379] {processor.py:651} INFO - DAG(s) dict_keys(['example_python_operator']) retrieved from /home/airflow/.local/lib/python3.7/site-packages/airflow/example_dags/example_python_operator.py
[2022-08-23 00:03:57,465] {logging_mixin.py:115} INFO - [2022-08-23 00:03:57,464] {dag.py:2420} INFO - Sync 1 DAGs
[2022-08-23 00:03:57,752] {logging_mixin.py:115} INFO - [2022-08-23 00:03:57,752] {dag.py:2972} INFO - Setting next_dagrun for example_python_operator to None, run_after=None
[2022-08-23 00:03:57,779] {processor.py:161} INFO - Processing /home/airflow/.local/lib/python3.7/site-packages/airflow/example_dags/example_python_operator.py took 0.480 seconds
[2022-08-23 00:04:28,025] {processor.py:153} INFO - Started process (PID=94280) to work on /home/airflow/.local/lib/python3.7/site-packages/airflow/example_dags/example_python_operator.py
[2022-08-23 00:04:28,027] {processor.py:641} INFO - Processing file /home/airflow/.local/lib/python3.7/site-packages/airflow/example_dags/example_python_operator.py for tasks to queue
[2022-08-23 00:04:28,030] {logging_mixin.py:115} INFO - [2022-08-23 00:04:28,029] {dagbag.py:508} INFO - Filling up the DagBag from /home/airflow/.local/lib/python3.7/site-packages/airflow/example_dags/example_python_operator.py
[2022-08-23 00:04:28,085] {processor.py:651} INFO - DAG(s) dict_keys(['example_python_operator']) retrieved from /home/airflow/.local/lib/python3.7/site-packages/airflow/example_dags/example_python_operator.py
[2022-08-23 00:04:28,167] {logging_mixin.py:115} INFO - [2022-08-23 00:04:28,167] {dag.py:2420} INFO - Sync 1 DAGs
[2022-08-23 00:04:28,427] {logging_mixin.py:115} INFO - [2022-08-23 00:04:28,426] {dag.py:2972} INFO - Setting next_dagrun for example_python_operator to None, run_after=None
[2022-08-23 00:04:28,460] {processor.py:161} INFO - Processing /home/airflow/.local/lib/python3.7/site-packages/airflow/example_dags/example_python_operator.py took 0.445 seconds
[2022-08-23 00:04:58,931] {processor.py:153} INFO - Started process (PID=94472) to work on /home/airflow/.local/lib/python3.7/site-packages/airflow/example_dags/example_python_operator.py
[2022-08-23 00:04:58,933] {processor.py:641} INFO - Processing file /home/airflow/.local/lib/python3.7/site-packages/airflow/example_dags/example_python_operator.py for tasks to queue
[2022-08-23 00:04:58,935] {logging_mixin.py:115} INFO - [2022-08-23 00:04:58,935] {dagbag.py:508} INFO - Filling up the DagBag from /home/airflow/.local/lib/python3.7/site-packages/airflow/example_dags/example_python_operator.py
[2022-08-23 00:04:58,997] {processor.py:651} INFO - DAG(s) dict_keys(['example_python_operator']) retrieved from /home/airflow/.local/lib/python3.7/site-packages/airflow/example_dags/example_python_operator.py
[2022-08-23 00:04:59,065] {logging_mixin.py:115} INFO - [2022-08-23 00:04:59,065] {dag.py:2420} INFO - Sync 1 DAGs
[2022-08-23 00:04:59,433] {logging_mixin.py:115} INFO - [2022-08-23 00:04:59,433] {dag.py:2972} INFO - Setting next_dagrun for example_python_operator to None, run_after=None
[2022-08-23 00:04:59,482] {processor.py:161} INFO - Processing /home/airflow/.local/lib/python3.7/site-packages/airflow/example_dags/example_python_operator.py took 0.568 seconds
[2022-08-23 00:05:30,153] {processor.py:153} INFO - Started process (PID=94668) to work on /home/airflow/.local/lib/python3.7/site-packages/airflow/example_dags/example_python_operator.py
[2022-08-23 00:05:30,159] {processor.py:641} INFO - Processing file /home/airflow/.local/lib/python3.7/site-packages/airflow/example_dags/example_python_operator.py for tasks to queue
[2022-08-23 00:05:30,162] {logging_mixin.py:115} INFO - [2022-08-23 00:05:30,162] {dagbag.py:508} INFO - Filling up the DagBag from /home/airflow/.local/lib/python3.7/site-packages/airflow/example_dags/example_python_operator.py
[2022-08-23 00:05:30,219] {processor.py:651} INFO - DAG(s) dict_keys(['example_python_operator']) retrieved from /home/airflow/.local/lib/python3.7/site-packages/airflow/example_dags/example_python_operator.py
[2022-08-23 00:05:30,306] {logging_mixin.py:115} INFO - [2022-08-23 00:05:30,306] {dag.py:2420} INFO - Sync 1 DAGs
[2022-08-23 00:05:30,722] {logging_mixin.py:115} INFO - [2022-08-23 00:05:30,722] {dag.py:2972} INFO - Setting next_dagrun for example_python_operator to None, run_after=None
[2022-08-23 00:05:30,790] {processor.py:161} INFO - Processing /home/airflow/.local/lib/python3.7/site-packages/airflow/example_dags/example_python_operator.py took 0.651 seconds
[2022-08-23 00:06:02,253] {processor.py:153} INFO - Started process (PID=94872) to work on /home/airflow/.local/lib/python3.7/site-packages/airflow/example_dags/example_python_operator.py
[2022-08-23 00:06:02,257] {processor.py:641} INFO - Processing file /home/airflow/.local/lib/python3.7/site-packages/airflow/example_dags/example_python_operator.py for tasks to queue
[2022-08-23 00:06:02,261] {logging_mixin.py:115} INFO - [2022-08-23 00:06:02,261] {dagbag.py:508} INFO - Filling up the DagBag from /home/airflow/.local/lib/python3.7/site-packages/airflow/example_dags/example_python_operator.py
[2022-08-23 00:06:02,340] {processor.py:651} INFO - DAG(s) dict_keys(['example_python_operator']) retrieved from /home/airflow/.local/lib/python3.7/site-packages/airflow/example_dags/example_python_operator.py
[2022-08-23 00:06:02,484] {logging_mixin.py:115} INFO - [2022-08-23 00:06:02,484] {dag.py:2420} INFO - Sync 1 DAGs
[2022-08-23 00:06:03,080] {logging_mixin.py:115} INFO - [2022-08-23 00:06:03,080] {dag.py:2972} INFO - Setting next_dagrun for example_python_operator to None, run_after=None
[2022-08-23 00:06:03,113] {processor.py:161} INFO - Processing /home/airflow/.local/lib/python3.7/site-packages/airflow/example_dags/example_python_operator.py took 0.874 seconds
[2022-08-23 00:06:33,707] {processor.py:153} INFO - Started process (PID=95071) to work on /home/airflow/.local/lib/python3.7/site-packages/airflow/example_dags/example_python_operator.py
[2022-08-23 00:06:33,717] {processor.py:641} INFO - Processing file /home/airflow/.local/lib/python3.7/site-packages/airflow/example_dags/example_python_operator.py for tasks to queue
[2022-08-23 00:06:33,726] {logging_mixin.py:115} INFO - [2022-08-23 00:06:33,725] {dagbag.py:508} INFO - Filling up the DagBag from /home/airflow/.local/lib/python3.7/site-packages/airflow/example_dags/example_python_operator.py
[2022-08-23 00:06:33,885] {processor.py:651} INFO - DAG(s) dict_keys(['example_python_operator']) retrieved from /home/airflow/.local/lib/python3.7/site-packages/airflow/example_dags/example_python_operator.py
[2022-08-23 00:06:33,970] {logging_mixin.py:115} INFO - [2022-08-23 00:06:33,970] {dag.py:2420} INFO - Sync 1 DAGs
[2022-08-23 00:06:34,317] {logging_mixin.py:115} INFO - [2022-08-23 00:06:34,317] {dag.py:2972} INFO - Setting next_dagrun for example_python_operator to None, run_after=None
[2022-08-23 00:06:34,358] {processor.py:161} INFO - Processing /home/airflow/.local/lib/python3.7/site-packages/airflow/example_dags/example_python_operator.py took 0.682 seconds
[2022-08-23 00:07:06,976] {processor.py:153} INFO - Started process (PID=95265) to work on /home/airflow/.local/lib/python3.7/site-packages/airflow/example_dags/example_python_operator.py
[2022-08-23 00:07:06,979] {processor.py:641} INFO - Processing file /home/airflow/.local/lib/python3.7/site-packages/airflow/example_dags/example_python_operator.py for tasks to queue
[2022-08-23 00:07:06,981] {logging_mixin.py:115} INFO - [2022-08-23 00:07:06,981] {dagbag.py:508} INFO - Filling up the DagBag from /home/airflow/.local/lib/python3.7/site-packages/airflow/example_dags/example_python_operator.py
[2022-08-23 00:07:07,025] {processor.py:651} INFO - DAG(s) dict_keys(['example_python_operator']) retrieved from /home/airflow/.local/lib/python3.7/site-packages/airflow/example_dags/example_python_operator.py
[2022-08-23 00:07:07,108] {logging_mixin.py:115} INFO - [2022-08-23 00:07:07,108] {dag.py:2420} INFO - Sync 1 DAGs
[2022-08-23 00:07:07,391] {logging_mixin.py:115} INFO - [2022-08-23 00:07:07,391] {dag.py:2972} INFO - Setting next_dagrun for example_python_operator to None, run_after=None
[2022-08-23 00:07:07,412] {processor.py:161} INFO - Processing /home/airflow/.local/lib/python3.7/site-packages/airflow/example_dags/example_python_operator.py took 0.443 seconds
[2022-08-23 00:07:38,649] {processor.py:153} INFO - Started process (PID=95463) to work on /home/airflow/.local/lib/python3.7/site-packages/airflow/example_dags/example_python_operator.py
[2022-08-23 00:07:38,655] {processor.py:641} INFO - Processing file /home/airflow/.local/lib/python3.7/site-packages/airflow/example_dags/example_python_operator.py for tasks to queue
[2022-08-23 00:07:38,668] {logging_mixin.py:115} INFO - [2022-08-23 00:07:38,668] {dagbag.py:508} INFO - Filling up the DagBag from /home/airflow/.local/lib/python3.7/site-packages/airflow/example_dags/example_python_operator.py
[2022-08-23 00:07:38,819] {processor.py:651} INFO - DAG(s) dict_keys(['example_python_operator']) retrieved from /home/airflow/.local/lib/python3.7/site-packages/airflow/example_dags/example_python_operator.py
[2022-08-23 00:07:38,962] {logging_mixin.py:115} INFO - [2022-08-23 00:07:38,958] {dag.py:2420} INFO - Sync 1 DAGs
[2022-08-23 00:07:39,324] {logging_mixin.py:115} INFO - [2022-08-23 00:07:39,324] {dag.py:2972} INFO - Setting next_dagrun for example_python_operator to None, run_after=None
[2022-08-23 00:07:39,361] {processor.py:161} INFO - Processing /home/airflow/.local/lib/python3.7/site-packages/airflow/example_dags/example_python_operator.py took 0.735 seconds
[2022-08-23 00:08:10,342] {processor.py:153} INFO - Started process (PID=95657) to work on /home/airflow/.local/lib/python3.7/site-packages/airflow/example_dags/example_python_operator.py
[2022-08-23 00:08:10,346] {processor.py:641} INFO - Processing file /home/airflow/.local/lib/python3.7/site-packages/airflow/example_dags/example_python_operator.py for tasks to queue
[2022-08-23 00:08:10,350] {logging_mixin.py:115} INFO - [2022-08-23 00:08:10,350] {dagbag.py:508} INFO - Filling up the DagBag from /home/airflow/.local/lib/python3.7/site-packages/airflow/example_dags/example_python_operator.py
[2022-08-23 00:08:10,425] {processor.py:651} INFO - DAG(s) dict_keys(['example_python_operator']) retrieved from /home/airflow/.local/lib/python3.7/site-packages/airflow/example_dags/example_python_operator.py
[2022-08-23 00:08:10,608] {logging_mixin.py:115} INFO - [2022-08-23 00:08:10,608] {dag.py:2420} INFO - Sync 1 DAGs
[2022-08-23 00:08:11,207] {logging_mixin.py:115} INFO - [2022-08-23 00:08:11,207] {dag.py:2972} INFO - Setting next_dagrun for example_python_operator to None, run_after=None
[2022-08-23 00:08:11,233] {processor.py:161} INFO - Processing /home/airflow/.local/lib/python3.7/site-packages/airflow/example_dags/example_python_operator.py took 0.908 seconds
[2022-08-23 00:08:41,409] {processor.py:153} INFO - Started process (PID=95849) to work on /home/airflow/.local/lib/python3.7/site-packages/airflow/example_dags/example_python_operator.py
[2022-08-23 00:08:41,417] {processor.py:641} INFO - Processing file /home/airflow/.local/lib/python3.7/site-packages/airflow/example_dags/example_python_operator.py for tasks to queue
[2022-08-23 00:08:41,419] {logging_mixin.py:115} INFO - [2022-08-23 00:08:41,419] {dagbag.py:508} INFO - Filling up the DagBag from /home/airflow/.local/lib/python3.7/site-packages/airflow/example_dags/example_python_operator.py
[2022-08-23 00:08:41,487] {processor.py:651} INFO - DAG(s) dict_keys(['example_python_operator']) retrieved from /home/airflow/.local/lib/python3.7/site-packages/airflow/example_dags/example_python_operator.py
[2022-08-23 00:08:41,623] {logging_mixin.py:115} INFO - [2022-08-23 00:08:41,622] {dag.py:2420} INFO - Sync 1 DAGs
[2022-08-23 00:08:42,340] {logging_mixin.py:115} INFO - [2022-08-23 00:08:42,340] {dag.py:2972} INFO - Setting next_dagrun for example_python_operator to None, run_after=None
[2022-08-23 00:08:42,400] {processor.py:161} INFO - Processing /home/airflow/.local/lib/python3.7/site-packages/airflow/example_dags/example_python_operator.py took 0.997 seconds
[2022-08-23 00:09:13,093] {processor.py:153} INFO - Started process (PID=96039) to work on /home/airflow/.local/lib/python3.7/site-packages/airflow/example_dags/example_python_operator.py
[2022-08-23 00:09:13,098] {processor.py:641} INFO - Processing file /home/airflow/.local/lib/python3.7/site-packages/airflow/example_dags/example_python_operator.py for tasks to queue
[2022-08-23 00:09:13,104] {logging_mixin.py:115} INFO - [2022-08-23 00:09:13,103] {dagbag.py:508} INFO - Filling up the DagBag from /home/airflow/.local/lib/python3.7/site-packages/airflow/example_dags/example_python_operator.py
[2022-08-23 00:09:13,142] {processor.py:651} INFO - DAG(s) dict_keys(['example_python_operator']) retrieved from /home/airflow/.local/lib/python3.7/site-packages/airflow/example_dags/example_python_operator.py
[2022-08-23 00:09:13,190] {logging_mixin.py:115} INFO - [2022-08-23 00:09:13,190] {dag.py:2420} INFO - Sync 1 DAGs
[2022-08-23 00:09:13,413] {logging_mixin.py:115} INFO - [2022-08-23 00:09:13,413] {dag.py:2972} INFO - Setting next_dagrun for example_python_operator to None, run_after=None
[2022-08-23 00:09:13,444] {processor.py:161} INFO - Processing /home/airflow/.local/lib/python3.7/site-packages/airflow/example_dags/example_python_operator.py took 0.361 seconds
[2022-08-23 00:09:43,600] {processor.py:153} INFO - Started process (PID=96233) to work on /home/airflow/.local/lib/python3.7/site-packages/airflow/example_dags/example_python_operator.py
[2022-08-23 00:09:43,603] {processor.py:641} INFO - Processing file /home/airflow/.local/lib/python3.7/site-packages/airflow/example_dags/example_python_operator.py for tasks to queue
[2022-08-23 00:09:43,605] {logging_mixin.py:115} INFO - [2022-08-23 00:09:43,605] {dagbag.py:508} INFO - Filling up the DagBag from /home/airflow/.local/lib/python3.7/site-packages/airflow/example_dags/example_python_operator.py
[2022-08-23 00:09:43,639] {processor.py:651} INFO - DAG(s) dict_keys(['example_python_operator']) retrieved from /home/airflow/.local/lib/python3.7/site-packages/airflow/example_dags/example_python_operator.py
[2022-08-23 00:09:43,680] {logging_mixin.py:115} INFO - [2022-08-23 00:09:43,680] {dag.py:2420} INFO - Sync 1 DAGs
[2022-08-23 00:09:43,918] {logging_mixin.py:115} INFO - [2022-08-23 00:09:43,918] {dag.py:2972} INFO - Setting next_dagrun for example_python_operator to None, run_after=None
[2022-08-23 00:09:43,955] {processor.py:161} INFO - Processing /home/airflow/.local/lib/python3.7/site-packages/airflow/example_dags/example_python_operator.py took 0.363 seconds
[2022-08-23 00:10:14,814] {processor.py:153} INFO - Started process (PID=96427) to work on /home/airflow/.local/lib/python3.7/site-packages/airflow/example_dags/example_python_operator.py
[2022-08-23 00:10:14,817] {processor.py:641} INFO - Processing file /home/airflow/.local/lib/python3.7/site-packages/airflow/example_dags/example_python_operator.py for tasks to queue
[2022-08-23 00:10:14,821] {logging_mixin.py:115} INFO - [2022-08-23 00:10:14,821] {dagbag.py:508} INFO - Filling up the DagBag from /home/airflow/.local/lib/python3.7/site-packages/airflow/example_dags/example_python_operator.py
[2022-08-23 00:10:14,860] {processor.py:651} INFO - DAG(s) dict_keys(['example_python_operator']) retrieved from /home/airflow/.local/lib/python3.7/site-packages/airflow/example_dags/example_python_operator.py
[2022-08-23 00:10:14,912] {logging_mixin.py:115} INFO - [2022-08-23 00:10:14,912] {dag.py:2420} INFO - Sync 1 DAGs
[2022-08-23 00:10:15,331] {logging_mixin.py:115} INFO - [2022-08-23 00:10:15,331] {dag.py:2972} INFO - Setting next_dagrun for example_python_operator to None, run_after=None
[2022-08-23 00:10:15,368] {processor.py:161} INFO - Processing /home/airflow/.local/lib/python3.7/site-packages/airflow/example_dags/example_python_operator.py took 0.567 seconds
[2022-08-23 00:10:45,807] {processor.py:153} INFO - Started process (PID=96630) to work on /home/airflow/.local/lib/python3.7/site-packages/airflow/example_dags/example_python_operator.py
[2022-08-23 00:10:45,810] {processor.py:641} INFO - Processing file /home/airflow/.local/lib/python3.7/site-packages/airflow/example_dags/example_python_operator.py for tasks to queue
[2022-08-23 00:10:45,813] {logging_mixin.py:115} INFO - [2022-08-23 00:10:45,813] {dagbag.py:508} INFO - Filling up the DagBag from /home/airflow/.local/lib/python3.7/site-packages/airflow/example_dags/example_python_operator.py
[2022-08-23 00:10:45,863] {processor.py:651} INFO - DAG(s) dict_keys(['example_python_operator']) retrieved from /home/airflow/.local/lib/python3.7/site-packages/airflow/example_dags/example_python_operator.py
[2022-08-23 00:10:45,910] {logging_mixin.py:115} INFO - [2022-08-23 00:10:45,910] {dag.py:2420} INFO - Sync 1 DAGs
[2022-08-23 00:10:46,176] {logging_mixin.py:115} INFO - [2022-08-23 00:10:46,176] {dag.py:2972} INFO - Setting next_dagrun for example_python_operator to None, run_after=None
[2022-08-23 00:10:46,199] {processor.py:161} INFO - Processing /home/airflow/.local/lib/python3.7/site-packages/airflow/example_dags/example_python_operator.py took 0.402 seconds
[2022-08-23 00:11:16,483] {processor.py:153} INFO - Started process (PID=96822) to work on /home/airflow/.local/lib/python3.7/site-packages/airflow/example_dags/example_python_operator.py
[2022-08-23 00:11:16,497] {processor.py:641} INFO - Processing file /home/airflow/.local/lib/python3.7/site-packages/airflow/example_dags/example_python_operator.py for tasks to queue
[2022-08-23 00:11:16,509] {logging_mixin.py:115} INFO - [2022-08-23 00:11:16,509] {dagbag.py:508} INFO - Filling up the DagBag from /home/airflow/.local/lib/python3.7/site-packages/airflow/example_dags/example_python_operator.py
[2022-08-23 00:11:16,547] {processor.py:651} INFO - DAG(s) dict_keys(['example_python_operator']) retrieved from /home/airflow/.local/lib/python3.7/site-packages/airflow/example_dags/example_python_operator.py
[2022-08-23 00:11:16,594] {logging_mixin.py:115} INFO - [2022-08-23 00:11:16,594] {dag.py:2420} INFO - Sync 1 DAGs
[2022-08-23 00:11:16,836] {logging_mixin.py:115} INFO - [2022-08-23 00:11:16,836] {dag.py:2972} INFO - Setting next_dagrun for example_python_operator to None, run_after=None
[2022-08-23 00:11:16,863] {processor.py:161} INFO - Processing /home/airflow/.local/lib/python3.7/site-packages/airflow/example_dags/example_python_operator.py took 0.396 seconds
[2022-08-23 00:11:47,841] {processor.py:153} INFO - Started process (PID=97017) to work on /home/airflow/.local/lib/python3.7/site-packages/airflow/example_dags/example_python_operator.py
[2022-08-23 00:11:47,844] {processor.py:641} INFO - Processing file /home/airflow/.local/lib/python3.7/site-packages/airflow/example_dags/example_python_operator.py for tasks to queue
[2022-08-23 00:11:47,848] {logging_mixin.py:115} INFO - [2022-08-23 00:11:47,848] {dagbag.py:508} INFO - Filling up the DagBag from /home/airflow/.local/lib/python3.7/site-packages/airflow/example_dags/example_python_operator.py
[2022-08-23 00:11:47,911] {processor.py:651} INFO - DAG(s) dict_keys(['example_python_operator']) retrieved from /home/airflow/.local/lib/python3.7/site-packages/airflow/example_dags/example_python_operator.py
[2022-08-23 00:11:47,990] {logging_mixin.py:115} INFO - [2022-08-23 00:11:47,990] {dag.py:2420} INFO - Sync 1 DAGs
[2022-08-23 00:11:48,060] {logging_mixin.py:115} INFO - [2022-08-23 00:11:48,059] {dag.py:2972} INFO - Setting next_dagrun for example_python_operator to None, run_after=None
[2022-08-23 00:11:48,088] {processor.py:161} INFO - Processing /home/airflow/.local/lib/python3.7/site-packages/airflow/example_dags/example_python_operator.py took 0.253 seconds
[2022-08-23 00:12:18,323] {processor.py:153} INFO - Started process (PID=97211) to work on /home/airflow/.local/lib/python3.7/site-packages/airflow/example_dags/example_python_operator.py
[2022-08-23 00:12:18,326] {processor.py:641} INFO - Processing file /home/airflow/.local/lib/python3.7/site-packages/airflow/example_dags/example_python_operator.py for tasks to queue
[2022-08-23 00:12:18,329] {logging_mixin.py:115} INFO - [2022-08-23 00:12:18,328] {dagbag.py:508} INFO - Filling up the DagBag from /home/airflow/.local/lib/python3.7/site-packages/airflow/example_dags/example_python_operator.py
[2022-08-23 00:12:18,372] {processor.py:651} INFO - DAG(s) dict_keys(['example_python_operator']) retrieved from /home/airflow/.local/lib/python3.7/site-packages/airflow/example_dags/example_python_operator.py
[2022-08-23 00:12:18,432] {logging_mixin.py:115} INFO - [2022-08-23 00:12:18,432] {dag.py:2420} INFO - Sync 1 DAGs
[2022-08-23 00:12:18,484] {logging_mixin.py:115} INFO - [2022-08-23 00:12:18,484] {dag.py:2972} INFO - Setting next_dagrun for example_python_operator to None, run_after=None
[2022-08-23 00:12:18,521] {processor.py:161} INFO - Processing /home/airflow/.local/lib/python3.7/site-packages/airflow/example_dags/example_python_operator.py took 0.212 seconds
[2022-08-23 00:12:49,406] {processor.py:153} INFO - Started process (PID=97407) to work on /home/airflow/.local/lib/python3.7/site-packages/airflow/example_dags/example_python_operator.py
[2022-08-23 00:12:49,410] {processor.py:641} INFO - Processing file /home/airflow/.local/lib/python3.7/site-packages/airflow/example_dags/example_python_operator.py for tasks to queue
[2022-08-23 00:12:49,413] {logging_mixin.py:115} INFO - [2022-08-23 00:12:49,412] {dagbag.py:508} INFO - Filling up the DagBag from /home/airflow/.local/lib/python3.7/site-packages/airflow/example_dags/example_python_operator.py
[2022-08-23 00:12:49,452] {processor.py:651} INFO - DAG(s) dict_keys(['example_python_operator']) retrieved from /home/airflow/.local/lib/python3.7/site-packages/airflow/example_dags/example_python_operator.py
[2022-08-23 00:12:49,519] {logging_mixin.py:115} INFO - [2022-08-23 00:12:49,519] {dag.py:2420} INFO - Sync 1 DAGs
[2022-08-23 00:12:49,561] {logging_mixin.py:115} INFO - [2022-08-23 00:12:49,560] {dag.py:2972} INFO - Setting next_dagrun for example_python_operator to None, run_after=None
[2022-08-23 00:12:49,593] {processor.py:161} INFO - Processing /home/airflow/.local/lib/python3.7/site-packages/airflow/example_dags/example_python_operator.py took 0.193 seconds
[2022-08-23 00:13:21,113] {processor.py:153} INFO - Started process (PID=97607) to work on /home/airflow/.local/lib/python3.7/site-packages/airflow/example_dags/example_python_operator.py
[2022-08-23 00:13:21,115] {processor.py:641} INFO - Processing file /home/airflow/.local/lib/python3.7/site-packages/airflow/example_dags/example_python_operator.py for tasks to queue
[2022-08-23 00:13:21,123] {logging_mixin.py:115} INFO - [2022-08-23 00:13:21,123] {dagbag.py:508} INFO - Filling up the DagBag from /home/airflow/.local/lib/python3.7/site-packages/airflow/example_dags/example_python_operator.py
[2022-08-23 00:13:21,231] {processor.py:651} INFO - DAG(s) dict_keys(['example_python_operator']) retrieved from /home/airflow/.local/lib/python3.7/site-packages/airflow/example_dags/example_python_operator.py
[2022-08-23 00:13:21,398] {logging_mixin.py:115} INFO - [2022-08-23 00:13:21,397] {dag.py:2420} INFO - Sync 1 DAGs
[2022-08-23 00:13:21,459] {logging_mixin.py:115} INFO - [2022-08-23 00:13:21,459] {dag.py:2972} INFO - Setting next_dagrun for example_python_operator to None, run_after=None
[2022-08-23 00:13:21,509] {processor.py:161} INFO - Processing /home/airflow/.local/lib/python3.7/site-packages/airflow/example_dags/example_python_operator.py took 0.458 seconds
[2022-08-23 00:13:52,760] {processor.py:153} INFO - Started process (PID=97799) to work on /home/airflow/.local/lib/python3.7/site-packages/airflow/example_dags/example_python_operator.py
[2022-08-23 00:13:52,767] {processor.py:641} INFO - Processing file /home/airflow/.local/lib/python3.7/site-packages/airflow/example_dags/example_python_operator.py for tasks to queue
[2022-08-23 00:13:52,772] {logging_mixin.py:115} INFO - [2022-08-23 00:13:52,772] {dagbag.py:508} INFO - Filling up the DagBag from /home/airflow/.local/lib/python3.7/site-packages/airflow/example_dags/example_python_operator.py
[2022-08-23 00:13:52,876] {processor.py:651} INFO - DAG(s) dict_keys(['example_python_operator']) retrieved from /home/airflow/.local/lib/python3.7/site-packages/airflow/example_dags/example_python_operator.py
[2022-08-23 00:13:53,020] {logging_mixin.py:115} INFO - [2022-08-23 00:13:53,020] {dag.py:2420} INFO - Sync 1 DAGs
[2022-08-23 00:13:53,114] {logging_mixin.py:115} INFO - [2022-08-23 00:13:53,113] {dag.py:2972} INFO - Setting next_dagrun for example_python_operator to None, run_after=None
[2022-08-23 00:13:53,170] {processor.py:161} INFO - Processing /home/airflow/.local/lib/python3.7/site-packages/airflow/example_dags/example_python_operator.py took 0.418 seconds
[2022-08-23 00:14:25,896] {processor.py:153} INFO - Started process (PID=97994) to work on /home/airflow/.local/lib/python3.7/site-packages/airflow/example_dags/example_python_operator.py
[2022-08-23 00:14:25,912] {processor.py:641} INFO - Processing file /home/airflow/.local/lib/python3.7/site-packages/airflow/example_dags/example_python_operator.py for tasks to queue
[2022-08-23 00:14:25,921] {logging_mixin.py:115} INFO - [2022-08-23 00:14:25,920] {dagbag.py:508} INFO - Filling up the DagBag from /home/airflow/.local/lib/python3.7/site-packages/airflow/example_dags/example_python_operator.py
[2022-08-23 00:14:26,079] {processor.py:651} INFO - DAG(s) dict_keys(['example_python_operator']) retrieved from /home/airflow/.local/lib/python3.7/site-packages/airflow/example_dags/example_python_operator.py
[2022-08-23 00:14:26,355] {logging_mixin.py:115} INFO - [2022-08-23 00:14:26,355] {dag.py:2420} INFO - Sync 1 DAGs
[2022-08-23 00:14:26,651] {logging_mixin.py:115} INFO - [2022-08-23 00:14:26,651] {dag.py:2972} INFO - Setting next_dagrun for example_python_operator to None, run_after=None
[2022-08-23 00:14:26,768] {processor.py:161} INFO - Processing /home/airflow/.local/lib/python3.7/site-packages/airflow/example_dags/example_python_operator.py took 0.900 seconds
[2022-08-23 00:14:56,949] {processor.py:153} INFO - Started process (PID=98186) to work on /home/airflow/.local/lib/python3.7/site-packages/airflow/example_dags/example_python_operator.py
[2022-08-23 00:14:56,953] {processor.py:641} INFO - Processing file /home/airflow/.local/lib/python3.7/site-packages/airflow/example_dags/example_python_operator.py for tasks to queue
[2022-08-23 00:14:56,956] {logging_mixin.py:115} INFO - [2022-08-23 00:14:56,956] {dagbag.py:508} INFO - Filling up the DagBag from /home/airflow/.local/lib/python3.7/site-packages/airflow/example_dags/example_python_operator.py
[2022-08-23 00:14:56,990] {processor.py:651} INFO - DAG(s) dict_keys(['example_python_operator']) retrieved from /home/airflow/.local/lib/python3.7/site-packages/airflow/example_dags/example_python_operator.py
[2022-08-23 00:14:57,041] {logging_mixin.py:115} INFO - [2022-08-23 00:14:57,041] {dag.py:2420} INFO - Sync 1 DAGs
[2022-08-23 00:14:57,078] {logging_mixin.py:115} INFO - [2022-08-23 00:14:57,078] {dag.py:2972} INFO - Setting next_dagrun for example_python_operator to None, run_after=None
[2022-08-23 00:14:57,102] {processor.py:161} INFO - Processing /home/airflow/.local/lib/python3.7/site-packages/airflow/example_dags/example_python_operator.py took 0.162 seconds
[2022-08-23 00:15:27,433] {processor.py:153} INFO - Started process (PID=98380) to work on /home/airflow/.local/lib/python3.7/site-packages/airflow/example_dags/example_python_operator.py
[2022-08-23 00:15:27,437] {processor.py:641} INFO - Processing file /home/airflow/.local/lib/python3.7/site-packages/airflow/example_dags/example_python_operator.py for tasks to queue
[2022-08-23 00:15:27,440] {logging_mixin.py:115} INFO - [2022-08-23 00:15:27,440] {dagbag.py:508} INFO - Filling up the DagBag from /home/airflow/.local/lib/python3.7/site-packages/airflow/example_dags/example_python_operator.py
[2022-08-23 00:15:27,476] {processor.py:651} INFO - DAG(s) dict_keys(['example_python_operator']) retrieved from /home/airflow/.local/lib/python3.7/site-packages/airflow/example_dags/example_python_operator.py
[2022-08-23 00:15:27,519] {logging_mixin.py:115} INFO - [2022-08-23 00:15:27,518] {dag.py:2420} INFO - Sync 1 DAGs
[2022-08-23 00:15:27,554] {logging_mixin.py:115} INFO - [2022-08-23 00:15:27,554] {dag.py:2972} INFO - Setting next_dagrun for example_python_operator to None, run_after=None
[2022-08-23 00:15:27,579] {processor.py:161} INFO - Processing /home/airflow/.local/lib/python3.7/site-packages/airflow/example_dags/example_python_operator.py took 0.153 seconds
[2022-08-23 00:15:58,106] {processor.py:153} INFO - Started process (PID=98579) to work on /home/airflow/.local/lib/python3.7/site-packages/airflow/example_dags/example_python_operator.py
[2022-08-23 00:15:58,111] {processor.py:641} INFO - Processing file /home/airflow/.local/lib/python3.7/site-packages/airflow/example_dags/example_python_operator.py for tasks to queue
[2022-08-23 00:15:58,113] {logging_mixin.py:115} INFO - [2022-08-23 00:15:58,113] {dagbag.py:508} INFO - Filling up the DagBag from /home/airflow/.local/lib/python3.7/site-packages/airflow/example_dags/example_python_operator.py
[2022-08-23 00:15:58,170] {processor.py:651} INFO - DAG(s) dict_keys(['example_python_operator']) retrieved from /home/airflow/.local/lib/python3.7/site-packages/airflow/example_dags/example_python_operator.py
[2022-08-23 00:15:58,222] {logging_mixin.py:115} INFO - [2022-08-23 00:15:58,222] {dag.py:2420} INFO - Sync 1 DAGs
[2022-08-23 00:15:58,275] {logging_mixin.py:115} INFO - [2022-08-23 00:15:58,274] {dag.py:2972} INFO - Setting next_dagrun for example_python_operator to None, run_after=None
[2022-08-23 00:15:58,311] {processor.py:161} INFO - Processing /home/airflow/.local/lib/python3.7/site-packages/airflow/example_dags/example_python_operator.py took 0.219 seconds
[2022-08-23 00:16:28,690] {processor.py:153} INFO - Started process (PID=98775) to work on /home/airflow/.local/lib/python3.7/site-packages/airflow/example_dags/example_python_operator.py
[2022-08-23 00:16:28,695] {processor.py:641} INFO - Processing file /home/airflow/.local/lib/python3.7/site-packages/airflow/example_dags/example_python_operator.py for tasks to queue
[2022-08-23 00:16:28,698] {logging_mixin.py:115} INFO - [2022-08-23 00:16:28,697] {dagbag.py:508} INFO - Filling up the DagBag from /home/airflow/.local/lib/python3.7/site-packages/airflow/example_dags/example_python_operator.py
[2022-08-23 00:16:28,773] {processor.py:651} INFO - DAG(s) dict_keys(['example_python_operator']) retrieved from /home/airflow/.local/lib/python3.7/site-packages/airflow/example_dags/example_python_operator.py
[2022-08-23 00:16:28,928] {logging_mixin.py:115} INFO - [2022-08-23 00:16:28,928] {dag.py:2420} INFO - Sync 1 DAGs
[2022-08-23 00:16:29,125] {logging_mixin.py:115} INFO - [2022-08-23 00:16:29,125] {dag.py:2972} INFO - Setting next_dagrun for example_python_operator to None, run_after=None
[2022-08-23 00:16:29,165] {processor.py:161} INFO - Processing /home/airflow/.local/lib/python3.7/site-packages/airflow/example_dags/example_python_operator.py took 0.494 seconds
[2022-08-23 00:16:59,857] {processor.py:153} INFO - Started process (PID=98969) to work on /home/airflow/.local/lib/python3.7/site-packages/airflow/example_dags/example_python_operator.py
[2022-08-23 00:16:59,861] {processor.py:641} INFO - Processing file /home/airflow/.local/lib/python3.7/site-packages/airflow/example_dags/example_python_operator.py for tasks to queue
[2022-08-23 00:16:59,867] {logging_mixin.py:115} INFO - [2022-08-23 00:16:59,866] {dagbag.py:508} INFO - Filling up the DagBag from /home/airflow/.local/lib/python3.7/site-packages/airflow/example_dags/example_python_operator.py
[2022-08-23 00:16:59,908] {processor.py:651} INFO - DAG(s) dict_keys(['example_python_operator']) retrieved from /home/airflow/.local/lib/python3.7/site-packages/airflow/example_dags/example_python_operator.py
[2022-08-23 00:16:59,971] {logging_mixin.py:115} INFO - [2022-08-23 00:16:59,971] {dag.py:2420} INFO - Sync 1 DAGs
[2022-08-23 00:17:00,075] {logging_mixin.py:115} INFO - [2022-08-23 00:17:00,075] {dag.py:2972} INFO - Setting next_dagrun for example_python_operator to None, run_after=None
[2022-08-23 00:17:00,129] {processor.py:161} INFO - Processing /home/airflow/.local/lib/python3.7/site-packages/airflow/example_dags/example_python_operator.py took 0.286 seconds
[2022-08-23 00:17:30,782] {processor.py:153} INFO - Started process (PID=99163) to work on /home/airflow/.local/lib/python3.7/site-packages/airflow/example_dags/example_python_operator.py
[2022-08-23 00:17:30,785] {processor.py:641} INFO - Processing file /home/airflow/.local/lib/python3.7/site-packages/airflow/example_dags/example_python_operator.py for tasks to queue
[2022-08-23 00:17:30,788] {logging_mixin.py:115} INFO - [2022-08-23 00:17:30,788] {dagbag.py:508} INFO - Filling up the DagBag from /home/airflow/.local/lib/python3.7/site-packages/airflow/example_dags/example_python_operator.py
[2022-08-23 00:17:30,838] {processor.py:651} INFO - DAG(s) dict_keys(['example_python_operator']) retrieved from /home/airflow/.local/lib/python3.7/site-packages/airflow/example_dags/example_python_operator.py
[2022-08-23 00:17:30,910] {logging_mixin.py:115} INFO - [2022-08-23 00:17:30,909] {dag.py:2420} INFO - Sync 1 DAGs
[2022-08-23 00:17:31,025] {logging_mixin.py:115} INFO - [2022-08-23 00:17:31,024] {dag.py:2972} INFO - Setting next_dagrun for example_python_operator to None, run_after=None
[2022-08-23 00:17:31,055] {processor.py:161} INFO - Processing /home/airflow/.local/lib/python3.7/site-packages/airflow/example_dags/example_python_operator.py took 0.283 seconds
[2022-08-23 00:18:01,625] {processor.py:153} INFO - Started process (PID=99355) to work on /home/airflow/.local/lib/python3.7/site-packages/airflow/example_dags/example_python_operator.py
[2022-08-23 00:18:01,629] {processor.py:641} INFO - Processing file /home/airflow/.local/lib/python3.7/site-packages/airflow/example_dags/example_python_operator.py for tasks to queue
[2022-08-23 00:18:01,634] {logging_mixin.py:115} INFO - [2022-08-23 00:18:01,634] {dagbag.py:508} INFO - Filling up the DagBag from /home/airflow/.local/lib/python3.7/site-packages/airflow/example_dags/example_python_operator.py
[2022-08-23 00:18:01,679] {processor.py:651} INFO - DAG(s) dict_keys(['example_python_operator']) retrieved from /home/airflow/.local/lib/python3.7/site-packages/airflow/example_dags/example_python_operator.py
[2022-08-23 00:18:01,756] {logging_mixin.py:115} INFO - [2022-08-23 00:18:01,756] {dag.py:2420} INFO - Sync 1 DAGs
[2022-08-23 00:18:01,829] {logging_mixin.py:115} INFO - [2022-08-23 00:18:01,829] {dag.py:2972} INFO - Setting next_dagrun for example_python_operator to None, run_after=None
[2022-08-23 00:18:01,855] {processor.py:161} INFO - Processing /home/airflow/.local/lib/python3.7/site-packages/airflow/example_dags/example_python_operator.py took 0.237 seconds
[2022-08-23 00:18:32,172] {processor.py:153} INFO - Started process (PID=99559) to work on /home/airflow/.local/lib/python3.7/site-packages/airflow/example_dags/example_python_operator.py
[2022-08-23 00:18:32,174] {processor.py:641} INFO - Processing file /home/airflow/.local/lib/python3.7/site-packages/airflow/example_dags/example_python_operator.py for tasks to queue
[2022-08-23 00:18:32,178] {logging_mixin.py:115} INFO - [2022-08-23 00:18:32,178] {dagbag.py:508} INFO - Filling up the DagBag from /home/airflow/.local/lib/python3.7/site-packages/airflow/example_dags/example_python_operator.py
[2022-08-23 00:18:32,216] {processor.py:651} INFO - DAG(s) dict_keys(['example_python_operator']) retrieved from /home/airflow/.local/lib/python3.7/site-packages/airflow/example_dags/example_python_operator.py
[2022-08-23 00:18:32,265] {logging_mixin.py:115} INFO - [2022-08-23 00:18:32,265] {dag.py:2420} INFO - Sync 1 DAGs
[2022-08-23 00:18:32,313] {logging_mixin.py:115} INFO - [2022-08-23 00:18:32,313] {dag.py:2972} INFO - Setting next_dagrun for example_python_operator to None, run_after=None
[2022-08-23 00:18:32,341] {processor.py:161} INFO - Processing /home/airflow/.local/lib/python3.7/site-packages/airflow/example_dags/example_python_operator.py took 0.178 seconds
[2022-08-23 00:19:03,279] {processor.py:153} INFO - Started process (PID=99755) to work on /home/airflow/.local/lib/python3.7/site-packages/airflow/example_dags/example_python_operator.py
[2022-08-23 00:19:03,283] {processor.py:641} INFO - Processing file /home/airflow/.local/lib/python3.7/site-packages/airflow/example_dags/example_python_operator.py for tasks to queue
[2022-08-23 00:19:03,294] {logging_mixin.py:115} INFO - [2022-08-23 00:19:03,294] {dagbag.py:508} INFO - Filling up the DagBag from /home/airflow/.local/lib/python3.7/site-packages/airflow/example_dags/example_python_operator.py
[2022-08-23 00:19:03,368] {processor.py:651} INFO - DAG(s) dict_keys(['example_python_operator']) retrieved from /home/airflow/.local/lib/python3.7/site-packages/airflow/example_dags/example_python_operator.py
[2022-08-23 00:19:03,457] {logging_mixin.py:115} INFO - [2022-08-23 00:19:03,456] {dag.py:2420} INFO - Sync 1 DAGs
[2022-08-23 00:19:03,547] {logging_mixin.py:115} INFO - [2022-08-23 00:19:03,547] {dag.py:2972} INFO - Setting next_dagrun for example_python_operator to None, run_after=None
[2022-08-23 00:19:03,618] {processor.py:161} INFO - Processing /home/airflow/.local/lib/python3.7/site-packages/airflow/example_dags/example_python_operator.py took 0.387 seconds
[2022-08-23 00:19:33,823] {processor.py:153} INFO - Started process (PID=99959) to work on /home/airflow/.local/lib/python3.7/site-packages/airflow/example_dags/example_python_operator.py
[2022-08-23 00:19:33,829] {processor.py:641} INFO - Processing file /home/airflow/.local/lib/python3.7/site-packages/airflow/example_dags/example_python_operator.py for tasks to queue
[2022-08-23 00:19:33,834] {logging_mixin.py:115} INFO - [2022-08-23 00:19:33,833] {dagbag.py:508} INFO - Filling up the DagBag from /home/airflow/.local/lib/python3.7/site-packages/airflow/example_dags/example_python_operator.py
[2022-08-23 00:19:33,894] {processor.py:651} INFO - DAG(s) dict_keys(['example_python_operator']) retrieved from /home/airflow/.local/lib/python3.7/site-packages/airflow/example_dags/example_python_operator.py
[2022-08-23 00:19:33,957] {logging_mixin.py:115} INFO - [2022-08-23 00:19:33,957] {dag.py:2420} INFO - Sync 1 DAGs
[2022-08-23 00:19:33,996] {logging_mixin.py:115} INFO - [2022-08-23 00:19:33,996] {dag.py:2972} INFO - Setting next_dagrun for example_python_operator to None, run_after=None
[2022-08-23 00:19:34,018] {processor.py:161} INFO - Processing /home/airflow/.local/lib/python3.7/site-packages/airflow/example_dags/example_python_operator.py took 0.211 seconds
[2022-08-23 00:20:04,179] {processor.py:153} INFO - Started process (PID=452) to work on /home/airflow/.local/lib/python3.7/site-packages/airflow/example_dags/example_python_operator.py
[2022-08-23 00:20:04,182] {processor.py:641} INFO - Processing file /home/airflow/.local/lib/python3.7/site-packages/airflow/example_dags/example_python_operator.py for tasks to queue
[2022-08-23 00:20:04,185] {logging_mixin.py:115} INFO - [2022-08-23 00:20:04,184] {dagbag.py:508} INFO - Filling up the DagBag from /home/airflow/.local/lib/python3.7/site-packages/airflow/example_dags/example_python_operator.py
[2022-08-23 00:20:04,236] {processor.py:651} INFO - DAG(s) dict_keys(['example_python_operator']) retrieved from /home/airflow/.local/lib/python3.7/site-packages/airflow/example_dags/example_python_operator.py
[2022-08-23 00:20:04,294] {logging_mixin.py:115} INFO - [2022-08-23 00:20:04,294] {dag.py:2420} INFO - Sync 1 DAGs
[2022-08-23 00:20:04,340] {logging_mixin.py:115} INFO - [2022-08-23 00:20:04,340] {dag.py:2972} INFO - Setting next_dagrun for example_python_operator to None, run_after=None
[2022-08-23 00:20:04,371] {processor.py:161} INFO - Processing /home/airflow/.local/lib/python3.7/site-packages/airflow/example_dags/example_python_operator.py took 0.205 seconds
[2022-08-23 00:20:35,320] {processor.py:153} INFO - Started process (PID=656) to work on /home/airflow/.local/lib/python3.7/site-packages/airflow/example_dags/example_python_operator.py
[2022-08-23 00:20:35,325] {processor.py:641} INFO - Processing file /home/airflow/.local/lib/python3.7/site-packages/airflow/example_dags/example_python_operator.py for tasks to queue
[2022-08-23 00:20:35,329] {logging_mixin.py:115} INFO - [2022-08-23 00:20:35,329] {dagbag.py:508} INFO - Filling up the DagBag from /home/airflow/.local/lib/python3.7/site-packages/airflow/example_dags/example_python_operator.py
[2022-08-23 00:20:35,397] {processor.py:651} INFO - DAG(s) dict_keys(['example_python_operator']) retrieved from /home/airflow/.local/lib/python3.7/site-packages/airflow/example_dags/example_python_operator.py
[2022-08-23 00:20:35,473] {logging_mixin.py:115} INFO - [2022-08-23 00:20:35,472] {dag.py:2420} INFO - Sync 1 DAGs
[2022-08-23 00:20:35,531] {logging_mixin.py:115} INFO - [2022-08-23 00:20:35,531] {dag.py:2972} INFO - Setting next_dagrun for example_python_operator to None, run_after=None
[2022-08-23 00:20:35,575] {processor.py:161} INFO - Processing /home/airflow/.local/lib/python3.7/site-packages/airflow/example_dags/example_python_operator.py took 0.262 seconds
[2022-08-23 00:21:05,919] {processor.py:153} INFO - Started process (PID=852) to work on /home/airflow/.local/lib/python3.7/site-packages/airflow/example_dags/example_python_operator.py
[2022-08-23 00:21:05,920] {processor.py:641} INFO - Processing file /home/airflow/.local/lib/python3.7/site-packages/airflow/example_dags/example_python_operator.py for tasks to queue
[2022-08-23 00:21:05,922] {logging_mixin.py:115} INFO - [2022-08-23 00:21:05,922] {dagbag.py:508} INFO - Filling up the DagBag from /home/airflow/.local/lib/python3.7/site-packages/airflow/example_dags/example_python_operator.py
[2022-08-23 00:21:05,950] {processor.py:651} INFO - DAG(s) dict_keys(['example_python_operator']) retrieved from /home/airflow/.local/lib/python3.7/site-packages/airflow/example_dags/example_python_operator.py
[2022-08-23 00:21:05,997] {logging_mixin.py:115} INFO - [2022-08-23 00:21:05,997] {dag.py:2420} INFO - Sync 1 DAGs
[2022-08-23 00:21:06,034] {logging_mixin.py:115} INFO - [2022-08-23 00:21:06,033] {dag.py:2972} INFO - Setting next_dagrun for example_python_operator to None, run_after=None
[2022-08-23 00:21:06,058] {processor.py:161} INFO - Processing /home/airflow/.local/lib/python3.7/site-packages/airflow/example_dags/example_python_operator.py took 0.145 seconds
