[2022-08-23 00:00:34,205] {processor.py:153} INFO - Started process (PID=92796) to work on /home/airflow/.local/lib/python3.7/site-packages/airflow/example_dags/example_local_kubernetes_executor.py
[2022-08-23 00:00:34,224] {processor.py:641} INFO - Processing file /home/airflow/.local/lib/python3.7/site-packages/airflow/example_dags/example_local_kubernetes_executor.py for tasks to queue
[2022-08-23 00:00:34,251] {logging_mixin.py:115} INFO - [2022-08-23 00:00:34,251] {dagbag.py:508} INFO - Filling up the DagBag from /home/airflow/.local/lib/python3.7/site-packages/airflow/example_dags/example_local_kubernetes_executor.py
[2022-08-23 00:00:34,373] {processor.py:651} INFO - DAG(s) dict_keys(['example_local_kubernetes_executor']) retrieved from /home/airflow/.local/lib/python3.7/site-packages/airflow/example_dags/example_local_kubernetes_executor.py
[2022-08-23 00:00:34,594] {logging_mixin.py:115} INFO - [2022-08-23 00:00:34,593] {dag.py:2420} INFO - Sync 1 DAGs
[2022-08-23 00:00:34,743] {logging_mixin.py:115} INFO - [2022-08-23 00:00:34,742] {dag.py:2972} INFO - Setting next_dagrun for example_local_kubernetes_executor to None, run_after=None
[2022-08-23 00:00:35,492] {processor.py:161} INFO - Processing /home/airflow/.local/lib/python3.7/site-packages/airflow/example_dags/example_local_kubernetes_executor.py took 1.319 seconds
[2022-08-23 00:01:05,789] {processor.py:153} INFO - Started process (PID=92995) to work on /home/airflow/.local/lib/python3.7/site-packages/airflow/example_dags/example_local_kubernetes_executor.py
[2022-08-23 00:01:05,791] {processor.py:641} INFO - Processing file /home/airflow/.local/lib/python3.7/site-packages/airflow/example_dags/example_local_kubernetes_executor.py for tasks to queue
[2022-08-23 00:01:05,793] {logging_mixin.py:115} INFO - [2022-08-23 00:01:05,793] {dagbag.py:508} INFO - Filling up the DagBag from /home/airflow/.local/lib/python3.7/site-packages/airflow/example_dags/example_local_kubernetes_executor.py
[2022-08-23 00:01:05,831] {processor.py:651} INFO - DAG(s) dict_keys(['example_local_kubernetes_executor']) retrieved from /home/airflow/.local/lib/python3.7/site-packages/airflow/example_dags/example_local_kubernetes_executor.py
[2022-08-23 00:01:05,878] {logging_mixin.py:115} INFO - [2022-08-23 00:01:05,878] {dag.py:2420} INFO - Sync 1 DAGs
[2022-08-23 00:01:05,920] {logging_mixin.py:115} INFO - [2022-08-23 00:01:05,920] {dag.py:2972} INFO - Setting next_dagrun for example_local_kubernetes_executor to None, run_after=None
[2022-08-23 00:01:06,144] {processor.py:161} INFO - Processing /home/airflow/.local/lib/python3.7/site-packages/airflow/example_dags/example_local_kubernetes_executor.py took 0.370 seconds
[2022-08-23 00:01:37,054] {processor.py:153} INFO - Started process (PID=93199) to work on /home/airflow/.local/lib/python3.7/site-packages/airflow/example_dags/example_local_kubernetes_executor.py
[2022-08-23 00:01:37,060] {processor.py:641} INFO - Processing file /home/airflow/.local/lib/python3.7/site-packages/airflow/example_dags/example_local_kubernetes_executor.py for tasks to queue
[2022-08-23 00:01:37,066] {logging_mixin.py:115} INFO - [2022-08-23 00:01:37,065] {dagbag.py:508} INFO - Filling up the DagBag from /home/airflow/.local/lib/python3.7/site-packages/airflow/example_dags/example_local_kubernetes_executor.py
[2022-08-23 00:01:37,179] {processor.py:651} INFO - DAG(s) dict_keys(['example_local_kubernetes_executor']) retrieved from /home/airflow/.local/lib/python3.7/site-packages/airflow/example_dags/example_local_kubernetes_executor.py
[2022-08-23 00:01:37,317] {logging_mixin.py:115} INFO - [2022-08-23 00:01:37,317] {dag.py:2420} INFO - Sync 1 DAGs
[2022-08-23 00:01:37,447] {logging_mixin.py:115} INFO - [2022-08-23 00:01:37,446] {dag.py:2972} INFO - Setting next_dagrun for example_local_kubernetes_executor to None, run_after=None
[2022-08-23 00:01:38,150] {processor.py:161} INFO - Processing /home/airflow/.local/lib/python3.7/site-packages/airflow/example_dags/example_local_kubernetes_executor.py took 1.117 seconds
[2022-08-23 00:02:08,614] {processor.py:153} INFO - Started process (PID=93397) to work on /home/airflow/.local/lib/python3.7/site-packages/airflow/example_dags/example_local_kubernetes_executor.py
[2022-08-23 00:02:08,617] {processor.py:641} INFO - Processing file /home/airflow/.local/lib/python3.7/site-packages/airflow/example_dags/example_local_kubernetes_executor.py for tasks to queue
[2022-08-23 00:02:08,620] {logging_mixin.py:115} INFO - [2022-08-23 00:02:08,619] {dagbag.py:508} INFO - Filling up the DagBag from /home/airflow/.local/lib/python3.7/site-packages/airflow/example_dags/example_local_kubernetes_executor.py
[2022-08-23 00:02:08,655] {processor.py:651} INFO - DAG(s) dict_keys(['example_local_kubernetes_executor']) retrieved from /home/airflow/.local/lib/python3.7/site-packages/airflow/example_dags/example_local_kubernetes_executor.py
[2022-08-23 00:02:08,702] {logging_mixin.py:115} INFO - [2022-08-23 00:02:08,701] {dag.py:2420} INFO - Sync 1 DAGs
[2022-08-23 00:02:08,961] {logging_mixin.py:115} INFO - [2022-08-23 00:02:08,961] {dag.py:2972} INFO - Setting next_dagrun for example_local_kubernetes_executor to None, run_after=None
[2022-08-23 00:02:08,990] {processor.py:161} INFO - Processing /home/airflow/.local/lib/python3.7/site-packages/airflow/example_dags/example_local_kubernetes_executor.py took 0.388 seconds
[2022-08-23 00:02:39,508] {processor.py:153} INFO - Started process (PID=93596) to work on /home/airflow/.local/lib/python3.7/site-packages/airflow/example_dags/example_local_kubernetes_executor.py
[2022-08-23 00:02:39,512] {processor.py:641} INFO - Processing file /home/airflow/.local/lib/python3.7/site-packages/airflow/example_dags/example_local_kubernetes_executor.py for tasks to queue
[2022-08-23 00:02:39,524] {logging_mixin.py:115} INFO - [2022-08-23 00:02:39,523] {dagbag.py:508} INFO - Filling up the DagBag from /home/airflow/.local/lib/python3.7/site-packages/airflow/example_dags/example_local_kubernetes_executor.py
[2022-08-23 00:02:39,610] {processor.py:651} INFO - DAG(s) dict_keys(['example_local_kubernetes_executor']) retrieved from /home/airflow/.local/lib/python3.7/site-packages/airflow/example_dags/example_local_kubernetes_executor.py
[2022-08-23 00:02:39,658] {logging_mixin.py:115} INFO - [2022-08-23 00:02:39,658] {dag.py:2420} INFO - Sync 1 DAGs
[2022-08-23 00:02:40,080] {logging_mixin.py:115} INFO - [2022-08-23 00:02:40,080] {dag.py:2972} INFO - Setting next_dagrun for example_local_kubernetes_executor to None, run_after=None
[2022-08-23 00:02:40,115] {processor.py:161} INFO - Processing /home/airflow/.local/lib/python3.7/site-packages/airflow/example_dags/example_local_kubernetes_executor.py took 0.616 seconds
[2022-08-23 00:03:10,319] {processor.py:153} INFO - Started process (PID=93789) to work on /home/airflow/.local/lib/python3.7/site-packages/airflow/example_dags/example_local_kubernetes_executor.py
[2022-08-23 00:03:10,320] {processor.py:641} INFO - Processing file /home/airflow/.local/lib/python3.7/site-packages/airflow/example_dags/example_local_kubernetes_executor.py for tasks to queue
[2022-08-23 00:03:10,322] {logging_mixin.py:115} INFO - [2022-08-23 00:03:10,322] {dagbag.py:508} INFO - Filling up the DagBag from /home/airflow/.local/lib/python3.7/site-packages/airflow/example_dags/example_local_kubernetes_executor.py
[2022-08-23 00:03:10,358] {processor.py:651} INFO - DAG(s) dict_keys(['example_local_kubernetes_executor']) retrieved from /home/airflow/.local/lib/python3.7/site-packages/airflow/example_dags/example_local_kubernetes_executor.py
[2022-08-23 00:03:10,451] {logging_mixin.py:115} INFO - [2022-08-23 00:03:10,451] {dag.py:2420} INFO - Sync 1 DAGs
[2022-08-23 00:03:10,945] {logging_mixin.py:115} INFO - [2022-08-23 00:03:10,945] {dag.py:2972} INFO - Setting next_dagrun for example_local_kubernetes_executor to None, run_after=None
[2022-08-23 00:03:11,008] {processor.py:161} INFO - Processing /home/airflow/.local/lib/python3.7/site-packages/airflow/example_dags/example_local_kubernetes_executor.py took 0.695 seconds
[2022-08-23 00:03:44,161] {processor.py:153} INFO - Started process (PID=93981) to work on /home/airflow/.local/lib/python3.7/site-packages/airflow/example_dags/example_local_kubernetes_executor.py
[2022-08-23 00:03:44,173] {processor.py:641} INFO - Processing file /home/airflow/.local/lib/python3.7/site-packages/airflow/example_dags/example_local_kubernetes_executor.py for tasks to queue
[2022-08-23 00:03:44,178] {logging_mixin.py:115} INFO - [2022-08-23 00:03:44,178] {dagbag.py:508} INFO - Filling up the DagBag from /home/airflow/.local/lib/python3.7/site-packages/airflow/example_dags/example_local_kubernetes_executor.py
[2022-08-23 00:03:44,328] {processor.py:651} INFO - DAG(s) dict_keys(['example_local_kubernetes_executor']) retrieved from /home/airflow/.local/lib/python3.7/site-packages/airflow/example_dags/example_local_kubernetes_executor.py
[2022-08-23 00:03:44,528] {logging_mixin.py:115} INFO - [2022-08-23 00:03:44,528] {dag.py:2420} INFO - Sync 1 DAGs
[2022-08-23 00:03:45,302] {logging_mixin.py:115} INFO - [2022-08-23 00:03:45,302] {dag.py:2972} INFO - Setting next_dagrun for example_local_kubernetes_executor to None, run_after=None
[2022-08-23 00:03:45,362] {processor.py:161} INFO - Processing /home/airflow/.local/lib/python3.7/site-packages/airflow/example_dags/example_local_kubernetes_executor.py took 1.210 seconds
[2022-08-23 00:04:15,532] {processor.py:153} INFO - Started process (PID=94176) to work on /home/airflow/.local/lib/python3.7/site-packages/airflow/example_dags/example_local_kubernetes_executor.py
[2022-08-23 00:04:15,546] {processor.py:641} INFO - Processing file /home/airflow/.local/lib/python3.7/site-packages/airflow/example_dags/example_local_kubernetes_executor.py for tasks to queue
[2022-08-23 00:04:15,559] {logging_mixin.py:115} INFO - [2022-08-23 00:04:15,559] {dagbag.py:508} INFO - Filling up the DagBag from /home/airflow/.local/lib/python3.7/site-packages/airflow/example_dags/example_local_kubernetes_executor.py
[2022-08-23 00:04:15,619] {processor.py:651} INFO - DAG(s) dict_keys(['example_local_kubernetes_executor']) retrieved from /home/airflow/.local/lib/python3.7/site-packages/airflow/example_dags/example_local_kubernetes_executor.py
[2022-08-23 00:04:15,693] {logging_mixin.py:115} INFO - [2022-08-23 00:04:15,693] {dag.py:2420} INFO - Sync 1 DAGs
[2022-08-23 00:04:16,011] {logging_mixin.py:115} INFO - [2022-08-23 00:04:16,010] {dag.py:2972} INFO - Setting next_dagrun for example_local_kubernetes_executor to None, run_after=None
[2022-08-23 00:04:16,041] {processor.py:161} INFO - Processing /home/airflow/.local/lib/python3.7/site-packages/airflow/example_dags/example_local_kubernetes_executor.py took 0.527 seconds
[2022-08-23 00:04:46,319] {processor.py:153} INFO - Started process (PID=94374) to work on /home/airflow/.local/lib/python3.7/site-packages/airflow/example_dags/example_local_kubernetes_executor.py
[2022-08-23 00:04:46,322] {processor.py:641} INFO - Processing file /home/airflow/.local/lib/python3.7/site-packages/airflow/example_dags/example_local_kubernetes_executor.py for tasks to queue
[2022-08-23 00:04:46,327] {logging_mixin.py:115} INFO - [2022-08-23 00:04:46,326] {dagbag.py:508} INFO - Filling up the DagBag from /home/airflow/.local/lib/python3.7/site-packages/airflow/example_dags/example_local_kubernetes_executor.py
[2022-08-23 00:04:46,373] {processor.py:651} INFO - DAG(s) dict_keys(['example_local_kubernetes_executor']) retrieved from /home/airflow/.local/lib/python3.7/site-packages/airflow/example_dags/example_local_kubernetes_executor.py
[2022-08-23 00:04:46,503] {logging_mixin.py:115} INFO - [2022-08-23 00:04:46,503] {dag.py:2420} INFO - Sync 1 DAGs
[2022-08-23 00:04:47,179] {logging_mixin.py:115} INFO - [2022-08-23 00:04:47,179] {dag.py:2972} INFO - Setting next_dagrun for example_local_kubernetes_executor to None, run_after=None
[2022-08-23 00:04:47,244] {processor.py:161} INFO - Processing /home/airflow/.local/lib/python3.7/site-packages/airflow/example_dags/example_local_kubernetes_executor.py took 0.934 seconds
[2022-08-23 00:05:17,745] {processor.py:153} INFO - Started process (PID=94570) to work on /home/airflow/.local/lib/python3.7/site-packages/airflow/example_dags/example_local_kubernetes_executor.py
[2022-08-23 00:05:17,748] {processor.py:641} INFO - Processing file /home/airflow/.local/lib/python3.7/site-packages/airflow/example_dags/example_local_kubernetes_executor.py for tasks to queue
[2022-08-23 00:05:17,751] {logging_mixin.py:115} INFO - [2022-08-23 00:05:17,751] {dagbag.py:508} INFO - Filling up the DagBag from /home/airflow/.local/lib/python3.7/site-packages/airflow/example_dags/example_local_kubernetes_executor.py
[2022-08-23 00:05:17,823] {processor.py:651} INFO - DAG(s) dict_keys(['example_local_kubernetes_executor']) retrieved from /home/airflow/.local/lib/python3.7/site-packages/airflow/example_dags/example_local_kubernetes_executor.py
[2022-08-23 00:05:17,888] {logging_mixin.py:115} INFO - [2022-08-23 00:05:17,888] {dag.py:2420} INFO - Sync 1 DAGs
[2022-08-23 00:05:18,187] {logging_mixin.py:115} INFO - [2022-08-23 00:05:18,187] {dag.py:2972} INFO - Setting next_dagrun for example_local_kubernetes_executor to None, run_after=None
[2022-08-23 00:05:18,218] {processor.py:161} INFO - Processing /home/airflow/.local/lib/python3.7/site-packages/airflow/example_dags/example_local_kubernetes_executor.py took 0.489 seconds
[2022-08-23 00:05:48,674] {processor.py:153} INFO - Started process (PID=94777) to work on /home/airflow/.local/lib/python3.7/site-packages/airflow/example_dags/example_local_kubernetes_executor.py
[2022-08-23 00:05:48,677] {processor.py:641} INFO - Processing file /home/airflow/.local/lib/python3.7/site-packages/airflow/example_dags/example_local_kubernetes_executor.py for tasks to queue
[2022-08-23 00:05:48,681] {logging_mixin.py:115} INFO - [2022-08-23 00:05:48,681] {dagbag.py:508} INFO - Filling up the DagBag from /home/airflow/.local/lib/python3.7/site-packages/airflow/example_dags/example_local_kubernetes_executor.py
[2022-08-23 00:05:48,793] {processor.py:651} INFO - DAG(s) dict_keys(['example_local_kubernetes_executor']) retrieved from /home/airflow/.local/lib/python3.7/site-packages/airflow/example_dags/example_local_kubernetes_executor.py
[2022-08-23 00:05:48,897] {logging_mixin.py:115} INFO - [2022-08-23 00:05:48,897] {dag.py:2420} INFO - Sync 1 DAGs
[2022-08-23 00:05:49,190] {logging_mixin.py:115} INFO - [2022-08-23 00:05:49,190] {dag.py:2972} INFO - Setting next_dagrun for example_local_kubernetes_executor to None, run_after=None
[2022-08-23 00:05:49,218] {processor.py:161} INFO - Processing /home/airflow/.local/lib/python3.7/site-packages/airflow/example_dags/example_local_kubernetes_executor.py took 0.561 seconds
[2022-08-23 00:06:19,393] {processor.py:153} INFO - Started process (PID=94973) to work on /home/airflow/.local/lib/python3.7/site-packages/airflow/example_dags/example_local_kubernetes_executor.py
[2022-08-23 00:06:19,396] {processor.py:641} INFO - Processing file /home/airflow/.local/lib/python3.7/site-packages/airflow/example_dags/example_local_kubernetes_executor.py for tasks to queue
[2022-08-23 00:06:19,416] {logging_mixin.py:115} INFO - [2022-08-23 00:06:19,415] {dagbag.py:508} INFO - Filling up the DagBag from /home/airflow/.local/lib/python3.7/site-packages/airflow/example_dags/example_local_kubernetes_executor.py
[2022-08-23 00:06:19,452] {processor.py:651} INFO - DAG(s) dict_keys(['example_local_kubernetes_executor']) retrieved from /home/airflow/.local/lib/python3.7/site-packages/airflow/example_dags/example_local_kubernetes_executor.py
[2022-08-23 00:06:19,502] {logging_mixin.py:115} INFO - [2022-08-23 00:06:19,502] {dag.py:2420} INFO - Sync 1 DAGs
[2022-08-23 00:06:20,586] {logging_mixin.py:115} INFO - [2022-08-23 00:06:20,585] {dag.py:2972} INFO - Setting next_dagrun for example_local_kubernetes_executor to None, run_after=None
[2022-08-23 00:06:20,882] {processor.py:161} INFO - Processing /home/airflow/.local/lib/python3.7/site-packages/airflow/example_dags/example_local_kubernetes_executor.py took 1.500 seconds
[2022-08-23 00:06:52,061] {processor.py:153} INFO - Started process (PID=95170) to work on /home/airflow/.local/lib/python3.7/site-packages/airflow/example_dags/example_local_kubernetes_executor.py
[2022-08-23 00:06:52,074] {processor.py:641} INFO - Processing file /home/airflow/.local/lib/python3.7/site-packages/airflow/example_dags/example_local_kubernetes_executor.py for tasks to queue
[2022-08-23 00:06:52,076] {logging_mixin.py:115} INFO - [2022-08-23 00:06:52,076] {dagbag.py:508} INFO - Filling up the DagBag from /home/airflow/.local/lib/python3.7/site-packages/airflow/example_dags/example_local_kubernetes_executor.py
[2022-08-23 00:06:52,127] {processor.py:651} INFO - DAG(s) dict_keys(['example_local_kubernetes_executor']) retrieved from /home/airflow/.local/lib/python3.7/site-packages/airflow/example_dags/example_local_kubernetes_executor.py
[2022-08-23 00:06:52,204] {logging_mixin.py:115} INFO - [2022-08-23 00:06:52,203] {dag.py:2420} INFO - Sync 1 DAGs
[2022-08-23 00:06:52,460] {logging_mixin.py:115} INFO - [2022-08-23 00:06:52,460] {dag.py:2972} INFO - Setting next_dagrun for example_local_kubernetes_executor to None, run_after=None
[2022-08-23 00:06:52,483] {processor.py:161} INFO - Processing /home/airflow/.local/lib/python3.7/site-packages/airflow/example_dags/example_local_kubernetes_executor.py took 0.429 seconds
[2022-08-23 00:07:23,925] {processor.py:153} INFO - Started process (PID=95378) to work on /home/airflow/.local/lib/python3.7/site-packages/airflow/example_dags/example_local_kubernetes_executor.py
[2022-08-23 00:07:23,931] {processor.py:641} INFO - Processing file /home/airflow/.local/lib/python3.7/site-packages/airflow/example_dags/example_local_kubernetes_executor.py for tasks to queue
[2022-08-23 00:07:23,933] {logging_mixin.py:115} INFO - [2022-08-23 00:07:23,933] {dagbag.py:508} INFO - Filling up the DagBag from /home/airflow/.local/lib/python3.7/site-packages/airflow/example_dags/example_local_kubernetes_executor.py
[2022-08-23 00:07:24,028] {processor.py:651} INFO - DAG(s) dict_keys(['example_local_kubernetes_executor']) retrieved from /home/airflow/.local/lib/python3.7/site-packages/airflow/example_dags/example_local_kubernetes_executor.py
[2022-08-23 00:07:24,153] {logging_mixin.py:115} INFO - [2022-08-23 00:07:24,153] {dag.py:2420} INFO - Sync 1 DAGs
[2022-08-23 00:07:24,485] {logging_mixin.py:115} INFO - [2022-08-23 00:07:24,484] {dag.py:2972} INFO - Setting next_dagrun for example_local_kubernetes_executor to None, run_after=None
[2022-08-23 00:07:24,509] {processor.py:161} INFO - Processing /home/airflow/.local/lib/python3.7/site-packages/airflow/example_dags/example_local_kubernetes_executor.py took 0.591 seconds
[2022-08-23 00:07:56,340] {processor.py:153} INFO - Started process (PID=95567) to work on /home/airflow/.local/lib/python3.7/site-packages/airflow/example_dags/example_local_kubernetes_executor.py
[2022-08-23 00:07:56,347] {processor.py:641} INFO - Processing file /home/airflow/.local/lib/python3.7/site-packages/airflow/example_dags/example_local_kubernetes_executor.py for tasks to queue
[2022-08-23 00:07:56,357] {logging_mixin.py:115} INFO - [2022-08-23 00:07:56,355] {dagbag.py:508} INFO - Filling up the DagBag from /home/airflow/.local/lib/python3.7/site-packages/airflow/example_dags/example_local_kubernetes_executor.py
[2022-08-23 00:07:56,462] {processor.py:651} INFO - DAG(s) dict_keys(['example_local_kubernetes_executor']) retrieved from /home/airflow/.local/lib/python3.7/site-packages/airflow/example_dags/example_local_kubernetes_executor.py
[2022-08-23 00:07:56,577] {logging_mixin.py:115} INFO - [2022-08-23 00:07:56,577] {dag.py:2420} INFO - Sync 1 DAGs
[2022-08-23 00:07:56,966] {logging_mixin.py:115} INFO - [2022-08-23 00:07:56,965] {dag.py:2972} INFO - Setting next_dagrun for example_local_kubernetes_executor to None, run_after=None
[2022-08-23 00:07:57,017] {processor.py:161} INFO - Processing /home/airflow/.local/lib/python3.7/site-packages/airflow/example_dags/example_local_kubernetes_executor.py took 0.704 seconds
[2022-08-23 00:08:27,571] {processor.py:153} INFO - Started process (PID=95762) to work on /home/airflow/.local/lib/python3.7/site-packages/airflow/example_dags/example_local_kubernetes_executor.py
[2022-08-23 00:08:27,579] {processor.py:641} INFO - Processing file /home/airflow/.local/lib/python3.7/site-packages/airflow/example_dags/example_local_kubernetes_executor.py for tasks to queue
[2022-08-23 00:08:27,584] {logging_mixin.py:115} INFO - [2022-08-23 00:08:27,584] {dagbag.py:508} INFO - Filling up the DagBag from /home/airflow/.local/lib/python3.7/site-packages/airflow/example_dags/example_local_kubernetes_executor.py
[2022-08-23 00:08:27,701] {processor.py:651} INFO - DAG(s) dict_keys(['example_local_kubernetes_executor']) retrieved from /home/airflow/.local/lib/python3.7/site-packages/airflow/example_dags/example_local_kubernetes_executor.py
[2022-08-23 00:08:27,815] {logging_mixin.py:115} INFO - [2022-08-23 00:08:27,815] {dag.py:2420} INFO - Sync 1 DAGs
[2022-08-23 00:08:28,706] {logging_mixin.py:115} INFO - [2022-08-23 00:08:28,706] {dag.py:2972} INFO - Setting next_dagrun for example_local_kubernetes_executor to None, run_after=None
[2022-08-23 00:08:28,748] {processor.py:161} INFO - Processing /home/airflow/.local/lib/python3.7/site-packages/airflow/example_dags/example_local_kubernetes_executor.py took 1.198 seconds
[2022-08-23 00:08:59,855] {processor.py:153} INFO - Started process (PID=95974) to work on /home/airflow/.local/lib/python3.7/site-packages/airflow/example_dags/example_local_kubernetes_executor.py
[2022-08-23 00:08:59,860] {processor.py:641} INFO - Processing file /home/airflow/.local/lib/python3.7/site-packages/airflow/example_dags/example_local_kubernetes_executor.py for tasks to queue
[2022-08-23 00:08:59,865] {logging_mixin.py:115} INFO - [2022-08-23 00:08:59,864] {dagbag.py:508} INFO - Filling up the DagBag from /home/airflow/.local/lib/python3.7/site-packages/airflow/example_dags/example_local_kubernetes_executor.py
[2022-08-23 00:09:00,457] {processor.py:651} INFO - DAG(s) dict_keys(['example_local_kubernetes_executor']) retrieved from /home/airflow/.local/lib/python3.7/site-packages/airflow/example_dags/example_local_kubernetes_executor.py
[2022-08-23 00:09:00,711] {logging_mixin.py:115} INFO - [2022-08-23 00:09:00,711] {dag.py:2420} INFO - Sync 1 DAGs
[2022-08-23 00:09:01,630] {logging_mixin.py:115} INFO - [2022-08-23 00:09:01,630] {dag.py:2972} INFO - Setting next_dagrun for example_local_kubernetes_executor to None, run_after=None
[2022-08-23 00:09:01,737] {processor.py:161} INFO - Processing /home/airflow/.local/lib/python3.7/site-packages/airflow/example_dags/example_local_kubernetes_executor.py took 1.893 seconds
[2022-08-23 00:09:32,595] {processor.py:153} INFO - Started process (PID=96162) to work on /home/airflow/.local/lib/python3.7/site-packages/airflow/example_dags/example_local_kubernetes_executor.py
[2022-08-23 00:09:32,598] {processor.py:641} INFO - Processing file /home/airflow/.local/lib/python3.7/site-packages/airflow/example_dags/example_local_kubernetes_executor.py for tasks to queue
[2022-08-23 00:09:32,601] {logging_mixin.py:115} INFO - [2022-08-23 00:09:32,601] {dagbag.py:508} INFO - Filling up the DagBag from /home/airflow/.local/lib/python3.7/site-packages/airflow/example_dags/example_local_kubernetes_executor.py
[2022-08-23 00:09:32,644] {processor.py:651} INFO - DAG(s) dict_keys(['example_local_kubernetes_executor']) retrieved from /home/airflow/.local/lib/python3.7/site-packages/airflow/example_dags/example_local_kubernetes_executor.py
[2022-08-23 00:09:32,700] {logging_mixin.py:115} INFO - [2022-08-23 00:09:32,700] {dag.py:2420} INFO - Sync 1 DAGs
[2022-08-23 00:09:33,372] {logging_mixin.py:115} INFO - [2022-08-23 00:09:33,372] {dag.py:2972} INFO - Setting next_dagrun for example_local_kubernetes_executor to None, run_after=None
[2022-08-23 00:09:33,475] {processor.py:161} INFO - Processing /home/airflow/.local/lib/python3.7/site-packages/airflow/example_dags/example_local_kubernetes_executor.py took 0.891 seconds
[2022-08-23 00:10:03,789] {processor.py:153} INFO - Started process (PID=96365) to work on /home/airflow/.local/lib/python3.7/site-packages/airflow/example_dags/example_local_kubernetes_executor.py
[2022-08-23 00:10:03,802] {processor.py:641} INFO - Processing file /home/airflow/.local/lib/python3.7/site-packages/airflow/example_dags/example_local_kubernetes_executor.py for tasks to queue
[2022-08-23 00:10:03,805] {logging_mixin.py:115} INFO - [2022-08-23 00:10:03,805] {dagbag.py:508} INFO - Filling up the DagBag from /home/airflow/.local/lib/python3.7/site-packages/airflow/example_dags/example_local_kubernetes_executor.py
[2022-08-23 00:10:03,869] {processor.py:651} INFO - DAG(s) dict_keys(['example_local_kubernetes_executor']) retrieved from /home/airflow/.local/lib/python3.7/site-packages/airflow/example_dags/example_local_kubernetes_executor.py
[2022-08-23 00:10:03,947] {logging_mixin.py:115} INFO - [2022-08-23 00:10:03,947] {dag.py:2420} INFO - Sync 1 DAGs
[2022-08-23 00:10:04,565] {logging_mixin.py:115} INFO - [2022-08-23 00:10:04,565] {dag.py:2972} INFO - Setting next_dagrun for example_local_kubernetes_executor to None, run_after=None
[2022-08-23 00:10:04,594] {processor.py:161} INFO - Processing /home/airflow/.local/lib/python3.7/site-packages/airflow/example_dags/example_local_kubernetes_executor.py took 0.824 seconds
[2022-08-23 00:10:34,960] {processor.py:153} INFO - Started process (PID=96559) to work on /home/airflow/.local/lib/python3.7/site-packages/airflow/example_dags/example_local_kubernetes_executor.py
[2022-08-23 00:10:34,963] {processor.py:641} INFO - Processing file /home/airflow/.local/lib/python3.7/site-packages/airflow/example_dags/example_local_kubernetes_executor.py for tasks to queue
[2022-08-23 00:10:34,965] {logging_mixin.py:115} INFO - [2022-08-23 00:10:34,965] {dagbag.py:508} INFO - Filling up the DagBag from /home/airflow/.local/lib/python3.7/site-packages/airflow/example_dags/example_local_kubernetes_executor.py
[2022-08-23 00:10:35,045] {processor.py:651} INFO - DAG(s) dict_keys(['example_local_kubernetes_executor']) retrieved from /home/airflow/.local/lib/python3.7/site-packages/airflow/example_dags/example_local_kubernetes_executor.py
[2022-08-23 00:10:35,112] {logging_mixin.py:115} INFO - [2022-08-23 00:10:35,112] {dag.py:2420} INFO - Sync 1 DAGs
[2022-08-23 00:10:35,371] {logging_mixin.py:115} INFO - [2022-08-23 00:10:35,371] {dag.py:2972} INFO - Setting next_dagrun for example_local_kubernetes_executor to None, run_after=None
[2022-08-23 00:10:35,401] {processor.py:161} INFO - Processing /home/airflow/.local/lib/python3.7/site-packages/airflow/example_dags/example_local_kubernetes_executor.py took 0.480 seconds
[2022-08-23 00:11:05,913] {processor.py:153} INFO - Started process (PID=96753) to work on /home/airflow/.local/lib/python3.7/site-packages/airflow/example_dags/example_local_kubernetes_executor.py
[2022-08-23 00:11:05,917] {processor.py:641} INFO - Processing file /home/airflow/.local/lib/python3.7/site-packages/airflow/example_dags/example_local_kubernetes_executor.py for tasks to queue
[2022-08-23 00:11:05,922] {logging_mixin.py:115} INFO - [2022-08-23 00:11:05,922] {dagbag.py:508} INFO - Filling up the DagBag from /home/airflow/.local/lib/python3.7/site-packages/airflow/example_dags/example_local_kubernetes_executor.py
[2022-08-23 00:11:05,974] {processor.py:651} INFO - DAG(s) dict_keys(['example_local_kubernetes_executor']) retrieved from /home/airflow/.local/lib/python3.7/site-packages/airflow/example_dags/example_local_kubernetes_executor.py
[2022-08-23 00:11:06,051] {logging_mixin.py:115} INFO - [2022-08-23 00:11:06,050] {dag.py:2420} INFO - Sync 1 DAGs
[2022-08-23 00:11:06,339] {logging_mixin.py:115} INFO - [2022-08-23 00:11:06,339] {dag.py:2972} INFO - Setting next_dagrun for example_local_kubernetes_executor to None, run_after=None
[2022-08-23 00:11:06,378] {processor.py:161} INFO - Processing /home/airflow/.local/lib/python3.7/site-packages/airflow/example_dags/example_local_kubernetes_executor.py took 0.474 seconds
[2022-08-23 00:11:36,576] {processor.py:153} INFO - Started process (PID=96947) to work on /home/airflow/.local/lib/python3.7/site-packages/airflow/example_dags/example_local_kubernetes_executor.py
[2022-08-23 00:11:36,582] {processor.py:641} INFO - Processing file /home/airflow/.local/lib/python3.7/site-packages/airflow/example_dags/example_local_kubernetes_executor.py for tasks to queue
[2022-08-23 00:11:36,586] {logging_mixin.py:115} INFO - [2022-08-23 00:11:36,586] {dagbag.py:508} INFO - Filling up the DagBag from /home/airflow/.local/lib/python3.7/site-packages/airflow/example_dags/example_local_kubernetes_executor.py
[2022-08-23 00:11:36,633] {processor.py:651} INFO - DAG(s) dict_keys(['example_local_kubernetes_executor']) retrieved from /home/airflow/.local/lib/python3.7/site-packages/airflow/example_dags/example_local_kubernetes_executor.py
[2022-08-23 00:11:36,695] {logging_mixin.py:115} INFO - [2022-08-23 00:11:36,695] {dag.py:2420} INFO - Sync 1 DAGs
[2022-08-23 00:11:36,985] {logging_mixin.py:115} INFO - [2022-08-23 00:11:36,984] {dag.py:2972} INFO - Setting next_dagrun for example_local_kubernetes_executor to None, run_after=None
[2022-08-23 00:11:37,022] {processor.py:161} INFO - Processing /home/airflow/.local/lib/python3.7/site-packages/airflow/example_dags/example_local_kubernetes_executor.py took 0.455 seconds
[2022-08-23 00:12:08,934] {processor.py:153} INFO - Started process (PID=97151) to work on /home/airflow/.local/lib/python3.7/site-packages/airflow/example_dags/example_local_kubernetes_executor.py
[2022-08-23 00:12:08,937] {processor.py:641} INFO - Processing file /home/airflow/.local/lib/python3.7/site-packages/airflow/example_dags/example_local_kubernetes_executor.py for tasks to queue
[2022-08-23 00:12:08,939] {logging_mixin.py:115} INFO - [2022-08-23 00:12:08,938] {dagbag.py:508} INFO - Filling up the DagBag from /home/airflow/.local/lib/python3.7/site-packages/airflow/example_dags/example_local_kubernetes_executor.py
[2022-08-23 00:12:09,007] {processor.py:651} INFO - DAG(s) dict_keys(['example_local_kubernetes_executor']) retrieved from /home/airflow/.local/lib/python3.7/site-packages/airflow/example_dags/example_local_kubernetes_executor.py
[2022-08-23 00:12:09,165] {logging_mixin.py:115} INFO - [2022-08-23 00:12:09,165] {dag.py:2420} INFO - Sync 1 DAGs
[2022-08-23 00:12:09,273] {logging_mixin.py:115} INFO - [2022-08-23 00:12:09,273] {dag.py:2972} INFO - Setting next_dagrun for example_local_kubernetes_executor to None, run_after=None
[2022-08-23 00:12:09,334] {processor.py:161} INFO - Processing /home/airflow/.local/lib/python3.7/site-packages/airflow/example_dags/example_local_kubernetes_executor.py took 0.437 seconds
[2022-08-23 00:12:39,507] {processor.py:153} INFO - Started process (PID=97337) to work on /home/airflow/.local/lib/python3.7/site-packages/airflow/example_dags/example_local_kubernetes_executor.py
[2022-08-23 00:12:39,523] {processor.py:641} INFO - Processing file /home/airflow/.local/lib/python3.7/site-packages/airflow/example_dags/example_local_kubernetes_executor.py for tasks to queue
[2022-08-23 00:12:39,529] {logging_mixin.py:115} INFO - [2022-08-23 00:12:39,529] {dagbag.py:508} INFO - Filling up the DagBag from /home/airflow/.local/lib/python3.7/site-packages/airflow/example_dags/example_local_kubernetes_executor.py
[2022-08-23 00:12:39,654] {processor.py:651} INFO - DAG(s) dict_keys(['example_local_kubernetes_executor']) retrieved from /home/airflow/.local/lib/python3.7/site-packages/airflow/example_dags/example_local_kubernetes_executor.py
[2022-08-23 00:12:39,927] {logging_mixin.py:115} INFO - [2022-08-23 00:12:39,926] {dag.py:2420} INFO - Sync 1 DAGs
[2022-08-23 00:12:40,426] {logging_mixin.py:115} INFO - [2022-08-23 00:12:40,425] {dag.py:2972} INFO - Setting next_dagrun for example_local_kubernetes_executor to None, run_after=None
[2022-08-23 00:12:40,530] {processor.py:161} INFO - Processing /home/airflow/.local/lib/python3.7/site-packages/airflow/example_dags/example_local_kubernetes_executor.py took 1.029 seconds
[2022-08-23 00:13:10,977] {processor.py:153} INFO - Started process (PID=97530) to work on /home/airflow/.local/lib/python3.7/site-packages/airflow/example_dags/example_local_kubernetes_executor.py
[2022-08-23 00:13:10,985] {processor.py:641} INFO - Processing file /home/airflow/.local/lib/python3.7/site-packages/airflow/example_dags/example_local_kubernetes_executor.py for tasks to queue
[2022-08-23 00:13:10,992] {logging_mixin.py:115} INFO - [2022-08-23 00:13:10,992] {dagbag.py:508} INFO - Filling up the DagBag from /home/airflow/.local/lib/python3.7/site-packages/airflow/example_dags/example_local_kubernetes_executor.py
[2022-08-23 00:13:11,049] {processor.py:651} INFO - DAG(s) dict_keys(['example_local_kubernetes_executor']) retrieved from /home/airflow/.local/lib/python3.7/site-packages/airflow/example_dags/example_local_kubernetes_executor.py
[2022-08-23 00:13:11,110] {logging_mixin.py:115} INFO - [2022-08-23 00:13:11,110] {dag.py:2420} INFO - Sync 1 DAGs
[2022-08-23 00:13:11,165] {logging_mixin.py:115} INFO - [2022-08-23 00:13:11,165] {dag.py:2972} INFO - Setting next_dagrun for example_local_kubernetes_executor to None, run_after=None
[2022-08-23 00:13:11,204] {processor.py:161} INFO - Processing /home/airflow/.local/lib/python3.7/site-packages/airflow/example_dags/example_local_kubernetes_executor.py took 0.251 seconds
[2022-08-23 00:13:42,702] {processor.py:153} INFO - Started process (PID=97720) to work on /home/airflow/.local/lib/python3.7/site-packages/airflow/example_dags/example_local_kubernetes_executor.py
[2022-08-23 00:13:42,711] {processor.py:641} INFO - Processing file /home/airflow/.local/lib/python3.7/site-packages/airflow/example_dags/example_local_kubernetes_executor.py for tasks to queue
[2022-08-23 00:13:42,721] {logging_mixin.py:115} INFO - [2022-08-23 00:13:42,720] {dagbag.py:508} INFO - Filling up the DagBag from /home/airflow/.local/lib/python3.7/site-packages/airflow/example_dags/example_local_kubernetes_executor.py
[2022-08-23 00:13:42,791] {processor.py:651} INFO - DAG(s) dict_keys(['example_local_kubernetes_executor']) retrieved from /home/airflow/.local/lib/python3.7/site-packages/airflow/example_dags/example_local_kubernetes_executor.py
[2022-08-23 00:13:42,840] {logging_mixin.py:115} INFO - [2022-08-23 00:13:42,840] {dag.py:2420} INFO - Sync 1 DAGs
[2022-08-23 00:13:42,890] {logging_mixin.py:115} INFO - [2022-08-23 00:13:42,890] {dag.py:2972} INFO - Setting next_dagrun for example_local_kubernetes_executor to None, run_after=None
[2022-08-23 00:13:42,913] {processor.py:161} INFO - Processing /home/airflow/.local/lib/python3.7/site-packages/airflow/example_dags/example_local_kubernetes_executor.py took 0.254 seconds
[2022-08-23 00:14:13,343] {processor.py:153} INFO - Started process (PID=97912) to work on /home/airflow/.local/lib/python3.7/site-packages/airflow/example_dags/example_local_kubernetes_executor.py
[2022-08-23 00:14:13,346] {processor.py:641} INFO - Processing file /home/airflow/.local/lib/python3.7/site-packages/airflow/example_dags/example_local_kubernetes_executor.py for tasks to queue
[2022-08-23 00:14:13,350] {logging_mixin.py:115} INFO - [2022-08-23 00:14:13,349] {dagbag.py:508} INFO - Filling up the DagBag from /home/airflow/.local/lib/python3.7/site-packages/airflow/example_dags/example_local_kubernetes_executor.py
[2022-08-23 00:14:13,390] {processor.py:651} INFO - DAG(s) dict_keys(['example_local_kubernetes_executor']) retrieved from /home/airflow/.local/lib/python3.7/site-packages/airflow/example_dags/example_local_kubernetes_executor.py
[2022-08-23 00:14:13,438] {logging_mixin.py:115} INFO - [2022-08-23 00:14:13,438] {dag.py:2420} INFO - Sync 1 DAGs
[2022-08-23 00:14:13,477] {logging_mixin.py:115} INFO - [2022-08-23 00:14:13,477] {dag.py:2972} INFO - Setting next_dagrun for example_local_kubernetes_executor to None, run_after=None
[2022-08-23 00:14:13,496] {processor.py:161} INFO - Processing /home/airflow/.local/lib/python3.7/site-packages/airflow/example_dags/example_local_kubernetes_executor.py took 0.159 seconds
[2022-08-23 00:14:43,905] {processor.py:153} INFO - Started process (PID=98106) to work on /home/airflow/.local/lib/python3.7/site-packages/airflow/example_dags/example_local_kubernetes_executor.py
[2022-08-23 00:14:43,907] {processor.py:641} INFO - Processing file /home/airflow/.local/lib/python3.7/site-packages/airflow/example_dags/example_local_kubernetes_executor.py for tasks to queue
[2022-08-23 00:14:43,912] {logging_mixin.py:115} INFO - [2022-08-23 00:14:43,912] {dagbag.py:508} INFO - Filling up the DagBag from /home/airflow/.local/lib/python3.7/site-packages/airflow/example_dags/example_local_kubernetes_executor.py
[2022-08-23 00:14:43,977] {processor.py:651} INFO - DAG(s) dict_keys(['example_local_kubernetes_executor']) retrieved from /home/airflow/.local/lib/python3.7/site-packages/airflow/example_dags/example_local_kubernetes_executor.py
[2022-08-23 00:14:44,029] {logging_mixin.py:115} INFO - [2022-08-23 00:14:44,028] {dag.py:2420} INFO - Sync 1 DAGs
[2022-08-23 00:14:44,072] {logging_mixin.py:115} INFO - [2022-08-23 00:14:44,072] {dag.py:2972} INFO - Setting next_dagrun for example_local_kubernetes_executor to None, run_after=None
[2022-08-23 00:14:44,097] {processor.py:161} INFO - Processing /home/airflow/.local/lib/python3.7/site-packages/airflow/example_dags/example_local_kubernetes_executor.py took 0.200 seconds
[2022-08-23 00:15:14,408] {processor.py:153} INFO - Started process (PID=98300) to work on /home/airflow/.local/lib/python3.7/site-packages/airflow/example_dags/example_local_kubernetes_executor.py
[2022-08-23 00:15:14,411] {processor.py:641} INFO - Processing file /home/airflow/.local/lib/python3.7/site-packages/airflow/example_dags/example_local_kubernetes_executor.py for tasks to queue
[2022-08-23 00:15:14,413] {logging_mixin.py:115} INFO - [2022-08-23 00:15:14,412] {dagbag.py:508} INFO - Filling up the DagBag from /home/airflow/.local/lib/python3.7/site-packages/airflow/example_dags/example_local_kubernetes_executor.py
[2022-08-23 00:15:14,465] {processor.py:651} INFO - DAG(s) dict_keys(['example_local_kubernetes_executor']) retrieved from /home/airflow/.local/lib/python3.7/site-packages/airflow/example_dags/example_local_kubernetes_executor.py
[2022-08-23 00:15:14,521] {logging_mixin.py:115} INFO - [2022-08-23 00:15:14,521] {dag.py:2420} INFO - Sync 1 DAGs
[2022-08-23 00:15:14,561] {logging_mixin.py:115} INFO - [2022-08-23 00:15:14,561] {dag.py:2972} INFO - Setting next_dagrun for example_local_kubernetes_executor to None, run_after=None
[2022-08-23 00:15:14,583] {processor.py:161} INFO - Processing /home/airflow/.local/lib/python3.7/site-packages/airflow/example_dags/example_local_kubernetes_executor.py took 0.181 seconds
[2022-08-23 00:15:44,757] {processor.py:153} INFO - Started process (PID=98492) to work on /home/airflow/.local/lib/python3.7/site-packages/airflow/example_dags/example_local_kubernetes_executor.py
[2022-08-23 00:15:44,761] {processor.py:641} INFO - Processing file /home/airflow/.local/lib/python3.7/site-packages/airflow/example_dags/example_local_kubernetes_executor.py for tasks to queue
[2022-08-23 00:15:44,765] {logging_mixin.py:115} INFO - [2022-08-23 00:15:44,765] {dagbag.py:508} INFO - Filling up the DagBag from /home/airflow/.local/lib/python3.7/site-packages/airflow/example_dags/example_local_kubernetes_executor.py
[2022-08-23 00:15:44,895] {processor.py:651} INFO - DAG(s) dict_keys(['example_local_kubernetes_executor']) retrieved from /home/airflow/.local/lib/python3.7/site-packages/airflow/example_dags/example_local_kubernetes_executor.py
[2022-08-23 00:15:45,090] {logging_mixin.py:115} INFO - [2022-08-23 00:15:45,073] {dag.py:2420} INFO - Sync 1 DAGs
[2022-08-23 00:15:45,233] {logging_mixin.py:115} INFO - [2022-08-23 00:15:45,232] {dag.py:2972} INFO - Setting next_dagrun for example_local_kubernetes_executor to None, run_after=None
[2022-08-23 00:15:45,304] {processor.py:161} INFO - Processing /home/airflow/.local/lib/python3.7/site-packages/airflow/example_dags/example_local_kubernetes_executor.py took 0.573 seconds
[2022-08-23 00:16:15,824] {processor.py:153} INFO - Started process (PID=98688) to work on /home/airflow/.local/lib/python3.7/site-packages/airflow/example_dags/example_local_kubernetes_executor.py
[2022-08-23 00:16:15,827] {processor.py:641} INFO - Processing file /home/airflow/.local/lib/python3.7/site-packages/airflow/example_dags/example_local_kubernetes_executor.py for tasks to queue
[2022-08-23 00:16:15,831] {logging_mixin.py:115} INFO - [2022-08-23 00:16:15,830] {dagbag.py:508} INFO - Filling up the DagBag from /home/airflow/.local/lib/python3.7/site-packages/airflow/example_dags/example_local_kubernetes_executor.py
[2022-08-23 00:16:15,880] {processor.py:651} INFO - DAG(s) dict_keys(['example_local_kubernetes_executor']) retrieved from /home/airflow/.local/lib/python3.7/site-packages/airflow/example_dags/example_local_kubernetes_executor.py
[2022-08-23 00:16:15,932] {logging_mixin.py:115} INFO - [2022-08-23 00:16:15,932] {dag.py:2420} INFO - Sync 1 DAGs
[2022-08-23 00:16:15,990] {logging_mixin.py:115} INFO - [2022-08-23 00:16:15,990] {dag.py:2972} INFO - Setting next_dagrun for example_local_kubernetes_executor to None, run_after=None
[2022-08-23 00:16:16,012] {processor.py:161} INFO - Processing /home/airflow/.local/lib/python3.7/site-packages/airflow/example_dags/example_local_kubernetes_executor.py took 0.208 seconds
[2022-08-23 00:16:46,354] {processor.py:153} INFO - Started process (PID=98882) to work on /home/airflow/.local/lib/python3.7/site-packages/airflow/example_dags/example_local_kubernetes_executor.py
[2022-08-23 00:16:46,357] {processor.py:641} INFO - Processing file /home/airflow/.local/lib/python3.7/site-packages/airflow/example_dags/example_local_kubernetes_executor.py for tasks to queue
[2022-08-23 00:16:46,362] {logging_mixin.py:115} INFO - [2022-08-23 00:16:46,361] {dagbag.py:508} INFO - Filling up the DagBag from /home/airflow/.local/lib/python3.7/site-packages/airflow/example_dags/example_local_kubernetes_executor.py
[2022-08-23 00:16:46,423] {processor.py:651} INFO - DAG(s) dict_keys(['example_local_kubernetes_executor']) retrieved from /home/airflow/.local/lib/python3.7/site-packages/airflow/example_dags/example_local_kubernetes_executor.py
[2022-08-23 00:16:46,487] {logging_mixin.py:115} INFO - [2022-08-23 00:16:46,486] {dag.py:2420} INFO - Sync 1 DAGs
[2022-08-23 00:16:46,537] {logging_mixin.py:115} INFO - [2022-08-23 00:16:46,537] {dag.py:2972} INFO - Setting next_dagrun for example_local_kubernetes_executor to None, run_after=None
[2022-08-23 00:16:46,562] {processor.py:161} INFO - Processing /home/airflow/.local/lib/python3.7/site-packages/airflow/example_dags/example_local_kubernetes_executor.py took 0.215 seconds
[2022-08-23 00:17:18,604] {processor.py:153} INFO - Started process (PID=99074) to work on /home/airflow/.local/lib/python3.7/site-packages/airflow/example_dags/example_local_kubernetes_executor.py
[2022-08-23 00:17:18,607] {processor.py:641} INFO - Processing file /home/airflow/.local/lib/python3.7/site-packages/airflow/example_dags/example_local_kubernetes_executor.py for tasks to queue
[2022-08-23 00:17:18,612] {logging_mixin.py:115} INFO - [2022-08-23 00:17:18,612] {dagbag.py:508} INFO - Filling up the DagBag from /home/airflow/.local/lib/python3.7/site-packages/airflow/example_dags/example_local_kubernetes_executor.py
[2022-08-23 00:17:18,717] {processor.py:651} INFO - DAG(s) dict_keys(['example_local_kubernetes_executor']) retrieved from /home/airflow/.local/lib/python3.7/site-packages/airflow/example_dags/example_local_kubernetes_executor.py
[2022-08-23 00:17:18,859] {logging_mixin.py:115} INFO - [2022-08-23 00:17:18,859] {dag.py:2420} INFO - Sync 1 DAGs
[2022-08-23 00:17:18,981] {logging_mixin.py:115} INFO - [2022-08-23 00:17:18,981] {dag.py:2972} INFO - Setting next_dagrun for example_local_kubernetes_executor to None, run_after=None
[2022-08-23 00:17:19,027] {processor.py:161} INFO - Processing /home/airflow/.local/lib/python3.7/site-packages/airflow/example_dags/example_local_kubernetes_executor.py took 0.434 seconds
[2022-08-23 00:17:49,950] {processor.py:153} INFO - Started process (PID=99267) to work on /home/airflow/.local/lib/python3.7/site-packages/airflow/example_dags/example_local_kubernetes_executor.py
[2022-08-23 00:17:49,952] {processor.py:641} INFO - Processing file /home/airflow/.local/lib/python3.7/site-packages/airflow/example_dags/example_local_kubernetes_executor.py for tasks to queue
[2022-08-23 00:17:49,955] {logging_mixin.py:115} INFO - [2022-08-23 00:17:49,955] {dagbag.py:508} INFO - Filling up the DagBag from /home/airflow/.local/lib/python3.7/site-packages/airflow/example_dags/example_local_kubernetes_executor.py
[2022-08-23 00:17:50,023] {processor.py:651} INFO - DAG(s) dict_keys(['example_local_kubernetes_executor']) retrieved from /home/airflow/.local/lib/python3.7/site-packages/airflow/example_dags/example_local_kubernetes_executor.py
[2022-08-23 00:17:50,096] {logging_mixin.py:115} INFO - [2022-08-23 00:17:50,095] {dag.py:2420} INFO - Sync 1 DAGs
[2022-08-23 00:17:50,140] {logging_mixin.py:115} INFO - [2022-08-23 00:17:50,140] {dag.py:2972} INFO - Setting next_dagrun for example_local_kubernetes_executor to None, run_after=None
[2022-08-23 00:17:50,167] {processor.py:161} INFO - Processing /home/airflow/.local/lib/python3.7/site-packages/airflow/example_dags/example_local_kubernetes_executor.py took 0.228 seconds
[2022-08-23 00:18:20,711] {processor.py:153} INFO - Started process (PID=99467) to work on /home/airflow/.local/lib/python3.7/site-packages/airflow/example_dags/example_local_kubernetes_executor.py
[2022-08-23 00:18:20,714] {processor.py:641} INFO - Processing file /home/airflow/.local/lib/python3.7/site-packages/airflow/example_dags/example_local_kubernetes_executor.py for tasks to queue
[2022-08-23 00:18:20,719] {logging_mixin.py:115} INFO - [2022-08-23 00:18:20,719] {dagbag.py:508} INFO - Filling up the DagBag from /home/airflow/.local/lib/python3.7/site-packages/airflow/example_dags/example_local_kubernetes_executor.py
[2022-08-23 00:18:20,763] {processor.py:651} INFO - DAG(s) dict_keys(['example_local_kubernetes_executor']) retrieved from /home/airflow/.local/lib/python3.7/site-packages/airflow/example_dags/example_local_kubernetes_executor.py
[2022-08-23 00:18:20,815] {logging_mixin.py:115} INFO - [2022-08-23 00:18:20,815] {dag.py:2420} INFO - Sync 1 DAGs
[2022-08-23 00:18:20,864] {logging_mixin.py:115} INFO - [2022-08-23 00:18:20,864] {dag.py:2972} INFO - Setting next_dagrun for example_local_kubernetes_executor to None, run_after=None
[2022-08-23 00:18:20,886] {processor.py:161} INFO - Processing /home/airflow/.local/lib/python3.7/site-packages/airflow/example_dags/example_local_kubernetes_executor.py took 0.186 seconds
[2022-08-23 00:18:51,524] {processor.py:153} INFO - Started process (PID=99660) to work on /home/airflow/.local/lib/python3.7/site-packages/airflow/example_dags/example_local_kubernetes_executor.py
[2022-08-23 00:18:51,527] {processor.py:641} INFO - Processing file /home/airflow/.local/lib/python3.7/site-packages/airflow/example_dags/example_local_kubernetes_executor.py for tasks to queue
[2022-08-23 00:18:51,529] {logging_mixin.py:115} INFO - [2022-08-23 00:18:51,529] {dagbag.py:508} INFO - Filling up the DagBag from /home/airflow/.local/lib/python3.7/site-packages/airflow/example_dags/example_local_kubernetes_executor.py
[2022-08-23 00:18:51,562] {processor.py:651} INFO - DAG(s) dict_keys(['example_local_kubernetes_executor']) retrieved from /home/airflow/.local/lib/python3.7/site-packages/airflow/example_dags/example_local_kubernetes_executor.py
[2022-08-23 00:18:51,700] {logging_mixin.py:115} INFO - [2022-08-23 00:18:51,700] {dag.py:2420} INFO - Sync 1 DAGs
[2022-08-23 00:18:51,762] {logging_mixin.py:115} INFO - [2022-08-23 00:18:51,761] {dag.py:2972} INFO - Setting next_dagrun for example_local_kubernetes_executor to None, run_after=None
[2022-08-23 00:18:51,810] {processor.py:161} INFO - Processing /home/airflow/.local/lib/python3.7/site-packages/airflow/example_dags/example_local_kubernetes_executor.py took 0.301 seconds
[2022-08-23 00:19:22,401] {processor.py:153} INFO - Started process (PID=99863) to work on /home/airflow/.local/lib/python3.7/site-packages/airflow/example_dags/example_local_kubernetes_executor.py
[2022-08-23 00:19:22,407] {processor.py:641} INFO - Processing file /home/airflow/.local/lib/python3.7/site-packages/airflow/example_dags/example_local_kubernetes_executor.py for tasks to queue
[2022-08-23 00:19:22,411] {logging_mixin.py:115} INFO - [2022-08-23 00:19:22,410] {dagbag.py:508} INFO - Filling up the DagBag from /home/airflow/.local/lib/python3.7/site-packages/airflow/example_dags/example_local_kubernetes_executor.py
[2022-08-23 00:19:22,450] {processor.py:651} INFO - DAG(s) dict_keys(['example_local_kubernetes_executor']) retrieved from /home/airflow/.local/lib/python3.7/site-packages/airflow/example_dags/example_local_kubernetes_executor.py
[2022-08-23 00:19:22,500] {logging_mixin.py:115} INFO - [2022-08-23 00:19:22,499] {dag.py:2420} INFO - Sync 1 DAGs
[2022-08-23 00:19:22,541] {logging_mixin.py:115} INFO - [2022-08-23 00:19:22,541] {dag.py:2972} INFO - Setting next_dagrun for example_local_kubernetes_executor to None, run_after=None
[2022-08-23 00:19:22,568] {processor.py:161} INFO - Processing /home/airflow/.local/lib/python3.7/site-packages/airflow/example_dags/example_local_kubernetes_executor.py took 0.175 seconds
[2022-08-23 00:19:52,998] {processor.py:153} INFO - Started process (PID=359) to work on /home/airflow/.local/lib/python3.7/site-packages/airflow/example_dags/example_local_kubernetes_executor.py
[2022-08-23 00:19:53,004] {processor.py:641} INFO - Processing file /home/airflow/.local/lib/python3.7/site-packages/airflow/example_dags/example_local_kubernetes_executor.py for tasks to queue
[2022-08-23 00:19:53,010] {logging_mixin.py:115} INFO - [2022-08-23 00:19:53,009] {dagbag.py:508} INFO - Filling up the DagBag from /home/airflow/.local/lib/python3.7/site-packages/airflow/example_dags/example_local_kubernetes_executor.py
[2022-08-23 00:19:53,103] {processor.py:651} INFO - DAG(s) dict_keys(['example_local_kubernetes_executor']) retrieved from /home/airflow/.local/lib/python3.7/site-packages/airflow/example_dags/example_local_kubernetes_executor.py
[2022-08-23 00:19:53,216] {logging_mixin.py:115} INFO - [2022-08-23 00:19:53,216] {dag.py:2420} INFO - Sync 1 DAGs
[2022-08-23 00:19:53,357] {logging_mixin.py:115} INFO - [2022-08-23 00:19:53,357] {dag.py:2972} INFO - Setting next_dagrun for example_local_kubernetes_executor to None, run_after=None
[2022-08-23 00:19:53,425] {processor.py:161} INFO - Processing /home/airflow/.local/lib/python3.7/site-packages/airflow/example_dags/example_local_kubernetes_executor.py took 0.440 seconds
[2022-08-23 00:20:24,148] {processor.py:153} INFO - Started process (PID=563) to work on /home/airflow/.local/lib/python3.7/site-packages/airflow/example_dags/example_local_kubernetes_executor.py
[2022-08-23 00:20:24,150] {processor.py:641} INFO - Processing file /home/airflow/.local/lib/python3.7/site-packages/airflow/example_dags/example_local_kubernetes_executor.py for tasks to queue
[2022-08-23 00:20:24,153] {logging_mixin.py:115} INFO - [2022-08-23 00:20:24,153] {dagbag.py:508} INFO - Filling up the DagBag from /home/airflow/.local/lib/python3.7/site-packages/airflow/example_dags/example_local_kubernetes_executor.py
[2022-08-23 00:20:24,186] {processor.py:651} INFO - DAG(s) dict_keys(['example_local_kubernetes_executor']) retrieved from /home/airflow/.local/lib/python3.7/site-packages/airflow/example_dags/example_local_kubernetes_executor.py
[2022-08-23 00:20:24,262] {logging_mixin.py:115} INFO - [2022-08-23 00:20:24,261] {dag.py:2420} INFO - Sync 1 DAGs
[2022-08-23 00:20:24,299] {logging_mixin.py:115} INFO - [2022-08-23 00:20:24,299] {dag.py:2972} INFO - Setting next_dagrun for example_local_kubernetes_executor to None, run_after=None
[2022-08-23 00:20:24,327] {processor.py:161} INFO - Processing /home/airflow/.local/lib/python3.7/site-packages/airflow/example_dags/example_local_kubernetes_executor.py took 0.201 seconds
[2022-08-23 00:20:54,560] {processor.py:153} INFO - Started process (PID=757) to work on /home/airflow/.local/lib/python3.7/site-packages/airflow/example_dags/example_local_kubernetes_executor.py
[2022-08-23 00:20:54,564] {processor.py:641} INFO - Processing file /home/airflow/.local/lib/python3.7/site-packages/airflow/example_dags/example_local_kubernetes_executor.py for tasks to queue
[2022-08-23 00:20:54,568] {logging_mixin.py:115} INFO - [2022-08-23 00:20:54,568] {dagbag.py:508} INFO - Filling up the DagBag from /home/airflow/.local/lib/python3.7/site-packages/airflow/example_dags/example_local_kubernetes_executor.py
[2022-08-23 00:20:54,634] {processor.py:651} INFO - DAG(s) dict_keys(['example_local_kubernetes_executor']) retrieved from /home/airflow/.local/lib/python3.7/site-packages/airflow/example_dags/example_local_kubernetes_executor.py
[2022-08-23 00:20:54,698] {logging_mixin.py:115} INFO - [2022-08-23 00:20:54,698] {dag.py:2420} INFO - Sync 1 DAGs
[2022-08-23 00:20:54,749] {logging_mixin.py:115} INFO - [2022-08-23 00:20:54,749] {dag.py:2972} INFO - Setting next_dagrun for example_local_kubernetes_executor to None, run_after=None
[2022-08-23 00:20:54,780] {processor.py:161} INFO - Processing /home/airflow/.local/lib/python3.7/site-packages/airflow/example_dags/example_local_kubernetes_executor.py took 0.239 seconds
