[2022-08-23 00:00:36,932] {processor.py:153} INFO - Started process (PID=92829) to work on /home/airflow/.local/lib/python3.7/site-packages/airflow/example_dags/example_nested_branch_dag.py
[2022-08-23 00:00:36,935] {processor.py:641} INFO - Processing file /home/airflow/.local/lib/python3.7/site-packages/airflow/example_dags/example_nested_branch_dag.py for tasks to queue
[2022-08-23 00:00:36,941] {logging_mixin.py:115} INFO - [2022-08-23 00:00:36,940] {dagbag.py:508} INFO - Filling up the DagBag from /home/airflow/.local/lib/python3.7/site-packages/airflow/example_dags/example_nested_branch_dag.py
[2022-08-23 00:00:37,030] {processor.py:651} INFO - DAG(s) dict_keys(['example_nested_branch_dag']) retrieved from /home/airflow/.local/lib/python3.7/site-packages/airflow/example_dags/example_nested_branch_dag.py
[2022-08-23 00:00:37,224] {logging_mixin.py:115} INFO - [2022-08-23 00:00:37,224] {dag.py:2420} INFO - Sync 1 DAGs
[2022-08-23 00:00:37,336] {logging_mixin.py:115} INFO - [2022-08-23 00:00:37,335] {dag.py:2972} INFO - Setting next_dagrun for example_nested_branch_dag to 2022-08-22T00:00:00+00:00, run_after=2022-08-23T00:00:00+00:00
[2022-08-23 00:00:37,383] {processor.py:161} INFO - Processing /home/airflow/.local/lib/python3.7/site-packages/airflow/example_dags/example_nested_branch_dag.py took 0.472 seconds
[2022-08-23 00:01:07,680] {processor.py:153} INFO - Started process (PID=93027) to work on /home/airflow/.local/lib/python3.7/site-packages/airflow/example_dags/example_nested_branch_dag.py
[2022-08-23 00:01:07,695] {processor.py:641} INFO - Processing file /home/airflow/.local/lib/python3.7/site-packages/airflow/example_dags/example_nested_branch_dag.py for tasks to queue
[2022-08-23 00:01:07,705] {logging_mixin.py:115} INFO - [2022-08-23 00:01:07,703] {dagbag.py:508} INFO - Filling up the DagBag from /home/airflow/.local/lib/python3.7/site-packages/airflow/example_dags/example_nested_branch_dag.py
[2022-08-23 00:01:07,749] {processor.py:651} INFO - DAG(s) dict_keys(['example_nested_branch_dag']) retrieved from /home/airflow/.local/lib/python3.7/site-packages/airflow/example_dags/example_nested_branch_dag.py
[2022-08-23 00:01:07,845] {logging_mixin.py:115} INFO - [2022-08-23 00:01:07,845] {dag.py:2420} INFO - Sync 1 DAGs
[2022-08-23 00:01:07,938] {logging_mixin.py:115} INFO - [2022-08-23 00:01:07,934] {dag.py:2972} INFO - Setting next_dagrun for example_nested_branch_dag to 2022-08-22T00:00:00+00:00, run_after=2022-08-23T00:00:00+00:00
[2022-08-23 00:01:07,991] {processor.py:161} INFO - Processing /home/airflow/.local/lib/python3.7/site-packages/airflow/example_dags/example_nested_branch_dag.py took 0.335 seconds
[2022-08-23 00:01:38,898] {processor.py:153} INFO - Started process (PID=93223) to work on /home/airflow/.local/lib/python3.7/site-packages/airflow/example_dags/example_nested_branch_dag.py
[2022-08-23 00:01:38,908] {processor.py:641} INFO - Processing file /home/airflow/.local/lib/python3.7/site-packages/airflow/example_dags/example_nested_branch_dag.py for tasks to queue
[2022-08-23 00:01:38,913] {logging_mixin.py:115} INFO - [2022-08-23 00:01:38,912] {dagbag.py:508} INFO - Filling up the DagBag from /home/airflow/.local/lib/python3.7/site-packages/airflow/example_dags/example_nested_branch_dag.py
[2022-08-23 00:01:38,984] {processor.py:651} INFO - DAG(s) dict_keys(['example_nested_branch_dag']) retrieved from /home/airflow/.local/lib/python3.7/site-packages/airflow/example_dags/example_nested_branch_dag.py
[2022-08-23 00:01:39,106] {logging_mixin.py:115} INFO - [2022-08-23 00:01:39,106] {dag.py:2420} INFO - Sync 1 DAGs
[2022-08-23 00:01:39,157] {logging_mixin.py:115} INFO - [2022-08-23 00:01:39,157] {dag.py:2972} INFO - Setting next_dagrun for example_nested_branch_dag to 2022-08-22T00:00:00+00:00, run_after=2022-08-23T00:00:00+00:00
[2022-08-23 00:01:39,180] {processor.py:161} INFO - Processing /home/airflow/.local/lib/python3.7/site-packages/airflow/example_dags/example_nested_branch_dag.py took 0.291 seconds
[2022-08-23 00:02:09,845] {processor.py:153} INFO - Started process (PID=93427) to work on /home/airflow/.local/lib/python3.7/site-packages/airflow/example_dags/example_nested_branch_dag.py
[2022-08-23 00:02:09,848] {processor.py:641} INFO - Processing file /home/airflow/.local/lib/python3.7/site-packages/airflow/example_dags/example_nested_branch_dag.py for tasks to queue
[2022-08-23 00:02:09,852] {logging_mixin.py:115} INFO - [2022-08-23 00:02:09,851] {dagbag.py:508} INFO - Filling up the DagBag from /home/airflow/.local/lib/python3.7/site-packages/airflow/example_dags/example_nested_branch_dag.py
[2022-08-23 00:02:09,875] {processor.py:651} INFO - DAG(s) dict_keys(['example_nested_branch_dag']) retrieved from /home/airflow/.local/lib/python3.7/site-packages/airflow/example_dags/example_nested_branch_dag.py
[2022-08-23 00:02:09,938] {logging_mixin.py:115} INFO - [2022-08-23 00:02:09,938] {dag.py:2420} INFO - Sync 1 DAGs
[2022-08-23 00:02:10,027] {logging_mixin.py:115} INFO - [2022-08-23 00:02:10,027] {dag.py:2972} INFO - Setting next_dagrun for example_nested_branch_dag to 2022-08-22T00:00:00+00:00, run_after=2022-08-23T00:00:00+00:00
[2022-08-23 00:02:10,337] {processor.py:161} INFO - Processing /home/airflow/.local/lib/python3.7/site-packages/airflow/example_dags/example_nested_branch_dag.py took 0.511 seconds
[2022-08-23 00:02:41,404] {processor.py:153} INFO - Started process (PID=93624) to work on /home/airflow/.local/lib/python3.7/site-packages/airflow/example_dags/example_nested_branch_dag.py
[2022-08-23 00:02:41,409] {processor.py:641} INFO - Processing file /home/airflow/.local/lib/python3.7/site-packages/airflow/example_dags/example_nested_branch_dag.py for tasks to queue
[2022-08-23 00:02:41,413] {logging_mixin.py:115} INFO - [2022-08-23 00:02:41,413] {dagbag.py:508} INFO - Filling up the DagBag from /home/airflow/.local/lib/python3.7/site-packages/airflow/example_dags/example_nested_branch_dag.py
[2022-08-23 00:02:41,460] {processor.py:651} INFO - DAG(s) dict_keys(['example_nested_branch_dag']) retrieved from /home/airflow/.local/lib/python3.7/site-packages/airflow/example_dags/example_nested_branch_dag.py
[2022-08-23 00:02:41,525] {logging_mixin.py:115} INFO - [2022-08-23 00:02:41,525] {dag.py:2420} INFO - Sync 1 DAGs
[2022-08-23 00:02:41,605] {logging_mixin.py:115} INFO - [2022-08-23 00:02:41,605] {dag.py:2972} INFO - Setting next_dagrun for example_nested_branch_dag to 2022-08-22T00:00:00+00:00, run_after=2022-08-23T00:00:00+00:00
[2022-08-23 00:02:42,338] {processor.py:161} INFO - Processing /home/airflow/.local/lib/python3.7/site-packages/airflow/example_dags/example_nested_branch_dag.py took 0.943 seconds
[2022-08-23 00:03:13,599] {processor.py:153} INFO - Started process (PID=93831) to work on /home/airflow/.local/lib/python3.7/site-packages/airflow/example_dags/example_nested_branch_dag.py
[2022-08-23 00:03:13,606] {processor.py:641} INFO - Processing file /home/airflow/.local/lib/python3.7/site-packages/airflow/example_dags/example_nested_branch_dag.py for tasks to queue
[2022-08-23 00:03:13,611] {logging_mixin.py:115} INFO - [2022-08-23 00:03:13,611] {dagbag.py:508} INFO - Filling up the DagBag from /home/airflow/.local/lib/python3.7/site-packages/airflow/example_dags/example_nested_branch_dag.py
[2022-08-23 00:03:13,646] {processor.py:651} INFO - DAG(s) dict_keys(['example_nested_branch_dag']) retrieved from /home/airflow/.local/lib/python3.7/site-packages/airflow/example_dags/example_nested_branch_dag.py
[2022-08-23 00:03:13,704] {logging_mixin.py:115} INFO - [2022-08-23 00:03:13,704] {dag.py:2420} INFO - Sync 1 DAGs
[2022-08-23 00:03:13,764] {logging_mixin.py:115} INFO - [2022-08-23 00:03:13,764] {dag.py:2972} INFO - Setting next_dagrun for example_nested_branch_dag to 2022-08-22T00:00:00+00:00, run_after=2022-08-23T00:00:00+00:00
[2022-08-23 00:03:14,410] {processor.py:161} INFO - Processing /home/airflow/.local/lib/python3.7/site-packages/airflow/example_dags/example_nested_branch_dag.py took 0.820 seconds
[2022-08-23 00:03:46,607] {processor.py:153} INFO - Started process (PID=94016) to work on /home/airflow/.local/lib/python3.7/site-packages/airflow/example_dags/example_nested_branch_dag.py
[2022-08-23 00:03:46,611] {processor.py:641} INFO - Processing file /home/airflow/.local/lib/python3.7/site-packages/airflow/example_dags/example_nested_branch_dag.py for tasks to queue
[2022-08-23 00:03:46,612] {logging_mixin.py:115} INFO - [2022-08-23 00:03:46,612] {dagbag.py:508} INFO - Filling up the DagBag from /home/airflow/.local/lib/python3.7/site-packages/airflow/example_dags/example_nested_branch_dag.py
[2022-08-23 00:03:46,659] {processor.py:651} INFO - DAG(s) dict_keys(['example_nested_branch_dag']) retrieved from /home/airflow/.local/lib/python3.7/site-packages/airflow/example_dags/example_nested_branch_dag.py
[2022-08-23 00:03:46,758] {logging_mixin.py:115} INFO - [2022-08-23 00:03:46,758] {dag.py:2420} INFO - Sync 1 DAGs
[2022-08-23 00:03:46,908] {logging_mixin.py:115} INFO - [2022-08-23 00:03:46,908] {dag.py:2972} INFO - Setting next_dagrun for example_nested_branch_dag to 2022-08-22T00:00:00+00:00, run_after=2022-08-23T00:00:00+00:00
[2022-08-23 00:03:47,483] {processor.py:161} INFO - Processing /home/airflow/.local/lib/python3.7/site-packages/airflow/example_dags/example_nested_branch_dag.py took 0.902 seconds
[2022-08-23 00:04:18,529] {processor.py:153} INFO - Started process (PID=94209) to work on /home/airflow/.local/lib/python3.7/site-packages/airflow/example_dags/example_nested_branch_dag.py
[2022-08-23 00:04:18,532] {processor.py:641} INFO - Processing file /home/airflow/.local/lib/python3.7/site-packages/airflow/example_dags/example_nested_branch_dag.py for tasks to queue
[2022-08-23 00:04:18,535] {logging_mixin.py:115} INFO - [2022-08-23 00:04:18,535] {dagbag.py:508} INFO - Filling up the DagBag from /home/airflow/.local/lib/python3.7/site-packages/airflow/example_dags/example_nested_branch_dag.py
[2022-08-23 00:04:18,571] {processor.py:651} INFO - DAG(s) dict_keys(['example_nested_branch_dag']) retrieved from /home/airflow/.local/lib/python3.7/site-packages/airflow/example_dags/example_nested_branch_dag.py
[2022-08-23 00:04:18,685] {logging_mixin.py:115} INFO - [2022-08-23 00:04:18,685] {dag.py:2420} INFO - Sync 1 DAGs
[2022-08-23 00:04:18,795] {logging_mixin.py:115} INFO - [2022-08-23 00:04:18,794] {dag.py:2972} INFO - Setting next_dagrun for example_nested_branch_dag to 2022-08-22T00:00:00+00:00, run_after=2022-08-23T00:00:00+00:00
[2022-08-23 00:04:19,844] {processor.py:161} INFO - Processing /home/airflow/.local/lib/python3.7/site-packages/airflow/example_dags/example_nested_branch_dag.py took 1.327 seconds
[2022-08-23 00:04:50,381] {processor.py:153} INFO - Started process (PID=94406) to work on /home/airflow/.local/lib/python3.7/site-packages/airflow/example_dags/example_nested_branch_dag.py
[2022-08-23 00:04:50,385] {processor.py:641} INFO - Processing file /home/airflow/.local/lib/python3.7/site-packages/airflow/example_dags/example_nested_branch_dag.py for tasks to queue
[2022-08-23 00:04:50,393] {logging_mixin.py:115} INFO - [2022-08-23 00:04:50,392] {dagbag.py:508} INFO - Filling up the DagBag from /home/airflow/.local/lib/python3.7/site-packages/airflow/example_dags/example_nested_branch_dag.py
[2022-08-23 00:04:50,441] {processor.py:651} INFO - DAG(s) dict_keys(['example_nested_branch_dag']) retrieved from /home/airflow/.local/lib/python3.7/site-packages/airflow/example_dags/example_nested_branch_dag.py
[2022-08-23 00:04:50,511] {logging_mixin.py:115} INFO - [2022-08-23 00:04:50,511] {dag.py:2420} INFO - Sync 1 DAGs
[2022-08-23 00:04:50,562] {logging_mixin.py:115} INFO - [2022-08-23 00:04:50,562] {dag.py:2972} INFO - Setting next_dagrun for example_nested_branch_dag to 2022-08-22T00:00:00+00:00, run_after=2022-08-23T00:00:00+00:00
[2022-08-23 00:04:51,052] {processor.py:161} INFO - Processing /home/airflow/.local/lib/python3.7/site-packages/airflow/example_dags/example_nested_branch_dag.py took 0.681 seconds
[2022-08-23 00:05:21,250] {processor.py:153} INFO - Started process (PID=94618) to work on /home/airflow/.local/lib/python3.7/site-packages/airflow/example_dags/example_nested_branch_dag.py
[2022-08-23 00:05:21,255] {processor.py:641} INFO - Processing file /home/airflow/.local/lib/python3.7/site-packages/airflow/example_dags/example_nested_branch_dag.py for tasks to queue
[2022-08-23 00:05:21,263] {logging_mixin.py:115} INFO - [2022-08-23 00:05:21,260] {dagbag.py:508} INFO - Filling up the DagBag from /home/airflow/.local/lib/python3.7/site-packages/airflow/example_dags/example_nested_branch_dag.py
[2022-08-23 00:05:21,336] {processor.py:651} INFO - DAG(s) dict_keys(['example_nested_branch_dag']) retrieved from /home/airflow/.local/lib/python3.7/site-packages/airflow/example_dags/example_nested_branch_dag.py
[2022-08-23 00:05:21,525] {logging_mixin.py:115} INFO - [2022-08-23 00:05:21,523] {dag.py:2420} INFO - Sync 1 DAGs
[2022-08-23 00:05:22,262] {logging_mixin.py:115} INFO - [2022-08-23 00:05:22,262] {dag.py:2972} INFO - Setting next_dagrun for example_nested_branch_dag to 2022-08-22T00:00:00+00:00, run_after=2022-08-23T00:00:00+00:00
[2022-08-23 00:05:22,911] {processor.py:161} INFO - Processing /home/airflow/.local/lib/python3.7/site-packages/airflow/example_dags/example_nested_branch_dag.py took 1.682 seconds
[2022-08-23 00:05:54,015] {processor.py:153} INFO - Started process (PID=94819) to work on /home/airflow/.local/lib/python3.7/site-packages/airflow/example_dags/example_nested_branch_dag.py
[2022-08-23 00:05:54,018] {processor.py:641} INFO - Processing file /home/airflow/.local/lib/python3.7/site-packages/airflow/example_dags/example_nested_branch_dag.py for tasks to queue
[2022-08-23 00:05:54,022] {logging_mixin.py:115} INFO - [2022-08-23 00:05:54,022] {dagbag.py:508} INFO - Filling up the DagBag from /home/airflow/.local/lib/python3.7/site-packages/airflow/example_dags/example_nested_branch_dag.py
[2022-08-23 00:05:54,060] {processor.py:651} INFO - DAG(s) dict_keys(['example_nested_branch_dag']) retrieved from /home/airflow/.local/lib/python3.7/site-packages/airflow/example_dags/example_nested_branch_dag.py
[2022-08-23 00:05:54,163] {logging_mixin.py:115} INFO - [2022-08-23 00:05:54,163] {dag.py:2420} INFO - Sync 1 DAGs
[2022-08-23 00:05:54,462] {logging_mixin.py:115} INFO - [2022-08-23 00:05:54,462] {dag.py:2972} INFO - Setting next_dagrun for example_nested_branch_dag to 2022-08-22T00:00:00+00:00, run_after=2022-08-23T00:00:00+00:00
[2022-08-23 00:05:54,956] {processor.py:161} INFO - Processing /home/airflow/.local/lib/python3.7/site-packages/airflow/example_dags/example_nested_branch_dag.py took 0.955 seconds
[2022-08-23 00:06:26,071] {processor.py:153} INFO - Started process (PID=95013) to work on /home/airflow/.local/lib/python3.7/site-packages/airflow/example_dags/example_nested_branch_dag.py
[2022-08-23 00:06:26,075] {processor.py:641} INFO - Processing file /home/airflow/.local/lib/python3.7/site-packages/airflow/example_dags/example_nested_branch_dag.py for tasks to queue
[2022-08-23 00:06:26,077] {logging_mixin.py:115} INFO - [2022-08-23 00:06:26,077] {dagbag.py:508} INFO - Filling up the DagBag from /home/airflow/.local/lib/python3.7/site-packages/airflow/example_dags/example_nested_branch_dag.py
[2022-08-23 00:06:26,104] {processor.py:651} INFO - DAG(s) dict_keys(['example_nested_branch_dag']) retrieved from /home/airflow/.local/lib/python3.7/site-packages/airflow/example_dags/example_nested_branch_dag.py
[2022-08-23 00:06:26,164] {logging_mixin.py:115} INFO - [2022-08-23 00:06:26,163] {dag.py:2420} INFO - Sync 1 DAGs
[2022-08-23 00:06:26,236] {logging_mixin.py:115} INFO - [2022-08-23 00:06:26,235] {dag.py:2972} INFO - Setting next_dagrun for example_nested_branch_dag to 2022-08-22T00:00:00+00:00, run_after=2022-08-23T00:00:00+00:00
[2022-08-23 00:06:26,587] {processor.py:161} INFO - Processing /home/airflow/.local/lib/python3.7/site-packages/airflow/example_dags/example_nested_branch_dag.py took 0.522 seconds
[2022-08-23 00:06:56,671] {processor.py:153} INFO - Started process (PID=95216) to work on /home/airflow/.local/lib/python3.7/site-packages/airflow/example_dags/example_nested_branch_dag.py
[2022-08-23 00:06:56,674] {processor.py:641} INFO - Processing file /home/airflow/.local/lib/python3.7/site-packages/airflow/example_dags/example_nested_branch_dag.py for tasks to queue
[2022-08-23 00:06:56,677] {logging_mixin.py:115} INFO - [2022-08-23 00:06:56,677] {dagbag.py:508} INFO - Filling up the DagBag from /home/airflow/.local/lib/python3.7/site-packages/airflow/example_dags/example_nested_branch_dag.py
[2022-08-23 00:06:56,698] {processor.py:651} INFO - DAG(s) dict_keys(['example_nested_branch_dag']) retrieved from /home/airflow/.local/lib/python3.7/site-packages/airflow/example_dags/example_nested_branch_dag.py
[2022-08-23 00:06:56,755] {logging_mixin.py:115} INFO - [2022-08-23 00:06:56,755] {dag.py:2420} INFO - Sync 1 DAGs
[2022-08-23 00:06:56,808] {logging_mixin.py:115} INFO - [2022-08-23 00:06:56,808] {dag.py:2972} INFO - Setting next_dagrun for example_nested_branch_dag to 2022-08-22T00:00:00+00:00, run_after=2022-08-23T00:00:00+00:00
[2022-08-23 00:06:57,061] {processor.py:161} INFO - Processing /home/airflow/.local/lib/python3.7/site-packages/airflow/example_dags/example_nested_branch_dag.py took 0.397 seconds
[2022-08-23 00:07:27,432] {processor.py:153} INFO - Started process (PID=95410) to work on /home/airflow/.local/lib/python3.7/site-packages/airflow/example_dags/example_nested_branch_dag.py
[2022-08-23 00:07:27,436] {processor.py:641} INFO - Processing file /home/airflow/.local/lib/python3.7/site-packages/airflow/example_dags/example_nested_branch_dag.py for tasks to queue
[2022-08-23 00:07:27,439] {logging_mixin.py:115} INFO - [2022-08-23 00:07:27,439] {dagbag.py:508} INFO - Filling up the DagBag from /home/airflow/.local/lib/python3.7/site-packages/airflow/example_dags/example_nested_branch_dag.py
[2022-08-23 00:07:27,465] {processor.py:651} INFO - DAG(s) dict_keys(['example_nested_branch_dag']) retrieved from /home/airflow/.local/lib/python3.7/site-packages/airflow/example_dags/example_nested_branch_dag.py
[2022-08-23 00:07:27,517] {logging_mixin.py:115} INFO - [2022-08-23 00:07:27,517] {dag.py:2420} INFO - Sync 1 DAGs
[2022-08-23 00:07:27,620] {logging_mixin.py:115} INFO - [2022-08-23 00:07:27,620] {dag.py:2972} INFO - Setting next_dagrun for example_nested_branch_dag to 2022-08-22T00:00:00+00:00, run_after=2022-08-23T00:00:00+00:00
[2022-08-23 00:07:27,901] {processor.py:161} INFO - Processing /home/airflow/.local/lib/python3.7/site-packages/airflow/example_dags/example_nested_branch_dag.py took 0.481 seconds
[2022-08-23 00:07:59,221] {processor.py:153} INFO - Started process (PID=95602) to work on /home/airflow/.local/lib/python3.7/site-packages/airflow/example_dags/example_nested_branch_dag.py
[2022-08-23 00:07:59,228] {processor.py:641} INFO - Processing file /home/airflow/.local/lib/python3.7/site-packages/airflow/example_dags/example_nested_branch_dag.py for tasks to queue
[2022-08-23 00:07:59,237] {logging_mixin.py:115} INFO - [2022-08-23 00:07:59,236] {dagbag.py:508} INFO - Filling up the DagBag from /home/airflow/.local/lib/python3.7/site-packages/airflow/example_dags/example_nested_branch_dag.py
[2022-08-23 00:07:59,284] {processor.py:651} INFO - DAG(s) dict_keys(['example_nested_branch_dag']) retrieved from /home/airflow/.local/lib/python3.7/site-packages/airflow/example_dags/example_nested_branch_dag.py
[2022-08-23 00:07:59,341] {logging_mixin.py:115} INFO - [2022-08-23 00:07:59,340] {dag.py:2420} INFO - Sync 1 DAGs
[2022-08-23 00:07:59,414] {logging_mixin.py:115} INFO - [2022-08-23 00:07:59,413] {dag.py:2972} INFO - Setting next_dagrun for example_nested_branch_dag to 2022-08-22T00:00:00+00:00, run_after=2022-08-23T00:00:00+00:00
[2022-08-23 00:08:00,495] {processor.py:161} INFO - Processing /home/airflow/.local/lib/python3.7/site-packages/airflow/example_dags/example_nested_branch_dag.py took 1.298 seconds
[2022-08-23 00:08:30,708] {processor.py:153} INFO - Started process (PID=95801) to work on /home/airflow/.local/lib/python3.7/site-packages/airflow/example_dags/example_nested_branch_dag.py
[2022-08-23 00:08:30,720] {processor.py:641} INFO - Processing file /home/airflow/.local/lib/python3.7/site-packages/airflow/example_dags/example_nested_branch_dag.py for tasks to queue
[2022-08-23 00:08:30,732] {logging_mixin.py:115} INFO - [2022-08-23 00:08:30,732] {dagbag.py:508} INFO - Filling up the DagBag from /home/airflow/.local/lib/python3.7/site-packages/airflow/example_dags/example_nested_branch_dag.py
[2022-08-23 00:08:30,785] {processor.py:651} INFO - DAG(s) dict_keys(['example_nested_branch_dag']) retrieved from /home/airflow/.local/lib/python3.7/site-packages/airflow/example_dags/example_nested_branch_dag.py
[2022-08-23 00:08:30,914] {logging_mixin.py:115} INFO - [2022-08-23 00:08:30,914] {dag.py:2420} INFO - Sync 1 DAGs
[2022-08-23 00:08:31,035] {logging_mixin.py:115} INFO - [2022-08-23 00:08:31,035] {dag.py:2972} INFO - Setting next_dagrun for example_nested_branch_dag to 2022-08-22T00:00:00+00:00, run_after=2022-08-23T00:00:00+00:00
[2022-08-23 00:08:31,440] {processor.py:161} INFO - Processing /home/airflow/.local/lib/python3.7/site-packages/airflow/example_dags/example_nested_branch_dag.py took 0.760 seconds
[2022-08-23 00:09:02,247] {processor.py:153} INFO - Started process (PID=95992) to work on /home/airflow/.local/lib/python3.7/site-packages/airflow/example_dags/example_nested_branch_dag.py
[2022-08-23 00:09:02,254] {processor.py:641} INFO - Processing file /home/airflow/.local/lib/python3.7/site-packages/airflow/example_dags/example_nested_branch_dag.py for tasks to queue
[2022-08-23 00:09:02,258] {logging_mixin.py:115} INFO - [2022-08-23 00:09:02,257] {dagbag.py:508} INFO - Filling up the DagBag from /home/airflow/.local/lib/python3.7/site-packages/airflow/example_dags/example_nested_branch_dag.py
[2022-08-23 00:09:02,333] {processor.py:651} INFO - DAG(s) dict_keys(['example_nested_branch_dag']) retrieved from /home/airflow/.local/lib/python3.7/site-packages/airflow/example_dags/example_nested_branch_dag.py
[2022-08-23 00:09:02,517] {logging_mixin.py:115} INFO - [2022-08-23 00:09:02,516] {dag.py:2420} INFO - Sync 1 DAGs
[2022-08-23 00:09:02,670] {logging_mixin.py:115} INFO - [2022-08-23 00:09:02,670] {dag.py:2972} INFO - Setting next_dagrun for example_nested_branch_dag to 2022-08-22T00:00:00+00:00, run_after=2022-08-23T00:00:00+00:00
[2022-08-23 00:09:03,064] {processor.py:161} INFO - Processing /home/airflow/.local/lib/python3.7/site-packages/airflow/example_dags/example_nested_branch_dag.py took 0.843 seconds
[2022-08-23 00:09:34,736] {processor.py:153} INFO - Started process (PID=96184) to work on /home/airflow/.local/lib/python3.7/site-packages/airflow/example_dags/example_nested_branch_dag.py
[2022-08-23 00:09:34,741] {processor.py:641} INFO - Processing file /home/airflow/.local/lib/python3.7/site-packages/airflow/example_dags/example_nested_branch_dag.py for tasks to queue
[2022-08-23 00:09:34,744] {logging_mixin.py:115} INFO - [2022-08-23 00:09:34,744] {dagbag.py:508} INFO - Filling up the DagBag from /home/airflow/.local/lib/python3.7/site-packages/airflow/example_dags/example_nested_branch_dag.py
[2022-08-23 00:09:34,859] {processor.py:651} INFO - DAG(s) dict_keys(['example_nested_branch_dag']) retrieved from /home/airflow/.local/lib/python3.7/site-packages/airflow/example_dags/example_nested_branch_dag.py
[2022-08-23 00:09:35,080] {logging_mixin.py:115} INFO - [2022-08-23 00:09:35,080] {dag.py:2420} INFO - Sync 1 DAGs
[2022-08-23 00:09:35,294] {logging_mixin.py:115} INFO - [2022-08-23 00:09:35,293] {dag.py:2972} INFO - Setting next_dagrun for example_nested_branch_dag to 2022-08-22T00:00:00+00:00, run_after=2022-08-23T00:00:00+00:00
[2022-08-23 00:09:36,225] {processor.py:161} INFO - Processing /home/airflow/.local/lib/python3.7/site-packages/airflow/example_dags/example_nested_branch_dag.py took 1.521 seconds
[2022-08-23 00:10:06,664] {processor.py:153} INFO - Started process (PID=96380) to work on /home/airflow/.local/lib/python3.7/site-packages/airflow/example_dags/example_nested_branch_dag.py
[2022-08-23 00:10:06,667] {processor.py:641} INFO - Processing file /home/airflow/.local/lib/python3.7/site-packages/airflow/example_dags/example_nested_branch_dag.py for tasks to queue
[2022-08-23 00:10:06,670] {logging_mixin.py:115} INFO - [2022-08-23 00:10:06,670] {dagbag.py:508} INFO - Filling up the DagBag from /home/airflow/.local/lib/python3.7/site-packages/airflow/example_dags/example_nested_branch_dag.py
[2022-08-23 00:10:07,028] {processor.py:651} INFO - DAG(s) dict_keys(['example_nested_branch_dag']) retrieved from /home/airflow/.local/lib/python3.7/site-packages/airflow/example_dags/example_nested_branch_dag.py
[2022-08-23 00:10:07,393] {logging_mixin.py:115} INFO - [2022-08-23 00:10:07,393] {dag.py:2420} INFO - Sync 1 DAGs
[2022-08-23 00:10:07,487] {logging_mixin.py:115} INFO - [2022-08-23 00:10:07,487] {dag.py:2972} INFO - Setting next_dagrun for example_nested_branch_dag to 2022-08-22T00:00:00+00:00, run_after=2022-08-23T00:00:00+00:00
[2022-08-23 00:10:07,794] {processor.py:161} INFO - Processing /home/airflow/.local/lib/python3.7/site-packages/airflow/example_dags/example_nested_branch_dag.py took 1.149 seconds
[2022-08-23 00:10:38,162] {processor.py:153} INFO - Started process (PID=96576) to work on /home/airflow/.local/lib/python3.7/site-packages/airflow/example_dags/example_nested_branch_dag.py
[2022-08-23 00:10:38,168] {processor.py:641} INFO - Processing file /home/airflow/.local/lib/python3.7/site-packages/airflow/example_dags/example_nested_branch_dag.py for tasks to queue
[2022-08-23 00:10:38,170] {logging_mixin.py:115} INFO - [2022-08-23 00:10:38,170] {dagbag.py:508} INFO - Filling up the DagBag from /home/airflow/.local/lib/python3.7/site-packages/airflow/example_dags/example_nested_branch_dag.py
[2022-08-23 00:10:38,210] {processor.py:651} INFO - DAG(s) dict_keys(['example_nested_branch_dag']) retrieved from /home/airflow/.local/lib/python3.7/site-packages/airflow/example_dags/example_nested_branch_dag.py
[2022-08-23 00:10:38,304] {logging_mixin.py:115} INFO - [2022-08-23 00:10:38,304] {dag.py:2420} INFO - Sync 1 DAGs
[2022-08-23 00:10:38,403] {logging_mixin.py:115} INFO - [2022-08-23 00:10:38,403] {dag.py:2972} INFO - Setting next_dagrun for example_nested_branch_dag to 2022-08-22T00:00:00+00:00, run_after=2022-08-23T00:00:00+00:00
[2022-08-23 00:10:38,783] {processor.py:161} INFO - Processing /home/airflow/.local/lib/python3.7/site-packages/airflow/example_dags/example_nested_branch_dag.py took 0.629 seconds
[2022-08-23 00:11:09,298] {processor.py:153} INFO - Started process (PID=96777) to work on /home/airflow/.local/lib/python3.7/site-packages/airflow/example_dags/example_nested_branch_dag.py
[2022-08-23 00:11:09,311] {processor.py:641} INFO - Processing file /home/airflow/.local/lib/python3.7/site-packages/airflow/example_dags/example_nested_branch_dag.py for tasks to queue
[2022-08-23 00:11:09,321] {logging_mixin.py:115} INFO - [2022-08-23 00:11:09,320] {dagbag.py:508} INFO - Filling up the DagBag from /home/airflow/.local/lib/python3.7/site-packages/airflow/example_dags/example_nested_branch_dag.py
[2022-08-23 00:11:09,372] {processor.py:651} INFO - DAG(s) dict_keys(['example_nested_branch_dag']) retrieved from /home/airflow/.local/lib/python3.7/site-packages/airflow/example_dags/example_nested_branch_dag.py
[2022-08-23 00:11:09,432] {logging_mixin.py:115} INFO - [2022-08-23 00:11:09,432] {dag.py:2420} INFO - Sync 1 DAGs
[2022-08-23 00:11:09,497] {logging_mixin.py:115} INFO - [2022-08-23 00:11:09,497] {dag.py:2972} INFO - Setting next_dagrun for example_nested_branch_dag to 2022-08-22T00:00:00+00:00, run_after=2022-08-23T00:00:00+00:00
[2022-08-23 00:11:09,946] {processor.py:161} INFO - Processing /home/airflow/.local/lib/python3.7/site-packages/airflow/example_dags/example_nested_branch_dag.py took 0.672 seconds
[2022-08-23 00:11:40,270] {processor.py:153} INFO - Started process (PID=96974) to work on /home/airflow/.local/lib/python3.7/site-packages/airflow/example_dags/example_nested_branch_dag.py
[2022-08-23 00:11:40,279] {processor.py:641} INFO - Processing file /home/airflow/.local/lib/python3.7/site-packages/airflow/example_dags/example_nested_branch_dag.py for tasks to queue
[2022-08-23 00:11:40,284] {logging_mixin.py:115} INFO - [2022-08-23 00:11:40,284] {dagbag.py:508} INFO - Filling up the DagBag from /home/airflow/.local/lib/python3.7/site-packages/airflow/example_dags/example_nested_branch_dag.py
[2022-08-23 00:11:40,327] {processor.py:651} INFO - DAG(s) dict_keys(['example_nested_branch_dag']) retrieved from /home/airflow/.local/lib/python3.7/site-packages/airflow/example_dags/example_nested_branch_dag.py
[2022-08-23 00:11:40,465] {logging_mixin.py:115} INFO - [2022-08-23 00:11:40,465] {dag.py:2420} INFO - Sync 1 DAGs
[2022-08-23 00:11:40,519] {logging_mixin.py:115} INFO - [2022-08-23 00:11:40,519] {dag.py:2972} INFO - Setting next_dagrun for example_nested_branch_dag to 2022-08-22T00:00:00+00:00, run_after=2022-08-23T00:00:00+00:00
[2022-08-23 00:11:40,863] {processor.py:161} INFO - Processing /home/airflow/.local/lib/python3.7/site-packages/airflow/example_dags/example_nested_branch_dag.py took 0.610 seconds
[2022-08-23 00:12:11,717] {processor.py:153} INFO - Started process (PID=97168) to work on /home/airflow/.local/lib/python3.7/site-packages/airflow/example_dags/example_nested_branch_dag.py
[2022-08-23 00:12:11,723] {processor.py:641} INFO - Processing file /home/airflow/.local/lib/python3.7/site-packages/airflow/example_dags/example_nested_branch_dag.py for tasks to queue
[2022-08-23 00:12:11,734] {logging_mixin.py:115} INFO - [2022-08-23 00:12:11,732] {dagbag.py:508} INFO - Filling up the DagBag from /home/airflow/.local/lib/python3.7/site-packages/airflow/example_dags/example_nested_branch_dag.py
[2022-08-23 00:12:11,788] {processor.py:651} INFO - DAG(s) dict_keys(['example_nested_branch_dag']) retrieved from /home/airflow/.local/lib/python3.7/site-packages/airflow/example_dags/example_nested_branch_dag.py
[2022-08-23 00:12:11,929] {logging_mixin.py:115} INFO - [2022-08-23 00:12:11,929] {dag.py:2420} INFO - Sync 1 DAGs
[2022-08-23 00:12:13,202] {logging_mixin.py:115} INFO - [2022-08-23 00:12:13,202] {dag.py:2972} INFO - Setting next_dagrun for example_nested_branch_dag to 2022-08-22T00:00:00+00:00, run_after=2022-08-23T00:00:00+00:00
[2022-08-23 00:12:13,298] {processor.py:161} INFO - Processing /home/airflow/.local/lib/python3.7/site-packages/airflow/example_dags/example_nested_branch_dag.py took 1.631 seconds
[2022-08-23 00:12:44,040] {processor.py:153} INFO - Started process (PID=97369) to work on /home/airflow/.local/lib/python3.7/site-packages/airflow/example_dags/example_nested_branch_dag.py
[2022-08-23 00:12:44,047] {processor.py:641} INFO - Processing file /home/airflow/.local/lib/python3.7/site-packages/airflow/example_dags/example_nested_branch_dag.py for tasks to queue
[2022-08-23 00:12:44,051] {logging_mixin.py:115} INFO - [2022-08-23 00:12:44,051] {dagbag.py:508} INFO - Filling up the DagBag from /home/airflow/.local/lib/python3.7/site-packages/airflow/example_dags/example_nested_branch_dag.py
[2022-08-23 00:12:44,105] {processor.py:651} INFO - DAG(s) dict_keys(['example_nested_branch_dag']) retrieved from /home/airflow/.local/lib/python3.7/site-packages/airflow/example_dags/example_nested_branch_dag.py
[2022-08-23 00:12:44,193] {logging_mixin.py:115} INFO - [2022-08-23 00:12:44,193] {dag.py:2420} INFO - Sync 1 DAGs
[2022-08-23 00:12:44,817] {logging_mixin.py:115} INFO - [2022-08-23 00:12:44,816] {dag.py:2972} INFO - Setting next_dagrun for example_nested_branch_dag to 2022-08-22T00:00:00+00:00, run_after=2022-08-23T00:00:00+00:00
[2022-08-23 00:12:44,933] {processor.py:161} INFO - Processing /home/airflow/.local/lib/python3.7/site-packages/airflow/example_dags/example_nested_branch_dag.py took 0.914 seconds
[2022-08-23 00:13:15,849] {processor.py:153} INFO - Started process (PID=97562) to work on /home/airflow/.local/lib/python3.7/site-packages/airflow/example_dags/example_nested_branch_dag.py
[2022-08-23 00:13:15,860] {processor.py:641} INFO - Processing file /home/airflow/.local/lib/python3.7/site-packages/airflow/example_dags/example_nested_branch_dag.py for tasks to queue
[2022-08-23 00:13:15,867] {logging_mixin.py:115} INFO - [2022-08-23 00:13:15,867] {dagbag.py:508} INFO - Filling up the DagBag from /home/airflow/.local/lib/python3.7/site-packages/airflow/example_dags/example_nested_branch_dag.py
[2022-08-23 00:13:15,920] {processor.py:651} INFO - DAG(s) dict_keys(['example_nested_branch_dag']) retrieved from /home/airflow/.local/lib/python3.7/site-packages/airflow/example_dags/example_nested_branch_dag.py
[2022-08-23 00:13:16,202] {logging_mixin.py:115} INFO - [2022-08-23 00:13:16,202] {dag.py:2420} INFO - Sync 1 DAGs
[2022-08-23 00:13:16,926] {logging_mixin.py:115} INFO - [2022-08-23 00:13:16,926] {dag.py:2972} INFO - Setting next_dagrun for example_nested_branch_dag to 2022-08-22T00:00:00+00:00, run_after=2022-08-23T00:00:00+00:00
[2022-08-23 00:13:16,998] {processor.py:161} INFO - Processing /home/airflow/.local/lib/python3.7/site-packages/airflow/example_dags/example_nested_branch_dag.py took 1.177 seconds
[2022-08-23 00:13:48,183] {processor.py:153} INFO - Started process (PID=97765) to work on /home/airflow/.local/lib/python3.7/site-packages/airflow/example_dags/example_nested_branch_dag.py
[2022-08-23 00:13:48,228] {processor.py:641} INFO - Processing file /home/airflow/.local/lib/python3.7/site-packages/airflow/example_dags/example_nested_branch_dag.py for tasks to queue
[2022-08-23 00:13:48,322] {logging_mixin.py:115} INFO - [2022-08-23 00:13:48,322] {dagbag.py:508} INFO - Filling up the DagBag from /home/airflow/.local/lib/python3.7/site-packages/airflow/example_dags/example_nested_branch_dag.py
[2022-08-23 00:13:48,681] {processor.py:651} INFO - DAG(s) dict_keys(['example_nested_branch_dag']) retrieved from /home/airflow/.local/lib/python3.7/site-packages/airflow/example_dags/example_nested_branch_dag.py
[2022-08-23 00:13:48,996] {logging_mixin.py:115} INFO - [2022-08-23 00:13:48,996] {dag.py:2420} INFO - Sync 1 DAGs
[2022-08-23 00:13:50,026] {logging_mixin.py:115} INFO - [2022-08-23 00:13:50,026] {dag.py:2972} INFO - Setting next_dagrun for example_nested_branch_dag to 2022-08-22T00:00:00+00:00, run_after=2022-08-23T00:00:00+00:00
[2022-08-23 00:13:50,186] {processor.py:161} INFO - Processing /home/airflow/.local/lib/python3.7/site-packages/airflow/example_dags/example_nested_branch_dag.py took 2.484 seconds
[2022-08-23 00:14:20,993] {processor.py:153} INFO - Started process (PID=97966) to work on /home/airflow/.local/lib/python3.7/site-packages/airflow/example_dags/example_nested_branch_dag.py
[2022-08-23 00:14:21,004] {processor.py:641} INFO - Processing file /home/airflow/.local/lib/python3.7/site-packages/airflow/example_dags/example_nested_branch_dag.py for tasks to queue
[2022-08-23 00:14:21,018] {logging_mixin.py:115} INFO - [2022-08-23 00:14:21,018] {dagbag.py:508} INFO - Filling up the DagBag from /home/airflow/.local/lib/python3.7/site-packages/airflow/example_dags/example_nested_branch_dag.py
[2022-08-23 00:14:21,233] {processor.py:651} INFO - DAG(s) dict_keys(['example_nested_branch_dag']) retrieved from /home/airflow/.local/lib/python3.7/site-packages/airflow/example_dags/example_nested_branch_dag.py
[2022-08-23 00:14:21,412] {logging_mixin.py:115} INFO - [2022-08-23 00:14:21,411] {dag.py:2420} INFO - Sync 1 DAGs
[2022-08-23 00:14:22,478] {logging_mixin.py:115} INFO - [2022-08-23 00:14:22,478] {dag.py:2972} INFO - Setting next_dagrun for example_nested_branch_dag to 2022-08-22T00:00:00+00:00, run_after=2022-08-23T00:00:00+00:00
[2022-08-23 00:14:22,508] {processor.py:161} INFO - Processing /home/airflow/.local/lib/python3.7/site-packages/airflow/example_dags/example_nested_branch_dag.py took 1.536 seconds
[2022-08-23 00:14:53,209] {processor.py:153} INFO - Started process (PID=98161) to work on /home/airflow/.local/lib/python3.7/site-packages/airflow/example_dags/example_nested_branch_dag.py
[2022-08-23 00:14:53,211] {processor.py:641} INFO - Processing file /home/airflow/.local/lib/python3.7/site-packages/airflow/example_dags/example_nested_branch_dag.py for tasks to queue
[2022-08-23 00:14:53,216] {logging_mixin.py:115} INFO - [2022-08-23 00:14:53,216] {dagbag.py:508} INFO - Filling up the DagBag from /home/airflow/.local/lib/python3.7/site-packages/airflow/example_dags/example_nested_branch_dag.py
[2022-08-23 00:14:53,244] {processor.py:651} INFO - DAG(s) dict_keys(['example_nested_branch_dag']) retrieved from /home/airflow/.local/lib/python3.7/site-packages/airflow/example_dags/example_nested_branch_dag.py
[2022-08-23 00:14:53,314] {logging_mixin.py:115} INFO - [2022-08-23 00:14:53,314] {dag.py:2420} INFO - Sync 1 DAGs
[2022-08-23 00:14:53,716] {logging_mixin.py:115} INFO - [2022-08-23 00:14:53,715] {dag.py:2972} INFO - Setting next_dagrun for example_nested_branch_dag to 2022-08-22T00:00:00+00:00, run_after=2022-08-23T00:00:00+00:00
[2022-08-23 00:14:53,760] {processor.py:161} INFO - Processing /home/airflow/.local/lib/python3.7/site-packages/airflow/example_dags/example_nested_branch_dag.py took 0.559 seconds
[2022-08-23 00:15:24,530] {processor.py:153} INFO - Started process (PID=98358) to work on /home/airflow/.local/lib/python3.7/site-packages/airflow/example_dags/example_nested_branch_dag.py
[2022-08-23 00:15:24,532] {processor.py:641} INFO - Processing file /home/airflow/.local/lib/python3.7/site-packages/airflow/example_dags/example_nested_branch_dag.py for tasks to queue
[2022-08-23 00:15:24,538] {logging_mixin.py:115} INFO - [2022-08-23 00:15:24,537] {dagbag.py:508} INFO - Filling up the DagBag from /home/airflow/.local/lib/python3.7/site-packages/airflow/example_dags/example_nested_branch_dag.py
[2022-08-23 00:15:24,569] {processor.py:651} INFO - DAG(s) dict_keys(['example_nested_branch_dag']) retrieved from /home/airflow/.local/lib/python3.7/site-packages/airflow/example_dags/example_nested_branch_dag.py
[2022-08-23 00:15:24,628] {logging_mixin.py:115} INFO - [2022-08-23 00:15:24,627] {dag.py:2420} INFO - Sync 1 DAGs
[2022-08-23 00:15:24,959] {logging_mixin.py:115} INFO - [2022-08-23 00:15:24,959] {dag.py:2972} INFO - Setting next_dagrun for example_nested_branch_dag to 2022-08-22T00:00:00+00:00, run_after=2022-08-23T00:00:00+00:00
[2022-08-23 00:15:25,002] {processor.py:161} INFO - Processing /home/airflow/.local/lib/python3.7/site-packages/airflow/example_dags/example_nested_branch_dag.py took 0.491 seconds
[2022-08-23 00:15:56,092] {processor.py:153} INFO - Started process (PID=98550) to work on /home/airflow/.local/lib/python3.7/site-packages/airflow/example_dags/example_nested_branch_dag.py
[2022-08-23 00:15:56,097] {processor.py:641} INFO - Processing file /home/airflow/.local/lib/python3.7/site-packages/airflow/example_dags/example_nested_branch_dag.py for tasks to queue
[2022-08-23 00:15:56,099] {logging_mixin.py:115} INFO - [2022-08-23 00:15:56,099] {dagbag.py:508} INFO - Filling up the DagBag from /home/airflow/.local/lib/python3.7/site-packages/airflow/example_dags/example_nested_branch_dag.py
[2022-08-23 00:15:56,131] {processor.py:651} INFO - DAG(s) dict_keys(['example_nested_branch_dag']) retrieved from /home/airflow/.local/lib/python3.7/site-packages/airflow/example_dags/example_nested_branch_dag.py
[2022-08-23 00:15:56,205] {logging_mixin.py:115} INFO - [2022-08-23 00:15:56,205] {dag.py:2420} INFO - Sync 1 DAGs
[2022-08-23 00:15:56,632] {logging_mixin.py:115} INFO - [2022-08-23 00:15:56,632] {dag.py:2972} INFO - Setting next_dagrun for example_nested_branch_dag to 2022-08-22T00:00:00+00:00, run_after=2022-08-23T00:00:00+00:00
[2022-08-23 00:15:56,671] {processor.py:161} INFO - Processing /home/airflow/.local/lib/python3.7/site-packages/airflow/example_dags/example_nested_branch_dag.py took 0.585 seconds
[2022-08-23 00:16:26,871] {processor.py:153} INFO - Started process (PID=98754) to work on /home/airflow/.local/lib/python3.7/site-packages/airflow/example_dags/example_nested_branch_dag.py
[2022-08-23 00:16:26,876] {processor.py:641} INFO - Processing file /home/airflow/.local/lib/python3.7/site-packages/airflow/example_dags/example_nested_branch_dag.py for tasks to queue
[2022-08-23 00:16:26,879] {logging_mixin.py:115} INFO - [2022-08-23 00:16:26,878] {dagbag.py:508} INFO - Filling up the DagBag from /home/airflow/.local/lib/python3.7/site-packages/airflow/example_dags/example_nested_branch_dag.py
[2022-08-23 00:16:26,922] {processor.py:651} INFO - DAG(s) dict_keys(['example_nested_branch_dag']) retrieved from /home/airflow/.local/lib/python3.7/site-packages/airflow/example_dags/example_nested_branch_dag.py
[2022-08-23 00:16:26,998] {logging_mixin.py:115} INFO - [2022-08-23 00:16:26,998] {dag.py:2420} INFO - Sync 1 DAGs
[2022-08-23 00:16:27,467] {logging_mixin.py:115} INFO - [2022-08-23 00:16:27,467] {dag.py:2972} INFO - Setting next_dagrun for example_nested_branch_dag to 2022-08-22T00:00:00+00:00, run_after=2022-08-23T00:00:00+00:00
[2022-08-23 00:16:27,500] {processor.py:161} INFO - Processing /home/airflow/.local/lib/python3.7/site-packages/airflow/example_dags/example_nested_branch_dag.py took 0.665 seconds
[2022-08-23 00:16:57,789] {processor.py:153} INFO - Started process (PID=98946) to work on /home/airflow/.local/lib/python3.7/site-packages/airflow/example_dags/example_nested_branch_dag.py
[2022-08-23 00:16:57,792] {processor.py:641} INFO - Processing file /home/airflow/.local/lib/python3.7/site-packages/airflow/example_dags/example_nested_branch_dag.py for tasks to queue
[2022-08-23 00:16:57,795] {logging_mixin.py:115} INFO - [2022-08-23 00:16:57,795] {dagbag.py:508} INFO - Filling up the DagBag from /home/airflow/.local/lib/python3.7/site-packages/airflow/example_dags/example_nested_branch_dag.py
[2022-08-23 00:16:57,827] {processor.py:651} INFO - DAG(s) dict_keys(['example_nested_branch_dag']) retrieved from /home/airflow/.local/lib/python3.7/site-packages/airflow/example_dags/example_nested_branch_dag.py
[2022-08-23 00:16:57,878] {logging_mixin.py:115} INFO - [2022-08-23 00:16:57,878] {dag.py:2420} INFO - Sync 1 DAGs
[2022-08-23 00:16:57,918] {logging_mixin.py:115} INFO - [2022-08-23 00:16:57,918] {dag.py:2972} INFO - Setting next_dagrun for example_nested_branch_dag to 2022-08-22T00:00:00+00:00, run_after=2022-08-23T00:00:00+00:00
[2022-08-23 00:16:57,943] {processor.py:161} INFO - Processing /home/airflow/.local/lib/python3.7/site-packages/airflow/example_dags/example_nested_branch_dag.py took 0.163 seconds
[2022-08-23 00:17:28,527] {processor.py:153} INFO - Started process (PID=99140) to work on /home/airflow/.local/lib/python3.7/site-packages/airflow/example_dags/example_nested_branch_dag.py
[2022-08-23 00:17:28,533] {processor.py:641} INFO - Processing file /home/airflow/.local/lib/python3.7/site-packages/airflow/example_dags/example_nested_branch_dag.py for tasks to queue
[2022-08-23 00:17:28,538] {logging_mixin.py:115} INFO - [2022-08-23 00:17:28,538] {dagbag.py:508} INFO - Filling up the DagBag from /home/airflow/.local/lib/python3.7/site-packages/airflow/example_dags/example_nested_branch_dag.py
[2022-08-23 00:17:28,564] {processor.py:651} INFO - DAG(s) dict_keys(['example_nested_branch_dag']) retrieved from /home/airflow/.local/lib/python3.7/site-packages/airflow/example_dags/example_nested_branch_dag.py
[2022-08-23 00:17:28,722] {logging_mixin.py:115} INFO - [2022-08-23 00:17:28,721] {dag.py:2420} INFO - Sync 1 DAGs
[2022-08-23 00:17:28,831] {logging_mixin.py:115} INFO - [2022-08-23 00:17:28,831] {dag.py:2972} INFO - Setting next_dagrun for example_nested_branch_dag to 2022-08-22T00:00:00+00:00, run_after=2022-08-23T00:00:00+00:00
[2022-08-23 00:17:28,890] {processor.py:161} INFO - Processing /home/airflow/.local/lib/python3.7/site-packages/airflow/example_dags/example_nested_branch_dag.py took 0.372 seconds
[2022-08-23 00:17:59,398] {processor.py:153} INFO - Started process (PID=99334) to work on /home/airflow/.local/lib/python3.7/site-packages/airflow/example_dags/example_nested_branch_dag.py
[2022-08-23 00:17:59,400] {processor.py:641} INFO - Processing file /home/airflow/.local/lib/python3.7/site-packages/airflow/example_dags/example_nested_branch_dag.py for tasks to queue
[2022-08-23 00:17:59,402] {logging_mixin.py:115} INFO - [2022-08-23 00:17:59,402] {dagbag.py:508} INFO - Filling up the DagBag from /home/airflow/.local/lib/python3.7/site-packages/airflow/example_dags/example_nested_branch_dag.py
[2022-08-23 00:17:59,424] {processor.py:651} INFO - DAG(s) dict_keys(['example_nested_branch_dag']) retrieved from /home/airflow/.local/lib/python3.7/site-packages/airflow/example_dags/example_nested_branch_dag.py
[2022-08-23 00:17:59,468] {logging_mixin.py:115} INFO - [2022-08-23 00:17:59,468] {dag.py:2420} INFO - Sync 1 DAGs
[2022-08-23 00:17:59,515] {logging_mixin.py:115} INFO - [2022-08-23 00:17:59,514] {dag.py:2972} INFO - Setting next_dagrun for example_nested_branch_dag to 2022-08-22T00:00:00+00:00, run_after=2022-08-23T00:00:00+00:00
[2022-08-23 00:17:59,567] {processor.py:161} INFO - Processing /home/airflow/.local/lib/python3.7/site-packages/airflow/example_dags/example_nested_branch_dag.py took 0.177 seconds
[2022-08-23 00:18:30,025] {processor.py:153} INFO - Started process (PID=99536) to work on /home/airflow/.local/lib/python3.7/site-packages/airflow/example_dags/example_nested_branch_dag.py
[2022-08-23 00:18:30,028] {processor.py:641} INFO - Processing file /home/airflow/.local/lib/python3.7/site-packages/airflow/example_dags/example_nested_branch_dag.py for tasks to queue
[2022-08-23 00:18:30,032] {logging_mixin.py:115} INFO - [2022-08-23 00:18:30,032] {dagbag.py:508} INFO - Filling up the DagBag from /home/airflow/.local/lib/python3.7/site-packages/airflow/example_dags/example_nested_branch_dag.py
[2022-08-23 00:18:30,100] {processor.py:651} INFO - DAG(s) dict_keys(['example_nested_branch_dag']) retrieved from /home/airflow/.local/lib/python3.7/site-packages/airflow/example_dags/example_nested_branch_dag.py
[2022-08-23 00:18:30,267] {logging_mixin.py:115} INFO - [2022-08-23 00:18:30,267] {dag.py:2420} INFO - Sync 1 DAGs
[2022-08-23 00:18:30,319] {logging_mixin.py:115} INFO - [2022-08-23 00:18:30,318] {dag.py:2972} INFO - Setting next_dagrun for example_nested_branch_dag to 2022-08-22T00:00:00+00:00, run_after=2022-08-23T00:00:00+00:00
[2022-08-23 00:18:30,337] {processor.py:161} INFO - Processing /home/airflow/.local/lib/python3.7/site-packages/airflow/example_dags/example_nested_branch_dag.py took 0.324 seconds
[2022-08-23 00:19:00,889] {processor.py:153} INFO - Started process (PID=99730) to work on /home/airflow/.local/lib/python3.7/site-packages/airflow/example_dags/example_nested_branch_dag.py
[2022-08-23 00:19:00,892] {processor.py:641} INFO - Processing file /home/airflow/.local/lib/python3.7/site-packages/airflow/example_dags/example_nested_branch_dag.py for tasks to queue
[2022-08-23 00:19:00,896] {logging_mixin.py:115} INFO - [2022-08-23 00:19:00,896] {dagbag.py:508} INFO - Filling up the DagBag from /home/airflow/.local/lib/python3.7/site-packages/airflow/example_dags/example_nested_branch_dag.py
[2022-08-23 00:19:00,925] {processor.py:651} INFO - DAG(s) dict_keys(['example_nested_branch_dag']) retrieved from /home/airflow/.local/lib/python3.7/site-packages/airflow/example_dags/example_nested_branch_dag.py
[2022-08-23 00:19:00,976] {logging_mixin.py:115} INFO - [2022-08-23 00:19:00,975] {dag.py:2420} INFO - Sync 1 DAGs
[2022-08-23 00:19:01,015] {logging_mixin.py:115} INFO - [2022-08-23 00:19:01,015] {dag.py:2972} INFO - Setting next_dagrun for example_nested_branch_dag to 2022-08-22T00:00:00+00:00, run_after=2022-08-23T00:00:00+00:00
[2022-08-23 00:19:01,039] {processor.py:161} INFO - Processing /home/airflow/.local/lib/python3.7/site-packages/airflow/example_dags/example_nested_branch_dag.py took 0.163 seconds
[2022-08-23 00:19:31,915] {processor.py:153} INFO - Started process (PID=99934) to work on /home/airflow/.local/lib/python3.7/site-packages/airflow/example_dags/example_nested_branch_dag.py
[2022-08-23 00:19:31,919] {processor.py:641} INFO - Processing file /home/airflow/.local/lib/python3.7/site-packages/airflow/example_dags/example_nested_branch_dag.py for tasks to queue
[2022-08-23 00:19:31,922] {logging_mixin.py:115} INFO - [2022-08-23 00:19:31,922] {dagbag.py:508} INFO - Filling up the DagBag from /home/airflow/.local/lib/python3.7/site-packages/airflow/example_dags/example_nested_branch_dag.py
[2022-08-23 00:19:31,952] {processor.py:651} INFO - DAG(s) dict_keys(['example_nested_branch_dag']) retrieved from /home/airflow/.local/lib/python3.7/site-packages/airflow/example_dags/example_nested_branch_dag.py
[2022-08-23 00:19:32,008] {logging_mixin.py:115} INFO - [2022-08-23 00:19:32,008] {dag.py:2420} INFO - Sync 1 DAGs
[2022-08-23 00:19:32,053] {logging_mixin.py:115} INFO - [2022-08-23 00:19:32,053] {dag.py:2972} INFO - Setting next_dagrun for example_nested_branch_dag to 2022-08-22T00:00:00+00:00, run_after=2022-08-23T00:00:00+00:00
[2022-08-23 00:19:32,075] {processor.py:161} INFO - Processing /home/airflow/.local/lib/python3.7/site-packages/airflow/example_dags/example_nested_branch_dag.py took 0.174 seconds
[2022-08-23 00:20:02,216] {processor.py:153} INFO - Started process (PID=429) to work on /home/airflow/.local/lib/python3.7/site-packages/airflow/example_dags/example_nested_branch_dag.py
[2022-08-23 00:20:02,220] {processor.py:641} INFO - Processing file /home/airflow/.local/lib/python3.7/site-packages/airflow/example_dags/example_nested_branch_dag.py for tasks to queue
[2022-08-23 00:20:02,223] {logging_mixin.py:115} INFO - [2022-08-23 00:20:02,223] {dagbag.py:508} INFO - Filling up the DagBag from /home/airflow/.local/lib/python3.7/site-packages/airflow/example_dags/example_nested_branch_dag.py
[2022-08-23 00:20:02,252] {processor.py:651} INFO - DAG(s) dict_keys(['example_nested_branch_dag']) retrieved from /home/airflow/.local/lib/python3.7/site-packages/airflow/example_dags/example_nested_branch_dag.py
[2022-08-23 00:20:02,308] {logging_mixin.py:115} INFO - [2022-08-23 00:20:02,308] {dag.py:2420} INFO - Sync 1 DAGs
[2022-08-23 00:20:02,361] {logging_mixin.py:115} INFO - [2022-08-23 00:20:02,361] {dag.py:2972} INFO - Setting next_dagrun for example_nested_branch_dag to 2022-08-22T00:00:00+00:00, run_after=2022-08-23T00:00:00+00:00
[2022-08-23 00:20:02,388] {processor.py:161} INFO - Processing /home/airflow/.local/lib/python3.7/site-packages/airflow/example_dags/example_nested_branch_dag.py took 0.180 seconds
[2022-08-23 00:20:33,083] {processor.py:153} INFO - Started process (PID=631) to work on /home/airflow/.local/lib/python3.7/site-packages/airflow/example_dags/example_nested_branch_dag.py
[2022-08-23 00:20:33,085] {processor.py:641} INFO - Processing file /home/airflow/.local/lib/python3.7/site-packages/airflow/example_dags/example_nested_branch_dag.py for tasks to queue
[2022-08-23 00:20:33,087] {logging_mixin.py:115} INFO - [2022-08-23 00:20:33,087] {dagbag.py:508} INFO - Filling up the DagBag from /home/airflow/.local/lib/python3.7/site-packages/airflow/example_dags/example_nested_branch_dag.py
[2022-08-23 00:20:33,142] {processor.py:651} INFO - DAG(s) dict_keys(['example_nested_branch_dag']) retrieved from /home/airflow/.local/lib/python3.7/site-packages/airflow/example_dags/example_nested_branch_dag.py
[2022-08-23 00:20:33,204] {logging_mixin.py:115} INFO - [2022-08-23 00:20:33,204] {dag.py:2420} INFO - Sync 1 DAGs
[2022-08-23 00:20:33,241] {logging_mixin.py:115} INFO - [2022-08-23 00:20:33,241] {dag.py:2972} INFO - Setting next_dagrun for example_nested_branch_dag to 2022-08-22T00:00:00+00:00, run_after=2022-08-23T00:00:00+00:00
[2022-08-23 00:20:33,280] {processor.py:161} INFO - Processing /home/airflow/.local/lib/python3.7/site-packages/airflow/example_dags/example_nested_branch_dag.py took 0.203 seconds
[2022-08-23 00:21:03,545] {processor.py:153} INFO - Started process (PID=827) to work on /home/airflow/.local/lib/python3.7/site-packages/airflow/example_dags/example_nested_branch_dag.py
[2022-08-23 00:21:03,548] {processor.py:641} INFO - Processing file /home/airflow/.local/lib/python3.7/site-packages/airflow/example_dags/example_nested_branch_dag.py for tasks to queue
[2022-08-23 00:21:03,551] {logging_mixin.py:115} INFO - [2022-08-23 00:21:03,550] {dagbag.py:508} INFO - Filling up the DagBag from /home/airflow/.local/lib/python3.7/site-packages/airflow/example_dags/example_nested_branch_dag.py
[2022-08-23 00:21:03,581] {processor.py:651} INFO - DAG(s) dict_keys(['example_nested_branch_dag']) retrieved from /home/airflow/.local/lib/python3.7/site-packages/airflow/example_dags/example_nested_branch_dag.py
[2022-08-23 00:21:03,636] {logging_mixin.py:115} INFO - [2022-08-23 00:21:03,636] {dag.py:2420} INFO - Sync 1 DAGs
[2022-08-23 00:21:03,678] {logging_mixin.py:115} INFO - [2022-08-23 00:21:03,678] {dag.py:2972} INFO - Setting next_dagrun for example_nested_branch_dag to 2022-08-22T00:00:00+00:00, run_after=2022-08-23T00:00:00+00:00
[2022-08-23 00:21:03,702] {processor.py:161} INFO - Processing /home/airflow/.local/lib/python3.7/site-packages/airflow/example_dags/example_nested_branch_dag.py took 0.166 seconds
