[2022-08-23 00:00:19,405] {processor.py:153} INFO - Started process (PID=92712) to work on /home/airflow/.local/lib/python3.7/site-packages/airflow/example_dags/example_branch_datetime_operator.py
[2022-08-23 00:00:19,409] {processor.py:641} INFO - Processing file /home/airflow/.local/lib/python3.7/site-packages/airflow/example_dags/example_branch_datetime_operator.py for tasks to queue
[2022-08-23 00:00:19,415] {logging_mixin.py:115} INFO - [2022-08-23 00:00:19,414] {dagbag.py:508} INFO - Filling up the DagBag from /home/airflow/.local/lib/python3.7/site-packages/airflow/example_dags/example_branch_datetime_operator.py
[2022-08-23 00:00:19,461] {processor.py:651} INFO - DAG(s) dict_keys(['example_branch_datetime_operator', 'example_branch_datetime_operator_2']) retrieved from /home/airflow/.local/lib/python3.7/site-packages/airflow/example_dags/example_branch_datetime_operator.py
[2022-08-23 00:00:19,614] {logging_mixin.py:115} INFO - [2022-08-23 00:00:19,614] {dag.py:2420} INFO - Sync 2 DAGs
[2022-08-23 00:00:19,721] {logging_mixin.py:115} INFO - [2022-08-23 00:00:19,720] {dag.py:2972} INFO - Setting next_dagrun for example_branch_datetime_operator to 2022-08-22T00:00:00+00:00, run_after=2022-08-23T00:00:00+00:00
[2022-08-23 00:00:19,754] {logging_mixin.py:115} INFO - [2022-08-23 00:00:19,754] {dag.py:2972} INFO - Setting next_dagrun for example_branch_datetime_operator_2 to 2022-08-22T00:00:00+00:00, run_after=2022-08-23T00:00:00+00:00
[2022-08-23 00:00:19,833] {processor.py:161} INFO - Processing /home/airflow/.local/lib/python3.7/site-packages/airflow/example_dags/example_branch_datetime_operator.py took 0.436 seconds
[2022-08-23 00:00:50,847] {processor.py:153} INFO - Started process (PID=92906) to work on /home/airflow/.local/lib/python3.7/site-packages/airflow/example_dags/example_branch_datetime_operator.py
[2022-08-23 00:00:50,850] {processor.py:641} INFO - Processing file /home/airflow/.local/lib/python3.7/site-packages/airflow/example_dags/example_branch_datetime_operator.py for tasks to queue
[2022-08-23 00:00:50,852] {logging_mixin.py:115} INFO - [2022-08-23 00:00:50,852] {dagbag.py:508} INFO - Filling up the DagBag from /home/airflow/.local/lib/python3.7/site-packages/airflow/example_dags/example_branch_datetime_operator.py
[2022-08-23 00:00:50,875] {processor.py:651} INFO - DAG(s) dict_keys(['example_branch_datetime_operator', 'example_branch_datetime_operator_2']) retrieved from /home/airflow/.local/lib/python3.7/site-packages/airflow/example_dags/example_branch_datetime_operator.py
[2022-08-23 00:00:50,928] {logging_mixin.py:115} INFO - [2022-08-23 00:00:50,928] {dag.py:2420} INFO - Sync 2 DAGs
[2022-08-23 00:00:50,970] {logging_mixin.py:115} INFO - [2022-08-23 00:00:50,970] {dag.py:2972} INFO - Setting next_dagrun for example_branch_datetime_operator to 2022-08-22T00:00:00+00:00, run_after=2022-08-23T00:00:00+00:00
[2022-08-23 00:00:50,974] {logging_mixin.py:115} INFO - [2022-08-23 00:00:50,974] {dag.py:2972} INFO - Setting next_dagrun for example_branch_datetime_operator_2 to 2022-08-22T00:00:00+00:00, run_after=2022-08-23T00:00:00+00:00
[2022-08-23 00:00:51,001] {processor.py:161} INFO - Processing /home/airflow/.local/lib/python3.7/site-packages/airflow/example_dags/example_branch_datetime_operator.py took 0.164 seconds
[2022-08-23 00:01:22,070] {processor.py:153} INFO - Started process (PID=93108) to work on /home/airflow/.local/lib/python3.7/site-packages/airflow/example_dags/example_branch_datetime_operator.py
[2022-08-23 00:01:22,073] {processor.py:641} INFO - Processing file /home/airflow/.local/lib/python3.7/site-packages/airflow/example_dags/example_branch_datetime_operator.py for tasks to queue
[2022-08-23 00:01:22,075] {logging_mixin.py:115} INFO - [2022-08-23 00:01:22,075] {dagbag.py:508} INFO - Filling up the DagBag from /home/airflow/.local/lib/python3.7/site-packages/airflow/example_dags/example_branch_datetime_operator.py
[2022-08-23 00:01:22,097] {processor.py:651} INFO - DAG(s) dict_keys(['example_branch_datetime_operator', 'example_branch_datetime_operator_2']) retrieved from /home/airflow/.local/lib/python3.7/site-packages/airflow/example_dags/example_branch_datetime_operator.py
[2022-08-23 00:01:22,145] {logging_mixin.py:115} INFO - [2022-08-23 00:01:22,145] {dag.py:2420} INFO - Sync 2 DAGs
[2022-08-23 00:01:22,185] {logging_mixin.py:115} INFO - [2022-08-23 00:01:22,185] {dag.py:2972} INFO - Setting next_dagrun for example_branch_datetime_operator to 2022-08-22T00:00:00+00:00, run_after=2022-08-23T00:00:00+00:00
[2022-08-23 00:01:22,195] {logging_mixin.py:115} INFO - [2022-08-23 00:01:22,194] {dag.py:2972} INFO - Setting next_dagrun for example_branch_datetime_operator_2 to 2022-08-22T00:00:00+00:00, run_after=2022-08-23T00:00:00+00:00
[2022-08-23 00:01:22,237] {processor.py:161} INFO - Processing /home/airflow/.local/lib/python3.7/site-packages/airflow/example_dags/example_branch_datetime_operator.py took 0.175 seconds
[2022-08-23 00:01:52,660] {processor.py:153} INFO - Started process (PID=93301) to work on /home/airflow/.local/lib/python3.7/site-packages/airflow/example_dags/example_branch_datetime_operator.py
[2022-08-23 00:01:52,662] {processor.py:641} INFO - Processing file /home/airflow/.local/lib/python3.7/site-packages/airflow/example_dags/example_branch_datetime_operator.py for tasks to queue
[2022-08-23 00:01:52,664] {logging_mixin.py:115} INFO - [2022-08-23 00:01:52,664] {dagbag.py:508} INFO - Filling up the DagBag from /home/airflow/.local/lib/python3.7/site-packages/airflow/example_dags/example_branch_datetime_operator.py
[2022-08-23 00:01:52,718] {processor.py:651} INFO - DAG(s) dict_keys(['example_branch_datetime_operator', 'example_branch_datetime_operator_2']) retrieved from /home/airflow/.local/lib/python3.7/site-packages/airflow/example_dags/example_branch_datetime_operator.py
[2022-08-23 00:01:52,857] {logging_mixin.py:115} INFO - [2022-08-23 00:01:52,857] {dag.py:2420} INFO - Sync 2 DAGs
[2022-08-23 00:01:52,982] {logging_mixin.py:115} INFO - [2022-08-23 00:01:52,981] {dag.py:2972} INFO - Setting next_dagrun for example_branch_datetime_operator to 2022-08-22T00:00:00+00:00, run_after=2022-08-23T00:00:00+00:00
[2022-08-23 00:01:52,986] {logging_mixin.py:115} INFO - [2022-08-23 00:01:52,986] {dag.py:2972} INFO - Setting next_dagrun for example_branch_datetime_operator_2 to 2022-08-22T00:00:00+00:00, run_after=2022-08-23T00:00:00+00:00
[2022-08-23 00:01:53,030] {processor.py:161} INFO - Processing /home/airflow/.local/lib/python3.7/site-packages/airflow/example_dags/example_branch_datetime_operator.py took 0.385 seconds
[2022-08-23 00:02:23,999] {processor.py:153} INFO - Started process (PID=93495) to work on /home/airflow/.local/lib/python3.7/site-packages/airflow/example_dags/example_branch_datetime_operator.py
[2022-08-23 00:02:24,004] {processor.py:641} INFO - Processing file /home/airflow/.local/lib/python3.7/site-packages/airflow/example_dags/example_branch_datetime_operator.py for tasks to queue
[2022-08-23 00:02:24,006] {logging_mixin.py:115} INFO - [2022-08-23 00:02:24,005] {dagbag.py:508} INFO - Filling up the DagBag from /home/airflow/.local/lib/python3.7/site-packages/airflow/example_dags/example_branch_datetime_operator.py
[2022-08-23 00:02:24,030] {processor.py:651} INFO - DAG(s) dict_keys(['example_branch_datetime_operator', 'example_branch_datetime_operator_2']) retrieved from /home/airflow/.local/lib/python3.7/site-packages/airflow/example_dags/example_branch_datetime_operator.py
[2022-08-23 00:02:24,088] {logging_mixin.py:115} INFO - [2022-08-23 00:02:24,088] {dag.py:2420} INFO - Sync 2 DAGs
[2022-08-23 00:02:24,136] {logging_mixin.py:115} INFO - [2022-08-23 00:02:24,136] {dag.py:2972} INFO - Setting next_dagrun for example_branch_datetime_operator to 2022-08-22T00:00:00+00:00, run_after=2022-08-23T00:00:00+00:00
[2022-08-23 00:02:24,142] {logging_mixin.py:115} INFO - [2022-08-23 00:02:24,142] {dag.py:2972} INFO - Setting next_dagrun for example_branch_datetime_operator_2 to 2022-08-22T00:00:00+00:00, run_after=2022-08-23T00:00:00+00:00
[2022-08-23 00:02:24,169] {processor.py:161} INFO - Processing /home/airflow/.local/lib/python3.7/site-packages/airflow/example_dags/example_branch_datetime_operator.py took 0.184 seconds
[2022-08-23 00:02:54,526] {processor.py:153} INFO - Started process (PID=93685) to work on /home/airflow/.local/lib/python3.7/site-packages/airflow/example_dags/example_branch_datetime_operator.py
[2022-08-23 00:02:54,529] {processor.py:641} INFO - Processing file /home/airflow/.local/lib/python3.7/site-packages/airflow/example_dags/example_branch_datetime_operator.py for tasks to queue
[2022-08-23 00:02:54,531] {logging_mixin.py:115} INFO - [2022-08-23 00:02:54,531] {dagbag.py:508} INFO - Filling up the DagBag from /home/airflow/.local/lib/python3.7/site-packages/airflow/example_dags/example_branch_datetime_operator.py
[2022-08-23 00:02:54,551] {processor.py:651} INFO - DAG(s) dict_keys(['example_branch_datetime_operator', 'example_branch_datetime_operator_2']) retrieved from /home/airflow/.local/lib/python3.7/site-packages/airflow/example_dags/example_branch_datetime_operator.py
[2022-08-23 00:02:54,602] {logging_mixin.py:115} INFO - [2022-08-23 00:02:54,602] {dag.py:2420} INFO - Sync 2 DAGs
[2022-08-23 00:02:54,652] {logging_mixin.py:115} INFO - [2022-08-23 00:02:54,651] {dag.py:2972} INFO - Setting next_dagrun for example_branch_datetime_operator to 2022-08-22T00:00:00+00:00, run_after=2022-08-23T00:00:00+00:00
[2022-08-23 00:02:54,661] {logging_mixin.py:115} INFO - [2022-08-23 00:02:54,661] {dag.py:2972} INFO - Setting next_dagrun for example_branch_datetime_operator_2 to 2022-08-22T00:00:00+00:00, run_after=2022-08-23T00:00:00+00:00
[2022-08-23 00:02:54,696] {processor.py:161} INFO - Processing /home/airflow/.local/lib/python3.7/site-packages/airflow/example_dags/example_branch_datetime_operator.py took 0.174 seconds
[2022-08-23 00:03:25,867] {processor.py:153} INFO - Started process (PID=93879) to work on /home/airflow/.local/lib/python3.7/site-packages/airflow/example_dags/example_branch_datetime_operator.py
[2022-08-23 00:03:25,878] {processor.py:641} INFO - Processing file /home/airflow/.local/lib/python3.7/site-packages/airflow/example_dags/example_branch_datetime_operator.py for tasks to queue
[2022-08-23 00:03:25,882] {logging_mixin.py:115} INFO - [2022-08-23 00:03:25,881] {dagbag.py:508} INFO - Filling up the DagBag from /home/airflow/.local/lib/python3.7/site-packages/airflow/example_dags/example_branch_datetime_operator.py
[2022-08-23 00:03:25,965] {processor.py:651} INFO - DAG(s) dict_keys(['example_branch_datetime_operator', 'example_branch_datetime_operator_2']) retrieved from /home/airflow/.local/lib/python3.7/site-packages/airflow/example_dags/example_branch_datetime_operator.py
[2022-08-23 00:03:26,055] {logging_mixin.py:115} INFO - [2022-08-23 00:03:26,055] {dag.py:2420} INFO - Sync 2 DAGs
[2022-08-23 00:03:26,121] {logging_mixin.py:115} INFO - [2022-08-23 00:03:26,121] {dag.py:2972} INFO - Setting next_dagrun for example_branch_datetime_operator to 2022-08-22T00:00:00+00:00, run_after=2022-08-23T00:00:00+00:00
[2022-08-23 00:03:26,129] {logging_mixin.py:115} INFO - [2022-08-23 00:03:26,128] {dag.py:2972} INFO - Setting next_dagrun for example_branch_datetime_operator_2 to 2022-08-22T00:00:00+00:00, run_after=2022-08-23T00:00:00+00:00
[2022-08-23 00:03:26,206] {processor.py:161} INFO - Processing /home/airflow/.local/lib/python3.7/site-packages/airflow/example_dags/example_branch_datetime_operator.py took 0.381 seconds
[2022-08-23 00:03:56,703] {processor.py:153} INFO - Started process (PID=94072) to work on /home/airflow/.local/lib/python3.7/site-packages/airflow/example_dags/example_branch_datetime_operator.py
[2022-08-23 00:03:56,707] {processor.py:641} INFO - Processing file /home/airflow/.local/lib/python3.7/site-packages/airflow/example_dags/example_branch_datetime_operator.py for tasks to queue
[2022-08-23 00:03:56,709] {logging_mixin.py:115} INFO - [2022-08-23 00:03:56,708] {dagbag.py:508} INFO - Filling up the DagBag from /home/airflow/.local/lib/python3.7/site-packages/airflow/example_dags/example_branch_datetime_operator.py
[2022-08-23 00:03:56,730] {processor.py:651} INFO - DAG(s) dict_keys(['example_branch_datetime_operator', 'example_branch_datetime_operator_2']) retrieved from /home/airflow/.local/lib/python3.7/site-packages/airflow/example_dags/example_branch_datetime_operator.py
[2022-08-23 00:03:56,798] {logging_mixin.py:115} INFO - [2022-08-23 00:03:56,798] {dag.py:2420} INFO - Sync 2 DAGs
[2022-08-23 00:03:56,852] {logging_mixin.py:115} INFO - [2022-08-23 00:03:56,851] {dag.py:2972} INFO - Setting next_dagrun for example_branch_datetime_operator to 2022-08-22T00:00:00+00:00, run_after=2022-08-23T00:00:00+00:00
[2022-08-23 00:03:56,857] {logging_mixin.py:115} INFO - [2022-08-23 00:03:56,856] {dag.py:2972} INFO - Setting next_dagrun for example_branch_datetime_operator_2 to 2022-08-22T00:00:00+00:00, run_after=2022-08-23T00:00:00+00:00
[2022-08-23 00:03:56,884] {processor.py:161} INFO - Processing /home/airflow/.local/lib/python3.7/site-packages/airflow/example_dags/example_branch_datetime_operator.py took 0.190 seconds
[2022-08-23 00:04:26,986] {processor.py:153} INFO - Started process (PID=94272) to work on /home/airflow/.local/lib/python3.7/site-packages/airflow/example_dags/example_branch_datetime_operator.py
[2022-08-23 00:04:26,989] {processor.py:641} INFO - Processing file /home/airflow/.local/lib/python3.7/site-packages/airflow/example_dags/example_branch_datetime_operator.py for tasks to queue
[2022-08-23 00:04:26,991] {logging_mixin.py:115} INFO - [2022-08-23 00:04:26,991] {dagbag.py:508} INFO - Filling up the DagBag from /home/airflow/.local/lib/python3.7/site-packages/airflow/example_dags/example_branch_datetime_operator.py
[2022-08-23 00:04:27,008] {processor.py:651} INFO - DAG(s) dict_keys(['example_branch_datetime_operator', 'example_branch_datetime_operator_2']) retrieved from /home/airflow/.local/lib/python3.7/site-packages/airflow/example_dags/example_branch_datetime_operator.py
[2022-08-23 00:04:27,077] {logging_mixin.py:115} INFO - [2022-08-23 00:04:27,076] {dag.py:2420} INFO - Sync 2 DAGs
[2022-08-23 00:04:27,129] {logging_mixin.py:115} INFO - [2022-08-23 00:04:27,129] {dag.py:2972} INFO - Setting next_dagrun for example_branch_datetime_operator to 2022-08-22T00:00:00+00:00, run_after=2022-08-23T00:00:00+00:00
[2022-08-23 00:04:27,133] {logging_mixin.py:115} INFO - [2022-08-23 00:04:27,133] {dag.py:2972} INFO - Setting next_dagrun for example_branch_datetime_operator_2 to 2022-08-22T00:00:00+00:00, run_after=2022-08-23T00:00:00+00:00
[2022-08-23 00:04:27,155] {processor.py:161} INFO - Processing /home/airflow/.local/lib/python3.7/site-packages/airflow/example_dags/example_branch_datetime_operator.py took 0.177 seconds
[2022-08-23 00:04:57,537] {processor.py:153} INFO - Started process (PID=94464) to work on /home/airflow/.local/lib/python3.7/site-packages/airflow/example_dags/example_branch_datetime_operator.py
[2022-08-23 00:04:57,547] {processor.py:641} INFO - Processing file /home/airflow/.local/lib/python3.7/site-packages/airflow/example_dags/example_branch_datetime_operator.py for tasks to queue
[2022-08-23 00:04:57,565] {logging_mixin.py:115} INFO - [2022-08-23 00:04:57,564] {dagbag.py:508} INFO - Filling up the DagBag from /home/airflow/.local/lib/python3.7/site-packages/airflow/example_dags/example_branch_datetime_operator.py
[2022-08-23 00:04:57,626] {processor.py:651} INFO - DAG(s) dict_keys(['example_branch_datetime_operator', 'example_branch_datetime_operator_2']) retrieved from /home/airflow/.local/lib/python3.7/site-packages/airflow/example_dags/example_branch_datetime_operator.py
[2022-08-23 00:04:57,714] {logging_mixin.py:115} INFO - [2022-08-23 00:04:57,714] {dag.py:2420} INFO - Sync 2 DAGs
[2022-08-23 00:04:57,765] {logging_mixin.py:115} INFO - [2022-08-23 00:04:57,764] {dag.py:2972} INFO - Setting next_dagrun for example_branch_datetime_operator to 2022-08-22T00:00:00+00:00, run_after=2022-08-23T00:00:00+00:00
[2022-08-23 00:04:57,773] {logging_mixin.py:115} INFO - [2022-08-23 00:04:57,773] {dag.py:2972} INFO - Setting next_dagrun for example_branch_datetime_operator_2 to 2022-08-22T00:00:00+00:00, run_after=2022-08-23T00:00:00+00:00
[2022-08-23 00:04:57,803] {processor.py:161} INFO - Processing /home/airflow/.local/lib/python3.7/site-packages/airflow/example_dags/example_branch_datetime_operator.py took 0.283 seconds
[2022-08-23 00:05:28,481] {processor.py:153} INFO - Started process (PID=94658) to work on /home/airflow/.local/lib/python3.7/site-packages/airflow/example_dags/example_branch_datetime_operator.py
[2022-08-23 00:05:28,485] {processor.py:641} INFO - Processing file /home/airflow/.local/lib/python3.7/site-packages/airflow/example_dags/example_branch_datetime_operator.py for tasks to queue
[2022-08-23 00:05:28,493] {logging_mixin.py:115} INFO - [2022-08-23 00:05:28,493] {dagbag.py:508} INFO - Filling up the DagBag from /home/airflow/.local/lib/python3.7/site-packages/airflow/example_dags/example_branch_datetime_operator.py
[2022-08-23 00:05:28,559] {processor.py:651} INFO - DAG(s) dict_keys(['example_branch_datetime_operator', 'example_branch_datetime_operator_2']) retrieved from /home/airflow/.local/lib/python3.7/site-packages/airflow/example_dags/example_branch_datetime_operator.py
[2022-08-23 00:05:28,755] {logging_mixin.py:115} INFO - [2022-08-23 00:05:28,755] {dag.py:2420} INFO - Sync 2 DAGs
[2022-08-23 00:05:28,943] {logging_mixin.py:115} INFO - [2022-08-23 00:05:28,943] {dag.py:2972} INFO - Setting next_dagrun for example_branch_datetime_operator to 2022-08-22T00:00:00+00:00, run_after=2022-08-23T00:00:00+00:00
[2022-08-23 00:05:28,951] {logging_mixin.py:115} INFO - [2022-08-23 00:05:28,951] {dag.py:2972} INFO - Setting next_dagrun for example_branch_datetime_operator_2 to 2022-08-22T00:00:00+00:00, run_after=2022-08-23T00:00:00+00:00
[2022-08-23 00:05:29,001] {processor.py:161} INFO - Processing /home/airflow/.local/lib/python3.7/site-packages/airflow/example_dags/example_branch_datetime_operator.py took 0.551 seconds
[2022-08-23 00:06:01,178] {processor.py:153} INFO - Started process (PID=94860) to work on /home/airflow/.local/lib/python3.7/site-packages/airflow/example_dags/example_branch_datetime_operator.py
[2022-08-23 00:06:01,183] {processor.py:641} INFO - Processing file /home/airflow/.local/lib/python3.7/site-packages/airflow/example_dags/example_branch_datetime_operator.py for tasks to queue
[2022-08-23 00:06:01,189] {logging_mixin.py:115} INFO - [2022-08-23 00:06:01,189] {dagbag.py:508} INFO - Filling up the DagBag from /home/airflow/.local/lib/python3.7/site-packages/airflow/example_dags/example_branch_datetime_operator.py
[2022-08-23 00:06:01,249] {processor.py:651} INFO - DAG(s) dict_keys(['example_branch_datetime_operator', 'example_branch_datetime_operator_2']) retrieved from /home/airflow/.local/lib/python3.7/site-packages/airflow/example_dags/example_branch_datetime_operator.py
[2022-08-23 00:06:01,593] {logging_mixin.py:115} INFO - [2022-08-23 00:06:01,593] {dag.py:2420} INFO - Sync 2 DAGs
[2022-08-23 00:06:01,652] {logging_mixin.py:115} INFO - [2022-08-23 00:06:01,651] {dag.py:2972} INFO - Setting next_dagrun for example_branch_datetime_operator to 2022-08-22T00:00:00+00:00, run_after=2022-08-23T00:00:00+00:00
[2022-08-23 00:06:01,661] {logging_mixin.py:115} INFO - [2022-08-23 00:06:01,661] {dag.py:2972} INFO - Setting next_dagrun for example_branch_datetime_operator_2 to 2022-08-22T00:00:00+00:00, run_after=2022-08-23T00:00:00+00:00
[2022-08-23 00:06:01,693] {processor.py:161} INFO - Processing /home/airflow/.local/lib/python3.7/site-packages/airflow/example_dags/example_branch_datetime_operator.py took 0.526 seconds
[2022-08-23 00:06:32,036] {processor.py:153} INFO - Started process (PID=95051) to work on /home/airflow/.local/lib/python3.7/site-packages/airflow/example_dags/example_branch_datetime_operator.py
[2022-08-23 00:06:32,039] {processor.py:641} INFO - Processing file /home/airflow/.local/lib/python3.7/site-packages/airflow/example_dags/example_branch_datetime_operator.py for tasks to queue
[2022-08-23 00:06:32,043] {logging_mixin.py:115} INFO - [2022-08-23 00:06:32,042] {dagbag.py:508} INFO - Filling up the DagBag from /home/airflow/.local/lib/python3.7/site-packages/airflow/example_dags/example_branch_datetime_operator.py
[2022-08-23 00:06:32,068] {processor.py:651} INFO - DAG(s) dict_keys(['example_branch_datetime_operator', 'example_branch_datetime_operator_2']) retrieved from /home/airflow/.local/lib/python3.7/site-packages/airflow/example_dags/example_branch_datetime_operator.py
[2022-08-23 00:06:32,127] {logging_mixin.py:115} INFO - [2022-08-23 00:06:32,127] {dag.py:2420} INFO - Sync 2 DAGs
[2022-08-23 00:06:32,177] {logging_mixin.py:115} INFO - [2022-08-23 00:06:32,177] {dag.py:2972} INFO - Setting next_dagrun for example_branch_datetime_operator to 2022-08-22T00:00:00+00:00, run_after=2022-08-23T00:00:00+00:00
[2022-08-23 00:06:32,181] {logging_mixin.py:115} INFO - [2022-08-23 00:06:32,181] {dag.py:2972} INFO - Setting next_dagrun for example_branch_datetime_operator_2 to 2022-08-22T00:00:00+00:00, run_after=2022-08-23T00:00:00+00:00
[2022-08-23 00:06:32,238] {processor.py:161} INFO - Processing /home/airflow/.local/lib/python3.7/site-packages/airflow/example_dags/example_branch_datetime_operator.py took 0.209 seconds
[2022-08-23 00:07:02,549] {processor.py:153} INFO - Started process (PID=95238) to work on /home/airflow/.local/lib/python3.7/site-packages/airflow/example_dags/example_branch_datetime_operator.py
[2022-08-23 00:07:02,551] {processor.py:641} INFO - Processing file /home/airflow/.local/lib/python3.7/site-packages/airflow/example_dags/example_branch_datetime_operator.py for tasks to queue
[2022-08-23 00:07:02,556] {logging_mixin.py:115} INFO - [2022-08-23 00:07:02,556] {dagbag.py:508} INFO - Filling up the DagBag from /home/airflow/.local/lib/python3.7/site-packages/airflow/example_dags/example_branch_datetime_operator.py
[2022-08-23 00:07:02,621] {processor.py:651} INFO - DAG(s) dict_keys(['example_branch_datetime_operator', 'example_branch_datetime_operator_2']) retrieved from /home/airflow/.local/lib/python3.7/site-packages/airflow/example_dags/example_branch_datetime_operator.py
[2022-08-23 00:07:02,866] {logging_mixin.py:115} INFO - [2022-08-23 00:07:02,866] {dag.py:2420} INFO - Sync 2 DAGs
[2022-08-23 00:07:03,085] {logging_mixin.py:115} INFO - [2022-08-23 00:07:03,085] {dag.py:2972} INFO - Setting next_dagrun for example_branch_datetime_operator to 2022-08-22T00:00:00+00:00, run_after=2022-08-23T00:00:00+00:00
[2022-08-23 00:07:03,093] {logging_mixin.py:115} INFO - [2022-08-23 00:07:03,093] {dag.py:2972} INFO - Setting next_dagrun for example_branch_datetime_operator_2 to 2022-08-22T00:00:00+00:00, run_after=2022-08-23T00:00:00+00:00
[2022-08-23 00:07:03,701] {processor.py:161} INFO - Processing /home/airflow/.local/lib/python3.7/site-packages/airflow/example_dags/example_branch_datetime_operator.py took 1.175 seconds
[2022-08-23 00:07:34,299] {processor.py:153} INFO - Started process (PID=95433) to work on /home/airflow/.local/lib/python3.7/site-packages/airflow/example_dags/example_branch_datetime_operator.py
[2022-08-23 00:07:34,301] {processor.py:641} INFO - Processing file /home/airflow/.local/lib/python3.7/site-packages/airflow/example_dags/example_branch_datetime_operator.py for tasks to queue
[2022-08-23 00:07:34,303] {logging_mixin.py:115} INFO - [2022-08-23 00:07:34,303] {dagbag.py:508} INFO - Filling up the DagBag from /home/airflow/.local/lib/python3.7/site-packages/airflow/example_dags/example_branch_datetime_operator.py
[2022-08-23 00:07:34,324] {processor.py:651} INFO - DAG(s) dict_keys(['example_branch_datetime_operator', 'example_branch_datetime_operator_2']) retrieved from /home/airflow/.local/lib/python3.7/site-packages/airflow/example_dags/example_branch_datetime_operator.py
[2022-08-23 00:07:34,402] {logging_mixin.py:115} INFO - [2022-08-23 00:07:34,402] {dag.py:2420} INFO - Sync 2 DAGs
[2022-08-23 00:07:34,463] {logging_mixin.py:115} INFO - [2022-08-23 00:07:34,463] {dag.py:2972} INFO - Setting next_dagrun for example_branch_datetime_operator to 2022-08-22T00:00:00+00:00, run_after=2022-08-23T00:00:00+00:00
[2022-08-23 00:07:34,471] {logging_mixin.py:115} INFO - [2022-08-23 00:07:34,471] {dag.py:2972} INFO - Setting next_dagrun for example_branch_datetime_operator_2 to 2022-08-22T00:00:00+00:00, run_after=2022-08-23T00:00:00+00:00
[2022-08-23 00:07:34,741] {processor.py:161} INFO - Processing /home/airflow/.local/lib/python3.7/site-packages/airflow/example_dags/example_branch_datetime_operator.py took 0.453 seconds
[2022-08-23 00:08:04,903] {processor.py:153} INFO - Started process (PID=95633) to work on /home/airflow/.local/lib/python3.7/site-packages/airflow/example_dags/example_branch_datetime_operator.py
[2022-08-23 00:08:04,905] {processor.py:641} INFO - Processing file /home/airflow/.local/lib/python3.7/site-packages/airflow/example_dags/example_branch_datetime_operator.py for tasks to queue
[2022-08-23 00:08:04,907] {logging_mixin.py:115} INFO - [2022-08-23 00:08:04,907] {dagbag.py:508} INFO - Filling up the DagBag from /home/airflow/.local/lib/python3.7/site-packages/airflow/example_dags/example_branch_datetime_operator.py
[2022-08-23 00:08:04,925] {processor.py:651} INFO - DAG(s) dict_keys(['example_branch_datetime_operator', 'example_branch_datetime_operator_2']) retrieved from /home/airflow/.local/lib/python3.7/site-packages/airflow/example_dags/example_branch_datetime_operator.py
[2022-08-23 00:08:05,001] {logging_mixin.py:115} INFO - [2022-08-23 00:08:05,000] {dag.py:2420} INFO - Sync 2 DAGs
[2022-08-23 00:08:05,051] {logging_mixin.py:115} INFO - [2022-08-23 00:08:05,051] {dag.py:2972} INFO - Setting next_dagrun for example_branch_datetime_operator to 2022-08-22T00:00:00+00:00, run_after=2022-08-23T00:00:00+00:00
[2022-08-23 00:08:05,059] {logging_mixin.py:115} INFO - [2022-08-23 00:08:05,059] {dag.py:2972} INFO - Setting next_dagrun for example_branch_datetime_operator_2 to 2022-08-22T00:00:00+00:00, run_after=2022-08-23T00:00:00+00:00
[2022-08-23 00:08:05,262] {processor.py:161} INFO - Processing /home/airflow/.local/lib/python3.7/site-packages/airflow/example_dags/example_branch_datetime_operator.py took 0.365 seconds
[2022-08-23 00:08:35,627] {processor.py:153} INFO - Started process (PID=95826) to work on /home/airflow/.local/lib/python3.7/site-packages/airflow/example_dags/example_branch_datetime_operator.py
[2022-08-23 00:08:35,630] {processor.py:641} INFO - Processing file /home/airflow/.local/lib/python3.7/site-packages/airflow/example_dags/example_branch_datetime_operator.py for tasks to queue
[2022-08-23 00:08:35,639] {logging_mixin.py:115} INFO - [2022-08-23 00:08:35,639] {dagbag.py:508} INFO - Filling up the DagBag from /home/airflow/.local/lib/python3.7/site-packages/airflow/example_dags/example_branch_datetime_operator.py
[2022-08-23 00:08:35,668] {processor.py:651} INFO - DAG(s) dict_keys(['example_branch_datetime_operator', 'example_branch_datetime_operator_2']) retrieved from /home/airflow/.local/lib/python3.7/site-packages/airflow/example_dags/example_branch_datetime_operator.py
[2022-08-23 00:08:35,731] {logging_mixin.py:115} INFO - [2022-08-23 00:08:35,731] {dag.py:2420} INFO - Sync 2 DAGs
[2022-08-23 00:08:35,780] {logging_mixin.py:115} INFO - [2022-08-23 00:08:35,779] {dag.py:2972} INFO - Setting next_dagrun for example_branch_datetime_operator to 2022-08-22T00:00:00+00:00, run_after=2022-08-23T00:00:00+00:00
[2022-08-23 00:08:35,784] {logging_mixin.py:115} INFO - [2022-08-23 00:08:35,784] {dag.py:2972} INFO - Setting next_dagrun for example_branch_datetime_operator_2 to 2022-08-22T00:00:00+00:00, run_after=2022-08-23T00:00:00+00:00
[2022-08-23 00:08:35,992] {processor.py:161} INFO - Processing /home/airflow/.local/lib/python3.7/site-packages/airflow/example_dags/example_branch_datetime_operator.py took 0.374 seconds
[2022-08-23 00:09:09,077] {processor.py:153} INFO - Started process (PID=96022) to work on /home/airflow/.local/lib/python3.7/site-packages/airflow/example_dags/example_branch_datetime_operator.py
[2022-08-23 00:09:09,080] {processor.py:641} INFO - Processing file /home/airflow/.local/lib/python3.7/site-packages/airflow/example_dags/example_branch_datetime_operator.py for tasks to queue
[2022-08-23 00:09:09,085] {logging_mixin.py:115} INFO - [2022-08-23 00:09:09,085] {dagbag.py:508} INFO - Filling up the DagBag from /home/airflow/.local/lib/python3.7/site-packages/airflow/example_dags/example_branch_datetime_operator.py
[2022-08-23 00:09:09,121] {processor.py:651} INFO - DAG(s) dict_keys(['example_branch_datetime_operator', 'example_branch_datetime_operator_2']) retrieved from /home/airflow/.local/lib/python3.7/site-packages/airflow/example_dags/example_branch_datetime_operator.py
[2022-08-23 00:09:09,211] {logging_mixin.py:115} INFO - [2022-08-23 00:09:09,211] {dag.py:2420} INFO - Sync 2 DAGs
[2022-08-23 00:09:09,276] {logging_mixin.py:115} INFO - [2022-08-23 00:09:09,275] {dag.py:2972} INFO - Setting next_dagrun for example_branch_datetime_operator to 2022-08-22T00:00:00+00:00, run_after=2022-08-23T00:00:00+00:00
[2022-08-23 00:09:09,284] {logging_mixin.py:115} INFO - [2022-08-23 00:09:09,284] {dag.py:2972} INFO - Setting next_dagrun for example_branch_datetime_operator_2 to 2022-08-22T00:00:00+00:00, run_after=2022-08-23T00:00:00+00:00
[2022-08-23 00:09:09,540] {processor.py:161} INFO - Processing /home/airflow/.local/lib/python3.7/site-packages/airflow/example_dags/example_branch_datetime_operator.py took 0.473 seconds
[2022-08-23 00:09:39,805] {processor.py:153} INFO - Started process (PID=96216) to work on /home/airflow/.local/lib/python3.7/site-packages/airflow/example_dags/example_branch_datetime_operator.py
[2022-08-23 00:09:39,808] {processor.py:641} INFO - Processing file /home/airflow/.local/lib/python3.7/site-packages/airflow/example_dags/example_branch_datetime_operator.py for tasks to queue
[2022-08-23 00:09:39,811] {logging_mixin.py:115} INFO - [2022-08-23 00:09:39,811] {dagbag.py:508} INFO - Filling up the DagBag from /home/airflow/.local/lib/python3.7/site-packages/airflow/example_dags/example_branch_datetime_operator.py
[2022-08-23 00:09:39,855] {processor.py:651} INFO - DAG(s) dict_keys(['example_branch_datetime_operator', 'example_branch_datetime_operator_2']) retrieved from /home/airflow/.local/lib/python3.7/site-packages/airflow/example_dags/example_branch_datetime_operator.py
[2022-08-23 00:09:39,924] {logging_mixin.py:115} INFO - [2022-08-23 00:09:39,923] {dag.py:2420} INFO - Sync 2 DAGs
[2022-08-23 00:09:39,996] {logging_mixin.py:115} INFO - [2022-08-23 00:09:39,996] {dag.py:2972} INFO - Setting next_dagrun for example_branch_datetime_operator to 2022-08-22T00:00:00+00:00, run_after=2022-08-23T00:00:00+00:00
[2022-08-23 00:09:40,005] {logging_mixin.py:115} INFO - [2022-08-23 00:09:40,005] {dag.py:2972} INFO - Setting next_dagrun for example_branch_datetime_operator_2 to 2022-08-22T00:00:00+00:00, run_after=2022-08-23T00:00:00+00:00
[2022-08-23 00:09:40,292] {processor.py:161} INFO - Processing /home/airflow/.local/lib/python3.7/site-packages/airflow/example_dags/example_branch_datetime_operator.py took 0.498 seconds
[2022-08-23 00:10:11,307] {processor.py:153} INFO - Started process (PID=96410) to work on /home/airflow/.local/lib/python3.7/site-packages/airflow/example_dags/example_branch_datetime_operator.py
[2022-08-23 00:10:11,311] {processor.py:641} INFO - Processing file /home/airflow/.local/lib/python3.7/site-packages/airflow/example_dags/example_branch_datetime_operator.py for tasks to queue
[2022-08-23 00:10:11,316] {logging_mixin.py:115} INFO - [2022-08-23 00:10:11,316] {dagbag.py:508} INFO - Filling up the DagBag from /home/airflow/.local/lib/python3.7/site-packages/airflow/example_dags/example_branch_datetime_operator.py
[2022-08-23 00:10:11,356] {processor.py:651} INFO - DAG(s) dict_keys(['example_branch_datetime_operator', 'example_branch_datetime_operator_2']) retrieved from /home/airflow/.local/lib/python3.7/site-packages/airflow/example_dags/example_branch_datetime_operator.py
[2022-08-23 00:10:11,454] {logging_mixin.py:115} INFO - [2022-08-23 00:10:11,454] {dag.py:2420} INFO - Sync 2 DAGs
[2022-08-23 00:10:11,545] {logging_mixin.py:115} INFO - [2022-08-23 00:10:11,543] {dag.py:2972} INFO - Setting next_dagrun for example_branch_datetime_operator to 2022-08-22T00:00:00+00:00, run_after=2022-08-23T00:00:00+00:00
[2022-08-23 00:10:11,556] {logging_mixin.py:115} INFO - [2022-08-23 00:10:11,556] {dag.py:2972} INFO - Setting next_dagrun for example_branch_datetime_operator_2 to 2022-08-22T00:00:00+00:00, run_after=2022-08-23T00:00:00+00:00
[2022-08-23 00:10:11,862] {processor.py:161} INFO - Processing /home/airflow/.local/lib/python3.7/site-packages/airflow/example_dags/example_branch_datetime_operator.py took 0.572 seconds
[2022-08-23 00:10:42,304] {processor.py:153} INFO - Started process (PID=96604) to work on /home/airflow/.local/lib/python3.7/site-packages/airflow/example_dags/example_branch_datetime_operator.py
[2022-08-23 00:10:42,307] {processor.py:641} INFO - Processing file /home/airflow/.local/lib/python3.7/site-packages/airflow/example_dags/example_branch_datetime_operator.py for tasks to queue
[2022-08-23 00:10:42,320] {logging_mixin.py:115} INFO - [2022-08-23 00:10:42,320] {dagbag.py:508} INFO - Filling up the DagBag from /home/airflow/.local/lib/python3.7/site-packages/airflow/example_dags/example_branch_datetime_operator.py
[2022-08-23 00:10:42,372] {processor.py:651} INFO - DAG(s) dict_keys(['example_branch_datetime_operator', 'example_branch_datetime_operator_2']) retrieved from /home/airflow/.local/lib/python3.7/site-packages/airflow/example_dags/example_branch_datetime_operator.py
[2022-08-23 00:10:42,451] {logging_mixin.py:115} INFO - [2022-08-23 00:10:42,450] {dag.py:2420} INFO - Sync 2 DAGs
[2022-08-23 00:10:42,511] {logging_mixin.py:115} INFO - [2022-08-23 00:10:42,511] {dag.py:2972} INFO - Setting next_dagrun for example_branch_datetime_operator to 2022-08-22T00:00:00+00:00, run_after=2022-08-23T00:00:00+00:00
[2022-08-23 00:10:42,516] {logging_mixin.py:115} INFO - [2022-08-23 00:10:42,515] {dag.py:2972} INFO - Setting next_dagrun for example_branch_datetime_operator_2 to 2022-08-22T00:00:00+00:00, run_after=2022-08-23T00:00:00+00:00
[2022-08-23 00:10:42,900] {processor.py:161} INFO - Processing /home/airflow/.local/lib/python3.7/site-packages/airflow/example_dags/example_branch_datetime_operator.py took 0.606 seconds
[2022-08-23 00:11:13,306] {processor.py:153} INFO - Started process (PID=96807) to work on /home/airflow/.local/lib/python3.7/site-packages/airflow/example_dags/example_branch_datetime_operator.py
[2022-08-23 00:11:13,310] {processor.py:641} INFO - Processing file /home/airflow/.local/lib/python3.7/site-packages/airflow/example_dags/example_branch_datetime_operator.py for tasks to queue
[2022-08-23 00:11:13,312] {logging_mixin.py:115} INFO - [2022-08-23 00:11:13,312] {dagbag.py:508} INFO - Filling up the DagBag from /home/airflow/.local/lib/python3.7/site-packages/airflow/example_dags/example_branch_datetime_operator.py
[2022-08-23 00:11:13,334] {processor.py:651} INFO - DAG(s) dict_keys(['example_branch_datetime_operator', 'example_branch_datetime_operator_2']) retrieved from /home/airflow/.local/lib/python3.7/site-packages/airflow/example_dags/example_branch_datetime_operator.py
[2022-08-23 00:11:13,431] {logging_mixin.py:115} INFO - [2022-08-23 00:11:13,431] {dag.py:2420} INFO - Sync 2 DAGs
[2022-08-23 00:11:13,501] {logging_mixin.py:115} INFO - [2022-08-23 00:11:13,500] {dag.py:2972} INFO - Setting next_dagrun for example_branch_datetime_operator to 2022-08-22T00:00:00+00:00, run_after=2022-08-23T00:00:00+00:00
[2022-08-23 00:11:13,510] {logging_mixin.py:115} INFO - [2022-08-23 00:11:13,509] {dag.py:2972} INFO - Setting next_dagrun for example_branch_datetime_operator_2 to 2022-08-22T00:00:00+00:00, run_after=2022-08-23T00:00:00+00:00
[2022-08-23 00:11:13,898] {processor.py:161} INFO - Processing /home/airflow/.local/lib/python3.7/site-packages/airflow/example_dags/example_branch_datetime_operator.py took 0.599 seconds
[2022-08-23 00:11:44,525] {processor.py:153} INFO - Started process (PID=97002) to work on /home/airflow/.local/lib/python3.7/site-packages/airflow/example_dags/example_branch_datetime_operator.py
[2022-08-23 00:11:44,528] {processor.py:641} INFO - Processing file /home/airflow/.local/lib/python3.7/site-packages/airflow/example_dags/example_branch_datetime_operator.py for tasks to queue
[2022-08-23 00:11:44,532] {logging_mixin.py:115} INFO - [2022-08-23 00:11:44,532] {dagbag.py:508} INFO - Filling up the DagBag from /home/airflow/.local/lib/python3.7/site-packages/airflow/example_dags/example_branch_datetime_operator.py
[2022-08-23 00:11:44,565] {processor.py:651} INFO - DAG(s) dict_keys(['example_branch_datetime_operator', 'example_branch_datetime_operator_2']) retrieved from /home/airflow/.local/lib/python3.7/site-packages/airflow/example_dags/example_branch_datetime_operator.py
[2022-08-23 00:11:44,636] {logging_mixin.py:115} INFO - [2022-08-23 00:11:44,635] {dag.py:2420} INFO - Sync 2 DAGs
[2022-08-23 00:11:44,691] {logging_mixin.py:115} INFO - [2022-08-23 00:11:44,690] {dag.py:2972} INFO - Setting next_dagrun for example_branch_datetime_operator to 2022-08-22T00:00:00+00:00, run_after=2022-08-23T00:00:00+00:00
[2022-08-23 00:11:44,694] {logging_mixin.py:115} INFO - [2022-08-23 00:11:44,694] {dag.py:2972} INFO - Setting next_dagrun for example_branch_datetime_operator_2 to 2022-08-22T00:00:00+00:00, run_after=2022-08-23T00:00:00+00:00
[2022-08-23 00:11:45,059] {processor.py:161} INFO - Processing /home/airflow/.local/lib/python3.7/site-packages/airflow/example_dags/example_branch_datetime_operator.py took 0.558 seconds
[2022-08-23 00:12:16,993] {processor.py:153} INFO - Started process (PID=97196) to work on /home/airflow/.local/lib/python3.7/site-packages/airflow/example_dags/example_branch_datetime_operator.py
[2022-08-23 00:12:17,005] {processor.py:641} INFO - Processing file /home/airflow/.local/lib/python3.7/site-packages/airflow/example_dags/example_branch_datetime_operator.py for tasks to queue
[2022-08-23 00:12:17,028] {logging_mixin.py:115} INFO - [2022-08-23 00:12:17,028] {dagbag.py:508} INFO - Filling up the DagBag from /home/airflow/.local/lib/python3.7/site-packages/airflow/example_dags/example_branch_datetime_operator.py
[2022-08-23 00:12:17,087] {processor.py:651} INFO - DAG(s) dict_keys(['example_branch_datetime_operator', 'example_branch_datetime_operator_2']) retrieved from /home/airflow/.local/lib/python3.7/site-packages/airflow/example_dags/example_branch_datetime_operator.py
[2022-08-23 00:12:17,196] {logging_mixin.py:115} INFO - [2022-08-23 00:12:17,196] {dag.py:2420} INFO - Sync 2 DAGs
[2022-08-23 00:12:17,766] {logging_mixin.py:115} INFO - [2022-08-23 00:12:17,765] {dag.py:2972} INFO - Setting next_dagrun for example_branch_datetime_operator to 2022-08-22T00:00:00+00:00, run_after=2022-08-23T00:00:00+00:00
[2022-08-23 00:12:17,773] {logging_mixin.py:115} INFO - [2022-08-23 00:12:17,772] {dag.py:2972} INFO - Setting next_dagrun for example_branch_datetime_operator_2 to 2022-08-22T00:00:00+00:00, run_after=2022-08-23T00:00:00+00:00
[2022-08-23 00:12:17,799] {processor.py:161} INFO - Processing /home/airflow/.local/lib/python3.7/site-packages/airflow/example_dags/example_branch_datetime_operator.py took 0.842 seconds
[2022-08-23 00:12:48,685] {processor.py:153} INFO - Started process (PID=97394) to work on /home/airflow/.local/lib/python3.7/site-packages/airflow/example_dags/example_branch_datetime_operator.py
[2022-08-23 00:12:48,693] {processor.py:641} INFO - Processing file /home/airflow/.local/lib/python3.7/site-packages/airflow/example_dags/example_branch_datetime_operator.py for tasks to queue
[2022-08-23 00:12:48,700] {logging_mixin.py:115} INFO - [2022-08-23 00:12:48,699] {dagbag.py:508} INFO - Filling up the DagBag from /home/airflow/.local/lib/python3.7/site-packages/airflow/example_dags/example_branch_datetime_operator.py
[2022-08-23 00:12:48,728] {processor.py:651} INFO - DAG(s) dict_keys(['example_branch_datetime_operator', 'example_branch_datetime_operator_2']) retrieved from /home/airflow/.local/lib/python3.7/site-packages/airflow/example_dags/example_branch_datetime_operator.py
[2022-08-23 00:12:48,814] {logging_mixin.py:115} INFO - [2022-08-23 00:12:48,813] {dag.py:2420} INFO - Sync 2 DAGs
[2022-08-23 00:12:49,046] {logging_mixin.py:115} INFO - [2022-08-23 00:12:49,046] {dag.py:2972} INFO - Setting next_dagrun for example_branch_datetime_operator to 2022-08-22T00:00:00+00:00, run_after=2022-08-23T00:00:00+00:00
[2022-08-23 00:12:49,052] {logging_mixin.py:115} INFO - [2022-08-23 00:12:49,052] {dag.py:2972} INFO - Setting next_dagrun for example_branch_datetime_operator_2 to 2022-08-22T00:00:00+00:00, run_after=2022-08-23T00:00:00+00:00
[2022-08-23 00:12:49,081] {processor.py:161} INFO - Processing /home/airflow/.local/lib/python3.7/site-packages/airflow/example_dags/example_branch_datetime_operator.py took 0.408 seconds
[2022-08-23 00:13:19,820] {processor.py:153} INFO - Started process (PID=97585) to work on /home/airflow/.local/lib/python3.7/site-packages/airflow/example_dags/example_branch_datetime_operator.py
[2022-08-23 00:13:19,823] {processor.py:641} INFO - Processing file /home/airflow/.local/lib/python3.7/site-packages/airflow/example_dags/example_branch_datetime_operator.py for tasks to queue
[2022-08-23 00:13:19,825] {logging_mixin.py:115} INFO - [2022-08-23 00:13:19,824] {dagbag.py:508} INFO - Filling up the DagBag from /home/airflow/.local/lib/python3.7/site-packages/airflow/example_dags/example_branch_datetime_operator.py
[2022-08-23 00:13:19,842] {processor.py:651} INFO - DAG(s) dict_keys(['example_branch_datetime_operator', 'example_branch_datetime_operator_2']) retrieved from /home/airflow/.local/lib/python3.7/site-packages/airflow/example_dags/example_branch_datetime_operator.py
[2022-08-23 00:13:19,904] {logging_mixin.py:115} INFO - [2022-08-23 00:13:19,904] {dag.py:2420} INFO - Sync 2 DAGs
[2022-08-23 00:13:20,577] {logging_mixin.py:115} INFO - [2022-08-23 00:13:20,576] {dag.py:2972} INFO - Setting next_dagrun for example_branch_datetime_operator to 2022-08-22T00:00:00+00:00, run_after=2022-08-23T00:00:00+00:00
[2022-08-23 00:13:20,592] {logging_mixin.py:115} INFO - [2022-08-23 00:13:20,592] {dag.py:2972} INFO - Setting next_dagrun for example_branch_datetime_operator_2 to 2022-08-22T00:00:00+00:00, run_after=2022-08-23T00:00:00+00:00
[2022-08-23 00:13:20,644] {processor.py:161} INFO - Processing /home/airflow/.local/lib/python3.7/site-packages/airflow/example_dags/example_branch_datetime_operator.py took 0.833 seconds
[2022-08-23 00:13:53,019] {processor.py:153} INFO - Started process (PID=97804) to work on /home/airflow/.local/lib/python3.7/site-packages/airflow/example_dags/example_branch_datetime_operator.py
[2022-08-23 00:13:53,023] {processor.py:641} INFO - Processing file /home/airflow/.local/lib/python3.7/site-packages/airflow/example_dags/example_branch_datetime_operator.py for tasks to queue
[2022-08-23 00:13:53,041] {logging_mixin.py:115} INFO - [2022-08-23 00:13:53,041] {dagbag.py:508} INFO - Filling up the DagBag from /home/airflow/.local/lib/python3.7/site-packages/airflow/example_dags/example_branch_datetime_operator.py
[2022-08-23 00:13:53,091] {processor.py:651} INFO - DAG(s) dict_keys(['example_branch_datetime_operator', 'example_branch_datetime_operator_2']) retrieved from /home/airflow/.local/lib/python3.7/site-packages/airflow/example_dags/example_branch_datetime_operator.py
[2022-08-23 00:13:53,227] {logging_mixin.py:115} INFO - [2022-08-23 00:13:53,227] {dag.py:2420} INFO - Sync 2 DAGs
[2022-08-23 00:13:54,427] {logging_mixin.py:115} INFO - [2022-08-23 00:13:54,427] {dag.py:2972} INFO - Setting next_dagrun for example_branch_datetime_operator to 2022-08-22T00:00:00+00:00, run_after=2022-08-23T00:00:00+00:00
[2022-08-23 00:13:54,447] {logging_mixin.py:115} INFO - [2022-08-23 00:13:54,447] {dag.py:2972} INFO - Setting next_dagrun for example_branch_datetime_operator_2 to 2022-08-22T00:00:00+00:00, run_after=2022-08-23T00:00:00+00:00
[2022-08-23 00:13:54,524] {processor.py:161} INFO - Processing /home/airflow/.local/lib/python3.7/site-packages/airflow/example_dags/example_branch_datetime_operator.py took 1.520 seconds
[2022-08-23 00:14:26,979] {processor.py:153} INFO - Started process (PID=97999) to work on /home/airflow/.local/lib/python3.7/site-packages/airflow/example_dags/example_branch_datetime_operator.py
[2022-08-23 00:14:27,001] {processor.py:641} INFO - Processing file /home/airflow/.local/lib/python3.7/site-packages/airflow/example_dags/example_branch_datetime_operator.py for tasks to queue
[2022-08-23 00:14:27,013] {logging_mixin.py:115} INFO - [2022-08-23 00:14:27,008] {dagbag.py:508} INFO - Filling up the DagBag from /home/airflow/.local/lib/python3.7/site-packages/airflow/example_dags/example_branch_datetime_operator.py
[2022-08-23 00:14:27,160] {processor.py:651} INFO - DAG(s) dict_keys(['example_branch_datetime_operator', 'example_branch_datetime_operator_2']) retrieved from /home/airflow/.local/lib/python3.7/site-packages/airflow/example_dags/example_branch_datetime_operator.py
[2022-08-23 00:14:27,372] {logging_mixin.py:115} INFO - [2022-08-23 00:14:27,372] {dag.py:2420} INFO - Sync 2 DAGs
[2022-08-23 00:14:27,637] {logging_mixin.py:115} INFO - [2022-08-23 00:14:27,637] {dag.py:2972} INFO - Setting next_dagrun for example_branch_datetime_operator to 2022-08-22T00:00:00+00:00, run_after=2022-08-23T00:00:00+00:00
[2022-08-23 00:14:27,644] {logging_mixin.py:115} INFO - [2022-08-23 00:14:27,644] {dag.py:2972} INFO - Setting next_dagrun for example_branch_datetime_operator_2 to 2022-08-22T00:00:00+00:00, run_after=2022-08-23T00:00:00+00:00
[2022-08-23 00:14:27,693] {processor.py:161} INFO - Processing /home/airflow/.local/lib/python3.7/site-packages/airflow/example_dags/example_branch_datetime_operator.py took 0.722 seconds
[2022-08-23 00:14:58,177] {processor.py:153} INFO - Started process (PID=98196) to work on /home/airflow/.local/lib/python3.7/site-packages/airflow/example_dags/example_branch_datetime_operator.py
[2022-08-23 00:14:58,181] {processor.py:641} INFO - Processing file /home/airflow/.local/lib/python3.7/site-packages/airflow/example_dags/example_branch_datetime_operator.py for tasks to queue
[2022-08-23 00:14:58,185] {logging_mixin.py:115} INFO - [2022-08-23 00:14:58,184] {dagbag.py:508} INFO - Filling up the DagBag from /home/airflow/.local/lib/python3.7/site-packages/airflow/example_dags/example_branch_datetime_operator.py
[2022-08-23 00:14:58,243] {processor.py:651} INFO - DAG(s) dict_keys(['example_branch_datetime_operator', 'example_branch_datetime_operator_2']) retrieved from /home/airflow/.local/lib/python3.7/site-packages/airflow/example_dags/example_branch_datetime_operator.py
[2022-08-23 00:14:58,312] {logging_mixin.py:115} INFO - [2022-08-23 00:14:58,312] {dag.py:2420} INFO - Sync 2 DAGs
[2022-08-23 00:14:58,570] {logging_mixin.py:115} INFO - [2022-08-23 00:14:58,570] {dag.py:2972} INFO - Setting next_dagrun for example_branch_datetime_operator to 2022-08-22T00:00:00+00:00, run_after=2022-08-23T00:00:00+00:00
[2022-08-23 00:14:58,585] {logging_mixin.py:115} INFO - [2022-08-23 00:14:58,584] {dag.py:2972} INFO - Setting next_dagrun for example_branch_datetime_operator_2 to 2022-08-22T00:00:00+00:00, run_after=2022-08-23T00:00:00+00:00
[2022-08-23 00:14:58,609] {processor.py:161} INFO - Processing /home/airflow/.local/lib/python3.7/site-packages/airflow/example_dags/example_branch_datetime_operator.py took 0.445 seconds
[2022-08-23 00:15:29,060] {processor.py:153} INFO - Started process (PID=98393) to work on /home/airflow/.local/lib/python3.7/site-packages/airflow/example_dags/example_branch_datetime_operator.py
[2022-08-23 00:15:29,065] {processor.py:641} INFO - Processing file /home/airflow/.local/lib/python3.7/site-packages/airflow/example_dags/example_branch_datetime_operator.py for tasks to queue
[2022-08-23 00:15:29,071] {logging_mixin.py:115} INFO - [2022-08-23 00:15:29,069] {dagbag.py:508} INFO - Filling up the DagBag from /home/airflow/.local/lib/python3.7/site-packages/airflow/example_dags/example_branch_datetime_operator.py
[2022-08-23 00:15:29,137] {processor.py:651} INFO - DAG(s) dict_keys(['example_branch_datetime_operator', 'example_branch_datetime_operator_2']) retrieved from /home/airflow/.local/lib/python3.7/site-packages/airflow/example_dags/example_branch_datetime_operator.py
[2022-08-23 00:15:29,214] {logging_mixin.py:115} INFO - [2022-08-23 00:15:29,213] {dag.py:2420} INFO - Sync 2 DAGs
[2022-08-23 00:15:29,738] {logging_mixin.py:115} INFO - [2022-08-23 00:15:29,738] {dag.py:2972} INFO - Setting next_dagrun for example_branch_datetime_operator to 2022-08-22T00:00:00+00:00, run_after=2022-08-23T00:00:00+00:00
[2022-08-23 00:15:29,742] {logging_mixin.py:115} INFO - [2022-08-23 00:15:29,742] {dag.py:2972} INFO - Setting next_dagrun for example_branch_datetime_operator_2 to 2022-08-22T00:00:00+00:00, run_after=2022-08-23T00:00:00+00:00
[2022-08-23 00:15:29,771] {processor.py:161} INFO - Processing /home/airflow/.local/lib/python3.7/site-packages/airflow/example_dags/example_branch_datetime_operator.py took 0.723 seconds
[2022-08-23 00:16:00,166] {processor.py:153} INFO - Started process (PID=98603) to work on /home/airflow/.local/lib/python3.7/site-packages/airflow/example_dags/example_branch_datetime_operator.py
[2022-08-23 00:16:00,171] {processor.py:641} INFO - Processing file /home/airflow/.local/lib/python3.7/site-packages/airflow/example_dags/example_branch_datetime_operator.py for tasks to queue
[2022-08-23 00:16:00,175] {logging_mixin.py:115} INFO - [2022-08-23 00:16:00,174] {dagbag.py:508} INFO - Filling up the DagBag from /home/airflow/.local/lib/python3.7/site-packages/airflow/example_dags/example_branch_datetime_operator.py
[2022-08-23 00:16:00,210] {processor.py:651} INFO - DAG(s) dict_keys(['example_branch_datetime_operator', 'example_branch_datetime_operator_2']) retrieved from /home/airflow/.local/lib/python3.7/site-packages/airflow/example_dags/example_branch_datetime_operator.py
[2022-08-23 00:16:00,372] {logging_mixin.py:115} INFO - [2022-08-23 00:16:00,372] {dag.py:2420} INFO - Sync 2 DAGs
[2022-08-23 00:16:00,732] {logging_mixin.py:115} INFO - [2022-08-23 00:16:00,732] {dag.py:2972} INFO - Setting next_dagrun for example_branch_datetime_operator to 2022-08-22T00:00:00+00:00, run_after=2022-08-23T00:00:00+00:00
[2022-08-23 00:16:00,741] {logging_mixin.py:115} INFO - [2022-08-23 00:16:00,741] {dag.py:2972} INFO - Setting next_dagrun for example_branch_datetime_operator_2 to 2022-08-22T00:00:00+00:00, run_after=2022-08-23T00:00:00+00:00
[2022-08-23 00:16:00,770] {processor.py:161} INFO - Processing /home/airflow/.local/lib/python3.7/site-packages/airflow/example_dags/example_branch_datetime_operator.py took 0.619 seconds
[2022-08-23 00:16:30,999] {processor.py:153} INFO - Started process (PID=98795) to work on /home/airflow/.local/lib/python3.7/site-packages/airflow/example_dags/example_branch_datetime_operator.py
[2022-08-23 00:16:31,007] {processor.py:641} INFO - Processing file /home/airflow/.local/lib/python3.7/site-packages/airflow/example_dags/example_branch_datetime_operator.py for tasks to queue
[2022-08-23 00:16:31,015] {logging_mixin.py:115} INFO - [2022-08-23 00:16:31,014] {dagbag.py:508} INFO - Filling up the DagBag from /home/airflow/.local/lib/python3.7/site-packages/airflow/example_dags/example_branch_datetime_operator.py
[2022-08-23 00:16:31,135] {processor.py:651} INFO - DAG(s) dict_keys(['example_branch_datetime_operator', 'example_branch_datetime_operator_2']) retrieved from /home/airflow/.local/lib/python3.7/site-packages/airflow/example_dags/example_branch_datetime_operator.py
[2022-08-23 00:16:31,415] {logging_mixin.py:115} INFO - [2022-08-23 00:16:31,415] {dag.py:2420} INFO - Sync 2 DAGs
[2022-08-23 00:16:32,260] {logging_mixin.py:115} INFO - [2022-08-23 00:16:32,260] {dag.py:2972} INFO - Setting next_dagrun for example_branch_datetime_operator to 2022-08-22T00:00:00+00:00, run_after=2022-08-23T00:00:00+00:00
[2022-08-23 00:16:32,270] {logging_mixin.py:115} INFO - [2022-08-23 00:16:32,270] {dag.py:2972} INFO - Setting next_dagrun for example_branch_datetime_operator_2 to 2022-08-22T00:00:00+00:00, run_after=2022-08-23T00:00:00+00:00
[2022-08-23 00:16:32,317] {processor.py:161} INFO - Processing /home/airflow/.local/lib/python3.7/site-packages/airflow/example_dags/example_branch_datetime_operator.py took 1.332 seconds
[2022-08-23 00:17:02,437] {processor.py:153} INFO - Started process (PID=98989) to work on /home/airflow/.local/lib/python3.7/site-packages/airflow/example_dags/example_branch_datetime_operator.py
[2022-08-23 00:17:02,440] {processor.py:641} INFO - Processing file /home/airflow/.local/lib/python3.7/site-packages/airflow/example_dags/example_branch_datetime_operator.py for tasks to queue
[2022-08-23 00:17:02,443] {logging_mixin.py:115} INFO - [2022-08-23 00:17:02,442] {dagbag.py:508} INFO - Filling up the DagBag from /home/airflow/.local/lib/python3.7/site-packages/airflow/example_dags/example_branch_datetime_operator.py
[2022-08-23 00:17:02,497] {processor.py:651} INFO - DAG(s) dict_keys(['example_branch_datetime_operator', 'example_branch_datetime_operator_2']) retrieved from /home/airflow/.local/lib/python3.7/site-packages/airflow/example_dags/example_branch_datetime_operator.py
[2022-08-23 00:17:02,599] {logging_mixin.py:115} INFO - [2022-08-23 00:17:02,599] {dag.py:2420} INFO - Sync 2 DAGs
[2022-08-23 00:17:02,676] {logging_mixin.py:115} INFO - [2022-08-23 00:17:02,675] {dag.py:2972} INFO - Setting next_dagrun for example_branch_datetime_operator to 2022-08-22T00:00:00+00:00, run_after=2022-08-23T00:00:00+00:00
[2022-08-23 00:17:02,681] {logging_mixin.py:115} INFO - [2022-08-23 00:17:02,681] {dag.py:2972} INFO - Setting next_dagrun for example_branch_datetime_operator_2 to 2022-08-22T00:00:00+00:00, run_after=2022-08-23T00:00:00+00:00
[2022-08-23 00:17:02,703] {processor.py:161} INFO - Processing /home/airflow/.local/lib/python3.7/site-packages/airflow/example_dags/example_branch_datetime_operator.py took 0.288 seconds
[2022-08-23 00:17:33,154] {processor.py:153} INFO - Started process (PID=99180) to work on /home/airflow/.local/lib/python3.7/site-packages/airflow/example_dags/example_branch_datetime_operator.py
[2022-08-23 00:17:33,157] {processor.py:641} INFO - Processing file /home/airflow/.local/lib/python3.7/site-packages/airflow/example_dags/example_branch_datetime_operator.py for tasks to queue
[2022-08-23 00:17:33,161] {logging_mixin.py:115} INFO - [2022-08-23 00:17:33,160] {dagbag.py:508} INFO - Filling up the DagBag from /home/airflow/.local/lib/python3.7/site-packages/airflow/example_dags/example_branch_datetime_operator.py
[2022-08-23 00:17:33,188] {processor.py:651} INFO - DAG(s) dict_keys(['example_branch_datetime_operator', 'example_branch_datetime_operator_2']) retrieved from /home/airflow/.local/lib/python3.7/site-packages/airflow/example_dags/example_branch_datetime_operator.py
[2022-08-23 00:17:33,240] {logging_mixin.py:115} INFO - [2022-08-23 00:17:33,240] {dag.py:2420} INFO - Sync 2 DAGs
[2022-08-23 00:17:33,287] {logging_mixin.py:115} INFO - [2022-08-23 00:17:33,286] {dag.py:2972} INFO - Setting next_dagrun for example_branch_datetime_operator to 2022-08-22T00:00:00+00:00, run_after=2022-08-23T00:00:00+00:00
[2022-08-23 00:17:33,295] {logging_mixin.py:115} INFO - [2022-08-23 00:17:33,294] {dag.py:2972} INFO - Setting next_dagrun for example_branch_datetime_operator_2 to 2022-08-22T00:00:00+00:00, run_after=2022-08-23T00:00:00+00:00
[2022-08-23 00:17:33,318] {processor.py:161} INFO - Processing /home/airflow/.local/lib/python3.7/site-packages/airflow/example_dags/example_branch_datetime_operator.py took 0.182 seconds
[2022-08-23 00:18:03,939] {processor.py:153} INFO - Started process (PID=99383) to work on /home/airflow/.local/lib/python3.7/site-packages/airflow/example_dags/example_branch_datetime_operator.py
[2022-08-23 00:18:03,943] {processor.py:641} INFO - Processing file /home/airflow/.local/lib/python3.7/site-packages/airflow/example_dags/example_branch_datetime_operator.py for tasks to queue
[2022-08-23 00:18:03,946] {logging_mixin.py:115} INFO - [2022-08-23 00:18:03,945] {dagbag.py:508} INFO - Filling up the DagBag from /home/airflow/.local/lib/python3.7/site-packages/airflow/example_dags/example_branch_datetime_operator.py
[2022-08-23 00:18:03,969] {processor.py:651} INFO - DAG(s) dict_keys(['example_branch_datetime_operator', 'example_branch_datetime_operator_2']) retrieved from /home/airflow/.local/lib/python3.7/site-packages/airflow/example_dags/example_branch_datetime_operator.py
[2022-08-23 00:18:04,055] {logging_mixin.py:115} INFO - [2022-08-23 00:18:04,055] {dag.py:2420} INFO - Sync 2 DAGs
[2022-08-23 00:18:04,095] {logging_mixin.py:115} INFO - [2022-08-23 00:18:04,094] {dag.py:2972} INFO - Setting next_dagrun for example_branch_datetime_operator to 2022-08-22T00:00:00+00:00, run_after=2022-08-23T00:00:00+00:00
[2022-08-23 00:18:04,099] {logging_mixin.py:115} INFO - [2022-08-23 00:18:04,099] {dag.py:2972} INFO - Setting next_dagrun for example_branch_datetime_operator_2 to 2022-08-22T00:00:00+00:00, run_after=2022-08-23T00:00:00+00:00
[2022-08-23 00:18:04,124] {processor.py:161} INFO - Processing /home/airflow/.local/lib/python3.7/site-packages/airflow/example_dags/example_branch_datetime_operator.py took 0.190 seconds
[2022-08-23 00:18:34,451] {processor.py:153} INFO - Started process (PID=99576) to work on /home/airflow/.local/lib/python3.7/site-packages/airflow/example_dags/example_branch_datetime_operator.py
[2022-08-23 00:18:34,453] {processor.py:641} INFO - Processing file /home/airflow/.local/lib/python3.7/site-packages/airflow/example_dags/example_branch_datetime_operator.py for tasks to queue
[2022-08-23 00:18:34,455] {logging_mixin.py:115} INFO - [2022-08-23 00:18:34,455] {dagbag.py:508} INFO - Filling up the DagBag from /home/airflow/.local/lib/python3.7/site-packages/airflow/example_dags/example_branch_datetime_operator.py
[2022-08-23 00:18:34,476] {processor.py:651} INFO - DAG(s) dict_keys(['example_branch_datetime_operator', 'example_branch_datetime_operator_2']) retrieved from /home/airflow/.local/lib/python3.7/site-packages/airflow/example_dags/example_branch_datetime_operator.py
[2022-08-23 00:18:34,526] {logging_mixin.py:115} INFO - [2022-08-23 00:18:34,526] {dag.py:2420} INFO - Sync 2 DAGs
[2022-08-23 00:18:34,564] {logging_mixin.py:115} INFO - [2022-08-23 00:18:34,563] {dag.py:2972} INFO - Setting next_dagrun for example_branch_datetime_operator to 2022-08-22T00:00:00+00:00, run_after=2022-08-23T00:00:00+00:00
[2022-08-23 00:18:34,567] {logging_mixin.py:115} INFO - [2022-08-23 00:18:34,567] {dag.py:2972} INFO - Setting next_dagrun for example_branch_datetime_operator_2 to 2022-08-22T00:00:00+00:00, run_after=2022-08-23T00:00:00+00:00
[2022-08-23 00:18:34,588] {processor.py:161} INFO - Processing /home/airflow/.local/lib/python3.7/site-packages/airflow/example_dags/example_branch_datetime_operator.py took 0.146 seconds
[2022-08-23 00:19:05,143] {processor.py:153} INFO - Started process (PID=99770) to work on /home/airflow/.local/lib/python3.7/site-packages/airflow/example_dags/example_branch_datetime_operator.py
[2022-08-23 00:19:05,150] {processor.py:641} INFO - Processing file /home/airflow/.local/lib/python3.7/site-packages/airflow/example_dags/example_branch_datetime_operator.py for tasks to queue
[2022-08-23 00:19:05,159] {logging_mixin.py:115} INFO - [2022-08-23 00:19:05,159] {dagbag.py:508} INFO - Filling up the DagBag from /home/airflow/.local/lib/python3.7/site-packages/airflow/example_dags/example_branch_datetime_operator.py
[2022-08-23 00:19:05,188] {processor.py:651} INFO - DAG(s) dict_keys(['example_branch_datetime_operator', 'example_branch_datetime_operator_2']) retrieved from /home/airflow/.local/lib/python3.7/site-packages/airflow/example_dags/example_branch_datetime_operator.py
[2022-08-23 00:19:05,248] {logging_mixin.py:115} INFO - [2022-08-23 00:19:05,248] {dag.py:2420} INFO - Sync 2 DAGs
[2022-08-23 00:19:05,304] {logging_mixin.py:115} INFO - [2022-08-23 00:19:05,304] {dag.py:2972} INFO - Setting next_dagrun for example_branch_datetime_operator to 2022-08-22T00:00:00+00:00, run_after=2022-08-23T00:00:00+00:00
[2022-08-23 00:19:05,313] {logging_mixin.py:115} INFO - [2022-08-23 00:19:05,312] {dag.py:2972} INFO - Setting next_dagrun for example_branch_datetime_operator_2 to 2022-08-22T00:00:00+00:00, run_after=2022-08-23T00:00:00+00:00
[2022-08-23 00:19:05,338] {processor.py:161} INFO - Processing /home/airflow/.local/lib/python3.7/site-packages/airflow/example_dags/example_branch_datetime_operator.py took 0.205 seconds
[2022-08-23 00:19:35,755] {processor.py:153} INFO - Started process (PID=99974) to work on /home/airflow/.local/lib/python3.7/site-packages/airflow/example_dags/example_branch_datetime_operator.py
[2022-08-23 00:19:35,757] {processor.py:641} INFO - Processing file /home/airflow/.local/lib/python3.7/site-packages/airflow/example_dags/example_branch_datetime_operator.py for tasks to queue
[2022-08-23 00:19:35,773] {logging_mixin.py:115} INFO - [2022-08-23 00:19:35,773] {dagbag.py:508} INFO - Filling up the DagBag from /home/airflow/.local/lib/python3.7/site-packages/airflow/example_dags/example_branch_datetime_operator.py
[2022-08-23 00:19:35,805] {processor.py:651} INFO - DAG(s) dict_keys(['example_branch_datetime_operator', 'example_branch_datetime_operator_2']) retrieved from /home/airflow/.local/lib/python3.7/site-packages/airflow/example_dags/example_branch_datetime_operator.py
[2022-08-23 00:19:35,875] {logging_mixin.py:115} INFO - [2022-08-23 00:19:35,874] {dag.py:2420} INFO - Sync 2 DAGs
[2022-08-23 00:19:35,938] {logging_mixin.py:115} INFO - [2022-08-23 00:19:35,938] {dag.py:2972} INFO - Setting next_dagrun for example_branch_datetime_operator to 2022-08-22T00:00:00+00:00, run_after=2022-08-23T00:00:00+00:00
[2022-08-23 00:19:35,959] {logging_mixin.py:115} INFO - [2022-08-23 00:19:35,958] {dag.py:2972} INFO - Setting next_dagrun for example_branch_datetime_operator_2 to 2022-08-22T00:00:00+00:00, run_after=2022-08-23T00:00:00+00:00
[2022-08-23 00:19:35,994] {processor.py:161} INFO - Processing /home/airflow/.local/lib/python3.7/site-packages/airflow/example_dags/example_branch_datetime_operator.py took 0.256 seconds
[2022-08-23 00:20:06,443] {processor.py:153} INFO - Started process (PID=464) to work on /home/airflow/.local/lib/python3.7/site-packages/airflow/example_dags/example_branch_datetime_operator.py
[2022-08-23 00:20:06,447] {processor.py:641} INFO - Processing file /home/airflow/.local/lib/python3.7/site-packages/airflow/example_dags/example_branch_datetime_operator.py for tasks to queue
[2022-08-23 00:20:06,450] {logging_mixin.py:115} INFO - [2022-08-23 00:20:06,449] {dagbag.py:508} INFO - Filling up the DagBag from /home/airflow/.local/lib/python3.7/site-packages/airflow/example_dags/example_branch_datetime_operator.py
[2022-08-23 00:20:06,494] {processor.py:651} INFO - DAG(s) dict_keys(['example_branch_datetime_operator', 'example_branch_datetime_operator_2']) retrieved from /home/airflow/.local/lib/python3.7/site-packages/airflow/example_dags/example_branch_datetime_operator.py
[2022-08-23 00:20:06,601] {logging_mixin.py:115} INFO - [2022-08-23 00:20:06,600] {dag.py:2420} INFO - Sync 2 DAGs
[2022-08-23 00:20:06,685] {logging_mixin.py:115} INFO - [2022-08-23 00:20:06,685] {dag.py:2972} INFO - Setting next_dagrun for example_branch_datetime_operator to 2022-08-22T00:00:00+00:00, run_after=2022-08-23T00:00:00+00:00
[2022-08-23 00:20:06,698] {logging_mixin.py:115} INFO - [2022-08-23 00:20:06,698] {dag.py:2972} INFO - Setting next_dagrun for example_branch_datetime_operator_2 to 2022-08-22T00:00:00+00:00, run_after=2022-08-23T00:00:00+00:00
[2022-08-23 00:20:06,725] {processor.py:161} INFO - Processing /home/airflow/.local/lib/python3.7/site-packages/airflow/example_dags/example_branch_datetime_operator.py took 0.291 seconds
[2022-08-23 00:20:37,439] {processor.py:153} INFO - Started process (PID=668) to work on /home/airflow/.local/lib/python3.7/site-packages/airflow/example_dags/example_branch_datetime_operator.py
[2022-08-23 00:20:37,442] {processor.py:641} INFO - Processing file /home/airflow/.local/lib/python3.7/site-packages/airflow/example_dags/example_branch_datetime_operator.py for tasks to queue
[2022-08-23 00:20:37,444] {logging_mixin.py:115} INFO - [2022-08-23 00:20:37,444] {dagbag.py:508} INFO - Filling up the DagBag from /home/airflow/.local/lib/python3.7/site-packages/airflow/example_dags/example_branch_datetime_operator.py
[2022-08-23 00:20:37,464] {processor.py:651} INFO - DAG(s) dict_keys(['example_branch_datetime_operator', 'example_branch_datetime_operator_2']) retrieved from /home/airflow/.local/lib/python3.7/site-packages/airflow/example_dags/example_branch_datetime_operator.py
[2022-08-23 00:20:37,514] {logging_mixin.py:115} INFO - [2022-08-23 00:20:37,514] {dag.py:2420} INFO - Sync 2 DAGs
[2022-08-23 00:20:37,553] {logging_mixin.py:115} INFO - [2022-08-23 00:20:37,553] {dag.py:2972} INFO - Setting next_dagrun for example_branch_datetime_operator to 2022-08-22T00:00:00+00:00, run_after=2022-08-23T00:00:00+00:00
[2022-08-23 00:20:37,558] {logging_mixin.py:115} INFO - [2022-08-23 00:20:37,558] {dag.py:2972} INFO - Setting next_dagrun for example_branch_datetime_operator_2 to 2022-08-22T00:00:00+00:00, run_after=2022-08-23T00:00:00+00:00
[2022-08-23 00:20:37,584] {processor.py:161} INFO - Processing /home/airflow/.local/lib/python3.7/site-packages/airflow/example_dags/example_branch_datetime_operator.py took 0.152 seconds
[2022-08-23 00:21:08,142] {processor.py:153} INFO - Started process (PID=862) to work on /home/airflow/.local/lib/python3.7/site-packages/airflow/example_dags/example_branch_datetime_operator.py
[2022-08-23 00:21:08,145] {processor.py:641} INFO - Processing file /home/airflow/.local/lib/python3.7/site-packages/airflow/example_dags/example_branch_datetime_operator.py for tasks to queue
[2022-08-23 00:21:08,148] {logging_mixin.py:115} INFO - [2022-08-23 00:21:08,147] {dagbag.py:508} INFO - Filling up the DagBag from /home/airflow/.local/lib/python3.7/site-packages/airflow/example_dags/example_branch_datetime_operator.py
[2022-08-23 00:21:08,215] {processor.py:651} INFO - DAG(s) dict_keys(['example_branch_datetime_operator', 'example_branch_datetime_operator_2']) retrieved from /home/airflow/.local/lib/python3.7/site-packages/airflow/example_dags/example_branch_datetime_operator.py
[2022-08-23 00:21:08,323] {logging_mixin.py:115} INFO - [2022-08-23 00:21:08,323] {dag.py:2420} INFO - Sync 2 DAGs
[2022-08-23 00:21:08,428] {logging_mixin.py:115} INFO - [2022-08-23 00:21:08,428] {dag.py:2972} INFO - Setting next_dagrun for example_branch_datetime_operator to 2022-08-22T00:00:00+00:00, run_after=2022-08-23T00:00:00+00:00
[2022-08-23 00:21:08,442] {logging_mixin.py:115} INFO - [2022-08-23 00:21:08,442] {dag.py:2972} INFO - Setting next_dagrun for example_branch_datetime_operator_2 to 2022-08-22T00:00:00+00:00, run_after=2022-08-23T00:00:00+00:00
[2022-08-23 00:21:08,478] {processor.py:161} INFO - Processing /home/airflow/.local/lib/python3.7/site-packages/airflow/example_dags/example_branch_datetime_operator.py took 0.345 seconds
