[2022-08-23 00:00:18,333] {processor.py:153} INFO - Started process (PID=92700) to work on /home/airflow/.local/lib/python3.7/site-packages/airflow/example_dags/example_kubernetes_executor.py
[2022-08-23 00:00:18,347] {processor.py:641} INFO - Processing file /home/airflow/.local/lib/python3.7/site-packages/airflow/example_dags/example_kubernetes_executor.py for tasks to queue
[2022-08-23 00:00:18,352] {logging_mixin.py:115} INFO - [2022-08-23 00:00:18,352] {dagbag.py:508} INFO - Filling up the DagBag from /home/airflow/.local/lib/python3.7/site-packages/airflow/example_dags/example_kubernetes_executor.py
[2022-08-23 00:00:18,556] {processor.py:651} INFO - DAG(s) dict_keys(['example_kubernetes_executor']) retrieved from /home/airflow/.local/lib/python3.7/site-packages/airflow/example_dags/example_kubernetes_executor.py
[2022-08-23 00:00:18,643] {logging_mixin.py:115} INFO - [2022-08-23 00:00:18,643] {dag.py:2420} INFO - Sync 1 DAGs
[2022-08-23 00:00:19,170] {logging_mixin.py:115} INFO - [2022-08-23 00:00:19,170] {dag.py:2972} INFO - Setting next_dagrun for example_kubernetes_executor to None, run_after=None
[2022-08-23 00:00:19,220] {processor.py:161} INFO - Processing /home/airflow/.local/lib/python3.7/site-packages/airflow/example_dags/example_kubernetes_executor.py took 0.920 seconds
[2022-08-23 00:00:50,023] {processor.py:153} INFO - Started process (PID=92896) to work on /home/airflow/.local/lib/python3.7/site-packages/airflow/example_dags/example_kubernetes_executor.py
[2022-08-23 00:00:50,034] {processor.py:641} INFO - Processing file /home/airflow/.local/lib/python3.7/site-packages/airflow/example_dags/example_kubernetes_executor.py for tasks to queue
[2022-08-23 00:00:50,056] {logging_mixin.py:115} INFO - [2022-08-23 00:00:50,048] {dagbag.py:508} INFO - Filling up the DagBag from /home/airflow/.local/lib/python3.7/site-packages/airflow/example_dags/example_kubernetes_executor.py
[2022-08-23 00:00:50,251] {processor.py:651} INFO - DAG(s) dict_keys(['example_kubernetes_executor']) retrieved from /home/airflow/.local/lib/python3.7/site-packages/airflow/example_dags/example_kubernetes_executor.py
[2022-08-23 00:00:50,382] {logging_mixin.py:115} INFO - [2022-08-23 00:00:50,381] {dag.py:2420} INFO - Sync 1 DAGs
[2022-08-23 00:00:50,713] {logging_mixin.py:115} INFO - [2022-08-23 00:00:50,712] {dag.py:2972} INFO - Setting next_dagrun for example_kubernetes_executor to None, run_after=None
[2022-08-23 00:00:50,778] {processor.py:161} INFO - Processing /home/airflow/.local/lib/python3.7/site-packages/airflow/example_dags/example_kubernetes_executor.py took 0.765 seconds
[2022-08-23 00:01:21,389] {processor.py:153} INFO - Started process (PID=93098) to work on /home/airflow/.local/lib/python3.7/site-packages/airflow/example_dags/example_kubernetes_executor.py
[2022-08-23 00:01:21,390] {processor.py:641} INFO - Processing file /home/airflow/.local/lib/python3.7/site-packages/airflow/example_dags/example_kubernetes_executor.py for tasks to queue
[2022-08-23 00:01:21,394] {logging_mixin.py:115} INFO - [2022-08-23 00:01:21,394] {dagbag.py:508} INFO - Filling up the DagBag from /home/airflow/.local/lib/python3.7/site-packages/airflow/example_dags/example_kubernetes_executor.py
[2022-08-23 00:01:21,467] {processor.py:651} INFO - DAG(s) dict_keys(['example_kubernetes_executor']) retrieved from /home/airflow/.local/lib/python3.7/site-packages/airflow/example_dags/example_kubernetes_executor.py
[2022-08-23 00:01:21,569] {logging_mixin.py:115} INFO - [2022-08-23 00:01:21,569] {dag.py:2420} INFO - Sync 1 DAGs
[2022-08-23 00:01:21,893] {logging_mixin.py:115} INFO - [2022-08-23 00:01:21,893] {dag.py:2972} INFO - Setting next_dagrun for example_kubernetes_executor to None, run_after=None
[2022-08-23 00:01:21,934] {processor.py:161} INFO - Processing /home/airflow/.local/lib/python3.7/site-packages/airflow/example_dags/example_kubernetes_executor.py took 0.557 seconds
[2022-08-23 00:01:52,068] {processor.py:153} INFO - Started process (PID=93293) to work on /home/airflow/.local/lib/python3.7/site-packages/airflow/example_dags/example_kubernetes_executor.py
[2022-08-23 00:01:52,071] {processor.py:641} INFO - Processing file /home/airflow/.local/lib/python3.7/site-packages/airflow/example_dags/example_kubernetes_executor.py for tasks to queue
[2022-08-23 00:01:52,074] {logging_mixin.py:115} INFO - [2022-08-23 00:01:52,074] {dagbag.py:508} INFO - Filling up the DagBag from /home/airflow/.local/lib/python3.7/site-packages/airflow/example_dags/example_kubernetes_executor.py
[2022-08-23 00:01:52,124] {processor.py:651} INFO - DAG(s) dict_keys(['example_kubernetes_executor']) retrieved from /home/airflow/.local/lib/python3.7/site-packages/airflow/example_dags/example_kubernetes_executor.py
[2022-08-23 00:01:52,176] {logging_mixin.py:115} INFO - [2022-08-23 00:01:52,176] {dag.py:2420} INFO - Sync 1 DAGs
[2022-08-23 00:01:52,411] {logging_mixin.py:115} INFO - [2022-08-23 00:01:52,411] {dag.py:2972} INFO - Setting next_dagrun for example_kubernetes_executor to None, run_after=None
[2022-08-23 00:01:52,450] {processor.py:161} INFO - Processing /home/airflow/.local/lib/python3.7/site-packages/airflow/example_dags/example_kubernetes_executor.py took 0.390 seconds
[2022-08-23 00:02:22,617] {processor.py:153} INFO - Started process (PID=93485) to work on /home/airflow/.local/lib/python3.7/site-packages/airflow/example_dags/example_kubernetes_executor.py
[2022-08-23 00:02:22,619] {processor.py:641} INFO - Processing file /home/airflow/.local/lib/python3.7/site-packages/airflow/example_dags/example_kubernetes_executor.py for tasks to queue
[2022-08-23 00:02:22,621] {logging_mixin.py:115} INFO - [2022-08-23 00:02:22,621] {dagbag.py:508} INFO - Filling up the DagBag from /home/airflow/.local/lib/python3.7/site-packages/airflow/example_dags/example_kubernetes_executor.py
[2022-08-23 00:02:22,679] {processor.py:651} INFO - DAG(s) dict_keys(['example_kubernetes_executor']) retrieved from /home/airflow/.local/lib/python3.7/site-packages/airflow/example_dags/example_kubernetes_executor.py
[2022-08-23 00:02:22,735] {logging_mixin.py:115} INFO - [2022-08-23 00:02:22,735] {dag.py:2420} INFO - Sync 1 DAGs
[2022-08-23 00:02:22,988] {logging_mixin.py:115} INFO - [2022-08-23 00:02:22,988] {dag.py:2972} INFO - Setting next_dagrun for example_kubernetes_executor to None, run_after=None
[2022-08-23 00:02:23,017] {processor.py:161} INFO - Processing /home/airflow/.local/lib/python3.7/site-packages/airflow/example_dags/example_kubernetes_executor.py took 0.407 seconds
[2022-08-23 00:02:53,411] {processor.py:153} INFO - Started process (PID=93678) to work on /home/airflow/.local/lib/python3.7/site-packages/airflow/example_dags/example_kubernetes_executor.py
[2022-08-23 00:02:53,414] {processor.py:641} INFO - Processing file /home/airflow/.local/lib/python3.7/site-packages/airflow/example_dags/example_kubernetes_executor.py for tasks to queue
[2022-08-23 00:02:53,420] {logging_mixin.py:115} INFO - [2022-08-23 00:02:53,420] {dagbag.py:508} INFO - Filling up the DagBag from /home/airflow/.local/lib/python3.7/site-packages/airflow/example_dags/example_kubernetes_executor.py
[2022-08-23 00:02:53,487] {processor.py:651} INFO - DAG(s) dict_keys(['example_kubernetes_executor']) retrieved from /home/airflow/.local/lib/python3.7/site-packages/airflow/example_dags/example_kubernetes_executor.py
[2022-08-23 00:02:53,546] {logging_mixin.py:115} INFO - [2022-08-23 00:02:53,546] {dag.py:2420} INFO - Sync 1 DAGs
[2022-08-23 00:02:53,805] {logging_mixin.py:115} INFO - [2022-08-23 00:02:53,805] {dag.py:2972} INFO - Setting next_dagrun for example_kubernetes_executor to None, run_after=None
[2022-08-23 00:02:53,833] {processor.py:161} INFO - Processing /home/airflow/.local/lib/python3.7/site-packages/airflow/example_dags/example_kubernetes_executor.py took 0.434 seconds
[2022-08-23 00:03:24,677] {processor.py:153} INFO - Started process (PID=93872) to work on /home/airflow/.local/lib/python3.7/site-packages/airflow/example_dags/example_kubernetes_executor.py
[2022-08-23 00:03:24,680] {processor.py:641} INFO - Processing file /home/airflow/.local/lib/python3.7/site-packages/airflow/example_dags/example_kubernetes_executor.py for tasks to queue
[2022-08-23 00:03:24,687] {logging_mixin.py:115} INFO - [2022-08-23 00:03:24,687] {dagbag.py:508} INFO - Filling up the DagBag from /home/airflow/.local/lib/python3.7/site-packages/airflow/example_dags/example_kubernetes_executor.py
[2022-08-23 00:03:24,743] {processor.py:651} INFO - DAG(s) dict_keys(['example_kubernetes_executor']) retrieved from /home/airflow/.local/lib/python3.7/site-packages/airflow/example_dags/example_kubernetes_executor.py
[2022-08-23 00:03:24,806] {logging_mixin.py:115} INFO - [2022-08-23 00:03:24,806] {dag.py:2420} INFO - Sync 1 DAGs
[2022-08-23 00:03:25,281] {logging_mixin.py:115} INFO - [2022-08-23 00:03:25,281] {dag.py:2972} INFO - Setting next_dagrun for example_kubernetes_executor to None, run_after=None
[2022-08-23 00:03:25,451] {processor.py:161} INFO - Processing /home/airflow/.local/lib/python3.7/site-packages/airflow/example_dags/example_kubernetes_executor.py took 0.789 seconds
[2022-08-23 00:03:56,697] {processor.py:153} INFO - Started process (PID=94069) to work on /home/airflow/.local/lib/python3.7/site-packages/airflow/example_dags/example_kubernetes_executor.py
[2022-08-23 00:03:56,701] {processor.py:641} INFO - Processing file /home/airflow/.local/lib/python3.7/site-packages/airflow/example_dags/example_kubernetes_executor.py for tasks to queue
[2022-08-23 00:03:56,705] {logging_mixin.py:115} INFO - [2022-08-23 00:03:56,705] {dagbag.py:508} INFO - Filling up the DagBag from /home/airflow/.local/lib/python3.7/site-packages/airflow/example_dags/example_kubernetes_executor.py
[2022-08-23 00:03:56,777] {processor.py:651} INFO - DAG(s) dict_keys(['example_kubernetes_executor']) retrieved from /home/airflow/.local/lib/python3.7/site-packages/airflow/example_dags/example_kubernetes_executor.py
[2022-08-23 00:03:56,843] {logging_mixin.py:115} INFO - [2022-08-23 00:03:56,842] {dag.py:2420} INFO - Sync 1 DAGs
[2022-08-23 00:03:57,221] {logging_mixin.py:115} INFO - [2022-08-23 00:03:57,221] {dag.py:2972} INFO - Setting next_dagrun for example_kubernetes_executor to None, run_after=None
[2022-08-23 00:03:57,267] {processor.py:161} INFO - Processing /home/airflow/.local/lib/python3.7/site-packages/airflow/example_dags/example_kubernetes_executor.py took 0.584 seconds
[2022-08-23 00:04:27,992] {processor.py:153} INFO - Started process (PID=94277) to work on /home/airflow/.local/lib/python3.7/site-packages/airflow/example_dags/example_kubernetes_executor.py
[2022-08-23 00:04:27,994] {processor.py:641} INFO - Processing file /home/airflow/.local/lib/python3.7/site-packages/airflow/example_dags/example_kubernetes_executor.py for tasks to queue
[2022-08-23 00:04:27,995] {logging_mixin.py:115} INFO - [2022-08-23 00:04:27,995] {dagbag.py:508} INFO - Filling up the DagBag from /home/airflow/.local/lib/python3.7/site-packages/airflow/example_dags/example_kubernetes_executor.py
[2022-08-23 00:04:28,047] {processor.py:651} INFO - DAG(s) dict_keys(['example_kubernetes_executor']) retrieved from /home/airflow/.local/lib/python3.7/site-packages/airflow/example_dags/example_kubernetes_executor.py
[2022-08-23 00:04:28,112] {logging_mixin.py:115} INFO - [2022-08-23 00:04:28,111] {dag.py:2420} INFO - Sync 1 DAGs
[2022-08-23 00:04:28,358] {logging_mixin.py:115} INFO - [2022-08-23 00:04:28,358] {dag.py:2972} INFO - Setting next_dagrun for example_kubernetes_executor to None, run_after=None
[2022-08-23 00:04:28,384] {processor.py:161} INFO - Processing /home/airflow/.local/lib/python3.7/site-packages/airflow/example_dags/example_kubernetes_executor.py took 0.399 seconds
[2022-08-23 00:04:58,945] {processor.py:153} INFO - Started process (PID=94471) to work on /home/airflow/.local/lib/python3.7/site-packages/airflow/example_dags/example_kubernetes_executor.py
[2022-08-23 00:04:58,950] {processor.py:641} INFO - Processing file /home/airflow/.local/lib/python3.7/site-packages/airflow/example_dags/example_kubernetes_executor.py for tasks to queue
[2022-08-23 00:04:58,954] {logging_mixin.py:115} INFO - [2022-08-23 00:04:58,954] {dagbag.py:508} INFO - Filling up the DagBag from /home/airflow/.local/lib/python3.7/site-packages/airflow/example_dags/example_kubernetes_executor.py
[2022-08-23 00:04:59,021] {processor.py:651} INFO - DAG(s) dict_keys(['example_kubernetes_executor']) retrieved from /home/airflow/.local/lib/python3.7/site-packages/airflow/example_dags/example_kubernetes_executor.py
[2022-08-23 00:04:59,081] {logging_mixin.py:115} INFO - [2022-08-23 00:04:59,080] {dag.py:2420} INFO - Sync 1 DAGs
[2022-08-23 00:04:59,501] {logging_mixin.py:115} INFO - [2022-08-23 00:04:59,501] {dag.py:2972} INFO - Setting next_dagrun for example_kubernetes_executor to None, run_after=None
[2022-08-23 00:04:59,582] {processor.py:161} INFO - Processing /home/airflow/.local/lib/python3.7/site-packages/airflow/example_dags/example_kubernetes_executor.py took 0.675 seconds
[2022-08-23 00:05:30,153] {processor.py:153} INFO - Started process (PID=94666) to work on /home/airflow/.local/lib/python3.7/site-packages/airflow/example_dags/example_kubernetes_executor.py
[2022-08-23 00:05:30,156] {processor.py:641} INFO - Processing file /home/airflow/.local/lib/python3.7/site-packages/airflow/example_dags/example_kubernetes_executor.py for tasks to queue
[2022-08-23 00:05:30,159] {logging_mixin.py:115} INFO - [2022-08-23 00:05:30,159] {dagbag.py:508} INFO - Filling up the DagBag from /home/airflow/.local/lib/python3.7/site-packages/airflow/example_dags/example_kubernetes_executor.py
[2022-08-23 00:05:30,259] {processor.py:651} INFO - DAG(s) dict_keys(['example_kubernetes_executor']) retrieved from /home/airflow/.local/lib/python3.7/site-packages/airflow/example_dags/example_kubernetes_executor.py
[2022-08-23 00:05:30,348] {logging_mixin.py:115} INFO - [2022-08-23 00:05:30,348] {dag.py:2420} INFO - Sync 1 DAGs
[2022-08-23 00:05:30,717] {logging_mixin.py:115} INFO - [2022-08-23 00:05:30,717] {dag.py:2972} INFO - Setting next_dagrun for example_kubernetes_executor to None, run_after=None
[2022-08-23 00:05:30,751] {processor.py:161} INFO - Processing /home/airflow/.local/lib/python3.7/site-packages/airflow/example_dags/example_kubernetes_executor.py took 0.611 seconds
[2022-08-23 00:06:01,763] {processor.py:153} INFO - Started process (PID=94865) to work on /home/airflow/.local/lib/python3.7/site-packages/airflow/example_dags/example_kubernetes_executor.py
[2022-08-23 00:06:01,766] {processor.py:641} INFO - Processing file /home/airflow/.local/lib/python3.7/site-packages/airflow/example_dags/example_kubernetes_executor.py for tasks to queue
[2022-08-23 00:06:01,771] {logging_mixin.py:115} INFO - [2022-08-23 00:06:01,770] {dagbag.py:508} INFO - Filling up the DagBag from /home/airflow/.local/lib/python3.7/site-packages/airflow/example_dags/example_kubernetes_executor.py
[2022-08-23 00:06:01,898] {processor.py:651} INFO - DAG(s) dict_keys(['example_kubernetes_executor']) retrieved from /home/airflow/.local/lib/python3.7/site-packages/airflow/example_dags/example_kubernetes_executor.py
[2022-08-23 00:06:01,958] {logging_mixin.py:115} INFO - [2022-08-23 00:06:01,958] {dag.py:2420} INFO - Sync 1 DAGs
[2022-08-23 00:06:02,280] {logging_mixin.py:115} INFO - [2022-08-23 00:06:02,280] {dag.py:2972} INFO - Setting next_dagrun for example_kubernetes_executor to None, run_after=None
[2022-08-23 00:06:02,303] {processor.py:161} INFO - Processing /home/airflow/.local/lib/python3.7/site-packages/airflow/example_dags/example_kubernetes_executor.py took 0.550 seconds
[2022-08-23 00:06:32,788] {processor.py:153} INFO - Started process (PID=95061) to work on /home/airflow/.local/lib/python3.7/site-packages/airflow/example_dags/example_kubernetes_executor.py
[2022-08-23 00:06:32,791] {processor.py:641} INFO - Processing file /home/airflow/.local/lib/python3.7/site-packages/airflow/example_dags/example_kubernetes_executor.py for tasks to queue
[2022-08-23 00:06:32,793] {logging_mixin.py:115} INFO - [2022-08-23 00:06:32,793] {dagbag.py:508} INFO - Filling up the DagBag from /home/airflow/.local/lib/python3.7/site-packages/airflow/example_dags/example_kubernetes_executor.py
[2022-08-23 00:06:32,840] {processor.py:651} INFO - DAG(s) dict_keys(['example_kubernetes_executor']) retrieved from /home/airflow/.local/lib/python3.7/site-packages/airflow/example_dags/example_kubernetes_executor.py
[2022-08-23 00:06:32,893] {logging_mixin.py:115} INFO - [2022-08-23 00:06:32,893] {dag.py:2420} INFO - Sync 1 DAGs
[2022-08-23 00:06:33,335] {logging_mixin.py:115} INFO - [2022-08-23 00:06:33,335] {dag.py:2972} INFO - Setting next_dagrun for example_kubernetes_executor to None, run_after=None
[2022-08-23 00:06:33,375] {processor.py:161} INFO - Processing /home/airflow/.local/lib/python3.7/site-packages/airflow/example_dags/example_kubernetes_executor.py took 0.595 seconds
[2022-08-23 00:07:06,441] {processor.py:153} INFO - Started process (PID=95255) to work on /home/airflow/.local/lib/python3.7/site-packages/airflow/example_dags/example_kubernetes_executor.py
[2022-08-23 00:07:06,443] {processor.py:641} INFO - Processing file /home/airflow/.local/lib/python3.7/site-packages/airflow/example_dags/example_kubernetes_executor.py for tasks to queue
[2022-08-23 00:07:06,445] {logging_mixin.py:115} INFO - [2022-08-23 00:07:06,445] {dagbag.py:508} INFO - Filling up the DagBag from /home/airflow/.local/lib/python3.7/site-packages/airflow/example_dags/example_kubernetes_executor.py
[2022-08-23 00:07:06,498] {processor.py:651} INFO - DAG(s) dict_keys(['example_kubernetes_executor']) retrieved from /home/airflow/.local/lib/python3.7/site-packages/airflow/example_dags/example_kubernetes_executor.py
[2022-08-23 00:07:06,594] {logging_mixin.py:115} INFO - [2022-08-23 00:07:06,593] {dag.py:2420} INFO - Sync 1 DAGs
[2022-08-23 00:07:06,855] {logging_mixin.py:115} INFO - [2022-08-23 00:07:06,855] {dag.py:2972} INFO - Setting next_dagrun for example_kubernetes_executor to None, run_after=None
[2022-08-23 00:07:06,882] {processor.py:161} INFO - Processing /home/airflow/.local/lib/python3.7/site-packages/airflow/example_dags/example_kubernetes_executor.py took 0.448 seconds
[2022-08-23 00:07:38,069] {processor.py:153} INFO - Started process (PID=95458) to work on /home/airflow/.local/lib/python3.7/site-packages/airflow/example_dags/example_kubernetes_executor.py
[2022-08-23 00:07:38,081] {processor.py:641} INFO - Processing file /home/airflow/.local/lib/python3.7/site-packages/airflow/example_dags/example_kubernetes_executor.py for tasks to queue
[2022-08-23 00:07:38,091] {logging_mixin.py:115} INFO - [2022-08-23 00:07:38,091] {dagbag.py:508} INFO - Filling up the DagBag from /home/airflow/.local/lib/python3.7/site-packages/airflow/example_dags/example_kubernetes_executor.py
[2022-08-23 00:07:38,207] {processor.py:651} INFO - DAG(s) dict_keys(['example_kubernetes_executor']) retrieved from /home/airflow/.local/lib/python3.7/site-packages/airflow/example_dags/example_kubernetes_executor.py
[2022-08-23 00:07:38,357] {logging_mixin.py:115} INFO - [2022-08-23 00:07:38,357] {dag.py:2420} INFO - Sync 1 DAGs
[2022-08-23 00:07:38,942] {logging_mixin.py:115} INFO - [2022-08-23 00:07:38,942] {dag.py:2972} INFO - Setting next_dagrun for example_kubernetes_executor to None, run_after=None
[2022-08-23 00:07:39,013] {processor.py:161} INFO - Processing /home/airflow/.local/lib/python3.7/site-packages/airflow/example_dags/example_kubernetes_executor.py took 0.965 seconds
[2022-08-23 00:08:09,266] {processor.py:153} INFO - Started process (PID=95651) to work on /home/airflow/.local/lib/python3.7/site-packages/airflow/example_dags/example_kubernetes_executor.py
[2022-08-23 00:08:09,271] {processor.py:641} INFO - Processing file /home/airflow/.local/lib/python3.7/site-packages/airflow/example_dags/example_kubernetes_executor.py for tasks to queue
[2022-08-23 00:08:09,274] {logging_mixin.py:115} INFO - [2022-08-23 00:08:09,273] {dagbag.py:508} INFO - Filling up the DagBag from /home/airflow/.local/lib/python3.7/site-packages/airflow/example_dags/example_kubernetes_executor.py
[2022-08-23 00:08:09,445] {processor.py:651} INFO - DAG(s) dict_keys(['example_kubernetes_executor']) retrieved from /home/airflow/.local/lib/python3.7/site-packages/airflow/example_dags/example_kubernetes_executor.py
[2022-08-23 00:08:09,574] {logging_mixin.py:115} INFO - [2022-08-23 00:08:09,569] {dag.py:2420} INFO - Sync 1 DAGs
[2022-08-23 00:08:09,960] {logging_mixin.py:115} INFO - [2022-08-23 00:08:09,960] {dag.py:2972} INFO - Setting next_dagrun for example_kubernetes_executor to None, run_after=None
[2022-08-23 00:08:10,143] {processor.py:161} INFO - Processing /home/airflow/.local/lib/python3.7/site-packages/airflow/example_dags/example_kubernetes_executor.py took 0.888 seconds
[2022-08-23 00:08:40,344] {processor.py:153} INFO - Started process (PID=95841) to work on /home/airflow/.local/lib/python3.7/site-packages/airflow/example_dags/example_kubernetes_executor.py
[2022-08-23 00:08:40,347] {processor.py:641} INFO - Processing file /home/airflow/.local/lib/python3.7/site-packages/airflow/example_dags/example_kubernetes_executor.py for tasks to queue
[2022-08-23 00:08:40,350] {logging_mixin.py:115} INFO - [2022-08-23 00:08:40,350] {dagbag.py:508} INFO - Filling up the DagBag from /home/airflow/.local/lib/python3.7/site-packages/airflow/example_dags/example_kubernetes_executor.py
[2022-08-23 00:08:40,393] {processor.py:651} INFO - DAG(s) dict_keys(['example_kubernetes_executor']) retrieved from /home/airflow/.local/lib/python3.7/site-packages/airflow/example_dags/example_kubernetes_executor.py
[2022-08-23 00:08:40,443] {logging_mixin.py:115} INFO - [2022-08-23 00:08:40,443] {dag.py:2420} INFO - Sync 1 DAGs
[2022-08-23 00:08:40,671] {logging_mixin.py:115} INFO - [2022-08-23 00:08:40,671] {dag.py:2972} INFO - Setting next_dagrun for example_kubernetes_executor to None, run_after=None
[2022-08-23 00:08:40,698] {processor.py:161} INFO - Processing /home/airflow/.local/lib/python3.7/site-packages/airflow/example_dags/example_kubernetes_executor.py took 0.366 seconds
[2022-08-23 00:09:11,060] {processor.py:153} INFO - Started process (PID=96034) to work on /home/airflow/.local/lib/python3.7/site-packages/airflow/example_dags/example_kubernetes_executor.py
[2022-08-23 00:09:11,062] {processor.py:641} INFO - Processing file /home/airflow/.local/lib/python3.7/site-packages/airflow/example_dags/example_kubernetes_executor.py for tasks to queue
[2022-08-23 00:09:11,064] {logging_mixin.py:115} INFO - [2022-08-23 00:09:11,064] {dagbag.py:508} INFO - Filling up the DagBag from /home/airflow/.local/lib/python3.7/site-packages/airflow/example_dags/example_kubernetes_executor.py
[2022-08-23 00:09:11,104] {processor.py:651} INFO - DAG(s) dict_keys(['example_kubernetes_executor']) retrieved from /home/airflow/.local/lib/python3.7/site-packages/airflow/example_dags/example_kubernetes_executor.py
[2022-08-23 00:09:11,151] {logging_mixin.py:115} INFO - [2022-08-23 00:09:11,151] {dag.py:2420} INFO - Sync 1 DAGs
[2022-08-23 00:09:11,382] {logging_mixin.py:115} INFO - [2022-08-23 00:09:11,382] {dag.py:2972} INFO - Setting next_dagrun for example_kubernetes_executor to None, run_after=None
[2022-08-23 00:09:11,407] {processor.py:161} INFO - Processing /home/airflow/.local/lib/python3.7/site-packages/airflow/example_dags/example_kubernetes_executor.py took 0.353 seconds
[2022-08-23 00:09:41,540] {processor.py:153} INFO - Started process (PID=96226) to work on /home/airflow/.local/lib/python3.7/site-packages/airflow/example_dags/example_kubernetes_executor.py
[2022-08-23 00:09:41,547] {processor.py:641} INFO - Processing file /home/airflow/.local/lib/python3.7/site-packages/airflow/example_dags/example_kubernetes_executor.py for tasks to queue
[2022-08-23 00:09:41,555] {logging_mixin.py:115} INFO - [2022-08-23 00:09:41,555] {dagbag.py:508} INFO - Filling up the DagBag from /home/airflow/.local/lib/python3.7/site-packages/airflow/example_dags/example_kubernetes_executor.py
[2022-08-23 00:09:41,715] {processor.py:651} INFO - DAG(s) dict_keys(['example_kubernetes_executor']) retrieved from /home/airflow/.local/lib/python3.7/site-packages/airflow/example_dags/example_kubernetes_executor.py
[2022-08-23 00:09:41,833] {logging_mixin.py:115} INFO - [2022-08-23 00:09:41,833] {dag.py:2420} INFO - Sync 1 DAGs
[2022-08-23 00:09:42,398] {logging_mixin.py:115} INFO - [2022-08-23 00:09:42,396] {dag.py:2972} INFO - Setting next_dagrun for example_kubernetes_executor to None, run_after=None
[2022-08-23 00:09:42,484] {processor.py:161} INFO - Processing /home/airflow/.local/lib/python3.7/site-packages/airflow/example_dags/example_kubernetes_executor.py took 0.961 seconds
[2022-08-23 00:10:12,725] {processor.py:153} INFO - Started process (PID=96420) to work on /home/airflow/.local/lib/python3.7/site-packages/airflow/example_dags/example_kubernetes_executor.py
[2022-08-23 00:10:12,731] {processor.py:641} INFO - Processing file /home/airflow/.local/lib/python3.7/site-packages/airflow/example_dags/example_kubernetes_executor.py for tasks to queue
[2022-08-23 00:10:12,734] {logging_mixin.py:115} INFO - [2022-08-23 00:10:12,734] {dagbag.py:508} INFO - Filling up the DagBag from /home/airflow/.local/lib/python3.7/site-packages/airflow/example_dags/example_kubernetes_executor.py
[2022-08-23 00:10:12,865] {processor.py:651} INFO - DAG(s) dict_keys(['example_kubernetes_executor']) retrieved from /home/airflow/.local/lib/python3.7/site-packages/airflow/example_dags/example_kubernetes_executor.py
[2022-08-23 00:10:13,426] {logging_mixin.py:115} INFO - [2022-08-23 00:10:13,425] {dag.py:2420} INFO - Sync 1 DAGs
[2022-08-23 00:10:14,592] {logging_mixin.py:115} INFO - [2022-08-23 00:10:14,591] {dag.py:2972} INFO - Setting next_dagrun for example_kubernetes_executor to None, run_after=None
[2022-08-23 00:10:14,639] {processor.py:161} INFO - Processing /home/airflow/.local/lib/python3.7/site-packages/airflow/example_dags/example_kubernetes_executor.py took 1.925 seconds
[2022-08-23 00:10:44,973] {processor.py:153} INFO - Started process (PID=96621) to work on /home/airflow/.local/lib/python3.7/site-packages/airflow/example_dags/example_kubernetes_executor.py
[2022-08-23 00:10:44,978] {processor.py:641} INFO - Processing file /home/airflow/.local/lib/python3.7/site-packages/airflow/example_dags/example_kubernetes_executor.py for tasks to queue
[2022-08-23 00:10:44,982] {logging_mixin.py:115} INFO - [2022-08-23 00:10:44,982] {dagbag.py:508} INFO - Filling up the DagBag from /home/airflow/.local/lib/python3.7/site-packages/airflow/example_dags/example_kubernetes_executor.py
[2022-08-23 00:10:45,137] {processor.py:651} INFO - DAG(s) dict_keys(['example_kubernetes_executor']) retrieved from /home/airflow/.local/lib/python3.7/site-packages/airflow/example_dags/example_kubernetes_executor.py
[2022-08-23 00:10:45,229] {logging_mixin.py:115} INFO - [2022-08-23 00:10:45,229] {dag.py:2420} INFO - Sync 1 DAGs
[2022-08-23 00:10:45,685] {logging_mixin.py:115} INFO - [2022-08-23 00:10:45,685] {dag.py:2972} INFO - Setting next_dagrun for example_kubernetes_executor to None, run_after=None
[2022-08-23 00:10:45,754] {processor.py:161} INFO - Processing /home/airflow/.local/lib/python3.7/site-packages/airflow/example_dags/example_kubernetes_executor.py took 0.792 seconds
[2022-08-23 00:11:16,001] {processor.py:153} INFO - Started process (PID=96817) to work on /home/airflow/.local/lib/python3.7/site-packages/airflow/example_dags/example_kubernetes_executor.py
[2022-08-23 00:11:16,003] {processor.py:641} INFO - Processing file /home/airflow/.local/lib/python3.7/site-packages/airflow/example_dags/example_kubernetes_executor.py for tasks to queue
[2022-08-23 00:11:16,007] {logging_mixin.py:115} INFO - [2022-08-23 00:11:16,006] {dagbag.py:508} INFO - Filling up the DagBag from /home/airflow/.local/lib/python3.7/site-packages/airflow/example_dags/example_kubernetes_executor.py
[2022-08-23 00:11:16,056] {processor.py:651} INFO - DAG(s) dict_keys(['example_kubernetes_executor']) retrieved from /home/airflow/.local/lib/python3.7/site-packages/airflow/example_dags/example_kubernetes_executor.py
[2022-08-23 00:11:16,113] {logging_mixin.py:115} INFO - [2022-08-23 00:11:16,113] {dag.py:2420} INFO - Sync 1 DAGs
[2022-08-23 00:11:16,421] {logging_mixin.py:115} INFO - [2022-08-23 00:11:16,421] {dag.py:2972} INFO - Setting next_dagrun for example_kubernetes_executor to None, run_after=None
[2022-08-23 00:11:16,443] {processor.py:161} INFO - Processing /home/airflow/.local/lib/python3.7/site-packages/airflow/example_dags/example_kubernetes_executor.py took 0.448 seconds
[2022-08-23 00:11:46,574] {processor.py:153} INFO - Started process (PID=97010) to work on /home/airflow/.local/lib/python3.7/site-packages/airflow/example_dags/example_kubernetes_executor.py
[2022-08-23 00:11:46,576] {processor.py:641} INFO - Processing file /home/airflow/.local/lib/python3.7/site-packages/airflow/example_dags/example_kubernetes_executor.py for tasks to queue
[2022-08-23 00:11:46,579] {logging_mixin.py:115} INFO - [2022-08-23 00:11:46,579] {dagbag.py:508} INFO - Filling up the DagBag from /home/airflow/.local/lib/python3.7/site-packages/airflow/example_dags/example_kubernetes_executor.py
[2022-08-23 00:11:46,741] {processor.py:651} INFO - DAG(s) dict_keys(['example_kubernetes_executor']) retrieved from /home/airflow/.local/lib/python3.7/site-packages/airflow/example_dags/example_kubernetes_executor.py
[2022-08-23 00:11:46,893] {logging_mixin.py:115} INFO - [2022-08-23 00:11:46,893] {dag.py:2420} INFO - Sync 1 DAGs
[2022-08-23 00:11:47,718] {logging_mixin.py:115} INFO - [2022-08-23 00:11:47,718] {dag.py:2972} INFO - Setting next_dagrun for example_kubernetes_executor to None, run_after=None
[2022-08-23 00:11:47,751] {processor.py:161} INFO - Processing /home/airflow/.local/lib/python3.7/site-packages/airflow/example_dags/example_kubernetes_executor.py took 1.189 seconds
[2022-08-23 00:12:17,976] {processor.py:153} INFO - Started process (PID=97203) to work on /home/airflow/.local/lib/python3.7/site-packages/airflow/example_dags/example_kubernetes_executor.py
[2022-08-23 00:12:17,982] {processor.py:641} INFO - Processing file /home/airflow/.local/lib/python3.7/site-packages/airflow/example_dags/example_kubernetes_executor.py for tasks to queue
[2022-08-23 00:12:17,987] {logging_mixin.py:115} INFO - [2022-08-23 00:12:17,986] {dagbag.py:508} INFO - Filling up the DagBag from /home/airflow/.local/lib/python3.7/site-packages/airflow/example_dags/example_kubernetes_executor.py
[2022-08-23 00:12:18,066] {processor.py:651} INFO - DAG(s) dict_keys(['example_kubernetes_executor']) retrieved from /home/airflow/.local/lib/python3.7/site-packages/airflow/example_dags/example_kubernetes_executor.py
[2022-08-23 00:12:18,171] {logging_mixin.py:115} INFO - [2022-08-23 00:12:18,171] {dag.py:2420} INFO - Sync 1 DAGs
[2022-08-23 00:12:18,214] {logging_mixin.py:115} INFO - [2022-08-23 00:12:18,214] {dag.py:2972} INFO - Setting next_dagrun for example_kubernetes_executor to None, run_after=None
[2022-08-23 00:12:18,241] {processor.py:161} INFO - Processing /home/airflow/.local/lib/python3.7/site-packages/airflow/example_dags/example_kubernetes_executor.py took 0.274 seconds
[2022-08-23 00:12:49,162] {processor.py:153} INFO - Started process (PID=97402) to work on /home/airflow/.local/lib/python3.7/site-packages/airflow/example_dags/example_kubernetes_executor.py
[2022-08-23 00:12:49,164] {processor.py:641} INFO - Processing file /home/airflow/.local/lib/python3.7/site-packages/airflow/example_dags/example_kubernetes_executor.py for tasks to queue
[2022-08-23 00:12:49,166] {logging_mixin.py:115} INFO - [2022-08-23 00:12:49,166] {dagbag.py:508} INFO - Filling up the DagBag from /home/airflow/.local/lib/python3.7/site-packages/airflow/example_dags/example_kubernetes_executor.py
[2022-08-23 00:12:49,208] {processor.py:651} INFO - DAG(s) dict_keys(['example_kubernetes_executor']) retrieved from /home/airflow/.local/lib/python3.7/site-packages/airflow/example_dags/example_kubernetes_executor.py
[2022-08-23 00:12:49,274] {logging_mixin.py:115} INFO - [2022-08-23 00:12:49,274] {dag.py:2420} INFO - Sync 1 DAGs
[2022-08-23 00:12:49,328] {logging_mixin.py:115} INFO - [2022-08-23 00:12:49,328] {dag.py:2972} INFO - Setting next_dagrun for example_kubernetes_executor to None, run_after=None
[2022-08-23 00:12:49,346] {processor.py:161} INFO - Processing /home/airflow/.local/lib/python3.7/site-packages/airflow/example_dags/example_kubernetes_executor.py took 0.193 seconds
[2022-08-23 00:13:20,779] {processor.py:153} INFO - Started process (PID=97604) to work on /home/airflow/.local/lib/python3.7/site-packages/airflow/example_dags/example_kubernetes_executor.py
[2022-08-23 00:13:20,787] {processor.py:641} INFO - Processing file /home/airflow/.local/lib/python3.7/site-packages/airflow/example_dags/example_kubernetes_executor.py for tasks to queue
[2022-08-23 00:13:20,790] {logging_mixin.py:115} INFO - [2022-08-23 00:13:20,789] {dagbag.py:508} INFO - Filling up the DagBag from /home/airflow/.local/lib/python3.7/site-packages/airflow/example_dags/example_kubernetes_executor.py
[2022-08-23 00:13:21,090] {processor.py:651} INFO - DAG(s) dict_keys(['example_kubernetes_executor']) retrieved from /home/airflow/.local/lib/python3.7/site-packages/airflow/example_dags/example_kubernetes_executor.py
[2022-08-23 00:13:21,289] {logging_mixin.py:115} INFO - [2022-08-23 00:13:21,289] {dag.py:2420} INFO - Sync 1 DAGs
[2022-08-23 00:13:21,374] {logging_mixin.py:115} INFO - [2022-08-23 00:13:21,374] {dag.py:2972} INFO - Setting next_dagrun for example_kubernetes_executor to None, run_after=None
[2022-08-23 00:13:21,416] {processor.py:161} INFO - Processing /home/airflow/.local/lib/python3.7/site-packages/airflow/example_dags/example_kubernetes_executor.py took 0.663 seconds
[2022-08-23 00:13:52,375] {processor.py:153} INFO - Started process (PID=97794) to work on /home/airflow/.local/lib/python3.7/site-packages/airflow/example_dags/example_kubernetes_executor.py
[2022-08-23 00:13:52,379] {processor.py:641} INFO - Processing file /home/airflow/.local/lib/python3.7/site-packages/airflow/example_dags/example_kubernetes_executor.py for tasks to queue
[2022-08-23 00:13:52,382] {logging_mixin.py:115} INFO - [2022-08-23 00:13:52,382] {dagbag.py:508} INFO - Filling up the DagBag from /home/airflow/.local/lib/python3.7/site-packages/airflow/example_dags/example_kubernetes_executor.py
[2022-08-23 00:13:52,500] {processor.py:651} INFO - DAG(s) dict_keys(['example_kubernetes_executor']) retrieved from /home/airflow/.local/lib/python3.7/site-packages/airflow/example_dags/example_kubernetes_executor.py
[2022-08-23 00:13:52,682] {logging_mixin.py:115} INFO - [2022-08-23 00:13:52,682] {dag.py:2420} INFO - Sync 1 DAGs
[2022-08-23 00:13:52,802] {logging_mixin.py:115} INFO - [2022-08-23 00:13:52,802] {dag.py:2972} INFO - Setting next_dagrun for example_kubernetes_executor to None, run_after=None
[2022-08-23 00:13:52,887] {processor.py:161} INFO - Processing /home/airflow/.local/lib/python3.7/site-packages/airflow/example_dags/example_kubernetes_executor.py took 0.521 seconds
[2022-08-23 00:14:24,998] {processor.py:153} INFO - Started process (PID=97984) to work on /home/airflow/.local/lib/python3.7/site-packages/airflow/example_dags/example_kubernetes_executor.py
[2022-08-23 00:14:25,010] {processor.py:641} INFO - Processing file /home/airflow/.local/lib/python3.7/site-packages/airflow/example_dags/example_kubernetes_executor.py for tasks to queue
[2022-08-23 00:14:25,018] {logging_mixin.py:115} INFO - [2022-08-23 00:14:25,018] {dagbag.py:508} INFO - Filling up the DagBag from /home/airflow/.local/lib/python3.7/site-packages/airflow/example_dags/example_kubernetes_executor.py
[2022-08-23 00:14:25,454] {processor.py:651} INFO - DAG(s) dict_keys(['example_kubernetes_executor']) retrieved from /home/airflow/.local/lib/python3.7/site-packages/airflow/example_dags/example_kubernetes_executor.py
[2022-08-23 00:14:25,689] {logging_mixin.py:115} INFO - [2022-08-23 00:14:25,689] {dag.py:2420} INFO - Sync 1 DAGs
[2022-08-23 00:14:25,719] {logging_mixin.py:115} INFO - [2022-08-23 00:14:25,719] {dag.py:2972} INFO - Setting next_dagrun for example_kubernetes_executor to None, run_after=None
[2022-08-23 00:14:25,756] {processor.py:161} INFO - Processing /home/airflow/.local/lib/python3.7/site-packages/airflow/example_dags/example_kubernetes_executor.py took 0.793 seconds
[2022-08-23 00:14:55,929] {processor.py:153} INFO - Started process (PID=98179) to work on /home/airflow/.local/lib/python3.7/site-packages/airflow/example_dags/example_kubernetes_executor.py
[2022-08-23 00:14:55,932] {processor.py:641} INFO - Processing file /home/airflow/.local/lib/python3.7/site-packages/airflow/example_dags/example_kubernetes_executor.py for tasks to queue
[2022-08-23 00:14:55,934] {logging_mixin.py:115} INFO - [2022-08-23 00:14:55,934] {dagbag.py:508} INFO - Filling up the DagBag from /home/airflow/.local/lib/python3.7/site-packages/airflow/example_dags/example_kubernetes_executor.py
[2022-08-23 00:14:55,978] {processor.py:651} INFO - DAG(s) dict_keys(['example_kubernetes_executor']) retrieved from /home/airflow/.local/lib/python3.7/site-packages/airflow/example_dags/example_kubernetes_executor.py
[2022-08-23 00:14:56,583] {logging_mixin.py:115} INFO - [2022-08-23 00:14:56,582] {dag.py:2420} INFO - Sync 1 DAGs
[2022-08-23 00:14:56,674] {logging_mixin.py:115} INFO - [2022-08-23 00:14:56,674] {dag.py:2972} INFO - Setting next_dagrun for example_kubernetes_executor to None, run_after=None
[2022-08-23 00:14:56,711] {processor.py:161} INFO - Processing /home/airflow/.local/lib/python3.7/site-packages/airflow/example_dags/example_kubernetes_executor.py took 0.788 seconds
[2022-08-23 00:15:27,148] {processor.py:153} INFO - Started process (PID=98373) to work on /home/airflow/.local/lib/python3.7/site-packages/airflow/example_dags/example_kubernetes_executor.py
[2022-08-23 00:15:27,151] {processor.py:641} INFO - Processing file /home/airflow/.local/lib/python3.7/site-packages/airflow/example_dags/example_kubernetes_executor.py for tasks to queue
[2022-08-23 00:15:27,154] {logging_mixin.py:115} INFO - [2022-08-23 00:15:27,154] {dagbag.py:508} INFO - Filling up the DagBag from /home/airflow/.local/lib/python3.7/site-packages/airflow/example_dags/example_kubernetes_executor.py
[2022-08-23 00:15:27,194] {processor.py:651} INFO - DAG(s) dict_keys(['example_kubernetes_executor']) retrieved from /home/airflow/.local/lib/python3.7/site-packages/airflow/example_dags/example_kubernetes_executor.py
[2022-08-23 00:15:27,265] {logging_mixin.py:115} INFO - [2022-08-23 00:15:27,265] {dag.py:2420} INFO - Sync 1 DAGs
[2022-08-23 00:15:27,343] {logging_mixin.py:115} INFO - [2022-08-23 00:15:27,343] {dag.py:2972} INFO - Setting next_dagrun for example_kubernetes_executor to None, run_after=None
[2022-08-23 00:15:27,376] {processor.py:161} INFO - Processing /home/airflow/.local/lib/python3.7/site-packages/airflow/example_dags/example_kubernetes_executor.py took 0.235 seconds
[2022-08-23 00:15:57,836] {processor.py:153} INFO - Started process (PID=98573) to work on /home/airflow/.local/lib/python3.7/site-packages/airflow/example_dags/example_kubernetes_executor.py
[2022-08-23 00:15:57,839] {processor.py:641} INFO - Processing file /home/airflow/.local/lib/python3.7/site-packages/airflow/example_dags/example_kubernetes_executor.py for tasks to queue
[2022-08-23 00:15:57,843] {logging_mixin.py:115} INFO - [2022-08-23 00:15:57,843] {dagbag.py:508} INFO - Filling up the DagBag from /home/airflow/.local/lib/python3.7/site-packages/airflow/example_dags/example_kubernetes_executor.py
[2022-08-23 00:15:57,920] {processor.py:651} INFO - DAG(s) dict_keys(['example_kubernetes_executor']) retrieved from /home/airflow/.local/lib/python3.7/site-packages/airflow/example_dags/example_kubernetes_executor.py
[2022-08-23 00:15:57,962] {logging_mixin.py:115} INFO - [2022-08-23 00:15:57,962] {dag.py:2420} INFO - Sync 1 DAGs
[2022-08-23 00:15:58,001] {logging_mixin.py:115} INFO - [2022-08-23 00:15:58,000] {dag.py:2972} INFO - Setting next_dagrun for example_kubernetes_executor to None, run_after=None
[2022-08-23 00:15:58,026] {processor.py:161} INFO - Processing /home/airflow/.local/lib/python3.7/site-packages/airflow/example_dags/example_kubernetes_executor.py took 0.203 seconds
[2022-08-23 00:16:28,269] {processor.py:153} INFO - Started process (PID=98769) to work on /home/airflow/.local/lib/python3.7/site-packages/airflow/example_dags/example_kubernetes_executor.py
[2022-08-23 00:16:28,278] {processor.py:641} INFO - Processing file /home/airflow/.local/lib/python3.7/site-packages/airflow/example_dags/example_kubernetes_executor.py for tasks to queue
[2022-08-23 00:16:28,281] {logging_mixin.py:115} INFO - [2022-08-23 00:16:28,280] {dagbag.py:508} INFO - Filling up the DagBag from /home/airflow/.local/lib/python3.7/site-packages/airflow/example_dags/example_kubernetes_executor.py
[2022-08-23 00:16:28,378] {processor.py:651} INFO - DAG(s) dict_keys(['example_kubernetes_executor']) retrieved from /home/airflow/.local/lib/python3.7/site-packages/airflow/example_dags/example_kubernetes_executor.py
[2022-08-23 00:16:28,506] {logging_mixin.py:115} INFO - [2022-08-23 00:16:28,506] {dag.py:2420} INFO - Sync 1 DAGs
[2022-08-23 00:16:28,562] {logging_mixin.py:115} INFO - [2022-08-23 00:16:28,562] {dag.py:2972} INFO - Setting next_dagrun for example_kubernetes_executor to None, run_after=None
[2022-08-23 00:16:28,591] {processor.py:161} INFO - Processing /home/airflow/.local/lib/python3.7/site-packages/airflow/example_dags/example_kubernetes_executor.py took 0.339 seconds
[2022-08-23 00:16:59,322] {processor.py:153} INFO - Started process (PID=98959) to work on /home/airflow/.local/lib/python3.7/site-packages/airflow/example_dags/example_kubernetes_executor.py
[2022-08-23 00:16:59,324] {processor.py:641} INFO - Processing file /home/airflow/.local/lib/python3.7/site-packages/airflow/example_dags/example_kubernetes_executor.py for tasks to queue
[2022-08-23 00:16:59,341] {logging_mixin.py:115} INFO - [2022-08-23 00:16:59,339] {dagbag.py:508} INFO - Filling up the DagBag from /home/airflow/.local/lib/python3.7/site-packages/airflow/example_dags/example_kubernetes_executor.py
[2022-08-23 00:16:59,443] {processor.py:651} INFO - DAG(s) dict_keys(['example_kubernetes_executor']) retrieved from /home/airflow/.local/lib/python3.7/site-packages/airflow/example_dags/example_kubernetes_executor.py
[2022-08-23 00:16:59,495] {logging_mixin.py:115} INFO - [2022-08-23 00:16:59,495] {dag.py:2420} INFO - Sync 1 DAGs
[2022-08-23 00:16:59,599] {logging_mixin.py:115} INFO - [2022-08-23 00:16:59,599] {dag.py:2972} INFO - Setting next_dagrun for example_kubernetes_executor to None, run_after=None
[2022-08-23 00:16:59,716] {processor.py:161} INFO - Processing /home/airflow/.local/lib/python3.7/site-packages/airflow/example_dags/example_kubernetes_executor.py took 0.410 seconds
[2022-08-23 00:17:30,461] {processor.py:153} INFO - Started process (PID=99154) to work on /home/airflow/.local/lib/python3.7/site-packages/airflow/example_dags/example_kubernetes_executor.py
[2022-08-23 00:17:30,474] {processor.py:641} INFO - Processing file /home/airflow/.local/lib/python3.7/site-packages/airflow/example_dags/example_kubernetes_executor.py for tasks to queue
[2022-08-23 00:17:30,480] {logging_mixin.py:115} INFO - [2022-08-23 00:17:30,479] {dagbag.py:508} INFO - Filling up the DagBag from /home/airflow/.local/lib/python3.7/site-packages/airflow/example_dags/example_kubernetes_executor.py
[2022-08-23 00:17:30,559] {processor.py:651} INFO - DAG(s) dict_keys(['example_kubernetes_executor']) retrieved from /home/airflow/.local/lib/python3.7/site-packages/airflow/example_dags/example_kubernetes_executor.py
[2022-08-23 00:17:30,624] {logging_mixin.py:115} INFO - [2022-08-23 00:17:30,624] {dag.py:2420} INFO - Sync 1 DAGs
[2022-08-23 00:17:30,686] {logging_mixin.py:115} INFO - [2022-08-23 00:17:30,686] {dag.py:2972} INFO - Setting next_dagrun for example_kubernetes_executor to None, run_after=None
[2022-08-23 00:17:30,720] {processor.py:161} INFO - Processing /home/airflow/.local/lib/python3.7/site-packages/airflow/example_dags/example_kubernetes_executor.py took 0.343 seconds
[2022-08-23 00:18:01,612] {processor.py:153} INFO - Started process (PID=99354) to work on /home/airflow/.local/lib/python3.7/site-packages/airflow/example_dags/example_kubernetes_executor.py
[2022-08-23 00:18:01,615] {processor.py:641} INFO - Processing file /home/airflow/.local/lib/python3.7/site-packages/airflow/example_dags/example_kubernetes_executor.py for tasks to queue
[2022-08-23 00:18:01,618] {logging_mixin.py:115} INFO - [2022-08-23 00:18:01,617] {dagbag.py:508} INFO - Filling up the DagBag from /home/airflow/.local/lib/python3.7/site-packages/airflow/example_dags/example_kubernetes_executor.py
[2022-08-23 00:18:01,661] {processor.py:651} INFO - DAG(s) dict_keys(['example_kubernetes_executor']) retrieved from /home/airflow/.local/lib/python3.7/site-packages/airflow/example_dags/example_kubernetes_executor.py
[2022-08-23 00:18:01,731] {logging_mixin.py:115} INFO - [2022-08-23 00:18:01,730] {dag.py:2420} INFO - Sync 1 DAGs
[2022-08-23 00:18:01,777] {logging_mixin.py:115} INFO - [2022-08-23 00:18:01,776] {dag.py:2972} INFO - Setting next_dagrun for example_kubernetes_executor to None, run_after=None
[2022-08-23 00:18:01,810] {processor.py:161} INFO - Processing /home/airflow/.local/lib/python3.7/site-packages/airflow/example_dags/example_kubernetes_executor.py took 0.206 seconds
[2022-08-23 00:18:32,141] {processor.py:153} INFO - Started process (PID=99556) to work on /home/airflow/.local/lib/python3.7/site-packages/airflow/example_dags/example_kubernetes_executor.py
[2022-08-23 00:18:32,144] {processor.py:641} INFO - Processing file /home/airflow/.local/lib/python3.7/site-packages/airflow/example_dags/example_kubernetes_executor.py for tasks to queue
[2022-08-23 00:18:32,146] {logging_mixin.py:115} INFO - [2022-08-23 00:18:32,146] {dagbag.py:508} INFO - Filling up the DagBag from /home/airflow/.local/lib/python3.7/site-packages/airflow/example_dags/example_kubernetes_executor.py
[2022-08-23 00:18:32,194] {processor.py:651} INFO - DAG(s) dict_keys(['example_kubernetes_executor']) retrieved from /home/airflow/.local/lib/python3.7/site-packages/airflow/example_dags/example_kubernetes_executor.py
[2022-08-23 00:18:32,242] {logging_mixin.py:115} INFO - [2022-08-23 00:18:32,242] {dag.py:2420} INFO - Sync 1 DAGs
[2022-08-23 00:18:32,277] {logging_mixin.py:115} INFO - [2022-08-23 00:18:32,277] {dag.py:2972} INFO - Setting next_dagrun for example_kubernetes_executor to None, run_after=None
[2022-08-23 00:18:32,294] {processor.py:161} INFO - Processing /home/airflow/.local/lib/python3.7/site-packages/airflow/example_dags/example_kubernetes_executor.py took 0.159 seconds
[2022-08-23 00:19:02,696] {processor.py:153} INFO - Started process (PID=99748) to work on /home/airflow/.local/lib/python3.7/site-packages/airflow/example_dags/example_kubernetes_executor.py
[2022-08-23 00:19:02,699] {processor.py:641} INFO - Processing file /home/airflow/.local/lib/python3.7/site-packages/airflow/example_dags/example_kubernetes_executor.py for tasks to queue
[2022-08-23 00:19:02,702] {logging_mixin.py:115} INFO - [2022-08-23 00:19:02,702] {dagbag.py:508} INFO - Filling up the DagBag from /home/airflow/.local/lib/python3.7/site-packages/airflow/example_dags/example_kubernetes_executor.py
[2022-08-23 00:19:02,790] {processor.py:651} INFO - DAG(s) dict_keys(['example_kubernetes_executor']) retrieved from /home/airflow/.local/lib/python3.7/site-packages/airflow/example_dags/example_kubernetes_executor.py
[2022-08-23 00:19:02,952] {logging_mixin.py:115} INFO - [2022-08-23 00:19:02,952] {dag.py:2420} INFO - Sync 1 DAGs
[2022-08-23 00:19:03,062] {logging_mixin.py:115} INFO - [2022-08-23 00:19:03,062] {dag.py:2972} INFO - Setting next_dagrun for example_kubernetes_executor to None, run_after=None
[2022-08-23 00:19:03,128] {processor.py:161} INFO - Processing /home/airflow/.local/lib/python3.7/site-packages/airflow/example_dags/example_kubernetes_executor.py took 0.441 seconds
[2022-08-23 00:19:33,534] {processor.py:153} INFO - Started process (PID=99952) to work on /home/airflow/.local/lib/python3.7/site-packages/airflow/example_dags/example_kubernetes_executor.py
[2022-08-23 00:19:33,536] {processor.py:641} INFO - Processing file /home/airflow/.local/lib/python3.7/site-packages/airflow/example_dags/example_kubernetes_executor.py for tasks to queue
[2022-08-23 00:19:33,538] {logging_mixin.py:115} INFO - [2022-08-23 00:19:33,538] {dagbag.py:508} INFO - Filling up the DagBag from /home/airflow/.local/lib/python3.7/site-packages/airflow/example_dags/example_kubernetes_executor.py
[2022-08-23 00:19:33,593] {processor.py:651} INFO - DAG(s) dict_keys(['example_kubernetes_executor']) retrieved from /home/airflow/.local/lib/python3.7/site-packages/airflow/example_dags/example_kubernetes_executor.py
[2022-08-23 00:19:33,665] {logging_mixin.py:115} INFO - [2022-08-23 00:19:33,665] {dag.py:2420} INFO - Sync 1 DAGs
[2022-08-23 00:19:33,711] {logging_mixin.py:115} INFO - [2022-08-23 00:19:33,711] {dag.py:2972} INFO - Setting next_dagrun for example_kubernetes_executor to None, run_after=None
[2022-08-23 00:19:33,742] {processor.py:161} INFO - Processing /home/airflow/.local/lib/python3.7/site-packages/airflow/example_dags/example_kubernetes_executor.py took 0.215 seconds
[2022-08-23 00:20:04,113] {processor.py:153} INFO - Started process (PID=447) to work on /home/airflow/.local/lib/python3.7/site-packages/airflow/example_dags/example_kubernetes_executor.py
[2022-08-23 00:20:04,117] {processor.py:641} INFO - Processing file /home/airflow/.local/lib/python3.7/site-packages/airflow/example_dags/example_kubernetes_executor.py for tasks to queue
[2022-08-23 00:20:04,123] {logging_mixin.py:115} INFO - [2022-08-23 00:20:04,122] {dagbag.py:508} INFO - Filling up the DagBag from /home/airflow/.local/lib/python3.7/site-packages/airflow/example_dags/example_kubernetes_executor.py
[2022-08-23 00:20:04,219] {processor.py:651} INFO - DAG(s) dict_keys(['example_kubernetes_executor']) retrieved from /home/airflow/.local/lib/python3.7/site-packages/airflow/example_dags/example_kubernetes_executor.py
[2022-08-23 00:20:04,282] {logging_mixin.py:115} INFO - [2022-08-23 00:20:04,282] {dag.py:2420} INFO - Sync 1 DAGs
[2022-08-23 00:20:04,329] {logging_mixin.py:115} INFO - [2022-08-23 00:20:04,329] {dag.py:2972} INFO - Setting next_dagrun for example_kubernetes_executor to None, run_after=None
[2022-08-23 00:20:04,349] {processor.py:161} INFO - Processing /home/airflow/.local/lib/python3.7/site-packages/airflow/example_dags/example_kubernetes_executor.py took 0.250 seconds
[2022-08-23 00:20:34,832] {processor.py:153} INFO - Started process (PID=651) to work on /home/airflow/.local/lib/python3.7/site-packages/airflow/example_dags/example_kubernetes_executor.py
[2022-08-23 00:20:34,835] {processor.py:641} INFO - Processing file /home/airflow/.local/lib/python3.7/site-packages/airflow/example_dags/example_kubernetes_executor.py for tasks to queue
[2022-08-23 00:20:34,837] {logging_mixin.py:115} INFO - [2022-08-23 00:20:34,837] {dagbag.py:508} INFO - Filling up the DagBag from /home/airflow/.local/lib/python3.7/site-packages/airflow/example_dags/example_kubernetes_executor.py
[2022-08-23 00:20:34,939] {processor.py:651} INFO - DAG(s) dict_keys(['example_kubernetes_executor']) retrieved from /home/airflow/.local/lib/python3.7/site-packages/airflow/example_dags/example_kubernetes_executor.py
[2022-08-23 00:20:35,076] {logging_mixin.py:115} INFO - [2022-08-23 00:20:35,076] {dag.py:2420} INFO - Sync 1 DAGs
[2022-08-23 00:20:35,169] {logging_mixin.py:115} INFO - [2022-08-23 00:20:35,169] {dag.py:2972} INFO - Setting next_dagrun for example_kubernetes_executor to None, run_after=None
[2022-08-23 00:20:35,221] {processor.py:161} INFO - Processing /home/airflow/.local/lib/python3.7/site-packages/airflow/example_dags/example_kubernetes_executor.py took 0.404 seconds
[2022-08-23 00:21:05,356] {processor.py:153} INFO - Started process (PID=842) to work on /home/airflow/.local/lib/python3.7/site-packages/airflow/example_dags/example_kubernetes_executor.py
[2022-08-23 00:21:05,358] {processor.py:641} INFO - Processing file /home/airflow/.local/lib/python3.7/site-packages/airflow/example_dags/example_kubernetes_executor.py for tasks to queue
[2022-08-23 00:21:05,360] {logging_mixin.py:115} INFO - [2022-08-23 00:21:05,359] {dagbag.py:508} INFO - Filling up the DagBag from /home/airflow/.local/lib/python3.7/site-packages/airflow/example_dags/example_kubernetes_executor.py
[2022-08-23 00:21:05,395] {processor.py:651} INFO - DAG(s) dict_keys(['example_kubernetes_executor']) retrieved from /home/airflow/.local/lib/python3.7/site-packages/airflow/example_dags/example_kubernetes_executor.py
[2022-08-23 00:21:05,443] {logging_mixin.py:115} INFO - [2022-08-23 00:21:05,443] {dag.py:2420} INFO - Sync 1 DAGs
[2022-08-23 00:21:05,485] {logging_mixin.py:115} INFO - [2022-08-23 00:21:05,485] {dag.py:2972} INFO - Setting next_dagrun for example_kubernetes_executor to None, run_after=None
[2022-08-23 00:21:05,513] {processor.py:161} INFO - Processing /home/airflow/.local/lib/python3.7/site-packages/airflow/example_dags/example_kubernetes_executor.py took 0.162 seconds
