[2022-08-23 00:00:32,716] {processor.py:153} INFO - Started process (PID=92772) to work on /home/airflow/.local/lib/python3.7/site-packages/airflow/example_dags/example_bash_operator.py
[2022-08-23 00:00:32,719] {processor.py:641} INFO - Processing file /home/airflow/.local/lib/python3.7/site-packages/airflow/example_dags/example_bash_operator.py for tasks to queue
[2022-08-23 00:00:32,721] {logging_mixin.py:115} INFO - [2022-08-23 00:00:32,721] {dagbag.py:508} INFO - Filling up the DagBag from /home/airflow/.local/lib/python3.7/site-packages/airflow/example_dags/example_bash_operator.py
[2022-08-23 00:00:32,775] {processor.py:651} INFO - DAG(s) dict_keys(['example_bash_operator']) retrieved from /home/airflow/.local/lib/python3.7/site-packages/airflow/example_dags/example_bash_operator.py
[2022-08-23 00:00:32,824] {logging_mixin.py:115} INFO - [2022-08-23 00:00:32,824] {dag.py:2420} INFO - Sync 1 DAGs
[2022-08-23 00:00:32,899] {logging_mixin.py:115} INFO - [2022-08-23 00:00:32,899] {dag.py:2972} INFO - Setting next_dagrun for example_bash_operator to 2022-08-22T00:00:00+00:00, run_after=2022-08-23T00:00:00+00:00
[2022-08-23 00:00:32,930] {processor.py:161} INFO - Processing /home/airflow/.local/lib/python3.7/site-packages/airflow/example_dags/example_bash_operator.py took 0.233 seconds
[2022-08-23 00:01:03,137] {processor.py:153} INFO - Started process (PID=92970) to work on /home/airflow/.local/lib/python3.7/site-packages/airflow/example_dags/example_bash_operator.py
[2022-08-23 00:01:03,140] {processor.py:641} INFO - Processing file /home/airflow/.local/lib/python3.7/site-packages/airflow/example_dags/example_bash_operator.py for tasks to queue
[2022-08-23 00:01:03,142] {logging_mixin.py:115} INFO - [2022-08-23 00:01:03,142] {dagbag.py:508} INFO - Filling up the DagBag from /home/airflow/.local/lib/python3.7/site-packages/airflow/example_dags/example_bash_operator.py
[2022-08-23 00:01:03,168] {processor.py:651} INFO - DAG(s) dict_keys(['example_bash_operator']) retrieved from /home/airflow/.local/lib/python3.7/site-packages/airflow/example_dags/example_bash_operator.py
[2022-08-23 00:01:03,218] {logging_mixin.py:115} INFO - [2022-08-23 00:01:03,218] {dag.py:2420} INFO - Sync 1 DAGs
[2022-08-23 00:01:03,255] {logging_mixin.py:115} INFO - [2022-08-23 00:01:03,255] {dag.py:2972} INFO - Setting next_dagrun for example_bash_operator to 2022-08-22T00:00:00+00:00, run_after=2022-08-23T00:00:00+00:00
[2022-08-23 00:01:03,279] {processor.py:161} INFO - Processing /home/airflow/.local/lib/python3.7/site-packages/airflow/example_dags/example_bash_operator.py took 0.150 seconds
[2022-08-23 00:01:33,531] {processor.py:153} INFO - Started process (PID=93163) to work on /home/airflow/.local/lib/python3.7/site-packages/airflow/example_dags/example_bash_operator.py
[2022-08-23 00:01:33,534] {processor.py:641} INFO - Processing file /home/airflow/.local/lib/python3.7/site-packages/airflow/example_dags/example_bash_operator.py for tasks to queue
[2022-08-23 00:01:33,538] {logging_mixin.py:115} INFO - [2022-08-23 00:01:33,537] {dagbag.py:508} INFO - Filling up the DagBag from /home/airflow/.local/lib/python3.7/site-packages/airflow/example_dags/example_bash_operator.py
[2022-08-23 00:01:33,571] {processor.py:651} INFO - DAG(s) dict_keys(['example_bash_operator']) retrieved from /home/airflow/.local/lib/python3.7/site-packages/airflow/example_dags/example_bash_operator.py
[2022-08-23 00:01:33,633] {logging_mixin.py:115} INFO - [2022-08-23 00:01:33,633] {dag.py:2420} INFO - Sync 1 DAGs
[2022-08-23 00:01:33,685] {logging_mixin.py:115} INFO - [2022-08-23 00:01:33,685] {dag.py:2972} INFO - Setting next_dagrun for example_bash_operator to 2022-08-22T00:00:00+00:00, run_after=2022-08-23T00:00:00+00:00
[2022-08-23 00:01:33,716] {processor.py:161} INFO - Processing /home/airflow/.local/lib/python3.7/site-packages/airflow/example_dags/example_bash_operator.py took 0.198 seconds
[2022-08-23 00:02:05,088] {processor.py:153} INFO - Started process (PID=93363) to work on /home/airflow/.local/lib/python3.7/site-packages/airflow/example_dags/example_bash_operator.py
[2022-08-23 00:02:05,099] {processor.py:641} INFO - Processing file /home/airflow/.local/lib/python3.7/site-packages/airflow/example_dags/example_bash_operator.py for tasks to queue
[2022-08-23 00:02:05,109] {logging_mixin.py:115} INFO - [2022-08-23 00:02:05,108] {dagbag.py:508} INFO - Filling up the DagBag from /home/airflow/.local/lib/python3.7/site-packages/airflow/example_dags/example_bash_operator.py
[2022-08-23 00:02:05,322] {processor.py:651} INFO - DAG(s) dict_keys(['example_bash_operator']) retrieved from /home/airflow/.local/lib/python3.7/site-packages/airflow/example_dags/example_bash_operator.py
[2022-08-23 00:02:05,717] {logging_mixin.py:115} INFO - [2022-08-23 00:02:05,717] {dag.py:2420} INFO - Sync 1 DAGs
[2022-08-23 00:02:05,856] {logging_mixin.py:115} INFO - [2022-08-23 00:02:05,855] {dag.py:2972} INFO - Setting next_dagrun for example_bash_operator to 2022-08-22T00:00:00+00:00, run_after=2022-08-23T00:00:00+00:00
[2022-08-23 00:02:06,274] {processor.py:161} INFO - Processing /home/airflow/.local/lib/python3.7/site-packages/airflow/example_dags/example_bash_operator.py took 1.216 seconds
[2022-08-23 00:02:36,705] {processor.py:153} INFO - Started process (PID=93559) to work on /home/airflow/.local/lib/python3.7/site-packages/airflow/example_dags/example_bash_operator.py
[2022-08-23 00:02:36,708] {processor.py:641} INFO - Processing file /home/airflow/.local/lib/python3.7/site-packages/airflow/example_dags/example_bash_operator.py for tasks to queue
[2022-08-23 00:02:36,710] {logging_mixin.py:115} INFO - [2022-08-23 00:02:36,710] {dagbag.py:508} INFO - Filling up the DagBag from /home/airflow/.local/lib/python3.7/site-packages/airflow/example_dags/example_bash_operator.py
[2022-08-23 00:02:36,732] {processor.py:651} INFO - DAG(s) dict_keys(['example_bash_operator']) retrieved from /home/airflow/.local/lib/python3.7/site-packages/airflow/example_dags/example_bash_operator.py
[2022-08-23 00:02:36,784] {logging_mixin.py:115} INFO - [2022-08-23 00:02:36,784] {dag.py:2420} INFO - Sync 1 DAGs
[2022-08-23 00:02:36,828] {logging_mixin.py:115} INFO - [2022-08-23 00:02:36,827] {dag.py:2972} INFO - Setting next_dagrun for example_bash_operator to 2022-08-22T00:00:00+00:00, run_after=2022-08-23T00:00:00+00:00
[2022-08-23 00:02:37,060] {processor.py:161} INFO - Processing /home/airflow/.local/lib/python3.7/site-packages/airflow/example_dags/example_bash_operator.py took 0.363 seconds
[2022-08-23 00:03:07,485] {processor.py:153} INFO - Started process (PID=93750) to work on /home/airflow/.local/lib/python3.7/site-packages/airflow/example_dags/example_bash_operator.py
[2022-08-23 00:03:07,489] {processor.py:641} INFO - Processing file /home/airflow/.local/lib/python3.7/site-packages/airflow/example_dags/example_bash_operator.py for tasks to queue
[2022-08-23 00:03:07,493] {logging_mixin.py:115} INFO - [2022-08-23 00:03:07,492] {dagbag.py:508} INFO - Filling up the DagBag from /home/airflow/.local/lib/python3.7/site-packages/airflow/example_dags/example_bash_operator.py
[2022-08-23 00:03:07,548] {processor.py:651} INFO - DAG(s) dict_keys(['example_bash_operator']) retrieved from /home/airflow/.local/lib/python3.7/site-packages/airflow/example_dags/example_bash_operator.py
[2022-08-23 00:03:07,642] {logging_mixin.py:115} INFO - [2022-08-23 00:03:07,642] {dag.py:2420} INFO - Sync 1 DAGs
[2022-08-23 00:03:07,745] {logging_mixin.py:115} INFO - [2022-08-23 00:03:07,744] {dag.py:2972} INFO - Setting next_dagrun for example_bash_operator to 2022-08-22T00:00:00+00:00, run_after=2022-08-23T00:00:00+00:00
[2022-08-23 00:03:08,308] {processor.py:161} INFO - Processing /home/airflow/.local/lib/python3.7/site-packages/airflow/example_dags/example_bash_operator.py took 0.845 seconds
[2022-08-23 00:03:39,494] {processor.py:153} INFO - Started process (PID=93947) to work on /home/airflow/.local/lib/python3.7/site-packages/airflow/example_dags/example_bash_operator.py
[2022-08-23 00:03:39,505] {processor.py:641} INFO - Processing file /home/airflow/.local/lib/python3.7/site-packages/airflow/example_dags/example_bash_operator.py for tasks to queue
[2022-08-23 00:03:39,515] {logging_mixin.py:115} INFO - [2022-08-23 00:03:39,513] {dagbag.py:508} INFO - Filling up the DagBag from /home/airflow/.local/lib/python3.7/site-packages/airflow/example_dags/example_bash_operator.py
[2022-08-23 00:03:39,951] {processor.py:651} INFO - DAG(s) dict_keys(['example_bash_operator']) retrieved from /home/airflow/.local/lib/python3.7/site-packages/airflow/example_dags/example_bash_operator.py
[2022-08-23 00:03:40,554] {logging_mixin.py:115} INFO - [2022-08-23 00:03:40,554] {dag.py:2420} INFO - Sync 1 DAGs
[2022-08-23 00:03:40,712] {logging_mixin.py:115} INFO - [2022-08-23 00:03:40,712] {dag.py:2972} INFO - Setting next_dagrun for example_bash_operator to 2022-08-22T00:00:00+00:00, run_after=2022-08-23T00:00:00+00:00
[2022-08-23 00:03:41,458] {processor.py:161} INFO - Processing /home/airflow/.local/lib/python3.7/site-packages/airflow/example_dags/example_bash_operator.py took 2.018 seconds
[2022-08-23 00:04:11,899] {processor.py:153} INFO - Started process (PID=94149) to work on /home/airflow/.local/lib/python3.7/site-packages/airflow/example_dags/example_bash_operator.py
[2022-08-23 00:04:11,903] {processor.py:641} INFO - Processing file /home/airflow/.local/lib/python3.7/site-packages/airflow/example_dags/example_bash_operator.py for tasks to queue
[2022-08-23 00:04:11,908] {logging_mixin.py:115} INFO - [2022-08-23 00:04:11,907] {dagbag.py:508} INFO - Filling up the DagBag from /home/airflow/.local/lib/python3.7/site-packages/airflow/example_dags/example_bash_operator.py
[2022-08-23 00:04:11,953] {processor.py:651} INFO - DAG(s) dict_keys(['example_bash_operator']) retrieved from /home/airflow/.local/lib/python3.7/site-packages/airflow/example_dags/example_bash_operator.py
[2022-08-23 00:04:12,029] {logging_mixin.py:115} INFO - [2022-08-23 00:04:12,029] {dag.py:2420} INFO - Sync 1 DAGs
[2022-08-23 00:04:12,109] {logging_mixin.py:115} INFO - [2022-08-23 00:04:12,109] {dag.py:2972} INFO - Setting next_dagrun for example_bash_operator to 2022-08-22T00:00:00+00:00, run_after=2022-08-23T00:00:00+00:00
[2022-08-23 00:04:12,367] {processor.py:161} INFO - Processing /home/airflow/.local/lib/python3.7/site-packages/airflow/example_dags/example_bash_operator.py took 0.474 seconds
[2022-08-23 00:04:42,727] {processor.py:153} INFO - Started process (PID=94346) to work on /home/airflow/.local/lib/python3.7/site-packages/airflow/example_dags/example_bash_operator.py
[2022-08-23 00:04:42,730] {processor.py:641} INFO - Processing file /home/airflow/.local/lib/python3.7/site-packages/airflow/example_dags/example_bash_operator.py for tasks to queue
[2022-08-23 00:04:42,732] {logging_mixin.py:115} INFO - [2022-08-23 00:04:42,732] {dagbag.py:508} INFO - Filling up the DagBag from /home/airflow/.local/lib/python3.7/site-packages/airflow/example_dags/example_bash_operator.py
[2022-08-23 00:04:42,761] {processor.py:651} INFO - DAG(s) dict_keys(['example_bash_operator']) retrieved from /home/airflow/.local/lib/python3.7/site-packages/airflow/example_dags/example_bash_operator.py
[2022-08-23 00:04:42,812] {logging_mixin.py:115} INFO - [2022-08-23 00:04:42,812] {dag.py:2420} INFO - Sync 1 DAGs
[2022-08-23 00:04:42,862] {logging_mixin.py:115} INFO - [2022-08-23 00:04:42,862] {dag.py:2972} INFO - Setting next_dagrun for example_bash_operator to 2022-08-22T00:00:00+00:00, run_after=2022-08-23T00:00:00+00:00
[2022-08-23 00:04:43,100] {processor.py:161} INFO - Processing /home/airflow/.local/lib/python3.7/site-packages/airflow/example_dags/example_bash_operator.py took 0.379 seconds
[2022-08-23 00:05:13,429] {processor.py:153} INFO - Started process (PID=94538) to work on /home/airflow/.local/lib/python3.7/site-packages/airflow/example_dags/example_bash_operator.py
[2022-08-23 00:05:13,433] {processor.py:641} INFO - Processing file /home/airflow/.local/lib/python3.7/site-packages/airflow/example_dags/example_bash_operator.py for tasks to queue
[2022-08-23 00:05:13,440] {logging_mixin.py:115} INFO - [2022-08-23 00:05:13,440] {dagbag.py:508} INFO - Filling up the DagBag from /home/airflow/.local/lib/python3.7/site-packages/airflow/example_dags/example_bash_operator.py
[2022-08-23 00:05:13,531] {processor.py:651} INFO - DAG(s) dict_keys(['example_bash_operator']) retrieved from /home/airflow/.local/lib/python3.7/site-packages/airflow/example_dags/example_bash_operator.py
[2022-08-23 00:05:13,678] {logging_mixin.py:115} INFO - [2022-08-23 00:05:13,678] {dag.py:2420} INFO - Sync 1 DAGs
[2022-08-23 00:05:13,765] {logging_mixin.py:115} INFO - [2022-08-23 00:05:13,765] {dag.py:2972} INFO - Setting next_dagrun for example_bash_operator to 2022-08-22T00:00:00+00:00, run_after=2022-08-23T00:00:00+00:00
[2022-08-23 00:05:14,359] {processor.py:161} INFO - Processing /home/airflow/.local/lib/python3.7/site-packages/airflow/example_dags/example_bash_operator.py took 0.971 seconds
[2022-08-23 00:05:44,464] {processor.py:153} INFO - Started process (PID=94740) to work on /home/airflow/.local/lib/python3.7/site-packages/airflow/example_dags/example_bash_operator.py
[2022-08-23 00:05:44,466] {processor.py:641} INFO - Processing file /home/airflow/.local/lib/python3.7/site-packages/airflow/example_dags/example_bash_operator.py for tasks to queue
[2022-08-23 00:05:44,468] {logging_mixin.py:115} INFO - [2022-08-23 00:05:44,468] {dagbag.py:508} INFO - Filling up the DagBag from /home/airflow/.local/lib/python3.7/site-packages/airflow/example_dags/example_bash_operator.py
[2022-08-23 00:05:44,494] {processor.py:651} INFO - DAG(s) dict_keys(['example_bash_operator']) retrieved from /home/airflow/.local/lib/python3.7/site-packages/airflow/example_dags/example_bash_operator.py
[2022-08-23 00:05:44,575] {logging_mixin.py:115} INFO - [2022-08-23 00:05:44,574] {dag.py:2420} INFO - Sync 1 DAGs
[2022-08-23 00:05:44,649] {logging_mixin.py:115} INFO - [2022-08-23 00:05:44,649] {dag.py:2972} INFO - Setting next_dagrun for example_bash_operator to 2022-08-22T00:00:00+00:00, run_after=2022-08-23T00:00:00+00:00
[2022-08-23 00:05:44,855] {processor.py:161} INFO - Processing /home/airflow/.local/lib/python3.7/site-packages/airflow/example_dags/example_bash_operator.py took 0.398 seconds
[2022-08-23 00:06:15,102] {processor.py:153} INFO - Started process (PID=94934) to work on /home/airflow/.local/lib/python3.7/site-packages/airflow/example_dags/example_bash_operator.py
[2022-08-23 00:06:15,105] {processor.py:641} INFO - Processing file /home/airflow/.local/lib/python3.7/site-packages/airflow/example_dags/example_bash_operator.py for tasks to queue
[2022-08-23 00:06:15,112] {logging_mixin.py:115} INFO - [2022-08-23 00:06:15,112] {dagbag.py:508} INFO - Filling up the DagBag from /home/airflow/.local/lib/python3.7/site-packages/airflow/example_dags/example_bash_operator.py
[2022-08-23 00:06:15,151] {processor.py:651} INFO - DAG(s) dict_keys(['example_bash_operator']) retrieved from /home/airflow/.local/lib/python3.7/site-packages/airflow/example_dags/example_bash_operator.py
[2022-08-23 00:06:15,210] {logging_mixin.py:115} INFO - [2022-08-23 00:06:15,210] {dag.py:2420} INFO - Sync 1 DAGs
[2022-08-23 00:06:15,258] {logging_mixin.py:115} INFO - [2022-08-23 00:06:15,257] {dag.py:2972} INFO - Setting next_dagrun for example_bash_operator to 2022-08-22T00:00:00+00:00, run_after=2022-08-23T00:00:00+00:00
[2022-08-23 00:06:15,499] {processor.py:161} INFO - Processing /home/airflow/.local/lib/python3.7/site-packages/airflow/example_dags/example_bash_operator.py took 0.408 seconds
[2022-08-23 00:06:46,000] {processor.py:153} INFO - Started process (PID=95137) to work on /home/airflow/.local/lib/python3.7/site-packages/airflow/example_dags/example_bash_operator.py
[2022-08-23 00:06:46,004] {processor.py:641} INFO - Processing file /home/airflow/.local/lib/python3.7/site-packages/airflow/example_dags/example_bash_operator.py for tasks to queue
[2022-08-23 00:06:46,008] {logging_mixin.py:115} INFO - [2022-08-23 00:06:46,008] {dagbag.py:508} INFO - Filling up the DagBag from /home/airflow/.local/lib/python3.7/site-packages/airflow/example_dags/example_bash_operator.py
[2022-08-23 00:06:46,033] {processor.py:651} INFO - DAG(s) dict_keys(['example_bash_operator']) retrieved from /home/airflow/.local/lib/python3.7/site-packages/airflow/example_dags/example_bash_operator.py
[2022-08-23 00:06:46,079] {logging_mixin.py:115} INFO - [2022-08-23 00:06:46,079] {dag.py:2420} INFO - Sync 1 DAGs
[2022-08-23 00:06:46,123] {logging_mixin.py:115} INFO - [2022-08-23 00:06:46,123] {dag.py:2972} INFO - Setting next_dagrun for example_bash_operator to 2022-08-22T00:00:00+00:00, run_after=2022-08-23T00:00:00+00:00
[2022-08-23 00:06:46,325] {processor.py:161} INFO - Processing /home/airflow/.local/lib/python3.7/site-packages/airflow/example_dags/example_bash_operator.py took 0.339 seconds
[2022-08-23 00:07:16,723] {processor.py:153} INFO - Started process (PID=95327) to work on /home/airflow/.local/lib/python3.7/site-packages/airflow/example_dags/example_bash_operator.py
[2022-08-23 00:07:16,735] {processor.py:641} INFO - Processing file /home/airflow/.local/lib/python3.7/site-packages/airflow/example_dags/example_bash_operator.py for tasks to queue
[2022-08-23 00:07:16,740] {logging_mixin.py:115} INFO - [2022-08-23 00:07:16,739] {dagbag.py:508} INFO - Filling up the DagBag from /home/airflow/.local/lib/python3.7/site-packages/airflow/example_dags/example_bash_operator.py
[2022-08-23 00:07:16,794] {processor.py:651} INFO - DAG(s) dict_keys(['example_bash_operator']) retrieved from /home/airflow/.local/lib/python3.7/site-packages/airflow/example_dags/example_bash_operator.py
[2022-08-23 00:07:16,916] {logging_mixin.py:115} INFO - [2022-08-23 00:07:16,915] {dag.py:2420} INFO - Sync 1 DAGs
[2022-08-23 00:07:17,495] {logging_mixin.py:115} INFO - [2022-08-23 00:07:17,495] {dag.py:2972} INFO - Setting next_dagrun for example_bash_operator to 2022-08-22T00:00:00+00:00, run_after=2022-08-23T00:00:00+00:00
[2022-08-23 00:07:17,581] {processor.py:161} INFO - Processing /home/airflow/.local/lib/python3.7/site-packages/airflow/example_dags/example_bash_operator.py took 0.868 seconds
[2022-08-23 00:07:47,894] {processor.py:153} INFO - Started process (PID=95523) to work on /home/airflow/.local/lib/python3.7/site-packages/airflow/example_dags/example_bash_operator.py
[2022-08-23 00:07:47,900] {processor.py:641} INFO - Processing file /home/airflow/.local/lib/python3.7/site-packages/airflow/example_dags/example_bash_operator.py for tasks to queue
[2022-08-23 00:07:47,904] {logging_mixin.py:115} INFO - [2022-08-23 00:07:47,903] {dagbag.py:508} INFO - Filling up the DagBag from /home/airflow/.local/lib/python3.7/site-packages/airflow/example_dags/example_bash_operator.py
[2022-08-23 00:07:47,945] {processor.py:651} INFO - DAG(s) dict_keys(['example_bash_operator']) retrieved from /home/airflow/.local/lib/python3.7/site-packages/airflow/example_dags/example_bash_operator.py
[2022-08-23 00:07:48,019] {logging_mixin.py:115} INFO - [2022-08-23 00:07:48,019] {dag.py:2420} INFO - Sync 1 DAGs
[2022-08-23 00:07:48,329] {logging_mixin.py:115} INFO - [2022-08-23 00:07:48,329] {dag.py:2972} INFO - Setting next_dagrun for example_bash_operator to 2022-08-22T00:00:00+00:00, run_after=2022-08-23T00:00:00+00:00
[2022-08-23 00:07:48,362] {processor.py:161} INFO - Processing /home/airflow/.local/lib/python3.7/site-packages/airflow/example_dags/example_bash_operator.py took 0.475 seconds
[2022-08-23 00:08:19,037] {processor.py:153} INFO - Started process (PID=95724) to work on /home/airflow/.local/lib/python3.7/site-packages/airflow/example_dags/example_bash_operator.py
[2022-08-23 00:08:19,040] {processor.py:641} INFO - Processing file /home/airflow/.local/lib/python3.7/site-packages/airflow/example_dags/example_bash_operator.py for tasks to queue
[2022-08-23 00:08:19,043] {logging_mixin.py:115} INFO - [2022-08-23 00:08:19,043] {dagbag.py:508} INFO - Filling up the DagBag from /home/airflow/.local/lib/python3.7/site-packages/airflow/example_dags/example_bash_operator.py
[2022-08-23 00:08:19,069] {processor.py:651} INFO - DAG(s) dict_keys(['example_bash_operator']) retrieved from /home/airflow/.local/lib/python3.7/site-packages/airflow/example_dags/example_bash_operator.py
[2022-08-23 00:08:19,131] {logging_mixin.py:115} INFO - [2022-08-23 00:08:19,131] {dag.py:2420} INFO - Sync 1 DAGs
[2022-08-23 00:08:19,359] {logging_mixin.py:115} INFO - [2022-08-23 00:08:19,358] {dag.py:2972} INFO - Setting next_dagrun for example_bash_operator to 2022-08-22T00:00:00+00:00, run_after=2022-08-23T00:00:00+00:00
[2022-08-23 00:08:19,384] {processor.py:161} INFO - Processing /home/airflow/.local/lib/python3.7/site-packages/airflow/example_dags/example_bash_operator.py took 0.380 seconds
[2022-08-23 00:08:50,148] {processor.py:153} INFO - Started process (PID=95918) to work on /home/airflow/.local/lib/python3.7/site-packages/airflow/example_dags/example_bash_operator.py
[2022-08-23 00:08:50,152] {processor.py:641} INFO - Processing file /home/airflow/.local/lib/python3.7/site-packages/airflow/example_dags/example_bash_operator.py for tasks to queue
[2022-08-23 00:08:50,159] {logging_mixin.py:115} INFO - [2022-08-23 00:08:50,158] {dagbag.py:508} INFO - Filling up the DagBag from /home/airflow/.local/lib/python3.7/site-packages/airflow/example_dags/example_bash_operator.py
[2022-08-23 00:08:50,376] {processor.py:651} INFO - DAG(s) dict_keys(['example_bash_operator']) retrieved from /home/airflow/.local/lib/python3.7/site-packages/airflow/example_dags/example_bash_operator.py
[2022-08-23 00:08:50,686] {logging_mixin.py:115} INFO - [2022-08-23 00:08:50,686] {dag.py:2420} INFO - Sync 1 DAGs
[2022-08-23 00:08:51,078] {logging_mixin.py:115} INFO - [2022-08-23 00:08:51,078] {dag.py:2972} INFO - Setting next_dagrun for example_bash_operator to 2022-08-22T00:00:00+00:00, run_after=2022-08-23T00:00:00+00:00
[2022-08-23 00:08:51,112] {processor.py:161} INFO - Processing /home/airflow/.local/lib/python3.7/site-packages/airflow/example_dags/example_bash_operator.py took 1.005 seconds
[2022-08-23 00:09:21,233] {processor.py:153} INFO - Started process (PID=96109) to work on /home/airflow/.local/lib/python3.7/site-packages/airflow/example_dags/example_bash_operator.py
[2022-08-23 00:09:21,247] {processor.py:641} INFO - Processing file /home/airflow/.local/lib/python3.7/site-packages/airflow/example_dags/example_bash_operator.py for tasks to queue
[2022-08-23 00:09:21,249] {logging_mixin.py:115} INFO - [2022-08-23 00:09:21,249] {dagbag.py:508} INFO - Filling up the DagBag from /home/airflow/.local/lib/python3.7/site-packages/airflow/example_dags/example_bash_operator.py
[2022-08-23 00:09:21,315] {processor.py:651} INFO - DAG(s) dict_keys(['example_bash_operator']) retrieved from /home/airflow/.local/lib/python3.7/site-packages/airflow/example_dags/example_bash_operator.py
[2022-08-23 00:09:21,433] {logging_mixin.py:115} INFO - [2022-08-23 00:09:21,433] {dag.py:2420} INFO - Sync 1 DAGs
[2022-08-23 00:09:22,181] {logging_mixin.py:115} INFO - [2022-08-23 00:09:22,181] {dag.py:2972} INFO - Setting next_dagrun for example_bash_operator to 2022-08-22T00:00:00+00:00, run_after=2022-08-23T00:00:00+00:00
[2022-08-23 00:09:22,273] {processor.py:161} INFO - Processing /home/airflow/.local/lib/python3.7/site-packages/airflow/example_dags/example_bash_operator.py took 1.055 seconds
[2022-08-23 00:09:53,195] {processor.py:153} INFO - Started process (PID=96304) to work on /home/airflow/.local/lib/python3.7/site-packages/airflow/example_dags/example_bash_operator.py
[2022-08-23 00:09:53,198] {processor.py:641} INFO - Processing file /home/airflow/.local/lib/python3.7/site-packages/airflow/example_dags/example_bash_operator.py for tasks to queue
[2022-08-23 00:09:53,201] {logging_mixin.py:115} INFO - [2022-08-23 00:09:53,201] {dagbag.py:508} INFO - Filling up the DagBag from /home/airflow/.local/lib/python3.7/site-packages/airflow/example_dags/example_bash_operator.py
[2022-08-23 00:09:53,238] {processor.py:651} INFO - DAG(s) dict_keys(['example_bash_operator']) retrieved from /home/airflow/.local/lib/python3.7/site-packages/airflow/example_dags/example_bash_operator.py
[2022-08-23 00:09:53,305] {logging_mixin.py:115} INFO - [2022-08-23 00:09:53,304] {dag.py:2420} INFO - Sync 1 DAGs
[2022-08-23 00:09:53,567] {logging_mixin.py:115} INFO - [2022-08-23 00:09:53,566] {dag.py:2972} INFO - Setting next_dagrun for example_bash_operator to 2022-08-22T00:00:00+00:00, run_after=2022-08-23T00:00:00+00:00
[2022-08-23 00:09:53,627] {processor.py:161} INFO - Processing /home/airflow/.local/lib/python3.7/site-packages/airflow/example_dags/example_bash_operator.py took 0.445 seconds
[2022-08-23 00:10:23,854] {processor.py:153} INFO - Started process (PID=96498) to work on /home/airflow/.local/lib/python3.7/site-packages/airflow/example_dags/example_bash_operator.py
[2022-08-23 00:10:23,865] {processor.py:641} INFO - Processing file /home/airflow/.local/lib/python3.7/site-packages/airflow/example_dags/example_bash_operator.py for tasks to queue
[2022-08-23 00:10:23,867] {logging_mixin.py:115} INFO - [2022-08-23 00:10:23,867] {dagbag.py:508} INFO - Filling up the DagBag from /home/airflow/.local/lib/python3.7/site-packages/airflow/example_dags/example_bash_operator.py
[2022-08-23 00:10:23,892] {processor.py:651} INFO - DAG(s) dict_keys(['example_bash_operator']) retrieved from /home/airflow/.local/lib/python3.7/site-packages/airflow/example_dags/example_bash_operator.py
[2022-08-23 00:10:23,974] {logging_mixin.py:115} INFO - [2022-08-23 00:10:23,973] {dag.py:2420} INFO - Sync 1 DAGs
[2022-08-23 00:10:24,311] {logging_mixin.py:115} INFO - [2022-08-23 00:10:24,310] {dag.py:2972} INFO - Setting next_dagrun for example_bash_operator to 2022-08-22T00:00:00+00:00, run_after=2022-08-23T00:00:00+00:00
[2022-08-23 00:10:24,344] {processor.py:161} INFO - Processing /home/airflow/.local/lib/python3.7/site-packages/airflow/example_dags/example_bash_operator.py took 0.496 seconds
[2022-08-23 00:10:54,499] {processor.py:153} INFO - Started process (PID=96692) to work on /home/airflow/.local/lib/python3.7/site-packages/airflow/example_dags/example_bash_operator.py
[2022-08-23 00:10:54,506] {processor.py:641} INFO - Processing file /home/airflow/.local/lib/python3.7/site-packages/airflow/example_dags/example_bash_operator.py for tasks to queue
[2022-08-23 00:10:54,507] {logging_mixin.py:115} INFO - [2022-08-23 00:10:54,507] {dagbag.py:508} INFO - Filling up the DagBag from /home/airflow/.local/lib/python3.7/site-packages/airflow/example_dags/example_bash_operator.py
[2022-08-23 00:10:54,528] {processor.py:651} INFO - DAG(s) dict_keys(['example_bash_operator']) retrieved from /home/airflow/.local/lib/python3.7/site-packages/airflow/example_dags/example_bash_operator.py
[2022-08-23 00:10:54,618] {logging_mixin.py:115} INFO - [2022-08-23 00:10:54,618] {dag.py:2420} INFO - Sync 1 DAGs
[2022-08-23 00:10:55,088] {logging_mixin.py:115} INFO - [2022-08-23 00:10:55,088] {dag.py:2972} INFO - Setting next_dagrun for example_bash_operator to 2022-08-22T00:00:00+00:00, run_after=2022-08-23T00:00:00+00:00
[2022-08-23 00:10:55,148] {processor.py:161} INFO - Processing /home/airflow/.local/lib/python3.7/site-packages/airflow/example_dags/example_bash_operator.py took 0.654 seconds
[2022-08-23 00:11:26,913] {processor.py:153} INFO - Started process (PID=96897) to work on /home/airflow/.local/lib/python3.7/site-packages/airflow/example_dags/example_bash_operator.py
[2022-08-23 00:11:26,917] {processor.py:641} INFO - Processing file /home/airflow/.local/lib/python3.7/site-packages/airflow/example_dags/example_bash_operator.py for tasks to queue
[2022-08-23 00:11:26,920] {logging_mixin.py:115} INFO - [2022-08-23 00:11:26,919] {dagbag.py:508} INFO - Filling up the DagBag from /home/airflow/.local/lib/python3.7/site-packages/airflow/example_dags/example_bash_operator.py
[2022-08-23 00:11:26,973] {processor.py:651} INFO - DAG(s) dict_keys(['example_bash_operator']) retrieved from /home/airflow/.local/lib/python3.7/site-packages/airflow/example_dags/example_bash_operator.py
[2022-08-23 00:11:27,100] {logging_mixin.py:115} INFO - [2022-08-23 00:11:27,100] {dag.py:2420} INFO - Sync 1 DAGs
[2022-08-23 00:11:27,524] {logging_mixin.py:115} INFO - [2022-08-23 00:11:27,523] {dag.py:2972} INFO - Setting next_dagrun for example_bash_operator to 2022-08-22T00:00:00+00:00, run_after=2022-08-23T00:00:00+00:00
[2022-08-23 00:11:27,586] {processor.py:161} INFO - Processing /home/airflow/.local/lib/python3.7/site-packages/airflow/example_dags/example_bash_operator.py took 0.702 seconds
[2022-08-23 00:11:57,930] {processor.py:153} INFO - Started process (PID=97094) to work on /home/airflow/.local/lib/python3.7/site-packages/airflow/example_dags/example_bash_operator.py
[2022-08-23 00:11:57,935] {processor.py:641} INFO - Processing file /home/airflow/.local/lib/python3.7/site-packages/airflow/example_dags/example_bash_operator.py for tasks to queue
[2022-08-23 00:11:57,944] {logging_mixin.py:115} INFO - [2022-08-23 00:11:57,944] {dagbag.py:508} INFO - Filling up the DagBag from /home/airflow/.local/lib/python3.7/site-packages/airflow/example_dags/example_bash_operator.py
[2022-08-23 00:11:58,005] {processor.py:651} INFO - DAG(s) dict_keys(['example_bash_operator']) retrieved from /home/airflow/.local/lib/python3.7/site-packages/airflow/example_dags/example_bash_operator.py
[2022-08-23 00:11:58,067] {logging_mixin.py:115} INFO - [2022-08-23 00:11:58,067] {dag.py:2420} INFO - Sync 1 DAGs
[2022-08-23 00:11:58,357] {logging_mixin.py:115} INFO - [2022-08-23 00:11:58,357] {dag.py:2972} INFO - Setting next_dagrun for example_bash_operator to 2022-08-22T00:00:00+00:00, run_after=2022-08-23T00:00:00+00:00
[2022-08-23 00:11:58,389] {processor.py:161} INFO - Processing /home/airflow/.local/lib/python3.7/site-packages/airflow/example_dags/example_bash_operator.py took 0.475 seconds
[2022-08-23 00:12:28,807] {processor.py:153} INFO - Started process (PID=97287) to work on /home/airflow/.local/lib/python3.7/site-packages/airflow/example_dags/example_bash_operator.py
[2022-08-23 00:12:28,817] {processor.py:641} INFO - Processing file /home/airflow/.local/lib/python3.7/site-packages/airflow/example_dags/example_bash_operator.py for tasks to queue
[2022-08-23 00:12:28,827] {logging_mixin.py:115} INFO - [2022-08-23 00:12:28,826] {dagbag.py:508} INFO - Filling up the DagBag from /home/airflow/.local/lib/python3.7/site-packages/airflow/example_dags/example_bash_operator.py
[2022-08-23 00:12:28,912] {processor.py:651} INFO - DAG(s) dict_keys(['example_bash_operator']) retrieved from /home/airflow/.local/lib/python3.7/site-packages/airflow/example_dags/example_bash_operator.py
[2022-08-23 00:12:29,030] {logging_mixin.py:115} INFO - [2022-08-23 00:12:29,030] {dag.py:2420} INFO - Sync 1 DAGs
[2022-08-23 00:12:29,620] {logging_mixin.py:115} INFO - [2022-08-23 00:12:29,619] {dag.py:2972} INFO - Setting next_dagrun for example_bash_operator to 2022-08-22T00:00:00+00:00, run_after=2022-08-23T00:00:00+00:00
[2022-08-23 00:12:29,660] {processor.py:161} INFO - Processing /home/airflow/.local/lib/python3.7/site-packages/airflow/example_dags/example_bash_operator.py took 0.861 seconds
[2022-08-23 00:13:00,958] {processor.py:153} INFO - Started process (PID=97480) to work on /home/airflow/.local/lib/python3.7/site-packages/airflow/example_dags/example_bash_operator.py
[2022-08-23 00:13:00,965] {processor.py:641} INFO - Processing file /home/airflow/.local/lib/python3.7/site-packages/airflow/example_dags/example_bash_operator.py for tasks to queue
[2022-08-23 00:13:00,974] {logging_mixin.py:115} INFO - [2022-08-23 00:13:00,973] {dagbag.py:508} INFO - Filling up the DagBag from /home/airflow/.local/lib/python3.7/site-packages/airflow/example_dags/example_bash_operator.py
[2022-08-23 00:13:01,090] {processor.py:651} INFO - DAG(s) dict_keys(['example_bash_operator']) retrieved from /home/airflow/.local/lib/python3.7/site-packages/airflow/example_dags/example_bash_operator.py
[2022-08-23 00:13:01,253] {logging_mixin.py:115} INFO - [2022-08-23 00:13:01,253] {dag.py:2420} INFO - Sync 1 DAGs
[2022-08-23 00:13:01,839] {logging_mixin.py:115} INFO - [2022-08-23 00:13:01,839] {dag.py:2972} INFO - Setting next_dagrun for example_bash_operator to 2022-08-22T00:00:00+00:00, run_after=2022-08-23T00:00:00+00:00
[2022-08-23 00:13:01,884] {processor.py:161} INFO - Processing /home/airflow/.local/lib/python3.7/site-packages/airflow/example_dags/example_bash_operator.py took 0.945 seconds
[2022-08-23 00:13:32,255] {processor.py:153} INFO - Started process (PID=97675) to work on /home/airflow/.local/lib/python3.7/site-packages/airflow/example_dags/example_bash_operator.py
[2022-08-23 00:13:32,261] {processor.py:641} INFO - Processing file /home/airflow/.local/lib/python3.7/site-packages/airflow/example_dags/example_bash_operator.py for tasks to queue
[2022-08-23 00:13:32,264] {logging_mixin.py:115} INFO - [2022-08-23 00:13:32,264] {dagbag.py:508} INFO - Filling up the DagBag from /home/airflow/.local/lib/python3.7/site-packages/airflow/example_dags/example_bash_operator.py
[2022-08-23 00:13:32,308] {processor.py:651} INFO - DAG(s) dict_keys(['example_bash_operator']) retrieved from /home/airflow/.local/lib/python3.7/site-packages/airflow/example_dags/example_bash_operator.py
[2022-08-23 00:13:32,356] {logging_mixin.py:115} INFO - [2022-08-23 00:13:32,356] {dag.py:2420} INFO - Sync 1 DAGs
[2022-08-23 00:13:32,749] {logging_mixin.py:115} INFO - [2022-08-23 00:13:32,749] {dag.py:2972} INFO - Setting next_dagrun for example_bash_operator to 2022-08-22T00:00:00+00:00, run_after=2022-08-23T00:00:00+00:00
[2022-08-23 00:13:32,791] {processor.py:161} INFO - Processing /home/airflow/.local/lib/python3.7/site-packages/airflow/example_dags/example_bash_operator.py took 0.550 seconds
[2022-08-23 00:14:03,158] {processor.py:153} INFO - Started process (PID=97875) to work on /home/airflow/.local/lib/python3.7/site-packages/airflow/example_dags/example_bash_operator.py
[2022-08-23 00:14:03,160] {processor.py:641} INFO - Processing file /home/airflow/.local/lib/python3.7/site-packages/airflow/example_dags/example_bash_operator.py for tasks to queue
[2022-08-23 00:14:03,162] {logging_mixin.py:115} INFO - [2022-08-23 00:14:03,162] {dagbag.py:508} INFO - Filling up the DagBag from /home/airflow/.local/lib/python3.7/site-packages/airflow/example_dags/example_bash_operator.py
[2022-08-23 00:14:03,182] {processor.py:651} INFO - DAG(s) dict_keys(['example_bash_operator']) retrieved from /home/airflow/.local/lib/python3.7/site-packages/airflow/example_dags/example_bash_operator.py
[2022-08-23 00:14:03,222] {logging_mixin.py:115} INFO - [2022-08-23 00:14:03,222] {dag.py:2420} INFO - Sync 1 DAGs
[2022-08-23 00:14:03,498] {logging_mixin.py:115} INFO - [2022-08-23 00:14:03,498] {dag.py:2972} INFO - Setting next_dagrun for example_bash_operator to 2022-08-22T00:00:00+00:00, run_after=2022-08-23T00:00:00+00:00
[2022-08-23 00:14:03,523] {processor.py:161} INFO - Processing /home/airflow/.local/lib/python3.7/site-packages/airflow/example_dags/example_bash_operator.py took 0.373 seconds
[2022-08-23 00:14:33,800] {processor.py:153} INFO - Started process (PID=98065) to work on /home/airflow/.local/lib/python3.7/site-packages/airflow/example_dags/example_bash_operator.py
[2022-08-23 00:14:33,804] {processor.py:641} INFO - Processing file /home/airflow/.local/lib/python3.7/site-packages/airflow/example_dags/example_bash_operator.py for tasks to queue
[2022-08-23 00:14:33,807] {logging_mixin.py:115} INFO - [2022-08-23 00:14:33,807] {dagbag.py:508} INFO - Filling up the DagBag from /home/airflow/.local/lib/python3.7/site-packages/airflow/example_dags/example_bash_operator.py
[2022-08-23 00:14:33,835] {processor.py:651} INFO - DAG(s) dict_keys(['example_bash_operator']) retrieved from /home/airflow/.local/lib/python3.7/site-packages/airflow/example_dags/example_bash_operator.py
[2022-08-23 00:14:33,901] {logging_mixin.py:115} INFO - [2022-08-23 00:14:33,901] {dag.py:2420} INFO - Sync 1 DAGs
[2022-08-23 00:14:34,120] {logging_mixin.py:115} INFO - [2022-08-23 00:14:34,120] {dag.py:2972} INFO - Setting next_dagrun for example_bash_operator to 2022-08-22T00:00:00+00:00, run_after=2022-08-23T00:00:00+00:00
[2022-08-23 00:14:34,143] {processor.py:161} INFO - Processing /home/airflow/.local/lib/python3.7/site-packages/airflow/example_dags/example_bash_operator.py took 0.349 seconds
[2022-08-23 00:15:06,540] {processor.py:153} INFO - Started process (PID=98270) to work on /home/airflow/.local/lib/python3.7/site-packages/airflow/example_dags/example_bash_operator.py
[2022-08-23 00:15:06,548] {processor.py:641} INFO - Processing file /home/airflow/.local/lib/python3.7/site-packages/airflow/example_dags/example_bash_operator.py for tasks to queue
[2022-08-23 00:15:06,552] {logging_mixin.py:115} INFO - [2022-08-23 00:15:06,552] {dagbag.py:508} INFO - Filling up the DagBag from /home/airflow/.local/lib/python3.7/site-packages/airflow/example_dags/example_bash_operator.py
[2022-08-23 00:15:06,586] {processor.py:651} INFO - DAG(s) dict_keys(['example_bash_operator']) retrieved from /home/airflow/.local/lib/python3.7/site-packages/airflow/example_dags/example_bash_operator.py
[2022-08-23 00:15:06,659] {logging_mixin.py:115} INFO - [2022-08-23 00:15:06,659] {dag.py:2420} INFO - Sync 1 DAGs
[2022-08-23 00:15:06,941] {logging_mixin.py:115} INFO - [2022-08-23 00:15:06,941] {dag.py:2972} INFO - Setting next_dagrun for example_bash_operator to 2022-08-22T00:00:00+00:00, run_after=2022-08-23T00:00:00+00:00
[2022-08-23 00:15:06,968] {processor.py:161} INFO - Processing /home/airflow/.local/lib/python3.7/site-packages/airflow/example_dags/example_bash_operator.py took 0.439 seconds
[2022-08-23 00:15:37,300] {processor.py:153} INFO - Started process (PID=98457) to work on /home/airflow/.local/lib/python3.7/site-packages/airflow/example_dags/example_bash_operator.py
[2022-08-23 00:15:37,303] {processor.py:641} INFO - Processing file /home/airflow/.local/lib/python3.7/site-packages/airflow/example_dags/example_bash_operator.py for tasks to queue
[2022-08-23 00:15:37,305] {logging_mixin.py:115} INFO - [2022-08-23 00:15:37,305] {dagbag.py:508} INFO - Filling up the DagBag from /home/airflow/.local/lib/python3.7/site-packages/airflow/example_dags/example_bash_operator.py
[2022-08-23 00:15:37,332] {processor.py:651} INFO - DAG(s) dict_keys(['example_bash_operator']) retrieved from /home/airflow/.local/lib/python3.7/site-packages/airflow/example_dags/example_bash_operator.py
[2022-08-23 00:15:37,384] {logging_mixin.py:115} INFO - [2022-08-23 00:15:37,384] {dag.py:2420} INFO - Sync 1 DAGs
[2022-08-23 00:15:37,614] {logging_mixin.py:115} INFO - [2022-08-23 00:15:37,614] {dag.py:2972} INFO - Setting next_dagrun for example_bash_operator to 2022-08-22T00:00:00+00:00, run_after=2022-08-23T00:00:00+00:00
[2022-08-23 00:15:37,638] {processor.py:161} INFO - Processing /home/airflow/.local/lib/python3.7/site-packages/airflow/example_dags/example_bash_operator.py took 0.347 seconds
[2022-08-23 00:16:07,865] {processor.py:153} INFO - Started process (PID=98648) to work on /home/airflow/.local/lib/python3.7/site-packages/airflow/example_dags/example_bash_operator.py
[2022-08-23 00:16:07,868] {processor.py:641} INFO - Processing file /home/airflow/.local/lib/python3.7/site-packages/airflow/example_dags/example_bash_operator.py for tasks to queue
[2022-08-23 00:16:07,870] {logging_mixin.py:115} INFO - [2022-08-23 00:16:07,870] {dagbag.py:508} INFO - Filling up the DagBag from /home/airflow/.local/lib/python3.7/site-packages/airflow/example_dags/example_bash_operator.py
[2022-08-23 00:16:07,905] {processor.py:651} INFO - DAG(s) dict_keys(['example_bash_operator']) retrieved from /home/airflow/.local/lib/python3.7/site-packages/airflow/example_dags/example_bash_operator.py
[2022-08-23 00:16:07,958] {logging_mixin.py:115} INFO - [2022-08-23 00:16:07,958] {dag.py:2420} INFO - Sync 1 DAGs
[2022-08-23 00:16:08,180] {logging_mixin.py:115} INFO - [2022-08-23 00:16:08,180] {dag.py:2972} INFO - Setting next_dagrun for example_bash_operator to 2022-08-22T00:00:00+00:00, run_after=2022-08-23T00:00:00+00:00
[2022-08-23 00:16:08,227] {processor.py:161} INFO - Processing /home/airflow/.local/lib/python3.7/site-packages/airflow/example_dags/example_bash_operator.py took 0.368 seconds
[2022-08-23 00:16:38,619] {processor.py:153} INFO - Started process (PID=98842) to work on /home/airflow/.local/lib/python3.7/site-packages/airflow/example_dags/example_bash_operator.py
[2022-08-23 00:16:38,660] {processor.py:641} INFO - Processing file /home/airflow/.local/lib/python3.7/site-packages/airflow/example_dags/example_bash_operator.py for tasks to queue
[2022-08-23 00:16:38,667] {logging_mixin.py:115} INFO - [2022-08-23 00:16:38,667] {dagbag.py:508} INFO - Filling up the DagBag from /home/airflow/.local/lib/python3.7/site-packages/airflow/example_dags/example_bash_operator.py
[2022-08-23 00:16:38,790] {processor.py:651} INFO - DAG(s) dict_keys(['example_bash_operator']) retrieved from /home/airflow/.local/lib/python3.7/site-packages/airflow/example_dags/example_bash_operator.py
[2022-08-23 00:16:38,920] {logging_mixin.py:115} INFO - [2022-08-23 00:16:38,920] {dag.py:2420} INFO - Sync 1 DAGs
[2022-08-23 00:16:39,183] {logging_mixin.py:115} INFO - [2022-08-23 00:16:39,182] {dag.py:2972} INFO - Setting next_dagrun for example_bash_operator to 2022-08-22T00:00:00+00:00, run_after=2022-08-23T00:00:00+00:00
[2022-08-23 00:16:39,221] {processor.py:161} INFO - Processing /home/airflow/.local/lib/python3.7/site-packages/airflow/example_dags/example_bash_operator.py took 0.637 seconds
[2022-08-23 00:17:09,850] {processor.py:153} INFO - Started process (PID=99045) to work on /home/airflow/.local/lib/python3.7/site-packages/airflow/example_dags/example_bash_operator.py
[2022-08-23 00:17:09,853] {processor.py:641} INFO - Processing file /home/airflow/.local/lib/python3.7/site-packages/airflow/example_dags/example_bash_operator.py for tasks to queue
[2022-08-23 00:17:09,855] {logging_mixin.py:115} INFO - [2022-08-23 00:17:09,854] {dagbag.py:508} INFO - Filling up the DagBag from /home/airflow/.local/lib/python3.7/site-packages/airflow/example_dags/example_bash_operator.py
[2022-08-23 00:17:09,879] {processor.py:651} INFO - DAG(s) dict_keys(['example_bash_operator']) retrieved from /home/airflow/.local/lib/python3.7/site-packages/airflow/example_dags/example_bash_operator.py
[2022-08-23 00:17:09,923] {logging_mixin.py:115} INFO - [2022-08-23 00:17:09,923] {dag.py:2420} INFO - Sync 1 DAGs
[2022-08-23 00:17:09,964] {logging_mixin.py:115} INFO - [2022-08-23 00:17:09,964] {dag.py:2972} INFO - Setting next_dagrun for example_bash_operator to 2022-08-22T00:00:00+00:00, run_after=2022-08-23T00:00:00+00:00
[2022-08-23 00:17:09,997] {processor.py:161} INFO - Processing /home/airflow/.local/lib/python3.7/site-packages/airflow/example_dags/example_bash_operator.py took 0.152 seconds
[2022-08-23 00:17:40,402] {processor.py:153} INFO - Started process (PID=99239) to work on /home/airflow/.local/lib/python3.7/site-packages/airflow/example_dags/example_bash_operator.py
[2022-08-23 00:17:40,404] {processor.py:641} INFO - Processing file /home/airflow/.local/lib/python3.7/site-packages/airflow/example_dags/example_bash_operator.py for tasks to queue
[2022-08-23 00:17:40,406] {logging_mixin.py:115} INFO - [2022-08-23 00:17:40,406] {dagbag.py:508} INFO - Filling up the DagBag from /home/airflow/.local/lib/python3.7/site-packages/airflow/example_dags/example_bash_operator.py
[2022-08-23 00:17:40,428] {processor.py:651} INFO - DAG(s) dict_keys(['example_bash_operator']) retrieved from /home/airflow/.local/lib/python3.7/site-packages/airflow/example_dags/example_bash_operator.py
[2022-08-23 00:17:40,469] {logging_mixin.py:115} INFO - [2022-08-23 00:17:40,469] {dag.py:2420} INFO - Sync 1 DAGs
[2022-08-23 00:17:40,506] {logging_mixin.py:115} INFO - [2022-08-23 00:17:40,506] {dag.py:2972} INFO - Setting next_dagrun for example_bash_operator to 2022-08-22T00:00:00+00:00, run_after=2022-08-23T00:00:00+00:00
[2022-08-23 00:17:40,526] {processor.py:161} INFO - Processing /home/airflow/.local/lib/python3.7/site-packages/airflow/example_dags/example_bash_operator.py took 0.130 seconds
[2022-08-23 00:18:11,016] {processor.py:153} INFO - Started process (PID=99433) to work on /home/airflow/.local/lib/python3.7/site-packages/airflow/example_dags/example_bash_operator.py
[2022-08-23 00:18:11,019] {processor.py:641} INFO - Processing file /home/airflow/.local/lib/python3.7/site-packages/airflow/example_dags/example_bash_operator.py for tasks to queue
[2022-08-23 00:18:11,022] {logging_mixin.py:115} INFO - [2022-08-23 00:18:11,022] {dagbag.py:508} INFO - Filling up the DagBag from /home/airflow/.local/lib/python3.7/site-packages/airflow/example_dags/example_bash_operator.py
[2022-08-23 00:18:11,044] {processor.py:651} INFO - DAG(s) dict_keys(['example_bash_operator']) retrieved from /home/airflow/.local/lib/python3.7/site-packages/airflow/example_dags/example_bash_operator.py
[2022-08-23 00:18:11,100] {logging_mixin.py:115} INFO - [2022-08-23 00:18:11,099] {dag.py:2420} INFO - Sync 1 DAGs
[2022-08-23 00:18:11,142] {logging_mixin.py:115} INFO - [2022-08-23 00:18:11,142] {dag.py:2972} INFO - Setting next_dagrun for example_bash_operator to 2022-08-22T00:00:00+00:00, run_after=2022-08-23T00:00:00+00:00
[2022-08-23 00:18:11,166] {processor.py:161} INFO - Processing /home/airflow/.local/lib/python3.7/site-packages/airflow/example_dags/example_bash_operator.py took 0.159 seconds
[2022-08-23 00:18:41,500] {processor.py:153} INFO - Started process (PID=99626) to work on /home/airflow/.local/lib/python3.7/site-packages/airflow/example_dags/example_bash_operator.py
[2022-08-23 00:18:41,502] {processor.py:641} INFO - Processing file /home/airflow/.local/lib/python3.7/site-packages/airflow/example_dags/example_bash_operator.py for tasks to queue
[2022-08-23 00:18:41,505] {logging_mixin.py:115} INFO - [2022-08-23 00:18:41,505] {dagbag.py:508} INFO - Filling up the DagBag from /home/airflow/.local/lib/python3.7/site-packages/airflow/example_dags/example_bash_operator.py
[2022-08-23 00:18:41,528] {processor.py:651} INFO - DAG(s) dict_keys(['example_bash_operator']) retrieved from /home/airflow/.local/lib/python3.7/site-packages/airflow/example_dags/example_bash_operator.py
[2022-08-23 00:18:41,577] {logging_mixin.py:115} INFO - [2022-08-23 00:18:41,577] {dag.py:2420} INFO - Sync 1 DAGs
[2022-08-23 00:18:41,625] {logging_mixin.py:115} INFO - [2022-08-23 00:18:41,625] {dag.py:2972} INFO - Setting next_dagrun for example_bash_operator to 2022-08-22T00:00:00+00:00, run_after=2022-08-23T00:00:00+00:00
[2022-08-23 00:18:41,651] {processor.py:161} INFO - Processing /home/airflow/.local/lib/python3.7/site-packages/airflow/example_dags/example_bash_operator.py took 0.160 seconds
[2022-08-23 00:19:11,880] {processor.py:153} INFO - Started process (PID=99829) to work on /home/airflow/.local/lib/python3.7/site-packages/airflow/example_dags/example_bash_operator.py
[2022-08-23 00:19:11,883] {processor.py:641} INFO - Processing file /home/airflow/.local/lib/python3.7/site-packages/airflow/example_dags/example_bash_operator.py for tasks to queue
[2022-08-23 00:19:11,887] {logging_mixin.py:115} INFO - [2022-08-23 00:19:11,887] {dagbag.py:508} INFO - Filling up the DagBag from /home/airflow/.local/lib/python3.7/site-packages/airflow/example_dags/example_bash_operator.py
[2022-08-23 00:19:11,910] {processor.py:651} INFO - DAG(s) dict_keys(['example_bash_operator']) retrieved from /home/airflow/.local/lib/python3.7/site-packages/airflow/example_dags/example_bash_operator.py
[2022-08-23 00:19:11,985] {logging_mixin.py:115} INFO - [2022-08-23 00:19:11,985] {dag.py:2420} INFO - Sync 1 DAGs
[2022-08-23 00:19:12,025] {logging_mixin.py:115} INFO - [2022-08-23 00:19:12,025] {dag.py:2972} INFO - Setting next_dagrun for example_bash_operator to 2022-08-22T00:00:00+00:00, run_after=2022-08-23T00:00:00+00:00
[2022-08-23 00:19:12,046] {processor.py:161} INFO - Processing /home/airflow/.local/lib/python3.7/site-packages/airflow/example_dags/example_bash_operator.py took 0.177 seconds
[2022-08-23 00:19:42,222] {processor.py:153} INFO - Started process (PID=323) to work on /home/airflow/.local/lib/python3.7/site-packages/airflow/example_dags/example_bash_operator.py
[2022-08-23 00:19:42,224] {processor.py:641} INFO - Processing file /home/airflow/.local/lib/python3.7/site-packages/airflow/example_dags/example_bash_operator.py for tasks to queue
[2022-08-23 00:19:42,227] {logging_mixin.py:115} INFO - [2022-08-23 00:19:42,226] {dagbag.py:508} INFO - Filling up the DagBag from /home/airflow/.local/lib/python3.7/site-packages/airflow/example_dags/example_bash_operator.py
[2022-08-23 00:19:42,252] {processor.py:651} INFO - DAG(s) dict_keys(['example_bash_operator']) retrieved from /home/airflow/.local/lib/python3.7/site-packages/airflow/example_dags/example_bash_operator.py
[2022-08-23 00:19:42,327] {logging_mixin.py:115} INFO - [2022-08-23 00:19:42,327] {dag.py:2420} INFO - Sync 1 DAGs
[2022-08-23 00:19:42,465] {logging_mixin.py:115} INFO - [2022-08-23 00:19:42,465] {dag.py:2972} INFO - Setting next_dagrun for example_bash_operator to 2022-08-22T00:00:00+00:00, run_after=2022-08-23T00:00:00+00:00
[2022-08-23 00:19:42,495] {processor.py:161} INFO - Processing /home/airflow/.local/lib/python3.7/site-packages/airflow/example_dags/example_bash_operator.py took 0.283 seconds
[2022-08-23 00:20:13,268] {processor.py:153} INFO - Started process (PID=522) to work on /home/airflow/.local/lib/python3.7/site-packages/airflow/example_dags/example_bash_operator.py
[2022-08-23 00:20:13,272] {processor.py:641} INFO - Processing file /home/airflow/.local/lib/python3.7/site-packages/airflow/example_dags/example_bash_operator.py for tasks to queue
[2022-08-23 00:20:13,277] {logging_mixin.py:115} INFO - [2022-08-23 00:20:13,276] {dagbag.py:508} INFO - Filling up the DagBag from /home/airflow/.local/lib/python3.7/site-packages/airflow/example_dags/example_bash_operator.py
[2022-08-23 00:20:13,323] {processor.py:651} INFO - DAG(s) dict_keys(['example_bash_operator']) retrieved from /home/airflow/.local/lib/python3.7/site-packages/airflow/example_dags/example_bash_operator.py
[2022-08-23 00:20:13,381] {logging_mixin.py:115} INFO - [2022-08-23 00:20:13,381] {dag.py:2420} INFO - Sync 1 DAGs
[2022-08-23 00:20:13,467] {logging_mixin.py:115} INFO - [2022-08-23 00:20:13,467] {dag.py:2972} INFO - Setting next_dagrun for example_bash_operator to 2022-08-22T00:00:00+00:00, run_after=2022-08-23T00:00:00+00:00
[2022-08-23 00:20:13,493] {processor.py:161} INFO - Processing /home/airflow/.local/lib/python3.7/site-packages/airflow/example_dags/example_bash_operator.py took 0.243 seconds
[2022-08-23 00:20:44,434] {processor.py:153} INFO - Started process (PID=716) to work on /home/airflow/.local/lib/python3.7/site-packages/airflow/example_dags/example_bash_operator.py
[2022-08-23 00:20:44,437] {processor.py:641} INFO - Processing file /home/airflow/.local/lib/python3.7/site-packages/airflow/example_dags/example_bash_operator.py for tasks to queue
[2022-08-23 00:20:44,441] {logging_mixin.py:115} INFO - [2022-08-23 00:20:44,440] {dagbag.py:508} INFO - Filling up the DagBag from /home/airflow/.local/lib/python3.7/site-packages/airflow/example_dags/example_bash_operator.py
[2022-08-23 00:20:44,497] {processor.py:651} INFO - DAG(s) dict_keys(['example_bash_operator']) retrieved from /home/airflow/.local/lib/python3.7/site-packages/airflow/example_dags/example_bash_operator.py
[2022-08-23 00:20:44,581] {logging_mixin.py:115} INFO - [2022-08-23 00:20:44,580] {dag.py:2420} INFO - Sync 1 DAGs
[2022-08-23 00:20:44,716] {logging_mixin.py:115} INFO - [2022-08-23 00:20:44,716] {dag.py:2972} INFO - Setting next_dagrun for example_bash_operator to 2022-08-22T00:00:00+00:00, run_after=2022-08-23T00:00:00+00:00
[2022-08-23 00:20:44,809] {processor.py:161} INFO - Processing /home/airflow/.local/lib/python3.7/site-packages/airflow/example_dags/example_bash_operator.py took 0.407 seconds
