[2022-08-23 00:00:25,939] {processor.py:153} INFO - Started process (PID=92738) to work on /home/airflow/.local/lib/python3.7/site-packages/airflow/example_dags/example_branch_python_dop_operator_3.py
[2022-08-23 00:00:25,970] {processor.py:641} INFO - Processing file /home/airflow/.local/lib/python3.7/site-packages/airflow/example_dags/example_branch_python_dop_operator_3.py for tasks to queue
[2022-08-23 00:00:25,974] {logging_mixin.py:115} INFO - [2022-08-23 00:00:25,974] {dagbag.py:508} INFO - Filling up the DagBag from /home/airflow/.local/lib/python3.7/site-packages/airflow/example_dags/example_branch_python_dop_operator_3.py
[2022-08-23 00:00:26,031] {processor.py:651} INFO - DAG(s) dict_keys(['example_branch_dop_operator_v3']) retrieved from /home/airflow/.local/lib/python3.7/site-packages/airflow/example_dags/example_branch_python_dop_operator_3.py
[2022-08-23 00:00:26,159] {logging_mixin.py:115} INFO - [2022-08-23 00:00:26,159] {dag.py:2420} INFO - Sync 1 DAGs
[2022-08-23 00:00:26,426] {logging_mixin.py:115} INFO - [2022-08-23 00:00:26,425] {dag.py:2972} INFO - Setting next_dagrun for example_branch_dop_operator_v3 to 2022-08-22T23:59:00+00:00, run_after=2022-08-23T00:00:00+00:00
[2022-08-23 00:00:26,488] {processor.py:161} INFO - Processing /home/airflow/.local/lib/python3.7/site-packages/airflow/example_dags/example_branch_python_dop_operator_3.py took 0.612 seconds
[2022-08-23 00:00:57,375] {processor.py:153} INFO - Started process (PID=92936) to work on /home/airflow/.local/lib/python3.7/site-packages/airflow/example_dags/example_branch_python_dop_operator_3.py
[2022-08-23 00:00:57,384] {processor.py:641} INFO - Processing file /home/airflow/.local/lib/python3.7/site-packages/airflow/example_dags/example_branch_python_dop_operator_3.py for tasks to queue
[2022-08-23 00:00:57,388] {logging_mixin.py:115} INFO - [2022-08-23 00:00:57,387] {dagbag.py:508} INFO - Filling up the DagBag from /home/airflow/.local/lib/python3.7/site-packages/airflow/example_dags/example_branch_python_dop_operator_3.py
[2022-08-23 00:00:57,430] {processor.py:651} INFO - DAG(s) dict_keys(['example_branch_dop_operator_v3']) retrieved from /home/airflow/.local/lib/python3.7/site-packages/airflow/example_dags/example_branch_python_dop_operator_3.py
[2022-08-23 00:00:57,531] {logging_mixin.py:115} INFO - [2022-08-23 00:00:57,531] {dag.py:2420} INFO - Sync 1 DAGs
[2022-08-23 00:00:57,646] {logging_mixin.py:115} INFO - [2022-08-23 00:00:57,646] {dag.py:2972} INFO - Setting next_dagrun for example_branch_dop_operator_v3 to 2022-08-22T23:59:00+00:00, run_after=2022-08-23T00:00:00+00:00
[2022-08-23 00:00:57,708] {processor.py:161} INFO - Processing /home/airflow/.local/lib/python3.7/site-packages/airflow/example_dags/example_branch_python_dop_operator_3.py took 0.350 seconds
[2022-08-23 00:01:28,503] {processor.py:153} INFO - Started process (PID=93133) to work on /home/airflow/.local/lib/python3.7/site-packages/airflow/example_dags/example_branch_python_dop_operator_3.py
[2022-08-23 00:01:28,506] {processor.py:641} INFO - Processing file /home/airflow/.local/lib/python3.7/site-packages/airflow/example_dags/example_branch_python_dop_operator_3.py for tasks to queue
[2022-08-23 00:01:28,508] {logging_mixin.py:115} INFO - [2022-08-23 00:01:28,508] {dagbag.py:508} INFO - Filling up the DagBag from /home/airflow/.local/lib/python3.7/site-packages/airflow/example_dags/example_branch_python_dop_operator_3.py
[2022-08-23 00:01:28,538] {processor.py:651} INFO - DAG(s) dict_keys(['example_branch_dop_operator_v3']) retrieved from /home/airflow/.local/lib/python3.7/site-packages/airflow/example_dags/example_branch_python_dop_operator_3.py
[2022-08-23 00:01:28,614] {logging_mixin.py:115} INFO - [2022-08-23 00:01:28,614] {dag.py:2420} INFO - Sync 1 DAGs
[2022-08-23 00:01:28,687] {logging_mixin.py:115} INFO - [2022-08-23 00:01:28,687] {dag.py:2972} INFO - Setting next_dagrun for example_branch_dop_operator_v3 to 2022-08-23T00:00:00+00:00, run_after=2022-08-23T00:01:00+00:00
[2022-08-23 00:01:28,718] {processor.py:161} INFO - Processing /home/airflow/.local/lib/python3.7/site-packages/airflow/example_dags/example_branch_python_dop_operator_3.py took 0.227 seconds
[2022-08-23 00:01:58,906] {processor.py:153} INFO - Started process (PID=93323) to work on /home/airflow/.local/lib/python3.7/site-packages/airflow/example_dags/example_branch_python_dop_operator_3.py
[2022-08-23 00:01:58,909] {processor.py:641} INFO - Processing file /home/airflow/.local/lib/python3.7/site-packages/airflow/example_dags/example_branch_python_dop_operator_3.py for tasks to queue
[2022-08-23 00:01:58,911] {logging_mixin.py:115} INFO - [2022-08-23 00:01:58,911] {dagbag.py:508} INFO - Filling up the DagBag from /home/airflow/.local/lib/python3.7/site-packages/airflow/example_dags/example_branch_python_dop_operator_3.py
[2022-08-23 00:01:58,932] {processor.py:651} INFO - DAG(s) dict_keys(['example_branch_dop_operator_v3']) retrieved from /home/airflow/.local/lib/python3.7/site-packages/airflow/example_dags/example_branch_python_dop_operator_3.py
[2022-08-23 00:01:58,975] {logging_mixin.py:115} INFO - [2022-08-23 00:01:58,975] {dag.py:2420} INFO - Sync 1 DAGs
[2022-08-23 00:01:59,029] {logging_mixin.py:115} INFO - [2022-08-23 00:01:59,029] {dag.py:2972} INFO - Setting next_dagrun for example_branch_dop_operator_v3 to 2022-08-23T00:00:00+00:00, run_after=2022-08-23T00:01:00+00:00
[2022-08-23 00:01:59,220] {processor.py:161} INFO - Processing /home/airflow/.local/lib/python3.7/site-packages/airflow/example_dags/example_branch_python_dop_operator_3.py took 0.323 seconds
[2022-08-23 00:02:29,509] {processor.py:153} INFO - Started process (PID=93517) to work on /home/airflow/.local/lib/python3.7/site-packages/airflow/example_dags/example_branch_python_dop_operator_3.py
[2022-08-23 00:02:29,511] {processor.py:641} INFO - Processing file /home/airflow/.local/lib/python3.7/site-packages/airflow/example_dags/example_branch_python_dop_operator_3.py for tasks to queue
[2022-08-23 00:02:29,516] {logging_mixin.py:115} INFO - [2022-08-23 00:02:29,516] {dagbag.py:508} INFO - Filling up the DagBag from /home/airflow/.local/lib/python3.7/site-packages/airflow/example_dags/example_branch_python_dop_operator_3.py
[2022-08-23 00:02:29,565] {processor.py:651} INFO - DAG(s) dict_keys(['example_branch_dop_operator_v3']) retrieved from /home/airflow/.local/lib/python3.7/site-packages/airflow/example_dags/example_branch_python_dop_operator_3.py
[2022-08-23 00:02:29,757] {logging_mixin.py:115} INFO - [2022-08-23 00:02:29,757] {dag.py:2420} INFO - Sync 1 DAGs
[2022-08-23 00:02:29,870] {logging_mixin.py:115} INFO - [2022-08-23 00:02:29,870] {dag.py:2972} INFO - Setting next_dagrun for example_branch_dop_operator_v3 to 2022-08-23T00:01:00+00:00, run_after=2022-08-23T00:02:00+00:00
[2022-08-23 00:02:30,239] {processor.py:161} INFO - Processing /home/airflow/.local/lib/python3.7/site-packages/airflow/example_dags/example_branch_python_dop_operator_3.py took 0.741 seconds
[2022-08-23 00:03:00,933] {processor.py:153} INFO - Started process (PID=93719) to work on /home/airflow/.local/lib/python3.7/site-packages/airflow/example_dags/example_branch_python_dop_operator_3.py
[2022-08-23 00:03:00,944] {processor.py:641} INFO - Processing file /home/airflow/.local/lib/python3.7/site-packages/airflow/example_dags/example_branch_python_dop_operator_3.py for tasks to queue
[2022-08-23 00:03:00,948] {logging_mixin.py:115} INFO - [2022-08-23 00:03:00,947] {dagbag.py:508} INFO - Filling up the DagBag from /home/airflow/.local/lib/python3.7/site-packages/airflow/example_dags/example_branch_python_dop_operator_3.py
[2022-08-23 00:03:00,982] {processor.py:651} INFO - DAG(s) dict_keys(['example_branch_dop_operator_v3']) retrieved from /home/airflow/.local/lib/python3.7/site-packages/airflow/example_dags/example_branch_python_dop_operator_3.py
[2022-08-23 00:03:01,042] {logging_mixin.py:115} INFO - [2022-08-23 00:03:01,041] {dag.py:2420} INFO - Sync 1 DAGs
[2022-08-23 00:03:01,115] {logging_mixin.py:115} INFO - [2022-08-23 00:03:01,115] {dag.py:2972} INFO - Setting next_dagrun for example_branch_dop_operator_v3 to 2022-08-23T00:02:00+00:00, run_after=2022-08-23T00:03:00+00:00
[2022-08-23 00:03:01,473] {processor.py:161} INFO - Processing /home/airflow/.local/lib/python3.7/site-packages/airflow/example_dags/example_branch_python_dop_operator_3.py took 0.558 seconds
[2022-08-23 00:03:32,339] {processor.py:153} INFO - Started process (PID=93922) to work on /home/airflow/.local/lib/python3.7/site-packages/airflow/example_dags/example_branch_python_dop_operator_3.py
[2022-08-23 00:03:32,342] {processor.py:641} INFO - Processing file /home/airflow/.local/lib/python3.7/site-packages/airflow/example_dags/example_branch_python_dop_operator_3.py for tasks to queue
[2022-08-23 00:03:32,345] {logging_mixin.py:115} INFO - [2022-08-23 00:03:32,345] {dagbag.py:508} INFO - Filling up the DagBag from /home/airflow/.local/lib/python3.7/site-packages/airflow/example_dags/example_branch_python_dop_operator_3.py
[2022-08-23 00:03:32,370] {processor.py:651} INFO - DAG(s) dict_keys(['example_branch_dop_operator_v3']) retrieved from /home/airflow/.local/lib/python3.7/site-packages/airflow/example_dags/example_branch_python_dop_operator_3.py
[2022-08-23 00:03:32,481] {logging_mixin.py:115} INFO - [2022-08-23 00:03:32,481] {dag.py:2420} INFO - Sync 1 DAGs
[2022-08-23 00:03:32,814] {logging_mixin.py:115} INFO - [2022-08-23 00:03:32,813] {dag.py:2972} INFO - Setting next_dagrun for example_branch_dop_operator_v3 to 2022-08-23T00:02:00+00:00, run_after=2022-08-23T00:03:00+00:00
[2022-08-23 00:03:33,188] {processor.py:161} INFO - Processing /home/airflow/.local/lib/python3.7/site-packages/airflow/example_dags/example_branch_python_dop_operator_3.py took 0.863 seconds
[2022-08-23 00:04:03,795] {processor.py:153} INFO - Started process (PID=94115) to work on /home/airflow/.local/lib/python3.7/site-packages/airflow/example_dags/example_branch_python_dop_operator_3.py
[2022-08-23 00:04:03,799] {processor.py:641} INFO - Processing file /home/airflow/.local/lib/python3.7/site-packages/airflow/example_dags/example_branch_python_dop_operator_3.py for tasks to queue
[2022-08-23 00:04:03,803] {logging_mixin.py:115} INFO - [2022-08-23 00:04:03,803] {dagbag.py:508} INFO - Filling up the DagBag from /home/airflow/.local/lib/python3.7/site-packages/airflow/example_dags/example_branch_python_dop_operator_3.py
[2022-08-23 00:04:03,843] {processor.py:651} INFO - DAG(s) dict_keys(['example_branch_dop_operator_v3']) retrieved from /home/airflow/.local/lib/python3.7/site-packages/airflow/example_dags/example_branch_python_dop_operator_3.py
[2022-08-23 00:04:03,972] {logging_mixin.py:115} INFO - [2022-08-23 00:04:03,971] {dag.py:2420} INFO - Sync 1 DAGs
[2022-08-23 00:04:04,086] {logging_mixin.py:115} INFO - [2022-08-23 00:04:04,086] {dag.py:2972} INFO - Setting next_dagrun for example_branch_dop_operator_v3 to 2022-08-23T00:03:00+00:00, run_after=2022-08-23T00:04:00+00:00
[2022-08-23 00:04:04,573] {processor.py:161} INFO - Processing /home/airflow/.local/lib/python3.7/site-packages/airflow/example_dags/example_branch_python_dop_operator_3.py took 0.792 seconds
[2022-08-23 00:04:35,743] {processor.py:153} INFO - Started process (PID=94309) to work on /home/airflow/.local/lib/python3.7/site-packages/airflow/example_dags/example_branch_python_dop_operator_3.py
[2022-08-23 00:04:35,750] {processor.py:641} INFO - Processing file /home/airflow/.local/lib/python3.7/site-packages/airflow/example_dags/example_branch_python_dop_operator_3.py for tasks to queue
[2022-08-23 00:04:35,754] {logging_mixin.py:115} INFO - [2022-08-23 00:04:35,754] {dagbag.py:508} INFO - Filling up the DagBag from /home/airflow/.local/lib/python3.7/site-packages/airflow/example_dags/example_branch_python_dop_operator_3.py
[2022-08-23 00:04:35,938] {processor.py:651} INFO - DAG(s) dict_keys(['example_branch_dop_operator_v3']) retrieved from /home/airflow/.local/lib/python3.7/site-packages/airflow/example_dags/example_branch_python_dop_operator_3.py
[2022-08-23 00:04:36,155] {logging_mixin.py:115} INFO - [2022-08-23 00:04:36,155] {dag.py:2420} INFO - Sync 1 DAGs
[2022-08-23 00:04:36,240] {logging_mixin.py:115} INFO - [2022-08-23 00:04:36,240] {dag.py:2972} INFO - Setting next_dagrun for example_branch_dop_operator_v3 to 2022-08-23T00:03:00+00:00, run_after=2022-08-23T00:04:00+00:00
[2022-08-23 00:04:36,868] {processor.py:161} INFO - Processing /home/airflow/.local/lib/python3.7/site-packages/airflow/example_dags/example_branch_python_dop_operator_3.py took 1.246 seconds
[2022-08-23 00:05:06,990] {processor.py:153} INFO - Started process (PID=94510) to work on /home/airflow/.local/lib/python3.7/site-packages/airflow/example_dags/example_branch_python_dop_operator_3.py
[2022-08-23 00:05:06,994] {processor.py:641} INFO - Processing file /home/airflow/.local/lib/python3.7/site-packages/airflow/example_dags/example_branch_python_dop_operator_3.py for tasks to queue
[2022-08-23 00:05:06,998] {logging_mixin.py:115} INFO - [2022-08-23 00:05:06,998] {dagbag.py:508} INFO - Filling up the DagBag from /home/airflow/.local/lib/python3.7/site-packages/airflow/example_dags/example_branch_python_dop_operator_3.py
[2022-08-23 00:05:07,032] {processor.py:651} INFO - DAG(s) dict_keys(['example_branch_dop_operator_v3']) retrieved from /home/airflow/.local/lib/python3.7/site-packages/airflow/example_dags/example_branch_python_dop_operator_3.py
[2022-08-23 00:05:07,113] {logging_mixin.py:115} INFO - [2022-08-23 00:05:07,113] {dag.py:2420} INFO - Sync 1 DAGs
[2022-08-23 00:05:07,316] {logging_mixin.py:115} INFO - [2022-08-23 00:05:07,316] {dag.py:2972} INFO - Setting next_dagrun for example_branch_dop_operator_v3 to 2022-08-23T00:04:00+00:00, run_after=2022-08-23T00:05:00+00:00
[2022-08-23 00:05:08,233] {processor.py:161} INFO - Processing /home/airflow/.local/lib/python3.7/site-packages/airflow/example_dags/example_branch_python_dop_operator_3.py took 1.254 seconds
[2022-08-23 00:05:38,509] {processor.py:153} INFO - Started process (PID=94705) to work on /home/airflow/.local/lib/python3.7/site-packages/airflow/example_dags/example_branch_python_dop_operator_3.py
[2022-08-23 00:05:38,512] {processor.py:641} INFO - Processing file /home/airflow/.local/lib/python3.7/site-packages/airflow/example_dags/example_branch_python_dop_operator_3.py for tasks to queue
[2022-08-23 00:05:38,514] {logging_mixin.py:115} INFO - [2022-08-23 00:05:38,514] {dagbag.py:508} INFO - Filling up the DagBag from /home/airflow/.local/lib/python3.7/site-packages/airflow/example_dags/example_branch_python_dop_operator_3.py
[2022-08-23 00:05:38,537] {processor.py:651} INFO - DAG(s) dict_keys(['example_branch_dop_operator_v3']) retrieved from /home/airflow/.local/lib/python3.7/site-packages/airflow/example_dags/example_branch_python_dop_operator_3.py
[2022-08-23 00:05:38,587] {logging_mixin.py:115} INFO - [2022-08-23 00:05:38,587] {dag.py:2420} INFO - Sync 1 DAGs
[2022-08-23 00:05:38,636] {logging_mixin.py:115} INFO - [2022-08-23 00:05:38,636] {dag.py:2972} INFO - Setting next_dagrun for example_branch_dop_operator_v3 to 2022-08-23T00:04:00+00:00, run_after=2022-08-23T00:05:00+00:00
[2022-08-23 00:05:38,844] {processor.py:161} INFO - Processing /home/airflow/.local/lib/python3.7/site-packages/airflow/example_dags/example_branch_python_dop_operator_3.py took 0.346 seconds
[2022-08-23 00:06:09,076] {processor.py:153} INFO - Started process (PID=94899) to work on /home/airflow/.local/lib/python3.7/site-packages/airflow/example_dags/example_branch_python_dop_operator_3.py
[2022-08-23 00:06:09,078] {processor.py:641} INFO - Processing file /home/airflow/.local/lib/python3.7/site-packages/airflow/example_dags/example_branch_python_dop_operator_3.py for tasks to queue
[2022-08-23 00:06:09,079] {logging_mixin.py:115} INFO - [2022-08-23 00:06:09,079] {dagbag.py:508} INFO - Filling up the DagBag from /home/airflow/.local/lib/python3.7/site-packages/airflow/example_dags/example_branch_python_dop_operator_3.py
[2022-08-23 00:06:09,098] {processor.py:651} INFO - DAG(s) dict_keys(['example_branch_dop_operator_v3']) retrieved from /home/airflow/.local/lib/python3.7/site-packages/airflow/example_dags/example_branch_python_dop_operator_3.py
[2022-08-23 00:06:09,151] {logging_mixin.py:115} INFO - [2022-08-23 00:06:09,151] {dag.py:2420} INFO - Sync 1 DAGs
[2022-08-23 00:06:09,198] {logging_mixin.py:115} INFO - [2022-08-23 00:06:09,198] {dag.py:2972} INFO - Setting next_dagrun for example_branch_dop_operator_v3 to 2022-08-23T00:05:00+00:00, run_after=2022-08-23T00:06:00+00:00
[2022-08-23 00:06:09,417] {processor.py:161} INFO - Processing /home/airflow/.local/lib/python3.7/site-packages/airflow/example_dags/example_branch_python_dop_operator_3.py took 0.347 seconds
[2022-08-23 00:06:39,860] {processor.py:153} INFO - Started process (PID=95093) to work on /home/airflow/.local/lib/python3.7/site-packages/airflow/example_dags/example_branch_python_dop_operator_3.py
[2022-08-23 00:06:39,863] {processor.py:641} INFO - Processing file /home/airflow/.local/lib/python3.7/site-packages/airflow/example_dags/example_branch_python_dop_operator_3.py for tasks to queue
[2022-08-23 00:06:39,865] {logging_mixin.py:115} INFO - [2022-08-23 00:06:39,865] {dagbag.py:508} INFO - Filling up the DagBag from /home/airflow/.local/lib/python3.7/site-packages/airflow/example_dags/example_branch_python_dop_operator_3.py
[2022-08-23 00:06:39,883] {processor.py:651} INFO - DAG(s) dict_keys(['example_branch_dop_operator_v3']) retrieved from /home/airflow/.local/lib/python3.7/site-packages/airflow/example_dags/example_branch_python_dop_operator_3.py
[2022-08-23 00:06:39,927] {logging_mixin.py:115} INFO - [2022-08-23 00:06:39,927] {dag.py:2420} INFO - Sync 1 DAGs
[2022-08-23 00:06:39,981] {logging_mixin.py:115} INFO - [2022-08-23 00:06:39,981] {dag.py:2972} INFO - Setting next_dagrun for example_branch_dop_operator_v3 to 2022-08-23T00:05:00+00:00, run_after=2022-08-23T00:06:00+00:00
[2022-08-23 00:06:40,186] {processor.py:161} INFO - Processing /home/airflow/.local/lib/python3.7/site-packages/airflow/example_dags/example_branch_python_dop_operator_3.py took 0.332 seconds
[2022-08-23 00:07:10,857] {processor.py:153} INFO - Started process (PID=95296) to work on /home/airflow/.local/lib/python3.7/site-packages/airflow/example_dags/example_branch_python_dop_operator_3.py
[2022-08-23 00:07:10,859] {processor.py:641} INFO - Processing file /home/airflow/.local/lib/python3.7/site-packages/airflow/example_dags/example_branch_python_dop_operator_3.py for tasks to queue
[2022-08-23 00:07:10,861] {logging_mixin.py:115} INFO - [2022-08-23 00:07:10,861] {dagbag.py:508} INFO - Filling up the DagBag from /home/airflow/.local/lib/python3.7/site-packages/airflow/example_dags/example_branch_python_dop_operator_3.py
[2022-08-23 00:07:10,881] {processor.py:651} INFO - DAG(s) dict_keys(['example_branch_dop_operator_v3']) retrieved from /home/airflow/.local/lib/python3.7/site-packages/airflow/example_dags/example_branch_python_dop_operator_3.py
[2022-08-23 00:07:10,922] {logging_mixin.py:115} INFO - [2022-08-23 00:07:10,922] {dag.py:2420} INFO - Sync 1 DAGs
[2022-08-23 00:07:10,969] {logging_mixin.py:115} INFO - [2022-08-23 00:07:10,969] {dag.py:2972} INFO - Setting next_dagrun for example_branch_dop_operator_v3 to 2022-08-23T00:06:00+00:00, run_after=2022-08-23T00:07:00+00:00
[2022-08-23 00:07:11,231] {processor.py:161} INFO - Processing /home/airflow/.local/lib/python3.7/site-packages/airflow/example_dags/example_branch_python_dop_operator_3.py took 0.381 seconds
[2022-08-23 00:07:41,503] {processor.py:153} INFO - Started process (PID=95490) to work on /home/airflow/.local/lib/python3.7/site-packages/airflow/example_dags/example_branch_python_dop_operator_3.py
[2022-08-23 00:07:41,661] {processor.py:641} INFO - Processing file /home/airflow/.local/lib/python3.7/site-packages/airflow/example_dags/example_branch_python_dop_operator_3.py for tasks to queue
[2022-08-23 00:07:41,697] {logging_mixin.py:115} INFO - [2022-08-23 00:07:41,697] {dagbag.py:508} INFO - Filling up the DagBag from /home/airflow/.local/lib/python3.7/site-packages/airflow/example_dags/example_branch_python_dop_operator_3.py
[2022-08-23 00:07:41,770] {processor.py:651} INFO - DAG(s) dict_keys(['example_branch_dop_operator_v3']) retrieved from /home/airflow/.local/lib/python3.7/site-packages/airflow/example_dags/example_branch_python_dop_operator_3.py
[2022-08-23 00:07:41,855] {logging_mixin.py:115} INFO - [2022-08-23 00:07:41,855] {dag.py:2420} INFO - Sync 1 DAGs
[2022-08-23 00:07:41,947] {logging_mixin.py:115} INFO - [2022-08-23 00:07:41,947] {dag.py:2972} INFO - Setting next_dagrun for example_branch_dop_operator_v3 to 2022-08-23T00:06:00+00:00, run_after=2022-08-23T00:07:00+00:00
[2022-08-23 00:07:42,197] {processor.py:161} INFO - Processing /home/airflow/.local/lib/python3.7/site-packages/airflow/example_dags/example_branch_python_dop_operator_3.py took 0.720 seconds
[2022-08-23 00:08:12,423] {processor.py:153} INFO - Started process (PID=95682) to work on /home/airflow/.local/lib/python3.7/site-packages/airflow/example_dags/example_branch_python_dop_operator_3.py
[2022-08-23 00:08:12,432] {processor.py:641} INFO - Processing file /home/airflow/.local/lib/python3.7/site-packages/airflow/example_dags/example_branch_python_dop_operator_3.py for tasks to queue
[2022-08-23 00:08:12,438] {logging_mixin.py:115} INFO - [2022-08-23 00:08:12,435] {dagbag.py:508} INFO - Filling up the DagBag from /home/airflow/.local/lib/python3.7/site-packages/airflow/example_dags/example_branch_python_dop_operator_3.py
[2022-08-23 00:08:12,503] {processor.py:651} INFO - DAG(s) dict_keys(['example_branch_dop_operator_v3']) retrieved from /home/airflow/.local/lib/python3.7/site-packages/airflow/example_dags/example_branch_python_dop_operator_3.py
[2022-08-23 00:08:12,600] {logging_mixin.py:115} INFO - [2022-08-23 00:08:12,600] {dag.py:2420} INFO - Sync 1 DAGs
[2022-08-23 00:08:12,693] {logging_mixin.py:115} INFO - [2022-08-23 00:08:12,692] {dag.py:2972} INFO - Setting next_dagrun for example_branch_dop_operator_v3 to 2022-08-23T00:07:00+00:00, run_after=2022-08-23T00:08:00+00:00
[2022-08-23 00:08:13,050] {processor.py:161} INFO - Processing /home/airflow/.local/lib/python3.7/site-packages/airflow/example_dags/example_branch_python_dop_operator_3.py took 0.659 seconds
[2022-08-23 00:08:46,401] {processor.py:153} INFO - Started process (PID=95884) to work on /home/airflow/.local/lib/python3.7/site-packages/airflow/example_dags/example_branch_python_dop_operator_3.py
[2022-08-23 00:08:46,404] {processor.py:641} INFO - Processing file /home/airflow/.local/lib/python3.7/site-packages/airflow/example_dags/example_branch_python_dop_operator_3.py for tasks to queue
[2022-08-23 00:08:46,407] {logging_mixin.py:115} INFO - [2022-08-23 00:08:46,407] {dagbag.py:508} INFO - Filling up the DagBag from /home/airflow/.local/lib/python3.7/site-packages/airflow/example_dags/example_branch_python_dop_operator_3.py
[2022-08-23 00:08:46,452] {processor.py:651} INFO - DAG(s) dict_keys(['example_branch_dop_operator_v3']) retrieved from /home/airflow/.local/lib/python3.7/site-packages/airflow/example_dags/example_branch_python_dop_operator_3.py
[2022-08-23 00:08:46,544] {logging_mixin.py:115} INFO - [2022-08-23 00:08:46,544] {dag.py:2420} INFO - Sync 1 DAGs
[2022-08-23 00:08:46,685] {logging_mixin.py:115} INFO - [2022-08-23 00:08:46,685] {dag.py:2972} INFO - Setting next_dagrun for example_branch_dop_operator_v3 to 2022-08-23T00:07:00+00:00, run_after=2022-08-23T00:08:00+00:00
[2022-08-23 00:08:47,042] {processor.py:161} INFO - Processing /home/airflow/.local/lib/python3.7/site-packages/airflow/example_dags/example_branch_python_dop_operator_3.py took 0.656 seconds
[2022-08-23 00:09:17,186] {processor.py:153} INFO - Started process (PID=96068) to work on /home/airflow/.local/lib/python3.7/site-packages/airflow/example_dags/example_branch_python_dop_operator_3.py
[2022-08-23 00:09:17,192] {processor.py:641} INFO - Processing file /home/airflow/.local/lib/python3.7/site-packages/airflow/example_dags/example_branch_python_dop_operator_3.py for tasks to queue
[2022-08-23 00:09:17,203] {logging_mixin.py:115} INFO - [2022-08-23 00:09:17,202] {dagbag.py:508} INFO - Filling up the DagBag from /home/airflow/.local/lib/python3.7/site-packages/airflow/example_dags/example_branch_python_dop_operator_3.py
[2022-08-23 00:09:17,240] {processor.py:651} INFO - DAG(s) dict_keys(['example_branch_dop_operator_v3']) retrieved from /home/airflow/.local/lib/python3.7/site-packages/airflow/example_dags/example_branch_python_dop_operator_3.py
[2022-08-23 00:09:17,304] {logging_mixin.py:115} INFO - [2022-08-23 00:09:17,304] {dag.py:2420} INFO - Sync 1 DAGs
[2022-08-23 00:09:17,369] {logging_mixin.py:115} INFO - [2022-08-23 00:09:17,369] {dag.py:2972} INFO - Setting next_dagrun for example_branch_dop_operator_v3 to 2022-08-23T00:08:00+00:00, run_after=2022-08-23T00:09:00+00:00
[2022-08-23 00:09:17,757] {processor.py:161} INFO - Processing /home/airflow/.local/lib/python3.7/site-packages/airflow/example_dags/example_branch_python_dop_operator_3.py took 0.580 seconds
[2022-08-23 00:09:50,820] {processor.py:153} INFO - Started process (PID=96281) to work on /home/airflow/.local/lib/python3.7/site-packages/airflow/example_dags/example_branch_python_dop_operator_3.py
[2022-08-23 00:09:50,825] {processor.py:641} INFO - Processing file /home/airflow/.local/lib/python3.7/site-packages/airflow/example_dags/example_branch_python_dop_operator_3.py for tasks to queue
[2022-08-23 00:09:50,829] {logging_mixin.py:115} INFO - [2022-08-23 00:09:50,829] {dagbag.py:508} INFO - Filling up the DagBag from /home/airflow/.local/lib/python3.7/site-packages/airflow/example_dags/example_branch_python_dop_operator_3.py
[2022-08-23 00:09:50,867] {processor.py:651} INFO - DAG(s) dict_keys(['example_branch_dop_operator_v3']) retrieved from /home/airflow/.local/lib/python3.7/site-packages/airflow/example_dags/example_branch_python_dop_operator_3.py
[2022-08-23 00:09:50,942] {logging_mixin.py:115} INFO - [2022-08-23 00:09:50,941] {dag.py:2420} INFO - Sync 1 DAGs
[2022-08-23 00:09:51,053] {logging_mixin.py:115} INFO - [2022-08-23 00:09:51,053] {dag.py:2972} INFO - Setting next_dagrun for example_branch_dop_operator_v3 to 2022-08-23T00:08:00+00:00, run_after=2022-08-23T00:09:00+00:00
[2022-08-23 00:09:51,376] {processor.py:161} INFO - Processing /home/airflow/.local/lib/python3.7/site-packages/airflow/example_dags/example_branch_python_dop_operator_3.py took 0.569 seconds
[2022-08-23 00:10:21,576] {processor.py:153} INFO - Started process (PID=96474) to work on /home/airflow/.local/lib/python3.7/site-packages/airflow/example_dags/example_branch_python_dop_operator_3.py
[2022-08-23 00:10:21,585] {processor.py:641} INFO - Processing file /home/airflow/.local/lib/python3.7/site-packages/airflow/example_dags/example_branch_python_dop_operator_3.py for tasks to queue
[2022-08-23 00:10:21,588] {logging_mixin.py:115} INFO - [2022-08-23 00:10:21,588] {dagbag.py:508} INFO - Filling up the DagBag from /home/airflow/.local/lib/python3.7/site-packages/airflow/example_dags/example_branch_python_dop_operator_3.py
[2022-08-23 00:10:21,617] {processor.py:651} INFO - DAG(s) dict_keys(['example_branch_dop_operator_v3']) retrieved from /home/airflow/.local/lib/python3.7/site-packages/airflow/example_dags/example_branch_python_dop_operator_3.py
[2022-08-23 00:10:21,668] {logging_mixin.py:115} INFO - [2022-08-23 00:10:21,667] {dag.py:2420} INFO - Sync 1 DAGs
[2022-08-23 00:10:21,719] {logging_mixin.py:115} INFO - [2022-08-23 00:10:21,719] {dag.py:2972} INFO - Setting next_dagrun for example_branch_dop_operator_v3 to 2022-08-23T00:09:00+00:00, run_after=2022-08-23T00:10:00+00:00
[2022-08-23 00:10:21,992] {processor.py:161} INFO - Processing /home/airflow/.local/lib/python3.7/site-packages/airflow/example_dags/example_branch_python_dop_operator_3.py took 0.425 seconds
[2022-08-23 00:10:52,668] {processor.py:153} INFO - Started process (PID=96669) to work on /home/airflow/.local/lib/python3.7/site-packages/airflow/example_dags/example_branch_python_dop_operator_3.py
[2022-08-23 00:10:52,672] {processor.py:641} INFO - Processing file /home/airflow/.local/lib/python3.7/site-packages/airflow/example_dags/example_branch_python_dop_operator_3.py for tasks to queue
[2022-08-23 00:10:52,675] {logging_mixin.py:115} INFO - [2022-08-23 00:10:52,675] {dagbag.py:508} INFO - Filling up the DagBag from /home/airflow/.local/lib/python3.7/site-packages/airflow/example_dags/example_branch_python_dop_operator_3.py
[2022-08-23 00:10:52,700] {processor.py:651} INFO - DAG(s) dict_keys(['example_branch_dop_operator_v3']) retrieved from /home/airflow/.local/lib/python3.7/site-packages/airflow/example_dags/example_branch_python_dop_operator_3.py
[2022-08-23 00:10:52,763] {logging_mixin.py:115} INFO - [2022-08-23 00:10:52,763] {dag.py:2420} INFO - Sync 1 DAGs
[2022-08-23 00:10:52,819] {logging_mixin.py:115} INFO - [2022-08-23 00:10:52,819] {dag.py:2972} INFO - Setting next_dagrun for example_branch_dop_operator_v3 to 2022-08-23T00:09:00+00:00, run_after=2022-08-23T00:10:00+00:00
[2022-08-23 00:10:53,043] {processor.py:161} INFO - Processing /home/airflow/.local/lib/python3.7/site-packages/airflow/example_dags/example_branch_python_dop_operator_3.py took 0.390 seconds
[2022-08-23 00:11:24,647] {processor.py:153} INFO - Started process (PID=96874) to work on /home/airflow/.local/lib/python3.7/site-packages/airflow/example_dags/example_branch_python_dop_operator_3.py
[2022-08-23 00:11:24,652] {processor.py:641} INFO - Processing file /home/airflow/.local/lib/python3.7/site-packages/airflow/example_dags/example_branch_python_dop_operator_3.py for tasks to queue
[2022-08-23 00:11:24,655] {logging_mixin.py:115} INFO - [2022-08-23 00:11:24,654] {dagbag.py:508} INFO - Filling up the DagBag from /home/airflow/.local/lib/python3.7/site-packages/airflow/example_dags/example_branch_python_dop_operator_3.py
[2022-08-23 00:11:24,684] {processor.py:651} INFO - DAG(s) dict_keys(['example_branch_dop_operator_v3']) retrieved from /home/airflow/.local/lib/python3.7/site-packages/airflow/example_dags/example_branch_python_dop_operator_3.py
[2022-08-23 00:11:24,742] {logging_mixin.py:115} INFO - [2022-08-23 00:11:24,742] {dag.py:2420} INFO - Sync 1 DAGs
[2022-08-23 00:11:24,855] {logging_mixin.py:115} INFO - [2022-08-23 00:11:24,855] {dag.py:2972} INFO - Setting next_dagrun for example_branch_dop_operator_v3 to 2022-08-23T00:10:00+00:00, run_after=2022-08-23T00:11:00+00:00
[2022-08-23 00:11:25,244] {processor.py:161} INFO - Processing /home/airflow/.local/lib/python3.7/site-packages/airflow/example_dags/example_branch_python_dop_operator_3.py took 0.604 seconds
[2022-08-23 00:11:55,761] {processor.py:153} INFO - Started process (PID=97067) to work on /home/airflow/.local/lib/python3.7/site-packages/airflow/example_dags/example_branch_python_dop_operator_3.py
[2022-08-23 00:11:55,764] {processor.py:641} INFO - Processing file /home/airflow/.local/lib/python3.7/site-packages/airflow/example_dags/example_branch_python_dop_operator_3.py for tasks to queue
[2022-08-23 00:11:55,768] {logging_mixin.py:115} INFO - [2022-08-23 00:11:55,768] {dagbag.py:508} INFO - Filling up the DagBag from /home/airflow/.local/lib/python3.7/site-packages/airflow/example_dags/example_branch_python_dop_operator_3.py
[2022-08-23 00:11:55,812] {processor.py:651} INFO - DAG(s) dict_keys(['example_branch_dop_operator_v3']) retrieved from /home/airflow/.local/lib/python3.7/site-packages/airflow/example_dags/example_branch_python_dop_operator_3.py
[2022-08-23 00:11:55,887] {logging_mixin.py:115} INFO - [2022-08-23 00:11:55,887] {dag.py:2420} INFO - Sync 1 DAGs
[2022-08-23 00:11:56,246] {logging_mixin.py:115} INFO - [2022-08-23 00:11:56,246] {dag.py:2972} INFO - Setting next_dagrun for example_branch_dop_operator_v3 to 2022-08-23T00:10:00+00:00, run_after=2022-08-23T00:11:00+00:00
[2022-08-23 00:11:56,274] {processor.py:161} INFO - Processing /home/airflow/.local/lib/python3.7/site-packages/airflow/example_dags/example_branch_python_dop_operator_3.py took 0.537 seconds
[2022-08-23 00:12:27,019] {processor.py:153} INFO - Started process (PID=97262) to work on /home/airflow/.local/lib/python3.7/site-packages/airflow/example_dags/example_branch_python_dop_operator_3.py
[2022-08-23 00:12:27,022] {processor.py:641} INFO - Processing file /home/airflow/.local/lib/python3.7/site-packages/airflow/example_dags/example_branch_python_dop_operator_3.py for tasks to queue
[2022-08-23 00:12:27,026] {logging_mixin.py:115} INFO - [2022-08-23 00:12:27,025] {dagbag.py:508} INFO - Filling up the DagBag from /home/airflow/.local/lib/python3.7/site-packages/airflow/example_dags/example_branch_python_dop_operator_3.py
[2022-08-23 00:12:27,059] {processor.py:651} INFO - DAG(s) dict_keys(['example_branch_dop_operator_v3']) retrieved from /home/airflow/.local/lib/python3.7/site-packages/airflow/example_dags/example_branch_python_dop_operator_3.py
[2022-08-23 00:12:27,170] {logging_mixin.py:115} INFO - [2022-08-23 00:12:27,169] {dag.py:2420} INFO - Sync 1 DAGs
[2022-08-23 00:12:27,573] {logging_mixin.py:115} INFO - [2022-08-23 00:12:27,573] {dag.py:2972} INFO - Setting next_dagrun for example_branch_dop_operator_v3 to 2022-08-23T00:11:00+00:00, run_after=2022-08-23T00:12:00+00:00
[2022-08-23 00:12:27,613] {processor.py:161} INFO - Processing /home/airflow/.local/lib/python3.7/site-packages/airflow/example_dags/example_branch_python_dop_operator_3.py took 0.600 seconds
[2022-08-23 00:12:58,090] {processor.py:153} INFO - Started process (PID=97455) to work on /home/airflow/.local/lib/python3.7/site-packages/airflow/example_dags/example_branch_python_dop_operator_3.py
[2022-08-23 00:12:58,092] {processor.py:641} INFO - Processing file /home/airflow/.local/lib/python3.7/site-packages/airflow/example_dags/example_branch_python_dop_operator_3.py for tasks to queue
[2022-08-23 00:12:58,096] {logging_mixin.py:115} INFO - [2022-08-23 00:12:58,096] {dagbag.py:508} INFO - Filling up the DagBag from /home/airflow/.local/lib/python3.7/site-packages/airflow/example_dags/example_branch_python_dop_operator_3.py
[2022-08-23 00:12:58,128] {processor.py:651} INFO - DAG(s) dict_keys(['example_branch_dop_operator_v3']) retrieved from /home/airflow/.local/lib/python3.7/site-packages/airflow/example_dags/example_branch_python_dop_operator_3.py
[2022-08-23 00:12:58,196] {logging_mixin.py:115} INFO - [2022-08-23 00:12:58,196] {dag.py:2420} INFO - Sync 1 DAGs
[2022-08-23 00:12:58,470] {logging_mixin.py:115} INFO - [2022-08-23 00:12:58,470] {dag.py:2972} INFO - Setting next_dagrun for example_branch_dop_operator_v3 to 2022-08-23T00:11:00+00:00, run_after=2022-08-23T00:12:00+00:00
[2022-08-23 00:12:58,495] {processor.py:161} INFO - Processing /home/airflow/.local/lib/python3.7/site-packages/airflow/example_dags/example_branch_python_dop_operator_3.py took 0.419 seconds
[2022-08-23 00:13:28,705] {processor.py:153} INFO - Started process (PID=97646) to work on /home/airflow/.local/lib/python3.7/site-packages/airflow/example_dags/example_branch_python_dop_operator_3.py
[2022-08-23 00:13:28,709] {processor.py:641} INFO - Processing file /home/airflow/.local/lib/python3.7/site-packages/airflow/example_dags/example_branch_python_dop_operator_3.py for tasks to queue
[2022-08-23 00:13:28,712] {logging_mixin.py:115} INFO - [2022-08-23 00:13:28,711] {dagbag.py:508} INFO - Filling up the DagBag from /home/airflow/.local/lib/python3.7/site-packages/airflow/example_dags/example_branch_python_dop_operator_3.py
[2022-08-23 00:13:28,729] {processor.py:651} INFO - DAG(s) dict_keys(['example_branch_dop_operator_v3']) retrieved from /home/airflow/.local/lib/python3.7/site-packages/airflow/example_dags/example_branch_python_dop_operator_3.py
[2022-08-23 00:13:28,771] {logging_mixin.py:115} INFO - [2022-08-23 00:13:28,771] {dag.py:2420} INFO - Sync 1 DAGs
[2022-08-23 00:13:29,031] {logging_mixin.py:115} INFO - [2022-08-23 00:13:29,031] {dag.py:2972} INFO - Setting next_dagrun for example_branch_dop_operator_v3 to 2022-08-23T00:12:00+00:00, run_after=2022-08-23T00:13:00+00:00
[2022-08-23 00:13:29,058] {processor.py:161} INFO - Processing /home/airflow/.local/lib/python3.7/site-packages/airflow/example_dags/example_branch_python_dop_operator_3.py took 0.362 seconds
[2022-08-23 00:13:59,720] {processor.py:153} INFO - Started process (PID=97839) to work on /home/airflow/.local/lib/python3.7/site-packages/airflow/example_dags/example_branch_python_dop_operator_3.py
[2022-08-23 00:13:59,724] {processor.py:641} INFO - Processing file /home/airflow/.local/lib/python3.7/site-packages/airflow/example_dags/example_branch_python_dop_operator_3.py for tasks to queue
[2022-08-23 00:13:59,726] {logging_mixin.py:115} INFO - [2022-08-23 00:13:59,725] {dagbag.py:508} INFO - Filling up the DagBag from /home/airflow/.local/lib/python3.7/site-packages/airflow/example_dags/example_branch_python_dop_operator_3.py
[2022-08-23 00:13:59,772] {processor.py:651} INFO - DAG(s) dict_keys(['example_branch_dop_operator_v3']) retrieved from /home/airflow/.local/lib/python3.7/site-packages/airflow/example_dags/example_branch_python_dop_operator_3.py
[2022-08-23 00:13:59,838] {logging_mixin.py:115} INFO - [2022-08-23 00:13:59,838] {dag.py:2420} INFO - Sync 1 DAGs
[2022-08-23 00:14:00,191] {logging_mixin.py:115} INFO - [2022-08-23 00:14:00,191] {dag.py:2972} INFO - Setting next_dagrun for example_branch_dop_operator_v3 to 2022-08-23T00:13:00+00:00, run_after=2022-08-23T00:14:00+00:00
[2022-08-23 00:14:00,226] {processor.py:161} INFO - Processing /home/airflow/.local/lib/python3.7/site-packages/airflow/example_dags/example_branch_python_dop_operator_3.py took 0.530 seconds
[2022-08-23 00:14:30,745] {processor.py:153} INFO - Started process (PID=98034) to work on /home/airflow/.local/lib/python3.7/site-packages/airflow/example_dags/example_branch_python_dop_operator_3.py
[2022-08-23 00:14:30,753] {processor.py:641} INFO - Processing file /home/airflow/.local/lib/python3.7/site-packages/airflow/example_dags/example_branch_python_dop_operator_3.py for tasks to queue
[2022-08-23 00:14:30,758] {logging_mixin.py:115} INFO - [2022-08-23 00:14:30,758] {dagbag.py:508} INFO - Filling up the DagBag from /home/airflow/.local/lib/python3.7/site-packages/airflow/example_dags/example_branch_python_dop_operator_3.py
[2022-08-23 00:14:30,782] {processor.py:651} INFO - DAG(s) dict_keys(['example_branch_dop_operator_v3']) retrieved from /home/airflow/.local/lib/python3.7/site-packages/airflow/example_dags/example_branch_python_dop_operator_3.py
[2022-08-23 00:14:30,862] {logging_mixin.py:115} INFO - [2022-08-23 00:14:30,862] {dag.py:2420} INFO - Sync 1 DAGs
[2022-08-23 00:14:31,087] {logging_mixin.py:115} INFO - [2022-08-23 00:14:31,087] {dag.py:2972} INFO - Setting next_dagrun for example_branch_dop_operator_v3 to 2022-08-23T00:13:00+00:00, run_after=2022-08-23T00:14:00+00:00
[2022-08-23 00:14:31,111] {processor.py:161} INFO - Processing /home/airflow/.local/lib/python3.7/site-packages/airflow/example_dags/example_branch_python_dop_operator_3.py took 0.372 seconds
[2022-08-23 00:15:01,558] {processor.py:153} INFO - Started process (PID=98229) to work on /home/airflow/.local/lib/python3.7/site-packages/airflow/example_dags/example_branch_python_dop_operator_3.py
[2022-08-23 00:15:01,561] {processor.py:641} INFO - Processing file /home/airflow/.local/lib/python3.7/site-packages/airflow/example_dags/example_branch_python_dop_operator_3.py for tasks to queue
[2022-08-23 00:15:01,572] {logging_mixin.py:115} INFO - [2022-08-23 00:15:01,571] {dagbag.py:508} INFO - Filling up the DagBag from /home/airflow/.local/lib/python3.7/site-packages/airflow/example_dags/example_branch_python_dop_operator_3.py
[2022-08-23 00:15:01,600] {processor.py:651} INFO - DAG(s) dict_keys(['example_branch_dop_operator_v3']) retrieved from /home/airflow/.local/lib/python3.7/site-packages/airflow/example_dags/example_branch_python_dop_operator_3.py
[2022-08-23 00:15:01,674] {logging_mixin.py:115} INFO - [2022-08-23 00:15:01,674] {dag.py:2420} INFO - Sync 1 DAGs
[2022-08-23 00:15:01,987] {logging_mixin.py:115} INFO - [2022-08-23 00:15:01,987] {dag.py:2972} INFO - Setting next_dagrun for example_branch_dop_operator_v3 to 2022-08-23T00:14:00+00:00, run_after=2022-08-23T00:15:00+00:00
[2022-08-23 00:15:02,008] {processor.py:161} INFO - Processing /home/airflow/.local/lib/python3.7/site-packages/airflow/example_dags/example_branch_python_dop_operator_3.py took 0.458 seconds
[2022-08-23 00:15:32,455] {processor.py:153} INFO - Started process (PID=98432) to work on /home/airflow/.local/lib/python3.7/site-packages/airflow/example_dags/example_branch_python_dop_operator_3.py
[2022-08-23 00:15:32,465] {processor.py:641} INFO - Processing file /home/airflow/.local/lib/python3.7/site-packages/airflow/example_dags/example_branch_python_dop_operator_3.py for tasks to queue
[2022-08-23 00:15:32,468] {logging_mixin.py:115} INFO - [2022-08-23 00:15:32,468] {dagbag.py:508} INFO - Filling up the DagBag from /home/airflow/.local/lib/python3.7/site-packages/airflow/example_dags/example_branch_python_dop_operator_3.py
[2022-08-23 00:15:32,500] {processor.py:651} INFO - DAG(s) dict_keys(['example_branch_dop_operator_v3']) retrieved from /home/airflow/.local/lib/python3.7/site-packages/airflow/example_dags/example_branch_python_dop_operator_3.py
[2022-08-23 00:15:32,597] {logging_mixin.py:115} INFO - [2022-08-23 00:15:32,597] {dag.py:2420} INFO - Sync 1 DAGs
[2022-08-23 00:15:32,939] {logging_mixin.py:115} INFO - [2022-08-23 00:15:32,939] {dag.py:2972} INFO - Setting next_dagrun for example_branch_dop_operator_v3 to 2022-08-23T00:14:00+00:00, run_after=2022-08-23T00:15:00+00:00
[2022-08-23 00:15:32,968] {processor.py:161} INFO - Processing /home/airflow/.local/lib/python3.7/site-packages/airflow/example_dags/example_branch_python_dop_operator_3.py took 0.519 seconds
[2022-08-23 00:16:03,315] {processor.py:153} INFO - Started process (PID=98626) to work on /home/airflow/.local/lib/python3.7/site-packages/airflow/example_dags/example_branch_python_dop_operator_3.py
[2022-08-23 00:16:03,318] {processor.py:641} INFO - Processing file /home/airflow/.local/lib/python3.7/site-packages/airflow/example_dags/example_branch_python_dop_operator_3.py for tasks to queue
[2022-08-23 00:16:03,321] {logging_mixin.py:115} INFO - [2022-08-23 00:16:03,321] {dagbag.py:508} INFO - Filling up the DagBag from /home/airflow/.local/lib/python3.7/site-packages/airflow/example_dags/example_branch_python_dop_operator_3.py
[2022-08-23 00:16:03,341] {processor.py:651} INFO - DAG(s) dict_keys(['example_branch_dop_operator_v3']) retrieved from /home/airflow/.local/lib/python3.7/site-packages/airflow/example_dags/example_branch_python_dop_operator_3.py
[2022-08-23 00:16:03,395] {logging_mixin.py:115} INFO - [2022-08-23 00:16:03,395] {dag.py:2420} INFO - Sync 1 DAGs
[2022-08-23 00:16:03,647] {logging_mixin.py:115} INFO - [2022-08-23 00:16:03,647] {dag.py:2972} INFO - Setting next_dagrun for example_branch_dop_operator_v3 to 2022-08-23T00:15:00+00:00, run_after=2022-08-23T00:16:00+00:00
[2022-08-23 00:16:03,676] {processor.py:161} INFO - Processing /home/airflow/.local/lib/python3.7/site-packages/airflow/example_dags/example_branch_python_dop_operator_3.py took 0.366 seconds
[2022-08-23 00:16:34,738] {processor.py:153} INFO - Started process (PID=98820) to work on /home/airflow/.local/lib/python3.7/site-packages/airflow/example_dags/example_branch_python_dop_operator_3.py
[2022-08-23 00:16:34,740] {processor.py:641} INFO - Processing file /home/airflow/.local/lib/python3.7/site-packages/airflow/example_dags/example_branch_python_dop_operator_3.py for tasks to queue
[2022-08-23 00:16:34,751] {logging_mixin.py:115} INFO - [2022-08-23 00:16:34,750] {dagbag.py:508} INFO - Filling up the DagBag from /home/airflow/.local/lib/python3.7/site-packages/airflow/example_dags/example_branch_python_dop_operator_3.py
[2022-08-23 00:16:34,827] {processor.py:651} INFO - DAG(s) dict_keys(['example_branch_dop_operator_v3']) retrieved from /home/airflow/.local/lib/python3.7/site-packages/airflow/example_dags/example_branch_python_dop_operator_3.py
[2022-08-23 00:16:34,890] {logging_mixin.py:115} INFO - [2022-08-23 00:16:34,890] {dag.py:2420} INFO - Sync 1 DAGs
[2022-08-23 00:16:35,349] {logging_mixin.py:115} INFO - [2022-08-23 00:16:35,349] {dag.py:2972} INFO - Setting next_dagrun for example_branch_dop_operator_v3 to 2022-08-23T00:15:00+00:00, run_after=2022-08-23T00:16:00+00:00
[2022-08-23 00:16:35,389] {processor.py:161} INFO - Processing /home/airflow/.local/lib/python3.7/site-packages/airflow/example_dags/example_branch_python_dop_operator_3.py took 0.688 seconds
[2022-08-23 00:17:06,973] {processor.py:153} INFO - Started process (PID=99023) to work on /home/airflow/.local/lib/python3.7/site-packages/airflow/example_dags/example_branch_python_dop_operator_3.py
[2022-08-23 00:17:06,989] {processor.py:641} INFO - Processing file /home/airflow/.local/lib/python3.7/site-packages/airflow/example_dags/example_branch_python_dop_operator_3.py for tasks to queue
[2022-08-23 00:17:06,999] {logging_mixin.py:115} INFO - [2022-08-23 00:17:06,999] {dagbag.py:508} INFO - Filling up the DagBag from /home/airflow/.local/lib/python3.7/site-packages/airflow/example_dags/example_branch_python_dop_operator_3.py
[2022-08-23 00:17:07,041] {processor.py:651} INFO - DAG(s) dict_keys(['example_branch_dop_operator_v3']) retrieved from /home/airflow/.local/lib/python3.7/site-packages/airflow/example_dags/example_branch_python_dop_operator_3.py
[2022-08-23 00:17:07,114] {logging_mixin.py:115} INFO - [2022-08-23 00:17:07,114] {dag.py:2420} INFO - Sync 1 DAGs
[2022-08-23 00:17:07,190] {logging_mixin.py:115} INFO - [2022-08-23 00:17:07,190] {dag.py:2972} INFO - Setting next_dagrun for example_branch_dop_operator_v3 to 2022-08-23T00:16:00+00:00, run_after=2022-08-23T00:17:00+00:00
[2022-08-23 00:17:07,237] {processor.py:161} INFO - Processing /home/airflow/.local/lib/python3.7/site-packages/airflow/example_dags/example_branch_python_dop_operator_3.py took 0.276 seconds
[2022-08-23 00:17:37,691] {processor.py:153} INFO - Started process (PID=99210) to work on /home/airflow/.local/lib/python3.7/site-packages/airflow/example_dags/example_branch_python_dop_operator_3.py
[2022-08-23 00:17:37,693] {processor.py:641} INFO - Processing file /home/airflow/.local/lib/python3.7/site-packages/airflow/example_dags/example_branch_python_dop_operator_3.py for tasks to queue
[2022-08-23 00:17:37,694] {logging_mixin.py:115} INFO - [2022-08-23 00:17:37,694] {dagbag.py:508} INFO - Filling up the DagBag from /home/airflow/.local/lib/python3.7/site-packages/airflow/example_dags/example_branch_python_dop_operator_3.py
[2022-08-23 00:17:37,716] {processor.py:651} INFO - DAG(s) dict_keys(['example_branch_dop_operator_v3']) retrieved from /home/airflow/.local/lib/python3.7/site-packages/airflow/example_dags/example_branch_python_dop_operator_3.py
[2022-08-23 00:17:37,787] {logging_mixin.py:115} INFO - [2022-08-23 00:17:37,787] {dag.py:2420} INFO - Sync 1 DAGs
[2022-08-23 00:17:37,847] {logging_mixin.py:115} INFO - [2022-08-23 00:17:37,847] {dag.py:2972} INFO - Setting next_dagrun for example_branch_dop_operator_v3 to 2022-08-23T00:16:00+00:00, run_after=2022-08-23T00:17:00+00:00
[2022-08-23 00:17:37,872] {processor.py:161} INFO - Processing /home/airflow/.local/lib/python3.7/site-packages/airflow/example_dags/example_branch_python_dop_operator_3.py took 0.190 seconds
[2022-08-23 00:18:08,322] {processor.py:153} INFO - Started process (PID=99413) to work on /home/airflow/.local/lib/python3.7/site-packages/airflow/example_dags/example_branch_python_dop_operator_3.py
[2022-08-23 00:18:08,325] {processor.py:641} INFO - Processing file /home/airflow/.local/lib/python3.7/site-packages/airflow/example_dags/example_branch_python_dop_operator_3.py for tasks to queue
[2022-08-23 00:18:08,328] {logging_mixin.py:115} INFO - [2022-08-23 00:18:08,328] {dagbag.py:508} INFO - Filling up the DagBag from /home/airflow/.local/lib/python3.7/site-packages/airflow/example_dags/example_branch_python_dop_operator_3.py
[2022-08-23 00:18:08,353] {processor.py:651} INFO - DAG(s) dict_keys(['example_branch_dop_operator_v3']) retrieved from /home/airflow/.local/lib/python3.7/site-packages/airflow/example_dags/example_branch_python_dop_operator_3.py
[2022-08-23 00:18:08,397] {logging_mixin.py:115} INFO - [2022-08-23 00:18:08,397] {dag.py:2420} INFO - Sync 1 DAGs
[2022-08-23 00:18:08,444] {logging_mixin.py:115} INFO - [2022-08-23 00:18:08,444] {dag.py:2972} INFO - Setting next_dagrun for example_branch_dop_operator_v3 to 2022-08-23T00:17:00+00:00, run_after=2022-08-23T00:18:00+00:00
[2022-08-23 00:18:08,478] {processor.py:161} INFO - Processing /home/airflow/.local/lib/python3.7/site-packages/airflow/example_dags/example_branch_python_dop_operator_3.py took 0.169 seconds
[2022-08-23 00:18:39,473] {processor.py:153} INFO - Started process (PID=99609) to work on /home/airflow/.local/lib/python3.7/site-packages/airflow/example_dags/example_branch_python_dop_operator_3.py
[2022-08-23 00:18:39,480] {processor.py:641} INFO - Processing file /home/airflow/.local/lib/python3.7/site-packages/airflow/example_dags/example_branch_python_dop_operator_3.py for tasks to queue
[2022-08-23 00:18:39,484] {logging_mixin.py:115} INFO - [2022-08-23 00:18:39,483] {dagbag.py:508} INFO - Filling up the DagBag from /home/airflow/.local/lib/python3.7/site-packages/airflow/example_dags/example_branch_python_dop_operator_3.py
[2022-08-23 00:18:39,523] {processor.py:651} INFO - DAG(s) dict_keys(['example_branch_dop_operator_v3']) retrieved from /home/airflow/.local/lib/python3.7/site-packages/airflow/example_dags/example_branch_python_dop_operator_3.py
[2022-08-23 00:18:39,597] {logging_mixin.py:115} INFO - [2022-08-23 00:18:39,597] {dag.py:2420} INFO - Sync 1 DAGs
[2022-08-23 00:18:39,894] {logging_mixin.py:115} INFO - [2022-08-23 00:18:39,894] {dag.py:2972} INFO - Setting next_dagrun for example_branch_dop_operator_v3 to 2022-08-23T00:17:00+00:00, run_after=2022-08-23T00:18:00+00:00
[2022-08-23 00:18:39,924] {processor.py:161} INFO - Processing /home/airflow/.local/lib/python3.7/site-packages/airflow/example_dags/example_branch_python_dop_operator_3.py took 0.466 seconds
[2022-08-23 00:19:10,452] {processor.py:153} INFO - Started process (PID=99814) to work on /home/airflow/.local/lib/python3.7/site-packages/airflow/example_dags/example_branch_python_dop_operator_3.py
[2022-08-23 00:19:10,454] {processor.py:641} INFO - Processing file /home/airflow/.local/lib/python3.7/site-packages/airflow/example_dags/example_branch_python_dop_operator_3.py for tasks to queue
[2022-08-23 00:19:10,457] {logging_mixin.py:115} INFO - [2022-08-23 00:19:10,457] {dagbag.py:508} INFO - Filling up the DagBag from /home/airflow/.local/lib/python3.7/site-packages/airflow/example_dags/example_branch_python_dop_operator_3.py
[2022-08-23 00:19:10,480] {processor.py:651} INFO - DAG(s) dict_keys(['example_branch_dop_operator_v3']) retrieved from /home/airflow/.local/lib/python3.7/site-packages/airflow/example_dags/example_branch_python_dop_operator_3.py
[2022-08-23 00:19:10,527] {logging_mixin.py:115} INFO - [2022-08-23 00:19:10,527] {dag.py:2420} INFO - Sync 1 DAGs
[2022-08-23 00:19:10,571] {logging_mixin.py:115} INFO - [2022-08-23 00:19:10,571] {dag.py:2972} INFO - Setting next_dagrun for example_branch_dop_operator_v3 to 2022-08-23T00:18:00+00:00, run_after=2022-08-23T00:19:00+00:00
[2022-08-23 00:19:10,594] {processor.py:161} INFO - Processing /home/airflow/.local/lib/python3.7/site-packages/airflow/example_dags/example_branch_python_dop_operator_3.py took 0.151 seconds
[2022-08-23 00:19:41,955] {processor.py:153} INFO - Started process (PID=313) to work on /home/airflow/.local/lib/python3.7/site-packages/airflow/example_dags/example_branch_python_dop_operator_3.py
[2022-08-23 00:19:41,957] {processor.py:641} INFO - Processing file /home/airflow/.local/lib/python3.7/site-packages/airflow/example_dags/example_branch_python_dop_operator_3.py for tasks to queue
[2022-08-23 00:19:41,963] {logging_mixin.py:115} INFO - [2022-08-23 00:19:41,962] {dagbag.py:508} INFO - Filling up the DagBag from /home/airflow/.local/lib/python3.7/site-packages/airflow/example_dags/example_branch_python_dop_operator_3.py
[2022-08-23 00:19:41,987] {processor.py:651} INFO - DAG(s) dict_keys(['example_branch_dop_operator_v3']) retrieved from /home/airflow/.local/lib/python3.7/site-packages/airflow/example_dags/example_branch_python_dop_operator_3.py
[2022-08-23 00:19:42,039] {logging_mixin.py:115} INFO - [2022-08-23 00:19:42,038] {dag.py:2420} INFO - Sync 1 DAGs
[2022-08-23 00:19:42,128] {logging_mixin.py:115} INFO - [2022-08-23 00:19:42,127] {dag.py:2972} INFO - Setting next_dagrun for example_branch_dop_operator_v3 to 2022-08-23T00:18:00+00:00, run_after=2022-08-23T00:19:00+00:00
[2022-08-23 00:19:42,157] {processor.py:161} INFO - Processing /home/airflow/.local/lib/python3.7/site-packages/airflow/example_dags/example_branch_python_dop_operator_3.py took 0.209 seconds
[2022-08-23 00:20:12,891] {processor.py:153} INFO - Started process (PID=517) to work on /home/airflow/.local/lib/python3.7/site-packages/airflow/example_dags/example_branch_python_dop_operator_3.py
[2022-08-23 00:20:12,896] {processor.py:641} INFO - Processing file /home/airflow/.local/lib/python3.7/site-packages/airflow/example_dags/example_branch_python_dop_operator_3.py for tasks to queue
[2022-08-23 00:20:12,898] {logging_mixin.py:115} INFO - [2022-08-23 00:20:12,898] {dagbag.py:508} INFO - Filling up the DagBag from /home/airflow/.local/lib/python3.7/site-packages/airflow/example_dags/example_branch_python_dop_operator_3.py
[2022-08-23 00:20:12,928] {processor.py:651} INFO - DAG(s) dict_keys(['example_branch_dop_operator_v3']) retrieved from /home/airflow/.local/lib/python3.7/site-packages/airflow/example_dags/example_branch_python_dop_operator_3.py
[2022-08-23 00:20:13,022] {logging_mixin.py:115} INFO - [2022-08-23 00:20:13,022] {dag.py:2420} INFO - Sync 1 DAGs
[2022-08-23 00:20:13,103] {logging_mixin.py:115} INFO - [2022-08-23 00:20:13,103] {dag.py:2972} INFO - Setting next_dagrun for example_branch_dop_operator_v3 to 2022-08-23T00:19:00+00:00, run_after=2022-08-23T00:20:00+00:00
[2022-08-23 00:20:13,140] {processor.py:161} INFO - Processing /home/airflow/.local/lib/python3.7/site-packages/airflow/example_dags/example_branch_python_dop_operator_3.py took 0.260 seconds
[2022-08-23 00:20:44,012] {processor.py:153} INFO - Started process (PID=711) to work on /home/airflow/.local/lib/python3.7/site-packages/airflow/example_dags/example_branch_python_dop_operator_3.py
[2022-08-23 00:20:44,015] {processor.py:641} INFO - Processing file /home/airflow/.local/lib/python3.7/site-packages/airflow/example_dags/example_branch_python_dop_operator_3.py for tasks to queue
[2022-08-23 00:20:44,018] {logging_mixin.py:115} INFO - [2022-08-23 00:20:44,018] {dagbag.py:508} INFO - Filling up the DagBag from /home/airflow/.local/lib/python3.7/site-packages/airflow/example_dags/example_branch_python_dop_operator_3.py
[2022-08-23 00:20:44,059] {processor.py:651} INFO - DAG(s) dict_keys(['example_branch_dop_operator_v3']) retrieved from /home/airflow/.local/lib/python3.7/site-packages/airflow/example_dags/example_branch_python_dop_operator_3.py
[2022-08-23 00:20:44,145] {logging_mixin.py:115} INFO - [2022-08-23 00:20:44,144] {dag.py:2420} INFO - Sync 1 DAGs
[2022-08-23 00:20:44,252] {logging_mixin.py:115} INFO - [2022-08-23 00:20:44,252] {dag.py:2972} INFO - Setting next_dagrun for example_branch_dop_operator_v3 to 2022-08-23T00:19:00+00:00, run_after=2022-08-23T00:20:00+00:00
[2022-08-23 00:20:44,289] {processor.py:161} INFO - Processing /home/airflow/.local/lib/python3.7/site-packages/airflow/example_dags/example_branch_python_dop_operator_3.py took 0.288 seconds
