[2022-08-23 00:00:33,447] {processor.py:153} INFO - Started process (PID=92785) to work on /home/airflow/.local/lib/python3.7/site-packages/airflow/example_dags/example_trigger_target_dag.py
[2022-08-23 00:00:33,449] {processor.py:641} INFO - Processing file /home/airflow/.local/lib/python3.7/site-packages/airflow/example_dags/example_trigger_target_dag.py for tasks to queue
[2022-08-23 00:00:33,451] {logging_mixin.py:115} INFO - [2022-08-23 00:00:33,451] {dagbag.py:508} INFO - Filling up the DagBag from /home/airflow/.local/lib/python3.7/site-packages/airflow/example_dags/example_trigger_target_dag.py
[2022-08-23 00:00:33,543] {processor.py:651} INFO - DAG(s) dict_keys(['example_trigger_target_dag']) retrieved from /home/airflow/.local/lib/python3.7/site-packages/airflow/example_dags/example_trigger_target_dag.py
[2022-08-23 00:00:33,623] {logging_mixin.py:115} INFO - [2022-08-23 00:00:33,623] {dag.py:2420} INFO - Sync 1 DAGs
[2022-08-23 00:00:33,682] {logging_mixin.py:115} INFO - [2022-08-23 00:00:33,682] {dag.py:2972} INFO - Setting next_dagrun for example_trigger_target_dag to None, run_after=None
[2022-08-23 00:00:34,045] {processor.py:161} INFO - Processing /home/airflow/.local/lib/python3.7/site-packages/airflow/example_dags/example_trigger_target_dag.py took 0.606 seconds
[2022-08-23 00:01:04,368] {processor.py:153} INFO - Started process (PID=92983) to work on /home/airflow/.local/lib/python3.7/site-packages/airflow/example_dags/example_trigger_target_dag.py
[2022-08-23 00:01:04,370] {processor.py:641} INFO - Processing file /home/airflow/.local/lib/python3.7/site-packages/airflow/example_dags/example_trigger_target_dag.py for tasks to queue
[2022-08-23 00:01:04,372] {logging_mixin.py:115} INFO - [2022-08-23 00:01:04,372] {dagbag.py:508} INFO - Filling up the DagBag from /home/airflow/.local/lib/python3.7/site-packages/airflow/example_dags/example_trigger_target_dag.py
[2022-08-23 00:01:04,400] {processor.py:651} INFO - DAG(s) dict_keys(['example_trigger_target_dag']) retrieved from /home/airflow/.local/lib/python3.7/site-packages/airflow/example_dags/example_trigger_target_dag.py
[2022-08-23 00:01:04,444] {logging_mixin.py:115} INFO - [2022-08-23 00:01:04,444] {dag.py:2420} INFO - Sync 1 DAGs
[2022-08-23 00:01:04,479] {logging_mixin.py:115} INFO - [2022-08-23 00:01:04,478] {dag.py:2972} INFO - Setting next_dagrun for example_trigger_target_dag to None, run_after=None
[2022-08-23 00:01:04,671] {processor.py:161} INFO - Processing /home/airflow/.local/lib/python3.7/site-packages/airflow/example_dags/example_trigger_target_dag.py took 0.307 seconds
[2022-08-23 00:01:35,345] {processor.py:153} INFO - Started process (PID=93187) to work on /home/airflow/.local/lib/python3.7/site-packages/airflow/example_dags/example_trigger_target_dag.py
[2022-08-23 00:01:35,360] {processor.py:641} INFO - Processing file /home/airflow/.local/lib/python3.7/site-packages/airflow/example_dags/example_trigger_target_dag.py for tasks to queue
[2022-08-23 00:01:35,362] {logging_mixin.py:115} INFO - [2022-08-23 00:01:35,362] {dagbag.py:508} INFO - Filling up the DagBag from /home/airflow/.local/lib/python3.7/site-packages/airflow/example_dags/example_trigger_target_dag.py
[2022-08-23 00:01:35,501] {processor.py:651} INFO - DAG(s) dict_keys(['example_trigger_target_dag']) retrieved from /home/airflow/.local/lib/python3.7/site-packages/airflow/example_dags/example_trigger_target_dag.py
[2022-08-23 00:01:35,862] {logging_mixin.py:115} INFO - [2022-08-23 00:01:35,861] {dag.py:2420} INFO - Sync 1 DAGs
[2022-08-23 00:01:36,042] {logging_mixin.py:115} INFO - [2022-08-23 00:01:36,042] {dag.py:2972} INFO - Setting next_dagrun for example_trigger_target_dag to None, run_after=None
[2022-08-23 00:01:36,852] {processor.py:161} INFO - Processing /home/airflow/.local/lib/python3.7/site-packages/airflow/example_dags/example_trigger_target_dag.py took 1.533 seconds
[2022-08-23 00:02:07,409] {processor.py:153} INFO - Started process (PID=93382) to work on /home/airflow/.local/lib/python3.7/site-packages/airflow/example_dags/example_trigger_target_dag.py
[2022-08-23 00:02:07,416] {processor.py:641} INFO - Processing file /home/airflow/.local/lib/python3.7/site-packages/airflow/example_dags/example_trigger_target_dag.py for tasks to queue
[2022-08-23 00:02:07,422] {logging_mixin.py:115} INFO - [2022-08-23 00:02:07,422] {dagbag.py:508} INFO - Filling up the DagBag from /home/airflow/.local/lib/python3.7/site-packages/airflow/example_dags/example_trigger_target_dag.py
[2022-08-23 00:02:07,486] {processor.py:651} INFO - DAG(s) dict_keys(['example_trigger_target_dag']) retrieved from /home/airflow/.local/lib/python3.7/site-packages/airflow/example_dags/example_trigger_target_dag.py
[2022-08-23 00:02:07,574] {logging_mixin.py:115} INFO - [2022-08-23 00:02:07,573] {dag.py:2420} INFO - Sync 1 DAGs
[2022-08-23 00:02:08,075] {logging_mixin.py:115} INFO - [2022-08-23 00:02:08,075] {dag.py:2972} INFO - Setting next_dagrun for example_trigger_target_dag to None, run_after=None
[2022-08-23 00:02:08,102] {processor.py:161} INFO - Processing /home/airflow/.local/lib/python3.7/site-packages/airflow/example_dags/example_trigger_target_dag.py took 0.709 seconds
[2022-08-23 00:02:38,525] {processor.py:153} INFO - Started process (PID=93576) to work on /home/airflow/.local/lib/python3.7/site-packages/airflow/example_dags/example_trigger_target_dag.py
[2022-08-23 00:02:38,529] {processor.py:641} INFO - Processing file /home/airflow/.local/lib/python3.7/site-packages/airflow/example_dags/example_trigger_target_dag.py for tasks to queue
[2022-08-23 00:02:38,531] {logging_mixin.py:115} INFO - [2022-08-23 00:02:38,531] {dagbag.py:508} INFO - Filling up the DagBag from /home/airflow/.local/lib/python3.7/site-packages/airflow/example_dags/example_trigger_target_dag.py
[2022-08-23 00:02:38,594] {processor.py:651} INFO - DAG(s) dict_keys(['example_trigger_target_dag']) retrieved from /home/airflow/.local/lib/python3.7/site-packages/airflow/example_dags/example_trigger_target_dag.py
[2022-08-23 00:02:38,650] {logging_mixin.py:115} INFO - [2022-08-23 00:02:38,650] {dag.py:2420} INFO - Sync 1 DAGs
[2022-08-23 00:02:38,885] {logging_mixin.py:115} INFO - [2022-08-23 00:02:38,885] {dag.py:2972} INFO - Setting next_dagrun for example_trigger_target_dag to None, run_after=None
[2022-08-23 00:02:38,931] {processor.py:161} INFO - Processing /home/airflow/.local/lib/python3.7/site-packages/airflow/example_dags/example_trigger_target_dag.py took 0.412 seconds
[2022-08-23 00:03:09,539] {processor.py:153} INFO - Started process (PID=93769) to work on /home/airflow/.local/lib/python3.7/site-packages/airflow/example_dags/example_trigger_target_dag.py
[2022-08-23 00:03:09,552] {processor.py:641} INFO - Processing file /home/airflow/.local/lib/python3.7/site-packages/airflow/example_dags/example_trigger_target_dag.py for tasks to queue
[2022-08-23 00:03:09,561] {logging_mixin.py:115} INFO - [2022-08-23 00:03:09,561] {dagbag.py:508} INFO - Filling up the DagBag from /home/airflow/.local/lib/python3.7/site-packages/airflow/example_dags/example_trigger_target_dag.py
[2022-08-23 00:03:09,680] {processor.py:651} INFO - DAG(s) dict_keys(['example_trigger_target_dag']) retrieved from /home/airflow/.local/lib/python3.7/site-packages/airflow/example_dags/example_trigger_target_dag.py
[2022-08-23 00:03:09,753] {logging_mixin.py:115} INFO - [2022-08-23 00:03:09,752] {dag.py:2420} INFO - Sync 1 DAGs
[2022-08-23 00:03:10,100] {logging_mixin.py:115} INFO - [2022-08-23 00:03:10,100] {dag.py:2972} INFO - Setting next_dagrun for example_trigger_target_dag to None, run_after=None
[2022-08-23 00:03:10,125] {processor.py:161} INFO - Processing /home/airflow/.local/lib/python3.7/site-packages/airflow/example_dags/example_trigger_target_dag.py took 0.621 seconds
[2022-08-23 00:03:42,562] {processor.py:153} INFO - Started process (PID=93969) to work on /home/airflow/.local/lib/python3.7/site-packages/airflow/example_dags/example_trigger_target_dag.py
[2022-08-23 00:03:42,568] {processor.py:641} INFO - Processing file /home/airflow/.local/lib/python3.7/site-packages/airflow/example_dags/example_trigger_target_dag.py for tasks to queue
[2022-08-23 00:03:42,627] {logging_mixin.py:115} INFO - [2022-08-23 00:03:42,627] {dagbag.py:508} INFO - Filling up the DagBag from /home/airflow/.local/lib/python3.7/site-packages/airflow/example_dags/example_trigger_target_dag.py
[2022-08-23 00:03:42,779] {processor.py:651} INFO - DAG(s) dict_keys(['example_trigger_target_dag']) retrieved from /home/airflow/.local/lib/python3.7/site-packages/airflow/example_dags/example_trigger_target_dag.py
[2022-08-23 00:03:43,037] {logging_mixin.py:115} INFO - [2022-08-23 00:03:43,037] {dag.py:2420} INFO - Sync 1 DAGs
[2022-08-23 00:03:43,967] {logging_mixin.py:115} INFO - [2022-08-23 00:03:43,967] {dag.py:2972} INFO - Setting next_dagrun for example_trigger_target_dag to None, run_after=None
[2022-08-23 00:03:44,014] {processor.py:161} INFO - Processing /home/airflow/.local/lib/python3.7/site-packages/airflow/example_dags/example_trigger_target_dag.py took 1.486 seconds
[2022-08-23 00:04:14,233] {processor.py:153} INFO - Started process (PID=94166) to work on /home/airflow/.local/lib/python3.7/site-packages/airflow/example_dags/example_trigger_target_dag.py
[2022-08-23 00:04:14,238] {processor.py:641} INFO - Processing file /home/airflow/.local/lib/python3.7/site-packages/airflow/example_dags/example_trigger_target_dag.py for tasks to queue
[2022-08-23 00:04:14,241] {logging_mixin.py:115} INFO - [2022-08-23 00:04:14,241] {dagbag.py:508} INFO - Filling up the DagBag from /home/airflow/.local/lib/python3.7/site-packages/airflow/example_dags/example_trigger_target_dag.py
[2022-08-23 00:04:14,277] {processor.py:651} INFO - DAG(s) dict_keys(['example_trigger_target_dag']) retrieved from /home/airflow/.local/lib/python3.7/site-packages/airflow/example_dags/example_trigger_target_dag.py
[2022-08-23 00:04:14,359] {logging_mixin.py:115} INFO - [2022-08-23 00:04:14,359] {dag.py:2420} INFO - Sync 1 DAGs
[2022-08-23 00:04:14,659] {logging_mixin.py:115} INFO - [2022-08-23 00:04:14,659] {dag.py:2972} INFO - Setting next_dagrun for example_trigger_target_dag to None, run_after=None
[2022-08-23 00:04:14,697] {processor.py:161} INFO - Processing /home/airflow/.local/lib/python3.7/site-packages/airflow/example_dags/example_trigger_target_dag.py took 0.471 seconds
[2022-08-23 00:04:44,873] {processor.py:153} INFO - Started process (PID=94361) to work on /home/airflow/.local/lib/python3.7/site-packages/airflow/example_dags/example_trigger_target_dag.py
[2022-08-23 00:04:44,876] {processor.py:641} INFO - Processing file /home/airflow/.local/lib/python3.7/site-packages/airflow/example_dags/example_trigger_target_dag.py for tasks to queue
[2022-08-23 00:04:44,879] {logging_mixin.py:115} INFO - [2022-08-23 00:04:44,879] {dagbag.py:508} INFO - Filling up the DagBag from /home/airflow/.local/lib/python3.7/site-packages/airflow/example_dags/example_trigger_target_dag.py
[2022-08-23 00:04:44,916] {processor.py:651} INFO - DAG(s) dict_keys(['example_trigger_target_dag']) retrieved from /home/airflow/.local/lib/python3.7/site-packages/airflow/example_dags/example_trigger_target_dag.py
[2022-08-23 00:04:44,977] {logging_mixin.py:115} INFO - [2022-08-23 00:04:44,977] {dag.py:2420} INFO - Sync 1 DAGs
[2022-08-23 00:04:45,260] {logging_mixin.py:115} INFO - [2022-08-23 00:04:45,260] {dag.py:2972} INFO - Setting next_dagrun for example_trigger_target_dag to None, run_after=None
[2022-08-23 00:04:45,296] {processor.py:161} INFO - Processing /home/airflow/.local/lib/python3.7/site-packages/airflow/example_dags/example_trigger_target_dag.py took 0.433 seconds
[2022-08-23 00:05:15,776] {processor.py:153} INFO - Started process (PID=94553) to work on /home/airflow/.local/lib/python3.7/site-packages/airflow/example_dags/example_trigger_target_dag.py
[2022-08-23 00:05:15,778] {processor.py:641} INFO - Processing file /home/airflow/.local/lib/python3.7/site-packages/airflow/example_dags/example_trigger_target_dag.py for tasks to queue
[2022-08-23 00:05:15,787] {logging_mixin.py:115} INFO - [2022-08-23 00:05:15,787] {dagbag.py:508} INFO - Filling up the DagBag from /home/airflow/.local/lib/python3.7/site-packages/airflow/example_dags/example_trigger_target_dag.py
[2022-08-23 00:05:15,893] {processor.py:651} INFO - DAG(s) dict_keys(['example_trigger_target_dag']) retrieved from /home/airflow/.local/lib/python3.7/site-packages/airflow/example_dags/example_trigger_target_dag.py
[2022-08-23 00:05:15,970] {logging_mixin.py:115} INFO - [2022-08-23 00:05:15,970] {dag.py:2420} INFO - Sync 1 DAGs
[2022-08-23 00:05:16,637] {logging_mixin.py:115} INFO - [2022-08-23 00:05:16,637] {dag.py:2972} INFO - Setting next_dagrun for example_trigger_target_dag to None, run_after=None
[2022-08-23 00:05:16,702] {processor.py:161} INFO - Processing /home/airflow/.local/lib/python3.7/site-packages/airflow/example_dags/example_trigger_target_dag.py took 0.948 seconds
[2022-08-23 00:05:47,039] {processor.py:153} INFO - Started process (PID=94755) to work on /home/airflow/.local/lib/python3.7/site-packages/airflow/example_dags/example_trigger_target_dag.py
[2022-08-23 00:05:47,044] {processor.py:641} INFO - Processing file /home/airflow/.local/lib/python3.7/site-packages/airflow/example_dags/example_trigger_target_dag.py for tasks to queue
[2022-08-23 00:05:47,050] {logging_mixin.py:115} INFO - [2022-08-23 00:05:47,049] {dagbag.py:508} INFO - Filling up the DagBag from /home/airflow/.local/lib/python3.7/site-packages/airflow/example_dags/example_trigger_target_dag.py
[2022-08-23 00:05:47,162] {processor.py:651} INFO - DAG(s) dict_keys(['example_trigger_target_dag']) retrieved from /home/airflow/.local/lib/python3.7/site-packages/airflow/example_dags/example_trigger_target_dag.py
[2022-08-23 00:05:47,223] {logging_mixin.py:115} INFO - [2022-08-23 00:05:47,223] {dag.py:2420} INFO - Sync 1 DAGs
[2022-08-23 00:05:47,658] {logging_mixin.py:115} INFO - [2022-08-23 00:05:47,658] {dag.py:2972} INFO - Setting next_dagrun for example_trigger_target_dag to None, run_after=None
[2022-08-23 00:05:47,699] {processor.py:161} INFO - Processing /home/airflow/.local/lib/python3.7/site-packages/airflow/example_dags/example_trigger_target_dag.py took 0.703 seconds
[2022-08-23 00:06:18,176] {processor.py:153} INFO - Started process (PID=94950) to work on /home/airflow/.local/lib/python3.7/site-packages/airflow/example_dags/example_trigger_target_dag.py
[2022-08-23 00:06:18,179] {processor.py:641} INFO - Processing file /home/airflow/.local/lib/python3.7/site-packages/airflow/example_dags/example_trigger_target_dag.py for tasks to queue
[2022-08-23 00:06:18,181] {logging_mixin.py:115} INFO - [2022-08-23 00:06:18,181] {dagbag.py:508} INFO - Filling up the DagBag from /home/airflow/.local/lib/python3.7/site-packages/airflow/example_dags/example_trigger_target_dag.py
[2022-08-23 00:06:18,273] {processor.py:651} INFO - DAG(s) dict_keys(['example_trigger_target_dag']) retrieved from /home/airflow/.local/lib/python3.7/site-packages/airflow/example_dags/example_trigger_target_dag.py
[2022-08-23 00:06:18,321] {logging_mixin.py:115} INFO - [2022-08-23 00:06:18,321] {dag.py:2420} INFO - Sync 1 DAGs
[2022-08-23 00:06:18,549] {logging_mixin.py:115} INFO - [2022-08-23 00:06:18,549] {dag.py:2972} INFO - Setting next_dagrun for example_trigger_target_dag to None, run_after=None
[2022-08-23 00:06:18,594] {processor.py:161} INFO - Processing /home/airflow/.local/lib/python3.7/site-packages/airflow/example_dags/example_trigger_target_dag.py took 0.435 seconds
[2022-08-23 00:06:49,055] {processor.py:153} INFO - Started process (PID=95144) to work on /home/airflow/.local/lib/python3.7/site-packages/airflow/example_dags/example_trigger_target_dag.py
[2022-08-23 00:06:49,064] {processor.py:641} INFO - Processing file /home/airflow/.local/lib/python3.7/site-packages/airflow/example_dags/example_trigger_target_dag.py for tasks to queue
[2022-08-23 00:06:49,067] {logging_mixin.py:115} INFO - [2022-08-23 00:06:49,067] {dagbag.py:508} INFO - Filling up the DagBag from /home/airflow/.local/lib/python3.7/site-packages/airflow/example_dags/example_trigger_target_dag.py
[2022-08-23 00:06:49,323] {processor.py:651} INFO - DAG(s) dict_keys(['example_trigger_target_dag']) retrieved from /home/airflow/.local/lib/python3.7/site-packages/airflow/example_dags/example_trigger_target_dag.py
[2022-08-23 00:06:49,600] {logging_mixin.py:115} INFO - [2022-08-23 00:06:49,600] {dag.py:2420} INFO - Sync 1 DAGs
[2022-08-23 00:06:50,483] {logging_mixin.py:115} INFO - [2022-08-23 00:06:50,482] {dag.py:2972} INFO - Setting next_dagrun for example_trigger_target_dag to None, run_after=None
[2022-08-23 00:06:50,524] {processor.py:161} INFO - Processing /home/airflow/.local/lib/python3.7/site-packages/airflow/example_dags/example_trigger_target_dag.py took 1.494 seconds
[2022-08-23 00:07:20,730] {processor.py:153} INFO - Started process (PID=95345) to work on /home/airflow/.local/lib/python3.7/site-packages/airflow/example_dags/example_trigger_target_dag.py
[2022-08-23 00:07:20,737] {processor.py:641} INFO - Processing file /home/airflow/.local/lib/python3.7/site-packages/airflow/example_dags/example_trigger_target_dag.py for tasks to queue
[2022-08-23 00:07:20,744] {logging_mixin.py:115} INFO - [2022-08-23 00:07:20,744] {dagbag.py:508} INFO - Filling up the DagBag from /home/airflow/.local/lib/python3.7/site-packages/airflow/example_dags/example_trigger_target_dag.py
[2022-08-23 00:07:20,799] {processor.py:651} INFO - DAG(s) dict_keys(['example_trigger_target_dag']) retrieved from /home/airflow/.local/lib/python3.7/site-packages/airflow/example_dags/example_trigger_target_dag.py
[2022-08-23 00:07:20,897] {logging_mixin.py:115} INFO - [2022-08-23 00:07:20,896] {dag.py:2420} INFO - Sync 1 DAGs
[2022-08-23 00:07:21,466] {logging_mixin.py:115} INFO - [2022-08-23 00:07:21,466] {dag.py:2972} INFO - Setting next_dagrun for example_trigger_target_dag to None, run_after=None
[2022-08-23 00:07:21,512] {processor.py:161} INFO - Processing /home/airflow/.local/lib/python3.7/site-packages/airflow/example_dags/example_trigger_target_dag.py took 0.830 seconds
[2022-08-23 00:07:52,590] {processor.py:153} INFO - Started process (PID=95541) to work on /home/airflow/.local/lib/python3.7/site-packages/airflow/example_dags/example_trigger_target_dag.py
[2022-08-23 00:07:52,597] {processor.py:641} INFO - Processing file /home/airflow/.local/lib/python3.7/site-packages/airflow/example_dags/example_trigger_target_dag.py for tasks to queue
[2022-08-23 00:07:52,602] {logging_mixin.py:115} INFO - [2022-08-23 00:07:52,601] {dagbag.py:508} INFO - Filling up the DagBag from /home/airflow/.local/lib/python3.7/site-packages/airflow/example_dags/example_trigger_target_dag.py
[2022-08-23 00:07:52,641] {processor.py:651} INFO - DAG(s) dict_keys(['example_trigger_target_dag']) retrieved from /home/airflow/.local/lib/python3.7/site-packages/airflow/example_dags/example_trigger_target_dag.py
[2022-08-23 00:07:52,696] {logging_mixin.py:115} INFO - [2022-08-23 00:07:52,695] {dag.py:2420} INFO - Sync 1 DAGs
[2022-08-23 00:07:52,937] {logging_mixin.py:115} INFO - [2022-08-23 00:07:52,937] {dag.py:2972} INFO - Setting next_dagrun for example_trigger_target_dag to None, run_after=None
[2022-08-23 00:07:52,970] {processor.py:161} INFO - Processing /home/airflow/.local/lib/python3.7/site-packages/airflow/example_dags/example_trigger_target_dag.py took 0.391 seconds
[2022-08-23 00:08:23,789] {processor.py:153} INFO - Started process (PID=95734) to work on /home/airflow/.local/lib/python3.7/site-packages/airflow/example_dags/example_trigger_target_dag.py
[2022-08-23 00:08:23,791] {processor.py:641} INFO - Processing file /home/airflow/.local/lib/python3.7/site-packages/airflow/example_dags/example_trigger_target_dag.py for tasks to queue
[2022-08-23 00:08:23,794] {logging_mixin.py:115} INFO - [2022-08-23 00:08:23,794] {dagbag.py:508} INFO - Filling up the DagBag from /home/airflow/.local/lib/python3.7/site-packages/airflow/example_dags/example_trigger_target_dag.py
[2022-08-23 00:08:23,836] {processor.py:651} INFO - DAG(s) dict_keys(['example_trigger_target_dag']) retrieved from /home/airflow/.local/lib/python3.7/site-packages/airflow/example_dags/example_trigger_target_dag.py
[2022-08-23 00:08:23,947] {logging_mixin.py:115} INFO - [2022-08-23 00:08:23,947] {dag.py:2420} INFO - Sync 1 DAGs
[2022-08-23 00:08:24,291] {logging_mixin.py:115} INFO - [2022-08-23 00:08:24,291] {dag.py:2972} INFO - Setting next_dagrun for example_trigger_target_dag to None, run_after=None
[2022-08-23 00:08:24,331] {processor.py:161} INFO - Processing /home/airflow/.local/lib/python3.7/site-packages/airflow/example_dags/example_trigger_target_dag.py took 0.557 seconds
[2022-08-23 00:08:55,248] {processor.py:153} INFO - Started process (PID=95929) to work on /home/airflow/.local/lib/python3.7/site-packages/airflow/example_dags/example_trigger_target_dag.py
[2022-08-23 00:08:55,251] {processor.py:641} INFO - Processing file /home/airflow/.local/lib/python3.7/site-packages/airflow/example_dags/example_trigger_target_dag.py for tasks to queue
[2022-08-23 00:08:55,253] {logging_mixin.py:115} INFO - [2022-08-23 00:08:55,253] {dagbag.py:508} INFO - Filling up the DagBag from /home/airflow/.local/lib/python3.7/site-packages/airflow/example_dags/example_trigger_target_dag.py
[2022-08-23 00:08:55,283] {processor.py:651} INFO - DAG(s) dict_keys(['example_trigger_target_dag']) retrieved from /home/airflow/.local/lib/python3.7/site-packages/airflow/example_dags/example_trigger_target_dag.py
[2022-08-23 00:08:55,331] {logging_mixin.py:115} INFO - [2022-08-23 00:08:55,331] {dag.py:2420} INFO - Sync 1 DAGs
[2022-08-23 00:08:55,556] {logging_mixin.py:115} INFO - [2022-08-23 00:08:55,556] {dag.py:2972} INFO - Setting next_dagrun for example_trigger_target_dag to None, run_after=None
[2022-08-23 00:08:55,805] {processor.py:161} INFO - Processing /home/airflow/.local/lib/python3.7/site-packages/airflow/example_dags/example_trigger_target_dag.py took 0.565 seconds
[2022-08-23 00:09:26,519] {processor.py:153} INFO - Started process (PID=96122) to work on /home/airflow/.local/lib/python3.7/site-packages/airflow/example_dags/example_trigger_target_dag.py
[2022-08-23 00:09:26,522] {processor.py:641} INFO - Processing file /home/airflow/.local/lib/python3.7/site-packages/airflow/example_dags/example_trigger_target_dag.py for tasks to queue
[2022-08-23 00:09:26,524] {logging_mixin.py:115} INFO - [2022-08-23 00:09:26,523] {dagbag.py:508} INFO - Filling up the DagBag from /home/airflow/.local/lib/python3.7/site-packages/airflow/example_dags/example_trigger_target_dag.py
[2022-08-23 00:09:26,577] {processor.py:651} INFO - DAG(s) dict_keys(['example_trigger_target_dag']) retrieved from /home/airflow/.local/lib/python3.7/site-packages/airflow/example_dags/example_trigger_target_dag.py
[2022-08-23 00:09:26,695] {logging_mixin.py:115} INFO - [2022-08-23 00:09:26,695] {dag.py:2420} INFO - Sync 1 DAGs
[2022-08-23 00:09:27,202] {logging_mixin.py:115} INFO - [2022-08-23 00:09:27,202] {dag.py:2972} INFO - Setting next_dagrun for example_trigger_target_dag to None, run_after=None
[2022-08-23 00:09:27,252] {processor.py:161} INFO - Processing /home/airflow/.local/lib/python3.7/site-packages/airflow/example_dags/example_trigger_target_dag.py took 0.762 seconds
[2022-08-23 00:09:57,742] {processor.py:153} INFO - Started process (PID=96316) to work on /home/airflow/.local/lib/python3.7/site-packages/airflow/example_dags/example_trigger_target_dag.py
[2022-08-23 00:09:57,744] {processor.py:641} INFO - Processing file /home/airflow/.local/lib/python3.7/site-packages/airflow/example_dags/example_trigger_target_dag.py for tasks to queue
[2022-08-23 00:09:57,746] {logging_mixin.py:115} INFO - [2022-08-23 00:09:57,746] {dagbag.py:508} INFO - Filling up the DagBag from /home/airflow/.local/lib/python3.7/site-packages/airflow/example_dags/example_trigger_target_dag.py
[2022-08-23 00:09:57,781] {processor.py:651} INFO - DAG(s) dict_keys(['example_trigger_target_dag']) retrieved from /home/airflow/.local/lib/python3.7/site-packages/airflow/example_dags/example_trigger_target_dag.py
[2022-08-23 00:09:57,849] {logging_mixin.py:115} INFO - [2022-08-23 00:09:57,849] {dag.py:2420} INFO - Sync 1 DAGs
[2022-08-23 00:09:58,076] {logging_mixin.py:115} INFO - [2022-08-23 00:09:58,076] {dag.py:2972} INFO - Setting next_dagrun for example_trigger_target_dag to None, run_after=None
[2022-08-23 00:09:58,117] {processor.py:161} INFO - Processing /home/airflow/.local/lib/python3.7/site-packages/airflow/example_dags/example_trigger_target_dag.py took 0.381 seconds
[2022-08-23 00:10:28,437] {processor.py:153} INFO - Started process (PID=96508) to work on /home/airflow/.local/lib/python3.7/site-packages/airflow/example_dags/example_trigger_target_dag.py
[2022-08-23 00:10:28,441] {processor.py:641} INFO - Processing file /home/airflow/.local/lib/python3.7/site-packages/airflow/example_dags/example_trigger_target_dag.py for tasks to queue
[2022-08-23 00:10:28,449] {logging_mixin.py:115} INFO - [2022-08-23 00:10:28,449] {dagbag.py:508} INFO - Filling up the DagBag from /home/airflow/.local/lib/python3.7/site-packages/airflow/example_dags/example_trigger_target_dag.py
[2022-08-23 00:10:28,512] {processor.py:651} INFO - DAG(s) dict_keys(['example_trigger_target_dag']) retrieved from /home/airflow/.local/lib/python3.7/site-packages/airflow/example_dags/example_trigger_target_dag.py
[2022-08-23 00:10:28,570] {logging_mixin.py:115} INFO - [2022-08-23 00:10:28,570] {dag.py:2420} INFO - Sync 1 DAGs
[2022-08-23 00:10:29,013] {logging_mixin.py:115} INFO - [2022-08-23 00:10:29,013] {dag.py:2972} INFO - Setting next_dagrun for example_trigger_target_dag to None, run_after=None
[2022-08-23 00:10:29,055] {processor.py:161} INFO - Processing /home/airflow/.local/lib/python3.7/site-packages/airflow/example_dags/example_trigger_target_dag.py took 0.627 seconds
[2022-08-23 00:10:59,235] {processor.py:153} INFO - Started process (PID=96710) to work on /home/airflow/.local/lib/python3.7/site-packages/airflow/example_dags/example_trigger_target_dag.py
[2022-08-23 00:10:59,237] {processor.py:641} INFO - Processing file /home/airflow/.local/lib/python3.7/site-packages/airflow/example_dags/example_trigger_target_dag.py for tasks to queue
[2022-08-23 00:10:59,239] {logging_mixin.py:115} INFO - [2022-08-23 00:10:59,239] {dagbag.py:508} INFO - Filling up the DagBag from /home/airflow/.local/lib/python3.7/site-packages/airflow/example_dags/example_trigger_target_dag.py
[2022-08-23 00:10:59,273] {processor.py:651} INFO - DAG(s) dict_keys(['example_trigger_target_dag']) retrieved from /home/airflow/.local/lib/python3.7/site-packages/airflow/example_dags/example_trigger_target_dag.py
[2022-08-23 00:10:59,339] {logging_mixin.py:115} INFO - [2022-08-23 00:10:59,338] {dag.py:2420} INFO - Sync 1 DAGs
[2022-08-23 00:10:59,651] {logging_mixin.py:115} INFO - [2022-08-23 00:10:59,651] {dag.py:2972} INFO - Setting next_dagrun for example_trigger_target_dag to None, run_after=None
[2022-08-23 00:10:59,675] {processor.py:161} INFO - Processing /home/airflow/.local/lib/python3.7/site-packages/airflow/example_dags/example_trigger_target_dag.py took 0.446 seconds
[2022-08-23 00:11:30,423] {processor.py:153} INFO - Started process (PID=96907) to work on /home/airflow/.local/lib/python3.7/site-packages/airflow/example_dags/example_trigger_target_dag.py
[2022-08-23 00:11:30,426] {processor.py:641} INFO - Processing file /home/airflow/.local/lib/python3.7/site-packages/airflow/example_dags/example_trigger_target_dag.py for tasks to queue
[2022-08-23 00:11:30,429] {logging_mixin.py:115} INFO - [2022-08-23 00:11:30,429] {dagbag.py:508} INFO - Filling up the DagBag from /home/airflow/.local/lib/python3.7/site-packages/airflow/example_dags/example_trigger_target_dag.py
[2022-08-23 00:11:30,469] {processor.py:651} INFO - DAG(s) dict_keys(['example_trigger_target_dag']) retrieved from /home/airflow/.local/lib/python3.7/site-packages/airflow/example_dags/example_trigger_target_dag.py
[2022-08-23 00:11:30,526] {logging_mixin.py:115} INFO - [2022-08-23 00:11:30,526] {dag.py:2420} INFO - Sync 1 DAGs
[2022-08-23 00:11:30,820] {logging_mixin.py:115} INFO - [2022-08-23 00:11:30,820] {dag.py:2972} INFO - Setting next_dagrun for example_trigger_target_dag to None, run_after=None
[2022-08-23 00:11:30,866] {processor.py:161} INFO - Processing /home/airflow/.local/lib/python3.7/site-packages/airflow/example_dags/example_trigger_target_dag.py took 0.451 seconds
[2022-08-23 00:12:01,368] {processor.py:153} INFO - Started process (PID=97104) to work on /home/airflow/.local/lib/python3.7/site-packages/airflow/example_dags/example_trigger_target_dag.py
[2022-08-23 00:12:01,381] {processor.py:641} INFO - Processing file /home/airflow/.local/lib/python3.7/site-packages/airflow/example_dags/example_trigger_target_dag.py for tasks to queue
[2022-08-23 00:12:01,385] {logging_mixin.py:115} INFO - [2022-08-23 00:12:01,385] {dagbag.py:508} INFO - Filling up the DagBag from /home/airflow/.local/lib/python3.7/site-packages/airflow/example_dags/example_trigger_target_dag.py
[2022-08-23 00:12:01,534] {processor.py:651} INFO - DAG(s) dict_keys(['example_trigger_target_dag']) retrieved from /home/airflow/.local/lib/python3.7/site-packages/airflow/example_dags/example_trigger_target_dag.py
[2022-08-23 00:12:01,682] {logging_mixin.py:115} INFO - [2022-08-23 00:12:01,682] {dag.py:2420} INFO - Sync 1 DAGs
[2022-08-23 00:12:02,184] {logging_mixin.py:115} INFO - [2022-08-23 00:12:02,184] {dag.py:2972} INFO - Setting next_dagrun for example_trigger_target_dag to None, run_after=None
[2022-08-23 00:12:02,243] {processor.py:161} INFO - Processing /home/airflow/.local/lib/python3.7/site-packages/airflow/example_dags/example_trigger_target_dag.py took 0.881 seconds
[2022-08-23 00:12:33,583] {processor.py:153} INFO - Started process (PID=97300) to work on /home/airflow/.local/lib/python3.7/site-packages/airflow/example_dags/example_trigger_target_dag.py
[2022-08-23 00:12:33,589] {processor.py:641} INFO - Processing file /home/airflow/.local/lib/python3.7/site-packages/airflow/example_dags/example_trigger_target_dag.py for tasks to queue
[2022-08-23 00:12:33,879] {logging_mixin.py:115} INFO - [2022-08-23 00:12:33,879] {dagbag.py:508} INFO - Filling up the DagBag from /home/airflow/.local/lib/python3.7/site-packages/airflow/example_dags/example_trigger_target_dag.py
[2022-08-23 00:12:34,188] {processor.py:651} INFO - DAG(s) dict_keys(['example_trigger_target_dag']) retrieved from /home/airflow/.local/lib/python3.7/site-packages/airflow/example_dags/example_trigger_target_dag.py
[2022-08-23 00:12:34,267] {logging_mixin.py:115} INFO - [2022-08-23 00:12:34,266] {dag.py:2420} INFO - Sync 1 DAGs
[2022-08-23 00:12:34,650] {logging_mixin.py:115} INFO - [2022-08-23 00:12:34,650] {dag.py:2972} INFO - Setting next_dagrun for example_trigger_target_dag to None, run_after=None
[2022-08-23 00:12:34,676] {processor.py:161} INFO - Processing /home/airflow/.local/lib/python3.7/site-packages/airflow/example_dags/example_trigger_target_dag.py took 1.142 seconds
[2022-08-23 00:13:05,029] {processor.py:153} INFO - Started process (PID=97493) to work on /home/airflow/.local/lib/python3.7/site-packages/airflow/example_dags/example_trigger_target_dag.py
[2022-08-23 00:13:05,035] {processor.py:641} INFO - Processing file /home/airflow/.local/lib/python3.7/site-packages/airflow/example_dags/example_trigger_target_dag.py for tasks to queue
[2022-08-23 00:13:05,038] {logging_mixin.py:115} INFO - [2022-08-23 00:13:05,038] {dagbag.py:508} INFO - Filling up the DagBag from /home/airflow/.local/lib/python3.7/site-packages/airflow/example_dags/example_trigger_target_dag.py
[2022-08-23 00:13:05,070] {processor.py:651} INFO - DAG(s) dict_keys(['example_trigger_target_dag']) retrieved from /home/airflow/.local/lib/python3.7/site-packages/airflow/example_dags/example_trigger_target_dag.py
[2022-08-23 00:13:05,115] {logging_mixin.py:115} INFO - [2022-08-23 00:13:05,115] {dag.py:2420} INFO - Sync 1 DAGs
[2022-08-23 00:13:05,336] {logging_mixin.py:115} INFO - [2022-08-23 00:13:05,336] {dag.py:2972} INFO - Setting next_dagrun for example_trigger_target_dag to None, run_after=None
[2022-08-23 00:13:05,356] {processor.py:161} INFO - Processing /home/airflow/.local/lib/python3.7/site-packages/airflow/example_dags/example_trigger_target_dag.py took 0.335 seconds
[2022-08-23 00:13:35,656] {processor.py:153} INFO - Started process (PID=97697) to work on /home/airflow/.local/lib/python3.7/site-packages/airflow/example_dags/example_trigger_target_dag.py
[2022-08-23 00:13:35,659] {processor.py:641} INFO - Processing file /home/airflow/.local/lib/python3.7/site-packages/airflow/example_dags/example_trigger_target_dag.py for tasks to queue
[2022-08-23 00:13:35,666] {logging_mixin.py:115} INFO - [2022-08-23 00:13:35,666] {dagbag.py:508} INFO - Filling up the DagBag from /home/airflow/.local/lib/python3.7/site-packages/airflow/example_dags/example_trigger_target_dag.py
[2022-08-23 00:13:35,697] {processor.py:651} INFO - DAG(s) dict_keys(['example_trigger_target_dag']) retrieved from /home/airflow/.local/lib/python3.7/site-packages/airflow/example_dags/example_trigger_target_dag.py
[2022-08-23 00:13:35,771] {logging_mixin.py:115} INFO - [2022-08-23 00:13:35,771] {dag.py:2420} INFO - Sync 1 DAGs
[2022-08-23 00:13:36,137] {logging_mixin.py:115} INFO - [2022-08-23 00:13:36,137] {dag.py:2972} INFO - Setting next_dagrun for example_trigger_target_dag to None, run_after=None
[2022-08-23 00:13:36,207] {processor.py:161} INFO - Processing /home/airflow/.local/lib/python3.7/site-packages/airflow/example_dags/example_trigger_target_dag.py took 0.564 seconds
[2022-08-23 00:14:06,631] {processor.py:153} INFO - Started process (PID=97892) to work on /home/airflow/.local/lib/python3.7/site-packages/airflow/example_dags/example_trigger_target_dag.py
[2022-08-23 00:14:06,635] {processor.py:641} INFO - Processing file /home/airflow/.local/lib/python3.7/site-packages/airflow/example_dags/example_trigger_target_dag.py for tasks to queue
[2022-08-23 00:14:06,638] {logging_mixin.py:115} INFO - [2022-08-23 00:14:06,638] {dagbag.py:508} INFO - Filling up the DagBag from /home/airflow/.local/lib/python3.7/site-packages/airflow/example_dags/example_trigger_target_dag.py
[2022-08-23 00:14:06,691] {processor.py:651} INFO - DAG(s) dict_keys(['example_trigger_target_dag']) retrieved from /home/airflow/.local/lib/python3.7/site-packages/airflow/example_dags/example_trigger_target_dag.py
[2022-08-23 00:14:06,777] {logging_mixin.py:115} INFO - [2022-08-23 00:14:06,776] {dag.py:2420} INFO - Sync 1 DAGs
[2022-08-23 00:14:07,131] {logging_mixin.py:115} INFO - [2022-08-23 00:14:07,130] {dag.py:2972} INFO - Setting next_dagrun for example_trigger_target_dag to None, run_after=None
[2022-08-23 00:14:07,162] {processor.py:161} INFO - Processing /home/airflow/.local/lib/python3.7/site-packages/airflow/example_dags/example_trigger_target_dag.py took 0.554 seconds
[2022-08-23 00:14:37,387] {processor.py:153} INFO - Started process (PID=98084) to work on /home/airflow/.local/lib/python3.7/site-packages/airflow/example_dags/example_trigger_target_dag.py
[2022-08-23 00:14:37,390] {processor.py:641} INFO - Processing file /home/airflow/.local/lib/python3.7/site-packages/airflow/example_dags/example_trigger_target_dag.py for tasks to queue
[2022-08-23 00:14:37,393] {logging_mixin.py:115} INFO - [2022-08-23 00:14:37,393] {dagbag.py:508} INFO - Filling up the DagBag from /home/airflow/.local/lib/python3.7/site-packages/airflow/example_dags/example_trigger_target_dag.py
[2022-08-23 00:14:37,442] {processor.py:651} INFO - DAG(s) dict_keys(['example_trigger_target_dag']) retrieved from /home/airflow/.local/lib/python3.7/site-packages/airflow/example_dags/example_trigger_target_dag.py
[2022-08-23 00:14:37,535] {logging_mixin.py:115} INFO - [2022-08-23 00:14:37,535] {dag.py:2420} INFO - Sync 1 DAGs
[2022-08-23 00:14:37,971] {logging_mixin.py:115} INFO - [2022-08-23 00:14:37,971] {dag.py:2972} INFO - Setting next_dagrun for example_trigger_target_dag to None, run_after=None
[2022-08-23 00:14:38,000] {processor.py:161} INFO - Processing /home/airflow/.local/lib/python3.7/site-packages/airflow/example_dags/example_trigger_target_dag.py took 0.620 seconds
[2022-08-23 00:15:08,330] {processor.py:153} INFO - Started process (PID=98282) to work on /home/airflow/.local/lib/python3.7/site-packages/airflow/example_dags/example_trigger_target_dag.py
[2022-08-23 00:15:08,334] {processor.py:641} INFO - Processing file /home/airflow/.local/lib/python3.7/site-packages/airflow/example_dags/example_trigger_target_dag.py for tasks to queue
[2022-08-23 00:15:08,338] {logging_mixin.py:115} INFO - [2022-08-23 00:15:08,338] {dagbag.py:508} INFO - Filling up the DagBag from /home/airflow/.local/lib/python3.7/site-packages/airflow/example_dags/example_trigger_target_dag.py
[2022-08-23 00:15:08,387] {processor.py:651} INFO - DAG(s) dict_keys(['example_trigger_target_dag']) retrieved from /home/airflow/.local/lib/python3.7/site-packages/airflow/example_dags/example_trigger_target_dag.py
[2022-08-23 00:15:08,530] {logging_mixin.py:115} INFO - [2022-08-23 00:15:08,530] {dag.py:2420} INFO - Sync 1 DAGs
[2022-08-23 00:15:08,795] {logging_mixin.py:115} INFO - [2022-08-23 00:15:08,795] {dag.py:2972} INFO - Setting next_dagrun for example_trigger_target_dag to None, run_after=None
[2022-08-23 00:15:08,820] {processor.py:161} INFO - Processing /home/airflow/.local/lib/python3.7/site-packages/airflow/example_dags/example_trigger_target_dag.py took 0.497 seconds
[2022-08-23 00:15:39,231] {processor.py:153} INFO - Started process (PID=98475) to work on /home/airflow/.local/lib/python3.7/site-packages/airflow/example_dags/example_trigger_target_dag.py
[2022-08-23 00:15:39,236] {processor.py:641} INFO - Processing file /home/airflow/.local/lib/python3.7/site-packages/airflow/example_dags/example_trigger_target_dag.py for tasks to queue
[2022-08-23 00:15:39,239] {logging_mixin.py:115} INFO - [2022-08-23 00:15:39,239] {dagbag.py:508} INFO - Filling up the DagBag from /home/airflow/.local/lib/python3.7/site-packages/airflow/example_dags/example_trigger_target_dag.py
[2022-08-23 00:15:39,287] {processor.py:651} INFO - DAG(s) dict_keys(['example_trigger_target_dag']) retrieved from /home/airflow/.local/lib/python3.7/site-packages/airflow/example_dags/example_trigger_target_dag.py
[2022-08-23 00:15:39,333] {logging_mixin.py:115} INFO - [2022-08-23 00:15:39,333] {dag.py:2420} INFO - Sync 1 DAGs
[2022-08-23 00:15:39,582] {logging_mixin.py:115} INFO - [2022-08-23 00:15:39,582] {dag.py:2972} INFO - Setting next_dagrun for example_trigger_target_dag to None, run_after=None
[2022-08-23 00:15:39,608] {processor.py:161} INFO - Processing /home/airflow/.local/lib/python3.7/site-packages/airflow/example_dags/example_trigger_target_dag.py took 0.385 seconds
[2022-08-23 00:16:11,855] {processor.py:153} INFO - Started process (PID=98674) to work on /home/airflow/.local/lib/python3.7/site-packages/airflow/example_dags/example_trigger_target_dag.py
[2022-08-23 00:16:11,859] {processor.py:641} INFO - Processing file /home/airflow/.local/lib/python3.7/site-packages/airflow/example_dags/example_trigger_target_dag.py for tasks to queue
[2022-08-23 00:16:11,868] {logging_mixin.py:115} INFO - [2022-08-23 00:16:11,868] {dagbag.py:508} INFO - Filling up the DagBag from /home/airflow/.local/lib/python3.7/site-packages/airflow/example_dags/example_trigger_target_dag.py
[2022-08-23 00:16:11,917] {processor.py:651} INFO - DAG(s) dict_keys(['example_trigger_target_dag']) retrieved from /home/airflow/.local/lib/python3.7/site-packages/airflow/example_dags/example_trigger_target_dag.py
[2022-08-23 00:16:12,109] {logging_mixin.py:115} INFO - [2022-08-23 00:16:12,108] {dag.py:2420} INFO - Sync 1 DAGs
[2022-08-23 00:16:12,873] {logging_mixin.py:115} INFO - [2022-08-23 00:16:12,873] {dag.py:2972} INFO - Setting next_dagrun for example_trigger_target_dag to None, run_after=None
[2022-08-23 00:16:12,896] {processor.py:161} INFO - Processing /home/airflow/.local/lib/python3.7/site-packages/airflow/example_dags/example_trigger_target_dag.py took 1.049 seconds
[2022-08-23 00:16:43,227] {processor.py:153} INFO - Started process (PID=98870) to work on /home/airflow/.local/lib/python3.7/site-packages/airflow/example_dags/example_trigger_target_dag.py
[2022-08-23 00:16:43,232] {processor.py:641} INFO - Processing file /home/airflow/.local/lib/python3.7/site-packages/airflow/example_dags/example_trigger_target_dag.py for tasks to queue
[2022-08-23 00:16:43,235] {logging_mixin.py:115} INFO - [2022-08-23 00:16:43,235] {dagbag.py:508} INFO - Filling up the DagBag from /home/airflow/.local/lib/python3.7/site-packages/airflow/example_dags/example_trigger_target_dag.py
[2022-08-23 00:16:43,266] {processor.py:651} INFO - DAG(s) dict_keys(['example_trigger_target_dag']) retrieved from /home/airflow/.local/lib/python3.7/site-packages/airflow/example_dags/example_trigger_target_dag.py
[2022-08-23 00:16:43,314] {logging_mixin.py:115} INFO - [2022-08-23 00:16:43,314] {dag.py:2420} INFO - Sync 1 DAGs
[2022-08-23 00:16:43,703] {logging_mixin.py:115} INFO - [2022-08-23 00:16:43,702] {dag.py:2972} INFO - Setting next_dagrun for example_trigger_target_dag to None, run_after=None
[2022-08-23 00:16:43,738] {processor.py:161} INFO - Processing /home/airflow/.local/lib/python3.7/site-packages/airflow/example_dags/example_trigger_target_dag.py took 0.536 seconds
[2022-08-23 00:17:14,139] {processor.py:153} INFO - Started process (PID=99058) to work on /home/airflow/.local/lib/python3.7/site-packages/airflow/example_dags/example_trigger_target_dag.py
[2022-08-23 00:17:14,160] {processor.py:641} INFO - Processing file /home/airflow/.local/lib/python3.7/site-packages/airflow/example_dags/example_trigger_target_dag.py for tasks to queue
[2022-08-23 00:17:14,239] {logging_mixin.py:115} INFO - [2022-08-23 00:17:14,239] {dagbag.py:508} INFO - Filling up the DagBag from /home/airflow/.local/lib/python3.7/site-packages/airflow/example_dags/example_trigger_target_dag.py
[2022-08-23 00:17:14,956] {processor.py:651} INFO - DAG(s) dict_keys(['example_trigger_target_dag']) retrieved from /home/airflow/.local/lib/python3.7/site-packages/airflow/example_dags/example_trigger_target_dag.py
[2022-08-23 00:17:15,669] {logging_mixin.py:115} INFO - [2022-08-23 00:17:15,669] {dag.py:2420} INFO - Sync 1 DAGs
[2022-08-23 00:17:16,359] {logging_mixin.py:115} INFO - [2022-08-23 00:17:16,359] {dag.py:2972} INFO - Setting next_dagrun for example_trigger_target_dag to None, run_after=None
[2022-08-23 00:17:16,681] {processor.py:161} INFO - Processing /home/airflow/.local/lib/python3.7/site-packages/airflow/example_dags/example_trigger_target_dag.py took 2.557 seconds
[2022-08-23 00:17:47,628] {processor.py:153} INFO - Started process (PID=99249) to work on /home/airflow/.local/lib/python3.7/site-packages/airflow/example_dags/example_trigger_target_dag.py
[2022-08-23 00:17:47,630] {processor.py:641} INFO - Processing file /home/airflow/.local/lib/python3.7/site-packages/airflow/example_dags/example_trigger_target_dag.py for tasks to queue
[2022-08-23 00:17:47,632] {logging_mixin.py:115} INFO - [2022-08-23 00:17:47,632] {dagbag.py:508} INFO - Filling up the DagBag from /home/airflow/.local/lib/python3.7/site-packages/airflow/example_dags/example_trigger_target_dag.py
[2022-08-23 00:17:47,658] {processor.py:651} INFO - DAG(s) dict_keys(['example_trigger_target_dag']) retrieved from /home/airflow/.local/lib/python3.7/site-packages/airflow/example_dags/example_trigger_target_dag.py
[2022-08-23 00:17:47,703] {logging_mixin.py:115} INFO - [2022-08-23 00:17:47,703] {dag.py:2420} INFO - Sync 1 DAGs
[2022-08-23 00:17:47,741] {logging_mixin.py:115} INFO - [2022-08-23 00:17:47,741] {dag.py:2972} INFO - Setting next_dagrun for example_trigger_target_dag to None, run_after=None
[2022-08-23 00:17:47,760] {processor.py:161} INFO - Processing /home/airflow/.local/lib/python3.7/site-packages/airflow/example_dags/example_trigger_target_dag.py took 0.147 seconds
[2022-08-23 00:18:18,379] {processor.py:153} INFO - Started process (PID=99452) to work on /home/airflow/.local/lib/python3.7/site-packages/airflow/example_dags/example_trigger_target_dag.py
[2022-08-23 00:18:18,386] {processor.py:641} INFO - Processing file /home/airflow/.local/lib/python3.7/site-packages/airflow/example_dags/example_trigger_target_dag.py for tasks to queue
[2022-08-23 00:18:18,394] {logging_mixin.py:115} INFO - [2022-08-23 00:18:18,393] {dagbag.py:508} INFO - Filling up the DagBag from /home/airflow/.local/lib/python3.7/site-packages/airflow/example_dags/example_trigger_target_dag.py
[2022-08-23 00:18:18,528] {processor.py:651} INFO - DAG(s) dict_keys(['example_trigger_target_dag']) retrieved from /home/airflow/.local/lib/python3.7/site-packages/airflow/example_dags/example_trigger_target_dag.py
[2022-08-23 00:18:18,607] {logging_mixin.py:115} INFO - [2022-08-23 00:18:18,607] {dag.py:2420} INFO - Sync 1 DAGs
[2022-08-23 00:18:18,694] {logging_mixin.py:115} INFO - [2022-08-23 00:18:18,694] {dag.py:2972} INFO - Setting next_dagrun for example_trigger_target_dag to None, run_after=None
[2022-08-23 00:18:18,753] {processor.py:161} INFO - Processing /home/airflow/.local/lib/python3.7/site-packages/airflow/example_dags/example_trigger_target_dag.py took 0.393 seconds
[2022-08-23 00:18:48,834] {processor.py:153} INFO - Started process (PID=99645) to work on /home/airflow/.local/lib/python3.7/site-packages/airflow/example_dags/example_trigger_target_dag.py
[2022-08-23 00:18:48,837] {processor.py:641} INFO - Processing file /home/airflow/.local/lib/python3.7/site-packages/airflow/example_dags/example_trigger_target_dag.py for tasks to queue
[2022-08-23 00:18:48,840] {logging_mixin.py:115} INFO - [2022-08-23 00:18:48,840] {dagbag.py:508} INFO - Filling up the DagBag from /home/airflow/.local/lib/python3.7/site-packages/airflow/example_dags/example_trigger_target_dag.py
[2022-08-23 00:18:48,873] {processor.py:651} INFO - DAG(s) dict_keys(['example_trigger_target_dag']) retrieved from /home/airflow/.local/lib/python3.7/site-packages/airflow/example_dags/example_trigger_target_dag.py
[2022-08-23 00:18:48,920] {logging_mixin.py:115} INFO - [2022-08-23 00:18:48,920] {dag.py:2420} INFO - Sync 1 DAGs
[2022-08-23 00:18:48,963] {logging_mixin.py:115} INFO - [2022-08-23 00:18:48,962] {dag.py:2972} INFO - Setting next_dagrun for example_trigger_target_dag to None, run_after=None
[2022-08-23 00:18:48,985] {processor.py:161} INFO - Processing /home/airflow/.local/lib/python3.7/site-packages/airflow/example_dags/example_trigger_target_dag.py took 0.159 seconds
[2022-08-23 00:19:19,139] {processor.py:153} INFO - Started process (PID=99848) to work on /home/airflow/.local/lib/python3.7/site-packages/airflow/example_dags/example_trigger_target_dag.py
[2022-08-23 00:19:19,141] {processor.py:641} INFO - Processing file /home/airflow/.local/lib/python3.7/site-packages/airflow/example_dags/example_trigger_target_dag.py for tasks to queue
[2022-08-23 00:19:19,143] {logging_mixin.py:115} INFO - [2022-08-23 00:19:19,143] {dagbag.py:508} INFO - Filling up the DagBag from /home/airflow/.local/lib/python3.7/site-packages/airflow/example_dags/example_trigger_target_dag.py
[2022-08-23 00:19:19,173] {processor.py:651} INFO - DAG(s) dict_keys(['example_trigger_target_dag']) retrieved from /home/airflow/.local/lib/python3.7/site-packages/airflow/example_dags/example_trigger_target_dag.py
[2022-08-23 00:19:19,219] {logging_mixin.py:115} INFO - [2022-08-23 00:19:19,218] {dag.py:2420} INFO - Sync 1 DAGs
[2022-08-23 00:19:19,258] {logging_mixin.py:115} INFO - [2022-08-23 00:19:19,258] {dag.py:2972} INFO - Setting next_dagrun for example_trigger_target_dag to None, run_after=None
[2022-08-23 00:19:19,285] {processor.py:161} INFO - Processing /home/airflow/.local/lib/python3.7/site-packages/airflow/example_dags/example_trigger_target_dag.py took 0.154 seconds
[2022-08-23 00:19:49,605] {processor.py:153} INFO - Started process (PID=344) to work on /home/airflow/.local/lib/python3.7/site-packages/airflow/example_dags/example_trigger_target_dag.py
[2022-08-23 00:19:49,608] {processor.py:641} INFO - Processing file /home/airflow/.local/lib/python3.7/site-packages/airflow/example_dags/example_trigger_target_dag.py for tasks to queue
[2022-08-23 00:19:49,611] {logging_mixin.py:115} INFO - [2022-08-23 00:19:49,611] {dagbag.py:508} INFO - Filling up the DagBag from /home/airflow/.local/lib/python3.7/site-packages/airflow/example_dags/example_trigger_target_dag.py
[2022-08-23 00:19:49,639] {processor.py:651} INFO - DAG(s) dict_keys(['example_trigger_target_dag']) retrieved from /home/airflow/.local/lib/python3.7/site-packages/airflow/example_dags/example_trigger_target_dag.py
[2022-08-23 00:19:49,697] {logging_mixin.py:115} INFO - [2022-08-23 00:19:49,696] {dag.py:2420} INFO - Sync 1 DAGs
[2022-08-23 00:19:49,736] {logging_mixin.py:115} INFO - [2022-08-23 00:19:49,736] {dag.py:2972} INFO - Setting next_dagrun for example_trigger_target_dag to None, run_after=None
[2022-08-23 00:19:49,758] {processor.py:161} INFO - Processing /home/airflow/.local/lib/python3.7/site-packages/airflow/example_dags/example_trigger_target_dag.py took 0.162 seconds
[2022-08-23 00:20:20,679] {processor.py:153} INFO - Started process (PID=539) to work on /home/airflow/.local/lib/python3.7/site-packages/airflow/example_dags/example_trigger_target_dag.py
[2022-08-23 00:20:20,683] {processor.py:641} INFO - Processing file /home/airflow/.local/lib/python3.7/site-packages/airflow/example_dags/example_trigger_target_dag.py for tasks to queue
[2022-08-23 00:20:20,688] {logging_mixin.py:115} INFO - [2022-08-23 00:20:20,687] {dagbag.py:508} INFO - Filling up the DagBag from /home/airflow/.local/lib/python3.7/site-packages/airflow/example_dags/example_trigger_target_dag.py
[2022-08-23 00:20:20,737] {processor.py:651} INFO - DAG(s) dict_keys(['example_trigger_target_dag']) retrieved from /home/airflow/.local/lib/python3.7/site-packages/airflow/example_dags/example_trigger_target_dag.py
[2022-08-23 00:20:20,788] {logging_mixin.py:115} INFO - [2022-08-23 00:20:20,787] {dag.py:2420} INFO - Sync 1 DAGs
[2022-08-23 00:20:20,823] {logging_mixin.py:115} INFO - [2022-08-23 00:20:20,823] {dag.py:2972} INFO - Setting next_dagrun for example_trigger_target_dag to None, run_after=None
[2022-08-23 00:20:20,840] {processor.py:161} INFO - Processing /home/airflow/.local/lib/python3.7/site-packages/airflow/example_dags/example_trigger_target_dag.py took 0.180 seconds
[2022-08-23 00:20:51,241] {processor.py:153} INFO - Started process (PID=742) to work on /home/airflow/.local/lib/python3.7/site-packages/airflow/example_dags/example_trigger_target_dag.py
[2022-08-23 00:20:51,244] {processor.py:641} INFO - Processing file /home/airflow/.local/lib/python3.7/site-packages/airflow/example_dags/example_trigger_target_dag.py for tasks to queue
[2022-08-23 00:20:51,249] {logging_mixin.py:115} INFO - [2022-08-23 00:20:51,248] {dagbag.py:508} INFO - Filling up the DagBag from /home/airflow/.local/lib/python3.7/site-packages/airflow/example_dags/example_trigger_target_dag.py
[2022-08-23 00:20:51,285] {processor.py:651} INFO - DAG(s) dict_keys(['example_trigger_target_dag']) retrieved from /home/airflow/.local/lib/python3.7/site-packages/airflow/example_dags/example_trigger_target_dag.py
[2022-08-23 00:20:51,330] {logging_mixin.py:115} INFO - [2022-08-23 00:20:51,330] {dag.py:2420} INFO - Sync 1 DAGs
[2022-08-23 00:20:51,368] {logging_mixin.py:115} INFO - [2022-08-23 00:20:51,368] {dag.py:2972} INFO - Setting next_dagrun for example_trigger_target_dag to None, run_after=None
[2022-08-23 00:20:51,391] {processor.py:161} INFO - Processing /home/airflow/.local/lib/python3.7/site-packages/airflow/example_dags/example_trigger_target_dag.py took 0.160 seconds
