[2022-08-23 00:00:35,462] {processor.py:153} INFO - Started process (PID=92806) to work on /home/airflow/.local/lib/python3.7/site-packages/airflow/example_dags/example_time_delta_sensor_async.py
[2022-08-23 00:00:35,465] {processor.py:641} INFO - Processing file /home/airflow/.local/lib/python3.7/site-packages/airflow/example_dags/example_time_delta_sensor_async.py for tasks to queue
[2022-08-23 00:00:35,468] {logging_mixin.py:115} INFO - [2022-08-23 00:00:35,467] {dagbag.py:508} INFO - Filling up the DagBag from /home/airflow/.local/lib/python3.7/site-packages/airflow/example_dags/example_time_delta_sensor_async.py
[2022-08-23 00:00:35,500] {processor.py:651} INFO - DAG(s) dict_keys(['example_time_delta_sensor_async']) retrieved from /home/airflow/.local/lib/python3.7/site-packages/airflow/example_dags/example_time_delta_sensor_async.py
[2022-08-23 00:00:36,209] {logging_mixin.py:115} INFO - [2022-08-23 00:00:36,209] {dag.py:2420} INFO - Sync 1 DAGs
[2022-08-23 00:00:36,408] {logging_mixin.py:115} INFO - [2022-08-23 00:00:36,408] {dag.py:2972} INFO - Setting next_dagrun for example_time_delta_sensor_async to None, run_after=None
[2022-08-23 00:00:36,511] {processor.py:161} INFO - Processing /home/airflow/.local/lib/python3.7/site-packages/airflow/example_dags/example_time_delta_sensor_async.py took 1.058 seconds
[2022-08-23 00:01:07,036] {processor.py:153} INFO - Started process (PID=93014) to work on /home/airflow/.local/lib/python3.7/site-packages/airflow/example_dags/example_time_delta_sensor_async.py
[2022-08-23 00:01:07,049] {processor.py:641} INFO - Processing file /home/airflow/.local/lib/python3.7/site-packages/airflow/example_dags/example_time_delta_sensor_async.py for tasks to queue
[2022-08-23 00:01:07,056] {logging_mixin.py:115} INFO - [2022-08-23 00:01:07,055] {dagbag.py:508} INFO - Filling up the DagBag from /home/airflow/.local/lib/python3.7/site-packages/airflow/example_dags/example_time_delta_sensor_async.py
[2022-08-23 00:01:07,098] {processor.py:651} INFO - DAG(s) dict_keys(['example_time_delta_sensor_async']) retrieved from /home/airflow/.local/lib/python3.7/site-packages/airflow/example_dags/example_time_delta_sensor_async.py
[2022-08-23 00:01:07,239] {logging_mixin.py:115} INFO - [2022-08-23 00:01:07,239] {dag.py:2420} INFO - Sync 1 DAGs
[2022-08-23 00:01:07,335] {logging_mixin.py:115} INFO - [2022-08-23 00:01:07,335] {dag.py:2972} INFO - Setting next_dagrun for example_time_delta_sensor_async to None, run_after=None
[2022-08-23 00:01:07,365] {processor.py:161} INFO - Processing /home/airflow/.local/lib/python3.7/site-packages/airflow/example_dags/example_time_delta_sensor_async.py took 0.338 seconds
[2022-08-23 00:01:37,668] {processor.py:153} INFO - Started process (PID=93207) to work on /home/airflow/.local/lib/python3.7/site-packages/airflow/example_dags/example_time_delta_sensor_async.py
[2022-08-23 00:01:37,672] {processor.py:641} INFO - Processing file /home/airflow/.local/lib/python3.7/site-packages/airflow/example_dags/example_time_delta_sensor_async.py for tasks to queue
[2022-08-23 00:01:37,676] {logging_mixin.py:115} INFO - [2022-08-23 00:01:37,676] {dagbag.py:508} INFO - Filling up the DagBag from /home/airflow/.local/lib/python3.7/site-packages/airflow/example_dags/example_time_delta_sensor_async.py
[2022-08-23 00:01:37,709] {processor.py:651} INFO - DAG(s) dict_keys(['example_time_delta_sensor_async']) retrieved from /home/airflow/.local/lib/python3.7/site-packages/airflow/example_dags/example_time_delta_sensor_async.py
[2022-08-23 00:01:37,952] {logging_mixin.py:115} INFO - [2022-08-23 00:01:37,952] {dag.py:2420} INFO - Sync 1 DAGs
[2022-08-23 00:01:38,074] {logging_mixin.py:115} INFO - [2022-08-23 00:01:38,074] {dag.py:2972} INFO - Setting next_dagrun for example_time_delta_sensor_async to None, run_after=None
[2022-08-23 00:01:38,167] {processor.py:161} INFO - Processing /home/airflow/.local/lib/python3.7/site-packages/airflow/example_dags/example_time_delta_sensor_async.py took 0.530 seconds
[2022-08-23 00:02:08,630] {processor.py:153} INFO - Started process (PID=93399) to work on /home/airflow/.local/lib/python3.7/site-packages/airflow/example_dags/example_time_delta_sensor_async.py
[2022-08-23 00:02:08,634] {processor.py:641} INFO - Processing file /home/airflow/.local/lib/python3.7/site-packages/airflow/example_dags/example_time_delta_sensor_async.py for tasks to queue
[2022-08-23 00:02:08,636] {logging_mixin.py:115} INFO - [2022-08-23 00:02:08,636] {dagbag.py:508} INFO - Filling up the DagBag from /home/airflow/.local/lib/python3.7/site-packages/airflow/example_dags/example_time_delta_sensor_async.py
[2022-08-23 00:02:08,650] {processor.py:651} INFO - DAG(s) dict_keys(['example_time_delta_sensor_async']) retrieved from /home/airflow/.local/lib/python3.7/site-packages/airflow/example_dags/example_time_delta_sensor_async.py
[2022-08-23 00:02:08,741] {logging_mixin.py:115} INFO - [2022-08-23 00:02:08,741] {dag.py:2420} INFO - Sync 1 DAGs
[2022-08-23 00:02:08,778] {logging_mixin.py:115} INFO - [2022-08-23 00:02:08,778] {dag.py:2972} INFO - Setting next_dagrun for example_time_delta_sensor_async to None, run_after=None
[2022-08-23 00:02:08,799] {processor.py:161} INFO - Processing /home/airflow/.local/lib/python3.7/site-packages/airflow/example_dags/example_time_delta_sensor_async.py took 0.185 seconds
[2022-08-23 00:02:39,230] {processor.py:153} INFO - Started process (PID=93591) to work on /home/airflow/.local/lib/python3.7/site-packages/airflow/example_dags/example_time_delta_sensor_async.py
[2022-08-23 00:02:39,233] {processor.py:641} INFO - Processing file /home/airflow/.local/lib/python3.7/site-packages/airflow/example_dags/example_time_delta_sensor_async.py for tasks to queue
[2022-08-23 00:02:39,235] {logging_mixin.py:115} INFO - [2022-08-23 00:02:39,235] {dagbag.py:508} INFO - Filling up the DagBag from /home/airflow/.local/lib/python3.7/site-packages/airflow/example_dags/example_time_delta_sensor_async.py
[2022-08-23 00:02:39,248] {processor.py:651} INFO - DAG(s) dict_keys(['example_time_delta_sensor_async']) retrieved from /home/airflow/.local/lib/python3.7/site-packages/airflow/example_dags/example_time_delta_sensor_async.py
[2022-08-23 00:02:39,324] {logging_mixin.py:115} INFO - [2022-08-23 00:02:39,323] {dag.py:2420} INFO - Sync 1 DAGs
[2022-08-23 00:02:39,366] {logging_mixin.py:115} INFO - [2022-08-23 00:02:39,366] {dag.py:2972} INFO - Setting next_dagrun for example_time_delta_sensor_async to None, run_after=None
[2022-08-23 00:02:39,407] {processor.py:161} INFO - Processing /home/airflow/.local/lib/python3.7/site-packages/airflow/example_dags/example_time_delta_sensor_async.py took 0.184 seconds
[2022-08-23 00:03:10,596] {processor.py:153} INFO - Started process (PID=93794) to work on /home/airflow/.local/lib/python3.7/site-packages/airflow/example_dags/example_time_delta_sensor_async.py
[2022-08-23 00:03:10,610] {processor.py:641} INFO - Processing file /home/airflow/.local/lib/python3.7/site-packages/airflow/example_dags/example_time_delta_sensor_async.py for tasks to queue
[2022-08-23 00:03:10,620] {logging_mixin.py:115} INFO - [2022-08-23 00:03:10,619] {dagbag.py:508} INFO - Filling up the DagBag from /home/airflow/.local/lib/python3.7/site-packages/airflow/example_dags/example_time_delta_sensor_async.py
[2022-08-23 00:03:10,659] {processor.py:651} INFO - DAG(s) dict_keys(['example_time_delta_sensor_async']) retrieved from /home/airflow/.local/lib/python3.7/site-packages/airflow/example_dags/example_time_delta_sensor_async.py
[2022-08-23 00:03:10,846] {logging_mixin.py:115} INFO - [2022-08-23 00:03:10,846] {dag.py:2420} INFO - Sync 1 DAGs
[2022-08-23 00:03:10,972] {logging_mixin.py:115} INFO - [2022-08-23 00:03:10,971] {dag.py:2972} INFO - Setting next_dagrun for example_time_delta_sensor_async to None, run_after=None
[2022-08-23 00:03:11,021] {processor.py:161} INFO - Processing /home/airflow/.local/lib/python3.7/site-packages/airflow/example_dags/example_time_delta_sensor_async.py took 0.430 seconds
[2022-08-23 00:03:45,424] {processor.py:153} INFO - Started process (PID=93991) to work on /home/airflow/.local/lib/python3.7/site-packages/airflow/example_dags/example_time_delta_sensor_async.py
[2022-08-23 00:03:45,433] {processor.py:641} INFO - Processing file /home/airflow/.local/lib/python3.7/site-packages/airflow/example_dags/example_time_delta_sensor_async.py for tasks to queue
[2022-08-23 00:03:45,435] {logging_mixin.py:115} INFO - [2022-08-23 00:03:45,435] {dagbag.py:508} INFO - Filling up the DagBag from /home/airflow/.local/lib/python3.7/site-packages/airflow/example_dags/example_time_delta_sensor_async.py
[2022-08-23 00:03:45,457] {processor.py:651} INFO - DAG(s) dict_keys(['example_time_delta_sensor_async']) retrieved from /home/airflow/.local/lib/python3.7/site-packages/airflow/example_dags/example_time_delta_sensor_async.py
[2022-08-23 00:03:45,607] {logging_mixin.py:115} INFO - [2022-08-23 00:03:45,607] {dag.py:2420} INFO - Sync 1 DAGs
[2022-08-23 00:03:45,696] {logging_mixin.py:115} INFO - [2022-08-23 00:03:45,696] {dag.py:2972} INFO - Setting next_dagrun for example_time_delta_sensor_async to None, run_after=None
[2022-08-23 00:03:45,722] {processor.py:161} INFO - Processing /home/airflow/.local/lib/python3.7/site-packages/airflow/example_dags/example_time_delta_sensor_async.py took 0.307 seconds
[2022-08-23 00:04:15,827] {processor.py:153} INFO - Started process (PID=94184) to work on /home/airflow/.local/lib/python3.7/site-packages/airflow/example_dags/example_time_delta_sensor_async.py
[2022-08-23 00:04:15,829] {processor.py:641} INFO - Processing file /home/airflow/.local/lib/python3.7/site-packages/airflow/example_dags/example_time_delta_sensor_async.py for tasks to queue
[2022-08-23 00:04:15,834] {logging_mixin.py:115} INFO - [2022-08-23 00:04:15,834] {dagbag.py:508} INFO - Filling up the DagBag from /home/airflow/.local/lib/python3.7/site-packages/airflow/example_dags/example_time_delta_sensor_async.py
[2022-08-23 00:04:15,855] {processor.py:651} INFO - DAG(s) dict_keys(['example_time_delta_sensor_async']) retrieved from /home/airflow/.local/lib/python3.7/site-packages/airflow/example_dags/example_time_delta_sensor_async.py
[2022-08-23 00:04:15,965] {logging_mixin.py:115} INFO - [2022-08-23 00:04:15,965] {dag.py:2420} INFO - Sync 1 DAGs
[2022-08-23 00:04:16,031] {logging_mixin.py:115} INFO - [2022-08-23 00:04:16,030] {dag.py:2972} INFO - Setting next_dagrun for example_time_delta_sensor_async to None, run_after=None
[2022-08-23 00:04:16,067] {processor.py:161} INFO - Processing /home/airflow/.local/lib/python3.7/site-packages/airflow/example_dags/example_time_delta_sensor_async.py took 0.251 seconds
[2022-08-23 00:04:47,079] {processor.py:153} INFO - Started process (PID=94379) to work on /home/airflow/.local/lib/python3.7/site-packages/airflow/example_dags/example_time_delta_sensor_async.py
[2022-08-23 00:04:47,086] {processor.py:641} INFO - Processing file /home/airflow/.local/lib/python3.7/site-packages/airflow/example_dags/example_time_delta_sensor_async.py for tasks to queue
[2022-08-23 00:04:47,089] {logging_mixin.py:115} INFO - [2022-08-23 00:04:47,089] {dagbag.py:508} INFO - Filling up the DagBag from /home/airflow/.local/lib/python3.7/site-packages/airflow/example_dags/example_time_delta_sensor_async.py
[2022-08-23 00:04:47,122] {processor.py:651} INFO - DAG(s) dict_keys(['example_time_delta_sensor_async']) retrieved from /home/airflow/.local/lib/python3.7/site-packages/airflow/example_dags/example_time_delta_sensor_async.py
[2022-08-23 00:04:47,367] {logging_mixin.py:115} INFO - [2022-08-23 00:04:47,366] {dag.py:2420} INFO - Sync 1 DAGs
[2022-08-23 00:04:47,419] {logging_mixin.py:115} INFO - [2022-08-23 00:04:47,419] {dag.py:2972} INFO - Setting next_dagrun for example_time_delta_sensor_async to None, run_after=None
[2022-08-23 00:04:47,477] {processor.py:161} INFO - Processing /home/airflow/.local/lib/python3.7/site-packages/airflow/example_dags/example_time_delta_sensor_async.py took 0.406 seconds
[2022-08-23 00:05:17,751] {processor.py:153} INFO - Started process (PID=94573) to work on /home/airflow/.local/lib/python3.7/site-packages/airflow/example_dags/example_time_delta_sensor_async.py
[2022-08-23 00:05:17,754] {processor.py:641} INFO - Processing file /home/airflow/.local/lib/python3.7/site-packages/airflow/example_dags/example_time_delta_sensor_async.py for tasks to queue
[2022-08-23 00:05:17,757] {logging_mixin.py:115} INFO - [2022-08-23 00:05:17,757] {dagbag.py:508} INFO - Filling up the DagBag from /home/airflow/.local/lib/python3.7/site-packages/airflow/example_dags/example_time_delta_sensor_async.py
[2022-08-23 00:05:17,771] {processor.py:651} INFO - DAG(s) dict_keys(['example_time_delta_sensor_async']) retrieved from /home/airflow/.local/lib/python3.7/site-packages/airflow/example_dags/example_time_delta_sensor_async.py
[2022-08-23 00:05:17,865] {logging_mixin.py:115} INFO - [2022-08-23 00:05:17,865] {dag.py:2420} INFO - Sync 1 DAGs
[2022-08-23 00:05:17,941] {logging_mixin.py:115} INFO - [2022-08-23 00:05:17,941] {dag.py:2972} INFO - Setting next_dagrun for example_time_delta_sensor_async to None, run_after=None
[2022-08-23 00:05:17,966] {processor.py:161} INFO - Processing /home/airflow/.local/lib/python3.7/site-packages/airflow/example_dags/example_time_delta_sensor_async.py took 0.223 seconds
[2022-08-23 00:05:48,106] {processor.py:153} INFO - Started process (PID=94772) to work on /home/airflow/.local/lib/python3.7/site-packages/airflow/example_dags/example_time_delta_sensor_async.py
[2022-08-23 00:05:48,113] {processor.py:641} INFO - Processing file /home/airflow/.local/lib/python3.7/site-packages/airflow/example_dags/example_time_delta_sensor_async.py for tasks to queue
[2022-08-23 00:05:48,117] {logging_mixin.py:115} INFO - [2022-08-23 00:05:48,117] {dagbag.py:508} INFO - Filling up the DagBag from /home/airflow/.local/lib/python3.7/site-packages/airflow/example_dags/example_time_delta_sensor_async.py
[2022-08-23 00:05:48,143] {processor.py:651} INFO - DAG(s) dict_keys(['example_time_delta_sensor_async']) retrieved from /home/airflow/.local/lib/python3.7/site-packages/airflow/example_dags/example_time_delta_sensor_async.py
[2022-08-23 00:05:48,353] {logging_mixin.py:115} INFO - [2022-08-23 00:05:48,353] {dag.py:2420} INFO - Sync 1 DAGs
[2022-08-23 00:05:48,523] {logging_mixin.py:115} INFO - [2022-08-23 00:05:48,522] {dag.py:2972} INFO - Setting next_dagrun for example_time_delta_sensor_async to None, run_after=None
[2022-08-23 00:05:48,563] {processor.py:161} INFO - Processing /home/airflow/.local/lib/python3.7/site-packages/airflow/example_dags/example_time_delta_sensor_async.py took 0.464 seconds
[2022-08-23 00:06:18,761] {processor.py:153} INFO - Started process (PID=94961) to work on /home/airflow/.local/lib/python3.7/site-packages/airflow/example_dags/example_time_delta_sensor_async.py
[2022-08-23 00:06:18,764] {processor.py:641} INFO - Processing file /home/airflow/.local/lib/python3.7/site-packages/airflow/example_dags/example_time_delta_sensor_async.py for tasks to queue
[2022-08-23 00:06:18,766] {logging_mixin.py:115} INFO - [2022-08-23 00:06:18,766] {dagbag.py:508} INFO - Filling up the DagBag from /home/airflow/.local/lib/python3.7/site-packages/airflow/example_dags/example_time_delta_sensor_async.py
[2022-08-23 00:06:18,781] {processor.py:651} INFO - DAG(s) dict_keys(['example_time_delta_sensor_async']) retrieved from /home/airflow/.local/lib/python3.7/site-packages/airflow/example_dags/example_time_delta_sensor_async.py
[2022-08-23 00:06:18,861] {logging_mixin.py:115} INFO - [2022-08-23 00:06:18,861] {dag.py:2420} INFO - Sync 1 DAGs
[2022-08-23 00:06:18,904] {logging_mixin.py:115} INFO - [2022-08-23 00:06:18,903] {dag.py:2972} INFO - Setting next_dagrun for example_time_delta_sensor_async to None, run_after=None
[2022-08-23 00:06:18,954] {processor.py:161} INFO - Processing /home/airflow/.local/lib/python3.7/site-packages/airflow/example_dags/example_time_delta_sensor_async.py took 0.200 seconds
[2022-08-23 00:06:51,496] {processor.py:153} INFO - Started process (PID=95162) to work on /home/airflow/.local/lib/python3.7/site-packages/airflow/example_dags/example_time_delta_sensor_async.py
[2022-08-23 00:06:51,499] {processor.py:641} INFO - Processing file /home/airflow/.local/lib/python3.7/site-packages/airflow/example_dags/example_time_delta_sensor_async.py for tasks to queue
[2022-08-23 00:06:51,509] {logging_mixin.py:115} INFO - [2022-08-23 00:06:51,509] {dagbag.py:508} INFO - Filling up the DagBag from /home/airflow/.local/lib/python3.7/site-packages/airflow/example_dags/example_time_delta_sensor_async.py
[2022-08-23 00:06:51,545] {processor.py:651} INFO - DAG(s) dict_keys(['example_time_delta_sensor_async']) retrieved from /home/airflow/.local/lib/python3.7/site-packages/airflow/example_dags/example_time_delta_sensor_async.py
[2022-08-23 00:06:51,709] {logging_mixin.py:115} INFO - [2022-08-23 00:06:51,709] {dag.py:2420} INFO - Sync 1 DAGs
[2022-08-23 00:06:51,758] {logging_mixin.py:115} INFO - [2022-08-23 00:06:51,757] {dag.py:2972} INFO - Setting next_dagrun for example_time_delta_sensor_async to None, run_after=None
[2022-08-23 00:06:51,971] {processor.py:161} INFO - Processing /home/airflow/.local/lib/python3.7/site-packages/airflow/example_dags/example_time_delta_sensor_async.py took 0.487 seconds
[2022-08-23 00:07:22,761] {processor.py:153} INFO - Started process (PID=95368) to work on /home/airflow/.local/lib/python3.7/site-packages/airflow/example_dags/example_time_delta_sensor_async.py
[2022-08-23 00:07:22,766] {processor.py:641} INFO - Processing file /home/airflow/.local/lib/python3.7/site-packages/airflow/example_dags/example_time_delta_sensor_async.py for tasks to queue
[2022-08-23 00:07:22,777] {logging_mixin.py:115} INFO - [2022-08-23 00:07:22,775] {dagbag.py:508} INFO - Filling up the DagBag from /home/airflow/.local/lib/python3.7/site-packages/airflow/example_dags/example_time_delta_sensor_async.py
[2022-08-23 00:07:22,845] {processor.py:651} INFO - DAG(s) dict_keys(['example_time_delta_sensor_async']) retrieved from /home/airflow/.local/lib/python3.7/site-packages/airflow/example_dags/example_time_delta_sensor_async.py
[2022-08-23 00:07:22,941] {logging_mixin.py:115} INFO - [2022-08-23 00:07:22,941] {dag.py:2420} INFO - Sync 1 DAGs
[2022-08-23 00:07:22,991] {logging_mixin.py:115} INFO - [2022-08-23 00:07:22,990] {dag.py:2972} INFO - Setting next_dagrun for example_time_delta_sensor_async to None, run_after=None
[2022-08-23 00:07:23,756] {processor.py:161} INFO - Processing /home/airflow/.local/lib/python3.7/site-packages/airflow/example_dags/example_time_delta_sensor_async.py took 1.023 seconds
[2022-08-23 00:07:54,616] {processor.py:153} INFO - Started process (PID=95562) to work on /home/airflow/.local/lib/python3.7/site-packages/airflow/example_dags/example_time_delta_sensor_async.py
[2022-08-23 00:07:54,622] {processor.py:641} INFO - Processing file /home/airflow/.local/lib/python3.7/site-packages/airflow/example_dags/example_time_delta_sensor_async.py for tasks to queue
[2022-08-23 00:07:54,625] {logging_mixin.py:115} INFO - [2022-08-23 00:07:54,624] {dagbag.py:508} INFO - Filling up the DagBag from /home/airflow/.local/lib/python3.7/site-packages/airflow/example_dags/example_time_delta_sensor_async.py
[2022-08-23 00:07:54,683] {processor.py:651} INFO - DAG(s) dict_keys(['example_time_delta_sensor_async']) retrieved from /home/airflow/.local/lib/python3.7/site-packages/airflow/example_dags/example_time_delta_sensor_async.py
[2022-08-23 00:07:55,184] {logging_mixin.py:115} INFO - [2022-08-23 00:07:55,184] {dag.py:2420} INFO - Sync 1 DAGs
[2022-08-23 00:07:55,353] {logging_mixin.py:115} INFO - [2022-08-23 00:07:55,353] {dag.py:2972} INFO - Setting next_dagrun for example_time_delta_sensor_async to None, run_after=None
[2022-08-23 00:07:56,730] {processor.py:161} INFO - Processing /home/airflow/.local/lib/python3.7/site-packages/airflow/example_dags/example_time_delta_sensor_async.py took 2.152 seconds
[2022-08-23 00:08:26,997] {processor.py:153} INFO - Started process (PID=95757) to work on /home/airflow/.local/lib/python3.7/site-packages/airflow/example_dags/example_time_delta_sensor_async.py
[2022-08-23 00:08:27,000] {processor.py:641} INFO - Processing file /home/airflow/.local/lib/python3.7/site-packages/airflow/example_dags/example_time_delta_sensor_async.py for tasks to queue
[2022-08-23 00:08:27,003] {logging_mixin.py:115} INFO - [2022-08-23 00:08:27,002] {dagbag.py:508} INFO - Filling up the DagBag from /home/airflow/.local/lib/python3.7/site-packages/airflow/example_dags/example_time_delta_sensor_async.py
[2022-08-23 00:08:27,013] {processor.py:651} INFO - DAG(s) dict_keys(['example_time_delta_sensor_async']) retrieved from /home/airflow/.local/lib/python3.7/site-packages/airflow/example_dags/example_time_delta_sensor_async.py
[2022-08-23 00:08:27,103] {logging_mixin.py:115} INFO - [2022-08-23 00:08:27,103] {dag.py:2420} INFO - Sync 1 DAGs
[2022-08-23 00:08:27,164] {logging_mixin.py:115} INFO - [2022-08-23 00:08:27,163] {dag.py:2972} INFO - Setting next_dagrun for example_time_delta_sensor_async to None, run_after=None
[2022-08-23 00:08:27,445] {processor.py:161} INFO - Processing /home/airflow/.local/lib/python3.7/site-packages/airflow/example_dags/example_time_delta_sensor_async.py took 0.459 seconds
[2022-08-23 00:08:57,618] {processor.py:153} INFO - Started process (PID=95949) to work on /home/airflow/.local/lib/python3.7/site-packages/airflow/example_dags/example_time_delta_sensor_async.py
[2022-08-23 00:08:57,622] {processor.py:641} INFO - Processing file /home/airflow/.local/lib/python3.7/site-packages/airflow/example_dags/example_time_delta_sensor_async.py for tasks to queue
[2022-08-23 00:08:57,626] {logging_mixin.py:115} INFO - [2022-08-23 00:08:57,626] {dagbag.py:508} INFO - Filling up the DagBag from /home/airflow/.local/lib/python3.7/site-packages/airflow/example_dags/example_time_delta_sensor_async.py
[2022-08-23 00:08:57,646] {processor.py:651} INFO - DAG(s) dict_keys(['example_time_delta_sensor_async']) retrieved from /home/airflow/.local/lib/python3.7/site-packages/airflow/example_dags/example_time_delta_sensor_async.py
[2022-08-23 00:08:57,770] {logging_mixin.py:115} INFO - [2022-08-23 00:08:57,770] {dag.py:2420} INFO - Sync 1 DAGs
[2022-08-23 00:08:57,820] {logging_mixin.py:115} INFO - [2022-08-23 00:08:57,820] {dag.py:2972} INFO - Setting next_dagrun for example_time_delta_sensor_async to None, run_after=None
[2022-08-23 00:08:58,208] {processor.py:161} INFO - Processing /home/airflow/.local/lib/python3.7/site-packages/airflow/example_dags/example_time_delta_sensor_async.py took 0.599 seconds
[2022-08-23 00:09:28,876] {processor.py:153} INFO - Started process (PID=96142) to work on /home/airflow/.local/lib/python3.7/site-packages/airflow/example_dags/example_time_delta_sensor_async.py
[2022-08-23 00:09:28,881] {processor.py:641} INFO - Processing file /home/airflow/.local/lib/python3.7/site-packages/airflow/example_dags/example_time_delta_sensor_async.py for tasks to queue
[2022-08-23 00:09:28,883] {logging_mixin.py:115} INFO - [2022-08-23 00:09:28,883] {dagbag.py:508} INFO - Filling up the DagBag from /home/airflow/.local/lib/python3.7/site-packages/airflow/example_dags/example_time_delta_sensor_async.py
[2022-08-23 00:09:28,900] {processor.py:651} INFO - DAG(s) dict_keys(['example_time_delta_sensor_async']) retrieved from /home/airflow/.local/lib/python3.7/site-packages/airflow/example_dags/example_time_delta_sensor_async.py
[2022-08-23 00:09:29,029] {logging_mixin.py:115} INFO - [2022-08-23 00:09:29,028] {dag.py:2420} INFO - Sync 1 DAGs
[2022-08-23 00:09:29,075] {logging_mixin.py:115} INFO - [2022-08-23 00:09:29,074] {dag.py:2972} INFO - Setting next_dagrun for example_time_delta_sensor_async to None, run_after=None
[2022-08-23 00:09:29,431] {processor.py:161} INFO - Processing /home/airflow/.local/lib/python3.7/site-packages/airflow/example_dags/example_time_delta_sensor_async.py took 0.563 seconds
[2022-08-23 00:09:59,883] {processor.py:153} INFO - Started process (PID=96336) to work on /home/airflow/.local/lib/python3.7/site-packages/airflow/example_dags/example_time_delta_sensor_async.py
[2022-08-23 00:09:59,884] {processor.py:641} INFO - Processing file /home/airflow/.local/lib/python3.7/site-packages/airflow/example_dags/example_time_delta_sensor_async.py for tasks to queue
[2022-08-23 00:09:59,886] {logging_mixin.py:115} INFO - [2022-08-23 00:09:59,886] {dagbag.py:508} INFO - Filling up the DagBag from /home/airflow/.local/lib/python3.7/site-packages/airflow/example_dags/example_time_delta_sensor_async.py
[2022-08-23 00:09:59,900] {processor.py:651} INFO - DAG(s) dict_keys(['example_time_delta_sensor_async']) retrieved from /home/airflow/.local/lib/python3.7/site-packages/airflow/example_dags/example_time_delta_sensor_async.py
[2022-08-23 00:10:00,041] {logging_mixin.py:115} INFO - [2022-08-23 00:10:00,041] {dag.py:2420} INFO - Sync 1 DAGs
[2022-08-23 00:10:00,093] {logging_mixin.py:115} INFO - [2022-08-23 00:10:00,093] {dag.py:2972} INFO - Setting next_dagrun for example_time_delta_sensor_async to None, run_after=None
[2022-08-23 00:10:00,328] {processor.py:161} INFO - Processing /home/airflow/.local/lib/python3.7/site-packages/airflow/example_dags/example_time_delta_sensor_async.py took 0.451 seconds
[2022-08-23 00:10:31,862] {processor.py:153} INFO - Started process (PID=96539) to work on /home/airflow/.local/lib/python3.7/site-packages/airflow/example_dags/example_time_delta_sensor_async.py
[2022-08-23 00:10:31,868] {processor.py:641} INFO - Processing file /home/airflow/.local/lib/python3.7/site-packages/airflow/example_dags/example_time_delta_sensor_async.py for tasks to queue
[2022-08-23 00:10:31,872] {logging_mixin.py:115} INFO - [2022-08-23 00:10:31,871] {dagbag.py:508} INFO - Filling up the DagBag from /home/airflow/.local/lib/python3.7/site-packages/airflow/example_dags/example_time_delta_sensor_async.py
[2022-08-23 00:10:31,894] {processor.py:651} INFO - DAG(s) dict_keys(['example_time_delta_sensor_async']) retrieved from /home/airflow/.local/lib/python3.7/site-packages/airflow/example_dags/example_time_delta_sensor_async.py
[2022-08-23 00:10:32,039] {logging_mixin.py:115} INFO - [2022-08-23 00:10:32,039] {dag.py:2420} INFO - Sync 1 DAGs
[2022-08-23 00:10:32,094] {logging_mixin.py:115} INFO - [2022-08-23 00:10:32,094] {dag.py:2972} INFO - Setting next_dagrun for example_time_delta_sensor_async to None, run_after=None
[2022-08-23 00:10:32,425] {processor.py:161} INFO - Processing /home/airflow/.local/lib/python3.7/site-packages/airflow/example_dags/example_time_delta_sensor_async.py took 0.568 seconds
[2022-08-23 00:11:04,172] {processor.py:153} INFO - Started process (PID=96733) to work on /home/airflow/.local/lib/python3.7/site-packages/airflow/example_dags/example_time_delta_sensor_async.py
[2022-08-23 00:11:04,174] {processor.py:641} INFO - Processing file /home/airflow/.local/lib/python3.7/site-packages/airflow/example_dags/example_time_delta_sensor_async.py for tasks to queue
[2022-08-23 00:11:04,176] {logging_mixin.py:115} INFO - [2022-08-23 00:11:04,176] {dagbag.py:508} INFO - Filling up the DagBag from /home/airflow/.local/lib/python3.7/site-packages/airflow/example_dags/example_time_delta_sensor_async.py
[2022-08-23 00:11:04,190] {processor.py:651} INFO - DAG(s) dict_keys(['example_time_delta_sensor_async']) retrieved from /home/airflow/.local/lib/python3.7/site-packages/airflow/example_dags/example_time_delta_sensor_async.py
[2022-08-23 00:11:04,271] {logging_mixin.py:115} INFO - [2022-08-23 00:11:04,271] {dag.py:2420} INFO - Sync 1 DAGs
[2022-08-23 00:11:04,317] {logging_mixin.py:115} INFO - [2022-08-23 00:11:04,317] {dag.py:2972} INFO - Setting next_dagrun for example_time_delta_sensor_async to None, run_after=None
[2022-08-23 00:11:04,626] {processor.py:161} INFO - Processing /home/airflow/.local/lib/python3.7/site-packages/airflow/example_dags/example_time_delta_sensor_async.py took 0.461 seconds
[2022-08-23 00:11:35,745] {processor.py:153} INFO - Started process (PID=96927) to work on /home/airflow/.local/lib/python3.7/site-packages/airflow/example_dags/example_time_delta_sensor_async.py
[2022-08-23 00:11:35,747] {processor.py:641} INFO - Processing file /home/airflow/.local/lib/python3.7/site-packages/airflow/example_dags/example_time_delta_sensor_async.py for tasks to queue
[2022-08-23 00:11:35,749] {logging_mixin.py:115} INFO - [2022-08-23 00:11:35,749] {dagbag.py:508} INFO - Filling up the DagBag from /home/airflow/.local/lib/python3.7/site-packages/airflow/example_dags/example_time_delta_sensor_async.py
[2022-08-23 00:11:35,765] {processor.py:651} INFO - DAG(s) dict_keys(['example_time_delta_sensor_async']) retrieved from /home/airflow/.local/lib/python3.7/site-packages/airflow/example_dags/example_time_delta_sensor_async.py
[2022-08-23 00:11:35,866] {logging_mixin.py:115} INFO - [2022-08-23 00:11:35,866] {dag.py:2420} INFO - Sync 1 DAGs
[2022-08-23 00:11:35,911] {logging_mixin.py:115} INFO - [2022-08-23 00:11:35,911] {dag.py:2972} INFO - Setting next_dagrun for example_time_delta_sensor_async to None, run_after=None
[2022-08-23 00:11:36,211] {processor.py:161} INFO - Processing /home/airflow/.local/lib/python3.7/site-packages/airflow/example_dags/example_time_delta_sensor_async.py took 0.476 seconds
[2022-08-23 00:12:07,927] {processor.py:153} INFO - Started process (PID=97131) to work on /home/airflow/.local/lib/python3.7/site-packages/airflow/example_dags/example_time_delta_sensor_async.py
[2022-08-23 00:12:07,930] {processor.py:641} INFO - Processing file /home/airflow/.local/lib/python3.7/site-packages/airflow/example_dags/example_time_delta_sensor_async.py for tasks to queue
[2022-08-23 00:12:07,933] {logging_mixin.py:115} INFO - [2022-08-23 00:12:07,933] {dagbag.py:508} INFO - Filling up the DagBag from /home/airflow/.local/lib/python3.7/site-packages/airflow/example_dags/example_time_delta_sensor_async.py
[2022-08-23 00:12:07,958] {processor.py:651} INFO - DAG(s) dict_keys(['example_time_delta_sensor_async']) retrieved from /home/airflow/.local/lib/python3.7/site-packages/airflow/example_dags/example_time_delta_sensor_async.py
[2022-08-23 00:12:08,071] {logging_mixin.py:115} INFO - [2022-08-23 00:12:08,070] {dag.py:2420} INFO - Sync 1 DAGs
[2022-08-23 00:12:08,134] {logging_mixin.py:115} INFO - [2022-08-23 00:12:08,134] {dag.py:2972} INFO - Setting next_dagrun for example_time_delta_sensor_async to None, run_after=None
[2022-08-23 00:12:08,178] {processor.py:161} INFO - Processing /home/airflow/.local/lib/python3.7/site-packages/airflow/example_dags/example_time_delta_sensor_async.py took 0.257 seconds
[2022-08-23 00:12:39,171] {processor.py:153} INFO - Started process (PID=97327) to work on /home/airflow/.local/lib/python3.7/site-packages/airflow/example_dags/example_time_delta_sensor_async.py
[2022-08-23 00:12:39,181] {processor.py:641} INFO - Processing file /home/airflow/.local/lib/python3.7/site-packages/airflow/example_dags/example_time_delta_sensor_async.py for tasks to queue
[2022-08-23 00:12:39,190] {logging_mixin.py:115} INFO - [2022-08-23 00:12:39,190] {dagbag.py:508} INFO - Filling up the DagBag from /home/airflow/.local/lib/python3.7/site-packages/airflow/example_dags/example_time_delta_sensor_async.py
[2022-08-23 00:12:39,207] {processor.py:651} INFO - DAG(s) dict_keys(['example_time_delta_sensor_async']) retrieved from /home/airflow/.local/lib/python3.7/site-packages/airflow/example_dags/example_time_delta_sensor_async.py
[2022-08-23 00:12:39,531] {logging_mixin.py:115} INFO - [2022-08-23 00:12:39,529] {dag.py:2420} INFO - Sync 1 DAGs
[2022-08-23 00:12:39,628] {logging_mixin.py:115} INFO - [2022-08-23 00:12:39,628] {dag.py:2972} INFO - Setting next_dagrun for example_time_delta_sensor_async to None, run_after=None
[2022-08-23 00:12:39,672] {processor.py:161} INFO - Processing /home/airflow/.local/lib/python3.7/site-packages/airflow/example_dags/example_time_delta_sensor_async.py took 0.519 seconds
[2022-08-23 00:13:10,379] {processor.py:153} INFO - Started process (PID=97520) to work on /home/airflow/.local/lib/python3.7/site-packages/airflow/example_dags/example_time_delta_sensor_async.py
[2022-08-23 00:13:10,386] {processor.py:641} INFO - Processing file /home/airflow/.local/lib/python3.7/site-packages/airflow/example_dags/example_time_delta_sensor_async.py for tasks to queue
[2022-08-23 00:13:10,410] {logging_mixin.py:115} INFO - [2022-08-23 00:13:10,410] {dagbag.py:508} INFO - Filling up the DagBag from /home/airflow/.local/lib/python3.7/site-packages/airflow/example_dags/example_time_delta_sensor_async.py
[2022-08-23 00:13:10,439] {processor.py:651} INFO - DAG(s) dict_keys(['example_time_delta_sensor_async']) retrieved from /home/airflow/.local/lib/python3.7/site-packages/airflow/example_dags/example_time_delta_sensor_async.py
[2022-08-23 00:13:10,757] {logging_mixin.py:115} INFO - [2022-08-23 00:13:10,757] {dag.py:2420} INFO - Sync 1 DAGs
[2022-08-23 00:13:10,822] {logging_mixin.py:115} INFO - [2022-08-23 00:13:10,822] {dag.py:2972} INFO - Setting next_dagrun for example_time_delta_sensor_async to None, run_after=None
[2022-08-23 00:13:10,861] {processor.py:161} INFO - Processing /home/airflow/.local/lib/python3.7/site-packages/airflow/example_dags/example_time_delta_sensor_async.py took 0.506 seconds
[2022-08-23 00:13:42,180] {processor.py:153} INFO - Started process (PID=97715) to work on /home/airflow/.local/lib/python3.7/site-packages/airflow/example_dags/example_time_delta_sensor_async.py
[2022-08-23 00:13:42,193] {processor.py:641} INFO - Processing file /home/airflow/.local/lib/python3.7/site-packages/airflow/example_dags/example_time_delta_sensor_async.py for tasks to queue
[2022-08-23 00:13:42,201] {logging_mixin.py:115} INFO - [2022-08-23 00:13:42,197] {dagbag.py:508} INFO - Filling up the DagBag from /home/airflow/.local/lib/python3.7/site-packages/airflow/example_dags/example_time_delta_sensor_async.py
[2022-08-23 00:13:42,325] {processor.py:651} INFO - DAG(s) dict_keys(['example_time_delta_sensor_async']) retrieved from /home/airflow/.local/lib/python3.7/site-packages/airflow/example_dags/example_time_delta_sensor_async.py
[2022-08-23 00:13:42,715] {logging_mixin.py:115} INFO - [2022-08-23 00:13:42,715] {dag.py:2420} INFO - Sync 1 DAGs
[2022-08-23 00:13:42,868] {logging_mixin.py:115} INFO - [2022-08-23 00:13:42,867] {dag.py:2972} INFO - Setting next_dagrun for example_time_delta_sensor_async to None, run_after=None
[2022-08-23 00:13:42,927] {processor.py:161} INFO - Processing /home/airflow/.local/lib/python3.7/site-packages/airflow/example_dags/example_time_delta_sensor_async.py took 0.965 seconds
[2022-08-23 00:14:13,366] {processor.py:153} INFO - Started process (PID=97913) to work on /home/airflow/.local/lib/python3.7/site-packages/airflow/example_dags/example_time_delta_sensor_async.py
[2022-08-23 00:14:13,368] {processor.py:641} INFO - Processing file /home/airflow/.local/lib/python3.7/site-packages/airflow/example_dags/example_time_delta_sensor_async.py for tasks to queue
[2022-08-23 00:14:13,371] {logging_mixin.py:115} INFO - [2022-08-23 00:14:13,371] {dagbag.py:508} INFO - Filling up the DagBag from /home/airflow/.local/lib/python3.7/site-packages/airflow/example_dags/example_time_delta_sensor_async.py
[2022-08-23 00:14:13,386] {processor.py:651} INFO - DAG(s) dict_keys(['example_time_delta_sensor_async']) retrieved from /home/airflow/.local/lib/python3.7/site-packages/airflow/example_dags/example_time_delta_sensor_async.py
[2022-08-23 00:14:13,472] {logging_mixin.py:115} INFO - [2022-08-23 00:14:13,472] {dag.py:2420} INFO - Sync 1 DAGs
[2022-08-23 00:14:13,528] {logging_mixin.py:115} INFO - [2022-08-23 00:14:13,527] {dag.py:2972} INFO - Setting next_dagrun for example_time_delta_sensor_async to None, run_after=None
[2022-08-23 00:14:13,573] {processor.py:161} INFO - Processing /home/airflow/.local/lib/python3.7/site-packages/airflow/example_dags/example_time_delta_sensor_async.py took 0.220 seconds
[2022-08-23 00:14:43,953] {processor.py:153} INFO - Started process (PID=98110) to work on /home/airflow/.local/lib/python3.7/site-packages/airflow/example_dags/example_time_delta_sensor_async.py
[2022-08-23 00:14:43,955] {processor.py:641} INFO - Processing file /home/airflow/.local/lib/python3.7/site-packages/airflow/example_dags/example_time_delta_sensor_async.py for tasks to queue
[2022-08-23 00:14:43,959] {logging_mixin.py:115} INFO - [2022-08-23 00:14:43,959] {dagbag.py:508} INFO - Filling up the DagBag from /home/airflow/.local/lib/python3.7/site-packages/airflow/example_dags/example_time_delta_sensor_async.py
[2022-08-23 00:14:43,969] {processor.py:651} INFO - DAG(s) dict_keys(['example_time_delta_sensor_async']) retrieved from /home/airflow/.local/lib/python3.7/site-packages/airflow/example_dags/example_time_delta_sensor_async.py
[2022-08-23 00:14:44,043] {logging_mixin.py:115} INFO - [2022-08-23 00:14:44,043] {dag.py:2420} INFO - Sync 1 DAGs
[2022-08-23 00:14:44,078] {logging_mixin.py:115} INFO - [2022-08-23 00:14:44,078] {dag.py:2972} INFO - Setting next_dagrun for example_time_delta_sensor_async to None, run_after=None
[2022-08-23 00:14:44,100] {processor.py:161} INFO - Processing /home/airflow/.local/lib/python3.7/site-packages/airflow/example_dags/example_time_delta_sensor_async.py took 0.156 seconds
[2022-08-23 00:15:14,659] {processor.py:153} INFO - Started process (PID=98305) to work on /home/airflow/.local/lib/python3.7/site-packages/airflow/example_dags/example_time_delta_sensor_async.py
[2022-08-23 00:15:14,663] {processor.py:641} INFO - Processing file /home/airflow/.local/lib/python3.7/site-packages/airflow/example_dags/example_time_delta_sensor_async.py for tasks to queue
[2022-08-23 00:15:14,666] {logging_mixin.py:115} INFO - [2022-08-23 00:15:14,666] {dagbag.py:508} INFO - Filling up the DagBag from /home/airflow/.local/lib/python3.7/site-packages/airflow/example_dags/example_time_delta_sensor_async.py
[2022-08-23 00:15:14,683] {processor.py:651} INFO - DAG(s) dict_keys(['example_time_delta_sensor_async']) retrieved from /home/airflow/.local/lib/python3.7/site-packages/airflow/example_dags/example_time_delta_sensor_async.py
[2022-08-23 00:15:14,804] {logging_mixin.py:115} INFO - [2022-08-23 00:15:14,803] {dag.py:2420} INFO - Sync 1 DAGs
[2022-08-23 00:15:14,864] {logging_mixin.py:115} INFO - [2022-08-23 00:15:14,864] {dag.py:2972} INFO - Setting next_dagrun for example_time_delta_sensor_async to None, run_after=None
[2022-08-23 00:15:14,896] {processor.py:161} INFO - Processing /home/airflow/.local/lib/python3.7/site-packages/airflow/example_dags/example_time_delta_sensor_async.py took 0.246 seconds
[2022-08-23 00:15:45,457] {processor.py:153} INFO - Started process (PID=98500) to work on /home/airflow/.local/lib/python3.7/site-packages/airflow/example_dags/example_time_delta_sensor_async.py
[2022-08-23 00:15:45,464] {processor.py:641} INFO - Processing file /home/airflow/.local/lib/python3.7/site-packages/airflow/example_dags/example_time_delta_sensor_async.py for tasks to queue
[2022-08-23 00:15:45,472] {logging_mixin.py:115} INFO - [2022-08-23 00:15:45,472] {dagbag.py:508} INFO - Filling up the DagBag from /home/airflow/.local/lib/python3.7/site-packages/airflow/example_dags/example_time_delta_sensor_async.py
[2022-08-23 00:15:45,492] {processor.py:651} INFO - DAG(s) dict_keys(['example_time_delta_sensor_async']) retrieved from /home/airflow/.local/lib/python3.7/site-packages/airflow/example_dags/example_time_delta_sensor_async.py
[2022-08-23 00:15:45,632] {logging_mixin.py:115} INFO - [2022-08-23 00:15:45,632] {dag.py:2420} INFO - Sync 1 DAGs
[2022-08-23 00:15:45,707] {logging_mixin.py:115} INFO - [2022-08-23 00:15:45,707] {dag.py:2972} INFO - Setting next_dagrun for example_time_delta_sensor_async to None, run_after=None
[2022-08-23 00:15:45,750] {processor.py:161} INFO - Processing /home/airflow/.local/lib/python3.7/site-packages/airflow/example_dags/example_time_delta_sensor_async.py took 0.304 seconds
[2022-08-23 00:16:16,063] {processor.py:153} INFO - Started process (PID=98696) to work on /home/airflow/.local/lib/python3.7/site-packages/airflow/example_dags/example_time_delta_sensor_async.py
[2022-08-23 00:16:16,065] {processor.py:641} INFO - Processing file /home/airflow/.local/lib/python3.7/site-packages/airflow/example_dags/example_time_delta_sensor_async.py for tasks to queue
[2022-08-23 00:16:16,067] {logging_mixin.py:115} INFO - [2022-08-23 00:16:16,067] {dagbag.py:508} INFO - Filling up the DagBag from /home/airflow/.local/lib/python3.7/site-packages/airflow/example_dags/example_time_delta_sensor_async.py
[2022-08-23 00:16:16,077] {processor.py:651} INFO - DAG(s) dict_keys(['example_time_delta_sensor_async']) retrieved from /home/airflow/.local/lib/python3.7/site-packages/airflow/example_dags/example_time_delta_sensor_async.py
[2022-08-23 00:16:16,203] {logging_mixin.py:115} INFO - [2022-08-23 00:16:16,203] {dag.py:2420} INFO - Sync 1 DAGs
[2022-08-23 00:16:16,256] {logging_mixin.py:115} INFO - [2022-08-23 00:16:16,256] {dag.py:2972} INFO - Setting next_dagrun for example_time_delta_sensor_async to None, run_after=None
[2022-08-23 00:16:16,299] {processor.py:161} INFO - Processing /home/airflow/.local/lib/python3.7/site-packages/airflow/example_dags/example_time_delta_sensor_async.py took 0.242 seconds
[2022-08-23 00:16:46,641] {processor.py:153} INFO - Started process (PID=98890) to work on /home/airflow/.local/lib/python3.7/site-packages/airflow/example_dags/example_time_delta_sensor_async.py
[2022-08-23 00:16:46,645] {processor.py:641} INFO - Processing file /home/airflow/.local/lib/python3.7/site-packages/airflow/example_dags/example_time_delta_sensor_async.py for tasks to queue
[2022-08-23 00:16:46,650] {logging_mixin.py:115} INFO - [2022-08-23 00:16:46,650] {dagbag.py:508} INFO - Filling up the DagBag from /home/airflow/.local/lib/python3.7/site-packages/airflow/example_dags/example_time_delta_sensor_async.py
[2022-08-23 00:16:46,667] {processor.py:651} INFO - DAG(s) dict_keys(['example_time_delta_sensor_async']) retrieved from /home/airflow/.local/lib/python3.7/site-packages/airflow/example_dags/example_time_delta_sensor_async.py
[2022-08-23 00:16:46,774] {logging_mixin.py:115} INFO - [2022-08-23 00:16:46,773] {dag.py:2420} INFO - Sync 1 DAGs
[2022-08-23 00:16:46,842] {logging_mixin.py:115} INFO - [2022-08-23 00:16:46,841] {dag.py:2972} INFO - Setting next_dagrun for example_time_delta_sensor_async to None, run_after=None
[2022-08-23 00:16:46,869] {processor.py:161} INFO - Processing /home/airflow/.local/lib/python3.7/site-packages/airflow/example_dags/example_time_delta_sensor_async.py took 0.237 seconds
[2022-08-23 00:17:19,772] {processor.py:153} INFO - Started process (PID=99093) to work on /home/airflow/.local/lib/python3.7/site-packages/airflow/example_dags/example_time_delta_sensor_async.py
[2022-08-23 00:17:19,799] {processor.py:641} INFO - Processing file /home/airflow/.local/lib/python3.7/site-packages/airflow/example_dags/example_time_delta_sensor_async.py for tasks to queue
[2022-08-23 00:17:19,831] {logging_mixin.py:115} INFO - [2022-08-23 00:17:19,831] {dagbag.py:508} INFO - Filling up the DagBag from /home/airflow/.local/lib/python3.7/site-packages/airflow/example_dags/example_time_delta_sensor_async.py
[2022-08-23 00:17:19,883] {processor.py:651} INFO - DAG(s) dict_keys(['example_time_delta_sensor_async']) retrieved from /home/airflow/.local/lib/python3.7/site-packages/airflow/example_dags/example_time_delta_sensor_async.py
[2022-08-23 00:17:20,356] {logging_mixin.py:115} INFO - [2022-08-23 00:17:20,356] {dag.py:2420} INFO - Sync 1 DAGs
[2022-08-23 00:17:20,431] {logging_mixin.py:115} INFO - [2022-08-23 00:17:20,431] {dag.py:2972} INFO - Setting next_dagrun for example_time_delta_sensor_async to None, run_after=None
[2022-08-23 00:17:20,474] {processor.py:161} INFO - Processing /home/airflow/.local/lib/python3.7/site-packages/airflow/example_dags/example_time_delta_sensor_async.py took 0.720 seconds
[2022-08-23 00:17:50,751] {processor.py:153} INFO - Started process (PID=99285) to work on /home/airflow/.local/lib/python3.7/site-packages/airflow/example_dags/example_time_delta_sensor_async.py
[2022-08-23 00:17:50,763] {processor.py:641} INFO - Processing file /home/airflow/.local/lib/python3.7/site-packages/airflow/example_dags/example_time_delta_sensor_async.py for tasks to queue
[2022-08-23 00:17:50,784] {logging_mixin.py:115} INFO - [2022-08-23 00:17:50,783] {dagbag.py:508} INFO - Filling up the DagBag from /home/airflow/.local/lib/python3.7/site-packages/airflow/example_dags/example_time_delta_sensor_async.py
[2022-08-23 00:17:50,820] {processor.py:651} INFO - DAG(s) dict_keys(['example_time_delta_sensor_async']) retrieved from /home/airflow/.local/lib/python3.7/site-packages/airflow/example_dags/example_time_delta_sensor_async.py
[2022-08-23 00:17:50,994] {logging_mixin.py:115} INFO - [2022-08-23 00:17:50,994] {dag.py:2420} INFO - Sync 1 DAGs
[2022-08-23 00:17:51,063] {logging_mixin.py:115} INFO - [2022-08-23 00:17:51,063] {dag.py:2972} INFO - Setting next_dagrun for example_time_delta_sensor_async to None, run_after=None
[2022-08-23 00:17:51,106] {processor.py:161} INFO - Processing /home/airflow/.local/lib/python3.7/site-packages/airflow/example_dags/example_time_delta_sensor_async.py took 0.370 seconds
[2022-08-23 00:18:21,985] {processor.py:153} INFO - Started process (PID=99480) to work on /home/airflow/.local/lib/python3.7/site-packages/airflow/example_dags/example_time_delta_sensor_async.py
[2022-08-23 00:18:21,989] {processor.py:641} INFO - Processing file /home/airflow/.local/lib/python3.7/site-packages/airflow/example_dags/example_time_delta_sensor_async.py for tasks to queue
[2022-08-23 00:18:21,991] {logging_mixin.py:115} INFO - [2022-08-23 00:18:21,991] {dagbag.py:508} INFO - Filling up the DagBag from /home/airflow/.local/lib/python3.7/site-packages/airflow/example_dags/example_time_delta_sensor_async.py
[2022-08-23 00:18:22,007] {processor.py:651} INFO - DAG(s) dict_keys(['example_time_delta_sensor_async']) retrieved from /home/airflow/.local/lib/python3.7/site-packages/airflow/example_dags/example_time_delta_sensor_async.py
[2022-08-23 00:18:22,097] {logging_mixin.py:115} INFO - [2022-08-23 00:18:22,097] {dag.py:2420} INFO - Sync 1 DAGs
[2022-08-23 00:18:22,155] {logging_mixin.py:115} INFO - [2022-08-23 00:18:22,155] {dag.py:2972} INFO - Setting next_dagrun for example_time_delta_sensor_async to None, run_after=None
[2022-08-23 00:18:22,185] {processor.py:161} INFO - Processing /home/airflow/.local/lib/python3.7/site-packages/airflow/example_dags/example_time_delta_sensor_async.py took 0.211 seconds
[2022-08-23 00:18:52,873] {processor.py:153} INFO - Started process (PID=99670) to work on /home/airflow/.local/lib/python3.7/site-packages/airflow/example_dags/example_time_delta_sensor_async.py
[2022-08-23 00:18:52,876] {processor.py:641} INFO - Processing file /home/airflow/.local/lib/python3.7/site-packages/airflow/example_dags/example_time_delta_sensor_async.py for tasks to queue
[2022-08-23 00:18:52,879] {logging_mixin.py:115} INFO - [2022-08-23 00:18:52,879] {dagbag.py:508} INFO - Filling up the DagBag from /home/airflow/.local/lib/python3.7/site-packages/airflow/example_dags/example_time_delta_sensor_async.py
[2022-08-23 00:18:52,891] {processor.py:651} INFO - DAG(s) dict_keys(['example_time_delta_sensor_async']) retrieved from /home/airflow/.local/lib/python3.7/site-packages/airflow/example_dags/example_time_delta_sensor_async.py
[2022-08-23 00:18:52,994] {logging_mixin.py:115} INFO - [2022-08-23 00:18:52,994] {dag.py:2420} INFO - Sync 1 DAGs
[2022-08-23 00:18:53,043] {logging_mixin.py:115} INFO - [2022-08-23 00:18:53,042] {dag.py:2972} INFO - Setting next_dagrun for example_time_delta_sensor_async to None, run_after=None
[2022-08-23 00:18:53,073] {processor.py:161} INFO - Processing /home/airflow/.local/lib/python3.7/site-packages/airflow/example_dags/example_time_delta_sensor_async.py took 0.212 seconds
[2022-08-23 00:19:23,626] {processor.py:153} INFO - Started process (PID=99873) to work on /home/airflow/.local/lib/python3.7/site-packages/airflow/example_dags/example_time_delta_sensor_async.py
[2022-08-23 00:19:23,630] {processor.py:641} INFO - Processing file /home/airflow/.local/lib/python3.7/site-packages/airflow/example_dags/example_time_delta_sensor_async.py for tasks to queue
[2022-08-23 00:19:23,635] {logging_mixin.py:115} INFO - [2022-08-23 00:19:23,635] {dagbag.py:508} INFO - Filling up the DagBag from /home/airflow/.local/lib/python3.7/site-packages/airflow/example_dags/example_time_delta_sensor_async.py
[2022-08-23 00:19:23,651] {processor.py:651} INFO - DAG(s) dict_keys(['example_time_delta_sensor_async']) retrieved from /home/airflow/.local/lib/python3.7/site-packages/airflow/example_dags/example_time_delta_sensor_async.py
[2022-08-23 00:19:23,749] {logging_mixin.py:115} INFO - [2022-08-23 00:19:23,748] {dag.py:2420} INFO - Sync 1 DAGs
[2022-08-23 00:19:23,792] {logging_mixin.py:115} INFO - [2022-08-23 00:19:23,792] {dag.py:2972} INFO - Setting next_dagrun for example_time_delta_sensor_async to None, run_after=None
[2022-08-23 00:19:23,816] {processor.py:161} INFO - Processing /home/airflow/.local/lib/python3.7/site-packages/airflow/example_dags/example_time_delta_sensor_async.py took 0.200 seconds
[2022-08-23 00:19:54,612] {processor.py:153} INFO - Started process (PID=369) to work on /home/airflow/.local/lib/python3.7/site-packages/airflow/example_dags/example_time_delta_sensor_async.py
[2022-08-23 00:19:54,617] {processor.py:641} INFO - Processing file /home/airflow/.local/lib/python3.7/site-packages/airflow/example_dags/example_time_delta_sensor_async.py for tasks to queue
[2022-08-23 00:19:54,633] {logging_mixin.py:115} INFO - [2022-08-23 00:19:54,633] {dagbag.py:508} INFO - Filling up the DagBag from /home/airflow/.local/lib/python3.7/site-packages/airflow/example_dags/example_time_delta_sensor_async.py
[2022-08-23 00:19:54,679] {processor.py:651} INFO - DAG(s) dict_keys(['example_time_delta_sensor_async']) retrieved from /home/airflow/.local/lib/python3.7/site-packages/airflow/example_dags/example_time_delta_sensor_async.py
[2022-08-23 00:19:54,832] {logging_mixin.py:115} INFO - [2022-08-23 00:19:54,832] {dag.py:2420} INFO - Sync 1 DAGs
[2022-08-23 00:19:54,921] {logging_mixin.py:115} INFO - [2022-08-23 00:19:54,921] {dag.py:2972} INFO - Setting next_dagrun for example_time_delta_sensor_async to None, run_after=None
[2022-08-23 00:19:54,944] {processor.py:161} INFO - Processing /home/airflow/.local/lib/python3.7/site-packages/airflow/example_dags/example_time_delta_sensor_async.py took 0.342 seconds
[2022-08-23 00:20:25,220] {processor.py:153} INFO - Started process (PID=573) to work on /home/airflow/.local/lib/python3.7/site-packages/airflow/example_dags/example_time_delta_sensor_async.py
[2022-08-23 00:20:25,223] {processor.py:641} INFO - Processing file /home/airflow/.local/lib/python3.7/site-packages/airflow/example_dags/example_time_delta_sensor_async.py for tasks to queue
[2022-08-23 00:20:25,228] {logging_mixin.py:115} INFO - [2022-08-23 00:20:25,227] {dagbag.py:508} INFO - Filling up the DagBag from /home/airflow/.local/lib/python3.7/site-packages/airflow/example_dags/example_time_delta_sensor_async.py
[2022-08-23 00:20:25,245] {processor.py:651} INFO - DAG(s) dict_keys(['example_time_delta_sensor_async']) retrieved from /home/airflow/.local/lib/python3.7/site-packages/airflow/example_dags/example_time_delta_sensor_async.py
[2022-08-23 00:20:25,325] {logging_mixin.py:115} INFO - [2022-08-23 00:20:25,325] {dag.py:2420} INFO - Sync 1 DAGs
[2022-08-23 00:20:25,372] {logging_mixin.py:115} INFO - [2022-08-23 00:20:25,372] {dag.py:2972} INFO - Setting next_dagrun for example_time_delta_sensor_async to None, run_after=None
[2022-08-23 00:20:25,394] {processor.py:161} INFO - Processing /home/airflow/.local/lib/python3.7/site-packages/airflow/example_dags/example_time_delta_sensor_async.py took 0.189 seconds
[2022-08-23 00:20:55,841] {processor.py:153} INFO - Started process (PID=767) to work on /home/airflow/.local/lib/python3.7/site-packages/airflow/example_dags/example_time_delta_sensor_async.py
[2022-08-23 00:20:55,844] {processor.py:641} INFO - Processing file /home/airflow/.local/lib/python3.7/site-packages/airflow/example_dags/example_time_delta_sensor_async.py for tasks to queue
[2022-08-23 00:20:55,861] {logging_mixin.py:115} INFO - [2022-08-23 00:20:55,860] {dagbag.py:508} INFO - Filling up the DagBag from /home/airflow/.local/lib/python3.7/site-packages/airflow/example_dags/example_time_delta_sensor_async.py
[2022-08-23 00:20:55,894] {processor.py:651} INFO - DAG(s) dict_keys(['example_time_delta_sensor_async']) retrieved from /home/airflow/.local/lib/python3.7/site-packages/airflow/example_dags/example_time_delta_sensor_async.py
[2022-08-23 00:20:56,029] {logging_mixin.py:115} INFO - [2022-08-23 00:20:56,028] {dag.py:2420} INFO - Sync 1 DAGs
[2022-08-23 00:20:56,092] {logging_mixin.py:115} INFO - [2022-08-23 00:20:56,092] {dag.py:2972} INFO - Setting next_dagrun for example_time_delta_sensor_async to None, run_after=None
[2022-08-23 00:20:56,119] {processor.py:161} INFO - Processing /home/airflow/.local/lib/python3.7/site-packages/airflow/example_dags/example_time_delta_sensor_async.py took 0.289 seconds
