[2022-08-23 00:00:20,269] {processor.py:153} INFO - Started process (PID=92722) to work on /home/airflow/.local/lib/python3.7/site-packages/airflow/example_dags/example_branch_operator_decorator.py
[2022-08-23 00:00:20,278] {processor.py:641} INFO - Processing file /home/airflow/.local/lib/python3.7/site-packages/airflow/example_dags/example_branch_operator_decorator.py for tasks to queue
[2022-08-23 00:00:20,286] {logging_mixin.py:115} INFO - [2022-08-23 00:00:20,286] {dagbag.py:508} INFO - Filling up the DagBag from /home/airflow/.local/lib/python3.7/site-packages/airflow/example_dags/example_branch_operator_decorator.py
[2022-08-23 00:00:20,578] {processor.py:651} INFO - DAG(s) dict_keys(['example_branch_python_operator_decorator']) retrieved from /home/airflow/.local/lib/python3.7/site-packages/airflow/example_dags/example_branch_operator_decorator.py
[2022-08-23 00:00:20,783] {logging_mixin.py:115} INFO - [2022-08-23 00:00:20,783] {dag.py:2420} INFO - Sync 1 DAGs
[2022-08-23 00:00:23,064] {logging_mixin.py:115} INFO - [2022-08-23 00:00:23,063] {dag.py:2972} INFO - Setting next_dagrun for example_branch_python_operator_decorator to 2022-08-22T00:00:00+00:00, run_after=2022-08-23T00:00:00+00:00
[2022-08-23 00:00:23,250] {processor.py:161} INFO - Processing /home/airflow/.local/lib/python3.7/site-packages/airflow/example_dags/example_branch_operator_decorator.py took 3.007 seconds
[2022-08-23 00:00:54,230] {processor.py:153} INFO - Started process (PID=92923) to work on /home/airflow/.local/lib/python3.7/site-packages/airflow/example_dags/example_branch_operator_decorator.py
[2022-08-23 00:00:54,233] {processor.py:641} INFO - Processing file /home/airflow/.local/lib/python3.7/site-packages/airflow/example_dags/example_branch_operator_decorator.py for tasks to queue
[2022-08-23 00:00:54,236] {logging_mixin.py:115} INFO - [2022-08-23 00:00:54,236] {dagbag.py:508} INFO - Filling up the DagBag from /home/airflow/.local/lib/python3.7/site-packages/airflow/example_dags/example_branch_operator_decorator.py
[2022-08-23 00:00:54,273] {processor.py:651} INFO - DAG(s) dict_keys(['example_branch_python_operator_decorator']) retrieved from /home/airflow/.local/lib/python3.7/site-packages/airflow/example_dags/example_branch_operator_decorator.py
[2022-08-23 00:00:54,318] {logging_mixin.py:115} INFO - [2022-08-23 00:00:54,318] {dag.py:2420} INFO - Sync 1 DAGs
[2022-08-23 00:00:54,535] {logging_mixin.py:115} INFO - [2022-08-23 00:00:54,534] {dag.py:2972} INFO - Setting next_dagrun for example_branch_python_operator_decorator to 2022-08-22T00:00:00+00:00, run_after=2022-08-23T00:00:00+00:00
[2022-08-23 00:00:54,561] {processor.py:161} INFO - Processing /home/airflow/.local/lib/python3.7/site-packages/airflow/example_dags/example_branch_operator_decorator.py took 0.339 seconds
[2022-08-23 00:01:24,698] {processor.py:153} INFO - Started process (PID=93120) to work on /home/airflow/.local/lib/python3.7/site-packages/airflow/example_dags/example_branch_operator_decorator.py
[2022-08-23 00:01:24,700] {processor.py:641} INFO - Processing file /home/airflow/.local/lib/python3.7/site-packages/airflow/example_dags/example_branch_operator_decorator.py for tasks to queue
[2022-08-23 00:01:24,702] {logging_mixin.py:115} INFO - [2022-08-23 00:01:24,702] {dagbag.py:508} INFO - Filling up the DagBag from /home/airflow/.local/lib/python3.7/site-packages/airflow/example_dags/example_branch_operator_decorator.py
[2022-08-23 00:01:24,752] {processor.py:651} INFO - DAG(s) dict_keys(['example_branch_python_operator_decorator']) retrieved from /home/airflow/.local/lib/python3.7/site-packages/airflow/example_dags/example_branch_operator_decorator.py
[2022-08-23 00:01:24,866] {logging_mixin.py:115} INFO - [2022-08-23 00:01:24,866] {dag.py:2420} INFO - Sync 1 DAGs
[2022-08-23 00:01:25,328] {logging_mixin.py:115} INFO - [2022-08-23 00:01:25,328] {dag.py:2972} INFO - Setting next_dagrun for example_branch_python_operator_decorator to 2022-08-22T00:00:00+00:00, run_after=2022-08-23T00:00:00+00:00
[2022-08-23 00:01:25,353] {processor.py:161} INFO - Processing /home/airflow/.local/lib/python3.7/site-packages/airflow/example_dags/example_branch_operator_decorator.py took 0.664 seconds
[2022-08-23 00:01:56,278] {processor.py:153} INFO - Started process (PID=93313) to work on /home/airflow/.local/lib/python3.7/site-packages/airflow/example_dags/example_branch_operator_decorator.py
[2022-08-23 00:01:56,281] {processor.py:641} INFO - Processing file /home/airflow/.local/lib/python3.7/site-packages/airflow/example_dags/example_branch_operator_decorator.py for tasks to queue
[2022-08-23 00:01:56,285] {logging_mixin.py:115} INFO - [2022-08-23 00:01:56,285] {dagbag.py:508} INFO - Filling up the DagBag from /home/airflow/.local/lib/python3.7/site-packages/airflow/example_dags/example_branch_operator_decorator.py
[2022-08-23 00:01:56,319] {processor.py:651} INFO - DAG(s) dict_keys(['example_branch_python_operator_decorator']) retrieved from /home/airflow/.local/lib/python3.7/site-packages/airflow/example_dags/example_branch_operator_decorator.py
[2022-08-23 00:01:56,362] {logging_mixin.py:115} INFO - [2022-08-23 00:01:56,362] {dag.py:2420} INFO - Sync 1 DAGs
[2022-08-23 00:01:56,584] {logging_mixin.py:115} INFO - [2022-08-23 00:01:56,584] {dag.py:2972} INFO - Setting next_dagrun for example_branch_python_operator_decorator to 2022-08-22T00:00:00+00:00, run_after=2022-08-23T00:00:00+00:00
[2022-08-23 00:01:56,624] {processor.py:161} INFO - Processing /home/airflow/.local/lib/python3.7/site-packages/airflow/example_dags/example_branch_operator_decorator.py took 0.359 seconds
[2022-08-23 00:02:27,645] {processor.py:153} INFO - Started process (PID=93507) to work on /home/airflow/.local/lib/python3.7/site-packages/airflow/example_dags/example_branch_operator_decorator.py
[2022-08-23 00:02:27,647] {processor.py:641} INFO - Processing file /home/airflow/.local/lib/python3.7/site-packages/airflow/example_dags/example_branch_operator_decorator.py for tasks to queue
[2022-08-23 00:02:27,651] {logging_mixin.py:115} INFO - [2022-08-23 00:02:27,651] {dagbag.py:508} INFO - Filling up the DagBag from /home/airflow/.local/lib/python3.7/site-packages/airflow/example_dags/example_branch_operator_decorator.py
[2022-08-23 00:02:27,700] {processor.py:651} INFO - DAG(s) dict_keys(['example_branch_python_operator_decorator']) retrieved from /home/airflow/.local/lib/python3.7/site-packages/airflow/example_dags/example_branch_operator_decorator.py
[2022-08-23 00:02:27,770] {logging_mixin.py:115} INFO - [2022-08-23 00:02:27,770] {dag.py:2420} INFO - Sync 1 DAGs
[2022-08-23 00:02:28,175] {logging_mixin.py:115} INFO - [2022-08-23 00:02:28,175] {dag.py:2972} INFO - Setting next_dagrun for example_branch_python_operator_decorator to 2022-08-22T00:00:00+00:00, run_after=2022-08-23T00:00:00+00:00
[2022-08-23 00:02:28,196] {processor.py:161} INFO - Processing /home/airflow/.local/lib/python3.7/site-packages/airflow/example_dags/example_branch_operator_decorator.py took 0.561 seconds
[2022-08-23 00:02:58,563] {processor.py:153} INFO - Started process (PID=93709) to work on /home/airflow/.local/lib/python3.7/site-packages/airflow/example_dags/example_branch_operator_decorator.py
[2022-08-23 00:02:58,568] {processor.py:641} INFO - Processing file /home/airflow/.local/lib/python3.7/site-packages/airflow/example_dags/example_branch_operator_decorator.py for tasks to queue
[2022-08-23 00:02:58,573] {logging_mixin.py:115} INFO - [2022-08-23 00:02:58,572] {dagbag.py:508} INFO - Filling up the DagBag from /home/airflow/.local/lib/python3.7/site-packages/airflow/example_dags/example_branch_operator_decorator.py
[2022-08-23 00:02:58,648] {processor.py:651} INFO - DAG(s) dict_keys(['example_branch_python_operator_decorator']) retrieved from /home/airflow/.local/lib/python3.7/site-packages/airflow/example_dags/example_branch_operator_decorator.py
[2022-08-23 00:02:58,729] {logging_mixin.py:115} INFO - [2022-08-23 00:02:58,729] {dag.py:2420} INFO - Sync 1 DAGs
[2022-08-23 00:02:59,083] {logging_mixin.py:115} INFO - [2022-08-23 00:02:59,083] {dag.py:2972} INFO - Setting next_dagrun for example_branch_python_operator_decorator to 2022-08-22T00:00:00+00:00, run_after=2022-08-23T00:00:00+00:00
[2022-08-23 00:02:59,119] {processor.py:161} INFO - Processing /home/airflow/.local/lib/python3.7/site-packages/airflow/example_dags/example_branch_operator_decorator.py took 0.574 seconds
[2022-08-23 00:03:29,291] {processor.py:153} INFO - Started process (PID=93909) to work on /home/airflow/.local/lib/python3.7/site-packages/airflow/example_dags/example_branch_operator_decorator.py
[2022-08-23 00:03:29,300] {processor.py:641} INFO - Processing file /home/airflow/.local/lib/python3.7/site-packages/airflow/example_dags/example_branch_operator_decorator.py for tasks to queue
[2022-08-23 00:03:29,311] {logging_mixin.py:115} INFO - [2022-08-23 00:03:29,306] {dagbag.py:508} INFO - Filling up the DagBag from /home/airflow/.local/lib/python3.7/site-packages/airflow/example_dags/example_branch_operator_decorator.py
[2022-08-23 00:03:29,497] {processor.py:651} INFO - DAG(s) dict_keys(['example_branch_python_operator_decorator']) retrieved from /home/airflow/.local/lib/python3.7/site-packages/airflow/example_dags/example_branch_operator_decorator.py
[2022-08-23 00:03:29,594] {logging_mixin.py:115} INFO - [2022-08-23 00:03:29,594] {dag.py:2420} INFO - Sync 1 DAGs
[2022-08-23 00:03:29,908] {logging_mixin.py:115} INFO - [2022-08-23 00:03:29,908] {dag.py:2972} INFO - Setting next_dagrun for example_branch_python_operator_decorator to 2022-08-22T00:00:00+00:00, run_after=2022-08-23T00:00:00+00:00
[2022-08-23 00:03:29,945] {processor.py:161} INFO - Processing /home/airflow/.local/lib/python3.7/site-packages/airflow/example_dags/example_branch_operator_decorator.py took 0.670 seconds
[2022-08-23 00:04:00,418] {processor.py:153} INFO - Started process (PID=94103) to work on /home/airflow/.local/lib/python3.7/site-packages/airflow/example_dags/example_branch_operator_decorator.py
[2022-08-23 00:04:00,421] {processor.py:641} INFO - Processing file /home/airflow/.local/lib/python3.7/site-packages/airflow/example_dags/example_branch_operator_decorator.py for tasks to queue
[2022-08-23 00:04:00,424] {logging_mixin.py:115} INFO - [2022-08-23 00:04:00,424] {dagbag.py:508} INFO - Filling up the DagBag from /home/airflow/.local/lib/python3.7/site-packages/airflow/example_dags/example_branch_operator_decorator.py
[2022-08-23 00:04:00,469] {processor.py:651} INFO - DAG(s) dict_keys(['example_branch_python_operator_decorator']) retrieved from /home/airflow/.local/lib/python3.7/site-packages/airflow/example_dags/example_branch_operator_decorator.py
[2022-08-23 00:04:00,540] {logging_mixin.py:115} INFO - [2022-08-23 00:04:00,540] {dag.py:2420} INFO - Sync 1 DAGs
[2022-08-23 00:04:00,882] {logging_mixin.py:115} INFO - [2022-08-23 00:04:00,882] {dag.py:2972} INFO - Setting next_dagrun for example_branch_python_operator_decorator to 2022-08-22T00:00:00+00:00, run_after=2022-08-23T00:00:00+00:00
[2022-08-23 00:04:00,906] {processor.py:161} INFO - Processing /home/airflow/.local/lib/python3.7/site-packages/airflow/example_dags/example_branch_operator_decorator.py took 0.495 seconds
[2022-08-23 00:04:31,188] {processor.py:153} INFO - Started process (PID=94297) to work on /home/airflow/.local/lib/python3.7/site-packages/airflow/example_dags/example_branch_operator_decorator.py
[2022-08-23 00:04:31,190] {processor.py:641} INFO - Processing file /home/airflow/.local/lib/python3.7/site-packages/airflow/example_dags/example_branch_operator_decorator.py for tasks to queue
[2022-08-23 00:04:31,193] {logging_mixin.py:115} INFO - [2022-08-23 00:04:31,193] {dagbag.py:508} INFO - Filling up the DagBag from /home/airflow/.local/lib/python3.7/site-packages/airflow/example_dags/example_branch_operator_decorator.py
[2022-08-23 00:04:31,225] {processor.py:651} INFO - DAG(s) dict_keys(['example_branch_python_operator_decorator']) retrieved from /home/airflow/.local/lib/python3.7/site-packages/airflow/example_dags/example_branch_operator_decorator.py
[2022-08-23 00:04:31,267] {logging_mixin.py:115} INFO - [2022-08-23 00:04:31,267] {dag.py:2420} INFO - Sync 1 DAGs
[2022-08-23 00:04:31,486] {logging_mixin.py:115} INFO - [2022-08-23 00:04:31,485] {dag.py:2972} INFO - Setting next_dagrun for example_branch_python_operator_decorator to 2022-08-22T00:00:00+00:00, run_after=2022-08-23T00:00:00+00:00
[2022-08-23 00:04:31,512] {processor.py:161} INFO - Processing /home/airflow/.local/lib/python3.7/site-packages/airflow/example_dags/example_branch_operator_decorator.py took 0.335 seconds
[2022-08-23 00:05:01,914] {processor.py:153} INFO - Started process (PID=94491) to work on /home/airflow/.local/lib/python3.7/site-packages/airflow/example_dags/example_branch_operator_decorator.py
[2022-08-23 00:05:01,919] {processor.py:641} INFO - Processing file /home/airflow/.local/lib/python3.7/site-packages/airflow/example_dags/example_branch_operator_decorator.py for tasks to queue
[2022-08-23 00:05:01,928] {logging_mixin.py:115} INFO - [2022-08-23 00:05:01,928] {dagbag.py:508} INFO - Filling up the DagBag from /home/airflow/.local/lib/python3.7/site-packages/airflow/example_dags/example_branch_operator_decorator.py
[2022-08-23 00:05:01,993] {processor.py:651} INFO - DAG(s) dict_keys(['example_branch_python_operator_decorator']) retrieved from /home/airflow/.local/lib/python3.7/site-packages/airflow/example_dags/example_branch_operator_decorator.py
[2022-08-23 00:05:02,083] {logging_mixin.py:115} INFO - [2022-08-23 00:05:02,083] {dag.py:2420} INFO - Sync 1 DAGs
[2022-08-23 00:05:02,672] {logging_mixin.py:115} INFO - [2022-08-23 00:05:02,671] {dag.py:2972} INFO - Setting next_dagrun for example_branch_python_operator_decorator to 2022-08-22T00:00:00+00:00, run_after=2022-08-23T00:00:00+00:00
[2022-08-23 00:05:02,746] {processor.py:161} INFO - Processing /home/airflow/.local/lib/python3.7/site-packages/airflow/example_dags/example_branch_operator_decorator.py took 0.840 seconds
[2022-08-23 00:05:33,175] {processor.py:153} INFO - Started process (PID=94686) to work on /home/airflow/.local/lib/python3.7/site-packages/airflow/example_dags/example_branch_operator_decorator.py
[2022-08-23 00:05:33,179] {processor.py:641} INFO - Processing file /home/airflow/.local/lib/python3.7/site-packages/airflow/example_dags/example_branch_operator_decorator.py for tasks to queue
[2022-08-23 00:05:33,184] {logging_mixin.py:115} INFO - [2022-08-23 00:05:33,184] {dagbag.py:508} INFO - Filling up the DagBag from /home/airflow/.local/lib/python3.7/site-packages/airflow/example_dags/example_branch_operator_decorator.py
[2022-08-23 00:05:33,252] {processor.py:651} INFO - DAG(s) dict_keys(['example_branch_python_operator_decorator']) retrieved from /home/airflow/.local/lib/python3.7/site-packages/airflow/example_dags/example_branch_operator_decorator.py
[2022-08-23 00:05:33,346] {logging_mixin.py:115} INFO - [2022-08-23 00:05:33,345] {dag.py:2420} INFO - Sync 1 DAGs
[2022-08-23 00:05:33,659] {logging_mixin.py:115} INFO - [2022-08-23 00:05:33,658] {dag.py:2972} INFO - Setting next_dagrun for example_branch_python_operator_decorator to 2022-08-22T00:00:00+00:00, run_after=2022-08-23T00:00:00+00:00
[2022-08-23 00:05:33,690] {processor.py:161} INFO - Processing /home/airflow/.local/lib/python3.7/site-packages/airflow/example_dags/example_branch_operator_decorator.py took 0.537 seconds
[2022-08-23 00:06:04,119] {processor.py:153} INFO - Started process (PID=94889) to work on /home/airflow/.local/lib/python3.7/site-packages/airflow/example_dags/example_branch_operator_decorator.py
[2022-08-23 00:06:04,124] {processor.py:641} INFO - Processing file /home/airflow/.local/lib/python3.7/site-packages/airflow/example_dags/example_branch_operator_decorator.py for tasks to queue
[2022-08-23 00:06:04,128] {logging_mixin.py:115} INFO - [2022-08-23 00:06:04,128] {dagbag.py:508} INFO - Filling up the DagBag from /home/airflow/.local/lib/python3.7/site-packages/airflow/example_dags/example_branch_operator_decorator.py
[2022-08-23 00:06:04,425] {processor.py:651} INFO - DAG(s) dict_keys(['example_branch_python_operator_decorator']) retrieved from /home/airflow/.local/lib/python3.7/site-packages/airflow/example_dags/example_branch_operator_decorator.py
[2022-08-23 00:06:04,566] {logging_mixin.py:115} INFO - [2022-08-23 00:06:04,566] {dag.py:2420} INFO - Sync 1 DAGs
[2022-08-23 00:06:04,909] {logging_mixin.py:115} INFO - [2022-08-23 00:06:04,909] {dag.py:2972} INFO - Setting next_dagrun for example_branch_python_operator_decorator to 2022-08-22T00:00:00+00:00, run_after=2022-08-23T00:00:00+00:00
[2022-08-23 00:06:04,929] {processor.py:161} INFO - Processing /home/airflow/.local/lib/python3.7/site-packages/airflow/example_dags/example_branch_operator_decorator.py took 0.836 seconds
[2022-08-23 00:06:35,427] {processor.py:153} INFO - Started process (PID=95083) to work on /home/airflow/.local/lib/python3.7/site-packages/airflow/example_dags/example_branch_operator_decorator.py
[2022-08-23 00:06:35,437] {processor.py:641} INFO - Processing file /home/airflow/.local/lib/python3.7/site-packages/airflow/example_dags/example_branch_operator_decorator.py for tasks to queue
[2022-08-23 00:06:35,446] {logging_mixin.py:115} INFO - [2022-08-23 00:06:35,445] {dagbag.py:508} INFO - Filling up the DagBag from /home/airflow/.local/lib/python3.7/site-packages/airflow/example_dags/example_branch_operator_decorator.py
[2022-08-23 00:06:35,572] {processor.py:651} INFO - DAG(s) dict_keys(['example_branch_python_operator_decorator']) retrieved from /home/airflow/.local/lib/python3.7/site-packages/airflow/example_dags/example_branch_operator_decorator.py
[2022-08-23 00:06:35,671] {logging_mixin.py:115} INFO - [2022-08-23 00:06:35,671] {dag.py:2420} INFO - Sync 1 DAGs
[2022-08-23 00:06:36,002] {logging_mixin.py:115} INFO - [2022-08-23 00:06:36,002] {dag.py:2972} INFO - Setting next_dagrun for example_branch_python_operator_decorator to 2022-08-22T00:00:00+00:00, run_after=2022-08-23T00:00:00+00:00
[2022-08-23 00:06:36,026] {processor.py:161} INFO - Processing /home/airflow/.local/lib/python3.7/site-packages/airflow/example_dags/example_branch_operator_decorator.py took 0.666 seconds
[2022-08-23 00:07:07,183] {processor.py:153} INFO - Started process (PID=95270) to work on /home/airflow/.local/lib/python3.7/site-packages/airflow/example_dags/example_branch_operator_decorator.py
[2022-08-23 00:07:07,194] {processor.py:641} INFO - Processing file /home/airflow/.local/lib/python3.7/site-packages/airflow/example_dags/example_branch_operator_decorator.py for tasks to queue
[2022-08-23 00:07:07,199] {logging_mixin.py:115} INFO - [2022-08-23 00:07:07,198] {dagbag.py:508} INFO - Filling up the DagBag from /home/airflow/.local/lib/python3.7/site-packages/airflow/example_dags/example_branch_operator_decorator.py
[2022-08-23 00:07:07,266] {processor.py:651} INFO - DAG(s) dict_keys(['example_branch_python_operator_decorator']) retrieved from /home/airflow/.local/lib/python3.7/site-packages/airflow/example_dags/example_branch_operator_decorator.py
[2022-08-23 00:07:07,327] {logging_mixin.py:115} INFO - [2022-08-23 00:07:07,326] {dag.py:2420} INFO - Sync 1 DAGs
[2022-08-23 00:07:07,683] {logging_mixin.py:115} INFO - [2022-08-23 00:07:07,683] {dag.py:2972} INFO - Setting next_dagrun for example_branch_python_operator_decorator to 2022-08-22T00:00:00+00:00, run_after=2022-08-23T00:00:00+00:00
[2022-08-23 00:07:07,730] {processor.py:161} INFO - Processing /home/airflow/.local/lib/python3.7/site-packages/airflow/example_dags/example_branch_operator_decorator.py took 0.560 seconds
[2022-08-23 00:07:39,447] {processor.py:153} INFO - Started process (PID=95473) to work on /home/airflow/.local/lib/python3.7/site-packages/airflow/example_dags/example_branch_operator_decorator.py
[2022-08-23 00:07:39,449] {processor.py:641} INFO - Processing file /home/airflow/.local/lib/python3.7/site-packages/airflow/example_dags/example_branch_operator_decorator.py for tasks to queue
[2022-08-23 00:07:39,454] {logging_mixin.py:115} INFO - [2022-08-23 00:07:39,454] {dagbag.py:508} INFO - Filling up the DagBag from /home/airflow/.local/lib/python3.7/site-packages/airflow/example_dags/example_branch_operator_decorator.py
[2022-08-23 00:07:39,501] {processor.py:651} INFO - DAG(s) dict_keys(['example_branch_python_operator_decorator']) retrieved from /home/airflow/.local/lib/python3.7/site-packages/airflow/example_dags/example_branch_operator_decorator.py
[2022-08-23 00:07:39,607] {logging_mixin.py:115} INFO - [2022-08-23 00:07:39,607] {dag.py:2420} INFO - Sync 1 DAGs
[2022-08-23 00:07:39,961] {logging_mixin.py:115} INFO - [2022-08-23 00:07:39,961] {dag.py:2972} INFO - Setting next_dagrun for example_branch_python_operator_decorator to 2022-08-22T00:00:00+00:00, run_after=2022-08-23T00:00:00+00:00
[2022-08-23 00:07:40,010] {processor.py:161} INFO - Processing /home/airflow/.local/lib/python3.7/site-packages/airflow/example_dags/example_branch_operator_decorator.py took 0.573 seconds
[2022-08-23 00:08:11,322] {processor.py:153} INFO - Started process (PID=95667) to work on /home/airflow/.local/lib/python3.7/site-packages/airflow/example_dags/example_branch_operator_decorator.py
[2022-08-23 00:08:11,325] {processor.py:641} INFO - Processing file /home/airflow/.local/lib/python3.7/site-packages/airflow/example_dags/example_branch_operator_decorator.py for tasks to queue
[2022-08-23 00:08:11,327] {logging_mixin.py:115} INFO - [2022-08-23 00:08:11,327] {dagbag.py:508} INFO - Filling up the DagBag from /home/airflow/.local/lib/python3.7/site-packages/airflow/example_dags/example_branch_operator_decorator.py
[2022-08-23 00:08:11,368] {processor.py:651} INFO - DAG(s) dict_keys(['example_branch_python_operator_decorator']) retrieved from /home/airflow/.local/lib/python3.7/site-packages/airflow/example_dags/example_branch_operator_decorator.py
[2022-08-23 00:08:11,431] {logging_mixin.py:115} INFO - [2022-08-23 00:08:11,431] {dag.py:2420} INFO - Sync 1 DAGs
[2022-08-23 00:08:12,148] {logging_mixin.py:115} INFO - [2022-08-23 00:08:12,148] {dag.py:2972} INFO - Setting next_dagrun for example_branch_python_operator_decorator to 2022-08-22T00:00:00+00:00, run_after=2022-08-23T00:00:00+00:00
[2022-08-23 00:08:12,219] {processor.py:161} INFO - Processing /home/airflow/.local/lib/python3.7/site-packages/airflow/example_dags/example_branch_operator_decorator.py took 0.903 seconds
[2022-08-23 00:08:44,497] {processor.py:153} INFO - Started process (PID=95869) to work on /home/airflow/.local/lib/python3.7/site-packages/airflow/example_dags/example_branch_operator_decorator.py
[2022-08-23 00:08:44,500] {processor.py:641} INFO - Processing file /home/airflow/.local/lib/python3.7/site-packages/airflow/example_dags/example_branch_operator_decorator.py for tasks to queue
[2022-08-23 00:08:44,504] {logging_mixin.py:115} INFO - [2022-08-23 00:08:44,503] {dagbag.py:508} INFO - Filling up the DagBag from /home/airflow/.local/lib/python3.7/site-packages/airflow/example_dags/example_branch_operator_decorator.py
[2022-08-23 00:08:44,828] {processor.py:651} INFO - DAG(s) dict_keys(['example_branch_python_operator_decorator']) retrieved from /home/airflow/.local/lib/python3.7/site-packages/airflow/example_dags/example_branch_operator_decorator.py
[2022-08-23 00:08:45,392] {logging_mixin.py:115} INFO - [2022-08-23 00:08:45,392] {dag.py:2420} INFO - Sync 1 DAGs
[2022-08-23 00:08:46,235] {logging_mixin.py:115} INFO - [2022-08-23 00:08:46,235] {dag.py:2972} INFO - Setting next_dagrun for example_branch_python_operator_decorator to 2022-08-22T00:00:00+00:00, run_after=2022-08-23T00:00:00+00:00
[2022-08-23 00:08:46,274] {processor.py:161} INFO - Processing /home/airflow/.local/lib/python3.7/site-packages/airflow/example_dags/example_branch_operator_decorator.py took 1.803 seconds
[2022-08-23 00:09:16,521] {processor.py:153} INFO - Started process (PID=96053) to work on /home/airflow/.local/lib/python3.7/site-packages/airflow/example_dags/example_branch_operator_decorator.py
[2022-08-23 00:09:16,524] {processor.py:641} INFO - Processing file /home/airflow/.local/lib/python3.7/site-packages/airflow/example_dags/example_branch_operator_decorator.py for tasks to queue
[2022-08-23 00:09:16,526] {logging_mixin.py:115} INFO - [2022-08-23 00:09:16,526] {dagbag.py:508} INFO - Filling up the DagBag from /home/airflow/.local/lib/python3.7/site-packages/airflow/example_dags/example_branch_operator_decorator.py
[2022-08-23 00:09:16,570] {processor.py:651} INFO - DAG(s) dict_keys(['example_branch_python_operator_decorator']) retrieved from /home/airflow/.local/lib/python3.7/site-packages/airflow/example_dags/example_branch_operator_decorator.py
[2022-08-23 00:09:16,652] {logging_mixin.py:115} INFO - [2022-08-23 00:09:16,652] {dag.py:2420} INFO - Sync 1 DAGs
[2022-08-23 00:09:16,949] {logging_mixin.py:115} INFO - [2022-08-23 00:09:16,949] {dag.py:2972} INFO - Setting next_dagrun for example_branch_python_operator_decorator to 2022-08-22T00:00:00+00:00, run_after=2022-08-23T00:00:00+00:00
[2022-08-23 00:09:16,996] {processor.py:161} INFO - Processing /home/airflow/.local/lib/python3.7/site-packages/airflow/example_dags/example_branch_operator_decorator.py took 0.483 seconds
[2022-08-23 00:09:47,911] {processor.py:153} INFO - Started process (PID=96247) to work on /home/airflow/.local/lib/python3.7/site-packages/airflow/example_dags/example_branch_operator_decorator.py
[2022-08-23 00:09:48,035] {processor.py:641} INFO - Processing file /home/airflow/.local/lib/python3.7/site-packages/airflow/example_dags/example_branch_operator_decorator.py for tasks to queue
[2022-08-23 00:09:48,038] {logging_mixin.py:115} INFO - [2022-08-23 00:09:48,038] {dagbag.py:508} INFO - Filling up the DagBag from /home/airflow/.local/lib/python3.7/site-packages/airflow/example_dags/example_branch_operator_decorator.py
[2022-08-23 00:09:48,194] {processor.py:651} INFO - DAG(s) dict_keys(['example_branch_python_operator_decorator']) retrieved from /home/airflow/.local/lib/python3.7/site-packages/airflow/example_dags/example_branch_operator_decorator.py
[2022-08-23 00:09:48,339] {logging_mixin.py:115} INFO - [2022-08-23 00:09:48,339] {dag.py:2420} INFO - Sync 1 DAGs
[2022-08-23 00:09:48,922] {logging_mixin.py:115} INFO - [2022-08-23 00:09:48,922] {dag.py:2972} INFO - Setting next_dagrun for example_branch_python_operator_decorator to 2022-08-22T00:00:00+00:00, run_after=2022-08-23T00:00:00+00:00
[2022-08-23 00:09:48,974] {processor.py:161} INFO - Processing /home/airflow/.local/lib/python3.7/site-packages/airflow/example_dags/example_branch_operator_decorator.py took 1.135 seconds
[2022-08-23 00:10:19,953] {processor.py:153} INFO - Started process (PID=96448) to work on /home/airflow/.local/lib/python3.7/site-packages/airflow/example_dags/example_branch_operator_decorator.py
[2022-08-23 00:10:19,958] {processor.py:641} INFO - Processing file /home/airflow/.local/lib/python3.7/site-packages/airflow/example_dags/example_branch_operator_decorator.py for tasks to queue
[2022-08-23 00:10:19,962] {logging_mixin.py:115} INFO - [2022-08-23 00:10:19,962] {dagbag.py:508} INFO - Filling up the DagBag from /home/airflow/.local/lib/python3.7/site-packages/airflow/example_dags/example_branch_operator_decorator.py
[2022-08-23 00:10:20,014] {processor.py:651} INFO - DAG(s) dict_keys(['example_branch_python_operator_decorator']) retrieved from /home/airflow/.local/lib/python3.7/site-packages/airflow/example_dags/example_branch_operator_decorator.py
[2022-08-23 00:10:20,108] {logging_mixin.py:115} INFO - [2022-08-23 00:10:20,107] {dag.py:2420} INFO - Sync 1 DAGs
[2022-08-23 00:10:20,376] {logging_mixin.py:115} INFO - [2022-08-23 00:10:20,375] {dag.py:2972} INFO - Setting next_dagrun for example_branch_python_operator_decorator to 2022-08-22T00:00:00+00:00, run_after=2022-08-23T00:00:00+00:00
[2022-08-23 00:10:20,398] {processor.py:161} INFO - Processing /home/airflow/.local/lib/python3.7/site-packages/airflow/example_dags/example_branch_operator_decorator.py took 0.453 seconds
[2022-08-23 00:10:50,725] {processor.py:153} INFO - Started process (PID=96640) to work on /home/airflow/.local/lib/python3.7/site-packages/airflow/example_dags/example_branch_operator_decorator.py
[2022-08-23 00:10:50,727] {processor.py:641} INFO - Processing file /home/airflow/.local/lib/python3.7/site-packages/airflow/example_dags/example_branch_operator_decorator.py for tasks to queue
[2022-08-23 00:10:50,730] {logging_mixin.py:115} INFO - [2022-08-23 00:10:50,730] {dagbag.py:508} INFO - Filling up the DagBag from /home/airflow/.local/lib/python3.7/site-packages/airflow/example_dags/example_branch_operator_decorator.py
[2022-08-23 00:10:50,791] {processor.py:651} INFO - DAG(s) dict_keys(['example_branch_python_operator_decorator']) retrieved from /home/airflow/.local/lib/python3.7/site-packages/airflow/example_dags/example_branch_operator_decorator.py
[2022-08-23 00:10:50,846] {logging_mixin.py:115} INFO - [2022-08-23 00:10:50,846] {dag.py:2420} INFO - Sync 1 DAGs
[2022-08-23 00:10:51,087] {logging_mixin.py:115} INFO - [2022-08-23 00:10:51,087] {dag.py:2972} INFO - Setting next_dagrun for example_branch_python_operator_decorator to 2022-08-22T00:00:00+00:00, run_after=2022-08-23T00:00:00+00:00
[2022-08-23 00:10:51,113] {processor.py:161} INFO - Processing /home/airflow/.local/lib/python3.7/site-packages/airflow/example_dags/example_branch_operator_decorator.py took 0.402 seconds
[2022-08-23 00:11:21,232] {processor.py:153} INFO - Started process (PID=96839) to work on /home/airflow/.local/lib/python3.7/site-packages/airflow/example_dags/example_branch_operator_decorator.py
[2022-08-23 00:11:21,235] {processor.py:641} INFO - Processing file /home/airflow/.local/lib/python3.7/site-packages/airflow/example_dags/example_branch_operator_decorator.py for tasks to queue
[2022-08-23 00:11:21,237] {logging_mixin.py:115} INFO - [2022-08-23 00:11:21,237] {dagbag.py:508} INFO - Filling up the DagBag from /home/airflow/.local/lib/python3.7/site-packages/airflow/example_dags/example_branch_operator_decorator.py
[2022-08-23 00:11:21,278] {processor.py:651} INFO - DAG(s) dict_keys(['example_branch_python_operator_decorator']) retrieved from /home/airflow/.local/lib/python3.7/site-packages/airflow/example_dags/example_branch_operator_decorator.py
[2022-08-23 00:11:21,339] {logging_mixin.py:115} INFO - [2022-08-23 00:11:21,339] {dag.py:2420} INFO - Sync 1 DAGs
[2022-08-23 00:11:21,617] {logging_mixin.py:115} INFO - [2022-08-23 00:11:21,617] {dag.py:2972} INFO - Setting next_dagrun for example_branch_python_operator_decorator to 2022-08-22T00:00:00+00:00, run_after=2022-08-23T00:00:00+00:00
[2022-08-23 00:11:21,646] {processor.py:161} INFO - Processing /home/airflow/.local/lib/python3.7/site-packages/airflow/example_dags/example_branch_operator_decorator.py took 0.424 seconds
[2022-08-23 00:11:52,180] {processor.py:153} INFO - Started process (PID=97045) to work on /home/airflow/.local/lib/python3.7/site-packages/airflow/example_dags/example_branch_operator_decorator.py
[2022-08-23 00:11:52,183] {processor.py:641} INFO - Processing file /home/airflow/.local/lib/python3.7/site-packages/airflow/example_dags/example_branch_operator_decorator.py for tasks to queue
[2022-08-23 00:11:52,191] {logging_mixin.py:115} INFO - [2022-08-23 00:11:52,191] {dagbag.py:508} INFO - Filling up the DagBag from /home/airflow/.local/lib/python3.7/site-packages/airflow/example_dags/example_branch_operator_decorator.py
[2022-08-23 00:11:52,274] {processor.py:651} INFO - DAG(s) dict_keys(['example_branch_python_operator_decorator']) retrieved from /home/airflow/.local/lib/python3.7/site-packages/airflow/example_dags/example_branch_operator_decorator.py
[2022-08-23 00:11:52,336] {logging_mixin.py:115} INFO - [2022-08-23 00:11:52,335] {dag.py:2420} INFO - Sync 1 DAGs
[2022-08-23 00:11:52,408] {logging_mixin.py:115} INFO - [2022-08-23 00:11:52,408] {dag.py:2972} INFO - Setting next_dagrun for example_branch_python_operator_decorator to 2022-08-22T00:00:00+00:00, run_after=2022-08-23T00:00:00+00:00
[2022-08-23 00:11:52,432] {processor.py:161} INFO - Processing /home/airflow/.local/lib/python3.7/site-packages/airflow/example_dags/example_branch_operator_decorator.py took 0.258 seconds
[2022-08-23 00:12:22,805] {processor.py:153} INFO - Started process (PID=97233) to work on /home/airflow/.local/lib/python3.7/site-packages/airflow/example_dags/example_branch_operator_decorator.py
[2022-08-23 00:12:22,812] {processor.py:641} INFO - Processing file /home/airflow/.local/lib/python3.7/site-packages/airflow/example_dags/example_branch_operator_decorator.py for tasks to queue
[2022-08-23 00:12:22,822] {logging_mixin.py:115} INFO - [2022-08-23 00:12:22,821] {dagbag.py:508} INFO - Filling up the DagBag from /home/airflow/.local/lib/python3.7/site-packages/airflow/example_dags/example_branch_operator_decorator.py
[2022-08-23 00:12:22,970] {processor.py:651} INFO - DAG(s) dict_keys(['example_branch_python_operator_decorator']) retrieved from /home/airflow/.local/lib/python3.7/site-packages/airflow/example_dags/example_branch_operator_decorator.py
[2022-08-23 00:12:23,074] {logging_mixin.py:115} INFO - [2022-08-23 00:12:23,074] {dag.py:2420} INFO - Sync 1 DAGs
[2022-08-23 00:12:23,152] {logging_mixin.py:115} INFO - [2022-08-23 00:12:23,152] {dag.py:2972} INFO - Setting next_dagrun for example_branch_python_operator_decorator to 2022-08-22T00:00:00+00:00, run_after=2022-08-23T00:00:00+00:00
[2022-08-23 00:12:23,177] {processor.py:161} INFO - Processing /home/airflow/.local/lib/python3.7/site-packages/airflow/example_dags/example_branch_operator_decorator.py took 0.397 seconds
[2022-08-23 00:12:54,250] {processor.py:153} INFO - Started process (PID=97427) to work on /home/airflow/.local/lib/python3.7/site-packages/airflow/example_dags/example_branch_operator_decorator.py
[2022-08-23 00:12:54,257] {processor.py:641} INFO - Processing file /home/airflow/.local/lib/python3.7/site-packages/airflow/example_dags/example_branch_operator_decorator.py for tasks to queue
[2022-08-23 00:12:54,263] {logging_mixin.py:115} INFO - [2022-08-23 00:12:54,262] {dagbag.py:508} INFO - Filling up the DagBag from /home/airflow/.local/lib/python3.7/site-packages/airflow/example_dags/example_branch_operator_decorator.py
[2022-08-23 00:12:54,534] {processor.py:651} INFO - DAG(s) dict_keys(['example_branch_python_operator_decorator']) retrieved from /home/airflow/.local/lib/python3.7/site-packages/airflow/example_dags/example_branch_operator_decorator.py
[2022-08-23 00:12:54,625] {logging_mixin.py:115} INFO - [2022-08-23 00:12:54,625] {dag.py:2420} INFO - Sync 1 DAGs
[2022-08-23 00:12:54,757] {logging_mixin.py:115} INFO - [2022-08-23 00:12:54,757] {dag.py:2972} INFO - Setting next_dagrun for example_branch_python_operator_decorator to 2022-08-22T00:00:00+00:00, run_after=2022-08-23T00:00:00+00:00
[2022-08-23 00:12:54,825] {processor.py:161} INFO - Processing /home/airflow/.local/lib/python3.7/site-packages/airflow/example_dags/example_branch_operator_decorator.py took 0.652 seconds
[2022-08-23 00:13:25,039] {processor.py:153} INFO - Started process (PID=97621) to work on /home/airflow/.local/lib/python3.7/site-packages/airflow/example_dags/example_branch_operator_decorator.py
[2022-08-23 00:13:25,048] {processor.py:641} INFO - Processing file /home/airflow/.local/lib/python3.7/site-packages/airflow/example_dags/example_branch_operator_decorator.py for tasks to queue
[2022-08-23 00:13:25,050] {logging_mixin.py:115} INFO - [2022-08-23 00:13:25,050] {dagbag.py:508} INFO - Filling up the DagBag from /home/airflow/.local/lib/python3.7/site-packages/airflow/example_dags/example_branch_operator_decorator.py
[2022-08-23 00:13:25,085] {processor.py:651} INFO - DAG(s) dict_keys(['example_branch_python_operator_decorator']) retrieved from /home/airflow/.local/lib/python3.7/site-packages/airflow/example_dags/example_branch_operator_decorator.py
[2022-08-23 00:13:25,159] {logging_mixin.py:115} INFO - [2022-08-23 00:13:25,159] {dag.py:2420} INFO - Sync 1 DAGs
[2022-08-23 00:13:25,200] {logging_mixin.py:115} INFO - [2022-08-23 00:13:25,199] {dag.py:2972} INFO - Setting next_dagrun for example_branch_python_operator_decorator to 2022-08-22T00:00:00+00:00, run_after=2022-08-23T00:00:00+00:00
[2022-08-23 00:13:25,226] {processor.py:161} INFO - Processing /home/airflow/.local/lib/python3.7/site-packages/airflow/example_dags/example_branch_operator_decorator.py took 0.191 seconds
[2022-08-23 00:13:55,865] {processor.py:153} INFO - Started process (PID=97816) to work on /home/airflow/.local/lib/python3.7/site-packages/airflow/example_dags/example_branch_operator_decorator.py
[2022-08-23 00:13:55,869] {processor.py:641} INFO - Processing file /home/airflow/.local/lib/python3.7/site-packages/airflow/example_dags/example_branch_operator_decorator.py for tasks to queue
[2022-08-23 00:13:55,894] {logging_mixin.py:115} INFO - [2022-08-23 00:13:55,894] {dagbag.py:508} INFO - Filling up the DagBag from /home/airflow/.local/lib/python3.7/site-packages/airflow/example_dags/example_branch_operator_decorator.py
[2022-08-23 00:13:56,057] {processor.py:651} INFO - DAG(s) dict_keys(['example_branch_python_operator_decorator']) retrieved from /home/airflow/.local/lib/python3.7/site-packages/airflow/example_dags/example_branch_operator_decorator.py
[2022-08-23 00:13:56,142] {logging_mixin.py:115} INFO - [2022-08-23 00:13:56,142] {dag.py:2420} INFO - Sync 1 DAGs
[2022-08-23 00:13:56,192] {logging_mixin.py:115} INFO - [2022-08-23 00:13:56,192] {dag.py:2972} INFO - Setting next_dagrun for example_branch_python_operator_decorator to 2022-08-22T00:00:00+00:00, run_after=2022-08-23T00:00:00+00:00
[2022-08-23 00:13:56,224] {processor.py:161} INFO - Processing /home/airflow/.local/lib/python3.7/site-packages/airflow/example_dags/example_branch_operator_decorator.py took 0.425 seconds
[2022-08-23 00:14:27,757] {processor.py:153} INFO - Started process (PID=98011) to work on /home/airflow/.local/lib/python3.7/site-packages/airflow/example_dags/example_branch_operator_decorator.py
[2022-08-23 00:14:27,760] {processor.py:641} INFO - Processing file /home/airflow/.local/lib/python3.7/site-packages/airflow/example_dags/example_branch_operator_decorator.py for tasks to queue
[2022-08-23 00:14:27,763] {logging_mixin.py:115} INFO - [2022-08-23 00:14:27,763] {dagbag.py:508} INFO - Filling up the DagBag from /home/airflow/.local/lib/python3.7/site-packages/airflow/example_dags/example_branch_operator_decorator.py
[2022-08-23 00:14:27,798] {processor.py:651} INFO - DAG(s) dict_keys(['example_branch_python_operator_decorator']) retrieved from /home/airflow/.local/lib/python3.7/site-packages/airflow/example_dags/example_branch_operator_decorator.py
[2022-08-23 00:14:27,844] {logging_mixin.py:115} INFO - [2022-08-23 00:14:27,844] {dag.py:2420} INFO - Sync 1 DAGs
[2022-08-23 00:14:27,883] {logging_mixin.py:115} INFO - [2022-08-23 00:14:27,883] {dag.py:2972} INFO - Setting next_dagrun for example_branch_python_operator_decorator to 2022-08-22T00:00:00+00:00, run_after=2022-08-23T00:00:00+00:00
[2022-08-23 00:14:27,913] {processor.py:161} INFO - Processing /home/airflow/.local/lib/python3.7/site-packages/airflow/example_dags/example_branch_operator_decorator.py took 0.163 seconds
[2022-08-23 00:14:58,574] {processor.py:153} INFO - Started process (PID=98204) to work on /home/airflow/.local/lib/python3.7/site-packages/airflow/example_dags/example_branch_operator_decorator.py
[2022-08-23 00:14:58,580] {processor.py:641} INFO - Processing file /home/airflow/.local/lib/python3.7/site-packages/airflow/example_dags/example_branch_operator_decorator.py for tasks to queue
[2022-08-23 00:14:58,584] {logging_mixin.py:115} INFO - [2022-08-23 00:14:58,584] {dagbag.py:508} INFO - Filling up the DagBag from /home/airflow/.local/lib/python3.7/site-packages/airflow/example_dags/example_branch_operator_decorator.py
[2022-08-23 00:14:58,657] {processor.py:651} INFO - DAG(s) dict_keys(['example_branch_python_operator_decorator']) retrieved from /home/airflow/.local/lib/python3.7/site-packages/airflow/example_dags/example_branch_operator_decorator.py
[2022-08-23 00:14:58,708] {logging_mixin.py:115} INFO - [2022-08-23 00:14:58,708] {dag.py:2420} INFO - Sync 1 DAGs
[2022-08-23 00:14:58,748] {logging_mixin.py:115} INFO - [2022-08-23 00:14:58,748] {dag.py:2972} INFO - Setting next_dagrun for example_branch_python_operator_decorator to 2022-08-22T00:00:00+00:00, run_after=2022-08-23T00:00:00+00:00
[2022-08-23 00:14:58,778] {processor.py:161} INFO - Processing /home/airflow/.local/lib/python3.7/site-packages/airflow/example_dags/example_branch_operator_decorator.py took 0.210 seconds
[2022-08-23 00:15:29,200] {processor.py:153} INFO - Started process (PID=98398) to work on /home/airflow/.local/lib/python3.7/site-packages/airflow/example_dags/example_branch_operator_decorator.py
[2022-08-23 00:15:29,205] {processor.py:641} INFO - Processing file /home/airflow/.local/lib/python3.7/site-packages/airflow/example_dags/example_branch_operator_decorator.py for tasks to queue
[2022-08-23 00:15:29,209] {logging_mixin.py:115} INFO - [2022-08-23 00:15:29,208] {dagbag.py:508} INFO - Filling up the DagBag from /home/airflow/.local/lib/python3.7/site-packages/airflow/example_dags/example_branch_operator_decorator.py
[2022-08-23 00:15:29,271] {processor.py:651} INFO - DAG(s) dict_keys(['example_branch_python_operator_decorator']) retrieved from /home/airflow/.local/lib/python3.7/site-packages/airflow/example_dags/example_branch_operator_decorator.py
[2022-08-23 00:15:29,359] {logging_mixin.py:115} INFO - [2022-08-23 00:15:29,359] {dag.py:2420} INFO - Sync 1 DAGs
[2022-08-23 00:15:29,463] {logging_mixin.py:115} INFO - [2022-08-23 00:15:29,462] {dag.py:2972} INFO - Setting next_dagrun for example_branch_python_operator_decorator to 2022-08-22T00:00:00+00:00, run_after=2022-08-23T00:00:00+00:00
[2022-08-23 00:15:29,524] {processor.py:161} INFO - Processing /home/airflow/.local/lib/python3.7/site-packages/airflow/example_dags/example_branch_operator_decorator.py took 0.341 seconds
[2022-08-23 00:15:59,721] {processor.py:153} INFO - Started process (PID=98596) to work on /home/airflow/.local/lib/python3.7/site-packages/airflow/example_dags/example_branch_operator_decorator.py
[2022-08-23 00:15:59,728] {processor.py:641} INFO - Processing file /home/airflow/.local/lib/python3.7/site-packages/airflow/example_dags/example_branch_operator_decorator.py for tasks to queue
[2022-08-23 00:15:59,733] {logging_mixin.py:115} INFO - [2022-08-23 00:15:59,733] {dagbag.py:508} INFO - Filling up the DagBag from /home/airflow/.local/lib/python3.7/site-packages/airflow/example_dags/example_branch_operator_decorator.py
[2022-08-23 00:15:59,789] {processor.py:651} INFO - DAG(s) dict_keys(['example_branch_python_operator_decorator']) retrieved from /home/airflow/.local/lib/python3.7/site-packages/airflow/example_dags/example_branch_operator_decorator.py
[2022-08-23 00:15:59,851] {logging_mixin.py:115} INFO - [2022-08-23 00:15:59,850] {dag.py:2420} INFO - Sync 1 DAGs
[2022-08-23 00:15:59,910] {logging_mixin.py:115} INFO - [2022-08-23 00:15:59,910] {dag.py:2972} INFO - Setting next_dagrun for example_branch_python_operator_decorator to 2022-08-22T00:00:00+00:00, run_after=2022-08-23T00:00:00+00:00
[2022-08-23 00:15:59,934] {processor.py:161} INFO - Processing /home/airflow/.local/lib/python3.7/site-packages/airflow/example_dags/example_branch_operator_decorator.py took 0.235 seconds
[2022-08-23 00:16:30,317] {processor.py:153} INFO - Started process (PID=98790) to work on /home/airflow/.local/lib/python3.7/site-packages/airflow/example_dags/example_branch_operator_decorator.py
[2022-08-23 00:16:30,320] {processor.py:641} INFO - Processing file /home/airflow/.local/lib/python3.7/site-packages/airflow/example_dags/example_branch_operator_decorator.py for tasks to queue
[2022-08-23 00:16:30,326] {logging_mixin.py:115} INFO - [2022-08-23 00:16:30,326] {dagbag.py:508} INFO - Filling up the DagBag from /home/airflow/.local/lib/python3.7/site-packages/airflow/example_dags/example_branch_operator_decorator.py
[2022-08-23 00:16:30,405] {processor.py:651} INFO - DAG(s) dict_keys(['example_branch_python_operator_decorator']) retrieved from /home/airflow/.local/lib/python3.7/site-packages/airflow/example_dags/example_branch_operator_decorator.py
[2022-08-23 00:16:30,747] {logging_mixin.py:115} INFO - [2022-08-23 00:16:30,747] {dag.py:2420} INFO - Sync 1 DAGs
[2022-08-23 00:16:30,841] {logging_mixin.py:115} INFO - [2022-08-23 00:16:30,841] {dag.py:2972} INFO - Setting next_dagrun for example_branch_python_operator_decorator to 2022-08-22T00:00:00+00:00, run_after=2022-08-23T00:00:00+00:00
[2022-08-23 00:16:30,889] {processor.py:161} INFO - Processing /home/airflow/.local/lib/python3.7/site-packages/airflow/example_dags/example_branch_operator_decorator.py took 0.589 seconds
[2022-08-23 00:17:01,221] {processor.py:153} INFO - Started process (PID=98981) to work on /home/airflow/.local/lib/python3.7/site-packages/airflow/example_dags/example_branch_operator_decorator.py
[2022-08-23 00:17:01,225] {processor.py:641} INFO - Processing file /home/airflow/.local/lib/python3.7/site-packages/airflow/example_dags/example_branch_operator_decorator.py for tasks to queue
[2022-08-23 00:17:01,228] {logging_mixin.py:115} INFO - [2022-08-23 00:17:01,228] {dagbag.py:508} INFO - Filling up the DagBag from /home/airflow/.local/lib/python3.7/site-packages/airflow/example_dags/example_branch_operator_decorator.py
[2022-08-23 00:17:01,265] {processor.py:651} INFO - DAG(s) dict_keys(['example_branch_python_operator_decorator']) retrieved from /home/airflow/.local/lib/python3.7/site-packages/airflow/example_dags/example_branch_operator_decorator.py
[2022-08-23 00:17:01,310] {logging_mixin.py:115} INFO - [2022-08-23 00:17:01,310] {dag.py:2420} INFO - Sync 1 DAGs
[2022-08-23 00:17:01,346] {logging_mixin.py:115} INFO - [2022-08-23 00:17:01,345] {dag.py:2972} INFO - Setting next_dagrun for example_branch_python_operator_decorator to 2022-08-22T00:00:00+00:00, run_after=2022-08-23T00:00:00+00:00
[2022-08-23 00:17:01,365] {processor.py:161} INFO - Processing /home/airflow/.local/lib/python3.7/site-packages/airflow/example_dags/example_branch_operator_decorator.py took 0.152 seconds
[2022-08-23 00:17:32,120] {processor.py:153} INFO - Started process (PID=99175) to work on /home/airflow/.local/lib/python3.7/site-packages/airflow/example_dags/example_branch_operator_decorator.py
[2022-08-23 00:17:32,123] {processor.py:641} INFO - Processing file /home/airflow/.local/lib/python3.7/site-packages/airflow/example_dags/example_branch_operator_decorator.py for tasks to queue
[2022-08-23 00:17:32,125] {logging_mixin.py:115} INFO - [2022-08-23 00:17:32,124] {dagbag.py:508} INFO - Filling up the DagBag from /home/airflow/.local/lib/python3.7/site-packages/airflow/example_dags/example_branch_operator_decorator.py
[2022-08-23 00:17:32,159] {processor.py:651} INFO - DAG(s) dict_keys(['example_branch_python_operator_decorator']) retrieved from /home/airflow/.local/lib/python3.7/site-packages/airflow/example_dags/example_branch_operator_decorator.py
[2022-08-23 00:17:32,201] {logging_mixin.py:115} INFO - [2022-08-23 00:17:32,201] {dag.py:2420} INFO - Sync 1 DAGs
[2022-08-23 00:17:32,241] {logging_mixin.py:115} INFO - [2022-08-23 00:17:32,240] {dag.py:2972} INFO - Setting next_dagrun for example_branch_python_operator_decorator to 2022-08-22T00:00:00+00:00, run_after=2022-08-23T00:00:00+00:00
[2022-08-23 00:17:32,267] {processor.py:161} INFO - Processing /home/airflow/.local/lib/python3.7/site-packages/airflow/example_dags/example_branch_operator_decorator.py took 0.153 seconds
[2022-08-23 00:18:02,934] {processor.py:153} INFO - Started process (PID=99369) to work on /home/airflow/.local/lib/python3.7/site-packages/airflow/example_dags/example_branch_operator_decorator.py
[2022-08-23 00:18:02,937] {processor.py:641} INFO - Processing file /home/airflow/.local/lib/python3.7/site-packages/airflow/example_dags/example_branch_operator_decorator.py for tasks to queue
[2022-08-23 00:18:02,939] {logging_mixin.py:115} INFO - [2022-08-23 00:18:02,939] {dagbag.py:508} INFO - Filling up the DagBag from /home/airflow/.local/lib/python3.7/site-packages/airflow/example_dags/example_branch_operator_decorator.py
[2022-08-23 00:18:02,969] {processor.py:651} INFO - DAG(s) dict_keys(['example_branch_python_operator_decorator']) retrieved from /home/airflow/.local/lib/python3.7/site-packages/airflow/example_dags/example_branch_operator_decorator.py
[2022-08-23 00:18:03,021] {logging_mixin.py:115} INFO - [2022-08-23 00:18:03,020] {dag.py:2420} INFO - Sync 1 DAGs
[2022-08-23 00:18:03,057] {logging_mixin.py:115} INFO - [2022-08-23 00:18:03,057] {dag.py:2972} INFO - Setting next_dagrun for example_branch_python_operator_decorator to 2022-08-22T00:00:00+00:00, run_after=2022-08-23T00:00:00+00:00
[2022-08-23 00:18:03,076] {processor.py:161} INFO - Processing /home/airflow/.local/lib/python3.7/site-packages/airflow/example_dags/example_branch_operator_decorator.py took 0.147 seconds
[2022-08-23 00:18:33,420] {processor.py:153} INFO - Started process (PID=99571) to work on /home/airflow/.local/lib/python3.7/site-packages/airflow/example_dags/example_branch_operator_decorator.py
[2022-08-23 00:18:33,423] {processor.py:641} INFO - Processing file /home/airflow/.local/lib/python3.7/site-packages/airflow/example_dags/example_branch_operator_decorator.py for tasks to queue
[2022-08-23 00:18:33,425] {logging_mixin.py:115} INFO - [2022-08-23 00:18:33,425] {dagbag.py:508} INFO - Filling up the DagBag from /home/airflow/.local/lib/python3.7/site-packages/airflow/example_dags/example_branch_operator_decorator.py
[2022-08-23 00:18:33,458] {processor.py:651} INFO - DAG(s) dict_keys(['example_branch_python_operator_decorator']) retrieved from /home/airflow/.local/lib/python3.7/site-packages/airflow/example_dags/example_branch_operator_decorator.py
[2022-08-23 00:18:33,499] {logging_mixin.py:115} INFO - [2022-08-23 00:18:33,499] {dag.py:2420} INFO - Sync 1 DAGs
[2022-08-23 00:18:33,538] {logging_mixin.py:115} INFO - [2022-08-23 00:18:33,538] {dag.py:2972} INFO - Setting next_dagrun for example_branch_python_operator_decorator to 2022-08-22T00:00:00+00:00, run_after=2022-08-23T00:00:00+00:00
[2022-08-23 00:18:33,561] {processor.py:161} INFO - Processing /home/airflow/.local/lib/python3.7/site-packages/airflow/example_dags/example_branch_operator_decorator.py took 0.151 seconds
[2022-08-23 00:19:03,777] {processor.py:153} INFO - Started process (PID=99763) to work on /home/airflow/.local/lib/python3.7/site-packages/airflow/example_dags/example_branch_operator_decorator.py
[2022-08-23 00:19:03,783] {processor.py:641} INFO - Processing file /home/airflow/.local/lib/python3.7/site-packages/airflow/example_dags/example_branch_operator_decorator.py for tasks to queue
[2022-08-23 00:19:03,794] {logging_mixin.py:115} INFO - [2022-08-23 00:19:03,792] {dagbag.py:508} INFO - Filling up the DagBag from /home/airflow/.local/lib/python3.7/site-packages/airflow/example_dags/example_branch_operator_decorator.py
[2022-08-23 00:19:03,885] {processor.py:651} INFO - DAG(s) dict_keys(['example_branch_python_operator_decorator']) retrieved from /home/airflow/.local/lib/python3.7/site-packages/airflow/example_dags/example_branch_operator_decorator.py
[2022-08-23 00:19:03,947] {logging_mixin.py:115} INFO - [2022-08-23 00:19:03,947] {dag.py:2420} INFO - Sync 1 DAGs
[2022-08-23 00:19:04,028] {logging_mixin.py:115} INFO - [2022-08-23 00:19:04,027] {dag.py:2972} INFO - Setting next_dagrun for example_branch_python_operator_decorator to 2022-08-22T00:00:00+00:00, run_after=2022-08-23T00:00:00+00:00
[2022-08-23 00:19:04,103] {processor.py:161} INFO - Processing /home/airflow/.local/lib/python3.7/site-packages/airflow/example_dags/example_branch_operator_decorator.py took 0.357 seconds
[2022-08-23 00:19:34,915] {processor.py:153} INFO - Started process (PID=99964) to work on /home/airflow/.local/lib/python3.7/site-packages/airflow/example_dags/example_branch_operator_decorator.py
[2022-08-23 00:19:34,918] {processor.py:641} INFO - Processing file /home/airflow/.local/lib/python3.7/site-packages/airflow/example_dags/example_branch_operator_decorator.py for tasks to queue
[2022-08-23 00:19:34,922] {logging_mixin.py:115} INFO - [2022-08-23 00:19:34,921] {dagbag.py:508} INFO - Filling up the DagBag from /home/airflow/.local/lib/python3.7/site-packages/airflow/example_dags/example_branch_operator_decorator.py
[2022-08-23 00:19:35,065] {processor.py:651} INFO - DAG(s) dict_keys(['example_branch_python_operator_decorator']) retrieved from /home/airflow/.local/lib/python3.7/site-packages/airflow/example_dags/example_branch_operator_decorator.py
[2022-08-23 00:19:35,178] {logging_mixin.py:115} INFO - [2022-08-23 00:19:35,177] {dag.py:2420} INFO - Sync 1 DAGs
[2022-08-23 00:19:35,222] {logging_mixin.py:115} INFO - [2022-08-23 00:19:35,222] {dag.py:2972} INFO - Setting next_dagrun for example_branch_python_operator_decorator to 2022-08-22T00:00:00+00:00, run_after=2022-08-23T00:00:00+00:00
[2022-08-23 00:19:35,244] {processor.py:161} INFO - Processing /home/airflow/.local/lib/python3.7/site-packages/airflow/example_dags/example_branch_operator_decorator.py took 0.336 seconds
[2022-08-23 00:20:05,423] {processor.py:153} INFO - Started process (PID=459) to work on /home/airflow/.local/lib/python3.7/site-packages/airflow/example_dags/example_branch_operator_decorator.py
[2022-08-23 00:20:05,426] {processor.py:641} INFO - Processing file /home/airflow/.local/lib/python3.7/site-packages/airflow/example_dags/example_branch_operator_decorator.py for tasks to queue
[2022-08-23 00:20:05,429] {logging_mixin.py:115} INFO - [2022-08-23 00:20:05,429] {dagbag.py:508} INFO - Filling up the DagBag from /home/airflow/.local/lib/python3.7/site-packages/airflow/example_dags/example_branch_operator_decorator.py
[2022-08-23 00:20:05,467] {processor.py:651} INFO - DAG(s) dict_keys(['example_branch_python_operator_decorator']) retrieved from /home/airflow/.local/lib/python3.7/site-packages/airflow/example_dags/example_branch_operator_decorator.py
[2022-08-23 00:20:05,523] {logging_mixin.py:115} INFO - [2022-08-23 00:20:05,522] {dag.py:2420} INFO - Sync 1 DAGs
[2022-08-23 00:20:05,572] {logging_mixin.py:115} INFO - [2022-08-23 00:20:05,571] {dag.py:2972} INFO - Setting next_dagrun for example_branch_python_operator_decorator to 2022-08-22T00:00:00+00:00, run_after=2022-08-23T00:00:00+00:00
[2022-08-23 00:20:05,605] {processor.py:161} INFO - Processing /home/airflow/.local/lib/python3.7/site-packages/airflow/example_dags/example_branch_operator_decorator.py took 0.190 seconds
[2022-08-23 00:20:36,433] {processor.py:153} INFO - Started process (PID=663) to work on /home/airflow/.local/lib/python3.7/site-packages/airflow/example_dags/example_branch_operator_decorator.py
[2022-08-23 00:20:36,437] {processor.py:641} INFO - Processing file /home/airflow/.local/lib/python3.7/site-packages/airflow/example_dags/example_branch_operator_decorator.py for tasks to queue
[2022-08-23 00:20:36,439] {logging_mixin.py:115} INFO - [2022-08-23 00:20:36,439] {dagbag.py:508} INFO - Filling up the DagBag from /home/airflow/.local/lib/python3.7/site-packages/airflow/example_dags/example_branch_operator_decorator.py
[2022-08-23 00:20:36,474] {processor.py:651} INFO - DAG(s) dict_keys(['example_branch_python_operator_decorator']) retrieved from /home/airflow/.local/lib/python3.7/site-packages/airflow/example_dags/example_branch_operator_decorator.py
[2022-08-23 00:20:36,523] {logging_mixin.py:115} INFO - [2022-08-23 00:20:36,523] {dag.py:2420} INFO - Sync 1 DAGs
[2022-08-23 00:20:36,562] {logging_mixin.py:115} INFO - [2022-08-23 00:20:36,562] {dag.py:2972} INFO - Setting next_dagrun for example_branch_python_operator_decorator to 2022-08-22T00:00:00+00:00, run_after=2022-08-23T00:00:00+00:00
[2022-08-23 00:20:36,586] {processor.py:161} INFO - Processing /home/airflow/.local/lib/python3.7/site-packages/airflow/example_dags/example_branch_operator_decorator.py took 0.164 seconds
[2022-08-23 00:21:06,938] {processor.py:153} INFO - Started process (PID=857) to work on /home/airflow/.local/lib/python3.7/site-packages/airflow/example_dags/example_branch_operator_decorator.py
[2022-08-23 00:21:06,940] {processor.py:641} INFO - Processing file /home/airflow/.local/lib/python3.7/site-packages/airflow/example_dags/example_branch_operator_decorator.py for tasks to queue
[2022-08-23 00:21:06,943] {logging_mixin.py:115} INFO - [2022-08-23 00:21:06,943] {dagbag.py:508} INFO - Filling up the DagBag from /home/airflow/.local/lib/python3.7/site-packages/airflow/example_dags/example_branch_operator_decorator.py
[2022-08-23 00:21:06,984] {processor.py:651} INFO - DAG(s) dict_keys(['example_branch_python_operator_decorator']) retrieved from /home/airflow/.local/lib/python3.7/site-packages/airflow/example_dags/example_branch_operator_decorator.py
[2022-08-23 00:21:07,045] {logging_mixin.py:115} INFO - [2022-08-23 00:21:07,045] {dag.py:2420} INFO - Sync 1 DAGs
[2022-08-23 00:21:07,087] {logging_mixin.py:115} INFO - [2022-08-23 00:21:07,087] {dag.py:2972} INFO - Setting next_dagrun for example_branch_python_operator_decorator to 2022-08-22T00:00:00+00:00, run_after=2022-08-23T00:00:00+00:00
[2022-08-23 00:21:07,111] {processor.py:161} INFO - Processing /home/airflow/.local/lib/python3.7/site-packages/airflow/example_dags/example_branch_operator_decorator.py took 0.180 seconds
