[2022-08-23 00:00:01,828] {processor.py:153} INFO - Started process (PID=92656) to work on /home/airflow/.local/lib/python3.7/site-packages/airflow/example_dags/example_branch_day_of_week_operator.py
[2022-08-23 00:00:01,854] {processor.py:641} INFO - Processing file /home/airflow/.local/lib/python3.7/site-packages/airflow/example_dags/example_branch_day_of_week_operator.py for tasks to queue
[2022-08-23 00:00:01,858] {logging_mixin.py:115} INFO - [2022-08-23 00:00:01,858] {dagbag.py:508} INFO - Filling up the DagBag from /home/airflow/.local/lib/python3.7/site-packages/airflow/example_dags/example_branch_day_of_week_operator.py
[2022-08-23 00:00:02,032] {processor.py:651} INFO - DAG(s) dict_keys(['example_weekday_branch_operator']) retrieved from /home/airflow/.local/lib/python3.7/site-packages/airflow/example_dags/example_branch_day_of_week_operator.py
[2022-08-23 00:00:02,171] {logging_mixin.py:115} INFO - [2022-08-23 00:00:02,171] {dag.py:2420} INFO - Sync 1 DAGs
[2022-08-23 00:00:02,379] {logging_mixin.py:115} INFO - [2022-08-23 00:00:02,379] {dag.py:2972} INFO - Setting next_dagrun for example_weekday_branch_operator to 2022-08-22T00:00:00+00:00, run_after=2022-08-23T00:00:00+00:00
[2022-08-23 00:00:02,572] {processor.py:161} INFO - Processing /home/airflow/.local/lib/python3.7/site-packages/airflow/example_dags/example_branch_day_of_week_operator.py took 0.763 seconds
[2022-08-23 00:00:40,565] {processor.py:153} INFO - Started process (PID=92868) to work on /home/airflow/.local/lib/python3.7/site-packages/airflow/example_dags/example_branch_day_of_week_operator.py
[2022-08-23 00:00:40,571] {processor.py:641} INFO - Processing file /home/airflow/.local/lib/python3.7/site-packages/airflow/example_dags/example_branch_day_of_week_operator.py for tasks to queue
[2022-08-23 00:00:40,584] {logging_mixin.py:115} INFO - [2022-08-23 00:00:40,584] {dagbag.py:508} INFO - Filling up the DagBag from /home/airflow/.local/lib/python3.7/site-packages/airflow/example_dags/example_branch_day_of_week_operator.py
[2022-08-23 00:00:40,644] {processor.py:651} INFO - DAG(s) dict_keys(['example_weekday_branch_operator']) retrieved from /home/airflow/.local/lib/python3.7/site-packages/airflow/example_dags/example_branch_day_of_week_operator.py
[2022-08-23 00:00:40,743] {logging_mixin.py:115} INFO - [2022-08-23 00:00:40,743] {dag.py:2420} INFO - Sync 1 DAGs
[2022-08-23 00:00:40,839] {logging_mixin.py:115} INFO - [2022-08-23 00:00:40,838] {dag.py:2972} INFO - Setting next_dagrun for example_weekday_branch_operator to 2022-08-22T00:00:00+00:00, run_after=2022-08-23T00:00:00+00:00
[2022-08-23 00:00:40,863] {processor.py:161} INFO - Processing /home/airflow/.local/lib/python3.7/site-packages/airflow/example_dags/example_branch_day_of_week_operator.py took 0.310 seconds
[2022-08-23 00:01:11,605] {processor.py:153} INFO - Started process (PID=93062) to work on /home/airflow/.local/lib/python3.7/site-packages/airflow/example_dags/example_branch_day_of_week_operator.py
[2022-08-23 00:01:11,612] {processor.py:641} INFO - Processing file /home/airflow/.local/lib/python3.7/site-packages/airflow/example_dags/example_branch_day_of_week_operator.py for tasks to queue
[2022-08-23 00:01:11,616] {logging_mixin.py:115} INFO - [2022-08-23 00:01:11,616] {dagbag.py:508} INFO - Filling up the DagBag from /home/airflow/.local/lib/python3.7/site-packages/airflow/example_dags/example_branch_day_of_week_operator.py
[2022-08-23 00:01:11,670] {processor.py:651} INFO - DAG(s) dict_keys(['example_weekday_branch_operator']) retrieved from /home/airflow/.local/lib/python3.7/site-packages/airflow/example_dags/example_branch_day_of_week_operator.py
[2022-08-23 00:01:11,722] {logging_mixin.py:115} INFO - [2022-08-23 00:01:11,722] {dag.py:2420} INFO - Sync 1 DAGs
[2022-08-23 00:01:11,844] {logging_mixin.py:115} INFO - [2022-08-23 00:01:11,844] {dag.py:2972} INFO - Setting next_dagrun for example_weekday_branch_operator to 2022-08-22T00:00:00+00:00, run_after=2022-08-23T00:00:00+00:00
[2022-08-23 00:01:11,913] {processor.py:161} INFO - Processing /home/airflow/.local/lib/python3.7/site-packages/airflow/example_dags/example_branch_day_of_week_operator.py took 0.327 seconds
[2022-08-23 00:01:42,469] {processor.py:153} INFO - Started process (PID=93252) to work on /home/airflow/.local/lib/python3.7/site-packages/airflow/example_dags/example_branch_day_of_week_operator.py
[2022-08-23 00:01:42,471] {processor.py:641} INFO - Processing file /home/airflow/.local/lib/python3.7/site-packages/airflow/example_dags/example_branch_day_of_week_operator.py for tasks to queue
[2022-08-23 00:01:42,476] {logging_mixin.py:115} INFO - [2022-08-23 00:01:42,476] {dagbag.py:508} INFO - Filling up the DagBag from /home/airflow/.local/lib/python3.7/site-packages/airflow/example_dags/example_branch_day_of_week_operator.py
[2022-08-23 00:01:42,509] {processor.py:651} INFO - DAG(s) dict_keys(['example_weekday_branch_operator']) retrieved from /home/airflow/.local/lib/python3.7/site-packages/airflow/example_dags/example_branch_day_of_week_operator.py
[2022-08-23 00:01:42,605] {logging_mixin.py:115} INFO - [2022-08-23 00:01:42,605] {dag.py:2420} INFO - Sync 1 DAGs
[2022-08-23 00:01:42,655] {logging_mixin.py:115} INFO - [2022-08-23 00:01:42,655] {dag.py:2972} INFO - Setting next_dagrun for example_weekday_branch_operator to 2022-08-22T00:00:00+00:00, run_after=2022-08-23T00:00:00+00:00
[2022-08-23 00:01:42,689] {processor.py:161} INFO - Processing /home/airflow/.local/lib/python3.7/site-packages/airflow/example_dags/example_branch_day_of_week_operator.py took 0.230 seconds
[2022-08-23 00:02:13,456] {processor.py:153} INFO - Started process (PID=93445) to work on /home/airflow/.local/lib/python3.7/site-packages/airflow/example_dags/example_branch_day_of_week_operator.py
[2022-08-23 00:02:13,458] {processor.py:641} INFO - Processing file /home/airflow/.local/lib/python3.7/site-packages/airflow/example_dags/example_branch_day_of_week_operator.py for tasks to queue
[2022-08-23 00:02:13,461] {logging_mixin.py:115} INFO - [2022-08-23 00:02:13,461] {dagbag.py:508} INFO - Filling up the DagBag from /home/airflow/.local/lib/python3.7/site-packages/airflow/example_dags/example_branch_day_of_week_operator.py
[2022-08-23 00:02:13,481] {processor.py:651} INFO - DAG(s) dict_keys(['example_weekday_branch_operator']) retrieved from /home/airflow/.local/lib/python3.7/site-packages/airflow/example_dags/example_branch_day_of_week_operator.py
[2022-08-23 00:02:13,574] {logging_mixin.py:115} INFO - [2022-08-23 00:02:13,574] {dag.py:2420} INFO - Sync 1 DAGs
[2022-08-23 00:02:13,634] {logging_mixin.py:115} INFO - [2022-08-23 00:02:13,634] {dag.py:2972} INFO - Setting next_dagrun for example_weekday_branch_operator to 2022-08-22T00:00:00+00:00, run_after=2022-08-23T00:00:00+00:00
[2022-08-23 00:02:13,657] {processor.py:161} INFO - Processing /home/airflow/.local/lib/python3.7/site-packages/airflow/example_dags/example_branch_day_of_week_operator.py took 0.211 seconds
[2022-08-23 00:02:44,108] {processor.py:153} INFO - Started process (PID=93642) to work on /home/airflow/.local/lib/python3.7/site-packages/airflow/example_dags/example_branch_day_of_week_operator.py
[2022-08-23 00:02:44,121] {processor.py:641} INFO - Processing file /home/airflow/.local/lib/python3.7/site-packages/airflow/example_dags/example_branch_day_of_week_operator.py for tasks to queue
[2022-08-23 00:02:44,124] {logging_mixin.py:115} INFO - [2022-08-23 00:02:44,124] {dagbag.py:508} INFO - Filling up the DagBag from /home/airflow/.local/lib/python3.7/site-packages/airflow/example_dags/example_branch_day_of_week_operator.py
[2022-08-23 00:02:44,157] {processor.py:651} INFO - DAG(s) dict_keys(['example_weekday_branch_operator']) retrieved from /home/airflow/.local/lib/python3.7/site-packages/airflow/example_dags/example_branch_day_of_week_operator.py
[2022-08-23 00:02:44,267] {logging_mixin.py:115} INFO - [2022-08-23 00:02:44,266] {dag.py:2420} INFO - Sync 1 DAGs
[2022-08-23 00:02:44,305] {logging_mixin.py:115} INFO - [2022-08-23 00:02:44,305] {dag.py:2972} INFO - Setting next_dagrun for example_weekday_branch_operator to 2022-08-22T00:00:00+00:00, run_after=2022-08-23T00:00:00+00:00
[2022-08-23 00:02:44,326] {processor.py:161} INFO - Processing /home/airflow/.local/lib/python3.7/site-packages/airflow/example_dags/example_branch_day_of_week_operator.py took 0.236 seconds
[2022-08-23 00:03:14,671] {processor.py:153} INFO - Started process (PID=93838) to work on /home/airflow/.local/lib/python3.7/site-packages/airflow/example_dags/example_branch_day_of_week_operator.py
[2022-08-23 00:03:14,673] {processor.py:641} INFO - Processing file /home/airflow/.local/lib/python3.7/site-packages/airflow/example_dags/example_branch_day_of_week_operator.py for tasks to queue
[2022-08-23 00:03:14,676] {logging_mixin.py:115} INFO - [2022-08-23 00:03:14,675] {dagbag.py:508} INFO - Filling up the DagBag from /home/airflow/.local/lib/python3.7/site-packages/airflow/example_dags/example_branch_day_of_week_operator.py
[2022-08-23 00:03:14,699] {processor.py:651} INFO - DAG(s) dict_keys(['example_weekday_branch_operator']) retrieved from /home/airflow/.local/lib/python3.7/site-packages/airflow/example_dags/example_branch_day_of_week_operator.py
[2022-08-23 00:03:15,037] {logging_mixin.py:115} INFO - [2022-08-23 00:03:15,037] {dag.py:2420} INFO - Sync 1 DAGs
[2022-08-23 00:03:15,155] {logging_mixin.py:115} INFO - [2022-08-23 00:03:15,154] {dag.py:2972} INFO - Setting next_dagrun for example_weekday_branch_operator to 2022-08-22T00:00:00+00:00, run_after=2022-08-23T00:00:00+00:00
[2022-08-23 00:03:15,182] {processor.py:161} INFO - Processing /home/airflow/.local/lib/python3.7/site-packages/airflow/example_dags/example_branch_day_of_week_operator.py took 0.520 seconds
[2022-08-23 00:03:46,193] {processor.py:153} INFO - Started process (PID=94006) to work on /home/airflow/.local/lib/python3.7/site-packages/airflow/example_dags/example_branch_day_of_week_operator.py
[2022-08-23 00:03:46,198] {processor.py:641} INFO - Processing file /home/airflow/.local/lib/python3.7/site-packages/airflow/example_dags/example_branch_day_of_week_operator.py for tasks to queue
[2022-08-23 00:03:46,209] {logging_mixin.py:115} INFO - [2022-08-23 00:03:46,208] {dagbag.py:508} INFO - Filling up the DagBag from /home/airflow/.local/lib/python3.7/site-packages/airflow/example_dags/example_branch_day_of_week_operator.py
[2022-08-23 00:03:46,255] {processor.py:651} INFO - DAG(s) dict_keys(['example_weekday_branch_operator']) retrieved from /home/airflow/.local/lib/python3.7/site-packages/airflow/example_dags/example_branch_day_of_week_operator.py
[2022-08-23 00:03:46,372] {logging_mixin.py:115} INFO - [2022-08-23 00:03:46,372] {dag.py:2420} INFO - Sync 1 DAGs
[2022-08-23 00:03:46,465] {logging_mixin.py:115} INFO - [2022-08-23 00:03:46,464] {dag.py:2972} INFO - Setting next_dagrun for example_weekday_branch_operator to 2022-08-22T00:00:00+00:00, run_after=2022-08-23T00:00:00+00:00
[2022-08-23 00:03:46,488] {processor.py:161} INFO - Processing /home/airflow/.local/lib/python3.7/site-packages/airflow/example_dags/example_branch_day_of_week_operator.py took 0.306 seconds
[2022-08-23 00:04:17,207] {processor.py:153} INFO - Started process (PID=94192) to work on /home/airflow/.local/lib/python3.7/site-packages/airflow/example_dags/example_branch_day_of_week_operator.py
[2022-08-23 00:04:17,217] {processor.py:641} INFO - Processing file /home/airflow/.local/lib/python3.7/site-packages/airflow/example_dags/example_branch_day_of_week_operator.py for tasks to queue
[2022-08-23 00:04:17,229] {logging_mixin.py:115} INFO - [2022-08-23 00:04:17,228] {dagbag.py:508} INFO - Filling up the DagBag from /home/airflow/.local/lib/python3.7/site-packages/airflow/example_dags/example_branch_day_of_week_operator.py
[2022-08-23 00:04:17,320] {processor.py:651} INFO - DAG(s) dict_keys(['example_weekday_branch_operator']) retrieved from /home/airflow/.local/lib/python3.7/site-packages/airflow/example_dags/example_branch_day_of_week_operator.py
[2022-08-23 00:04:17,487] {logging_mixin.py:115} INFO - [2022-08-23 00:04:17,487] {dag.py:2420} INFO - Sync 1 DAGs
[2022-08-23 00:04:17,604] {logging_mixin.py:115} INFO - [2022-08-23 00:04:17,604] {dag.py:2972} INFO - Setting next_dagrun for example_weekday_branch_operator to 2022-08-22T00:00:00+00:00, run_after=2022-08-23T00:00:00+00:00
[2022-08-23 00:04:17,633] {processor.py:161} INFO - Processing /home/airflow/.local/lib/python3.7/site-packages/airflow/example_dags/example_branch_day_of_week_operator.py took 0.454 seconds
[2022-08-23 00:04:48,572] {processor.py:153} INFO - Started process (PID=94387) to work on /home/airflow/.local/lib/python3.7/site-packages/airflow/example_dags/example_branch_day_of_week_operator.py
[2022-08-23 00:04:48,576] {processor.py:641} INFO - Processing file /home/airflow/.local/lib/python3.7/site-packages/airflow/example_dags/example_branch_day_of_week_operator.py for tasks to queue
[2022-08-23 00:04:48,579] {logging_mixin.py:115} INFO - [2022-08-23 00:04:48,579] {dagbag.py:508} INFO - Filling up the DagBag from /home/airflow/.local/lib/python3.7/site-packages/airflow/example_dags/example_branch_day_of_week_operator.py
[2022-08-23 00:04:48,606] {processor.py:651} INFO - DAG(s) dict_keys(['example_weekday_branch_operator']) retrieved from /home/airflow/.local/lib/python3.7/site-packages/airflow/example_dags/example_branch_day_of_week_operator.py
[2022-08-23 00:04:48,730] {logging_mixin.py:115} INFO - [2022-08-23 00:04:48,730] {dag.py:2420} INFO - Sync 1 DAGs
[2022-08-23 00:04:48,856] {logging_mixin.py:115} INFO - [2022-08-23 00:04:48,856] {dag.py:2972} INFO - Setting next_dagrun for example_weekday_branch_operator to 2022-08-22T00:00:00+00:00, run_after=2022-08-23T00:00:00+00:00
[2022-08-23 00:04:48,910] {processor.py:161} INFO - Processing /home/airflow/.local/lib/python3.7/site-packages/airflow/example_dags/example_branch_day_of_week_operator.py took 0.401 seconds
[2022-08-23 00:05:19,027] {processor.py:153} INFO - Started process (PID=94590) to work on /home/airflow/.local/lib/python3.7/site-packages/airflow/example_dags/example_branch_day_of_week_operator.py
[2022-08-23 00:05:19,029] {processor.py:641} INFO - Processing file /home/airflow/.local/lib/python3.7/site-packages/airflow/example_dags/example_branch_day_of_week_operator.py for tasks to queue
[2022-08-23 00:05:19,033] {logging_mixin.py:115} INFO - [2022-08-23 00:05:19,032] {dagbag.py:508} INFO - Filling up the DagBag from /home/airflow/.local/lib/python3.7/site-packages/airflow/example_dags/example_branch_day_of_week_operator.py
[2022-08-23 00:05:19,054] {processor.py:651} INFO - DAG(s) dict_keys(['example_weekday_branch_operator']) retrieved from /home/airflow/.local/lib/python3.7/site-packages/airflow/example_dags/example_branch_day_of_week_operator.py
[2022-08-23 00:05:19,110] {logging_mixin.py:115} INFO - [2022-08-23 00:05:19,110] {dag.py:2420} INFO - Sync 1 DAGs
[2022-08-23 00:05:19,166] {logging_mixin.py:115} INFO - [2022-08-23 00:05:19,166] {dag.py:2972} INFO - Setting next_dagrun for example_weekday_branch_operator to 2022-08-22T00:00:00+00:00, run_after=2022-08-23T00:00:00+00:00
[2022-08-23 00:05:19,197] {processor.py:161} INFO - Processing /home/airflow/.local/lib/python3.7/site-packages/airflow/example_dags/example_branch_day_of_week_operator.py took 0.177 seconds
[2022-08-23 00:05:49,284] {processor.py:153} INFO - Started process (PID=94784) to work on /home/airflow/.local/lib/python3.7/site-packages/airflow/example_dags/example_branch_day_of_week_operator.py
[2022-08-23 00:05:49,286] {processor.py:641} INFO - Processing file /home/airflow/.local/lib/python3.7/site-packages/airflow/example_dags/example_branch_day_of_week_operator.py for tasks to queue
[2022-08-23 00:05:49,289] {logging_mixin.py:115} INFO - [2022-08-23 00:05:49,288] {dagbag.py:508} INFO - Filling up the DagBag from /home/airflow/.local/lib/python3.7/site-packages/airflow/example_dags/example_branch_day_of_week_operator.py
[2022-08-23 00:05:49,308] {processor.py:651} INFO - DAG(s) dict_keys(['example_weekday_branch_operator']) retrieved from /home/airflow/.local/lib/python3.7/site-packages/airflow/example_dags/example_branch_day_of_week_operator.py
[2022-08-23 00:05:49,365] {logging_mixin.py:115} INFO - [2022-08-23 00:05:49,365] {dag.py:2420} INFO - Sync 1 DAGs
[2022-08-23 00:05:49,460] {logging_mixin.py:115} INFO - [2022-08-23 00:05:49,460] {dag.py:2972} INFO - Setting next_dagrun for example_weekday_branch_operator to 2022-08-22T00:00:00+00:00, run_after=2022-08-23T00:00:00+00:00
[2022-08-23 00:05:49,484] {processor.py:161} INFO - Processing /home/airflow/.local/lib/python3.7/site-packages/airflow/example_dags/example_branch_day_of_week_operator.py took 0.207 seconds
[2022-08-23 00:06:20,144] {processor.py:153} INFO - Started process (PID=94976) to work on /home/airflow/.local/lib/python3.7/site-packages/airflow/example_dags/example_branch_day_of_week_operator.py
[2022-08-23 00:06:20,184] {processor.py:641} INFO - Processing file /home/airflow/.local/lib/python3.7/site-packages/airflow/example_dags/example_branch_day_of_week_operator.py for tasks to queue
[2022-08-23 00:06:20,201] {logging_mixin.py:115} INFO - [2022-08-23 00:06:20,200] {dagbag.py:508} INFO - Filling up the DagBag from /home/airflow/.local/lib/python3.7/site-packages/airflow/example_dags/example_branch_day_of_week_operator.py
[2022-08-23 00:06:20,450] {processor.py:651} INFO - DAG(s) dict_keys(['example_weekday_branch_operator']) retrieved from /home/airflow/.local/lib/python3.7/site-packages/airflow/example_dags/example_branch_day_of_week_operator.py
[2022-08-23 00:06:21,022] {logging_mixin.py:115} INFO - [2022-08-23 00:06:21,021] {dag.py:2420} INFO - Sync 1 DAGs
[2022-08-23 00:06:21,132] {logging_mixin.py:115} INFO - [2022-08-23 00:06:21,131] {dag.py:2972} INFO - Setting next_dagrun for example_weekday_branch_operator to 2022-08-22T00:00:00+00:00, run_after=2022-08-23T00:00:00+00:00
[2022-08-23 00:06:21,193] {processor.py:161} INFO - Processing /home/airflow/.local/lib/python3.7/site-packages/airflow/example_dags/example_branch_day_of_week_operator.py took 1.071 seconds
[2022-08-23 00:06:51,643] {processor.py:153} INFO - Started process (PID=95165) to work on /home/airflow/.local/lib/python3.7/site-packages/airflow/example_dags/example_branch_day_of_week_operator.py
[2022-08-23 00:06:51,653] {processor.py:641} INFO - Processing file /home/airflow/.local/lib/python3.7/site-packages/airflow/example_dags/example_branch_day_of_week_operator.py for tasks to queue
[2022-08-23 00:06:51,668] {logging_mixin.py:115} INFO - [2022-08-23 00:06:51,667] {dagbag.py:508} INFO - Filling up the DagBag from /home/airflow/.local/lib/python3.7/site-packages/airflow/example_dags/example_branch_day_of_week_operator.py
[2022-08-23 00:06:51,696] {processor.py:651} INFO - DAG(s) dict_keys(['example_weekday_branch_operator']) retrieved from /home/airflow/.local/lib/python3.7/site-packages/airflow/example_dags/example_branch_day_of_week_operator.py
[2022-08-23 00:06:51,751] {logging_mixin.py:115} INFO - [2022-08-23 00:06:51,751] {dag.py:2420} INFO - Sync 1 DAGs
[2022-08-23 00:06:51,806] {logging_mixin.py:115} INFO - [2022-08-23 00:06:51,805] {dag.py:2972} INFO - Setting next_dagrun for example_weekday_branch_operator to 2022-08-22T00:00:00+00:00, run_after=2022-08-23T00:00:00+00:00
[2022-08-23 00:06:52,109] {processor.py:161} INFO - Processing /home/airflow/.local/lib/python3.7/site-packages/airflow/example_dags/example_branch_day_of_week_operator.py took 0.491 seconds
[2022-08-23 00:07:22,479] {processor.py:153} INFO - Started process (PID=95363) to work on /home/airflow/.local/lib/python3.7/site-packages/airflow/example_dags/example_branch_day_of_week_operator.py
[2022-08-23 00:07:22,481] {processor.py:641} INFO - Processing file /home/airflow/.local/lib/python3.7/site-packages/airflow/example_dags/example_branch_day_of_week_operator.py for tasks to queue
[2022-08-23 00:07:22,484] {logging_mixin.py:115} INFO - [2022-08-23 00:07:22,484] {dagbag.py:508} INFO - Filling up the DagBag from /home/airflow/.local/lib/python3.7/site-packages/airflow/example_dags/example_branch_day_of_week_operator.py
[2022-08-23 00:07:22,534] {processor.py:651} INFO - DAG(s) dict_keys(['example_weekday_branch_operator']) retrieved from /home/airflow/.local/lib/python3.7/site-packages/airflow/example_dags/example_branch_day_of_week_operator.py
[2022-08-23 00:07:22,629] {logging_mixin.py:115} INFO - [2022-08-23 00:07:22,629] {dag.py:2420} INFO - Sync 1 DAGs
[2022-08-23 00:07:22,775] {logging_mixin.py:115} INFO - [2022-08-23 00:07:22,775] {dag.py:2972} INFO - Setting next_dagrun for example_weekday_branch_operator to 2022-08-22T00:00:00+00:00, run_after=2022-08-23T00:00:00+00:00
[2022-08-23 00:07:23,226] {processor.py:161} INFO - Processing /home/airflow/.local/lib/python3.7/site-packages/airflow/example_dags/example_branch_day_of_week_operator.py took 0.755 seconds
[2022-08-23 00:07:54,024] {processor.py:153} INFO - Started process (PID=95557) to work on /home/airflow/.local/lib/python3.7/site-packages/airflow/example_dags/example_branch_day_of_week_operator.py
[2022-08-23 00:07:54,033] {processor.py:641} INFO - Processing file /home/airflow/.local/lib/python3.7/site-packages/airflow/example_dags/example_branch_day_of_week_operator.py for tasks to queue
[2022-08-23 00:07:54,038] {logging_mixin.py:115} INFO - [2022-08-23 00:07:54,037] {dagbag.py:508} INFO - Filling up the DagBag from /home/airflow/.local/lib/python3.7/site-packages/airflow/example_dags/example_branch_day_of_week_operator.py
[2022-08-23 00:07:54,140] {processor.py:651} INFO - DAG(s) dict_keys(['example_weekday_branch_operator']) retrieved from /home/airflow/.local/lib/python3.7/site-packages/airflow/example_dags/example_branch_day_of_week_operator.py
[2022-08-23 00:07:54,434] {logging_mixin.py:115} INFO - [2022-08-23 00:07:54,434] {dag.py:2420} INFO - Sync 1 DAGs
[2022-08-23 00:07:54,622] {logging_mixin.py:115} INFO - [2022-08-23 00:07:54,622] {dag.py:2972} INFO - Setting next_dagrun for example_weekday_branch_operator to 2022-08-22T00:00:00+00:00, run_after=2022-08-23T00:00:00+00:00
[2022-08-23 00:07:55,657] {processor.py:161} INFO - Processing /home/airflow/.local/lib/python3.7/site-packages/airflow/example_dags/example_branch_day_of_week_operator.py took 1.646 seconds
[2022-08-23 00:08:26,421] {processor.py:153} INFO - Started process (PID=95752) to work on /home/airflow/.local/lib/python3.7/site-packages/airflow/example_dags/example_branch_day_of_week_operator.py
[2022-08-23 00:08:26,425] {processor.py:641} INFO - Processing file /home/airflow/.local/lib/python3.7/site-packages/airflow/example_dags/example_branch_day_of_week_operator.py for tasks to queue
[2022-08-23 00:08:26,428] {logging_mixin.py:115} INFO - [2022-08-23 00:08:26,428] {dagbag.py:508} INFO - Filling up the DagBag from /home/airflow/.local/lib/python3.7/site-packages/airflow/example_dags/example_branch_day_of_week_operator.py
[2022-08-23 00:08:26,453] {processor.py:651} INFO - DAG(s) dict_keys(['example_weekday_branch_operator']) retrieved from /home/airflow/.local/lib/python3.7/site-packages/airflow/example_dags/example_branch_day_of_week_operator.py
[2022-08-23 00:08:26,517] {logging_mixin.py:115} INFO - [2022-08-23 00:08:26,517] {dag.py:2420} INFO - Sync 1 DAGs
[2022-08-23 00:08:26,572] {logging_mixin.py:115} INFO - [2022-08-23 00:08:26,572] {dag.py:2972} INFO - Setting next_dagrun for example_weekday_branch_operator to 2022-08-22T00:00:00+00:00, run_after=2022-08-23T00:00:00+00:00
[2022-08-23 00:08:26,894] {processor.py:161} INFO - Processing /home/airflow/.local/lib/python3.7/site-packages/airflow/example_dags/example_branch_day_of_week_operator.py took 0.482 seconds
[2022-08-23 00:08:57,491] {processor.py:153} INFO - Started process (PID=95946) to work on /home/airflow/.local/lib/python3.7/site-packages/airflow/example_dags/example_branch_day_of_week_operator.py
[2022-08-23 00:08:57,496] {processor.py:641} INFO - Processing file /home/airflow/.local/lib/python3.7/site-packages/airflow/example_dags/example_branch_day_of_week_operator.py for tasks to queue
[2022-08-23 00:08:57,499] {logging_mixin.py:115} INFO - [2022-08-23 00:08:57,498] {dagbag.py:508} INFO - Filling up the DagBag from /home/airflow/.local/lib/python3.7/site-packages/airflow/example_dags/example_branch_day_of_week_operator.py
[2022-08-23 00:08:57,522] {processor.py:651} INFO - DAG(s) dict_keys(['example_weekday_branch_operator']) retrieved from /home/airflow/.local/lib/python3.7/site-packages/airflow/example_dags/example_branch_day_of_week_operator.py
[2022-08-23 00:08:57,609] {logging_mixin.py:115} INFO - [2022-08-23 00:08:57,609] {dag.py:2420} INFO - Sync 1 DAGs
[2022-08-23 00:08:57,733] {logging_mixin.py:115} INFO - [2022-08-23 00:08:57,733] {dag.py:2972} INFO - Setting next_dagrun for example_weekday_branch_operator to 2022-08-22T00:00:00+00:00, run_after=2022-08-23T00:00:00+00:00
[2022-08-23 00:08:58,067] {processor.py:161} INFO - Processing /home/airflow/.local/lib/python3.7/site-packages/airflow/example_dags/example_branch_day_of_week_operator.py took 0.582 seconds
[2022-08-23 00:09:28,753] {processor.py:153} INFO - Started process (PID=96137) to work on /home/airflow/.local/lib/python3.7/site-packages/airflow/example_dags/example_branch_day_of_week_operator.py
[2022-08-23 00:09:28,755] {processor.py:641} INFO - Processing file /home/airflow/.local/lib/python3.7/site-packages/airflow/example_dags/example_branch_day_of_week_operator.py for tasks to queue
[2022-08-23 00:09:28,758] {logging_mixin.py:115} INFO - [2022-08-23 00:09:28,758] {dagbag.py:508} INFO - Filling up the DagBag from /home/airflow/.local/lib/python3.7/site-packages/airflow/example_dags/example_branch_day_of_week_operator.py
[2022-08-23 00:09:28,791] {processor.py:651} INFO - DAG(s) dict_keys(['example_weekday_branch_operator']) retrieved from /home/airflow/.local/lib/python3.7/site-packages/airflow/example_dags/example_branch_day_of_week_operator.py
[2022-08-23 00:09:28,912] {logging_mixin.py:115} INFO - [2022-08-23 00:09:28,912] {dag.py:2420} INFO - Sync 1 DAGs
[2022-08-23 00:09:28,989] {logging_mixin.py:115} INFO - [2022-08-23 00:09:28,988] {dag.py:2972} INFO - Setting next_dagrun for example_weekday_branch_operator to 2022-08-22T00:00:00+00:00, run_after=2022-08-23T00:00:00+00:00
[2022-08-23 00:09:29,250] {processor.py:161} INFO - Processing /home/airflow/.local/lib/python3.7/site-packages/airflow/example_dags/example_branch_day_of_week_operator.py took 0.508 seconds
[2022-08-23 00:09:59,771] {processor.py:153} INFO - Started process (PID=96331) to work on /home/airflow/.local/lib/python3.7/site-packages/airflow/example_dags/example_branch_day_of_week_operator.py
[2022-08-23 00:09:59,779] {processor.py:641} INFO - Processing file /home/airflow/.local/lib/python3.7/site-packages/airflow/example_dags/example_branch_day_of_week_operator.py for tasks to queue
[2022-08-23 00:09:59,787] {logging_mixin.py:115} INFO - [2022-08-23 00:09:59,785] {dagbag.py:508} INFO - Filling up the DagBag from /home/airflow/.local/lib/python3.7/site-packages/airflow/example_dags/example_branch_day_of_week_operator.py
[2022-08-23 00:09:59,845] {processor.py:651} INFO - DAG(s) dict_keys(['example_weekday_branch_operator']) retrieved from /home/airflow/.local/lib/python3.7/site-packages/airflow/example_dags/example_branch_day_of_week_operator.py
[2022-08-23 00:09:59,905] {logging_mixin.py:115} INFO - [2022-08-23 00:09:59,905] {dag.py:2420} INFO - Sync 1 DAGs
[2022-08-23 00:09:59,965] {logging_mixin.py:115} INFO - [2022-08-23 00:09:59,964] {dag.py:2972} INFO - Setting next_dagrun for example_weekday_branch_operator to 2022-08-22T00:00:00+00:00, run_after=2022-08-23T00:00:00+00:00
[2022-08-23 00:10:00,238] {processor.py:161} INFO - Processing /home/airflow/.local/lib/python3.7/site-packages/airflow/example_dags/example_branch_day_of_week_operator.py took 0.492 seconds
[2022-08-23 00:10:31,872] {processor.py:153} INFO - Started process (PID=96536) to work on /home/airflow/.local/lib/python3.7/site-packages/airflow/example_dags/example_branch_day_of_week_operator.py
[2022-08-23 00:10:31,881] {processor.py:641} INFO - Processing file /home/airflow/.local/lib/python3.7/site-packages/airflow/example_dags/example_branch_day_of_week_operator.py for tasks to queue
[2022-08-23 00:10:31,883] {logging_mixin.py:115} INFO - [2022-08-23 00:10:31,883] {dagbag.py:508} INFO - Filling up the DagBag from /home/airflow/.local/lib/python3.7/site-packages/airflow/example_dags/example_branch_day_of_week_operator.py
[2022-08-23 00:10:31,912] {processor.py:651} INFO - DAG(s) dict_keys(['example_weekday_branch_operator']) retrieved from /home/airflow/.local/lib/python3.7/site-packages/airflow/example_dags/example_branch_day_of_week_operator.py
[2022-08-23 00:10:32,015] {logging_mixin.py:115} INFO - [2022-08-23 00:10:32,015] {dag.py:2420} INFO - Sync 1 DAGs
[2022-08-23 00:10:32,112] {logging_mixin.py:115} INFO - [2022-08-23 00:10:32,111] {dag.py:2972} INFO - Setting next_dagrun for example_weekday_branch_operator to 2022-08-22T00:00:00+00:00, run_after=2022-08-23T00:00:00+00:00
[2022-08-23 00:10:32,492] {processor.py:161} INFO - Processing /home/airflow/.local/lib/python3.7/site-packages/airflow/example_dags/example_branch_day_of_week_operator.py took 0.646 seconds
[2022-08-23 00:11:02,924] {processor.py:153} INFO - Started process (PID=96720) to work on /home/airflow/.local/lib/python3.7/site-packages/airflow/example_dags/example_branch_day_of_week_operator.py
[2022-08-23 00:11:02,927] {processor.py:641} INFO - Processing file /home/airflow/.local/lib/python3.7/site-packages/airflow/example_dags/example_branch_day_of_week_operator.py for tasks to queue
[2022-08-23 00:11:02,958] {logging_mixin.py:115} INFO - [2022-08-23 00:11:02,958] {dagbag.py:508} INFO - Filling up the DagBag from /home/airflow/.local/lib/python3.7/site-packages/airflow/example_dags/example_branch_day_of_week_operator.py
[2022-08-23 00:11:03,145] {processor.py:651} INFO - DAG(s) dict_keys(['example_weekday_branch_operator']) retrieved from /home/airflow/.local/lib/python3.7/site-packages/airflow/example_dags/example_branch_day_of_week_operator.py
[2022-08-23 00:11:03,308] {logging_mixin.py:115} INFO - [2022-08-23 00:11:03,308] {dag.py:2420} INFO - Sync 1 DAGs
[2022-08-23 00:11:03,528] {logging_mixin.py:115} INFO - [2022-08-23 00:11:03,527] {dag.py:2972} INFO - Setting next_dagrun for example_weekday_branch_operator to 2022-08-22T00:00:00+00:00, run_after=2022-08-23T00:00:00+00:00
[2022-08-23 00:11:04,011] {processor.py:161} INFO - Processing /home/airflow/.local/lib/python3.7/site-packages/airflow/example_dags/example_branch_day_of_week_operator.py took 1.176 seconds
[2022-08-23 00:11:34,923] {processor.py:153} INFO - Started process (PID=96914) to work on /home/airflow/.local/lib/python3.7/site-packages/airflow/example_dags/example_branch_day_of_week_operator.py
[2022-08-23 00:11:34,927] {processor.py:641} INFO - Processing file /home/airflow/.local/lib/python3.7/site-packages/airflow/example_dags/example_branch_day_of_week_operator.py for tasks to queue
[2022-08-23 00:11:34,931] {logging_mixin.py:115} INFO - [2022-08-23 00:11:34,930] {dagbag.py:508} INFO - Filling up the DagBag from /home/airflow/.local/lib/python3.7/site-packages/airflow/example_dags/example_branch_day_of_week_operator.py
[2022-08-23 00:11:34,982] {processor.py:651} INFO - DAG(s) dict_keys(['example_weekday_branch_operator']) retrieved from /home/airflow/.local/lib/python3.7/site-packages/airflow/example_dags/example_branch_day_of_week_operator.py
[2022-08-23 00:11:35,134] {logging_mixin.py:115} INFO - [2022-08-23 00:11:35,133] {dag.py:2420} INFO - Sync 1 DAGs
[2022-08-23 00:11:35,191] {logging_mixin.py:115} INFO - [2022-08-23 00:11:35,190] {dag.py:2972} INFO - Setting next_dagrun for example_weekday_branch_operator to 2022-08-22T00:00:00+00:00, run_after=2022-08-23T00:00:00+00:00
[2022-08-23 00:11:35,507] {processor.py:161} INFO - Processing /home/airflow/.local/lib/python3.7/site-packages/airflow/example_dags/example_branch_day_of_week_operator.py took 0.598 seconds
[2022-08-23 00:12:05,802] {processor.py:153} INFO - Started process (PID=97116) to work on /home/airflow/.local/lib/python3.7/site-packages/airflow/example_dags/example_branch_day_of_week_operator.py
[2022-08-23 00:12:05,805] {processor.py:641} INFO - Processing file /home/airflow/.local/lib/python3.7/site-packages/airflow/example_dags/example_branch_day_of_week_operator.py for tasks to queue
[2022-08-23 00:12:05,818] {logging_mixin.py:115} INFO - [2022-08-23 00:12:05,817] {dagbag.py:508} INFO - Filling up the DagBag from /home/airflow/.local/lib/python3.7/site-packages/airflow/example_dags/example_branch_day_of_week_operator.py
[2022-08-23 00:12:05,872] {processor.py:651} INFO - DAG(s) dict_keys(['example_weekday_branch_operator']) retrieved from /home/airflow/.local/lib/python3.7/site-packages/airflow/example_dags/example_branch_day_of_week_operator.py
[2022-08-23 00:12:06,069] {logging_mixin.py:115} INFO - [2022-08-23 00:12:06,069] {dag.py:2420} INFO - Sync 1 DAGs
[2022-08-23 00:12:06,639] {logging_mixin.py:115} INFO - [2022-08-23 00:12:06,639] {dag.py:2972} INFO - Setting next_dagrun for example_weekday_branch_operator to 2022-08-22T00:00:00+00:00, run_after=2022-08-23T00:00:00+00:00
[2022-08-23 00:12:06,706] {processor.py:161} INFO - Processing /home/airflow/.local/lib/python3.7/site-packages/airflow/example_dags/example_branch_day_of_week_operator.py took 0.919 seconds
[2022-08-23 00:12:37,676] {processor.py:153} INFO - Started process (PID=97314) to work on /home/airflow/.local/lib/python3.7/site-packages/airflow/example_dags/example_branch_day_of_week_operator.py
[2022-08-23 00:12:37,683] {processor.py:641} INFO - Processing file /home/airflow/.local/lib/python3.7/site-packages/airflow/example_dags/example_branch_day_of_week_operator.py for tasks to queue
[2022-08-23 00:12:37,689] {logging_mixin.py:115} INFO - [2022-08-23 00:12:37,687] {dagbag.py:508} INFO - Filling up the DagBag from /home/airflow/.local/lib/python3.7/site-packages/airflow/example_dags/example_branch_day_of_week_operator.py
[2022-08-23 00:12:37,717] {processor.py:651} INFO - DAG(s) dict_keys(['example_weekday_branch_operator']) retrieved from /home/airflow/.local/lib/python3.7/site-packages/airflow/example_dags/example_branch_day_of_week_operator.py
[2022-08-23 00:12:37,781] {logging_mixin.py:115} INFO - [2022-08-23 00:12:37,780] {dag.py:2420} INFO - Sync 1 DAGs
[2022-08-23 00:12:38,081] {logging_mixin.py:115} INFO - [2022-08-23 00:12:38,081] {dag.py:2972} INFO - Setting next_dagrun for example_weekday_branch_operator to 2022-08-22T00:00:00+00:00, run_after=2022-08-23T00:00:00+00:00
[2022-08-23 00:12:38,107] {processor.py:161} INFO - Processing /home/airflow/.local/lib/python3.7/site-packages/airflow/example_dags/example_branch_day_of_week_operator.py took 0.445 seconds
[2022-08-23 00:13:08,434] {processor.py:153} INFO - Started process (PID=97507) to work on /home/airflow/.local/lib/python3.7/site-packages/airflow/example_dags/example_branch_day_of_week_operator.py
[2022-08-23 00:13:08,437] {processor.py:641} INFO - Processing file /home/airflow/.local/lib/python3.7/site-packages/airflow/example_dags/example_branch_day_of_week_operator.py for tasks to queue
[2022-08-23 00:13:08,440] {logging_mixin.py:115} INFO - [2022-08-23 00:13:08,439] {dagbag.py:508} INFO - Filling up the DagBag from /home/airflow/.local/lib/python3.7/site-packages/airflow/example_dags/example_branch_day_of_week_operator.py
[2022-08-23 00:13:08,461] {processor.py:651} INFO - DAG(s) dict_keys(['example_weekday_branch_operator']) retrieved from /home/airflow/.local/lib/python3.7/site-packages/airflow/example_dags/example_branch_day_of_week_operator.py
[2022-08-23 00:13:08,505] {logging_mixin.py:115} INFO - [2022-08-23 00:13:08,504] {dag.py:2420} INFO - Sync 1 DAGs
[2022-08-23 00:13:08,736] {logging_mixin.py:115} INFO - [2022-08-23 00:13:08,736] {dag.py:2972} INFO - Setting next_dagrun for example_weekday_branch_operator to 2022-08-22T00:00:00+00:00, run_after=2022-08-23T00:00:00+00:00
[2022-08-23 00:13:08,757] {processor.py:161} INFO - Processing /home/airflow/.local/lib/python3.7/site-packages/airflow/example_dags/example_branch_day_of_week_operator.py took 0.331 seconds
[2022-08-23 00:13:38,925] {processor.py:153} INFO - Started process (PID=97702) to work on /home/airflow/.local/lib/python3.7/site-packages/airflow/example_dags/example_branch_day_of_week_operator.py
[2022-08-23 00:13:38,929] {processor.py:641} INFO - Processing file /home/airflow/.local/lib/python3.7/site-packages/airflow/example_dags/example_branch_day_of_week_operator.py for tasks to queue
[2022-08-23 00:13:38,931] {logging_mixin.py:115} INFO - [2022-08-23 00:13:38,931] {dagbag.py:508} INFO - Filling up the DagBag from /home/airflow/.local/lib/python3.7/site-packages/airflow/example_dags/example_branch_day_of_week_operator.py
[2022-08-23 00:13:38,951] {processor.py:651} INFO - DAG(s) dict_keys(['example_weekday_branch_operator']) retrieved from /home/airflow/.local/lib/python3.7/site-packages/airflow/example_dags/example_branch_day_of_week_operator.py
[2022-08-23 00:13:38,996] {logging_mixin.py:115} INFO - [2022-08-23 00:13:38,996] {dag.py:2420} INFO - Sync 1 DAGs
[2022-08-23 00:13:39,216] {logging_mixin.py:115} INFO - [2022-08-23 00:13:39,216] {dag.py:2972} INFO - Setting next_dagrun for example_weekday_branch_operator to 2022-08-22T00:00:00+00:00, run_after=2022-08-23T00:00:00+00:00
[2022-08-23 00:13:39,243] {processor.py:161} INFO - Processing /home/airflow/.local/lib/python3.7/site-packages/airflow/example_dags/example_branch_day_of_week_operator.py took 0.324 seconds
[2022-08-23 00:14:09,726] {processor.py:153} INFO - Started process (PID=97897) to work on /home/airflow/.local/lib/python3.7/site-packages/airflow/example_dags/example_branch_day_of_week_operator.py
[2022-08-23 00:14:09,733] {processor.py:641} INFO - Processing file /home/airflow/.local/lib/python3.7/site-packages/airflow/example_dags/example_branch_day_of_week_operator.py for tasks to queue
[2022-08-23 00:14:09,739] {logging_mixin.py:115} INFO - [2022-08-23 00:14:09,738] {dagbag.py:508} INFO - Filling up the DagBag from /home/airflow/.local/lib/python3.7/site-packages/airflow/example_dags/example_branch_day_of_week_operator.py
[2022-08-23 00:14:09,772] {processor.py:651} INFO - DAG(s) dict_keys(['example_weekday_branch_operator']) retrieved from /home/airflow/.local/lib/python3.7/site-packages/airflow/example_dags/example_branch_day_of_week_operator.py
[2022-08-23 00:14:09,832] {logging_mixin.py:115} INFO - [2022-08-23 00:14:09,832] {dag.py:2420} INFO - Sync 1 DAGs
[2022-08-23 00:14:10,108] {logging_mixin.py:115} INFO - [2022-08-23 00:14:10,107] {dag.py:2972} INFO - Setting next_dagrun for example_weekday_branch_operator to 2022-08-22T00:00:00+00:00, run_after=2022-08-23T00:00:00+00:00
[2022-08-23 00:14:10,160] {processor.py:161} INFO - Processing /home/airflow/.local/lib/python3.7/site-packages/airflow/example_dags/example_branch_day_of_week_operator.py took 0.451 seconds
[2022-08-23 00:14:40,381] {processor.py:153} INFO - Started process (PID=98092) to work on /home/airflow/.local/lib/python3.7/site-packages/airflow/example_dags/example_branch_day_of_week_operator.py
[2022-08-23 00:14:40,384] {processor.py:641} INFO - Processing file /home/airflow/.local/lib/python3.7/site-packages/airflow/example_dags/example_branch_day_of_week_operator.py for tasks to queue
[2022-08-23 00:14:40,386] {logging_mixin.py:115} INFO - [2022-08-23 00:14:40,386] {dagbag.py:508} INFO - Filling up the DagBag from /home/airflow/.local/lib/python3.7/site-packages/airflow/example_dags/example_branch_day_of_week_operator.py
[2022-08-23 00:14:40,401] {processor.py:651} INFO - DAG(s) dict_keys(['example_weekday_branch_operator']) retrieved from /home/airflow/.local/lib/python3.7/site-packages/airflow/example_dags/example_branch_day_of_week_operator.py
[2022-08-23 00:14:40,447] {logging_mixin.py:115} INFO - [2022-08-23 00:14:40,447] {dag.py:2420} INFO - Sync 1 DAGs
[2022-08-23 00:14:40,679] {logging_mixin.py:115} INFO - [2022-08-23 00:14:40,678] {dag.py:2972} INFO - Setting next_dagrun for example_weekday_branch_operator to 2022-08-22T00:00:00+00:00, run_after=2022-08-23T00:00:00+00:00
[2022-08-23 00:14:40,703] {processor.py:161} INFO - Processing /home/airflow/.local/lib/python3.7/site-packages/airflow/example_dags/example_branch_day_of_week_operator.py took 0.329 seconds
[2022-08-23 00:15:10,914] {processor.py:153} INFO - Started process (PID=98287) to work on /home/airflow/.local/lib/python3.7/site-packages/airflow/example_dags/example_branch_day_of_week_operator.py
[2022-08-23 00:15:10,917] {processor.py:641} INFO - Processing file /home/airflow/.local/lib/python3.7/site-packages/airflow/example_dags/example_branch_day_of_week_operator.py for tasks to queue
[2022-08-23 00:15:10,921] {logging_mixin.py:115} INFO - [2022-08-23 00:15:10,920] {dagbag.py:508} INFO - Filling up the DagBag from /home/airflow/.local/lib/python3.7/site-packages/airflow/example_dags/example_branch_day_of_week_operator.py
[2022-08-23 00:15:10,943] {processor.py:651} INFO - DAG(s) dict_keys(['example_weekday_branch_operator']) retrieved from /home/airflow/.local/lib/python3.7/site-packages/airflow/example_dags/example_branch_day_of_week_operator.py
[2022-08-23 00:15:10,989] {logging_mixin.py:115} INFO - [2022-08-23 00:15:10,989] {dag.py:2420} INFO - Sync 1 DAGs
[2022-08-23 00:15:11,239] {logging_mixin.py:115} INFO - [2022-08-23 00:15:11,239] {dag.py:2972} INFO - Setting next_dagrun for example_weekday_branch_operator to 2022-08-22T00:00:00+00:00, run_after=2022-08-23T00:00:00+00:00
[2022-08-23 00:15:11,265] {processor.py:161} INFO - Processing /home/airflow/.local/lib/python3.7/site-packages/airflow/example_dags/example_branch_day_of_week_operator.py took 0.361 seconds
[2022-08-23 00:15:41,592] {processor.py:153} INFO - Started process (PID=98480) to work on /home/airflow/.local/lib/python3.7/site-packages/airflow/example_dags/example_branch_day_of_week_operator.py
[2022-08-23 00:15:41,595] {processor.py:641} INFO - Processing file /home/airflow/.local/lib/python3.7/site-packages/airflow/example_dags/example_branch_day_of_week_operator.py for tasks to queue
[2022-08-23 00:15:41,599] {logging_mixin.py:115} INFO - [2022-08-23 00:15:41,598] {dagbag.py:508} INFO - Filling up the DagBag from /home/airflow/.local/lib/python3.7/site-packages/airflow/example_dags/example_branch_day_of_week_operator.py
[2022-08-23 00:15:41,617] {processor.py:651} INFO - DAG(s) dict_keys(['example_weekday_branch_operator']) retrieved from /home/airflow/.local/lib/python3.7/site-packages/airflow/example_dags/example_branch_day_of_week_operator.py
[2022-08-23 00:15:41,662] {logging_mixin.py:115} INFO - [2022-08-23 00:15:41,661] {dag.py:2420} INFO - Sync 1 DAGs
[2022-08-23 00:15:41,876] {logging_mixin.py:115} INFO - [2022-08-23 00:15:41,876] {dag.py:2972} INFO - Setting next_dagrun for example_weekday_branch_operator to 2022-08-22T00:00:00+00:00, run_after=2022-08-23T00:00:00+00:00
[2022-08-23 00:15:41,902] {processor.py:161} INFO - Processing /home/airflow/.local/lib/python3.7/site-packages/airflow/example_dags/example_branch_day_of_week_operator.py took 0.320 seconds
[2022-08-23 00:16:12,858] {processor.py:153} INFO - Started process (PID=98679) to work on /home/airflow/.local/lib/python3.7/site-packages/airflow/example_dags/example_branch_day_of_week_operator.py
[2022-08-23 00:16:12,870] {processor.py:641} INFO - Processing file /home/airflow/.local/lib/python3.7/site-packages/airflow/example_dags/example_branch_day_of_week_operator.py for tasks to queue
[2022-08-23 00:16:12,875] {logging_mixin.py:115} INFO - [2022-08-23 00:16:12,875] {dagbag.py:508} INFO - Filling up the DagBag from /home/airflow/.local/lib/python3.7/site-packages/airflow/example_dags/example_branch_day_of_week_operator.py
[2022-08-23 00:16:12,914] {processor.py:651} INFO - DAG(s) dict_keys(['example_weekday_branch_operator']) retrieved from /home/airflow/.local/lib/python3.7/site-packages/airflow/example_dags/example_branch_day_of_week_operator.py
[2022-08-23 00:16:12,982] {logging_mixin.py:115} INFO - [2022-08-23 00:16:12,981] {dag.py:2420} INFO - Sync 1 DAGs
[2022-08-23 00:16:13,297] {logging_mixin.py:115} INFO - [2022-08-23 00:16:13,297] {dag.py:2972} INFO - Setting next_dagrun for example_weekday_branch_operator to 2022-08-22T00:00:00+00:00, run_after=2022-08-23T00:00:00+00:00
[2022-08-23 00:16:13,547] {processor.py:161} INFO - Processing /home/airflow/.local/lib/python3.7/site-packages/airflow/example_dags/example_branch_day_of_week_operator.py took 0.700 seconds
[2022-08-23 00:16:43,830] {processor.py:153} INFO - Started process (PID=98877) to work on /home/airflow/.local/lib/python3.7/site-packages/airflow/example_dags/example_branch_day_of_week_operator.py
[2022-08-23 00:16:43,839] {processor.py:641} INFO - Processing file /home/airflow/.local/lib/python3.7/site-packages/airflow/example_dags/example_branch_day_of_week_operator.py for tasks to queue
[2022-08-23 00:16:43,844] {logging_mixin.py:115} INFO - [2022-08-23 00:16:43,844] {dagbag.py:508} INFO - Filling up the DagBag from /home/airflow/.local/lib/python3.7/site-packages/airflow/example_dags/example_branch_day_of_week_operator.py
[2022-08-23 00:16:43,866] {processor.py:651} INFO - DAG(s) dict_keys(['example_weekday_branch_operator']) retrieved from /home/airflow/.local/lib/python3.7/site-packages/airflow/example_dags/example_branch_day_of_week_operator.py
[2022-08-23 00:16:43,928] {logging_mixin.py:115} INFO - [2022-08-23 00:16:43,927] {dag.py:2420} INFO - Sync 1 DAGs
[2022-08-23 00:16:44,232] {logging_mixin.py:115} INFO - [2022-08-23 00:16:44,232] {dag.py:2972} INFO - Setting next_dagrun for example_weekday_branch_operator to 2022-08-22T00:00:00+00:00, run_after=2022-08-23T00:00:00+00:00
[2022-08-23 00:16:44,261] {processor.py:161} INFO - Processing /home/airflow/.local/lib/python3.7/site-packages/airflow/example_dags/example_branch_day_of_week_operator.py took 0.441 seconds
[2022-08-23 00:17:18,150] {processor.py:153} INFO - Started process (PID=99069) to work on /home/airflow/.local/lib/python3.7/site-packages/airflow/example_dags/example_branch_day_of_week_operator.py
[2022-08-23 00:17:18,164] {processor.py:641} INFO - Processing file /home/airflow/.local/lib/python3.7/site-packages/airflow/example_dags/example_branch_day_of_week_operator.py for tasks to queue
[2022-08-23 00:17:18,169] {logging_mixin.py:115} INFO - [2022-08-23 00:17:18,169] {dagbag.py:508} INFO - Filling up the DagBag from /home/airflow/.local/lib/python3.7/site-packages/airflow/example_dags/example_branch_day_of_week_operator.py
[2022-08-23 00:17:18,241] {processor.py:651} INFO - DAG(s) dict_keys(['example_weekday_branch_operator']) retrieved from /home/airflow/.local/lib/python3.7/site-packages/airflow/example_dags/example_branch_day_of_week_operator.py
[2022-08-23 00:17:18,372] {logging_mixin.py:115} INFO - [2022-08-23 00:17:18,372] {dag.py:2420} INFO - Sync 1 DAGs
[2022-08-23 00:17:18,492] {logging_mixin.py:115} INFO - [2022-08-23 00:17:18,492] {dag.py:2972} INFO - Setting next_dagrun for example_weekday_branch_operator to 2022-08-22T00:00:00+00:00, run_after=2022-08-23T00:00:00+00:00
[2022-08-23 00:17:18,519] {processor.py:161} INFO - Processing /home/airflow/.local/lib/python3.7/site-packages/airflow/example_dags/example_branch_day_of_week_operator.py took 0.414 seconds
[2022-08-23 00:17:48,687] {processor.py:153} INFO - Started process (PID=99254) to work on /home/airflow/.local/lib/python3.7/site-packages/airflow/example_dags/example_branch_day_of_week_operator.py
[2022-08-23 00:17:48,692] {processor.py:641} INFO - Processing file /home/airflow/.local/lib/python3.7/site-packages/airflow/example_dags/example_branch_day_of_week_operator.py for tasks to queue
[2022-08-23 00:17:48,701] {logging_mixin.py:115} INFO - [2022-08-23 00:17:48,700] {dagbag.py:508} INFO - Filling up the DagBag from /home/airflow/.local/lib/python3.7/site-packages/airflow/example_dags/example_branch_day_of_week_operator.py
[2022-08-23 00:17:48,737] {processor.py:651} INFO - DAG(s) dict_keys(['example_weekday_branch_operator']) retrieved from /home/airflow/.local/lib/python3.7/site-packages/airflow/example_dags/example_branch_day_of_week_operator.py
[2022-08-23 00:17:48,797] {logging_mixin.py:115} INFO - [2022-08-23 00:17:48,797] {dag.py:2420} INFO - Sync 1 DAGs
[2022-08-23 00:17:48,838] {logging_mixin.py:115} INFO - [2022-08-23 00:17:48,838] {dag.py:2972} INFO - Setting next_dagrun for example_weekday_branch_operator to 2022-08-22T00:00:00+00:00, run_after=2022-08-23T00:00:00+00:00
[2022-08-23 00:17:48,859] {processor.py:161} INFO - Processing /home/airflow/.local/lib/python3.7/site-packages/airflow/example_dags/example_branch_day_of_week_operator.py took 0.179 seconds
[2022-08-23 00:18:19,406] {processor.py:153} INFO - Started process (PID=99457) to work on /home/airflow/.local/lib/python3.7/site-packages/airflow/example_dags/example_branch_day_of_week_operator.py
[2022-08-23 00:18:19,409] {processor.py:641} INFO - Processing file /home/airflow/.local/lib/python3.7/site-packages/airflow/example_dags/example_branch_day_of_week_operator.py for tasks to queue
[2022-08-23 00:18:19,413] {logging_mixin.py:115} INFO - [2022-08-23 00:18:19,413] {dagbag.py:508} INFO - Filling up the DagBag from /home/airflow/.local/lib/python3.7/site-packages/airflow/example_dags/example_branch_day_of_week_operator.py
[2022-08-23 00:18:19,446] {processor.py:651} INFO - DAG(s) dict_keys(['example_weekday_branch_operator']) retrieved from /home/airflow/.local/lib/python3.7/site-packages/airflow/example_dags/example_branch_day_of_week_operator.py
[2022-08-23 00:18:19,520] {logging_mixin.py:115} INFO - [2022-08-23 00:18:19,520] {dag.py:2420} INFO - Sync 1 DAGs
[2022-08-23 00:18:19,601] {logging_mixin.py:115} INFO - [2022-08-23 00:18:19,600] {dag.py:2972} INFO - Setting next_dagrun for example_weekday_branch_operator to 2022-08-22T00:00:00+00:00, run_after=2022-08-23T00:00:00+00:00
[2022-08-23 00:18:19,630] {processor.py:161} INFO - Processing /home/airflow/.local/lib/python3.7/site-packages/airflow/example_dags/example_branch_day_of_week_operator.py took 0.235 seconds
[2022-08-23 00:18:49,846] {processor.py:153} INFO - Started process (PID=99650) to work on /home/airflow/.local/lib/python3.7/site-packages/airflow/example_dags/example_branch_day_of_week_operator.py
[2022-08-23 00:18:49,858] {processor.py:641} INFO - Processing file /home/airflow/.local/lib/python3.7/site-packages/airflow/example_dags/example_branch_day_of_week_operator.py for tasks to queue
[2022-08-23 00:18:49,867] {logging_mixin.py:115} INFO - [2022-08-23 00:18:49,866] {dagbag.py:508} INFO - Filling up the DagBag from /home/airflow/.local/lib/python3.7/site-packages/airflow/example_dags/example_branch_day_of_week_operator.py
[2022-08-23 00:18:49,915] {processor.py:651} INFO - DAG(s) dict_keys(['example_weekday_branch_operator']) retrieved from /home/airflow/.local/lib/python3.7/site-packages/airflow/example_dags/example_branch_day_of_week_operator.py
[2022-08-23 00:18:50,238] {logging_mixin.py:115} INFO - [2022-08-23 00:18:50,238] {dag.py:2420} INFO - Sync 1 DAGs
[2022-08-23 00:18:50,375] {logging_mixin.py:115} INFO - [2022-08-23 00:18:50,374] {dag.py:2972} INFO - Setting next_dagrun for example_weekday_branch_operator to 2022-08-22T00:00:00+00:00, run_after=2022-08-23T00:00:00+00:00
[2022-08-23 00:18:50,420] {processor.py:161} INFO - Processing /home/airflow/.local/lib/python3.7/site-packages/airflow/example_dags/example_branch_day_of_week_operator.py took 0.582 seconds
[2022-08-23 00:19:21,195] {processor.py:153} INFO - Started process (PID=99853) to work on /home/airflow/.local/lib/python3.7/site-packages/airflow/example_dags/example_branch_day_of_week_operator.py
[2022-08-23 00:19:21,198] {processor.py:641} INFO - Processing file /home/airflow/.local/lib/python3.7/site-packages/airflow/example_dags/example_branch_day_of_week_operator.py for tasks to queue
[2022-08-23 00:19:21,201] {logging_mixin.py:115} INFO - [2022-08-23 00:19:21,201] {dagbag.py:508} INFO - Filling up the DagBag from /home/airflow/.local/lib/python3.7/site-packages/airflow/example_dags/example_branch_day_of_week_operator.py
[2022-08-23 00:19:21,226] {processor.py:651} INFO - DAG(s) dict_keys(['example_weekday_branch_operator']) retrieved from /home/airflow/.local/lib/python3.7/site-packages/airflow/example_dags/example_branch_day_of_week_operator.py
[2022-08-23 00:19:21,274] {logging_mixin.py:115} INFO - [2022-08-23 00:19:21,274] {dag.py:2420} INFO - Sync 1 DAGs
[2022-08-23 00:19:21,317] {logging_mixin.py:115} INFO - [2022-08-23 00:19:21,317] {dag.py:2972} INFO - Setting next_dagrun for example_weekday_branch_operator to 2022-08-22T00:00:00+00:00, run_after=2022-08-23T00:00:00+00:00
[2022-08-23 00:19:21,336] {processor.py:161} INFO - Processing /home/airflow/.local/lib/python3.7/site-packages/airflow/example_dags/example_branch_day_of_week_operator.py took 0.147 seconds
[2022-08-23 00:19:51,704] {processor.py:153} INFO - Started process (PID=349) to work on /home/airflow/.local/lib/python3.7/site-packages/airflow/example_dags/example_branch_day_of_week_operator.py
[2022-08-23 00:19:51,709] {processor.py:641} INFO - Processing file /home/airflow/.local/lib/python3.7/site-packages/airflow/example_dags/example_branch_day_of_week_operator.py for tasks to queue
[2022-08-23 00:19:51,711] {logging_mixin.py:115} INFO - [2022-08-23 00:19:51,711] {dagbag.py:508} INFO - Filling up the DagBag from /home/airflow/.local/lib/python3.7/site-packages/airflow/example_dags/example_branch_day_of_week_operator.py
[2022-08-23 00:19:51,745] {processor.py:651} INFO - DAG(s) dict_keys(['example_weekday_branch_operator']) retrieved from /home/airflow/.local/lib/python3.7/site-packages/airflow/example_dags/example_branch_day_of_week_operator.py
[2022-08-23 00:19:51,808] {logging_mixin.py:115} INFO - [2022-08-23 00:19:51,807] {dag.py:2420} INFO - Sync 1 DAGs
[2022-08-23 00:19:51,855] {logging_mixin.py:115} INFO - [2022-08-23 00:19:51,855] {dag.py:2972} INFO - Setting next_dagrun for example_weekday_branch_operator to 2022-08-22T00:00:00+00:00, run_after=2022-08-23T00:00:00+00:00
[2022-08-23 00:19:51,898] {processor.py:161} INFO - Processing /home/airflow/.local/lib/python3.7/site-packages/airflow/example_dags/example_branch_day_of_week_operator.py took 0.215 seconds
[2022-08-23 00:20:22,853] {processor.py:153} INFO - Started process (PID=553) to work on /home/airflow/.local/lib/python3.7/site-packages/airflow/example_dags/example_branch_day_of_week_operator.py
[2022-08-23 00:20:22,857] {processor.py:641} INFO - Processing file /home/airflow/.local/lib/python3.7/site-packages/airflow/example_dags/example_branch_day_of_week_operator.py for tasks to queue
[2022-08-23 00:20:22,861] {logging_mixin.py:115} INFO - [2022-08-23 00:20:22,861] {dagbag.py:508} INFO - Filling up the DagBag from /home/airflow/.local/lib/python3.7/site-packages/airflow/example_dags/example_branch_day_of_week_operator.py
[2022-08-23 00:20:22,891] {processor.py:651} INFO - DAG(s) dict_keys(['example_weekday_branch_operator']) retrieved from /home/airflow/.local/lib/python3.7/site-packages/airflow/example_dags/example_branch_day_of_week_operator.py
[2022-08-23 00:20:22,950] {logging_mixin.py:115} INFO - [2022-08-23 00:20:22,950] {dag.py:2420} INFO - Sync 1 DAGs
[2022-08-23 00:20:22,993] {logging_mixin.py:115} INFO - [2022-08-23 00:20:22,993] {dag.py:2972} INFO - Setting next_dagrun for example_weekday_branch_operator to 2022-08-22T00:00:00+00:00, run_after=2022-08-23T00:00:00+00:00
[2022-08-23 00:20:23,022] {processor.py:161} INFO - Processing /home/airflow/.local/lib/python3.7/site-packages/airflow/example_dags/example_branch_day_of_week_operator.py took 0.178 seconds
[2022-08-23 00:20:53,327] {processor.py:153} INFO - Started process (PID=747) to work on /home/airflow/.local/lib/python3.7/site-packages/airflow/example_dags/example_branch_day_of_week_operator.py
[2022-08-23 00:20:53,331] {processor.py:641} INFO - Processing file /home/airflow/.local/lib/python3.7/site-packages/airflow/example_dags/example_branch_day_of_week_operator.py for tasks to queue
[2022-08-23 00:20:53,333] {logging_mixin.py:115} INFO - [2022-08-23 00:20:53,333] {dagbag.py:508} INFO - Filling up the DagBag from /home/airflow/.local/lib/python3.7/site-packages/airflow/example_dags/example_branch_day_of_week_operator.py
[2022-08-23 00:20:53,359] {processor.py:651} INFO - DAG(s) dict_keys(['example_weekday_branch_operator']) retrieved from /home/airflow/.local/lib/python3.7/site-packages/airflow/example_dags/example_branch_day_of_week_operator.py
[2022-08-23 00:20:53,410] {logging_mixin.py:115} INFO - [2022-08-23 00:20:53,410] {dag.py:2420} INFO - Sync 1 DAGs
[2022-08-23 00:20:53,451] {logging_mixin.py:115} INFO - [2022-08-23 00:20:53,451] {dag.py:2972} INFO - Setting next_dagrun for example_weekday_branch_operator to 2022-08-22T00:00:00+00:00, run_after=2022-08-23T00:00:00+00:00
[2022-08-23 00:20:53,472] {processor.py:161} INFO - Processing /home/airflow/.local/lib/python3.7/site-packages/airflow/example_dags/example_branch_day_of_week_operator.py took 0.156 seconds
