[2022-08-23 00:00:00,553] {processor.py:153} INFO - Started process (PID=92643) to work on /home/airflow/.local/lib/python3.7/site-packages/airflow/example_dags/example_short_circuit_operator.py
[2022-08-23 00:00:00,557] {processor.py:641} INFO - Processing file /home/airflow/.local/lib/python3.7/site-packages/airflow/example_dags/example_short_circuit_operator.py for tasks to queue
[2022-08-23 00:00:00,561] {logging_mixin.py:115} INFO - [2022-08-23 00:00:00,560] {dagbag.py:508} INFO - Filling up the DagBag from /home/airflow/.local/lib/python3.7/site-packages/airflow/example_dags/example_short_circuit_operator.py
[2022-08-23 00:00:00,602] {processor.py:651} INFO - DAG(s) dict_keys(['example_short_circuit_operator']) retrieved from /home/airflow/.local/lib/python3.7/site-packages/airflow/example_dags/example_short_circuit_operator.py
[2022-08-23 00:00:00,774] {logging_mixin.py:115} INFO - [2022-08-23 00:00:00,774] {dag.py:2420} INFO - Sync 1 DAGs
[2022-08-23 00:00:00,892] {logging_mixin.py:115} INFO - [2022-08-23 00:00:00,891] {dag.py:2972} INFO - Setting next_dagrun for example_short_circuit_operator to 2022-08-22T00:00:00.891598+00:00, run_after=2022-08-23T00:00:00.891598+00:00
[2022-08-23 00:00:00,914] {processor.py:161} INFO - Processing /home/airflow/.local/lib/python3.7/site-packages/airflow/example_dags/example_short_circuit_operator.py took 0.367 seconds
[2022-08-23 00:00:38,111] {processor.py:153} INFO - Started process (PID=92857) to work on /home/airflow/.local/lib/python3.7/site-packages/airflow/example_dags/example_short_circuit_operator.py
[2022-08-23 00:00:38,114] {processor.py:641} INFO - Processing file /home/airflow/.local/lib/python3.7/site-packages/airflow/example_dags/example_short_circuit_operator.py for tasks to queue
[2022-08-23 00:00:38,117] {logging_mixin.py:115} INFO - [2022-08-23 00:00:38,116] {dagbag.py:508} INFO - Filling up the DagBag from /home/airflow/.local/lib/python3.7/site-packages/airflow/example_dags/example_short_circuit_operator.py
[2022-08-23 00:00:38,165] {processor.py:651} INFO - DAG(s) dict_keys(['example_short_circuit_operator']) retrieved from /home/airflow/.local/lib/python3.7/site-packages/airflow/example_dags/example_short_circuit_operator.py
[2022-08-23 00:00:38,270] {logging_mixin.py:115} INFO - [2022-08-23 00:00:38,270] {dag.py:2420} INFO - Sync 1 DAGs
[2022-08-23 00:00:38,343] {logging_mixin.py:115} INFO - [2022-08-23 00:00:38,343] {dag.py:2972} INFO - Setting next_dagrun for example_short_circuit_operator to 2022-08-22T00:00:38.342422+00:00, run_after=2022-08-23T00:00:38.342422+00:00
[2022-08-23 00:00:38,372] {processor.py:161} INFO - Processing /home/airflow/.local/lib/python3.7/site-packages/airflow/example_dags/example_short_circuit_operator.py took 0.280 seconds
[2022-08-23 00:01:09,071] {processor.py:153} INFO - Started process (PID=93047) to work on /home/airflow/.local/lib/python3.7/site-packages/airflow/example_dags/example_short_circuit_operator.py
[2022-08-23 00:01:09,075] {processor.py:641} INFO - Processing file /home/airflow/.local/lib/python3.7/site-packages/airflow/example_dags/example_short_circuit_operator.py for tasks to queue
[2022-08-23 00:01:09,081] {logging_mixin.py:115} INFO - [2022-08-23 00:01:09,081] {dagbag.py:508} INFO - Filling up the DagBag from /home/airflow/.local/lib/python3.7/site-packages/airflow/example_dags/example_short_circuit_operator.py
[2022-08-23 00:01:09,138] {processor.py:651} INFO - DAG(s) dict_keys(['example_short_circuit_operator']) retrieved from /home/airflow/.local/lib/python3.7/site-packages/airflow/example_dags/example_short_circuit_operator.py
[2022-08-23 00:01:09,299] {logging_mixin.py:115} INFO - [2022-08-23 00:01:09,299] {dag.py:2420} INFO - Sync 1 DAGs
[2022-08-23 00:01:09,398] {logging_mixin.py:115} INFO - [2022-08-23 00:01:09,398] {dag.py:2972} INFO - Setting next_dagrun for example_short_circuit_operator to 2022-08-22T00:01:09.397657+00:00, run_after=2022-08-23T00:01:09.397657+00:00
[2022-08-23 00:01:09,479] {processor.py:161} INFO - Processing /home/airflow/.local/lib/python3.7/site-packages/airflow/example_dags/example_short_circuit_operator.py took 0.444 seconds
[2022-08-23 00:01:40,244] {processor.py:153} INFO - Started process (PID=93244) to work on /home/airflow/.local/lib/python3.7/site-packages/airflow/example_dags/example_short_circuit_operator.py
[2022-08-23 00:01:40,248] {processor.py:641} INFO - Processing file /home/airflow/.local/lib/python3.7/site-packages/airflow/example_dags/example_short_circuit_operator.py for tasks to queue
[2022-08-23 00:01:40,250] {logging_mixin.py:115} INFO - [2022-08-23 00:01:40,250] {dagbag.py:508} INFO - Filling up the DagBag from /home/airflow/.local/lib/python3.7/site-packages/airflow/example_dags/example_short_circuit_operator.py
[2022-08-23 00:01:40,269] {processor.py:651} INFO - DAG(s) dict_keys(['example_short_circuit_operator']) retrieved from /home/airflow/.local/lib/python3.7/site-packages/airflow/example_dags/example_short_circuit_operator.py
[2022-08-23 00:01:40,316] {logging_mixin.py:115} INFO - [2022-08-23 00:01:40,316] {dag.py:2420} INFO - Sync 1 DAGs
[2022-08-23 00:01:40,354] {logging_mixin.py:115} INFO - [2022-08-23 00:01:40,354] {dag.py:2972} INFO - Setting next_dagrun for example_short_circuit_operator to 2022-08-22T00:01:40.353921+00:00, run_after=2022-08-23T00:01:40.353921+00:00
[2022-08-23 00:01:40,379] {processor.py:161} INFO - Processing /home/airflow/.local/lib/python3.7/site-packages/airflow/example_dags/example_short_circuit_operator.py took 0.144 seconds
[2022-08-23 00:02:11,202] {processor.py:153} INFO - Started process (PID=93437) to work on /home/airflow/.local/lib/python3.7/site-packages/airflow/example_dags/example_short_circuit_operator.py
[2022-08-23 00:02:11,205] {processor.py:641} INFO - Processing file /home/airflow/.local/lib/python3.7/site-packages/airflow/example_dags/example_short_circuit_operator.py for tasks to queue
[2022-08-23 00:02:11,210] {logging_mixin.py:115} INFO - [2022-08-23 00:02:11,210] {dagbag.py:508} INFO - Filling up the DagBag from /home/airflow/.local/lib/python3.7/site-packages/airflow/example_dags/example_short_circuit_operator.py
[2022-08-23 00:02:11,235] {processor.py:651} INFO - DAG(s) dict_keys(['example_short_circuit_operator']) retrieved from /home/airflow/.local/lib/python3.7/site-packages/airflow/example_dags/example_short_circuit_operator.py
[2022-08-23 00:02:11,307] {logging_mixin.py:115} INFO - [2022-08-23 00:02:11,307] {dag.py:2420} INFO - Sync 1 DAGs
[2022-08-23 00:02:11,349] {logging_mixin.py:115} INFO - [2022-08-23 00:02:11,349] {dag.py:2972} INFO - Setting next_dagrun for example_short_circuit_operator to 2022-08-22T00:02:11.348898+00:00, run_after=2022-08-23T00:02:11.348898+00:00
[2022-08-23 00:02:11,572] {processor.py:161} INFO - Processing /home/airflow/.local/lib/python3.7/site-packages/airflow/example_dags/example_short_circuit_operator.py took 0.384 seconds
[2022-08-23 00:02:42,402] {processor.py:153} INFO - Started process (PID=93630) to work on /home/airflow/.local/lib/python3.7/site-packages/airflow/example_dags/example_short_circuit_operator.py
[2022-08-23 00:02:42,414] {processor.py:641} INFO - Processing file /home/airflow/.local/lib/python3.7/site-packages/airflow/example_dags/example_short_circuit_operator.py for tasks to queue
[2022-08-23 00:02:42,423] {logging_mixin.py:115} INFO - [2022-08-23 00:02:42,422] {dagbag.py:508} INFO - Filling up the DagBag from /home/airflow/.local/lib/python3.7/site-packages/airflow/example_dags/example_short_circuit_operator.py
[2022-08-23 00:02:42,496] {processor.py:651} INFO - DAG(s) dict_keys(['example_short_circuit_operator']) retrieved from /home/airflow/.local/lib/python3.7/site-packages/airflow/example_dags/example_short_circuit_operator.py
[2022-08-23 00:02:42,570] {logging_mixin.py:115} INFO - [2022-08-23 00:02:42,570] {dag.py:2420} INFO - Sync 1 DAGs
[2022-08-23 00:02:42,649] {logging_mixin.py:115} INFO - [2022-08-23 00:02:42,649] {dag.py:2972} INFO - Setting next_dagrun for example_short_circuit_operator to 2022-08-22T00:02:42.648726+00:00, run_after=2022-08-23T00:02:42.648726+00:00
[2022-08-23 00:02:42,970] {processor.py:161} INFO - Processing /home/airflow/.local/lib/python3.7/site-packages/airflow/example_dags/example_short_circuit_operator.py took 0.581 seconds
[2022-08-23 00:03:13,514] {processor.py:153} INFO - Started process (PID=93826) to work on /home/airflow/.local/lib/python3.7/site-packages/airflow/example_dags/example_short_circuit_operator.py
[2022-08-23 00:03:13,517] {processor.py:641} INFO - Processing file /home/airflow/.local/lib/python3.7/site-packages/airflow/example_dags/example_short_circuit_operator.py for tasks to queue
[2022-08-23 00:03:13,524] {logging_mixin.py:115} INFO - [2022-08-23 00:03:13,523] {dagbag.py:508} INFO - Filling up the DagBag from /home/airflow/.local/lib/python3.7/site-packages/airflow/example_dags/example_short_circuit_operator.py
[2022-08-23 00:03:13,581] {processor.py:651} INFO - DAG(s) dict_keys(['example_short_circuit_operator']) retrieved from /home/airflow/.local/lib/python3.7/site-packages/airflow/example_dags/example_short_circuit_operator.py
[2022-08-23 00:03:13,717] {logging_mixin.py:115} INFO - [2022-08-23 00:03:13,717] {dag.py:2420} INFO - Sync 1 DAGs
[2022-08-23 00:03:13,829] {logging_mixin.py:115} INFO - [2022-08-23 00:03:13,829] {dag.py:2972} INFO - Setting next_dagrun for example_short_circuit_operator to 2022-08-22T00:03:13.813755+00:00, run_after=2022-08-23T00:03:13.813755+00:00
[2022-08-23 00:03:14,551] {processor.py:161} INFO - Processing /home/airflow/.local/lib/python3.7/site-packages/airflow/example_dags/example_short_circuit_operator.py took 1.047 seconds
[2022-08-23 00:03:45,811] {processor.py:153} INFO - Started process (PID=94001) to work on /home/airflow/.local/lib/python3.7/site-packages/airflow/example_dags/example_short_circuit_operator.py
[2022-08-23 00:03:45,814] {processor.py:641} INFO - Processing file /home/airflow/.local/lib/python3.7/site-packages/airflow/example_dags/example_short_circuit_operator.py for tasks to queue
[2022-08-23 00:03:45,821] {logging_mixin.py:115} INFO - [2022-08-23 00:03:45,818] {dagbag.py:508} INFO - Filling up the DagBag from /home/airflow/.local/lib/python3.7/site-packages/airflow/example_dags/example_short_circuit_operator.py
[2022-08-23 00:03:45,863] {processor.py:651} INFO - DAG(s) dict_keys(['example_short_circuit_operator']) retrieved from /home/airflow/.local/lib/python3.7/site-packages/airflow/example_dags/example_short_circuit_operator.py
[2022-08-23 00:03:45,980] {logging_mixin.py:115} INFO - [2022-08-23 00:03:45,980] {dag.py:2420} INFO - Sync 1 DAGs
[2022-08-23 00:03:46,073] {logging_mixin.py:115} INFO - [2022-08-23 00:03:46,073] {dag.py:2972} INFO - Setting next_dagrun for example_short_circuit_operator to 2022-08-22T00:03:46.071914+00:00, run_after=2022-08-23T00:03:46.071914+00:00
[2022-08-23 00:03:46,396] {processor.py:161} INFO - Processing /home/airflow/.local/lib/python3.7/site-packages/airflow/example_dags/example_short_circuit_operator.py took 0.603 seconds
[2022-08-23 00:04:17,205] {processor.py:153} INFO - Started process (PID=94191) to work on /home/airflow/.local/lib/python3.7/site-packages/airflow/example_dags/example_short_circuit_operator.py
[2022-08-23 00:04:17,213] {processor.py:641} INFO - Processing file /home/airflow/.local/lib/python3.7/site-packages/airflow/example_dags/example_short_circuit_operator.py for tasks to queue
[2022-08-23 00:04:17,224] {logging_mixin.py:115} INFO - [2022-08-23 00:04:17,223] {dagbag.py:508} INFO - Filling up the DagBag from /home/airflow/.local/lib/python3.7/site-packages/airflow/example_dags/example_short_circuit_operator.py
[2022-08-23 00:04:17,299] {processor.py:651} INFO - DAG(s) dict_keys(['example_short_circuit_operator']) retrieved from /home/airflow/.local/lib/python3.7/site-packages/airflow/example_dags/example_short_circuit_operator.py
[2022-08-23 00:04:17,385] {logging_mixin.py:115} INFO - [2022-08-23 00:04:17,385] {dag.py:2420} INFO - Sync 1 DAGs
[2022-08-23 00:04:17,445] {logging_mixin.py:115} INFO - [2022-08-23 00:04:17,444] {dag.py:2972} INFO - Setting next_dagrun for example_short_circuit_operator to 2022-08-22T00:04:17.444450+00:00, run_after=2022-08-23T00:04:17.444450+00:00
[2022-08-23 00:04:18,033] {processor.py:161} INFO - Processing /home/airflow/.local/lib/python3.7/site-packages/airflow/example_dags/example_short_circuit_operator.py took 0.873 seconds
[2022-08-23 00:04:48,493] {processor.py:153} INFO - Started process (PID=94386) to work on /home/airflow/.local/lib/python3.7/site-packages/airflow/example_dags/example_short_circuit_operator.py
[2022-08-23 00:04:48,525] {processor.py:641} INFO - Processing file /home/airflow/.local/lib/python3.7/site-packages/airflow/example_dags/example_short_circuit_operator.py for tasks to queue
[2022-08-23 00:04:48,547] {logging_mixin.py:115} INFO - [2022-08-23 00:04:48,547] {dagbag.py:508} INFO - Filling up the DagBag from /home/airflow/.local/lib/python3.7/site-packages/airflow/example_dags/example_short_circuit_operator.py
[2022-08-23 00:04:48,633] {processor.py:651} INFO - DAG(s) dict_keys(['example_short_circuit_operator']) retrieved from /home/airflow/.local/lib/python3.7/site-packages/airflow/example_dags/example_short_circuit_operator.py
[2022-08-23 00:04:48,687] {logging_mixin.py:115} INFO - [2022-08-23 00:04:48,687] {dag.py:2420} INFO - Sync 1 DAGs
[2022-08-23 00:04:48,734] {logging_mixin.py:115} INFO - [2022-08-23 00:04:48,734] {dag.py:2972} INFO - Setting next_dagrun for example_short_circuit_operator to 2022-08-22T00:04:48.733581+00:00, run_after=2022-08-23T00:04:48.733581+00:00
[2022-08-23 00:04:49,172] {processor.py:161} INFO - Processing /home/airflow/.local/lib/python3.7/site-packages/airflow/example_dags/example_short_circuit_operator.py took 0.712 seconds
[2022-08-23 00:05:19,277] {processor.py:153} INFO - Started process (PID=94595) to work on /home/airflow/.local/lib/python3.7/site-packages/airflow/example_dags/example_short_circuit_operator.py
[2022-08-23 00:05:19,279] {processor.py:641} INFO - Processing file /home/airflow/.local/lib/python3.7/site-packages/airflow/example_dags/example_short_circuit_operator.py for tasks to queue
[2022-08-23 00:05:19,289] {logging_mixin.py:115} INFO - [2022-08-23 00:05:19,289] {dagbag.py:508} INFO - Filling up the DagBag from /home/airflow/.local/lib/python3.7/site-packages/airflow/example_dags/example_short_circuit_operator.py
[2022-08-23 00:05:19,341] {processor.py:651} INFO - DAG(s) dict_keys(['example_short_circuit_operator']) retrieved from /home/airflow/.local/lib/python3.7/site-packages/airflow/example_dags/example_short_circuit_operator.py
[2022-08-23 00:05:19,511] {logging_mixin.py:115} INFO - [2022-08-23 00:05:19,511] {dag.py:2420} INFO - Sync 1 DAGs
[2022-08-23 00:05:19,625] {logging_mixin.py:115} INFO - [2022-08-23 00:05:19,625] {dag.py:2972} INFO - Setting next_dagrun for example_short_circuit_operator to 2022-08-22T00:05:19.624650+00:00, run_after=2022-08-23T00:05:19.624650+00:00
[2022-08-23 00:05:19,888] {processor.py:161} INFO - Processing /home/airflow/.local/lib/python3.7/site-packages/airflow/example_dags/example_short_circuit_operator.py took 0.621 seconds
[2022-08-23 00:05:50,327] {processor.py:153} INFO - Started process (PID=94789) to work on /home/airflow/.local/lib/python3.7/site-packages/airflow/example_dags/example_short_circuit_operator.py
[2022-08-23 00:05:50,333] {processor.py:641} INFO - Processing file /home/airflow/.local/lib/python3.7/site-packages/airflow/example_dags/example_short_circuit_operator.py for tasks to queue
[2022-08-23 00:05:50,341] {logging_mixin.py:115} INFO - [2022-08-23 00:05:50,341] {dagbag.py:508} INFO - Filling up the DagBag from /home/airflow/.local/lib/python3.7/site-packages/airflow/example_dags/example_short_circuit_operator.py
[2022-08-23 00:05:50,389] {processor.py:651} INFO - DAG(s) dict_keys(['example_short_circuit_operator']) retrieved from /home/airflow/.local/lib/python3.7/site-packages/airflow/example_dags/example_short_circuit_operator.py
[2022-08-23 00:05:50,509] {logging_mixin.py:115} INFO - [2022-08-23 00:05:50,509] {dag.py:2420} INFO - Sync 1 DAGs
[2022-08-23 00:05:50,593] {logging_mixin.py:115} INFO - [2022-08-23 00:05:50,593] {dag.py:2972} INFO - Setting next_dagrun for example_short_circuit_operator to 2022-08-22T00:05:50.588753+00:00, run_after=2022-08-23T00:05:50.588753+00:00
[2022-08-23 00:05:51,135] {processor.py:161} INFO - Processing /home/airflow/.local/lib/python3.7/site-packages/airflow/example_dags/example_short_circuit_operator.py took 0.825 seconds
[2022-08-23 00:06:21,334] {processor.py:153} INFO - Started process (PID=94986) to work on /home/airflow/.local/lib/python3.7/site-packages/airflow/example_dags/example_short_circuit_operator.py
[2022-08-23 00:06:21,340] {processor.py:641} INFO - Processing file /home/airflow/.local/lib/python3.7/site-packages/airflow/example_dags/example_short_circuit_operator.py for tasks to queue
[2022-08-23 00:06:21,345] {logging_mixin.py:115} INFO - [2022-08-23 00:06:21,345] {dagbag.py:508} INFO - Filling up the DagBag from /home/airflow/.local/lib/python3.7/site-packages/airflow/example_dags/example_short_circuit_operator.py
[2022-08-23 00:06:21,386] {processor.py:651} INFO - DAG(s) dict_keys(['example_short_circuit_operator']) retrieved from /home/airflow/.local/lib/python3.7/site-packages/airflow/example_dags/example_short_circuit_operator.py
[2022-08-23 00:06:21,490] {logging_mixin.py:115} INFO - [2022-08-23 00:06:21,490] {dag.py:2420} INFO - Sync 1 DAGs
[2022-08-23 00:06:21,824] {logging_mixin.py:115} INFO - [2022-08-23 00:06:21,824] {dag.py:2972} INFO - Setting next_dagrun for example_short_circuit_operator to 2022-08-22T00:06:21.814635+00:00, run_after=2022-08-23T00:06:21.814635+00:00
[2022-08-23 00:06:22,475] {processor.py:161} INFO - Processing /home/airflow/.local/lib/python3.7/site-packages/airflow/example_dags/example_short_circuit_operator.py took 1.157 seconds
[2022-08-23 00:06:53,706] {processor.py:153} INFO - Started process (PID=95187) to work on /home/airflow/.local/lib/python3.7/site-packages/airflow/example_dags/example_short_circuit_operator.py
[2022-08-23 00:06:53,712] {processor.py:641} INFO - Processing file /home/airflow/.local/lib/python3.7/site-packages/airflow/example_dags/example_short_circuit_operator.py for tasks to queue
[2022-08-23 00:06:53,719] {logging_mixin.py:115} INFO - [2022-08-23 00:06:53,719] {dagbag.py:508} INFO - Filling up the DagBag from /home/airflow/.local/lib/python3.7/site-packages/airflow/example_dags/example_short_circuit_operator.py
[2022-08-23 00:06:53,813] {processor.py:651} INFO - DAG(s) dict_keys(['example_short_circuit_operator']) retrieved from /home/airflow/.local/lib/python3.7/site-packages/airflow/example_dags/example_short_circuit_operator.py
[2022-08-23 00:06:53,912] {logging_mixin.py:115} INFO - [2022-08-23 00:06:53,912] {dag.py:2420} INFO - Sync 1 DAGs
[2022-08-23 00:06:53,994] {logging_mixin.py:115} INFO - [2022-08-23 00:06:53,994] {dag.py:2972} INFO - Setting next_dagrun for example_short_circuit_operator to 2022-08-22T00:06:53.993603+00:00, run_after=2022-08-23T00:06:53.993603+00:00
[2022-08-23 00:06:54,517] {processor.py:161} INFO - Processing /home/airflow/.local/lib/python3.7/site-packages/airflow/example_dags/example_short_circuit_operator.py took 0.873 seconds
[2022-08-23 00:07:25,307] {processor.py:153} INFO - Started process (PID=95393) to work on /home/airflow/.local/lib/python3.7/site-packages/airflow/example_dags/example_short_circuit_operator.py
[2022-08-23 00:07:25,316] {processor.py:641} INFO - Processing file /home/airflow/.local/lib/python3.7/site-packages/airflow/example_dags/example_short_circuit_operator.py for tasks to queue
[2022-08-23 00:07:25,340] {logging_mixin.py:115} INFO - [2022-08-23 00:07:25,339] {dagbag.py:508} INFO - Filling up the DagBag from /home/airflow/.local/lib/python3.7/site-packages/airflow/example_dags/example_short_circuit_operator.py
[2022-08-23 00:07:25,389] {processor.py:651} INFO - DAG(s) dict_keys(['example_short_circuit_operator']) retrieved from /home/airflow/.local/lib/python3.7/site-packages/airflow/example_dags/example_short_circuit_operator.py
[2022-08-23 00:07:25,482] {logging_mixin.py:115} INFO - [2022-08-23 00:07:25,482] {dag.py:2420} INFO - Sync 1 DAGs
[2022-08-23 00:07:25,597] {logging_mixin.py:115} INFO - [2022-08-23 00:07:25,597] {dag.py:2972} INFO - Setting next_dagrun for example_short_circuit_operator to 2022-08-22T00:07:25.597140+00:00, run_after=2022-08-23T00:07:25.597140+00:00
[2022-08-23 00:07:25,846] {processor.py:161} INFO - Processing /home/airflow/.local/lib/python3.7/site-packages/airflow/example_dags/example_short_circuit_operator.py took 0.549 seconds
[2022-08-23 00:07:57,420] {processor.py:153} INFO - Started process (PID=95582) to work on /home/airflow/.local/lib/python3.7/site-packages/airflow/example_dags/example_short_circuit_operator.py
[2022-08-23 00:07:57,423] {processor.py:641} INFO - Processing file /home/airflow/.local/lib/python3.7/site-packages/airflow/example_dags/example_short_circuit_operator.py for tasks to queue
[2022-08-23 00:07:57,428] {logging_mixin.py:115} INFO - [2022-08-23 00:07:57,427] {dagbag.py:508} INFO - Filling up the DagBag from /home/airflow/.local/lib/python3.7/site-packages/airflow/example_dags/example_short_circuit_operator.py
[2022-08-23 00:07:57,455] {processor.py:651} INFO - DAG(s) dict_keys(['example_short_circuit_operator']) retrieved from /home/airflow/.local/lib/python3.7/site-packages/airflow/example_dags/example_short_circuit_operator.py
[2022-08-23 00:07:57,524] {logging_mixin.py:115} INFO - [2022-08-23 00:07:57,524] {dag.py:2420} INFO - Sync 1 DAGs
[2022-08-23 00:07:57,670] {logging_mixin.py:115} INFO - [2022-08-23 00:07:57,670] {dag.py:2972} INFO - Setting next_dagrun for example_short_circuit_operator to 2022-08-22T00:07:57.669868+00:00, run_after=2022-08-23T00:07:57.669868+00:00
[2022-08-23 00:07:58,162] {processor.py:161} INFO - Processing /home/airflow/.local/lib/python3.7/site-packages/airflow/example_dags/example_short_circuit_operator.py took 0.771 seconds
[2022-08-23 00:08:28,595] {processor.py:153} INFO - Started process (PID=95782) to work on /home/airflow/.local/lib/python3.7/site-packages/airflow/example_dags/example_short_circuit_operator.py
[2022-08-23 00:08:28,616] {processor.py:641} INFO - Processing file /home/airflow/.local/lib/python3.7/site-packages/airflow/example_dags/example_short_circuit_operator.py for tasks to queue
[2022-08-23 00:08:28,620] {logging_mixin.py:115} INFO - [2022-08-23 00:08:28,620] {dagbag.py:508} INFO - Filling up the DagBag from /home/airflow/.local/lib/python3.7/site-packages/airflow/example_dags/example_short_circuit_operator.py
[2022-08-23 00:08:28,660] {processor.py:651} INFO - DAG(s) dict_keys(['example_short_circuit_operator']) retrieved from /home/airflow/.local/lib/python3.7/site-packages/airflow/example_dags/example_short_circuit_operator.py
[2022-08-23 00:08:28,728] {logging_mixin.py:115} INFO - [2022-08-23 00:08:28,727] {dag.py:2420} INFO - Sync 1 DAGs
[2022-08-23 00:08:28,777] {logging_mixin.py:115} INFO - [2022-08-23 00:08:28,777] {dag.py:2972} INFO - Setting next_dagrun for example_short_circuit_operator to 2022-08-22T00:08:28.776780+00:00, run_after=2022-08-23T00:08:28.776780+00:00
[2022-08-23 00:08:28,987] {processor.py:161} INFO - Processing /home/airflow/.local/lib/python3.7/site-packages/airflow/example_dags/example_short_circuit_operator.py took 0.411 seconds
[2022-08-23 00:08:59,803] {processor.py:153} INFO - Started process (PID=95969) to work on /home/airflow/.local/lib/python3.7/site-packages/airflow/example_dags/example_short_circuit_operator.py
[2022-08-23 00:08:59,815] {processor.py:641} INFO - Processing file /home/airflow/.local/lib/python3.7/site-packages/airflow/example_dags/example_short_circuit_operator.py for tasks to queue
[2022-08-23 00:08:59,817] {logging_mixin.py:115} INFO - [2022-08-23 00:08:59,817] {dagbag.py:508} INFO - Filling up the DagBag from /home/airflow/.local/lib/python3.7/site-packages/airflow/example_dags/example_short_circuit_operator.py
[2022-08-23 00:08:59,866] {processor.py:651} INFO - DAG(s) dict_keys(['example_short_circuit_operator']) retrieved from /home/airflow/.local/lib/python3.7/site-packages/airflow/example_dags/example_short_circuit_operator.py
[2022-08-23 00:09:00,632] {logging_mixin.py:115} INFO - [2022-08-23 00:09:00,632] {dag.py:2420} INFO - Sync 1 DAGs
[2022-08-23 00:09:00,740] {logging_mixin.py:115} INFO - [2022-08-23 00:09:00,740] {dag.py:2972} INFO - Setting next_dagrun for example_short_circuit_operator to 2022-08-22T00:09:00.739304+00:00, run_after=2022-08-23T00:09:00.739304+00:00
[2022-08-23 00:09:01,667] {processor.py:161} INFO - Processing /home/airflow/.local/lib/python3.7/site-packages/airflow/example_dags/example_short_circuit_operator.py took 1.875 seconds
[2022-08-23 00:09:32,558] {processor.py:153} INFO - Started process (PID=96159) to work on /home/airflow/.local/lib/python3.7/site-packages/airflow/example_dags/example_short_circuit_operator.py
[2022-08-23 00:09:32,567] {processor.py:641} INFO - Processing file /home/airflow/.local/lib/python3.7/site-packages/airflow/example_dags/example_short_circuit_operator.py for tasks to queue
[2022-08-23 00:09:32,574] {logging_mixin.py:115} INFO - [2022-08-23 00:09:32,574] {dagbag.py:508} INFO - Filling up the DagBag from /home/airflow/.local/lib/python3.7/site-packages/airflow/example_dags/example_short_circuit_operator.py
[2022-08-23 00:09:32,604] {processor.py:651} INFO - DAG(s) dict_keys(['example_short_circuit_operator']) retrieved from /home/airflow/.local/lib/python3.7/site-packages/airflow/example_dags/example_short_circuit_operator.py
[2022-08-23 00:09:32,664] {logging_mixin.py:115} INFO - [2022-08-23 00:09:32,663] {dag.py:2420} INFO - Sync 1 DAGs
[2022-08-23 00:09:32,737] {logging_mixin.py:115} INFO - [2022-08-23 00:09:32,737] {dag.py:2972} INFO - Setting next_dagrun for example_short_circuit_operator to 2022-08-22T00:09:32.737368+00:00, run_after=2022-08-23T00:09:32.737368+00:00
[2022-08-23 00:09:33,136] {processor.py:161} INFO - Processing /home/airflow/.local/lib/python3.7/site-packages/airflow/example_dags/example_short_circuit_operator.py took 0.589 seconds
[2022-08-23 00:10:03,678] {processor.py:153} INFO - Started process (PID=96362) to work on /home/airflow/.local/lib/python3.7/site-packages/airflow/example_dags/example_short_circuit_operator.py
[2022-08-23 00:10:03,680] {processor.py:641} INFO - Processing file /home/airflow/.local/lib/python3.7/site-packages/airflow/example_dags/example_short_circuit_operator.py for tasks to queue
[2022-08-23 00:10:03,683] {logging_mixin.py:115} INFO - [2022-08-23 00:10:03,683] {dagbag.py:508} INFO - Filling up the DagBag from /home/airflow/.local/lib/python3.7/site-packages/airflow/example_dags/example_short_circuit_operator.py
[2022-08-23 00:10:03,704] {processor.py:651} INFO - DAG(s) dict_keys(['example_short_circuit_operator']) retrieved from /home/airflow/.local/lib/python3.7/site-packages/airflow/example_dags/example_short_circuit_operator.py
[2022-08-23 00:10:03,762] {logging_mixin.py:115} INFO - [2022-08-23 00:10:03,762] {dag.py:2420} INFO - Sync 1 DAGs
[2022-08-23 00:10:03,810] {logging_mixin.py:115} INFO - [2022-08-23 00:10:03,810] {dag.py:2972} INFO - Setting next_dagrun for example_short_circuit_operator to 2022-08-22T00:10:03.809053+00:00, run_after=2022-08-23T00:10:03.809053+00:00
[2022-08-23 00:10:04,176] {processor.py:161} INFO - Processing /home/airflow/.local/lib/python3.7/site-packages/airflow/example_dags/example_short_circuit_operator.py took 0.507 seconds
[2022-08-23 00:10:34,904] {processor.py:153} INFO - Started process (PID=96556) to work on /home/airflow/.local/lib/python3.7/site-packages/airflow/example_dags/example_short_circuit_operator.py
[2022-08-23 00:10:34,914] {processor.py:641} INFO - Processing file /home/airflow/.local/lib/python3.7/site-packages/airflow/example_dags/example_short_circuit_operator.py for tasks to queue
[2022-08-23 00:10:34,921] {logging_mixin.py:115} INFO - [2022-08-23 00:10:34,921] {dagbag.py:508} INFO - Filling up the DagBag from /home/airflow/.local/lib/python3.7/site-packages/airflow/example_dags/example_short_circuit_operator.py
[2022-08-23 00:10:34,983] {processor.py:651} INFO - DAG(s) dict_keys(['example_short_circuit_operator']) retrieved from /home/airflow/.local/lib/python3.7/site-packages/airflow/example_dags/example_short_circuit_operator.py
[2022-08-23 00:10:35,093] {logging_mixin.py:115} INFO - [2022-08-23 00:10:35,093] {dag.py:2420} INFO - Sync 1 DAGs
[2022-08-23 00:10:35,180] {logging_mixin.py:115} INFO - [2022-08-23 00:10:35,179] {dag.py:2972} INFO - Setting next_dagrun for example_short_circuit_operator to 2022-08-22T00:10:35.179417+00:00, run_after=2022-08-23T00:10:35.179417+00:00
[2022-08-23 00:10:35,468] {processor.py:161} INFO - Processing /home/airflow/.local/lib/python3.7/site-packages/airflow/example_dags/example_short_circuit_operator.py took 0.583 seconds
[2022-08-23 00:11:05,906] {processor.py:153} INFO - Started process (PID=96750) to work on /home/airflow/.local/lib/python3.7/site-packages/airflow/example_dags/example_short_circuit_operator.py
[2022-08-23 00:11:05,909] {processor.py:641} INFO - Processing file /home/airflow/.local/lib/python3.7/site-packages/airflow/example_dags/example_short_circuit_operator.py for tasks to queue
[2022-08-23 00:11:05,913] {logging_mixin.py:115} INFO - [2022-08-23 00:11:05,912] {dagbag.py:508} INFO - Filling up the DagBag from /home/airflow/.local/lib/python3.7/site-packages/airflow/example_dags/example_short_circuit_operator.py
[2022-08-23 00:11:05,938] {processor.py:651} INFO - DAG(s) dict_keys(['example_short_circuit_operator']) retrieved from /home/airflow/.local/lib/python3.7/site-packages/airflow/example_dags/example_short_circuit_operator.py
[2022-08-23 00:11:06,011] {logging_mixin.py:115} INFO - [2022-08-23 00:11:06,010] {dag.py:2420} INFO - Sync 1 DAGs
[2022-08-23 00:11:06,071] {logging_mixin.py:115} INFO - [2022-08-23 00:11:06,071] {dag.py:2972} INFO - Setting next_dagrun for example_short_circuit_operator to 2022-08-22T00:11:06.071131+00:00, run_after=2022-08-23T00:11:06.071131+00:00
[2022-08-23 00:11:06,322] {processor.py:161} INFO - Processing /home/airflow/.local/lib/python3.7/site-packages/airflow/example_dags/example_short_circuit_operator.py took 0.431 seconds
[2022-08-23 00:11:36,573] {processor.py:153} INFO - Started process (PID=96944) to work on /home/airflow/.local/lib/python3.7/site-packages/airflow/example_dags/example_short_circuit_operator.py
[2022-08-23 00:11:36,578] {processor.py:641} INFO - Processing file /home/airflow/.local/lib/python3.7/site-packages/airflow/example_dags/example_short_circuit_operator.py for tasks to queue
[2022-08-23 00:11:36,582] {logging_mixin.py:115} INFO - [2022-08-23 00:11:36,582] {dagbag.py:508} INFO - Filling up the DagBag from /home/airflow/.local/lib/python3.7/site-packages/airflow/example_dags/example_short_circuit_operator.py
[2022-08-23 00:11:36,608] {processor.py:651} INFO - DAG(s) dict_keys(['example_short_circuit_operator']) retrieved from /home/airflow/.local/lib/python3.7/site-packages/airflow/example_dags/example_short_circuit_operator.py
[2022-08-23 00:11:36,685] {logging_mixin.py:115} INFO - [2022-08-23 00:11:36,685] {dag.py:2420} INFO - Sync 1 DAGs
[2022-08-23 00:11:36,740] {logging_mixin.py:115} INFO - [2022-08-23 00:11:36,740] {dag.py:2972} INFO - Setting next_dagrun for example_short_circuit_operator to 2022-08-22T00:11:36.739710+00:00, run_after=2022-08-23T00:11:36.739710+00:00
[2022-08-23 00:11:37,017] {processor.py:161} INFO - Processing /home/airflow/.local/lib/python3.7/site-packages/airflow/example_dags/example_short_circuit_operator.py took 0.457 seconds
[2022-08-23 00:12:08,465] {processor.py:153} INFO - Started process (PID=97146) to work on /home/airflow/.local/lib/python3.7/site-packages/airflow/example_dags/example_short_circuit_operator.py
[2022-08-23 00:12:08,468] {processor.py:641} INFO - Processing file /home/airflow/.local/lib/python3.7/site-packages/airflow/example_dags/example_short_circuit_operator.py for tasks to queue
[2022-08-23 00:12:08,470] {logging_mixin.py:115} INFO - [2022-08-23 00:12:08,470] {dagbag.py:508} INFO - Filling up the DagBag from /home/airflow/.local/lib/python3.7/site-packages/airflow/example_dags/example_short_circuit_operator.py
[2022-08-23 00:12:08,515] {processor.py:651} INFO - DAG(s) dict_keys(['example_short_circuit_operator']) retrieved from /home/airflow/.local/lib/python3.7/site-packages/airflow/example_dags/example_short_circuit_operator.py
[2022-08-23 00:12:08,673] {logging_mixin.py:115} INFO - [2022-08-23 00:12:08,673] {dag.py:2420} INFO - Sync 1 DAGs
[2022-08-23 00:12:09,300] {logging_mixin.py:115} INFO - [2022-08-23 00:12:09,300] {dag.py:2972} INFO - Setting next_dagrun for example_short_circuit_operator to 2022-08-22T00:12:09.299310+00:00, run_after=2022-08-23T00:12:09.299310+00:00
[2022-08-23 00:12:09,360] {processor.py:161} INFO - Processing /home/airflow/.local/lib/python3.7/site-packages/airflow/example_dags/example_short_circuit_operator.py took 0.909 seconds
[2022-08-23 00:12:40,788] {processor.py:153} INFO - Started process (PID=97347) to work on /home/airflow/.local/lib/python3.7/site-packages/airflow/example_dags/example_short_circuit_operator.py
[2022-08-23 00:12:40,796] {processor.py:641} INFO - Processing file /home/airflow/.local/lib/python3.7/site-packages/airflow/example_dags/example_short_circuit_operator.py for tasks to queue
[2022-08-23 00:12:40,841] {logging_mixin.py:115} INFO - [2022-08-23 00:12:40,840] {dagbag.py:508} INFO - Filling up the DagBag from /home/airflow/.local/lib/python3.7/site-packages/airflow/example_dags/example_short_circuit_operator.py
[2022-08-23 00:12:40,993] {processor.py:651} INFO - DAG(s) dict_keys(['example_short_circuit_operator']) retrieved from /home/airflow/.local/lib/python3.7/site-packages/airflow/example_dags/example_short_circuit_operator.py
[2022-08-23 00:12:41,125] {logging_mixin.py:115} INFO - [2022-08-23 00:12:41,125] {dag.py:2420} INFO - Sync 1 DAGs
[2022-08-23 00:12:41,429] {logging_mixin.py:115} INFO - [2022-08-23 00:12:41,429] {dag.py:2972} INFO - Setting next_dagrun for example_short_circuit_operator to 2022-08-22T00:12:41.429022+00:00, run_after=2022-08-23T00:12:41.429022+00:00
[2022-08-23 00:12:41,503] {processor.py:161} INFO - Processing /home/airflow/.local/lib/python3.7/site-packages/airflow/example_dags/example_short_circuit_operator.py took 0.727 seconds
[2022-08-23 00:13:12,096] {processor.py:153} INFO - Started process (PID=97537) to work on /home/airflow/.local/lib/python3.7/site-packages/airflow/example_dags/example_short_circuit_operator.py
[2022-08-23 00:13:12,105] {processor.py:641} INFO - Processing file /home/airflow/.local/lib/python3.7/site-packages/airflow/example_dags/example_short_circuit_operator.py for tasks to queue
[2022-08-23 00:13:12,120] {logging_mixin.py:115} INFO - [2022-08-23 00:13:12,119] {dagbag.py:508} INFO - Filling up the DagBag from /home/airflow/.local/lib/python3.7/site-packages/airflow/example_dags/example_short_circuit_operator.py
[2022-08-23 00:13:12,145] {processor.py:651} INFO - DAG(s) dict_keys(['example_short_circuit_operator']) retrieved from /home/airflow/.local/lib/python3.7/site-packages/airflow/example_dags/example_short_circuit_operator.py
[2022-08-23 00:13:12,212] {logging_mixin.py:115} INFO - [2022-08-23 00:13:12,212] {dag.py:2420} INFO - Sync 1 DAGs
[2022-08-23 00:13:12,610] {logging_mixin.py:115} INFO - [2022-08-23 00:13:12,610] {dag.py:2972} INFO - Setting next_dagrun for example_short_circuit_operator to 2022-08-22T00:13:12.603646+00:00, run_after=2022-08-23T00:13:12.603646+00:00
[2022-08-23 00:13:12,659] {processor.py:161} INFO - Processing /home/airflow/.local/lib/python3.7/site-packages/airflow/example_dags/example_short_circuit_operator.py took 0.574 seconds
[2022-08-23 00:13:43,049] {processor.py:153} INFO - Started process (PID=97730) to work on /home/airflow/.local/lib/python3.7/site-packages/airflow/example_dags/example_short_circuit_operator.py
[2022-08-23 00:13:43,057] {processor.py:641} INFO - Processing file /home/airflow/.local/lib/python3.7/site-packages/airflow/example_dags/example_short_circuit_operator.py for tasks to queue
[2022-08-23 00:13:43,059] {logging_mixin.py:115} INFO - [2022-08-23 00:13:43,059] {dagbag.py:508} INFO - Filling up the DagBag from /home/airflow/.local/lib/python3.7/site-packages/airflow/example_dags/example_short_circuit_operator.py
[2022-08-23 00:13:43,085] {processor.py:651} INFO - DAG(s) dict_keys(['example_short_circuit_operator']) retrieved from /home/airflow/.local/lib/python3.7/site-packages/airflow/example_dags/example_short_circuit_operator.py
[2022-08-23 00:13:43,181] {logging_mixin.py:115} INFO - [2022-08-23 00:13:43,180] {dag.py:2420} INFO - Sync 1 DAGs
[2022-08-23 00:13:43,662] {logging_mixin.py:115} INFO - [2022-08-23 00:13:43,661] {dag.py:2972} INFO - Setting next_dagrun for example_short_circuit_operator to 2022-08-22T00:13:43.661431+00:00, run_after=2022-08-23T00:13:43.661431+00:00
[2022-08-23 00:13:43,751] {processor.py:161} INFO - Processing /home/airflow/.local/lib/python3.7/site-packages/airflow/example_dags/example_short_circuit_operator.py took 0.712 seconds
[2022-08-23 00:14:14,663] {processor.py:153} INFO - Started process (PID=97927) to work on /home/airflow/.local/lib/python3.7/site-packages/airflow/example_dags/example_short_circuit_operator.py
[2022-08-23 00:14:14,668] {processor.py:641} INFO - Processing file /home/airflow/.local/lib/python3.7/site-packages/airflow/example_dags/example_short_circuit_operator.py for tasks to queue
[2022-08-23 00:14:14,670] {logging_mixin.py:115} INFO - [2022-08-23 00:14:14,670] {dagbag.py:508} INFO - Filling up the DagBag from /home/airflow/.local/lib/python3.7/site-packages/airflow/example_dags/example_short_circuit_operator.py
[2022-08-23 00:14:14,710] {processor.py:651} INFO - DAG(s) dict_keys(['example_short_circuit_operator']) retrieved from /home/airflow/.local/lib/python3.7/site-packages/airflow/example_dags/example_short_circuit_operator.py
[2022-08-23 00:14:14,774] {logging_mixin.py:115} INFO - [2022-08-23 00:14:14,774] {dag.py:2420} INFO - Sync 1 DAGs
[2022-08-23 00:14:15,318] {logging_mixin.py:115} INFO - [2022-08-23 00:14:15,317] {dag.py:2972} INFO - Setting next_dagrun for example_short_circuit_operator to 2022-08-22T00:14:15.317237+00:00, run_after=2022-08-23T00:14:15.317237+00:00
[2022-08-23 00:14:15,347] {processor.py:161} INFO - Processing /home/airflow/.local/lib/python3.7/site-packages/airflow/example_dags/example_short_circuit_operator.py took 0.695 seconds
[2022-08-23 00:14:46,273] {processor.py:153} INFO - Started process (PID=98127) to work on /home/airflow/.local/lib/python3.7/site-packages/airflow/example_dags/example_short_circuit_operator.py
[2022-08-23 00:14:46,277] {processor.py:641} INFO - Processing file /home/airflow/.local/lib/python3.7/site-packages/airflow/example_dags/example_short_circuit_operator.py for tasks to queue
[2022-08-23 00:14:46,280] {logging_mixin.py:115} INFO - [2022-08-23 00:14:46,280] {dagbag.py:508} INFO - Filling up the DagBag from /home/airflow/.local/lib/python3.7/site-packages/airflow/example_dags/example_short_circuit_operator.py
[2022-08-23 00:14:46,312] {processor.py:651} INFO - DAG(s) dict_keys(['example_short_circuit_operator']) retrieved from /home/airflow/.local/lib/python3.7/site-packages/airflow/example_dags/example_short_circuit_operator.py
[2022-08-23 00:14:46,381] {logging_mixin.py:115} INFO - [2022-08-23 00:14:46,381] {dag.py:2420} INFO - Sync 1 DAGs
[2022-08-23 00:14:46,628] {logging_mixin.py:115} INFO - [2022-08-23 00:14:46,628] {dag.py:2972} INFO - Setting next_dagrun for example_short_circuit_operator to 2022-08-22T00:14:46.627662+00:00, run_after=2022-08-23T00:14:46.627662+00:00
[2022-08-23 00:14:46,680] {processor.py:161} INFO - Processing /home/airflow/.local/lib/python3.7/site-packages/airflow/example_dags/example_short_circuit_operator.py took 0.426 seconds
[2022-08-23 00:15:17,147] {processor.py:153} INFO - Started process (PID=98322) to work on /home/airflow/.local/lib/python3.7/site-packages/airflow/example_dags/example_short_circuit_operator.py
[2022-08-23 00:15:17,151] {processor.py:641} INFO - Processing file /home/airflow/.local/lib/python3.7/site-packages/airflow/example_dags/example_short_circuit_operator.py for tasks to queue
[2022-08-23 00:15:17,153] {logging_mixin.py:115} INFO - [2022-08-23 00:15:17,153] {dagbag.py:508} INFO - Filling up the DagBag from /home/airflow/.local/lib/python3.7/site-packages/airflow/example_dags/example_short_circuit_operator.py
[2022-08-23 00:15:17,191] {processor.py:651} INFO - DAG(s) dict_keys(['example_short_circuit_operator']) retrieved from /home/airflow/.local/lib/python3.7/site-packages/airflow/example_dags/example_short_circuit_operator.py
[2022-08-23 00:15:17,398] {logging_mixin.py:115} INFO - [2022-08-23 00:15:17,397] {dag.py:2420} INFO - Sync 1 DAGs
[2022-08-23 00:15:18,079] {logging_mixin.py:115} INFO - [2022-08-23 00:15:18,079] {dag.py:2972} INFO - Setting next_dagrun for example_short_circuit_operator to 2022-08-22T00:15:18.078929+00:00, run_after=2022-08-23T00:15:18.078929+00:00
[2022-08-23 00:15:18,144] {processor.py:161} INFO - Processing /home/airflow/.local/lib/python3.7/site-packages/airflow/example_dags/example_short_circuit_operator.py took 1.016 seconds
[2022-08-23 00:15:48,642] {processor.py:153} INFO - Started process (PID=98532) to work on /home/airflow/.local/lib/python3.7/site-packages/airflow/example_dags/example_short_circuit_operator.py
[2022-08-23 00:15:48,645] {processor.py:641} INFO - Processing file /home/airflow/.local/lib/python3.7/site-packages/airflow/example_dags/example_short_circuit_operator.py for tasks to queue
[2022-08-23 00:15:48,648] {logging_mixin.py:115} INFO - [2022-08-23 00:15:48,648] {dagbag.py:508} INFO - Filling up the DagBag from /home/airflow/.local/lib/python3.7/site-packages/airflow/example_dags/example_short_circuit_operator.py
[2022-08-23 00:15:48,670] {processor.py:651} INFO - DAG(s) dict_keys(['example_short_circuit_operator']) retrieved from /home/airflow/.local/lib/python3.7/site-packages/airflow/example_dags/example_short_circuit_operator.py
[2022-08-23 00:15:48,835] {logging_mixin.py:115} INFO - [2022-08-23 00:15:48,835] {dag.py:2420} INFO - Sync 1 DAGs
[2022-08-23 00:15:49,654] {logging_mixin.py:115} INFO - [2022-08-23 00:15:49,653] {dag.py:2972} INFO - Setting next_dagrun for example_short_circuit_operator to 2022-08-22T00:15:49.653352+00:00, run_after=2022-08-23T00:15:49.653352+00:00
[2022-08-23 00:15:49,713] {processor.py:161} INFO - Processing /home/airflow/.local/lib/python3.7/site-packages/airflow/example_dags/example_short_circuit_operator.py took 1.106 seconds
[2022-08-23 00:16:19,998] {processor.py:153} INFO - Started process (PID=98728) to work on /home/airflow/.local/lib/python3.7/site-packages/airflow/example_dags/example_short_circuit_operator.py
[2022-08-23 00:16:20,001] {processor.py:641} INFO - Processing file /home/airflow/.local/lib/python3.7/site-packages/airflow/example_dags/example_short_circuit_operator.py for tasks to queue
[2022-08-23 00:16:20,004] {logging_mixin.py:115} INFO - [2022-08-23 00:16:20,004] {dagbag.py:508} INFO - Filling up the DagBag from /home/airflow/.local/lib/python3.7/site-packages/airflow/example_dags/example_short_circuit_operator.py
[2022-08-23 00:16:20,038] {processor.py:651} INFO - DAG(s) dict_keys(['example_short_circuit_operator']) retrieved from /home/airflow/.local/lib/python3.7/site-packages/airflow/example_dags/example_short_circuit_operator.py
[2022-08-23 00:16:20,103] {logging_mixin.py:115} INFO - [2022-08-23 00:16:20,103] {dag.py:2420} INFO - Sync 1 DAGs
[2022-08-23 00:16:20,322] {logging_mixin.py:115} INFO - [2022-08-23 00:16:20,321] {dag.py:2972} INFO - Setting next_dagrun for example_short_circuit_operator to 2022-08-22T00:16:20.321554+00:00, run_after=2022-08-23T00:16:20.321554+00:00
[2022-08-23 00:16:20,347] {processor.py:161} INFO - Processing /home/airflow/.local/lib/python3.7/site-packages/airflow/example_dags/example_short_circuit_operator.py took 0.362 seconds
[2022-08-23 00:16:50,529] {processor.py:153} INFO - Started process (PID=98922) to work on /home/airflow/.local/lib/python3.7/site-packages/airflow/example_dags/example_short_circuit_operator.py
[2022-08-23 00:16:50,533] {processor.py:641} INFO - Processing file /home/airflow/.local/lib/python3.7/site-packages/airflow/example_dags/example_short_circuit_operator.py for tasks to queue
[2022-08-23 00:16:50,539] {logging_mixin.py:115} INFO - [2022-08-23 00:16:50,538] {dagbag.py:508} INFO - Filling up the DagBag from /home/airflow/.local/lib/python3.7/site-packages/airflow/example_dags/example_short_circuit_operator.py
[2022-08-23 00:16:50,578] {processor.py:651} INFO - DAG(s) dict_keys(['example_short_circuit_operator']) retrieved from /home/airflow/.local/lib/python3.7/site-packages/airflow/example_dags/example_short_circuit_operator.py
[2022-08-23 00:16:50,643] {logging_mixin.py:115} INFO - [2022-08-23 00:16:50,642] {dag.py:2420} INFO - Sync 1 DAGs
[2022-08-23 00:16:50,690] {logging_mixin.py:115} INFO - [2022-08-23 00:16:50,690] {dag.py:2972} INFO - Setting next_dagrun for example_short_circuit_operator to 2022-08-22T00:16:50.689849+00:00, run_after=2022-08-23T00:16:50.689849+00:00
[2022-08-23 00:16:50,708] {processor.py:161} INFO - Processing /home/airflow/.local/lib/python3.7/site-packages/airflow/example_dags/example_short_circuit_operator.py took 0.189 seconds
[2022-08-23 00:17:23,275] {processor.py:153} INFO - Started process (PID=99120) to work on /home/airflow/.local/lib/python3.7/site-packages/airflow/example_dags/example_short_circuit_operator.py
[2022-08-23 00:17:23,287] {processor.py:641} INFO - Processing file /home/airflow/.local/lib/python3.7/site-packages/airflow/example_dags/example_short_circuit_operator.py for tasks to queue
[2022-08-23 00:17:23,313] {logging_mixin.py:115} INFO - [2022-08-23 00:17:23,313] {dagbag.py:508} INFO - Filling up the DagBag from /home/airflow/.local/lib/python3.7/site-packages/airflow/example_dags/example_short_circuit_operator.py
[2022-08-23 00:17:23,503] {processor.py:651} INFO - DAG(s) dict_keys(['example_short_circuit_operator']) retrieved from /home/airflow/.local/lib/python3.7/site-packages/airflow/example_dags/example_short_circuit_operator.py
[2022-08-23 00:17:24,334] {logging_mixin.py:115} INFO - [2022-08-23 00:17:24,334] {dag.py:2420} INFO - Sync 1 DAGs
[2022-08-23 00:17:24,652] {logging_mixin.py:115} INFO - [2022-08-23 00:17:24,651] {dag.py:2972} INFO - Setting next_dagrun for example_short_circuit_operator to 2022-08-22T00:17:24.650989+00:00, run_after=2022-08-23T00:17:24.650989+00:00
[2022-08-23 00:17:24,786] {processor.py:161} INFO - Processing /home/airflow/.local/lib/python3.7/site-packages/airflow/example_dags/example_short_circuit_operator.py took 1.584 seconds
[2022-08-23 00:17:55,844] {processor.py:153} INFO - Started process (PID=99314) to work on /home/airflow/.local/lib/python3.7/site-packages/airflow/example_dags/example_short_circuit_operator.py
[2022-08-23 00:17:55,847] {processor.py:641} INFO - Processing file /home/airflow/.local/lib/python3.7/site-packages/airflow/example_dags/example_short_circuit_operator.py for tasks to queue
[2022-08-23 00:17:55,851] {logging_mixin.py:115} INFO - [2022-08-23 00:17:55,851] {dagbag.py:508} INFO - Filling up the DagBag from /home/airflow/.local/lib/python3.7/site-packages/airflow/example_dags/example_short_circuit_operator.py
[2022-08-23 00:17:55,890] {processor.py:651} INFO - DAG(s) dict_keys(['example_short_circuit_operator']) retrieved from /home/airflow/.local/lib/python3.7/site-packages/airflow/example_dags/example_short_circuit_operator.py
[2022-08-23 00:17:55,978] {logging_mixin.py:115} INFO - [2022-08-23 00:17:55,977] {dag.py:2420} INFO - Sync 1 DAGs
[2022-08-23 00:17:56,022] {logging_mixin.py:115} INFO - [2022-08-23 00:17:56,021] {dag.py:2972} INFO - Setting next_dagrun for example_short_circuit_operator to 2022-08-22T00:17:56.021606+00:00, run_after=2022-08-23T00:17:56.021606+00:00
[2022-08-23 00:17:56,044] {processor.py:161} INFO - Processing /home/airflow/.local/lib/python3.7/site-packages/airflow/example_dags/example_short_circuit_operator.py took 0.218 seconds
[2022-08-23 00:18:26,478] {processor.py:153} INFO - Started process (PID=99508) to work on /home/airflow/.local/lib/python3.7/site-packages/airflow/example_dags/example_short_circuit_operator.py
[2022-08-23 00:18:26,481] {processor.py:641} INFO - Processing file /home/airflow/.local/lib/python3.7/site-packages/airflow/example_dags/example_short_circuit_operator.py for tasks to queue
[2022-08-23 00:18:26,487] {logging_mixin.py:115} INFO - [2022-08-23 00:18:26,487] {dagbag.py:508} INFO - Filling up the DagBag from /home/airflow/.local/lib/python3.7/site-packages/airflow/example_dags/example_short_circuit_operator.py
[2022-08-23 00:18:26,506] {processor.py:651} INFO - DAG(s) dict_keys(['example_short_circuit_operator']) retrieved from /home/airflow/.local/lib/python3.7/site-packages/airflow/example_dags/example_short_circuit_operator.py
[2022-08-23 00:18:26,552] {logging_mixin.py:115} INFO - [2022-08-23 00:18:26,552] {dag.py:2420} INFO - Sync 1 DAGs
[2022-08-23 00:18:26,591] {logging_mixin.py:115} INFO - [2022-08-23 00:18:26,590] {dag.py:2972} INFO - Setting next_dagrun for example_short_circuit_operator to 2022-08-22T00:18:26.590569+00:00, run_after=2022-08-23T00:18:26.590569+00:00
[2022-08-23 00:18:26,620] {processor.py:161} INFO - Processing /home/airflow/.local/lib/python3.7/site-packages/airflow/example_dags/example_short_circuit_operator.py took 0.156 seconds
[2022-08-23 00:18:57,314] {processor.py:153} INFO - Started process (PID=99710) to work on /home/airflow/.local/lib/python3.7/site-packages/airflow/example_dags/example_short_circuit_operator.py
[2022-08-23 00:18:57,318] {processor.py:641} INFO - Processing file /home/airflow/.local/lib/python3.7/site-packages/airflow/example_dags/example_short_circuit_operator.py for tasks to queue
[2022-08-23 00:18:57,321] {logging_mixin.py:115} INFO - [2022-08-23 00:18:57,321] {dagbag.py:508} INFO - Filling up the DagBag from /home/airflow/.local/lib/python3.7/site-packages/airflow/example_dags/example_short_circuit_operator.py
[2022-08-23 00:18:57,358] {processor.py:651} INFO - DAG(s) dict_keys(['example_short_circuit_operator']) retrieved from /home/airflow/.local/lib/python3.7/site-packages/airflow/example_dags/example_short_circuit_operator.py
[2022-08-23 00:18:57,425] {logging_mixin.py:115} INFO - [2022-08-23 00:18:57,425] {dag.py:2420} INFO - Sync 1 DAGs
[2022-08-23 00:18:57,464] {logging_mixin.py:115} INFO - [2022-08-23 00:18:57,463] {dag.py:2972} INFO - Setting next_dagrun for example_short_circuit_operator to 2022-08-22T00:18:57.463553+00:00, run_after=2022-08-23T00:18:57.463553+00:00
[2022-08-23 00:18:57,482] {processor.py:161} INFO - Processing /home/airflow/.local/lib/python3.7/site-packages/airflow/example_dags/example_short_circuit_operator.py took 0.183 seconds
[2022-08-23 00:19:27,975] {processor.py:153} INFO - Started process (PID=99904) to work on /home/airflow/.local/lib/python3.7/site-packages/airflow/example_dags/example_short_circuit_operator.py
[2022-08-23 00:19:27,980] {processor.py:641} INFO - Processing file /home/airflow/.local/lib/python3.7/site-packages/airflow/example_dags/example_short_circuit_operator.py for tasks to queue
[2022-08-23 00:19:27,985] {logging_mixin.py:115} INFO - [2022-08-23 00:19:27,984] {dagbag.py:508} INFO - Filling up the DagBag from /home/airflow/.local/lib/python3.7/site-packages/airflow/example_dags/example_short_circuit_operator.py
[2022-08-23 00:19:28,026] {processor.py:651} INFO - DAG(s) dict_keys(['example_short_circuit_operator']) retrieved from /home/airflow/.local/lib/python3.7/site-packages/airflow/example_dags/example_short_circuit_operator.py
[2022-08-23 00:19:28,136] {logging_mixin.py:115} INFO - [2022-08-23 00:19:28,136] {dag.py:2420} INFO - Sync 1 DAGs
[2022-08-23 00:19:28,207] {logging_mixin.py:115} INFO - [2022-08-23 00:19:28,207] {dag.py:2972} INFO - Setting next_dagrun for example_short_circuit_operator to 2022-08-22T00:19:28.207252+00:00, run_after=2022-08-23T00:19:28.207252+00:00
[2022-08-23 00:19:28,247] {processor.py:161} INFO - Processing /home/airflow/.local/lib/python3.7/site-packages/airflow/example_dags/example_short_circuit_operator.py took 0.280 seconds
[2022-08-23 00:19:58,513] {processor.py:153} INFO - Started process (PID=409) to work on /home/airflow/.local/lib/python3.7/site-packages/airflow/example_dags/example_short_circuit_operator.py
[2022-08-23 00:19:58,517] {processor.py:641} INFO - Processing file /home/airflow/.local/lib/python3.7/site-packages/airflow/example_dags/example_short_circuit_operator.py for tasks to queue
[2022-08-23 00:19:58,521] {logging_mixin.py:115} INFO - [2022-08-23 00:19:58,521] {dagbag.py:508} INFO - Filling up the DagBag from /home/airflow/.local/lib/python3.7/site-packages/airflow/example_dags/example_short_circuit_operator.py
[2022-08-23 00:19:58,544] {processor.py:651} INFO - DAG(s) dict_keys(['example_short_circuit_operator']) retrieved from /home/airflow/.local/lib/python3.7/site-packages/airflow/example_dags/example_short_circuit_operator.py
[2022-08-23 00:19:58,600] {logging_mixin.py:115} INFO - [2022-08-23 00:19:58,600] {dag.py:2420} INFO - Sync 1 DAGs
[2022-08-23 00:19:58,641] {logging_mixin.py:115} INFO - [2022-08-23 00:19:58,641] {dag.py:2972} INFO - Setting next_dagrun for example_short_circuit_operator to 2022-08-22T00:19:58.641458+00:00, run_after=2022-08-23T00:19:58.641458+00:00
[2022-08-23 00:19:58,669] {processor.py:161} INFO - Processing /home/airflow/.local/lib/python3.7/site-packages/airflow/example_dags/example_short_circuit_operator.py took 0.165 seconds
[2022-08-23 00:20:29,406] {processor.py:153} INFO - Started process (PID=604) to work on /home/airflow/.local/lib/python3.7/site-packages/airflow/example_dags/example_short_circuit_operator.py
[2022-08-23 00:20:29,409] {processor.py:641} INFO - Processing file /home/airflow/.local/lib/python3.7/site-packages/airflow/example_dags/example_short_circuit_operator.py for tasks to queue
[2022-08-23 00:20:29,412] {logging_mixin.py:115} INFO - [2022-08-23 00:20:29,411] {dagbag.py:508} INFO - Filling up the DagBag from /home/airflow/.local/lib/python3.7/site-packages/airflow/example_dags/example_short_circuit_operator.py
[2022-08-23 00:20:29,431] {processor.py:651} INFO - DAG(s) dict_keys(['example_short_circuit_operator']) retrieved from /home/airflow/.local/lib/python3.7/site-packages/airflow/example_dags/example_short_circuit_operator.py
[2022-08-23 00:20:29,477] {logging_mixin.py:115} INFO - [2022-08-23 00:20:29,477] {dag.py:2420} INFO - Sync 1 DAGs
[2022-08-23 00:20:29,516] {logging_mixin.py:115} INFO - [2022-08-23 00:20:29,516] {dag.py:2972} INFO - Setting next_dagrun for example_short_circuit_operator to 2022-08-22T00:20:29.516452+00:00, run_after=2022-08-23T00:20:29.516452+00:00
[2022-08-23 00:20:29,533] {processor.py:161} INFO - Processing /home/airflow/.local/lib/python3.7/site-packages/airflow/example_dags/example_short_circuit_operator.py took 0.136 seconds
[2022-08-23 00:20:59,674] {processor.py:153} INFO - Started process (PID=807) to work on /home/airflow/.local/lib/python3.7/site-packages/airflow/example_dags/example_short_circuit_operator.py
[2022-08-23 00:20:59,676] {processor.py:641} INFO - Processing file /home/airflow/.local/lib/python3.7/site-packages/airflow/example_dags/example_short_circuit_operator.py for tasks to queue
[2022-08-23 00:20:59,678] {logging_mixin.py:115} INFO - [2022-08-23 00:20:59,678] {dagbag.py:508} INFO - Filling up the DagBag from /home/airflow/.local/lib/python3.7/site-packages/airflow/example_dags/example_short_circuit_operator.py
[2022-08-23 00:20:59,700] {processor.py:651} INFO - DAG(s) dict_keys(['example_short_circuit_operator']) retrieved from /home/airflow/.local/lib/python3.7/site-packages/airflow/example_dags/example_short_circuit_operator.py
[2022-08-23 00:20:59,753] {logging_mixin.py:115} INFO - [2022-08-23 00:20:59,753] {dag.py:2420} INFO - Sync 1 DAGs
[2022-08-23 00:20:59,807] {logging_mixin.py:115} INFO - [2022-08-23 00:20:59,807] {dag.py:2972} INFO - Setting next_dagrun for example_short_circuit_operator to 2022-08-22T00:20:59.806305+00:00, run_after=2022-08-23T00:20:59.806305+00:00
[2022-08-23 00:20:59,831] {processor.py:161} INFO - Processing /home/airflow/.local/lib/python3.7/site-packages/airflow/example_dags/example_short_circuit_operator.py took 0.170 seconds
