[2022-08-23 00:00:05,249] {processor.py:153} INFO - Started process (PID=92665) to work on /home/airflow/.local/lib/python3.7/site-packages/airflow/example_dags/example_dag_decorator.py
[2022-08-23 00:00:05,253] {processor.py:641} INFO - Processing file /home/airflow/.local/lib/python3.7/site-packages/airflow/example_dags/example_dag_decorator.py for tasks to queue
[2022-08-23 00:00:05,258] {logging_mixin.py:115} INFO - [2022-08-23 00:00:05,258] {dagbag.py:508} INFO - Filling up the DagBag from /home/airflow/.local/lib/python3.7/site-packages/airflow/example_dags/example_dag_decorator.py
[2022-08-23 00:00:05,579] {processor.py:651} INFO - DAG(s) dict_keys(['example_dag_decorator']) retrieved from /home/airflow/.local/lib/python3.7/site-packages/airflow/example_dags/example_dag_decorator.py
[2022-08-23 00:00:06,610] {logging_mixin.py:115} INFO - [2022-08-23 00:00:06,610] {dag.py:2420} INFO - Sync 1 DAGs
[2022-08-23 00:00:06,649] {logging_mixin.py:115} INFO - [2022-08-23 00:00:06,649] {dag.py:2972} INFO - Setting next_dagrun for example_dag_decorator to None, run_after=None
[2022-08-23 00:00:06,674] {processor.py:161} INFO - Processing /home/airflow/.local/lib/python3.7/site-packages/airflow/example_dags/example_dag_decorator.py took 1.477 seconds
[2022-08-23 00:00:38,461] {processor.py:153} INFO - Started process (PID=92862) to work on /home/airflow/.local/lib/python3.7/site-packages/airflow/example_dags/example_dag_decorator.py
[2022-08-23 00:00:38,470] {processor.py:641} INFO - Processing file /home/airflow/.local/lib/python3.7/site-packages/airflow/example_dags/example_dag_decorator.py for tasks to queue
[2022-08-23 00:00:38,482] {logging_mixin.py:115} INFO - [2022-08-23 00:00:38,482] {dagbag.py:508} INFO - Filling up the DagBag from /home/airflow/.local/lib/python3.7/site-packages/airflow/example_dags/example_dag_decorator.py
[2022-08-23 00:00:38,599] {processor.py:651} INFO - DAG(s) dict_keys(['example_dag_decorator']) retrieved from /home/airflow/.local/lib/python3.7/site-packages/airflow/example_dags/example_dag_decorator.py
[2022-08-23 00:00:39,862] {logging_mixin.py:115} INFO - [2022-08-23 00:00:39,862] {dag.py:2420} INFO - Sync 1 DAGs
[2022-08-23 00:00:40,342] {logging_mixin.py:115} INFO - [2022-08-23 00:00:40,342] {dag.py:2972} INFO - Setting next_dagrun for example_dag_decorator to None, run_after=None
[2022-08-23 00:00:40,422] {processor.py:161} INFO - Processing /home/airflow/.local/lib/python3.7/site-packages/airflow/example_dags/example_dag_decorator.py took 1.968 seconds
[2022-08-23 00:01:10,634] {processor.py:153} INFO - Started process (PID=93054) to work on /home/airflow/.local/lib/python3.7/site-packages/airflow/example_dags/example_dag_decorator.py
[2022-08-23 00:01:10,638] {processor.py:641} INFO - Processing file /home/airflow/.local/lib/python3.7/site-packages/airflow/example_dags/example_dag_decorator.py for tasks to queue
[2022-08-23 00:01:10,641] {logging_mixin.py:115} INFO - [2022-08-23 00:01:10,641] {dagbag.py:508} INFO - Filling up the DagBag from /home/airflow/.local/lib/python3.7/site-packages/airflow/example_dags/example_dag_decorator.py
[2022-08-23 00:01:10,735] {processor.py:651} INFO - DAG(s) dict_keys(['example_dag_decorator']) retrieved from /home/airflow/.local/lib/python3.7/site-packages/airflow/example_dags/example_dag_decorator.py
[2022-08-23 00:01:11,238] {logging_mixin.py:115} INFO - [2022-08-23 00:01:11,238] {dag.py:2420} INFO - Sync 1 DAGs
[2022-08-23 00:01:11,357] {logging_mixin.py:115} INFO - [2022-08-23 00:01:11,357] {dag.py:2972} INFO - Setting next_dagrun for example_dag_decorator to None, run_after=None
[2022-08-23 00:01:11,417] {processor.py:161} INFO - Processing /home/airflow/.local/lib/python3.7/site-packages/airflow/example_dags/example_dag_decorator.py took 0.797 seconds
[2022-08-23 00:01:42,442] {processor.py:153} INFO - Started process (PID=93249) to work on /home/airflow/.local/lib/python3.7/site-packages/airflow/example_dags/example_dag_decorator.py
[2022-08-23 00:01:42,449] {processor.py:641} INFO - Processing file /home/airflow/.local/lib/python3.7/site-packages/airflow/example_dags/example_dag_decorator.py for tasks to queue
[2022-08-23 00:01:42,452] {logging_mixin.py:115} INFO - [2022-08-23 00:01:42,452] {dagbag.py:508} INFO - Filling up the DagBag from /home/airflow/.local/lib/python3.7/site-packages/airflow/example_dags/example_dag_decorator.py
[2022-08-23 00:01:42,535] {processor.py:651} INFO - DAG(s) dict_keys(['example_dag_decorator']) retrieved from /home/airflow/.local/lib/python3.7/site-packages/airflow/example_dags/example_dag_decorator.py
[2022-08-23 00:01:43,123] {logging_mixin.py:115} INFO - [2022-08-23 00:01:43,122] {dag.py:2420} INFO - Sync 1 DAGs
[2022-08-23 00:01:43,172] {logging_mixin.py:115} INFO - [2022-08-23 00:01:43,172] {dag.py:2972} INFO - Setting next_dagrun for example_dag_decorator to None, run_after=None
[2022-08-23 00:01:43,209] {processor.py:161} INFO - Processing /home/airflow/.local/lib/python3.7/site-packages/airflow/example_dags/example_dag_decorator.py took 0.778 seconds
[2022-08-23 00:02:13,427] {processor.py:153} INFO - Started process (PID=93442) to work on /home/airflow/.local/lib/python3.7/site-packages/airflow/example_dags/example_dag_decorator.py
[2022-08-23 00:02:13,430] {processor.py:641} INFO - Processing file /home/airflow/.local/lib/python3.7/site-packages/airflow/example_dags/example_dag_decorator.py for tasks to queue
[2022-08-23 00:02:13,432] {logging_mixin.py:115} INFO - [2022-08-23 00:02:13,432] {dagbag.py:508} INFO - Filling up the DagBag from /home/airflow/.local/lib/python3.7/site-packages/airflow/example_dags/example_dag_decorator.py
[2022-08-23 00:02:13,490] {processor.py:651} INFO - DAG(s) dict_keys(['example_dag_decorator']) retrieved from /home/airflow/.local/lib/python3.7/site-packages/airflow/example_dags/example_dag_decorator.py
[2022-08-23 00:02:14,007] {logging_mixin.py:115} INFO - [2022-08-23 00:02:14,007] {dag.py:2420} INFO - Sync 1 DAGs
[2022-08-23 00:02:14,083] {logging_mixin.py:115} INFO - [2022-08-23 00:02:14,083] {dag.py:2972} INFO - Setting next_dagrun for example_dag_decorator to None, run_after=None
[2022-08-23 00:02:14,123] {processor.py:161} INFO - Processing /home/airflow/.local/lib/python3.7/site-packages/airflow/example_dags/example_dag_decorator.py took 0.703 seconds
[2022-08-23 00:02:44,380] {processor.py:153} INFO - Started process (PID=93647) to work on /home/airflow/.local/lib/python3.7/site-packages/airflow/example_dags/example_dag_decorator.py
[2022-08-23 00:02:44,384] {processor.py:641} INFO - Processing file /home/airflow/.local/lib/python3.7/site-packages/airflow/example_dags/example_dag_decorator.py for tasks to queue
[2022-08-23 00:02:44,386] {logging_mixin.py:115} INFO - [2022-08-23 00:02:44,386] {dagbag.py:508} INFO - Filling up the DagBag from /home/airflow/.local/lib/python3.7/site-packages/airflow/example_dags/example_dag_decorator.py
[2022-08-23 00:02:44,427] {processor.py:651} INFO - DAG(s) dict_keys(['example_dag_decorator']) retrieved from /home/airflow/.local/lib/python3.7/site-packages/airflow/example_dags/example_dag_decorator.py
[2022-08-23 00:02:44,473] {logging_mixin.py:115} INFO - [2022-08-23 00:02:44,473] {dag.py:2420} INFO - Sync 1 DAGs
[2022-08-23 00:02:44,820] {logging_mixin.py:115} INFO - [2022-08-23 00:02:44,820] {dag.py:2972} INFO - Setting next_dagrun for example_dag_decorator to None, run_after=None
[2022-08-23 00:02:44,852] {processor.py:161} INFO - Processing /home/airflow/.local/lib/python3.7/site-packages/airflow/example_dags/example_dag_decorator.py took 0.478 seconds
[2022-08-23 00:03:15,283] {processor.py:153} INFO - Started process (PID=93843) to work on /home/airflow/.local/lib/python3.7/site-packages/airflow/example_dags/example_dag_decorator.py
[2022-08-23 00:03:15,288] {processor.py:641} INFO - Processing file /home/airflow/.local/lib/python3.7/site-packages/airflow/example_dags/example_dag_decorator.py for tasks to queue
[2022-08-23 00:03:15,293] {logging_mixin.py:115} INFO - [2022-08-23 00:03:15,293] {dagbag.py:508} INFO - Filling up the DagBag from /home/airflow/.local/lib/python3.7/site-packages/airflow/example_dags/example_dag_decorator.py
[2022-08-23 00:03:15,358] {processor.py:651} INFO - DAG(s) dict_keys(['example_dag_decorator']) retrieved from /home/airflow/.local/lib/python3.7/site-packages/airflow/example_dags/example_dag_decorator.py
[2022-08-23 00:03:16,100] {logging_mixin.py:115} INFO - [2022-08-23 00:03:16,100] {dag.py:2420} INFO - Sync 1 DAGs
[2022-08-23 00:03:16,141] {logging_mixin.py:115} INFO - [2022-08-23 00:03:16,141] {dag.py:2972} INFO - Setting next_dagrun for example_dag_decorator to None, run_after=None
[2022-08-23 00:03:16,171] {processor.py:161} INFO - Processing /home/airflow/.local/lib/python3.7/site-packages/airflow/example_dags/example_dag_decorator.py took 0.898 seconds
[2022-08-23 00:03:47,800] {processor.py:153} INFO - Started process (PID=94038) to work on /home/airflow/.local/lib/python3.7/site-packages/airflow/example_dags/example_dag_decorator.py
[2022-08-23 00:03:47,804] {processor.py:641} INFO - Processing file /home/airflow/.local/lib/python3.7/site-packages/airflow/example_dags/example_dag_decorator.py for tasks to queue
[2022-08-23 00:03:47,806] {logging_mixin.py:115} INFO - [2022-08-23 00:03:47,806] {dagbag.py:508} INFO - Filling up the DagBag from /home/airflow/.local/lib/python3.7/site-packages/airflow/example_dags/example_dag_decorator.py
[2022-08-23 00:03:47,885] {processor.py:651} INFO - DAG(s) dict_keys(['example_dag_decorator']) retrieved from /home/airflow/.local/lib/python3.7/site-packages/airflow/example_dags/example_dag_decorator.py
[2022-08-23 00:03:48,489] {logging_mixin.py:115} INFO - [2022-08-23 00:03:48,488] {dag.py:2420} INFO - Sync 1 DAGs
[2022-08-23 00:03:48,547] {logging_mixin.py:115} INFO - [2022-08-23 00:03:48,547] {dag.py:2972} INFO - Setting next_dagrun for example_dag_decorator to None, run_after=None
[2022-08-23 00:03:48,688] {processor.py:161} INFO - Processing /home/airflow/.local/lib/python3.7/site-packages/airflow/example_dags/example_dag_decorator.py took 0.898 seconds
[2022-08-23 00:04:20,332] {processor.py:153} INFO - Started process (PID=94229) to work on /home/airflow/.local/lib/python3.7/site-packages/airflow/example_dags/example_dag_decorator.py
[2022-08-23 00:04:20,340] {processor.py:641} INFO - Processing file /home/airflow/.local/lib/python3.7/site-packages/airflow/example_dags/example_dag_decorator.py for tasks to queue
[2022-08-23 00:04:20,352] {logging_mixin.py:115} INFO - [2022-08-23 00:04:20,351] {dagbag.py:508} INFO - Filling up the DagBag from /home/airflow/.local/lib/python3.7/site-packages/airflow/example_dags/example_dag_decorator.py
[2022-08-23 00:04:20,553] {processor.py:651} INFO - DAG(s) dict_keys(['example_dag_decorator']) retrieved from /home/airflow/.local/lib/python3.7/site-packages/airflow/example_dags/example_dag_decorator.py
[2022-08-23 00:04:21,886] {logging_mixin.py:115} INFO - [2022-08-23 00:04:21,885] {dag.py:2420} INFO - Sync 1 DAGs
[2022-08-23 00:04:22,205] {logging_mixin.py:115} INFO - [2022-08-23 00:04:22,205] {dag.py:2972} INFO - Setting next_dagrun for example_dag_decorator to None, run_after=None
[2022-08-23 00:04:22,273] {processor.py:161} INFO - Processing /home/airflow/.local/lib/python3.7/site-packages/airflow/example_dags/example_dag_decorator.py took 2.014 seconds
[2022-08-23 00:04:53,108] {processor.py:153} INFO - Started process (PID=94435) to work on /home/airflow/.local/lib/python3.7/site-packages/airflow/example_dags/example_dag_decorator.py
[2022-08-23 00:04:53,120] {processor.py:641} INFO - Processing file /home/airflow/.local/lib/python3.7/site-packages/airflow/example_dags/example_dag_decorator.py for tasks to queue
[2022-08-23 00:04:53,123] {logging_mixin.py:115} INFO - [2022-08-23 00:04:53,122] {dagbag.py:508} INFO - Filling up the DagBag from /home/airflow/.local/lib/python3.7/site-packages/airflow/example_dags/example_dag_decorator.py
[2022-08-23 00:04:53,240] {processor.py:651} INFO - DAG(s) dict_keys(['example_dag_decorator']) retrieved from /home/airflow/.local/lib/python3.7/site-packages/airflow/example_dags/example_dag_decorator.py
[2022-08-23 00:04:54,019] {logging_mixin.py:115} INFO - [2022-08-23 00:04:54,019] {dag.py:2420} INFO - Sync 1 DAGs
[2022-08-23 00:04:54,086] {logging_mixin.py:115} INFO - [2022-08-23 00:04:54,086] {dag.py:2972} INFO - Setting next_dagrun for example_dag_decorator to None, run_after=None
[2022-08-23 00:04:54,124] {processor.py:161} INFO - Processing /home/airflow/.local/lib/python3.7/site-packages/airflow/example_dags/example_dag_decorator.py took 1.026 seconds
[2022-08-23 00:05:24,442] {processor.py:153} INFO - Started process (PID=94630) to work on /home/airflow/.local/lib/python3.7/site-packages/airflow/example_dags/example_dag_decorator.py
[2022-08-23 00:05:24,448] {processor.py:641} INFO - Processing file /home/airflow/.local/lib/python3.7/site-packages/airflow/example_dags/example_dag_decorator.py for tasks to queue
[2022-08-23 00:05:24,451] {logging_mixin.py:115} INFO - [2022-08-23 00:05:24,450] {dagbag.py:508} INFO - Filling up the DagBag from /home/airflow/.local/lib/python3.7/site-packages/airflow/example_dags/example_dag_decorator.py
[2022-08-23 00:05:24,640] {processor.py:651} INFO - DAG(s) dict_keys(['example_dag_decorator']) retrieved from /home/airflow/.local/lib/python3.7/site-packages/airflow/example_dags/example_dag_decorator.py
[2022-08-23 00:05:24,796] {logging_mixin.py:115} INFO - [2022-08-23 00:05:24,796] {dag.py:2420} INFO - Sync 1 DAGs
[2022-08-23 00:05:25,298] {logging_mixin.py:115} INFO - [2022-08-23 00:05:25,298] {dag.py:2972} INFO - Setting next_dagrun for example_dag_decorator to None, run_after=None
[2022-08-23 00:05:25,354] {processor.py:161} INFO - Processing /home/airflow/.local/lib/python3.7/site-packages/airflow/example_dags/example_dag_decorator.py took 0.922 seconds
[2022-08-23 00:05:56,035] {processor.py:153} INFO - Started process (PID=94824) to work on /home/airflow/.local/lib/python3.7/site-packages/airflow/example_dags/example_dag_decorator.py
[2022-08-23 00:05:56,055] {processor.py:641} INFO - Processing file /home/airflow/.local/lib/python3.7/site-packages/airflow/example_dags/example_dag_decorator.py for tasks to queue
[2022-08-23 00:05:56,078] {logging_mixin.py:115} INFO - [2022-08-23 00:05:56,076] {dagbag.py:508} INFO - Filling up the DagBag from /home/airflow/.local/lib/python3.7/site-packages/airflow/example_dags/example_dag_decorator.py
[2022-08-23 00:05:56,296] {processor.py:651} INFO - DAG(s) dict_keys(['example_dag_decorator']) retrieved from /home/airflow/.local/lib/python3.7/site-packages/airflow/example_dags/example_dag_decorator.py
[2022-08-23 00:05:56,430] {logging_mixin.py:115} INFO - [2022-08-23 00:05:56,430] {dag.py:2420} INFO - Sync 1 DAGs
[2022-08-23 00:05:57,258] {logging_mixin.py:115} INFO - [2022-08-23 00:05:57,252] {dag.py:2972} INFO - Setting next_dagrun for example_dag_decorator to None, run_after=None
[2022-08-23 00:05:57,382] {processor.py:161} INFO - Processing /home/airflow/.local/lib/python3.7/site-packages/airflow/example_dags/example_dag_decorator.py took 1.357 seconds
[2022-08-23 00:06:27,669] {processor.py:153} INFO - Started process (PID=95018) to work on /home/airflow/.local/lib/python3.7/site-packages/airflow/example_dags/example_dag_decorator.py
[2022-08-23 00:06:27,672] {processor.py:641} INFO - Processing file /home/airflow/.local/lib/python3.7/site-packages/airflow/example_dags/example_dag_decorator.py for tasks to queue
[2022-08-23 00:06:27,675] {logging_mixin.py:115} INFO - [2022-08-23 00:06:27,675] {dagbag.py:508} INFO - Filling up the DagBag from /home/airflow/.local/lib/python3.7/site-packages/airflow/example_dags/example_dag_decorator.py
[2022-08-23 00:06:27,736] {processor.py:651} INFO - DAG(s) dict_keys(['example_dag_decorator']) retrieved from /home/airflow/.local/lib/python3.7/site-packages/airflow/example_dags/example_dag_decorator.py
[2022-08-23 00:06:27,815] {logging_mixin.py:115} INFO - [2022-08-23 00:06:27,815] {dag.py:2420} INFO - Sync 1 DAGs
[2022-08-23 00:06:28,065] {logging_mixin.py:115} INFO - [2022-08-23 00:06:28,065] {dag.py:2972} INFO - Setting next_dagrun for example_dag_decorator to None, run_after=None
[2022-08-23 00:06:28,124] {processor.py:161} INFO - Processing /home/airflow/.local/lib/python3.7/site-packages/airflow/example_dags/example_dag_decorator.py took 0.461 seconds
[2022-08-23 00:06:58,756] {processor.py:153} INFO - Started process (PID=95221) to work on /home/airflow/.local/lib/python3.7/site-packages/airflow/example_dags/example_dag_decorator.py
[2022-08-23 00:06:58,760] {processor.py:641} INFO - Processing file /home/airflow/.local/lib/python3.7/site-packages/airflow/example_dags/example_dag_decorator.py for tasks to queue
[2022-08-23 00:06:58,763] {logging_mixin.py:115} INFO - [2022-08-23 00:06:58,763] {dagbag.py:508} INFO - Filling up the DagBag from /home/airflow/.local/lib/python3.7/site-packages/airflow/example_dags/example_dag_decorator.py
[2022-08-23 00:06:58,877] {processor.py:651} INFO - DAG(s) dict_keys(['example_dag_decorator']) retrieved from /home/airflow/.local/lib/python3.7/site-packages/airflow/example_dags/example_dag_decorator.py
[2022-08-23 00:06:59,291] {logging_mixin.py:115} INFO - [2022-08-23 00:06:59,291] {dag.py:2420} INFO - Sync 1 DAGs
[2022-08-23 00:06:59,352] {logging_mixin.py:115} INFO - [2022-08-23 00:06:59,352] {dag.py:2972} INFO - Setting next_dagrun for example_dag_decorator to None, run_after=None
[2022-08-23 00:06:59,374] {processor.py:161} INFO - Processing /home/airflow/.local/lib/python3.7/site-packages/airflow/example_dags/example_dag_decorator.py took 0.626 seconds
[2022-08-23 00:07:29,960] {processor.py:153} INFO - Started process (PID=95415) to work on /home/airflow/.local/lib/python3.7/site-packages/airflow/example_dags/example_dag_decorator.py
[2022-08-23 00:07:30,003] {processor.py:641} INFO - Processing file /home/airflow/.local/lib/python3.7/site-packages/airflow/example_dags/example_dag_decorator.py for tasks to queue
[2022-08-23 00:07:30,017] {logging_mixin.py:115} INFO - [2022-08-23 00:07:30,017] {dagbag.py:508} INFO - Filling up the DagBag from /home/airflow/.local/lib/python3.7/site-packages/airflow/example_dags/example_dag_decorator.py
[2022-08-23 00:07:30,523] {processor.py:651} INFO - DAG(s) dict_keys(['example_dag_decorator']) retrieved from /home/airflow/.local/lib/python3.7/site-packages/airflow/example_dags/example_dag_decorator.py
[2022-08-23 00:07:32,401] {logging_mixin.py:115} INFO - [2022-08-23 00:07:32,401] {dag.py:2420} INFO - Sync 1 DAGs
[2022-08-23 00:07:32,485] {logging_mixin.py:115} INFO - [2022-08-23 00:07:32,485] {dag.py:2972} INFO - Setting next_dagrun for example_dag_decorator to None, run_after=None
[2022-08-23 00:07:32,536] {processor.py:161} INFO - Processing /home/airflow/.local/lib/python3.7/site-packages/airflow/example_dags/example_dag_decorator.py took 2.591 seconds
[2022-08-23 00:08:03,513] {processor.py:153} INFO - Started process (PID=95618) to work on /home/airflow/.local/lib/python3.7/site-packages/airflow/example_dags/example_dag_decorator.py
[2022-08-23 00:08:03,517] {processor.py:641} INFO - Processing file /home/airflow/.local/lib/python3.7/site-packages/airflow/example_dags/example_dag_decorator.py for tasks to queue
[2022-08-23 00:08:03,521] {logging_mixin.py:115} INFO - [2022-08-23 00:08:03,520] {dagbag.py:508} INFO - Filling up the DagBag from /home/airflow/.local/lib/python3.7/site-packages/airflow/example_dags/example_dag_decorator.py
[2022-08-23 00:08:03,652] {processor.py:651} INFO - DAG(s) dict_keys(['example_dag_decorator']) retrieved from /home/airflow/.local/lib/python3.7/site-packages/airflow/example_dags/example_dag_decorator.py
[2022-08-23 00:08:04,253] {logging_mixin.py:115} INFO - [2022-08-23 00:08:04,253] {dag.py:2420} INFO - Sync 1 DAGs
[2022-08-23 00:08:04,336] {logging_mixin.py:115} INFO - [2022-08-23 00:08:04,336] {dag.py:2972} INFO - Setting next_dagrun for example_dag_decorator to None, run_after=None
[2022-08-23 00:08:04,404] {processor.py:161} INFO - Processing /home/airflow/.local/lib/python3.7/site-packages/airflow/example_dags/example_dag_decorator.py took 0.901 seconds
[2022-08-23 00:08:34,592] {processor.py:153} INFO - Started process (PID=95811) to work on /home/airflow/.local/lib/python3.7/site-packages/airflow/example_dags/example_dag_decorator.py
[2022-08-23 00:08:34,595] {processor.py:641} INFO - Processing file /home/airflow/.local/lib/python3.7/site-packages/airflow/example_dags/example_dag_decorator.py for tasks to queue
[2022-08-23 00:08:34,601] {logging_mixin.py:115} INFO - [2022-08-23 00:08:34,600] {dagbag.py:508} INFO - Filling up the DagBag from /home/airflow/.local/lib/python3.7/site-packages/airflow/example_dags/example_dag_decorator.py
[2022-08-23 00:08:34,657] {processor.py:651} INFO - DAG(s) dict_keys(['example_dag_decorator']) retrieved from /home/airflow/.local/lib/python3.7/site-packages/airflow/example_dags/example_dag_decorator.py
[2022-08-23 00:08:35,005] {logging_mixin.py:115} INFO - [2022-08-23 00:08:35,005] {dag.py:2420} INFO - Sync 1 DAGs
[2022-08-23 00:08:35,075] {logging_mixin.py:115} INFO - [2022-08-23 00:08:35,075] {dag.py:2972} INFO - Setting next_dagrun for example_dag_decorator to None, run_after=None
[2022-08-23 00:08:35,113] {processor.py:161} INFO - Processing /home/airflow/.local/lib/python3.7/site-packages/airflow/example_dags/example_dag_decorator.py took 0.542 seconds
[2022-08-23 00:09:06,005] {processor.py:153} INFO - Started process (PID=96007) to work on /home/airflow/.local/lib/python3.7/site-packages/airflow/example_dags/example_dag_decorator.py
[2022-08-23 00:09:06,022] {processor.py:641} INFO - Processing file /home/airflow/.local/lib/python3.7/site-packages/airflow/example_dags/example_dag_decorator.py for tasks to queue
[2022-08-23 00:09:06,031] {logging_mixin.py:115} INFO - [2022-08-23 00:09:06,031] {dagbag.py:508} INFO - Filling up the DagBag from /home/airflow/.local/lib/python3.7/site-packages/airflow/example_dags/example_dag_decorator.py
[2022-08-23 00:09:06,374] {processor.py:651} INFO - DAG(s) dict_keys(['example_dag_decorator']) retrieved from /home/airflow/.local/lib/python3.7/site-packages/airflow/example_dags/example_dag_decorator.py
[2022-08-23 00:09:07,977] {logging_mixin.py:115} INFO - [2022-08-23 00:09:07,976] {dag.py:2420} INFO - Sync 1 DAGs
[2022-08-23 00:09:08,064] {logging_mixin.py:115} INFO - [2022-08-23 00:09:08,064] {dag.py:2972} INFO - Setting next_dagrun for example_dag_decorator to None, run_after=None
[2022-08-23 00:09:08,132] {processor.py:161} INFO - Processing /home/airflow/.local/lib/python3.7/site-packages/airflow/example_dags/example_dag_decorator.py took 2.221 seconds
[2022-08-23 00:09:38,428] {processor.py:153} INFO - Started process (PID=96198) to work on /home/airflow/.local/lib/python3.7/site-packages/airflow/example_dags/example_dag_decorator.py
[2022-08-23 00:09:38,434] {processor.py:641} INFO - Processing file /home/airflow/.local/lib/python3.7/site-packages/airflow/example_dags/example_dag_decorator.py for tasks to queue
[2022-08-23 00:09:38,436] {logging_mixin.py:115} INFO - [2022-08-23 00:09:38,436] {dagbag.py:508} INFO - Filling up the DagBag from /home/airflow/.local/lib/python3.7/site-packages/airflow/example_dags/example_dag_decorator.py
[2022-08-23 00:09:38,531] {processor.py:651} INFO - DAG(s) dict_keys(['example_dag_decorator']) retrieved from /home/airflow/.local/lib/python3.7/site-packages/airflow/example_dags/example_dag_decorator.py
[2022-08-23 00:09:39,148] {logging_mixin.py:115} INFO - [2022-08-23 00:09:39,148] {dag.py:2420} INFO - Sync 1 DAGs
[2022-08-23 00:09:39,212] {logging_mixin.py:115} INFO - [2022-08-23 00:09:39,212] {dag.py:2972} INFO - Setting next_dagrun for example_dag_decorator to None, run_after=None
[2022-08-23 00:09:39,260] {processor.py:161} INFO - Processing /home/airflow/.local/lib/python3.7/site-packages/airflow/example_dags/example_dag_decorator.py took 0.839 seconds
[2022-08-23 00:10:09,932] {processor.py:153} INFO - Started process (PID=96392) to work on /home/airflow/.local/lib/python3.7/site-packages/airflow/example_dags/example_dag_decorator.py
[2022-08-23 00:10:09,937] {processor.py:641} INFO - Processing file /home/airflow/.local/lib/python3.7/site-packages/airflow/example_dags/example_dag_decorator.py for tasks to queue
[2022-08-23 00:10:09,940] {logging_mixin.py:115} INFO - [2022-08-23 00:10:09,940] {dagbag.py:508} INFO - Filling up the DagBag from /home/airflow/.local/lib/python3.7/site-packages/airflow/example_dags/example_dag_decorator.py
[2022-08-23 00:10:10,039] {processor.py:651} INFO - DAG(s) dict_keys(['example_dag_decorator']) retrieved from /home/airflow/.local/lib/python3.7/site-packages/airflow/example_dags/example_dag_decorator.py
[2022-08-23 00:10:10,720] {logging_mixin.py:115} INFO - [2022-08-23 00:10:10,720] {dag.py:2420} INFO - Sync 1 DAGs
[2022-08-23 00:10:10,798] {logging_mixin.py:115} INFO - [2022-08-23 00:10:10,798] {dag.py:2972} INFO - Setting next_dagrun for example_dag_decorator to None, run_after=None
[2022-08-23 00:10:10,831] {processor.py:161} INFO - Processing /home/airflow/.local/lib/python3.7/site-packages/airflow/example_dags/example_dag_decorator.py took 0.910 seconds
[2022-08-23 00:10:41,314] {processor.py:153} INFO - Started process (PID=96591) to work on /home/airflow/.local/lib/python3.7/site-packages/airflow/example_dags/example_dag_decorator.py
[2022-08-23 00:10:41,317] {processor.py:641} INFO - Processing file /home/airflow/.local/lib/python3.7/site-packages/airflow/example_dags/example_dag_decorator.py for tasks to queue
[2022-08-23 00:10:41,319] {logging_mixin.py:115} INFO - [2022-08-23 00:10:41,319] {dagbag.py:508} INFO - Filling up the DagBag from /home/airflow/.local/lib/python3.7/site-packages/airflow/example_dags/example_dag_decorator.py
[2022-08-23 00:10:41,371] {processor.py:651} INFO - DAG(s) dict_keys(['example_dag_decorator']) retrieved from /home/airflow/.local/lib/python3.7/site-packages/airflow/example_dags/example_dag_decorator.py
[2022-08-23 00:10:41,792] {logging_mixin.py:115} INFO - [2022-08-23 00:10:41,792] {dag.py:2420} INFO - Sync 1 DAGs
[2022-08-23 00:10:41,824] {logging_mixin.py:115} INFO - [2022-08-23 00:10:41,824] {dag.py:2972} INFO - Setting next_dagrun for example_dag_decorator to None, run_after=None
[2022-08-23 00:10:41,888] {processor.py:161} INFO - Processing /home/airflow/.local/lib/python3.7/site-packages/airflow/example_dags/example_dag_decorator.py took 0.580 seconds
[2022-08-23 00:11:12,090] {processor.py:153} INFO - Started process (PID=96794) to work on /home/airflow/.local/lib/python3.7/site-packages/airflow/example_dags/example_dag_decorator.py
[2022-08-23 00:11:12,093] {processor.py:641} INFO - Processing file /home/airflow/.local/lib/python3.7/site-packages/airflow/example_dags/example_dag_decorator.py for tasks to queue
[2022-08-23 00:11:12,096] {logging_mixin.py:115} INFO - [2022-08-23 00:11:12,095] {dagbag.py:508} INFO - Filling up the DagBag from /home/airflow/.local/lib/python3.7/site-packages/airflow/example_dags/example_dag_decorator.py
[2022-08-23 00:11:12,158] {processor.py:651} INFO - DAG(s) dict_keys(['example_dag_decorator']) retrieved from /home/airflow/.local/lib/python3.7/site-packages/airflow/example_dags/example_dag_decorator.py
[2022-08-23 00:11:12,720] {logging_mixin.py:115} INFO - [2022-08-23 00:11:12,720] {dag.py:2420} INFO - Sync 1 DAGs
[2022-08-23 00:11:12,758] {logging_mixin.py:115} INFO - [2022-08-23 00:11:12,758] {dag.py:2972} INFO - Setting next_dagrun for example_dag_decorator to None, run_after=None
[2022-08-23 00:11:12,784] {processor.py:161} INFO - Processing /home/airflow/.local/lib/python3.7/site-packages/airflow/example_dags/example_dag_decorator.py took 0.703 seconds
[2022-08-23 00:11:42,912] {processor.py:153} INFO - Started process (PID=96989) to work on /home/airflow/.local/lib/python3.7/site-packages/airflow/example_dags/example_dag_decorator.py
[2022-08-23 00:11:42,915] {processor.py:641} INFO - Processing file /home/airflow/.local/lib/python3.7/site-packages/airflow/example_dags/example_dag_decorator.py for tasks to queue
[2022-08-23 00:11:42,917] {logging_mixin.py:115} INFO - [2022-08-23 00:11:42,917] {dagbag.py:508} INFO - Filling up the DagBag from /home/airflow/.local/lib/python3.7/site-packages/airflow/example_dags/example_dag_decorator.py
[2022-08-23 00:11:42,974] {processor.py:651} INFO - DAG(s) dict_keys(['example_dag_decorator']) retrieved from /home/airflow/.local/lib/python3.7/site-packages/airflow/example_dags/example_dag_decorator.py
[2022-08-23 00:11:43,326] {logging_mixin.py:115} INFO - [2022-08-23 00:11:43,326] {dag.py:2420} INFO - Sync 1 DAGs
[2022-08-23 00:11:43,364] {logging_mixin.py:115} INFO - [2022-08-23 00:11:43,364] {dag.py:2972} INFO - Setting next_dagrun for example_dag_decorator to None, run_after=None
[2022-08-23 00:11:43,389] {processor.py:161} INFO - Processing /home/airflow/.local/lib/python3.7/site-packages/airflow/example_dags/example_dag_decorator.py took 0.488 seconds
[2022-08-23 00:12:13,954] {processor.py:153} INFO - Started process (PID=97181) to work on /home/airflow/.local/lib/python3.7/site-packages/airflow/example_dags/example_dag_decorator.py
[2022-08-23 00:12:13,979] {processor.py:641} INFO - Processing file /home/airflow/.local/lib/python3.7/site-packages/airflow/example_dags/example_dag_decorator.py for tasks to queue
[2022-08-23 00:12:14,002] {logging_mixin.py:115} INFO - [2022-08-23 00:12:14,001] {dagbag.py:508} INFO - Filling up the DagBag from /home/airflow/.local/lib/python3.7/site-packages/airflow/example_dags/example_dag_decorator.py
[2022-08-23 00:12:14,224] {processor.py:651} INFO - DAG(s) dict_keys(['example_dag_decorator']) retrieved from /home/airflow/.local/lib/python3.7/site-packages/airflow/example_dags/example_dag_decorator.py
[2022-08-23 00:12:15,286] {logging_mixin.py:115} INFO - [2022-08-23 00:12:15,286] {dag.py:2420} INFO - Sync 1 DAGs
[2022-08-23 00:12:15,434] {logging_mixin.py:115} INFO - [2022-08-23 00:12:15,434] {dag.py:2972} INFO - Setting next_dagrun for example_dag_decorator to None, run_after=None
[2022-08-23 00:12:15,494] {processor.py:161} INFO - Processing /home/airflow/.local/lib/python3.7/site-packages/airflow/example_dags/example_dag_decorator.py took 1.599 seconds
[2022-08-23 00:12:46,193] {processor.py:153} INFO - Started process (PID=97377) to work on /home/airflow/.local/lib/python3.7/site-packages/airflow/example_dags/example_dag_decorator.py
[2022-08-23 00:12:46,196] {processor.py:641} INFO - Processing file /home/airflow/.local/lib/python3.7/site-packages/airflow/example_dags/example_dag_decorator.py for tasks to queue
[2022-08-23 00:12:46,227] {logging_mixin.py:115} INFO - [2022-08-23 00:12:46,199] {dagbag.py:508} INFO - Filling up the DagBag from /home/airflow/.local/lib/python3.7/site-packages/airflow/example_dags/example_dag_decorator.py
[2022-08-23 00:12:46,330] {processor.py:651} INFO - DAG(s) dict_keys(['example_dag_decorator']) retrieved from /home/airflow/.local/lib/python3.7/site-packages/airflow/example_dags/example_dag_decorator.py
[2022-08-23 00:12:47,664] {logging_mixin.py:115} INFO - [2022-08-23 00:12:47,664] {dag.py:2420} INFO - Sync 1 DAGs
[2022-08-23 00:12:47,733] {logging_mixin.py:115} INFO - [2022-08-23 00:12:47,733] {dag.py:2972} INFO - Setting next_dagrun for example_dag_decorator to None, run_after=None
[2022-08-23 00:12:47,826] {processor.py:161} INFO - Processing /home/airflow/.local/lib/python3.7/site-packages/airflow/example_dags/example_dag_decorator.py took 1.701 seconds
[2022-08-23 00:13:18,077] {processor.py:153} INFO - Started process (PID=97572) to work on /home/airflow/.local/lib/python3.7/site-packages/airflow/example_dags/example_dag_decorator.py
[2022-08-23 00:13:18,082] {processor.py:641} INFO - Processing file /home/airflow/.local/lib/python3.7/site-packages/airflow/example_dags/example_dag_decorator.py for tasks to queue
[2022-08-23 00:13:18,098] {logging_mixin.py:115} INFO - [2022-08-23 00:13:18,098] {dagbag.py:508} INFO - Filling up the DagBag from /home/airflow/.local/lib/python3.7/site-packages/airflow/example_dags/example_dag_decorator.py
[2022-08-23 00:13:18,260] {processor.py:651} INFO - DAG(s) dict_keys(['example_dag_decorator']) retrieved from /home/airflow/.local/lib/python3.7/site-packages/airflow/example_dags/example_dag_decorator.py
[2022-08-23 00:13:18,870] {logging_mixin.py:115} INFO - [2022-08-23 00:13:18,870] {dag.py:2420} INFO - Sync 1 DAGs
[2022-08-23 00:13:18,903] {logging_mixin.py:115} INFO - [2022-08-23 00:13:18,902] {dag.py:2972} INFO - Setting next_dagrun for example_dag_decorator to None, run_after=None
[2022-08-23 00:13:18,929] {processor.py:161} INFO - Processing /home/airflow/.local/lib/python3.7/site-packages/airflow/example_dags/example_dag_decorator.py took 0.866 seconds
[2022-08-23 00:13:49,844] {processor.py:153} INFO - Started process (PID=97774) to work on /home/airflow/.local/lib/python3.7/site-packages/airflow/example_dags/example_dag_decorator.py
[2022-08-23 00:13:49,866] {processor.py:641} INFO - Processing file /home/airflow/.local/lib/python3.7/site-packages/airflow/example_dags/example_dag_decorator.py for tasks to queue
[2022-08-23 00:13:49,874] {logging_mixin.py:115} INFO - [2022-08-23 00:13:49,874] {dagbag.py:508} INFO - Filling up the DagBag from /home/airflow/.local/lib/python3.7/site-packages/airflow/example_dags/example_dag_decorator.py
[2022-08-23 00:13:50,214] {processor.py:651} INFO - DAG(s) dict_keys(['example_dag_decorator']) retrieved from /home/airflow/.local/lib/python3.7/site-packages/airflow/example_dags/example_dag_decorator.py
[2022-08-23 00:13:51,031] {logging_mixin.py:115} INFO - [2022-08-23 00:13:51,030] {dag.py:2420} INFO - Sync 1 DAGs
[2022-08-23 00:13:51,105] {logging_mixin.py:115} INFO - [2022-08-23 00:13:51,105] {dag.py:2972} INFO - Setting next_dagrun for example_dag_decorator to None, run_after=None
[2022-08-23 00:13:51,144] {processor.py:161} INFO - Processing /home/airflow/.local/lib/python3.7/site-packages/airflow/example_dags/example_dag_decorator.py took 1.336 seconds
[2022-08-23 00:14:21,982] {processor.py:153} INFO - Started process (PID=97969) to work on /home/airflow/.local/lib/python3.7/site-packages/airflow/example_dags/example_dag_decorator.py
[2022-08-23 00:14:21,985] {processor.py:641} INFO - Processing file /home/airflow/.local/lib/python3.7/site-packages/airflow/example_dags/example_dag_decorator.py for tasks to queue
[2022-08-23 00:14:22,048] {logging_mixin.py:115} INFO - [2022-08-23 00:14:22,046] {dagbag.py:508} INFO - Filling up the DagBag from /home/airflow/.local/lib/python3.7/site-packages/airflow/example_dags/example_dag_decorator.py
[2022-08-23 00:14:22,494] {processor.py:651} INFO - DAG(s) dict_keys(['example_dag_decorator']) retrieved from /home/airflow/.local/lib/python3.7/site-packages/airflow/example_dags/example_dag_decorator.py
[2022-08-23 00:14:23,183] {logging_mixin.py:115} INFO - [2022-08-23 00:14:23,183] {dag.py:2420} INFO - Sync 1 DAGs
[2022-08-23 00:14:23,280] {logging_mixin.py:115} INFO - [2022-08-23 00:14:23,280] {dag.py:2972} INFO - Setting next_dagrun for example_dag_decorator to None, run_after=None
[2022-08-23 00:14:23,342] {processor.py:161} INFO - Processing /home/airflow/.local/lib/python3.7/site-packages/airflow/example_dags/example_dag_decorator.py took 1.410 seconds
[2022-08-23 00:14:53,839] {processor.py:153} INFO - Started process (PID=98166) to work on /home/airflow/.local/lib/python3.7/site-packages/airflow/example_dags/example_dag_decorator.py
[2022-08-23 00:14:53,843] {processor.py:641} INFO - Processing file /home/airflow/.local/lib/python3.7/site-packages/airflow/example_dags/example_dag_decorator.py for tasks to queue
[2022-08-23 00:14:53,846] {logging_mixin.py:115} INFO - [2022-08-23 00:14:53,846] {dagbag.py:508} INFO - Filling up the DagBag from /home/airflow/.local/lib/python3.7/site-packages/airflow/example_dags/example_dag_decorator.py
[2022-08-23 00:14:53,895] {processor.py:651} INFO - DAG(s) dict_keys(['example_dag_decorator']) retrieved from /home/airflow/.local/lib/python3.7/site-packages/airflow/example_dags/example_dag_decorator.py
[2022-08-23 00:14:54,223] {logging_mixin.py:115} INFO - [2022-08-23 00:14:54,223] {dag.py:2420} INFO - Sync 1 DAGs
[2022-08-23 00:14:54,255] {logging_mixin.py:115} INFO - [2022-08-23 00:14:54,255] {dag.py:2972} INFO - Setting next_dagrun for example_dag_decorator to None, run_after=None
[2022-08-23 00:14:54,283] {processor.py:161} INFO - Processing /home/airflow/.local/lib/python3.7/site-packages/airflow/example_dags/example_dag_decorator.py took 0.454 seconds
[2022-08-23 00:15:24,512] {processor.py:153} INFO - Started process (PID=98355) to work on /home/airflow/.local/lib/python3.7/site-packages/airflow/example_dags/example_dag_decorator.py
[2022-08-23 00:15:24,518] {processor.py:641} INFO - Processing file /home/airflow/.local/lib/python3.7/site-packages/airflow/example_dags/example_dag_decorator.py for tasks to queue
[2022-08-23 00:15:24,522] {logging_mixin.py:115} INFO - [2022-08-23 00:15:24,522] {dagbag.py:508} INFO - Filling up the DagBag from /home/airflow/.local/lib/python3.7/site-packages/airflow/example_dags/example_dag_decorator.py
[2022-08-23 00:15:24,583] {processor.py:651} INFO - DAG(s) dict_keys(['example_dag_decorator']) retrieved from /home/airflow/.local/lib/python3.7/site-packages/airflow/example_dags/example_dag_decorator.py
[2022-08-23 00:15:24,631] {logging_mixin.py:115} INFO - [2022-08-23 00:15:24,631] {dag.py:2420} INFO - Sync 1 DAGs
[2022-08-23 00:15:25,004] {logging_mixin.py:115} INFO - [2022-08-23 00:15:25,003] {dag.py:2972} INFO - Setting next_dagrun for example_dag_decorator to None, run_after=None
[2022-08-23 00:15:25,037] {processor.py:161} INFO - Processing /home/airflow/.local/lib/python3.7/site-packages/airflow/example_dags/example_dag_decorator.py took 0.542 seconds
[2022-08-23 00:15:56,085] {processor.py:153} INFO - Started process (PID=98549) to work on /home/airflow/.local/lib/python3.7/site-packages/airflow/example_dags/example_dag_decorator.py
[2022-08-23 00:15:56,094] {processor.py:641} INFO - Processing file /home/airflow/.local/lib/python3.7/site-packages/airflow/example_dags/example_dag_decorator.py for tasks to queue
[2022-08-23 00:15:56,096] {logging_mixin.py:115} INFO - [2022-08-23 00:15:56,096] {dagbag.py:508} INFO - Filling up the DagBag from /home/airflow/.local/lib/python3.7/site-packages/airflow/example_dags/example_dag_decorator.py
[2022-08-23 00:15:56,178] {processor.py:651} INFO - DAG(s) dict_keys(['example_dag_decorator']) retrieved from /home/airflow/.local/lib/python3.7/site-packages/airflow/example_dags/example_dag_decorator.py
[2022-08-23 00:15:56,243] {logging_mixin.py:115} INFO - [2022-08-23 00:15:56,243] {dag.py:2420} INFO - Sync 1 DAGs
[2022-08-23 00:15:56,672] {logging_mixin.py:115} INFO - [2022-08-23 00:15:56,672] {dag.py:2972} INFO - Setting next_dagrun for example_dag_decorator to None, run_after=None
[2022-08-23 00:15:56,712] {processor.py:161} INFO - Processing /home/airflow/.local/lib/python3.7/site-packages/airflow/example_dags/example_dag_decorator.py took 0.633 seconds
[2022-08-23 00:16:26,817] {processor.py:153} INFO - Started process (PID=98752) to work on /home/airflow/.local/lib/python3.7/site-packages/airflow/example_dags/example_dag_decorator.py
[2022-08-23 00:16:26,832] {processor.py:641} INFO - Processing file /home/airflow/.local/lib/python3.7/site-packages/airflow/example_dags/example_dag_decorator.py for tasks to queue
[2022-08-23 00:16:26,845] {logging_mixin.py:115} INFO - [2022-08-23 00:16:26,844] {dagbag.py:508} INFO - Filling up the DagBag from /home/airflow/.local/lib/python3.7/site-packages/airflow/example_dags/example_dag_decorator.py
[2022-08-23 00:16:26,993] {processor.py:651} INFO - DAG(s) dict_keys(['example_dag_decorator']) retrieved from /home/airflow/.local/lib/python3.7/site-packages/airflow/example_dags/example_dag_decorator.py
[2022-08-23 00:16:27,097] {logging_mixin.py:115} INFO - [2022-08-23 00:16:27,097] {dag.py:2420} INFO - Sync 1 DAGs
[2022-08-23 00:16:27,897] {logging_mixin.py:115} INFO - [2022-08-23 00:16:27,897] {dag.py:2972} INFO - Setting next_dagrun for example_dag_decorator to None, run_after=None
[2022-08-23 00:16:27,945] {processor.py:161} INFO - Processing /home/airflow/.local/lib/python3.7/site-packages/airflow/example_dags/example_dag_decorator.py took 1.142 seconds
[2022-08-23 00:16:58,826] {processor.py:153} INFO - Started process (PID=98954) to work on /home/airflow/.local/lib/python3.7/site-packages/airflow/example_dags/example_dag_decorator.py
[2022-08-23 00:16:58,830] {processor.py:641} INFO - Processing file /home/airflow/.local/lib/python3.7/site-packages/airflow/example_dags/example_dag_decorator.py for tasks to queue
[2022-08-23 00:16:58,833] {logging_mixin.py:115} INFO - [2022-08-23 00:16:58,833] {dagbag.py:508} INFO - Filling up the DagBag from /home/airflow/.local/lib/python3.7/site-packages/airflow/example_dags/example_dag_decorator.py
[2022-08-23 00:16:58,937] {processor.py:651} INFO - DAG(s) dict_keys(['example_dag_decorator']) retrieved from /home/airflow/.local/lib/python3.7/site-packages/airflow/example_dags/example_dag_decorator.py
[2022-08-23 00:16:59,138] {logging_mixin.py:115} INFO - [2022-08-23 00:16:59,137] {dag.py:2420} INFO - Sync 1 DAGs
[2022-08-23 00:16:59,193] {logging_mixin.py:115} INFO - [2022-08-23 00:16:59,193] {dag.py:2972} INFO - Setting next_dagrun for example_dag_decorator to None, run_after=None
[2022-08-23 00:16:59,227] {processor.py:161} INFO - Processing /home/airflow/.local/lib/python3.7/site-packages/airflow/example_dags/example_dag_decorator.py took 0.410 seconds
[2022-08-23 00:17:29,578] {processor.py:153} INFO - Started process (PID=99148) to work on /home/airflow/.local/lib/python3.7/site-packages/airflow/example_dags/example_dag_decorator.py
[2022-08-23 00:17:29,588] {processor.py:641} INFO - Processing file /home/airflow/.local/lib/python3.7/site-packages/airflow/example_dags/example_dag_decorator.py for tasks to queue
[2022-08-23 00:17:29,612] {logging_mixin.py:115} INFO - [2022-08-23 00:17:29,611] {dagbag.py:508} INFO - Filling up the DagBag from /home/airflow/.local/lib/python3.7/site-packages/airflow/example_dags/example_dag_decorator.py
[2022-08-23 00:17:29,683] {processor.py:651} INFO - DAG(s) dict_keys(['example_dag_decorator']) retrieved from /home/airflow/.local/lib/python3.7/site-packages/airflow/example_dags/example_dag_decorator.py
[2022-08-23 00:17:29,832] {logging_mixin.py:115} INFO - [2022-08-23 00:17:29,829] {dag.py:2420} INFO - Sync 1 DAGs
[2022-08-23 00:17:29,892] {logging_mixin.py:115} INFO - [2022-08-23 00:17:29,892] {dag.py:2972} INFO - Setting next_dagrun for example_dag_decorator to None, run_after=None
[2022-08-23 00:17:29,972] {processor.py:161} INFO - Processing /home/airflow/.local/lib/python3.7/site-packages/airflow/example_dags/example_dag_decorator.py took 0.402 seconds
[2022-08-23 00:18:00,620] {processor.py:153} INFO - Started process (PID=99342) to work on /home/airflow/.local/lib/python3.7/site-packages/airflow/example_dags/example_dag_decorator.py
[2022-08-23 00:18:00,623] {processor.py:641} INFO - Processing file /home/airflow/.local/lib/python3.7/site-packages/airflow/example_dags/example_dag_decorator.py for tasks to queue
[2022-08-23 00:18:00,628] {logging_mixin.py:115} INFO - [2022-08-23 00:18:00,627] {dagbag.py:508} INFO - Filling up the DagBag from /home/airflow/.local/lib/python3.7/site-packages/airflow/example_dags/example_dag_decorator.py
[2022-08-23 00:18:00,739] {processor.py:651} INFO - DAG(s) dict_keys(['example_dag_decorator']) retrieved from /home/airflow/.local/lib/python3.7/site-packages/airflow/example_dags/example_dag_decorator.py
[2022-08-23 00:18:00,985] {logging_mixin.py:115} INFO - [2022-08-23 00:18:00,985] {dag.py:2420} INFO - Sync 1 DAGs
[2022-08-23 00:18:01,103] {logging_mixin.py:115} INFO - [2022-08-23 00:18:01,102] {dag.py:2972} INFO - Setting next_dagrun for example_dag_decorator to None, run_after=None
[2022-08-23 00:18:01,181] {processor.py:161} INFO - Processing /home/airflow/.local/lib/python3.7/site-packages/airflow/example_dags/example_dag_decorator.py took 0.573 seconds
[2022-08-23 00:18:31,434] {processor.py:153} INFO - Started process (PID=99544) to work on /home/airflow/.local/lib/python3.7/site-packages/airflow/example_dags/example_dag_decorator.py
[2022-08-23 00:18:31,438] {processor.py:641} INFO - Processing file /home/airflow/.local/lib/python3.7/site-packages/airflow/example_dags/example_dag_decorator.py for tasks to queue
[2022-08-23 00:18:31,444] {logging_mixin.py:115} INFO - [2022-08-23 00:18:31,444] {dagbag.py:508} INFO - Filling up the DagBag from /home/airflow/.local/lib/python3.7/site-packages/airflow/example_dags/example_dag_decorator.py
[2022-08-23 00:18:31,545] {processor.py:651} INFO - DAG(s) dict_keys(['example_dag_decorator']) retrieved from /home/airflow/.local/lib/python3.7/site-packages/airflow/example_dags/example_dag_decorator.py
[2022-08-23 00:18:31,719] {logging_mixin.py:115} INFO - [2022-08-23 00:18:31,718] {dag.py:2420} INFO - Sync 1 DAGs
[2022-08-23 00:18:31,775] {logging_mixin.py:115} INFO - [2022-08-23 00:18:31,775] {dag.py:2972} INFO - Setting next_dagrun for example_dag_decorator to None, run_after=None
[2022-08-23 00:18:31,800] {processor.py:161} INFO - Processing /home/airflow/.local/lib/python3.7/site-packages/airflow/example_dags/example_dag_decorator.py took 0.377 seconds
[2022-08-23 00:19:02,085] {processor.py:153} INFO - Started process (PID=99737) to work on /home/airflow/.local/lib/python3.7/site-packages/airflow/example_dags/example_dag_decorator.py
[2022-08-23 00:19:02,090] {processor.py:641} INFO - Processing file /home/airflow/.local/lib/python3.7/site-packages/airflow/example_dags/example_dag_decorator.py for tasks to queue
[2022-08-23 00:19:02,096] {logging_mixin.py:115} INFO - [2022-08-23 00:19:02,095] {dagbag.py:508} INFO - Filling up the DagBag from /home/airflow/.local/lib/python3.7/site-packages/airflow/example_dags/example_dag_decorator.py
[2022-08-23 00:19:02,179] {processor.py:651} INFO - DAG(s) dict_keys(['example_dag_decorator']) retrieved from /home/airflow/.local/lib/python3.7/site-packages/airflow/example_dags/example_dag_decorator.py
[2022-08-23 00:19:02,515] {logging_mixin.py:115} INFO - [2022-08-23 00:19:02,515] {dag.py:2420} INFO - Sync 1 DAGs
[2022-08-23 00:19:02,551] {logging_mixin.py:115} INFO - [2022-08-23 00:19:02,551] {dag.py:2972} INFO - Setting next_dagrun for example_dag_decorator to None, run_after=None
[2022-08-23 00:19:02,594] {processor.py:161} INFO - Processing /home/airflow/.local/lib/python3.7/site-packages/airflow/example_dags/example_dag_decorator.py took 0.519 seconds
[2022-08-23 00:19:33,117] {processor.py:153} INFO - Started process (PID=99942) to work on /home/airflow/.local/lib/python3.7/site-packages/airflow/example_dags/example_dag_decorator.py
[2022-08-23 00:19:33,119] {processor.py:641} INFO - Processing file /home/airflow/.local/lib/python3.7/site-packages/airflow/example_dags/example_dag_decorator.py for tasks to queue
[2022-08-23 00:19:33,124] {logging_mixin.py:115} INFO - [2022-08-23 00:19:33,122] {dagbag.py:508} INFO - Filling up the DagBag from /home/airflow/.local/lib/python3.7/site-packages/airflow/example_dags/example_dag_decorator.py
[2022-08-23 00:19:33,185] {processor.py:651} INFO - DAG(s) dict_keys(['example_dag_decorator']) retrieved from /home/airflow/.local/lib/python3.7/site-packages/airflow/example_dags/example_dag_decorator.py
[2022-08-23 00:19:33,347] {logging_mixin.py:115} INFO - [2022-08-23 00:19:33,347] {dag.py:2420} INFO - Sync 1 DAGs
[2022-08-23 00:19:33,404] {logging_mixin.py:115} INFO - [2022-08-23 00:19:33,404] {dag.py:2972} INFO - Setting next_dagrun for example_dag_decorator to None, run_after=None
[2022-08-23 00:19:33,436] {processor.py:161} INFO - Processing /home/airflow/.local/lib/python3.7/site-packages/airflow/example_dags/example_dag_decorator.py took 0.330 seconds
[2022-08-23 00:20:03,723] {processor.py:153} INFO - Started process (PID=439) to work on /home/airflow/.local/lib/python3.7/site-packages/airflow/example_dags/example_dag_decorator.py
[2022-08-23 00:20:03,726] {processor.py:641} INFO - Processing file /home/airflow/.local/lib/python3.7/site-packages/airflow/example_dags/example_dag_decorator.py for tasks to queue
[2022-08-23 00:20:03,730] {logging_mixin.py:115} INFO - [2022-08-23 00:20:03,729] {dagbag.py:508} INFO - Filling up the DagBag from /home/airflow/.local/lib/python3.7/site-packages/airflow/example_dags/example_dag_decorator.py
[2022-08-23 00:20:03,797] {processor.py:651} INFO - DAG(s) dict_keys(['example_dag_decorator']) retrieved from /home/airflow/.local/lib/python3.7/site-packages/airflow/example_dags/example_dag_decorator.py
[2022-08-23 00:20:03,963] {logging_mixin.py:115} INFO - [2022-08-23 00:20:03,963] {dag.py:2420} INFO - Sync 1 DAGs
[2022-08-23 00:20:03,995] {logging_mixin.py:115} INFO - [2022-08-23 00:20:03,995] {dag.py:2972} INFO - Setting next_dagrun for example_dag_decorator to None, run_after=None
[2022-08-23 00:20:04,027] {processor.py:161} INFO - Processing /home/airflow/.local/lib/python3.7/site-packages/airflow/example_dags/example_dag_decorator.py took 0.316 seconds
[2022-08-23 00:20:34,293] {processor.py:153} INFO - Started process (PID=639) to work on /home/airflow/.local/lib/python3.7/site-packages/airflow/example_dags/example_dag_decorator.py
[2022-08-23 00:20:34,298] {processor.py:641} INFO - Processing file /home/airflow/.local/lib/python3.7/site-packages/airflow/example_dags/example_dag_decorator.py for tasks to queue
[2022-08-23 00:20:34,302] {logging_mixin.py:115} INFO - [2022-08-23 00:20:34,302] {dagbag.py:508} INFO - Filling up the DagBag from /home/airflow/.local/lib/python3.7/site-packages/airflow/example_dags/example_dag_decorator.py
[2022-08-23 00:20:34,473] {processor.py:651} INFO - DAG(s) dict_keys(['example_dag_decorator']) retrieved from /home/airflow/.local/lib/python3.7/site-packages/airflow/example_dags/example_dag_decorator.py
[2022-08-23 00:20:34,592] {logging_mixin.py:115} INFO - [2022-08-23 00:20:34,591] {dag.py:2420} INFO - Sync 1 DAGs
[2022-08-23 00:20:34,660] {logging_mixin.py:115} INFO - [2022-08-23 00:20:34,660] {dag.py:2972} INFO - Setting next_dagrun for example_dag_decorator to None, run_after=None
[2022-08-23 00:20:34,696] {processor.py:161} INFO - Processing /home/airflow/.local/lib/python3.7/site-packages/airflow/example_dags/example_dag_decorator.py took 0.427 seconds
[2022-08-23 00:21:04,762] {processor.py:153} INFO - Started process (PID=832) to work on /home/airflow/.local/lib/python3.7/site-packages/airflow/example_dags/example_dag_decorator.py
[2022-08-23 00:21:04,765] {processor.py:641} INFO - Processing file /home/airflow/.local/lib/python3.7/site-packages/airflow/example_dags/example_dag_decorator.py for tasks to queue
[2022-08-23 00:21:04,767] {logging_mixin.py:115} INFO - [2022-08-23 00:21:04,767] {dagbag.py:508} INFO - Filling up the DagBag from /home/airflow/.local/lib/python3.7/site-packages/airflow/example_dags/example_dag_decorator.py
[2022-08-23 00:21:04,807] {processor.py:651} INFO - DAG(s) dict_keys(['example_dag_decorator']) retrieved from /home/airflow/.local/lib/python3.7/site-packages/airflow/example_dags/example_dag_decorator.py
[2022-08-23 00:21:04,914] {logging_mixin.py:115} INFO - [2022-08-23 00:21:04,914] {dag.py:2420} INFO - Sync 1 DAGs
[2022-08-23 00:21:04,949] {logging_mixin.py:115} INFO - [2022-08-23 00:21:04,949] {dag.py:2972} INFO - Setting next_dagrun for example_dag_decorator to None, run_after=None
[2022-08-23 00:21:04,977] {processor.py:161} INFO - Processing /home/airflow/.local/lib/python3.7/site-packages/airflow/example_dags/example_dag_decorator.py took 0.221 seconds
