[2022-08-23 00:00:26,649] {processor.py:153} INFO - Started process (PID=92744) to work on /home/airflow/.local/lib/python3.7/site-packages/airflow/example_dags/example_subdag_operator.py
[2022-08-23 00:00:26,659] {processor.py:641} INFO - Processing file /home/airflow/.local/lib/python3.7/site-packages/airflow/example_dags/example_subdag_operator.py for tasks to queue
[2022-08-23 00:00:26,686] {logging_mixin.py:115} INFO - [2022-08-23 00:00:26,685] {dagbag.py:508} INFO - Filling up the DagBag from /home/airflow/.local/lib/python3.7/site-packages/airflow/example_dags/example_subdag_operator.py
[2022-08-23 00:00:27,071] {processor.py:651} INFO - DAG(s) dict_keys(['example_subdag_operator.section-1', 'example_subdag_operator.section-2', 'example_subdag_operator']) retrieved from /home/airflow/.local/lib/python3.7/site-packages/airflow/example_dags/example_subdag_operator.py
[2022-08-23 00:00:27,472] {logging_mixin.py:115} INFO - [2022-08-23 00:00:27,472] {dag.py:2420} INFO - Sync 3 DAGs
[2022-08-23 00:00:27,681] {logging_mixin.py:115} INFO - [2022-08-23 00:00:27,681] {dag.py:2972} INFO - Setting next_dagrun for example_subdag_operator to 2022-01-01T00:00:00+00:00, run_after=2022-01-01T00:00:00+00:00
[2022-08-23 00:00:27,685] {logging_mixin.py:115} INFO - [2022-08-23 00:00:27,685] {dag.py:2972} INFO - Setting next_dagrun for example_subdag_operator.section-1 to None, run_after=None
[2022-08-23 00:00:27,688] {logging_mixin.py:115} INFO - [2022-08-23 00:00:27,688] {dag.py:2972} INFO - Setting next_dagrun for example_subdag_operator.section-2 to None, run_after=None
[2022-08-23 00:00:27,719] {logging_mixin.py:115} INFO - [2022-08-23 00:00:27,719] {dag.py:2420} INFO - Sync 2 DAGs
[2022-08-23 00:00:28,268] {logging_mixin.py:115} INFO - [2022-08-23 00:00:28,268] {dag.py:2972} INFO - Setting next_dagrun for example_subdag_operator.section-1 to None, run_after=None
[2022-08-23 00:00:28,276] {logging_mixin.py:115} INFO - [2022-08-23 00:00:28,274] {dag.py:2972} INFO - Setting next_dagrun for example_subdag_operator.section-2 to None, run_after=None
[2022-08-23 00:00:28,333] {processor.py:161} INFO - Processing /home/airflow/.local/lib/python3.7/site-packages/airflow/example_dags/example_subdag_operator.py took 1.724 seconds
[2022-08-23 00:00:59,260] {processor.py:153} INFO - Started process (PID=92950) to work on /home/airflow/.local/lib/python3.7/site-packages/airflow/example_dags/example_subdag_operator.py
[2022-08-23 00:00:59,262] {processor.py:641} INFO - Processing file /home/airflow/.local/lib/python3.7/site-packages/airflow/example_dags/example_subdag_operator.py for tasks to queue
[2022-08-23 00:00:59,265] {logging_mixin.py:115} INFO - [2022-08-23 00:00:59,264] {dagbag.py:508} INFO - Filling up the DagBag from /home/airflow/.local/lib/python3.7/site-packages/airflow/example_dags/example_subdag_operator.py
[2022-08-23 00:00:59,311] {processor.py:651} INFO - DAG(s) dict_keys(['example_subdag_operator.section-1', 'example_subdag_operator.section-2', 'example_subdag_operator']) retrieved from /home/airflow/.local/lib/python3.7/site-packages/airflow/example_dags/example_subdag_operator.py
[2022-08-23 00:00:59,362] {logging_mixin.py:115} INFO - [2022-08-23 00:00:59,361] {dag.py:2420} INFO - Sync 3 DAGs
[2022-08-23 00:00:59,402] {logging_mixin.py:115} INFO - [2022-08-23 00:00:59,401] {dag.py:2972} INFO - Setting next_dagrun for example_subdag_operator to 2022-01-01T00:00:00+00:00, run_after=2022-01-01T00:00:00+00:00
[2022-08-23 00:00:59,403] {logging_mixin.py:115} INFO - [2022-08-23 00:00:59,403] {dag.py:2972} INFO - Setting next_dagrun for example_subdag_operator.section-1 to None, run_after=None
[2022-08-23 00:00:59,404] {logging_mixin.py:115} INFO - [2022-08-23 00:00:59,404] {dag.py:2972} INFO - Setting next_dagrun for example_subdag_operator.section-2 to None, run_after=None
[2022-08-23 00:00:59,416] {logging_mixin.py:115} INFO - [2022-08-23 00:00:59,416] {dag.py:2420} INFO - Sync 2 DAGs
[2022-08-23 00:00:59,602] {logging_mixin.py:115} INFO - [2022-08-23 00:00:59,602] {dag.py:2972} INFO - Setting next_dagrun for example_subdag_operator.section-1 to None, run_after=None
[2022-08-23 00:00:59,606] {logging_mixin.py:115} INFO - [2022-08-23 00:00:59,606] {dag.py:2972} INFO - Setting next_dagrun for example_subdag_operator.section-2 to None, run_after=None
[2022-08-23 00:00:59,625] {processor.py:161} INFO - Processing /home/airflow/.local/lib/python3.7/site-packages/airflow/example_dags/example_subdag_operator.py took 0.371 seconds
[2022-08-23 00:01:30,566] {processor.py:153} INFO - Started process (PID=93145) to work on /home/airflow/.local/lib/python3.7/site-packages/airflow/example_dags/example_subdag_operator.py
[2022-08-23 00:01:30,568] {processor.py:641} INFO - Processing file /home/airflow/.local/lib/python3.7/site-packages/airflow/example_dags/example_subdag_operator.py for tasks to queue
[2022-08-23 00:01:30,577] {logging_mixin.py:115} INFO - [2022-08-23 00:01:30,576] {dagbag.py:508} INFO - Filling up the DagBag from /home/airflow/.local/lib/python3.7/site-packages/airflow/example_dags/example_subdag_operator.py
[2022-08-23 00:01:30,690] {processor.py:651} INFO - DAG(s) dict_keys(['example_subdag_operator.section-1', 'example_subdag_operator.section-2', 'example_subdag_operator']) retrieved from /home/airflow/.local/lib/python3.7/site-packages/airflow/example_dags/example_subdag_operator.py
[2022-08-23 00:01:30,807] {logging_mixin.py:115} INFO - [2022-08-23 00:01:30,807] {dag.py:2420} INFO - Sync 3 DAGs
[2022-08-23 00:01:30,898] {logging_mixin.py:115} INFO - [2022-08-23 00:01:30,898] {dag.py:2972} INFO - Setting next_dagrun for example_subdag_operator to 2022-01-01T00:00:00+00:00, run_after=2022-01-01T00:00:00+00:00
[2022-08-23 00:01:30,902] {logging_mixin.py:115} INFO - [2022-08-23 00:01:30,901] {dag.py:2972} INFO - Setting next_dagrun for example_subdag_operator.section-1 to None, run_after=None
[2022-08-23 00:01:30,907] {logging_mixin.py:115} INFO - [2022-08-23 00:01:30,905] {dag.py:2972} INFO - Setting next_dagrun for example_subdag_operator.section-2 to None, run_after=None
[2022-08-23 00:01:30,940] {logging_mixin.py:115} INFO - [2022-08-23 00:01:30,939] {dag.py:2420} INFO - Sync 2 DAGs
[2022-08-23 00:01:31,170] {logging_mixin.py:115} INFO - [2022-08-23 00:01:31,170] {dag.py:2972} INFO - Setting next_dagrun for example_subdag_operator.section-1 to None, run_after=None
[2022-08-23 00:01:31,172] {logging_mixin.py:115} INFO - [2022-08-23 00:01:31,172] {dag.py:2972} INFO - Setting next_dagrun for example_subdag_operator.section-2 to None, run_after=None
[2022-08-23 00:01:31,196] {processor.py:161} INFO - Processing /home/airflow/.local/lib/python3.7/site-packages/airflow/example_dags/example_subdag_operator.py took 0.674 seconds
[2022-08-23 00:02:01,515] {processor.py:153} INFO - Started process (PID=93338) to work on /home/airflow/.local/lib/python3.7/site-packages/airflow/example_dags/example_subdag_operator.py
[2022-08-23 00:02:01,518] {processor.py:641} INFO - Processing file /home/airflow/.local/lib/python3.7/site-packages/airflow/example_dags/example_subdag_operator.py for tasks to queue
[2022-08-23 00:02:01,522] {logging_mixin.py:115} INFO - [2022-08-23 00:02:01,521] {dagbag.py:508} INFO - Filling up the DagBag from /home/airflow/.local/lib/python3.7/site-packages/airflow/example_dags/example_subdag_operator.py
[2022-08-23 00:02:01,578] {processor.py:651} INFO - DAG(s) dict_keys(['example_subdag_operator.section-1', 'example_subdag_operator.section-2', 'example_subdag_operator']) retrieved from /home/airflow/.local/lib/python3.7/site-packages/airflow/example_dags/example_subdag_operator.py
[2022-08-23 00:02:01,632] {logging_mixin.py:115} INFO - [2022-08-23 00:02:01,632] {dag.py:2420} INFO - Sync 3 DAGs
[2022-08-23 00:02:01,667] {logging_mixin.py:115} INFO - [2022-08-23 00:02:01,667] {dag.py:2972} INFO - Setting next_dagrun for example_subdag_operator to 2022-01-01T00:00:00+00:00, run_after=2022-01-01T00:00:00+00:00
[2022-08-23 00:02:01,669] {logging_mixin.py:115} INFO - [2022-08-23 00:02:01,669] {dag.py:2972} INFO - Setting next_dagrun for example_subdag_operator.section-1 to None, run_after=None
[2022-08-23 00:02:01,671] {logging_mixin.py:115} INFO - [2022-08-23 00:02:01,671] {dag.py:2972} INFO - Setting next_dagrun for example_subdag_operator.section-2 to None, run_after=None
[2022-08-23 00:02:01,945] {logging_mixin.py:115} INFO - [2022-08-23 00:02:01,945] {dag.py:2420} INFO - Sync 2 DAGs
[2022-08-23 00:02:01,962] {logging_mixin.py:115} INFO - [2022-08-23 00:02:01,962] {dag.py:2972} INFO - Setting next_dagrun for example_subdag_operator.section-1 to None, run_after=None
[2022-08-23 00:02:01,964] {logging_mixin.py:115} INFO - [2022-08-23 00:02:01,963] {dag.py:2972} INFO - Setting next_dagrun for example_subdag_operator.section-2 to None, run_after=None
[2022-08-23 00:02:01,982] {processor.py:161} INFO - Processing /home/airflow/.local/lib/python3.7/site-packages/airflow/example_dags/example_subdag_operator.py took 0.477 seconds
[2022-08-23 00:02:32,625] {processor.py:153} INFO - Started process (PID=93541) to work on /home/airflow/.local/lib/python3.7/site-packages/airflow/example_dags/example_subdag_operator.py
[2022-08-23 00:02:32,628] {processor.py:641} INFO - Processing file /home/airflow/.local/lib/python3.7/site-packages/airflow/example_dags/example_subdag_operator.py for tasks to queue
[2022-08-23 00:02:32,631] {logging_mixin.py:115} INFO - [2022-08-23 00:02:32,631] {dagbag.py:508} INFO - Filling up the DagBag from /home/airflow/.local/lib/python3.7/site-packages/airflow/example_dags/example_subdag_operator.py
[2022-08-23 00:02:32,691] {processor.py:651} INFO - DAG(s) dict_keys(['example_subdag_operator.section-1', 'example_subdag_operator.section-2', 'example_subdag_operator']) retrieved from /home/airflow/.local/lib/python3.7/site-packages/airflow/example_dags/example_subdag_operator.py
[2022-08-23 00:02:32,761] {logging_mixin.py:115} INFO - [2022-08-23 00:02:32,761] {dag.py:2420} INFO - Sync 3 DAGs
[2022-08-23 00:02:32,815] {logging_mixin.py:115} INFO - [2022-08-23 00:02:32,815] {dag.py:2972} INFO - Setting next_dagrun for example_subdag_operator to 2022-01-01T00:00:00+00:00, run_after=2022-01-01T00:00:00+00:00
[2022-08-23 00:02:32,821] {logging_mixin.py:115} INFO - [2022-08-23 00:02:32,821] {dag.py:2972} INFO - Setting next_dagrun for example_subdag_operator.section-1 to None, run_after=None
[2022-08-23 00:02:32,824] {logging_mixin.py:115} INFO - [2022-08-23 00:02:32,824] {dag.py:2972} INFO - Setting next_dagrun for example_subdag_operator.section-2 to None, run_after=None
[2022-08-23 00:02:33,086] {logging_mixin.py:115} INFO - [2022-08-23 00:02:33,086] {dag.py:2420} INFO - Sync 2 DAGs
[2022-08-23 00:02:33,103] {logging_mixin.py:115} INFO - [2022-08-23 00:02:33,103] {dag.py:2972} INFO - Setting next_dagrun for example_subdag_operator.section-1 to None, run_after=None
[2022-08-23 00:02:33,105] {logging_mixin.py:115} INFO - [2022-08-23 00:02:33,105] {dag.py:2972} INFO - Setting next_dagrun for example_subdag_operator.section-2 to None, run_after=None
[2022-08-23 00:02:33,122] {processor.py:161} INFO - Processing /home/airflow/.local/lib/python3.7/site-packages/airflow/example_dags/example_subdag_operator.py took 0.508 seconds
[2022-08-23 00:03:03,586] {processor.py:153} INFO - Started process (PID=93734) to work on /home/airflow/.local/lib/python3.7/site-packages/airflow/example_dags/example_subdag_operator.py
[2022-08-23 00:03:03,590] {processor.py:641} INFO - Processing file /home/airflow/.local/lib/python3.7/site-packages/airflow/example_dags/example_subdag_operator.py for tasks to queue
[2022-08-23 00:03:03,593] {logging_mixin.py:115} INFO - [2022-08-23 00:03:03,593] {dagbag.py:508} INFO - Filling up the DagBag from /home/airflow/.local/lib/python3.7/site-packages/airflow/example_dags/example_subdag_operator.py
[2022-08-23 00:03:03,647] {processor.py:651} INFO - DAG(s) dict_keys(['example_subdag_operator.section-1', 'example_subdag_operator.section-2', 'example_subdag_operator']) retrieved from /home/airflow/.local/lib/python3.7/site-packages/airflow/example_dags/example_subdag_operator.py
[2022-08-23 00:03:03,744] {logging_mixin.py:115} INFO - [2022-08-23 00:03:03,744] {dag.py:2420} INFO - Sync 3 DAGs
[2022-08-23 00:03:03,794] {logging_mixin.py:115} INFO - [2022-08-23 00:03:03,794] {dag.py:2972} INFO - Setting next_dagrun for example_subdag_operator to 2022-01-01T00:00:00+00:00, run_after=2022-01-01T00:00:00+00:00
[2022-08-23 00:03:03,797] {logging_mixin.py:115} INFO - [2022-08-23 00:03:03,797] {dag.py:2972} INFO - Setting next_dagrun for example_subdag_operator.section-1 to None, run_after=None
[2022-08-23 00:03:03,801] {logging_mixin.py:115} INFO - [2022-08-23 00:03:03,801] {dag.py:2972} INFO - Setting next_dagrun for example_subdag_operator.section-2 to None, run_after=None
[2022-08-23 00:03:04,020] {logging_mixin.py:115} INFO - [2022-08-23 00:03:04,020] {dag.py:2420} INFO - Sync 2 DAGs
[2022-08-23 00:03:04,041] {logging_mixin.py:115} INFO - [2022-08-23 00:03:04,041] {dag.py:2972} INFO - Setting next_dagrun for example_subdag_operator.section-1 to None, run_after=None
[2022-08-23 00:03:04,046] {logging_mixin.py:115} INFO - [2022-08-23 00:03:04,046] {dag.py:2972} INFO - Setting next_dagrun for example_subdag_operator.section-2 to None, run_after=None
[2022-08-23 00:03:04,072] {processor.py:161} INFO - Processing /home/airflow/.local/lib/python3.7/site-packages/airflow/example_dags/example_subdag_operator.py took 0.497 seconds
[2022-08-23 00:03:34,273] {processor.py:153} INFO - Started process (PID=93929) to work on /home/airflow/.local/lib/python3.7/site-packages/airflow/example_dags/example_subdag_operator.py
[2022-08-23 00:03:34,276] {processor.py:641} INFO - Processing file /home/airflow/.local/lib/python3.7/site-packages/airflow/example_dags/example_subdag_operator.py for tasks to queue
[2022-08-23 00:03:34,279] {logging_mixin.py:115} INFO - [2022-08-23 00:03:34,279] {dagbag.py:508} INFO - Filling up the DagBag from /home/airflow/.local/lib/python3.7/site-packages/airflow/example_dags/example_subdag_operator.py
[2022-08-23 00:03:34,388] {processor.py:651} INFO - DAG(s) dict_keys(['example_subdag_operator.section-1', 'example_subdag_operator.section-2', 'example_subdag_operator']) retrieved from /home/airflow/.local/lib/python3.7/site-packages/airflow/example_dags/example_subdag_operator.py
[2022-08-23 00:03:34,563] {logging_mixin.py:115} INFO - [2022-08-23 00:03:34,563] {dag.py:2420} INFO - Sync 3 DAGs
[2022-08-23 00:03:34,636] {logging_mixin.py:115} INFO - [2022-08-23 00:03:34,635] {dag.py:2972} INFO - Setting next_dagrun for example_subdag_operator to 2022-01-01T00:00:00+00:00, run_after=2022-01-01T00:00:00+00:00
[2022-08-23 00:03:34,642] {logging_mixin.py:115} INFO - [2022-08-23 00:03:34,642] {dag.py:2972} INFO - Setting next_dagrun for example_subdag_operator.section-1 to None, run_after=None
[2022-08-23 00:03:34,645] {logging_mixin.py:115} INFO - [2022-08-23 00:03:34,645] {dag.py:2972} INFO - Setting next_dagrun for example_subdag_operator.section-2 to None, run_after=None
[2022-08-23 00:03:34,904] {logging_mixin.py:115} INFO - [2022-08-23 00:03:34,904] {dag.py:2420} INFO - Sync 2 DAGs
[2022-08-23 00:03:34,921] {logging_mixin.py:115} INFO - [2022-08-23 00:03:34,920] {dag.py:2972} INFO - Setting next_dagrun for example_subdag_operator.section-1 to None, run_after=None
[2022-08-23 00:03:34,926] {logging_mixin.py:115} INFO - [2022-08-23 00:03:34,925] {dag.py:2972} INFO - Setting next_dagrun for example_subdag_operator.section-2 to None, run_after=None
[2022-08-23 00:03:34,957] {processor.py:161} INFO - Processing /home/airflow/.local/lib/python3.7/site-packages/airflow/example_dags/example_subdag_operator.py took 0.692 seconds
[2022-08-23 00:04:05,648] {processor.py:153} INFO - Started process (PID=94123) to work on /home/airflow/.local/lib/python3.7/site-packages/airflow/example_dags/example_subdag_operator.py
[2022-08-23 00:04:05,651] {processor.py:641} INFO - Processing file /home/airflow/.local/lib/python3.7/site-packages/airflow/example_dags/example_subdag_operator.py for tasks to queue
[2022-08-23 00:04:05,653] {logging_mixin.py:115} INFO - [2022-08-23 00:04:05,653] {dagbag.py:508} INFO - Filling up the DagBag from /home/airflow/.local/lib/python3.7/site-packages/airflow/example_dags/example_subdag_operator.py
[2022-08-23 00:04:05,753] {processor.py:651} INFO - DAG(s) dict_keys(['example_subdag_operator.section-1', 'example_subdag_operator.section-2', 'example_subdag_operator']) retrieved from /home/airflow/.local/lib/python3.7/site-packages/airflow/example_dags/example_subdag_operator.py
[2022-08-23 00:04:05,822] {logging_mixin.py:115} INFO - [2022-08-23 00:04:05,822] {dag.py:2420} INFO - Sync 3 DAGs
[2022-08-23 00:04:05,870] {logging_mixin.py:115} INFO - [2022-08-23 00:04:05,869] {dag.py:2972} INFO - Setting next_dagrun for example_subdag_operator to 2022-01-01T00:00:00+00:00, run_after=2022-01-01T00:00:00+00:00
[2022-08-23 00:04:05,872] {logging_mixin.py:115} INFO - [2022-08-23 00:04:05,872] {dag.py:2972} INFO - Setting next_dagrun for example_subdag_operator.section-1 to None, run_after=None
[2022-08-23 00:04:05,874] {logging_mixin.py:115} INFO - [2022-08-23 00:04:05,874] {dag.py:2972} INFO - Setting next_dagrun for example_subdag_operator.section-2 to None, run_after=None
[2022-08-23 00:04:06,155] {logging_mixin.py:115} INFO - [2022-08-23 00:04:06,155] {dag.py:2420} INFO - Sync 2 DAGs
[2022-08-23 00:04:06,178] {logging_mixin.py:115} INFO - [2022-08-23 00:04:06,178] {dag.py:2972} INFO - Setting next_dagrun for example_subdag_operator.section-1 to None, run_after=None
[2022-08-23 00:04:06,181] {logging_mixin.py:115} INFO - [2022-08-23 00:04:06,181] {dag.py:2972} INFO - Setting next_dagrun for example_subdag_operator.section-2 to None, run_after=None
[2022-08-23 00:04:06,200] {processor.py:161} INFO - Processing /home/airflow/.local/lib/python3.7/site-packages/airflow/example_dags/example_subdag_operator.py took 0.563 seconds
[2022-08-23 00:04:36,988] {processor.py:153} INFO - Started process (PID=94317) to work on /home/airflow/.local/lib/python3.7/site-packages/airflow/example_dags/example_subdag_operator.py
[2022-08-23 00:04:36,995] {processor.py:641} INFO - Processing file /home/airflow/.local/lib/python3.7/site-packages/airflow/example_dags/example_subdag_operator.py for tasks to queue
[2022-08-23 00:04:37,003] {logging_mixin.py:115} INFO - [2022-08-23 00:04:37,003] {dagbag.py:508} INFO - Filling up the DagBag from /home/airflow/.local/lib/python3.7/site-packages/airflow/example_dags/example_subdag_operator.py
[2022-08-23 00:04:37,136] {processor.py:651} INFO - DAG(s) dict_keys(['example_subdag_operator.section-1', 'example_subdag_operator.section-2', 'example_subdag_operator']) retrieved from /home/airflow/.local/lib/python3.7/site-packages/airflow/example_dags/example_subdag_operator.py
[2022-08-23 00:04:37,338] {logging_mixin.py:115} INFO - [2022-08-23 00:04:37,338] {dag.py:2420} INFO - Sync 3 DAGs
[2022-08-23 00:04:37,377] {logging_mixin.py:115} INFO - [2022-08-23 00:04:37,377] {dag.py:2972} INFO - Setting next_dagrun for example_subdag_operator to 2022-01-01T00:00:00+00:00, run_after=2022-01-01T00:00:00+00:00
[2022-08-23 00:04:37,379] {logging_mixin.py:115} INFO - [2022-08-23 00:04:37,379] {dag.py:2972} INFO - Setting next_dagrun for example_subdag_operator.section-1 to None, run_after=None
[2022-08-23 00:04:37,380] {logging_mixin.py:115} INFO - [2022-08-23 00:04:37,380] {dag.py:2972} INFO - Setting next_dagrun for example_subdag_operator.section-2 to None, run_after=None
[2022-08-23 00:04:37,588] {logging_mixin.py:115} INFO - [2022-08-23 00:04:37,587] {dag.py:2420} INFO - Sync 2 DAGs
[2022-08-23 00:04:37,603] {logging_mixin.py:115} INFO - [2022-08-23 00:04:37,602] {dag.py:2972} INFO - Setting next_dagrun for example_subdag_operator.section-1 to None, run_after=None
[2022-08-23 00:04:37,605] {logging_mixin.py:115} INFO - [2022-08-23 00:04:37,605] {dag.py:2972} INFO - Setting next_dagrun for example_subdag_operator.section-2 to None, run_after=None
[2022-08-23 00:04:37,621] {processor.py:161} INFO - Processing /home/airflow/.local/lib/python3.7/site-packages/airflow/example_dags/example_subdag_operator.py took 0.652 seconds
[2022-08-23 00:05:08,536] {processor.py:153} INFO - Started process (PID=94518) to work on /home/airflow/.local/lib/python3.7/site-packages/airflow/example_dags/example_subdag_operator.py
[2022-08-23 00:05:08,539] {processor.py:641} INFO - Processing file /home/airflow/.local/lib/python3.7/site-packages/airflow/example_dags/example_subdag_operator.py for tasks to queue
[2022-08-23 00:05:08,543] {logging_mixin.py:115} INFO - [2022-08-23 00:05:08,543] {dagbag.py:508} INFO - Filling up the DagBag from /home/airflow/.local/lib/python3.7/site-packages/airflow/example_dags/example_subdag_operator.py
[2022-08-23 00:05:08,625] {processor.py:651} INFO - DAG(s) dict_keys(['example_subdag_operator.section-1', 'example_subdag_operator.section-2', 'example_subdag_operator']) retrieved from /home/airflow/.local/lib/python3.7/site-packages/airflow/example_dags/example_subdag_operator.py
[2022-08-23 00:05:08,691] {logging_mixin.py:115} INFO - [2022-08-23 00:05:08,691] {dag.py:2420} INFO - Sync 3 DAGs
[2022-08-23 00:05:08,727] {logging_mixin.py:115} INFO - [2022-08-23 00:05:08,727] {dag.py:2972} INFO - Setting next_dagrun for example_subdag_operator to 2022-01-01T00:00:00+00:00, run_after=2022-01-01T00:00:00+00:00
[2022-08-23 00:05:08,728] {logging_mixin.py:115} INFO - [2022-08-23 00:05:08,728] {dag.py:2972} INFO - Setting next_dagrun for example_subdag_operator.section-1 to None, run_after=None
[2022-08-23 00:05:08,730] {logging_mixin.py:115} INFO - [2022-08-23 00:05:08,730] {dag.py:2972} INFO - Setting next_dagrun for example_subdag_operator.section-2 to None, run_after=None
[2022-08-23 00:05:08,929] {logging_mixin.py:115} INFO - [2022-08-23 00:05:08,929] {dag.py:2420} INFO - Sync 2 DAGs
[2022-08-23 00:05:08,957] {logging_mixin.py:115} INFO - [2022-08-23 00:05:08,957] {dag.py:2972} INFO - Setting next_dagrun for example_subdag_operator.section-1 to None, run_after=None
[2022-08-23 00:05:08,959] {logging_mixin.py:115} INFO - [2022-08-23 00:05:08,959] {dag.py:2972} INFO - Setting next_dagrun for example_subdag_operator.section-2 to None, run_after=None
[2022-08-23 00:05:08,979] {processor.py:161} INFO - Processing /home/airflow/.local/lib/python3.7/site-packages/airflow/example_dags/example_subdag_operator.py took 0.458 seconds
[2022-08-23 00:05:39,282] {processor.py:153} INFO - Started process (PID=94715) to work on /home/airflow/.local/lib/python3.7/site-packages/airflow/example_dags/example_subdag_operator.py
[2022-08-23 00:05:39,284] {processor.py:641} INFO - Processing file /home/airflow/.local/lib/python3.7/site-packages/airflow/example_dags/example_subdag_operator.py for tasks to queue
[2022-08-23 00:05:39,287] {logging_mixin.py:115} INFO - [2022-08-23 00:05:39,286] {dagbag.py:508} INFO - Filling up the DagBag from /home/airflow/.local/lib/python3.7/site-packages/airflow/example_dags/example_subdag_operator.py
[2022-08-23 00:05:39,371] {processor.py:651} INFO - DAG(s) dict_keys(['example_subdag_operator.section-1', 'example_subdag_operator.section-2', 'example_subdag_operator']) retrieved from /home/airflow/.local/lib/python3.7/site-packages/airflow/example_dags/example_subdag_operator.py
[2022-08-23 00:05:39,468] {logging_mixin.py:115} INFO - [2022-08-23 00:05:39,468] {dag.py:2420} INFO - Sync 3 DAGs
[2022-08-23 00:05:39,512] {logging_mixin.py:115} INFO - [2022-08-23 00:05:39,511] {dag.py:2972} INFO - Setting next_dagrun for example_subdag_operator to 2022-01-01T00:00:00+00:00, run_after=2022-01-01T00:00:00+00:00
[2022-08-23 00:05:39,513] {logging_mixin.py:115} INFO - [2022-08-23 00:05:39,513] {dag.py:2972} INFO - Setting next_dagrun for example_subdag_operator.section-1 to None, run_after=None
[2022-08-23 00:05:39,515] {logging_mixin.py:115} INFO - [2022-08-23 00:05:39,515] {dag.py:2972} INFO - Setting next_dagrun for example_subdag_operator.section-2 to None, run_after=None
[2022-08-23 00:05:39,755] {logging_mixin.py:115} INFO - [2022-08-23 00:05:39,755] {dag.py:2420} INFO - Sync 2 DAGs
[2022-08-23 00:05:39,787] {logging_mixin.py:115} INFO - [2022-08-23 00:05:39,787] {dag.py:2972} INFO - Setting next_dagrun for example_subdag_operator.section-1 to None, run_after=None
[2022-08-23 00:05:39,790] {logging_mixin.py:115} INFO - [2022-08-23 00:05:39,790] {dag.py:2972} INFO - Setting next_dagrun for example_subdag_operator.section-2 to None, run_after=None
[2022-08-23 00:05:39,816] {processor.py:161} INFO - Processing /home/airflow/.local/lib/python3.7/site-packages/airflow/example_dags/example_subdag_operator.py took 0.557 seconds
[2022-08-23 00:06:10,303] {processor.py:153} INFO - Started process (PID=94907) to work on /home/airflow/.local/lib/python3.7/site-packages/airflow/example_dags/example_subdag_operator.py
[2022-08-23 00:06:10,305] {processor.py:641} INFO - Processing file /home/airflow/.local/lib/python3.7/site-packages/airflow/example_dags/example_subdag_operator.py for tasks to queue
[2022-08-23 00:06:10,307] {logging_mixin.py:115} INFO - [2022-08-23 00:06:10,307] {dagbag.py:508} INFO - Filling up the DagBag from /home/airflow/.local/lib/python3.7/site-packages/airflow/example_dags/example_subdag_operator.py
[2022-08-23 00:06:10,376] {processor.py:651} INFO - DAG(s) dict_keys(['example_subdag_operator.section-1', 'example_subdag_operator.section-2', 'example_subdag_operator']) retrieved from /home/airflow/.local/lib/python3.7/site-packages/airflow/example_dags/example_subdag_operator.py
[2022-08-23 00:06:10,441] {logging_mixin.py:115} INFO - [2022-08-23 00:06:10,441] {dag.py:2420} INFO - Sync 3 DAGs
[2022-08-23 00:06:10,488] {logging_mixin.py:115} INFO - [2022-08-23 00:06:10,488] {dag.py:2972} INFO - Setting next_dagrun for example_subdag_operator to 2022-01-01T00:00:00+00:00, run_after=2022-01-01T00:00:00+00:00
[2022-08-23 00:06:10,491] {logging_mixin.py:115} INFO - [2022-08-23 00:06:10,490] {dag.py:2972} INFO - Setting next_dagrun for example_subdag_operator.section-1 to None, run_after=None
[2022-08-23 00:06:10,493] {logging_mixin.py:115} INFO - [2022-08-23 00:06:10,493] {dag.py:2972} INFO - Setting next_dagrun for example_subdag_operator.section-2 to None, run_after=None
[2022-08-23 00:06:10,799] {logging_mixin.py:115} INFO - [2022-08-23 00:06:10,799] {dag.py:2420} INFO - Sync 2 DAGs
[2022-08-23 00:06:10,834] {logging_mixin.py:115} INFO - [2022-08-23 00:06:10,832] {dag.py:2972} INFO - Setting next_dagrun for example_subdag_operator.section-1 to None, run_after=None
[2022-08-23 00:06:10,837] {logging_mixin.py:115} INFO - [2022-08-23 00:06:10,837] {dag.py:2972} INFO - Setting next_dagrun for example_subdag_operator.section-2 to None, run_after=None
[2022-08-23 00:06:10,877] {processor.py:161} INFO - Processing /home/airflow/.local/lib/python3.7/site-packages/airflow/example_dags/example_subdag_operator.py took 0.606 seconds
[2022-08-23 00:06:41,143] {processor.py:153} INFO - Started process (PID=95101) to work on /home/airflow/.local/lib/python3.7/site-packages/airflow/example_dags/example_subdag_operator.py
[2022-08-23 00:06:41,145] {processor.py:641} INFO - Processing file /home/airflow/.local/lib/python3.7/site-packages/airflow/example_dags/example_subdag_operator.py for tasks to queue
[2022-08-23 00:06:41,150] {logging_mixin.py:115} INFO - [2022-08-23 00:06:41,150] {dagbag.py:508} INFO - Filling up the DagBag from /home/airflow/.local/lib/python3.7/site-packages/airflow/example_dags/example_subdag_operator.py
[2022-08-23 00:06:41,223] {processor.py:651} INFO - DAG(s) dict_keys(['example_subdag_operator.section-1', 'example_subdag_operator.section-2', 'example_subdag_operator']) retrieved from /home/airflow/.local/lib/python3.7/site-packages/airflow/example_dags/example_subdag_operator.py
[2022-08-23 00:06:41,324] {logging_mixin.py:115} INFO - [2022-08-23 00:06:41,324] {dag.py:2420} INFO - Sync 3 DAGs
[2022-08-23 00:06:41,386] {logging_mixin.py:115} INFO - [2022-08-23 00:06:41,386] {dag.py:2972} INFO - Setting next_dagrun for example_subdag_operator to 2022-01-01T00:00:00+00:00, run_after=2022-01-01T00:00:00+00:00
[2022-08-23 00:06:41,388] {logging_mixin.py:115} INFO - [2022-08-23 00:06:41,387] {dag.py:2972} INFO - Setting next_dagrun for example_subdag_operator.section-1 to None, run_after=None
[2022-08-23 00:06:41,391] {logging_mixin.py:115} INFO - [2022-08-23 00:06:41,391] {dag.py:2972} INFO - Setting next_dagrun for example_subdag_operator.section-2 to None, run_after=None
[2022-08-23 00:06:41,657] {logging_mixin.py:115} INFO - [2022-08-23 00:06:41,657] {dag.py:2420} INFO - Sync 2 DAGs
[2022-08-23 00:06:41,690] {logging_mixin.py:115} INFO - [2022-08-23 00:06:41,690] {dag.py:2972} INFO - Setting next_dagrun for example_subdag_operator.section-1 to None, run_after=None
[2022-08-23 00:06:41,693] {logging_mixin.py:115} INFO - [2022-08-23 00:06:41,692] {dag.py:2972} INFO - Setting next_dagrun for example_subdag_operator.section-2 to None, run_after=None
[2022-08-23 00:06:41,732] {processor.py:161} INFO - Processing /home/airflow/.local/lib/python3.7/site-packages/airflow/example_dags/example_subdag_operator.py took 0.599 seconds
[2022-08-23 00:07:12,050] {processor.py:153} INFO - Started process (PID=95304) to work on /home/airflow/.local/lib/python3.7/site-packages/airflow/example_dags/example_subdag_operator.py
[2022-08-23 00:07:12,053] {processor.py:641} INFO - Processing file /home/airflow/.local/lib/python3.7/site-packages/airflow/example_dags/example_subdag_operator.py for tasks to queue
[2022-08-23 00:07:12,056] {logging_mixin.py:115} INFO - [2022-08-23 00:07:12,056] {dagbag.py:508} INFO - Filling up the DagBag from /home/airflow/.local/lib/python3.7/site-packages/airflow/example_dags/example_subdag_operator.py
[2022-08-23 00:07:12,112] {processor.py:651} INFO - DAG(s) dict_keys(['example_subdag_operator.section-1', 'example_subdag_operator.section-2', 'example_subdag_operator']) retrieved from /home/airflow/.local/lib/python3.7/site-packages/airflow/example_dags/example_subdag_operator.py
[2022-08-23 00:07:12,189] {logging_mixin.py:115} INFO - [2022-08-23 00:07:12,189] {dag.py:2420} INFO - Sync 3 DAGs
[2022-08-23 00:07:12,711] {logging_mixin.py:115} INFO - [2022-08-23 00:07:12,711] {dag.py:2972} INFO - Setting next_dagrun for example_subdag_operator to 2022-01-01T00:00:00+00:00, run_after=2022-01-01T00:00:00+00:00
[2022-08-23 00:07:12,716] {logging_mixin.py:115} INFO - [2022-08-23 00:07:12,716] {dag.py:2972} INFO - Setting next_dagrun for example_subdag_operator.section-1 to None, run_after=None
[2022-08-23 00:07:12,719] {logging_mixin.py:115} INFO - [2022-08-23 00:07:12,718] {dag.py:2972} INFO - Setting next_dagrun for example_subdag_operator.section-2 to None, run_after=None
[2022-08-23 00:07:12,736] {logging_mixin.py:115} INFO - [2022-08-23 00:07:12,735] {dag.py:2420} INFO - Sync 2 DAGs
[2022-08-23 00:07:12,751] {logging_mixin.py:115} INFO - [2022-08-23 00:07:12,750] {dag.py:2972} INFO - Setting next_dagrun for example_subdag_operator.section-1 to None, run_after=None
[2022-08-23 00:07:12,754] {logging_mixin.py:115} INFO - [2022-08-23 00:07:12,753] {dag.py:2972} INFO - Setting next_dagrun for example_subdag_operator.section-2 to None, run_after=None
[2022-08-23 00:07:12,769] {processor.py:161} INFO - Processing /home/airflow/.local/lib/python3.7/site-packages/airflow/example_dags/example_subdag_operator.py took 0.728 seconds
[2022-08-23 00:07:43,309] {processor.py:153} INFO - Started process (PID=95498) to work on /home/airflow/.local/lib/python3.7/site-packages/airflow/example_dags/example_subdag_operator.py
[2022-08-23 00:07:43,313] {processor.py:641} INFO - Processing file /home/airflow/.local/lib/python3.7/site-packages/airflow/example_dags/example_subdag_operator.py for tasks to queue
[2022-08-23 00:07:43,315] {logging_mixin.py:115} INFO - [2022-08-23 00:07:43,315] {dagbag.py:508} INFO - Filling up the DagBag from /home/airflow/.local/lib/python3.7/site-packages/airflow/example_dags/example_subdag_operator.py
[2022-08-23 00:07:43,385] {processor.py:651} INFO - DAG(s) dict_keys(['example_subdag_operator.section-1', 'example_subdag_operator.section-2', 'example_subdag_operator']) retrieved from /home/airflow/.local/lib/python3.7/site-packages/airflow/example_dags/example_subdag_operator.py
[2022-08-23 00:07:43,496] {logging_mixin.py:115} INFO - [2022-08-23 00:07:43,496] {dag.py:2420} INFO - Sync 3 DAGs
[2022-08-23 00:07:43,800] {logging_mixin.py:115} INFO - [2022-08-23 00:07:43,799] {dag.py:2972} INFO - Setting next_dagrun for example_subdag_operator to 2022-01-01T00:00:00+00:00, run_after=2022-01-01T00:00:00+00:00
[2022-08-23 00:07:43,803] {logging_mixin.py:115} INFO - [2022-08-23 00:07:43,803] {dag.py:2972} INFO - Setting next_dagrun for example_subdag_operator.section-1 to None, run_after=None
[2022-08-23 00:07:43,808] {logging_mixin.py:115} INFO - [2022-08-23 00:07:43,807] {dag.py:2972} INFO - Setting next_dagrun for example_subdag_operator.section-2 to None, run_after=None
[2022-08-23 00:07:43,832] {logging_mixin.py:115} INFO - [2022-08-23 00:07:43,831] {dag.py:2420} INFO - Sync 2 DAGs
[2022-08-23 00:07:43,863] {logging_mixin.py:115} INFO - [2022-08-23 00:07:43,863] {dag.py:2972} INFO - Setting next_dagrun for example_subdag_operator.section-1 to None, run_after=None
[2022-08-23 00:07:43,873] {logging_mixin.py:115} INFO - [2022-08-23 00:07:43,873] {dag.py:2972} INFO - Setting next_dagrun for example_subdag_operator.section-2 to None, run_after=None
[2022-08-23 00:07:43,895] {processor.py:161} INFO - Processing /home/airflow/.local/lib/python3.7/site-packages/airflow/example_dags/example_subdag_operator.py took 0.598 seconds
[2022-08-23 00:08:14,176] {processor.py:153} INFO - Started process (PID=95690) to work on /home/airflow/.local/lib/python3.7/site-packages/airflow/example_dags/example_subdag_operator.py
[2022-08-23 00:08:14,180] {processor.py:641} INFO - Processing file /home/airflow/.local/lib/python3.7/site-packages/airflow/example_dags/example_subdag_operator.py for tasks to queue
[2022-08-23 00:08:14,184] {logging_mixin.py:115} INFO - [2022-08-23 00:08:14,183] {dagbag.py:508} INFO - Filling up the DagBag from /home/airflow/.local/lib/python3.7/site-packages/airflow/example_dags/example_subdag_operator.py
[2022-08-23 00:08:14,300] {processor.py:651} INFO - DAG(s) dict_keys(['example_subdag_operator.section-1', 'example_subdag_operator.section-2', 'example_subdag_operator']) retrieved from /home/airflow/.local/lib/python3.7/site-packages/airflow/example_dags/example_subdag_operator.py
[2022-08-23 00:08:14,526] {logging_mixin.py:115} INFO - [2022-08-23 00:08:14,525] {dag.py:2420} INFO - Sync 3 DAGs
[2022-08-23 00:08:15,703] {logging_mixin.py:115} INFO - [2022-08-23 00:08:15,702] {dag.py:2972} INFO - Setting next_dagrun for example_subdag_operator to 2022-01-01T00:00:00+00:00, run_after=2022-01-01T00:00:00+00:00
[2022-08-23 00:08:15,705] {logging_mixin.py:115} INFO - [2022-08-23 00:08:15,705] {dag.py:2972} INFO - Setting next_dagrun for example_subdag_operator.section-1 to None, run_after=None
[2022-08-23 00:08:15,706] {logging_mixin.py:115} INFO - [2022-08-23 00:08:15,706] {dag.py:2972} INFO - Setting next_dagrun for example_subdag_operator.section-2 to None, run_after=None
[2022-08-23 00:08:15,722] {logging_mixin.py:115} INFO - [2022-08-23 00:08:15,722] {dag.py:2420} INFO - Sync 2 DAGs
[2022-08-23 00:08:15,735] {logging_mixin.py:115} INFO - [2022-08-23 00:08:15,735] {dag.py:2972} INFO - Setting next_dagrun for example_subdag_operator.section-1 to None, run_after=None
[2022-08-23 00:08:15,736] {logging_mixin.py:115} INFO - [2022-08-23 00:08:15,736] {dag.py:2972} INFO - Setting next_dagrun for example_subdag_operator.section-2 to None, run_after=None
[2022-08-23 00:08:15,749] {processor.py:161} INFO - Processing /home/airflow/.local/lib/python3.7/site-packages/airflow/example_dags/example_subdag_operator.py took 1.589 seconds
[2022-08-23 00:08:47,102] {processor.py:153} INFO - Started process (PID=95889) to work on /home/airflow/.local/lib/python3.7/site-packages/airflow/example_dags/example_subdag_operator.py
[2022-08-23 00:08:47,106] {processor.py:641} INFO - Processing file /home/airflow/.local/lib/python3.7/site-packages/airflow/example_dags/example_subdag_operator.py for tasks to queue
[2022-08-23 00:08:47,110] {logging_mixin.py:115} INFO - [2022-08-23 00:08:47,109] {dagbag.py:508} INFO - Filling up the DagBag from /home/airflow/.local/lib/python3.7/site-packages/airflow/example_dags/example_subdag_operator.py
[2022-08-23 00:08:47,186] {processor.py:651} INFO - DAG(s) dict_keys(['example_subdag_operator.section-1', 'example_subdag_operator.section-2', 'example_subdag_operator']) retrieved from /home/airflow/.local/lib/python3.7/site-packages/airflow/example_dags/example_subdag_operator.py
[2022-08-23 00:08:47,282] {logging_mixin.py:115} INFO - [2022-08-23 00:08:47,282] {dag.py:2420} INFO - Sync 3 DAGs
[2022-08-23 00:08:47,699] {logging_mixin.py:115} INFO - [2022-08-23 00:08:47,698] {dag.py:2972} INFO - Setting next_dagrun for example_subdag_operator to 2022-01-01T00:00:00+00:00, run_after=2022-01-01T00:00:00+00:00
[2022-08-23 00:08:47,702] {logging_mixin.py:115} INFO - [2022-08-23 00:08:47,702] {dag.py:2972} INFO - Setting next_dagrun for example_subdag_operator.section-1 to None, run_after=None
[2022-08-23 00:08:47,706] {logging_mixin.py:115} INFO - [2022-08-23 00:08:47,705] {dag.py:2972} INFO - Setting next_dagrun for example_subdag_operator.section-2 to None, run_after=None
[2022-08-23 00:08:47,746] {logging_mixin.py:115} INFO - [2022-08-23 00:08:47,746] {dag.py:2420} INFO - Sync 2 DAGs
[2022-08-23 00:08:47,780] {logging_mixin.py:115} INFO - [2022-08-23 00:08:47,780] {dag.py:2972} INFO - Setting next_dagrun for example_subdag_operator.section-1 to None, run_after=None
[2022-08-23 00:08:47,786] {logging_mixin.py:115} INFO - [2022-08-23 00:08:47,786] {dag.py:2972} INFO - Setting next_dagrun for example_subdag_operator.section-2 to None, run_after=None
[2022-08-23 00:08:47,817] {processor.py:161} INFO - Processing /home/airflow/.local/lib/python3.7/site-packages/airflow/example_dags/example_subdag_operator.py took 0.724 seconds
[2022-08-23 00:09:18,024] {processor.py:153} INFO - Started process (PID=96080) to work on /home/airflow/.local/lib/python3.7/site-packages/airflow/example_dags/example_subdag_operator.py
[2022-08-23 00:09:18,026] {processor.py:641} INFO - Processing file /home/airflow/.local/lib/python3.7/site-packages/airflow/example_dags/example_subdag_operator.py for tasks to queue
[2022-08-23 00:09:18,028] {logging_mixin.py:115} INFO - [2022-08-23 00:09:18,028] {dagbag.py:508} INFO - Filling up the DagBag from /home/airflow/.local/lib/python3.7/site-packages/airflow/example_dags/example_subdag_operator.py
[2022-08-23 00:09:18,074] {processor.py:651} INFO - DAG(s) dict_keys(['example_subdag_operator.section-1', 'example_subdag_operator.section-2', 'example_subdag_operator']) retrieved from /home/airflow/.local/lib/python3.7/site-packages/airflow/example_dags/example_subdag_operator.py
[2022-08-23 00:09:18,135] {logging_mixin.py:115} INFO - [2022-08-23 00:09:18,135] {dag.py:2420} INFO - Sync 3 DAGs
[2022-08-23 00:09:18,371] {logging_mixin.py:115} INFO - [2022-08-23 00:09:18,371] {dag.py:2972} INFO - Setting next_dagrun for example_subdag_operator to 2022-01-01T00:00:00+00:00, run_after=2022-01-01T00:00:00+00:00
[2022-08-23 00:09:18,374] {logging_mixin.py:115} INFO - [2022-08-23 00:09:18,374] {dag.py:2972} INFO - Setting next_dagrun for example_subdag_operator.section-1 to None, run_after=None
[2022-08-23 00:09:18,376] {logging_mixin.py:115} INFO - [2022-08-23 00:09:18,375] {dag.py:2972} INFO - Setting next_dagrun for example_subdag_operator.section-2 to None, run_after=None
[2022-08-23 00:09:18,389] {logging_mixin.py:115} INFO - [2022-08-23 00:09:18,389] {dag.py:2420} INFO - Sync 2 DAGs
[2022-08-23 00:09:18,401] {logging_mixin.py:115} INFO - [2022-08-23 00:09:18,401] {dag.py:2972} INFO - Setting next_dagrun for example_subdag_operator.section-1 to None, run_after=None
[2022-08-23 00:09:18,405] {logging_mixin.py:115} INFO - [2022-08-23 00:09:18,404] {dag.py:2972} INFO - Setting next_dagrun for example_subdag_operator.section-2 to None, run_after=None
[2022-08-23 00:09:18,426] {processor.py:161} INFO - Processing /home/airflow/.local/lib/python3.7/site-packages/airflow/example_dags/example_subdag_operator.py took 0.408 seconds
[2022-08-23 00:09:51,351] {processor.py:153} INFO - Started process (PID=96286) to work on /home/airflow/.local/lib/python3.7/site-packages/airflow/example_dags/example_subdag_operator.py
[2022-08-23 00:09:51,356] {processor.py:641} INFO - Processing file /home/airflow/.local/lib/python3.7/site-packages/airflow/example_dags/example_subdag_operator.py for tasks to queue
[2022-08-23 00:09:51,362] {logging_mixin.py:115} INFO - [2022-08-23 00:09:51,362] {dagbag.py:508} INFO - Filling up the DagBag from /home/airflow/.local/lib/python3.7/site-packages/airflow/example_dags/example_subdag_operator.py
[2022-08-23 00:09:51,506] {processor.py:651} INFO - DAG(s) dict_keys(['example_subdag_operator.section-1', 'example_subdag_operator.section-2', 'example_subdag_operator']) retrieved from /home/airflow/.local/lib/python3.7/site-packages/airflow/example_dags/example_subdag_operator.py
[2022-08-23 00:09:51,665] {logging_mixin.py:115} INFO - [2022-08-23 00:09:51,665] {dag.py:2420} INFO - Sync 3 DAGs
[2022-08-23 00:09:51,978] {logging_mixin.py:115} INFO - [2022-08-23 00:09:51,978] {dag.py:2972} INFO - Setting next_dagrun for example_subdag_operator to 2022-01-01T00:00:00+00:00, run_after=2022-01-01T00:00:00+00:00
[2022-08-23 00:09:51,980] {logging_mixin.py:115} INFO - [2022-08-23 00:09:51,980] {dag.py:2972} INFO - Setting next_dagrun for example_subdag_operator.section-1 to None, run_after=None
[2022-08-23 00:09:51,982] {logging_mixin.py:115} INFO - [2022-08-23 00:09:51,982] {dag.py:2972} INFO - Setting next_dagrun for example_subdag_operator.section-2 to None, run_after=None
[2022-08-23 00:09:52,003] {logging_mixin.py:115} INFO - [2022-08-23 00:09:52,002] {dag.py:2420} INFO - Sync 2 DAGs
[2022-08-23 00:09:52,025] {logging_mixin.py:115} INFO - [2022-08-23 00:09:52,024] {dag.py:2972} INFO - Setting next_dagrun for example_subdag_operator.section-1 to None, run_after=None
[2022-08-23 00:09:52,026] {logging_mixin.py:115} INFO - [2022-08-23 00:09:52,026] {dag.py:2972} INFO - Setting next_dagrun for example_subdag_operator.section-2 to None, run_after=None
[2022-08-23 00:09:52,045] {processor.py:161} INFO - Processing /home/airflow/.local/lib/python3.7/site-packages/airflow/example_dags/example_subdag_operator.py took 0.712 seconds
[2022-08-23 00:10:22,275] {processor.py:153} INFO - Started process (PID=96486) to work on /home/airflow/.local/lib/python3.7/site-packages/airflow/example_dags/example_subdag_operator.py
[2022-08-23 00:10:22,277] {processor.py:641} INFO - Processing file /home/airflow/.local/lib/python3.7/site-packages/airflow/example_dags/example_subdag_operator.py for tasks to queue
[2022-08-23 00:10:22,280] {logging_mixin.py:115} INFO - [2022-08-23 00:10:22,280] {dagbag.py:508} INFO - Filling up the DagBag from /home/airflow/.local/lib/python3.7/site-packages/airflow/example_dags/example_subdag_operator.py
[2022-08-23 00:10:22,330] {processor.py:651} INFO - DAG(s) dict_keys(['example_subdag_operator.section-1', 'example_subdag_operator.section-2', 'example_subdag_operator']) retrieved from /home/airflow/.local/lib/python3.7/site-packages/airflow/example_dags/example_subdag_operator.py
[2022-08-23 00:10:22,405] {logging_mixin.py:115} INFO - [2022-08-23 00:10:22,405] {dag.py:2420} INFO - Sync 3 DAGs
[2022-08-23 00:10:22,669] {logging_mixin.py:115} INFO - [2022-08-23 00:10:22,669] {dag.py:2972} INFO - Setting next_dagrun for example_subdag_operator to 2022-01-01T00:00:00+00:00, run_after=2022-01-01T00:00:00+00:00
[2022-08-23 00:10:22,672] {logging_mixin.py:115} INFO - [2022-08-23 00:10:22,672] {dag.py:2972} INFO - Setting next_dagrun for example_subdag_operator.section-1 to None, run_after=None
[2022-08-23 00:10:22,675] {logging_mixin.py:115} INFO - [2022-08-23 00:10:22,675] {dag.py:2972} INFO - Setting next_dagrun for example_subdag_operator.section-2 to None, run_after=None
[2022-08-23 00:10:22,697] {logging_mixin.py:115} INFO - [2022-08-23 00:10:22,697] {dag.py:2420} INFO - Sync 2 DAGs
[2022-08-23 00:10:22,714] {logging_mixin.py:115} INFO - [2022-08-23 00:10:22,714] {dag.py:2972} INFO - Setting next_dagrun for example_subdag_operator.section-1 to None, run_after=None
[2022-08-23 00:10:22,717] {logging_mixin.py:115} INFO - [2022-08-23 00:10:22,717] {dag.py:2972} INFO - Setting next_dagrun for example_subdag_operator.section-2 to None, run_after=None
[2022-08-23 00:10:22,736] {processor.py:161} INFO - Processing /home/airflow/.local/lib/python3.7/site-packages/airflow/example_dags/example_subdag_operator.py took 0.469 seconds
[2022-08-23 00:10:52,879] {processor.py:153} INFO - Started process (PID=96674) to work on /home/airflow/.local/lib/python3.7/site-packages/airflow/example_dags/example_subdag_operator.py
[2022-08-23 00:10:52,881] {processor.py:641} INFO - Processing file /home/airflow/.local/lib/python3.7/site-packages/airflow/example_dags/example_subdag_operator.py for tasks to queue
[2022-08-23 00:10:52,883] {logging_mixin.py:115} INFO - [2022-08-23 00:10:52,883] {dagbag.py:508} INFO - Filling up the DagBag from /home/airflow/.local/lib/python3.7/site-packages/airflow/example_dags/example_subdag_operator.py
[2022-08-23 00:10:52,969] {processor.py:651} INFO - DAG(s) dict_keys(['example_subdag_operator.section-1', 'example_subdag_operator.section-2', 'example_subdag_operator']) retrieved from /home/airflow/.local/lib/python3.7/site-packages/airflow/example_dags/example_subdag_operator.py
[2022-08-23 00:10:53,062] {logging_mixin.py:115} INFO - [2022-08-23 00:10:53,062] {dag.py:2420} INFO - Sync 3 DAGs
[2022-08-23 00:10:53,359] {logging_mixin.py:115} INFO - [2022-08-23 00:10:53,359] {dag.py:2972} INFO - Setting next_dagrun for example_subdag_operator to 2022-01-01T00:00:00+00:00, run_after=2022-01-01T00:00:00+00:00
[2022-08-23 00:10:53,360] {logging_mixin.py:115} INFO - [2022-08-23 00:10:53,360] {dag.py:2972} INFO - Setting next_dagrun for example_subdag_operator.section-1 to None, run_after=None
[2022-08-23 00:10:53,362] {logging_mixin.py:115} INFO - [2022-08-23 00:10:53,362] {dag.py:2972} INFO - Setting next_dagrun for example_subdag_operator.section-2 to None, run_after=None
[2022-08-23 00:10:53,375] {logging_mixin.py:115} INFO - [2022-08-23 00:10:53,375] {dag.py:2420} INFO - Sync 2 DAGs
[2022-08-23 00:10:53,385] {logging_mixin.py:115} INFO - [2022-08-23 00:10:53,385] {dag.py:2972} INFO - Setting next_dagrun for example_subdag_operator.section-1 to None, run_after=None
[2022-08-23 00:10:53,388] {logging_mixin.py:115} INFO - [2022-08-23 00:10:53,387] {dag.py:2972} INFO - Setting next_dagrun for example_subdag_operator.section-2 to None, run_after=None
[2022-08-23 00:10:53,401] {processor.py:161} INFO - Processing /home/airflow/.local/lib/python3.7/site-packages/airflow/example_dags/example_subdag_operator.py took 0.531 seconds
[2022-08-23 00:11:25,353] {processor.py:153} INFO - Started process (PID=96879) to work on /home/airflow/.local/lib/python3.7/site-packages/airflow/example_dags/example_subdag_operator.py
[2022-08-23 00:11:25,356] {processor.py:641} INFO - Processing file /home/airflow/.local/lib/python3.7/site-packages/airflow/example_dags/example_subdag_operator.py for tasks to queue
[2022-08-23 00:11:25,360] {logging_mixin.py:115} INFO - [2022-08-23 00:11:25,359] {dagbag.py:508} INFO - Filling up the DagBag from /home/airflow/.local/lib/python3.7/site-packages/airflow/example_dags/example_subdag_operator.py
[2022-08-23 00:11:25,529] {processor.py:651} INFO - DAG(s) dict_keys(['example_subdag_operator.section-1', 'example_subdag_operator.section-2', 'example_subdag_operator']) retrieved from /home/airflow/.local/lib/python3.7/site-packages/airflow/example_dags/example_subdag_operator.py
[2022-08-23 00:11:25,734] {logging_mixin.py:115} INFO - [2022-08-23 00:11:25,734] {dag.py:2420} INFO - Sync 3 DAGs
[2022-08-23 00:11:26,171] {logging_mixin.py:115} INFO - [2022-08-23 00:11:26,171] {dag.py:2972} INFO - Setting next_dagrun for example_subdag_operator to 2022-01-01T00:00:00+00:00, run_after=2022-01-01T00:00:00+00:00
[2022-08-23 00:11:26,175] {logging_mixin.py:115} INFO - [2022-08-23 00:11:26,175] {dag.py:2972} INFO - Setting next_dagrun for example_subdag_operator.section-1 to None, run_after=None
[2022-08-23 00:11:26,180] {logging_mixin.py:115} INFO - [2022-08-23 00:11:26,178] {dag.py:2972} INFO - Setting next_dagrun for example_subdag_operator.section-2 to None, run_after=None
[2022-08-23 00:11:26,212] {logging_mixin.py:115} INFO - [2022-08-23 00:11:26,212] {dag.py:2420} INFO - Sync 2 DAGs
[2022-08-23 00:11:26,233] {logging_mixin.py:115} INFO - [2022-08-23 00:11:26,233] {dag.py:2972} INFO - Setting next_dagrun for example_subdag_operator.section-1 to None, run_after=None
[2022-08-23 00:11:26,236] {logging_mixin.py:115} INFO - [2022-08-23 00:11:26,236] {dag.py:2972} INFO - Setting next_dagrun for example_subdag_operator.section-2 to None, run_after=None
[2022-08-23 00:11:26,268] {processor.py:161} INFO - Processing /home/airflow/.local/lib/python3.7/site-packages/airflow/example_dags/example_subdag_operator.py took 0.947 seconds
[2022-08-23 00:11:56,767] {processor.py:153} INFO - Started process (PID=97079) to work on /home/airflow/.local/lib/python3.7/site-packages/airflow/example_dags/example_subdag_operator.py
[2022-08-23 00:11:56,771] {processor.py:641} INFO - Processing file /home/airflow/.local/lib/python3.7/site-packages/airflow/example_dags/example_subdag_operator.py for tasks to queue
[2022-08-23 00:11:56,774] {logging_mixin.py:115} INFO - [2022-08-23 00:11:56,774] {dagbag.py:508} INFO - Filling up the DagBag from /home/airflow/.local/lib/python3.7/site-packages/airflow/example_dags/example_subdag_operator.py
[2022-08-23 00:11:56,832] {processor.py:651} INFO - DAG(s) dict_keys(['example_subdag_operator.section-1', 'example_subdag_operator.section-2', 'example_subdag_operator']) retrieved from /home/airflow/.local/lib/python3.7/site-packages/airflow/example_dags/example_subdag_operator.py
[2022-08-23 00:11:56,907] {logging_mixin.py:115} INFO - [2022-08-23 00:11:56,907] {dag.py:2420} INFO - Sync 3 DAGs
[2022-08-23 00:11:56,947] {logging_mixin.py:115} INFO - [2022-08-23 00:11:56,947] {dag.py:2972} INFO - Setting next_dagrun for example_subdag_operator to 2022-01-01T00:00:00+00:00, run_after=2022-01-01T00:00:00+00:00
[2022-08-23 00:11:56,949] {logging_mixin.py:115} INFO - [2022-08-23 00:11:56,949] {dag.py:2972} INFO - Setting next_dagrun for example_subdag_operator.section-1 to None, run_after=None
[2022-08-23 00:11:56,950] {logging_mixin.py:115} INFO - [2022-08-23 00:11:56,950] {dag.py:2972} INFO - Setting next_dagrun for example_subdag_operator.section-2 to None, run_after=None
[2022-08-23 00:11:56,963] {logging_mixin.py:115} INFO - [2022-08-23 00:11:56,963] {dag.py:2420} INFO - Sync 2 DAGs
[2022-08-23 00:11:56,977] {logging_mixin.py:115} INFO - [2022-08-23 00:11:56,977] {dag.py:2972} INFO - Setting next_dagrun for example_subdag_operator.section-1 to None, run_after=None
[2022-08-23 00:11:56,978] {logging_mixin.py:115} INFO - [2022-08-23 00:11:56,978] {dag.py:2972} INFO - Setting next_dagrun for example_subdag_operator.section-2 to None, run_after=None
[2022-08-23 00:11:56,994] {processor.py:161} INFO - Processing /home/airflow/.local/lib/python3.7/site-packages/airflow/example_dags/example_subdag_operator.py took 0.233 seconds
[2022-08-23 00:12:27,729] {processor.py:153} INFO - Started process (PID=97272) to work on /home/airflow/.local/lib/python3.7/site-packages/airflow/example_dags/example_subdag_operator.py
[2022-08-23 00:12:27,736] {processor.py:641} INFO - Processing file /home/airflow/.local/lib/python3.7/site-packages/airflow/example_dags/example_subdag_operator.py for tasks to queue
[2022-08-23 00:12:27,739] {logging_mixin.py:115} INFO - [2022-08-23 00:12:27,739] {dagbag.py:508} INFO - Filling up the DagBag from /home/airflow/.local/lib/python3.7/site-packages/airflow/example_dags/example_subdag_operator.py
[2022-08-23 00:12:27,826] {processor.py:651} INFO - DAG(s) dict_keys(['example_subdag_operator.section-1', 'example_subdag_operator.section-2', 'example_subdag_operator']) retrieved from /home/airflow/.local/lib/python3.7/site-packages/airflow/example_dags/example_subdag_operator.py
[2022-08-23 00:12:27,958] {logging_mixin.py:115} INFO - [2022-08-23 00:12:27,958] {dag.py:2420} INFO - Sync 3 DAGs
[2022-08-23 00:12:28,051] {logging_mixin.py:115} INFO - [2022-08-23 00:12:28,050] {dag.py:2972} INFO - Setting next_dagrun for example_subdag_operator to 2022-01-01T00:00:00+00:00, run_after=2022-01-01T00:00:00+00:00
[2022-08-23 00:12:28,059] {logging_mixin.py:115} INFO - [2022-08-23 00:12:28,059] {dag.py:2972} INFO - Setting next_dagrun for example_subdag_operator.section-1 to None, run_after=None
[2022-08-23 00:12:28,070] {logging_mixin.py:115} INFO - [2022-08-23 00:12:28,066] {dag.py:2972} INFO - Setting next_dagrun for example_subdag_operator.section-2 to None, run_after=None
[2022-08-23 00:12:28,112] {logging_mixin.py:115} INFO - [2022-08-23 00:12:28,112] {dag.py:2420} INFO - Sync 2 DAGs
[2022-08-23 00:12:28,143] {logging_mixin.py:115} INFO - [2022-08-23 00:12:28,142] {dag.py:2972} INFO - Setting next_dagrun for example_subdag_operator.section-1 to None, run_after=None
[2022-08-23 00:12:28,156] {logging_mixin.py:115} INFO - [2022-08-23 00:12:28,156] {dag.py:2972} INFO - Setting next_dagrun for example_subdag_operator.section-2 to None, run_after=None
[2022-08-23 00:12:28,207] {processor.py:161} INFO - Processing /home/airflow/.local/lib/python3.7/site-packages/airflow/example_dags/example_subdag_operator.py took 0.488 seconds
[2022-08-23 00:12:58,589] {processor.py:153} INFO - Started process (PID=97461) to work on /home/airflow/.local/lib/python3.7/site-packages/airflow/example_dags/example_subdag_operator.py
[2022-08-23 00:12:58,593] {processor.py:641} INFO - Processing file /home/airflow/.local/lib/python3.7/site-packages/airflow/example_dags/example_subdag_operator.py for tasks to queue
[2022-08-23 00:12:58,597] {logging_mixin.py:115} INFO - [2022-08-23 00:12:58,596] {dagbag.py:508} INFO - Filling up the DagBag from /home/airflow/.local/lib/python3.7/site-packages/airflow/example_dags/example_subdag_operator.py
[2022-08-23 00:12:58,660] {processor.py:651} INFO - DAG(s) dict_keys(['example_subdag_operator.section-1', 'example_subdag_operator.section-2', 'example_subdag_operator']) retrieved from /home/airflow/.local/lib/python3.7/site-packages/airflow/example_dags/example_subdag_operator.py
[2022-08-23 00:12:58,758] {logging_mixin.py:115} INFO - [2022-08-23 00:12:58,758] {dag.py:2420} INFO - Sync 3 DAGs
[2022-08-23 00:12:58,932] {logging_mixin.py:115} INFO - [2022-08-23 00:12:58,932] {dag.py:2972} INFO - Setting next_dagrun for example_subdag_operator to 2022-01-01T00:00:00+00:00, run_after=2022-01-01T00:00:00+00:00
[2022-08-23 00:12:58,954] {logging_mixin.py:115} INFO - [2022-08-23 00:12:58,953] {dag.py:2972} INFO - Setting next_dagrun for example_subdag_operator.section-1 to None, run_after=None
[2022-08-23 00:12:58,959] {logging_mixin.py:115} INFO - [2022-08-23 00:12:58,958] {dag.py:2972} INFO - Setting next_dagrun for example_subdag_operator.section-2 to None, run_after=None
[2022-08-23 00:12:59,066] {logging_mixin.py:115} INFO - [2022-08-23 00:12:59,065] {dag.py:2420} INFO - Sync 2 DAGs
[2022-08-23 00:12:59,104] {logging_mixin.py:115} INFO - [2022-08-23 00:12:59,104] {dag.py:2972} INFO - Setting next_dagrun for example_subdag_operator.section-1 to None, run_after=None
[2022-08-23 00:12:59,107] {logging_mixin.py:115} INFO - [2022-08-23 00:12:59,107] {dag.py:2972} INFO - Setting next_dagrun for example_subdag_operator.section-2 to None, run_after=None
[2022-08-23 00:12:59,138] {processor.py:161} INFO - Processing /home/airflow/.local/lib/python3.7/site-packages/airflow/example_dags/example_subdag_operator.py took 0.559 seconds
[2022-08-23 00:13:29,928] {processor.py:153} INFO - Started process (PID=97651) to work on /home/airflow/.local/lib/python3.7/site-packages/airflow/example_dags/example_subdag_operator.py
[2022-08-23 00:13:29,930] {processor.py:641} INFO - Processing file /home/airflow/.local/lib/python3.7/site-packages/airflow/example_dags/example_subdag_operator.py for tasks to queue
[2022-08-23 00:13:29,933] {logging_mixin.py:115} INFO - [2022-08-23 00:13:29,932] {dagbag.py:508} INFO - Filling up the DagBag from /home/airflow/.local/lib/python3.7/site-packages/airflow/example_dags/example_subdag_operator.py
[2022-08-23 00:13:29,988] {processor.py:651} INFO - DAG(s) dict_keys(['example_subdag_operator.section-1', 'example_subdag_operator.section-2', 'example_subdag_operator']) retrieved from /home/airflow/.local/lib/python3.7/site-packages/airflow/example_dags/example_subdag_operator.py
[2022-08-23 00:13:30,234] {logging_mixin.py:115} INFO - [2022-08-23 00:13:30,234] {dag.py:2420} INFO - Sync 3 DAGs
[2022-08-23 00:13:30,383] {logging_mixin.py:115} INFO - [2022-08-23 00:13:30,383] {dag.py:2972} INFO - Setting next_dagrun for example_subdag_operator to 2022-01-01T00:00:00+00:00, run_after=2022-01-01T00:00:00+00:00
[2022-08-23 00:13:30,386] {logging_mixin.py:115} INFO - [2022-08-23 00:13:30,386] {dag.py:2972} INFO - Setting next_dagrun for example_subdag_operator.section-1 to None, run_after=None
[2022-08-23 00:13:30,388] {logging_mixin.py:115} INFO - [2022-08-23 00:13:30,388] {dag.py:2972} INFO - Setting next_dagrun for example_subdag_operator.section-2 to None, run_after=None
[2022-08-23 00:13:30,410] {logging_mixin.py:115} INFO - [2022-08-23 00:13:30,408] {dag.py:2420} INFO - Sync 2 DAGs
[2022-08-23 00:13:30,428] {logging_mixin.py:115} INFO - [2022-08-23 00:13:30,428] {dag.py:2972} INFO - Setting next_dagrun for example_subdag_operator.section-1 to None, run_after=None
[2022-08-23 00:13:30,430] {logging_mixin.py:115} INFO - [2022-08-23 00:13:30,429] {dag.py:2972} INFO - Setting next_dagrun for example_subdag_operator.section-2 to None, run_after=None
[2022-08-23 00:13:30,448] {processor.py:161} INFO - Processing /home/airflow/.local/lib/python3.7/site-packages/airflow/example_dags/example_subdag_operator.py took 0.529 seconds
[2022-08-23 00:14:00,962] {processor.py:153} INFO - Started process (PID=97846) to work on /home/airflow/.local/lib/python3.7/site-packages/airflow/example_dags/example_subdag_operator.py
[2022-08-23 00:14:00,965] {processor.py:641} INFO - Processing file /home/airflow/.local/lib/python3.7/site-packages/airflow/example_dags/example_subdag_operator.py for tasks to queue
[2022-08-23 00:14:00,967] {logging_mixin.py:115} INFO - [2022-08-23 00:14:00,967] {dagbag.py:508} INFO - Filling up the DagBag from /home/airflow/.local/lib/python3.7/site-packages/airflow/example_dags/example_subdag_operator.py
[2022-08-23 00:14:01,012] {processor.py:651} INFO - DAG(s) dict_keys(['example_subdag_operator.section-1', 'example_subdag_operator.section-2', 'example_subdag_operator']) retrieved from /home/airflow/.local/lib/python3.7/site-packages/airflow/example_dags/example_subdag_operator.py
[2022-08-23 00:14:01,067] {logging_mixin.py:115} INFO - [2022-08-23 00:14:01,067] {dag.py:2420} INFO - Sync 3 DAGs
[2022-08-23 00:14:01,101] {logging_mixin.py:115} INFO - [2022-08-23 00:14:01,101] {dag.py:2972} INFO - Setting next_dagrun for example_subdag_operator to 2022-01-01T00:00:00+00:00, run_after=2022-01-01T00:00:00+00:00
[2022-08-23 00:14:01,102] {logging_mixin.py:115} INFO - [2022-08-23 00:14:01,102] {dag.py:2972} INFO - Setting next_dagrun for example_subdag_operator.section-1 to None, run_after=None
[2022-08-23 00:14:01,104] {logging_mixin.py:115} INFO - [2022-08-23 00:14:01,104] {dag.py:2972} INFO - Setting next_dagrun for example_subdag_operator.section-2 to None, run_after=None
[2022-08-23 00:14:01,115] {logging_mixin.py:115} INFO - [2022-08-23 00:14:01,115] {dag.py:2420} INFO - Sync 2 DAGs
[2022-08-23 00:14:01,125] {logging_mixin.py:115} INFO - [2022-08-23 00:14:01,125] {dag.py:2972} INFO - Setting next_dagrun for example_subdag_operator.section-1 to None, run_after=None
[2022-08-23 00:14:01,127] {logging_mixin.py:115} INFO - [2022-08-23 00:14:01,127] {dag.py:2972} INFO - Setting next_dagrun for example_subdag_operator.section-2 to None, run_after=None
[2022-08-23 00:14:01,140] {processor.py:161} INFO - Processing /home/airflow/.local/lib/python3.7/site-packages/airflow/example_dags/example_subdag_operator.py took 0.188 seconds
[2022-08-23 00:14:31,903] {processor.py:153} INFO - Started process (PID=98041) to work on /home/airflow/.local/lib/python3.7/site-packages/airflow/example_dags/example_subdag_operator.py
[2022-08-23 00:14:31,905] {processor.py:641} INFO - Processing file /home/airflow/.local/lib/python3.7/site-packages/airflow/example_dags/example_subdag_operator.py for tasks to queue
[2022-08-23 00:14:31,908] {logging_mixin.py:115} INFO - [2022-08-23 00:14:31,908] {dagbag.py:508} INFO - Filling up the DagBag from /home/airflow/.local/lib/python3.7/site-packages/airflow/example_dags/example_subdag_operator.py
[2022-08-23 00:14:31,966] {processor.py:651} INFO - DAG(s) dict_keys(['example_subdag_operator.section-1', 'example_subdag_operator.section-2', 'example_subdag_operator']) retrieved from /home/airflow/.local/lib/python3.7/site-packages/airflow/example_dags/example_subdag_operator.py
[2022-08-23 00:14:32,023] {logging_mixin.py:115} INFO - [2022-08-23 00:14:32,023] {dag.py:2420} INFO - Sync 3 DAGs
[2022-08-23 00:14:32,057] {logging_mixin.py:115} INFO - [2022-08-23 00:14:32,056] {dag.py:2972} INFO - Setting next_dagrun for example_subdag_operator to 2022-01-01T00:00:00+00:00, run_after=2022-01-01T00:00:00+00:00
[2022-08-23 00:14:32,059] {logging_mixin.py:115} INFO - [2022-08-23 00:14:32,059] {dag.py:2972} INFO - Setting next_dagrun for example_subdag_operator.section-1 to None, run_after=None
[2022-08-23 00:14:32,060] {logging_mixin.py:115} INFO - [2022-08-23 00:14:32,060] {dag.py:2972} INFO - Setting next_dagrun for example_subdag_operator.section-2 to None, run_after=None
[2022-08-23 00:14:32,074] {logging_mixin.py:115} INFO - [2022-08-23 00:14:32,074] {dag.py:2420} INFO - Sync 2 DAGs
[2022-08-23 00:14:32,083] {logging_mixin.py:115} INFO - [2022-08-23 00:14:32,083] {dag.py:2972} INFO - Setting next_dagrun for example_subdag_operator.section-1 to None, run_after=None
[2022-08-23 00:14:32,085] {logging_mixin.py:115} INFO - [2022-08-23 00:14:32,085] {dag.py:2972} INFO - Setting next_dagrun for example_subdag_operator.section-2 to None, run_after=None
[2022-08-23 00:14:32,101] {processor.py:161} INFO - Processing /home/airflow/.local/lib/python3.7/site-packages/airflow/example_dags/example_subdag_operator.py took 0.205 seconds
[2022-08-23 00:15:02,804] {processor.py:153} INFO - Started process (PID=98236) to work on /home/airflow/.local/lib/python3.7/site-packages/airflow/example_dags/example_subdag_operator.py
[2022-08-23 00:15:02,807] {processor.py:641} INFO - Processing file /home/airflow/.local/lib/python3.7/site-packages/airflow/example_dags/example_subdag_operator.py for tasks to queue
[2022-08-23 00:15:02,808] {logging_mixin.py:115} INFO - [2022-08-23 00:15:02,808] {dagbag.py:508} INFO - Filling up the DagBag from /home/airflow/.local/lib/python3.7/site-packages/airflow/example_dags/example_subdag_operator.py
[2022-08-23 00:15:02,866] {processor.py:651} INFO - DAG(s) dict_keys(['example_subdag_operator.section-1', 'example_subdag_operator.section-2', 'example_subdag_operator']) retrieved from /home/airflow/.local/lib/python3.7/site-packages/airflow/example_dags/example_subdag_operator.py
[2022-08-23 00:15:02,939] {logging_mixin.py:115} INFO - [2022-08-23 00:15:02,939] {dag.py:2420} INFO - Sync 3 DAGs
[2022-08-23 00:15:02,989] {logging_mixin.py:115} INFO - [2022-08-23 00:15:02,989] {dag.py:2972} INFO - Setting next_dagrun for example_subdag_operator to 2022-01-01T00:00:00+00:00, run_after=2022-01-01T00:00:00+00:00
[2022-08-23 00:15:02,993] {logging_mixin.py:115} INFO - [2022-08-23 00:15:02,993] {dag.py:2972} INFO - Setting next_dagrun for example_subdag_operator.section-1 to None, run_after=None
[2022-08-23 00:15:02,995] {logging_mixin.py:115} INFO - [2022-08-23 00:15:02,995] {dag.py:2972} INFO - Setting next_dagrun for example_subdag_operator.section-2 to None, run_after=None
[2022-08-23 00:15:03,015] {logging_mixin.py:115} INFO - [2022-08-23 00:15:03,015] {dag.py:2420} INFO - Sync 2 DAGs
[2022-08-23 00:15:03,033] {logging_mixin.py:115} INFO - [2022-08-23 00:15:03,033] {dag.py:2972} INFO - Setting next_dagrun for example_subdag_operator.section-1 to None, run_after=None
[2022-08-23 00:15:03,034] {logging_mixin.py:115} INFO - [2022-08-23 00:15:03,034] {dag.py:2972} INFO - Setting next_dagrun for example_subdag_operator.section-2 to None, run_after=None
[2022-08-23 00:15:03,049] {processor.py:161} INFO - Processing /home/airflow/.local/lib/python3.7/site-packages/airflow/example_dags/example_subdag_operator.py took 0.250 seconds
[2022-08-23 00:15:33,838] {processor.py:153} INFO - Started process (PID=98439) to work on /home/airflow/.local/lib/python3.7/site-packages/airflow/example_dags/example_subdag_operator.py
[2022-08-23 00:15:33,844] {processor.py:641} INFO - Processing file /home/airflow/.local/lib/python3.7/site-packages/airflow/example_dags/example_subdag_operator.py for tasks to queue
[2022-08-23 00:15:33,847] {logging_mixin.py:115} INFO - [2022-08-23 00:15:33,847] {dagbag.py:508} INFO - Filling up the DagBag from /home/airflow/.local/lib/python3.7/site-packages/airflow/example_dags/example_subdag_operator.py
[2022-08-23 00:15:33,904] {processor.py:651} INFO - DAG(s) dict_keys(['example_subdag_operator.section-1', 'example_subdag_operator.section-2', 'example_subdag_operator']) retrieved from /home/airflow/.local/lib/python3.7/site-packages/airflow/example_dags/example_subdag_operator.py
[2022-08-23 00:15:34,012] {logging_mixin.py:115} INFO - [2022-08-23 00:15:34,012] {dag.py:2420} INFO - Sync 3 DAGs
[2022-08-23 00:15:34,136] {logging_mixin.py:115} INFO - [2022-08-23 00:15:34,136] {dag.py:2972} INFO - Setting next_dagrun for example_subdag_operator to 2022-01-01T00:00:00+00:00, run_after=2022-01-01T00:00:00+00:00
[2022-08-23 00:15:34,139] {logging_mixin.py:115} INFO - [2022-08-23 00:15:34,139] {dag.py:2972} INFO - Setting next_dagrun for example_subdag_operator.section-1 to None, run_after=None
[2022-08-23 00:15:34,141] {logging_mixin.py:115} INFO - [2022-08-23 00:15:34,141] {dag.py:2972} INFO - Setting next_dagrun for example_subdag_operator.section-2 to None, run_after=None
[2022-08-23 00:15:34,163] {logging_mixin.py:115} INFO - [2022-08-23 00:15:34,163] {dag.py:2420} INFO - Sync 2 DAGs
[2022-08-23 00:15:34,194] {logging_mixin.py:115} INFO - [2022-08-23 00:15:34,194] {dag.py:2972} INFO - Setting next_dagrun for example_subdag_operator.section-1 to None, run_after=None
[2022-08-23 00:15:34,196] {logging_mixin.py:115} INFO - [2022-08-23 00:15:34,196] {dag.py:2972} INFO - Setting next_dagrun for example_subdag_operator.section-2 to None, run_after=None
[2022-08-23 00:15:34,214] {processor.py:161} INFO - Processing /home/airflow/.local/lib/python3.7/site-packages/airflow/example_dags/example_subdag_operator.py took 0.381 seconds
[2022-08-23 00:16:04,791] {processor.py:153} INFO - Started process (PID=98633) to work on /home/airflow/.local/lib/python3.7/site-packages/airflow/example_dags/example_subdag_operator.py
[2022-08-23 00:16:04,801] {processor.py:641} INFO - Processing file /home/airflow/.local/lib/python3.7/site-packages/airflow/example_dags/example_subdag_operator.py for tasks to queue
[2022-08-23 00:16:04,808] {logging_mixin.py:115} INFO - [2022-08-23 00:16:04,807] {dagbag.py:508} INFO - Filling up the DagBag from /home/airflow/.local/lib/python3.7/site-packages/airflow/example_dags/example_subdag_operator.py
[2022-08-23 00:16:04,859] {processor.py:651} INFO - DAG(s) dict_keys(['example_subdag_operator.section-1', 'example_subdag_operator.section-2', 'example_subdag_operator']) retrieved from /home/airflow/.local/lib/python3.7/site-packages/airflow/example_dags/example_subdag_operator.py
[2022-08-23 00:16:04,926] {logging_mixin.py:115} INFO - [2022-08-23 00:16:04,926] {dag.py:2420} INFO - Sync 3 DAGs
[2022-08-23 00:16:04,968] {logging_mixin.py:115} INFO - [2022-08-23 00:16:04,968] {dag.py:2972} INFO - Setting next_dagrun for example_subdag_operator to 2022-01-01T00:00:00+00:00, run_after=2022-01-01T00:00:00+00:00
[2022-08-23 00:16:04,970] {logging_mixin.py:115} INFO - [2022-08-23 00:16:04,970] {dag.py:2972} INFO - Setting next_dagrun for example_subdag_operator.section-1 to None, run_after=None
[2022-08-23 00:16:04,972] {logging_mixin.py:115} INFO - [2022-08-23 00:16:04,972] {dag.py:2972} INFO - Setting next_dagrun for example_subdag_operator.section-2 to None, run_after=None
[2022-08-23 00:16:04,989] {logging_mixin.py:115} INFO - [2022-08-23 00:16:04,988] {dag.py:2420} INFO - Sync 2 DAGs
[2022-08-23 00:16:05,004] {logging_mixin.py:115} INFO - [2022-08-23 00:16:05,004] {dag.py:2972} INFO - Setting next_dagrun for example_subdag_operator.section-1 to None, run_after=None
[2022-08-23 00:16:05,014] {logging_mixin.py:115} INFO - [2022-08-23 00:16:05,013] {dag.py:2972} INFO - Setting next_dagrun for example_subdag_operator.section-2 to None, run_after=None
[2022-08-23 00:16:05,033] {processor.py:161} INFO - Processing /home/airflow/.local/lib/python3.7/site-packages/airflow/example_dags/example_subdag_operator.py took 0.249 seconds
[2022-08-23 00:16:35,363] {processor.py:153} INFO - Started process (PID=98825) to work on /home/airflow/.local/lib/python3.7/site-packages/airflow/example_dags/example_subdag_operator.py
[2022-08-23 00:16:35,372] {processor.py:641} INFO - Processing file /home/airflow/.local/lib/python3.7/site-packages/airflow/example_dags/example_subdag_operator.py for tasks to queue
[2022-08-23 00:16:35,378] {logging_mixin.py:115} INFO - [2022-08-23 00:16:35,377] {dagbag.py:508} INFO - Filling up the DagBag from /home/airflow/.local/lib/python3.7/site-packages/airflow/example_dags/example_subdag_operator.py
[2022-08-23 00:16:35,466] {processor.py:651} INFO - DAG(s) dict_keys(['example_subdag_operator.section-1', 'example_subdag_operator.section-2', 'example_subdag_operator']) retrieved from /home/airflow/.local/lib/python3.7/site-packages/airflow/example_dags/example_subdag_operator.py
[2022-08-23 00:16:35,533] {logging_mixin.py:115} INFO - [2022-08-23 00:16:35,533] {dag.py:2420} INFO - Sync 3 DAGs
[2022-08-23 00:16:35,803] {logging_mixin.py:115} INFO - [2022-08-23 00:16:35,802] {dag.py:2972} INFO - Setting next_dagrun for example_subdag_operator to 2022-01-01T00:00:00+00:00, run_after=2022-01-01T00:00:00+00:00
[2022-08-23 00:16:35,806] {logging_mixin.py:115} INFO - [2022-08-23 00:16:35,806] {dag.py:2972} INFO - Setting next_dagrun for example_subdag_operator.section-1 to None, run_after=None
[2022-08-23 00:16:35,809] {logging_mixin.py:115} INFO - [2022-08-23 00:16:35,809] {dag.py:2972} INFO - Setting next_dagrun for example_subdag_operator.section-2 to None, run_after=None
[2022-08-23 00:16:35,836] {logging_mixin.py:115} INFO - [2022-08-23 00:16:35,835] {dag.py:2420} INFO - Sync 2 DAGs
[2022-08-23 00:16:35,860] {logging_mixin.py:115} INFO - [2022-08-23 00:16:35,860] {dag.py:2972} INFO - Setting next_dagrun for example_subdag_operator.section-1 to None, run_after=None
[2022-08-23 00:16:35,865] {logging_mixin.py:115} INFO - [2022-08-23 00:16:35,865] {dag.py:2972} INFO - Setting next_dagrun for example_subdag_operator.section-2 to None, run_after=None
[2022-08-23 00:16:35,888] {processor.py:161} INFO - Processing /home/airflow/.local/lib/python3.7/site-packages/airflow/example_dags/example_subdag_operator.py took 0.539 seconds
[2022-08-23 00:17:07,203] {processor.py:153} INFO - Started process (PID=99028) to work on /home/airflow/.local/lib/python3.7/site-packages/airflow/example_dags/example_subdag_operator.py
[2022-08-23 00:17:07,208] {processor.py:641} INFO - Processing file /home/airflow/.local/lib/python3.7/site-packages/airflow/example_dags/example_subdag_operator.py for tasks to queue
[2022-08-23 00:17:07,219] {logging_mixin.py:115} INFO - [2022-08-23 00:17:07,219] {dagbag.py:508} INFO - Filling up the DagBag from /home/airflow/.local/lib/python3.7/site-packages/airflow/example_dags/example_subdag_operator.py
[2022-08-23 00:17:07,376] {processor.py:651} INFO - DAG(s) dict_keys(['example_subdag_operator.section-1', 'example_subdag_operator.section-2', 'example_subdag_operator']) retrieved from /home/airflow/.local/lib/python3.7/site-packages/airflow/example_dags/example_subdag_operator.py
[2022-08-23 00:17:07,524] {logging_mixin.py:115} INFO - [2022-08-23 00:17:07,524] {dag.py:2420} INFO - Sync 3 DAGs
[2022-08-23 00:17:07,612] {logging_mixin.py:115} INFO - [2022-08-23 00:17:07,612] {dag.py:2972} INFO - Setting next_dagrun for example_subdag_operator to 2022-01-01T00:00:00+00:00, run_after=2022-01-01T00:00:00+00:00
[2022-08-23 00:17:07,617] {logging_mixin.py:115} INFO - [2022-08-23 00:17:07,617] {dag.py:2972} INFO - Setting next_dagrun for example_subdag_operator.section-1 to None, run_after=None
[2022-08-23 00:17:07,621] {logging_mixin.py:115} INFO - [2022-08-23 00:17:07,620] {dag.py:2972} INFO - Setting next_dagrun for example_subdag_operator.section-2 to None, run_after=None
[2022-08-23 00:17:07,651] {logging_mixin.py:115} INFO - [2022-08-23 00:17:07,651] {dag.py:2420} INFO - Sync 2 DAGs
[2022-08-23 00:17:07,683] {logging_mixin.py:115} INFO - [2022-08-23 00:17:07,683] {dag.py:2972} INFO - Setting next_dagrun for example_subdag_operator.section-1 to None, run_after=None
[2022-08-23 00:17:07,692] {logging_mixin.py:115} INFO - [2022-08-23 00:17:07,692] {dag.py:2972} INFO - Setting next_dagrun for example_subdag_operator.section-2 to None, run_after=None
[2022-08-23 00:17:07,727] {processor.py:161} INFO - Processing /home/airflow/.local/lib/python3.7/site-packages/airflow/example_dags/example_subdag_operator.py took 0.534 seconds
[2022-08-23 00:17:37,966] {processor.py:153} INFO - Started process (PID=99223) to work on /home/airflow/.local/lib/python3.7/site-packages/airflow/example_dags/example_subdag_operator.py
[2022-08-23 00:17:37,987] {processor.py:641} INFO - Processing file /home/airflow/.local/lib/python3.7/site-packages/airflow/example_dags/example_subdag_operator.py for tasks to queue
[2022-08-23 00:17:38,013] {logging_mixin.py:115} INFO - [2022-08-23 00:17:38,012] {dagbag.py:508} INFO - Filling up the DagBag from /home/airflow/.local/lib/python3.7/site-packages/airflow/example_dags/example_subdag_operator.py
[2022-08-23 00:17:38,057] {processor.py:651} INFO - DAG(s) dict_keys(['example_subdag_operator.section-1', 'example_subdag_operator.section-2', 'example_subdag_operator']) retrieved from /home/airflow/.local/lib/python3.7/site-packages/airflow/example_dags/example_subdag_operator.py
[2022-08-23 00:17:38,139] {logging_mixin.py:115} INFO - [2022-08-23 00:17:38,138] {dag.py:2420} INFO - Sync 3 DAGs
[2022-08-23 00:17:38,195] {logging_mixin.py:115} INFO - [2022-08-23 00:17:38,195] {dag.py:2972} INFO - Setting next_dagrun for example_subdag_operator to 2022-01-01T00:00:00+00:00, run_after=2022-01-01T00:00:00+00:00
[2022-08-23 00:17:38,198] {logging_mixin.py:115} INFO - [2022-08-23 00:17:38,197] {dag.py:2972} INFO - Setting next_dagrun for example_subdag_operator.section-1 to None, run_after=None
[2022-08-23 00:17:38,200] {logging_mixin.py:115} INFO - [2022-08-23 00:17:38,199] {dag.py:2972} INFO - Setting next_dagrun for example_subdag_operator.section-2 to None, run_after=None
[2022-08-23 00:17:38,238] {logging_mixin.py:115} INFO - [2022-08-23 00:17:38,238] {dag.py:2420} INFO - Sync 2 DAGs
[2022-08-23 00:17:38,250] {logging_mixin.py:115} INFO - [2022-08-23 00:17:38,250] {dag.py:2972} INFO - Setting next_dagrun for example_subdag_operator.section-1 to None, run_after=None
[2022-08-23 00:17:38,252] {logging_mixin.py:115} INFO - [2022-08-23 00:17:38,252] {dag.py:2972} INFO - Setting next_dagrun for example_subdag_operator.section-2 to None, run_after=None
[2022-08-23 00:17:38,265] {processor.py:161} INFO - Processing /home/airflow/.local/lib/python3.7/site-packages/airflow/example_dags/example_subdag_operator.py took 0.306 seconds
[2022-08-23 00:18:08,552] {processor.py:153} INFO - Started process (PID=99421) to work on /home/airflow/.local/lib/python3.7/site-packages/airflow/example_dags/example_subdag_operator.py
[2022-08-23 00:18:08,554] {processor.py:641} INFO - Processing file /home/airflow/.local/lib/python3.7/site-packages/airflow/example_dags/example_subdag_operator.py for tasks to queue
[2022-08-23 00:18:08,556] {logging_mixin.py:115} INFO - [2022-08-23 00:18:08,556] {dagbag.py:508} INFO - Filling up the DagBag from /home/airflow/.local/lib/python3.7/site-packages/airflow/example_dags/example_subdag_operator.py
[2022-08-23 00:18:08,645] {processor.py:651} INFO - DAG(s) dict_keys(['example_subdag_operator.section-1', 'example_subdag_operator.section-2', 'example_subdag_operator']) retrieved from /home/airflow/.local/lib/python3.7/site-packages/airflow/example_dags/example_subdag_operator.py
[2022-08-23 00:18:08,746] {logging_mixin.py:115} INFO - [2022-08-23 00:18:08,746] {dag.py:2420} INFO - Sync 3 DAGs
[2022-08-23 00:18:08,826] {logging_mixin.py:115} INFO - [2022-08-23 00:18:08,826] {dag.py:2972} INFO - Setting next_dagrun for example_subdag_operator to 2022-01-01T00:00:00+00:00, run_after=2022-01-01T00:00:00+00:00
[2022-08-23 00:18:08,829] {logging_mixin.py:115} INFO - [2022-08-23 00:18:08,828] {dag.py:2972} INFO - Setting next_dagrun for example_subdag_operator.section-1 to None, run_after=None
[2022-08-23 00:18:08,832] {logging_mixin.py:115} INFO - [2022-08-23 00:18:08,832] {dag.py:2972} INFO - Setting next_dagrun for example_subdag_operator.section-2 to None, run_after=None
[2022-08-23 00:18:08,863] {logging_mixin.py:115} INFO - [2022-08-23 00:18:08,863] {dag.py:2420} INFO - Sync 2 DAGs
[2022-08-23 00:18:08,878] {logging_mixin.py:115} INFO - [2022-08-23 00:18:08,878] {dag.py:2972} INFO - Setting next_dagrun for example_subdag_operator.section-1 to None, run_after=None
[2022-08-23 00:18:08,880] {logging_mixin.py:115} INFO - [2022-08-23 00:18:08,880] {dag.py:2972} INFO - Setting next_dagrun for example_subdag_operator.section-2 to None, run_after=None
[2022-08-23 00:18:08,900] {processor.py:161} INFO - Processing /home/airflow/.local/lib/python3.7/site-packages/airflow/example_dags/example_subdag_operator.py took 0.357 seconds
[2022-08-23 00:18:39,882] {processor.py:153} INFO - Started process (PID=99614) to work on /home/airflow/.local/lib/python3.7/site-packages/airflow/example_dags/example_subdag_operator.py
[2022-08-23 00:18:39,886] {processor.py:641} INFO - Processing file /home/airflow/.local/lib/python3.7/site-packages/airflow/example_dags/example_subdag_operator.py for tasks to queue
[2022-08-23 00:18:39,889] {logging_mixin.py:115} INFO - [2022-08-23 00:18:39,889] {dagbag.py:508} INFO - Filling up the DagBag from /home/airflow/.local/lib/python3.7/site-packages/airflow/example_dags/example_subdag_operator.py
[2022-08-23 00:18:39,942] {processor.py:651} INFO - DAG(s) dict_keys(['example_subdag_operator.section-1', 'example_subdag_operator.section-2', 'example_subdag_operator']) retrieved from /home/airflow/.local/lib/python3.7/site-packages/airflow/example_dags/example_subdag_operator.py
[2022-08-23 00:18:40,068] {logging_mixin.py:115} INFO - [2022-08-23 00:18:40,068] {dag.py:2420} INFO - Sync 3 DAGs
[2022-08-23 00:18:40,250] {logging_mixin.py:115} INFO - [2022-08-23 00:18:40,249] {dag.py:2972} INFO - Setting next_dagrun for example_subdag_operator to 2022-01-01T00:00:00+00:00, run_after=2022-01-01T00:00:00+00:00
[2022-08-23 00:18:40,278] {logging_mixin.py:115} INFO - [2022-08-23 00:18:40,277] {dag.py:2972} INFO - Setting next_dagrun for example_subdag_operator.section-1 to None, run_after=None
[2022-08-23 00:18:40,298] {logging_mixin.py:115} INFO - [2022-08-23 00:18:40,283] {dag.py:2972} INFO - Setting next_dagrun for example_subdag_operator.section-2 to None, run_after=None
[2022-08-23 00:18:40,377] {logging_mixin.py:115} INFO - [2022-08-23 00:18:40,377] {dag.py:2420} INFO - Sync 2 DAGs
[2022-08-23 00:18:40,394] {logging_mixin.py:115} INFO - [2022-08-23 00:18:40,394] {dag.py:2972} INFO - Setting next_dagrun for example_subdag_operator.section-1 to None, run_after=None
[2022-08-23 00:18:40,396] {logging_mixin.py:115} INFO - [2022-08-23 00:18:40,396] {dag.py:2972} INFO - Setting next_dagrun for example_subdag_operator.section-2 to None, run_after=None
[2022-08-23 00:18:40,420] {processor.py:161} INFO - Processing /home/airflow/.local/lib/python3.7/site-packages/airflow/example_dags/example_subdag_operator.py took 0.550 seconds
[2022-08-23 00:19:10,653] {processor.py:153} INFO - Started process (PID=99822) to work on /home/airflow/.local/lib/python3.7/site-packages/airflow/example_dags/example_subdag_operator.py
[2022-08-23 00:19:10,656] {processor.py:641} INFO - Processing file /home/airflow/.local/lib/python3.7/site-packages/airflow/example_dags/example_subdag_operator.py for tasks to queue
[2022-08-23 00:19:10,658] {logging_mixin.py:115} INFO - [2022-08-23 00:19:10,658] {dagbag.py:508} INFO - Filling up the DagBag from /home/airflow/.local/lib/python3.7/site-packages/airflow/example_dags/example_subdag_operator.py
[2022-08-23 00:19:10,718] {processor.py:651} INFO - DAG(s) dict_keys(['example_subdag_operator.section-1', 'example_subdag_operator.section-2', 'example_subdag_operator']) retrieved from /home/airflow/.local/lib/python3.7/site-packages/airflow/example_dags/example_subdag_operator.py
[2022-08-23 00:19:10,784] {logging_mixin.py:115} INFO - [2022-08-23 00:19:10,784] {dag.py:2420} INFO - Sync 3 DAGs
[2022-08-23 00:19:10,840] {logging_mixin.py:115} INFO - [2022-08-23 00:19:10,839] {dag.py:2972} INFO - Setting next_dagrun for example_subdag_operator to 2022-01-01T00:00:00+00:00, run_after=2022-01-01T00:00:00+00:00
[2022-08-23 00:19:10,842] {logging_mixin.py:115} INFO - [2022-08-23 00:19:10,842] {dag.py:2972} INFO - Setting next_dagrun for example_subdag_operator.section-1 to None, run_after=None
[2022-08-23 00:19:10,845] {logging_mixin.py:115} INFO - [2022-08-23 00:19:10,845] {dag.py:2972} INFO - Setting next_dagrun for example_subdag_operator.section-2 to None, run_after=None
[2022-08-23 00:19:10,873] {logging_mixin.py:115} INFO - [2022-08-23 00:19:10,873] {dag.py:2420} INFO - Sync 2 DAGs
[2022-08-23 00:19:10,891] {logging_mixin.py:115} INFO - [2022-08-23 00:19:10,891] {dag.py:2972} INFO - Setting next_dagrun for example_subdag_operator.section-1 to None, run_after=None
[2022-08-23 00:19:10,893] {logging_mixin.py:115} INFO - [2022-08-23 00:19:10,893] {dag.py:2972} INFO - Setting next_dagrun for example_subdag_operator.section-2 to None, run_after=None
[2022-08-23 00:19:10,914] {processor.py:161} INFO - Processing /home/airflow/.local/lib/python3.7/site-packages/airflow/example_dags/example_subdag_operator.py took 0.269 seconds
[2022-08-23 00:19:42,066] {processor.py:153} INFO - Started process (PID=318) to work on /home/airflow/.local/lib/python3.7/site-packages/airflow/example_dags/example_subdag_operator.py
[2022-08-23 00:19:42,069] {processor.py:641} INFO - Processing file /home/airflow/.local/lib/python3.7/site-packages/airflow/example_dags/example_subdag_operator.py for tasks to queue
[2022-08-23 00:19:42,074] {logging_mixin.py:115} INFO - [2022-08-23 00:19:42,073] {dagbag.py:508} INFO - Filling up the DagBag from /home/airflow/.local/lib/python3.7/site-packages/airflow/example_dags/example_subdag_operator.py
[2022-08-23 00:19:42,148] {processor.py:651} INFO - DAG(s) dict_keys(['example_subdag_operator.section-1', 'example_subdag_operator.section-2', 'example_subdag_operator']) retrieved from /home/airflow/.local/lib/python3.7/site-packages/airflow/example_dags/example_subdag_operator.py
[2022-08-23 00:19:42,216] {logging_mixin.py:115} INFO - [2022-08-23 00:19:42,216] {dag.py:2420} INFO - Sync 3 DAGs
[2022-08-23 00:19:42,255] {logging_mixin.py:115} INFO - [2022-08-23 00:19:42,255] {dag.py:2972} INFO - Setting next_dagrun for example_subdag_operator to 2022-01-01T00:00:00+00:00, run_after=2022-01-01T00:00:00+00:00
[2022-08-23 00:19:42,257] {logging_mixin.py:115} INFO - [2022-08-23 00:19:42,256] {dag.py:2972} INFO - Setting next_dagrun for example_subdag_operator.section-1 to None, run_after=None
[2022-08-23 00:19:42,259] {logging_mixin.py:115} INFO - [2022-08-23 00:19:42,258] {dag.py:2972} INFO - Setting next_dagrun for example_subdag_operator.section-2 to None, run_after=None
[2022-08-23 00:19:42,278] {logging_mixin.py:115} INFO - [2022-08-23 00:19:42,278] {dag.py:2420} INFO - Sync 2 DAGs
[2022-08-23 00:19:42,291] {logging_mixin.py:115} INFO - [2022-08-23 00:19:42,291] {dag.py:2972} INFO - Setting next_dagrun for example_subdag_operator.section-1 to None, run_after=None
[2022-08-23 00:19:42,293] {logging_mixin.py:115} INFO - [2022-08-23 00:19:42,293] {dag.py:2972} INFO - Setting next_dagrun for example_subdag_operator.section-2 to None, run_after=None
[2022-08-23 00:19:42,307] {processor.py:161} INFO - Processing /home/airflow/.local/lib/python3.7/site-packages/airflow/example_dags/example_subdag_operator.py took 0.251 seconds
[2022-08-23 00:20:13,311] {processor.py:153} INFO - Started process (PID=527) to work on /home/airflow/.local/lib/python3.7/site-packages/airflow/example_dags/example_subdag_operator.py
[2022-08-23 00:20:13,314] {processor.py:641} INFO - Processing file /home/airflow/.local/lib/python3.7/site-packages/airflow/example_dags/example_subdag_operator.py for tasks to queue
[2022-08-23 00:20:13,317] {logging_mixin.py:115} INFO - [2022-08-23 00:20:13,317] {dagbag.py:508} INFO - Filling up the DagBag from /home/airflow/.local/lib/python3.7/site-packages/airflow/example_dags/example_subdag_operator.py
[2022-08-23 00:20:13,389] {processor.py:651} INFO - DAG(s) dict_keys(['example_subdag_operator.section-1', 'example_subdag_operator.section-2', 'example_subdag_operator']) retrieved from /home/airflow/.local/lib/python3.7/site-packages/airflow/example_dags/example_subdag_operator.py
[2022-08-23 00:20:13,461] {logging_mixin.py:115} INFO - [2022-08-23 00:20:13,461] {dag.py:2420} INFO - Sync 3 DAGs
[2022-08-23 00:20:13,510] {logging_mixin.py:115} INFO - [2022-08-23 00:20:13,510] {dag.py:2972} INFO - Setting next_dagrun for example_subdag_operator to 2022-01-01T00:00:00+00:00, run_after=2022-01-01T00:00:00+00:00
[2022-08-23 00:20:13,513] {logging_mixin.py:115} INFO - [2022-08-23 00:20:13,513] {dag.py:2972} INFO - Setting next_dagrun for example_subdag_operator.section-1 to None, run_after=None
[2022-08-23 00:20:13,515] {logging_mixin.py:115} INFO - [2022-08-23 00:20:13,515] {dag.py:2972} INFO - Setting next_dagrun for example_subdag_operator.section-2 to None, run_after=None
[2022-08-23 00:20:13,532] {logging_mixin.py:115} INFO - [2022-08-23 00:20:13,532] {dag.py:2420} INFO - Sync 2 DAGs
[2022-08-23 00:20:13,542] {logging_mixin.py:115} INFO - [2022-08-23 00:20:13,542] {dag.py:2972} INFO - Setting next_dagrun for example_subdag_operator.section-1 to None, run_after=None
[2022-08-23 00:20:13,543] {logging_mixin.py:115} INFO - [2022-08-23 00:20:13,543] {dag.py:2972} INFO - Setting next_dagrun for example_subdag_operator.section-2 to None, run_after=None
[2022-08-23 00:20:13,558] {processor.py:161} INFO - Processing /home/airflow/.local/lib/python3.7/site-packages/airflow/example_dags/example_subdag_operator.py took 0.257 seconds
[2022-08-23 00:20:44,447] {processor.py:153} INFO - Started process (PID=721) to work on /home/airflow/.local/lib/python3.7/site-packages/airflow/example_dags/example_subdag_operator.py
[2022-08-23 00:20:44,451] {processor.py:641} INFO - Processing file /home/airflow/.local/lib/python3.7/site-packages/airflow/example_dags/example_subdag_operator.py for tasks to queue
[2022-08-23 00:20:44,457] {logging_mixin.py:115} INFO - [2022-08-23 00:20:44,456] {dagbag.py:508} INFO - Filling up the DagBag from /home/airflow/.local/lib/python3.7/site-packages/airflow/example_dags/example_subdag_operator.py
[2022-08-23 00:20:44,560] {processor.py:651} INFO - DAG(s) dict_keys(['example_subdag_operator.section-1', 'example_subdag_operator.section-2', 'example_subdag_operator']) retrieved from /home/airflow/.local/lib/python3.7/site-packages/airflow/example_dags/example_subdag_operator.py
[2022-08-23 00:20:44,755] {logging_mixin.py:115} INFO - [2022-08-23 00:20:44,755] {dag.py:2420} INFO - Sync 3 DAGs
[2022-08-23 00:20:44,913] {logging_mixin.py:115} INFO - [2022-08-23 00:20:44,912] {dag.py:2972} INFO - Setting next_dagrun for example_subdag_operator to 2022-01-01T00:00:00+00:00, run_after=2022-01-01T00:00:00+00:00
[2022-08-23 00:20:44,916] {logging_mixin.py:115} INFO - [2022-08-23 00:20:44,916] {dag.py:2972} INFO - Setting next_dagrun for example_subdag_operator.section-1 to None, run_after=None
[2022-08-23 00:20:44,918] {logging_mixin.py:115} INFO - [2022-08-23 00:20:44,918] {dag.py:2972} INFO - Setting next_dagrun for example_subdag_operator.section-2 to None, run_after=None
[2022-08-23 00:20:44,972] {logging_mixin.py:115} INFO - [2022-08-23 00:20:44,972] {dag.py:2420} INFO - Sync 2 DAGs
[2022-08-23 00:20:45,031] {logging_mixin.py:115} INFO - [2022-08-23 00:20:45,031] {dag.py:2972} INFO - Setting next_dagrun for example_subdag_operator.section-1 to None, run_after=None
[2022-08-23 00:20:45,041] {logging_mixin.py:115} INFO - [2022-08-23 00:20:45,040] {dag.py:2972} INFO - Setting next_dagrun for example_subdag_operator.section-2 to None, run_after=None
[2022-08-23 00:20:45,127] {processor.py:161} INFO - Processing /home/airflow/.local/lib/python3.7/site-packages/airflow/example_dags/example_subdag_operator.py took 0.687 seconds
