[2022-08-23 00:00:06,718] {processor.py:153} INFO - Started process (PID=92674) to work on /home/airflow/.local/lib/python3.7/site-packages/airflow/example_dags/example_latest_only_with_trigger.py
[2022-08-23 00:00:06,729] {processor.py:641} INFO - Processing file /home/airflow/.local/lib/python3.7/site-packages/airflow/example_dags/example_latest_only_with_trigger.py for tasks to queue
[2022-08-23 00:00:06,739] {logging_mixin.py:115} INFO - [2022-08-23 00:00:06,739] {dagbag.py:508} INFO - Filling up the DagBag from /home/airflow/.local/lib/python3.7/site-packages/airflow/example_dags/example_latest_only_with_trigger.py
[2022-08-23 00:00:06,755] {processor.py:651} INFO - DAG(s) dict_keys(['latest_only_with_trigger']) retrieved from /home/airflow/.local/lib/python3.7/site-packages/airflow/example_dags/example_latest_only_with_trigger.py
[2022-08-23 00:00:06,807] {logging_mixin.py:115} INFO - [2022-08-23 00:00:06,807] {dag.py:2420} INFO - Sync 1 DAGs
[2022-08-23 00:00:06,899] {logging_mixin.py:115} INFO - [2022-08-23 00:00:06,898] {dag.py:2972} INFO - Setting next_dagrun for latest_only_with_trigger to 2022-08-22T20:00:06.897914+00:00, run_after=2022-08-23T00:00:06.897914+00:00
[2022-08-23 00:00:06,942] {processor.py:161} INFO - Processing /home/airflow/.local/lib/python3.7/site-packages/airflow/example_dags/example_latest_only_with_trigger.py took 0.230 seconds
[2022-08-23 00:00:40,992] {processor.py:153} INFO - Started process (PID=92878) to work on /home/airflow/.local/lib/python3.7/site-packages/airflow/example_dags/example_latest_only_with_trigger.py
[2022-08-23 00:00:40,996] {processor.py:641} INFO - Processing file /home/airflow/.local/lib/python3.7/site-packages/airflow/example_dags/example_latest_only_with_trigger.py for tasks to queue
[2022-08-23 00:00:41,000] {logging_mixin.py:115} INFO - [2022-08-23 00:00:40,999] {dagbag.py:508} INFO - Filling up the DagBag from /home/airflow/.local/lib/python3.7/site-packages/airflow/example_dags/example_latest_only_with_trigger.py
[2022-08-23 00:00:41,041] {processor.py:651} INFO - DAG(s) dict_keys(['latest_only_with_trigger']) retrieved from /home/airflow/.local/lib/python3.7/site-packages/airflow/example_dags/example_latest_only_with_trigger.py
[2022-08-23 00:00:41,180] {logging_mixin.py:115} INFO - [2022-08-23 00:00:41,178] {dag.py:2420} INFO - Sync 1 DAGs
[2022-08-23 00:00:41,309] {logging_mixin.py:115} INFO - [2022-08-23 00:00:41,309] {dag.py:2972} INFO - Setting next_dagrun for latest_only_with_trigger to 2022-08-22T20:00:41.308832+00:00, run_after=2022-08-23T00:00:41.308832+00:00
[2022-08-23 00:00:41,355] {processor.py:161} INFO - Processing /home/airflow/.local/lib/python3.7/site-packages/airflow/example_dags/example_latest_only_with_trigger.py took 0.395 seconds
[2022-08-23 00:01:12,501] {processor.py:153} INFO - Started process (PID=93073) to work on /home/airflow/.local/lib/python3.7/site-packages/airflow/example_dags/example_latest_only_with_trigger.py
[2022-08-23 00:01:12,505] {processor.py:641} INFO - Processing file /home/airflow/.local/lib/python3.7/site-packages/airflow/example_dags/example_latest_only_with_trigger.py for tasks to queue
[2022-08-23 00:01:12,508] {logging_mixin.py:115} INFO - [2022-08-23 00:01:12,508] {dagbag.py:508} INFO - Filling up the DagBag from /home/airflow/.local/lib/python3.7/site-packages/airflow/example_dags/example_latest_only_with_trigger.py
[2022-08-23 00:01:12,530] {processor.py:651} INFO - DAG(s) dict_keys(['latest_only_with_trigger']) retrieved from /home/airflow/.local/lib/python3.7/site-packages/airflow/example_dags/example_latest_only_with_trigger.py
[2022-08-23 00:01:12,601] {logging_mixin.py:115} INFO - [2022-08-23 00:01:12,600] {dag.py:2420} INFO - Sync 1 DAGs
[2022-08-23 00:01:12,642] {logging_mixin.py:115} INFO - [2022-08-23 00:01:12,642] {dag.py:2972} INFO - Setting next_dagrun for latest_only_with_trigger to 2022-08-22T20:01:12.641680+00:00, run_after=2022-08-23T00:01:12.641680+00:00
[2022-08-23 00:01:12,665] {processor.py:161} INFO - Processing /home/airflow/.local/lib/python3.7/site-packages/airflow/example_dags/example_latest_only_with_trigger.py took 0.175 seconds
[2022-08-23 00:01:44,113] {processor.py:153} INFO - Started process (PID=93268) to work on /home/airflow/.local/lib/python3.7/site-packages/airflow/example_dags/example_latest_only_with_trigger.py
[2022-08-23 00:01:44,116] {processor.py:641} INFO - Processing file /home/airflow/.local/lib/python3.7/site-packages/airflow/example_dags/example_latest_only_with_trigger.py for tasks to queue
[2022-08-23 00:01:44,119] {logging_mixin.py:115} INFO - [2022-08-23 00:01:44,119] {dagbag.py:508} INFO - Filling up the DagBag from /home/airflow/.local/lib/python3.7/site-packages/airflow/example_dags/example_latest_only_with_trigger.py
[2022-08-23 00:01:44,143] {processor.py:651} INFO - DAG(s) dict_keys(['latest_only_with_trigger']) retrieved from /home/airflow/.local/lib/python3.7/site-packages/airflow/example_dags/example_latest_only_with_trigger.py
[2022-08-23 00:01:44,220] {logging_mixin.py:115} INFO - [2022-08-23 00:01:44,219] {dag.py:2420} INFO - Sync 1 DAGs
[2022-08-23 00:01:44,284] {logging_mixin.py:115} INFO - [2022-08-23 00:01:44,284] {dag.py:2972} INFO - Setting next_dagrun for latest_only_with_trigger to 2022-08-22T20:01:44.283791+00:00, run_after=2022-08-23T00:01:44.283791+00:00
[2022-08-23 00:01:44,309] {processor.py:161} INFO - Processing /home/airflow/.local/lib/python3.7/site-packages/airflow/example_dags/example_latest_only_with_trigger.py took 0.207 seconds
[2022-08-23 00:02:15,126] {processor.py:153} INFO - Started process (PID=93460) to work on /home/airflow/.local/lib/python3.7/site-packages/airflow/example_dags/example_latest_only_with_trigger.py
[2022-08-23 00:02:15,131] {processor.py:641} INFO - Processing file /home/airflow/.local/lib/python3.7/site-packages/airflow/example_dags/example_latest_only_with_trigger.py for tasks to queue
[2022-08-23 00:02:15,137] {logging_mixin.py:115} INFO - [2022-08-23 00:02:15,137] {dagbag.py:508} INFO - Filling up the DagBag from /home/airflow/.local/lib/python3.7/site-packages/airflow/example_dags/example_latest_only_with_trigger.py
[2022-08-23 00:02:15,166] {processor.py:651} INFO - DAG(s) dict_keys(['latest_only_with_trigger']) retrieved from /home/airflow/.local/lib/python3.7/site-packages/airflow/example_dags/example_latest_only_with_trigger.py
[2022-08-23 00:02:15,272] {logging_mixin.py:115} INFO - [2022-08-23 00:02:15,272] {dag.py:2420} INFO - Sync 1 DAGs
[2022-08-23 00:02:15,357] {logging_mixin.py:115} INFO - [2022-08-23 00:02:15,356] {dag.py:2972} INFO - Setting next_dagrun for latest_only_with_trigger to 2022-08-22T20:02:15.355790+00:00, run_after=2022-08-23T00:02:15.355790+00:00
[2022-08-23 00:02:15,408] {processor.py:161} INFO - Processing /home/airflow/.local/lib/python3.7/site-packages/airflow/example_dags/example_latest_only_with_trigger.py took 0.293 seconds
[2022-08-23 00:02:45,872] {processor.py:153} INFO - Started process (PID=93659) to work on /home/airflow/.local/lib/python3.7/site-packages/airflow/example_dags/example_latest_only_with_trigger.py
[2022-08-23 00:02:45,875] {processor.py:641} INFO - Processing file /home/airflow/.local/lib/python3.7/site-packages/airflow/example_dags/example_latest_only_with_trigger.py for tasks to queue
[2022-08-23 00:02:45,877] {logging_mixin.py:115} INFO - [2022-08-23 00:02:45,877] {dagbag.py:508} INFO - Filling up the DagBag from /home/airflow/.local/lib/python3.7/site-packages/airflow/example_dags/example_latest_only_with_trigger.py
[2022-08-23 00:02:45,899] {processor.py:651} INFO - DAG(s) dict_keys(['latest_only_with_trigger']) retrieved from /home/airflow/.local/lib/python3.7/site-packages/airflow/example_dags/example_latest_only_with_trigger.py
[2022-08-23 00:02:46,006] {logging_mixin.py:115} INFO - [2022-08-23 00:02:46,006] {dag.py:2420} INFO - Sync 1 DAGs
[2022-08-23 00:02:46,056] {logging_mixin.py:115} INFO - [2022-08-23 00:02:46,056] {dag.py:2972} INFO - Setting next_dagrun for latest_only_with_trigger to 2022-08-22T20:02:46.056347+00:00, run_after=2022-08-23T00:02:46.056347+00:00
[2022-08-23 00:02:46,088] {processor.py:161} INFO - Processing /home/airflow/.local/lib/python3.7/site-packages/airflow/example_dags/example_latest_only_with_trigger.py took 0.222 seconds
[2022-08-23 00:03:16,327] {processor.py:153} INFO - Started process (PID=93849) to work on /home/airflow/.local/lib/python3.7/site-packages/airflow/example_dags/example_latest_only_with_trigger.py
[2022-08-23 00:03:16,338] {processor.py:641} INFO - Processing file /home/airflow/.local/lib/python3.7/site-packages/airflow/example_dags/example_latest_only_with_trigger.py for tasks to queue
[2022-08-23 00:03:16,354] {logging_mixin.py:115} INFO - [2022-08-23 00:03:16,354] {dagbag.py:508} INFO - Filling up the DagBag from /home/airflow/.local/lib/python3.7/site-packages/airflow/example_dags/example_latest_only_with_trigger.py
[2022-08-23 00:03:16,419] {processor.py:651} INFO - DAG(s) dict_keys(['latest_only_with_trigger']) retrieved from /home/airflow/.local/lib/python3.7/site-packages/airflow/example_dags/example_latest_only_with_trigger.py
[2022-08-23 00:03:16,781] {logging_mixin.py:115} INFO - [2022-08-23 00:03:16,780] {dag.py:2420} INFO - Sync 1 DAGs
[2022-08-23 00:03:17,052] {logging_mixin.py:115} INFO - [2022-08-23 00:03:17,049] {dag.py:2972} INFO - Setting next_dagrun for latest_only_with_trigger to 2022-08-22T20:03:17.046313+00:00, run_after=2022-08-23T00:03:17.046313+00:00
[2022-08-23 00:03:17,093] {processor.py:161} INFO - Processing /home/airflow/.local/lib/python3.7/site-packages/airflow/example_dags/example_latest_only_with_trigger.py took 0.797 seconds
[2022-08-23 00:03:49,016] {processor.py:153} INFO - Started process (PID=94046) to work on /home/airflow/.local/lib/python3.7/site-packages/airflow/example_dags/example_latest_only_with_trigger.py
[2022-08-23 00:03:49,022] {processor.py:641} INFO - Processing file /home/airflow/.local/lib/python3.7/site-packages/airflow/example_dags/example_latest_only_with_trigger.py for tasks to queue
[2022-08-23 00:03:49,024] {logging_mixin.py:115} INFO - [2022-08-23 00:03:49,024] {dagbag.py:508} INFO - Filling up the DagBag from /home/airflow/.local/lib/python3.7/site-packages/airflow/example_dags/example_latest_only_with_trigger.py
[2022-08-23 00:03:49,104] {processor.py:651} INFO - DAG(s) dict_keys(['latest_only_with_trigger']) retrieved from /home/airflow/.local/lib/python3.7/site-packages/airflow/example_dags/example_latest_only_with_trigger.py
[2022-08-23 00:03:49,288] {logging_mixin.py:115} INFO - [2022-08-23 00:03:49,287] {dag.py:2420} INFO - Sync 1 DAGs
[2022-08-23 00:03:49,399] {logging_mixin.py:115} INFO - [2022-08-23 00:03:49,398] {dag.py:2972} INFO - Setting next_dagrun for latest_only_with_trigger to 2022-08-22T20:03:49.397762+00:00, run_after=2022-08-23T00:03:49.397762+00:00
[2022-08-23 00:03:49,457] {processor.py:161} INFO - Processing /home/airflow/.local/lib/python3.7/site-packages/airflow/example_dags/example_latest_only_with_trigger.py took 0.481 seconds
[2022-08-23 00:04:22,637] {processor.py:153} INFO - Started process (PID=94239) to work on /home/airflow/.local/lib/python3.7/site-packages/airflow/example_dags/example_latest_only_with_trigger.py
[2022-08-23 00:04:22,646] {processor.py:641} INFO - Processing file /home/airflow/.local/lib/python3.7/site-packages/airflow/example_dags/example_latest_only_with_trigger.py for tasks to queue
[2022-08-23 00:04:22,655] {logging_mixin.py:115} INFO - [2022-08-23 00:04:22,654] {dagbag.py:508} INFO - Filling up the DagBag from /home/airflow/.local/lib/python3.7/site-packages/airflow/example_dags/example_latest_only_with_trigger.py
[2022-08-23 00:04:22,682] {processor.py:651} INFO - DAG(s) dict_keys(['latest_only_with_trigger']) retrieved from /home/airflow/.local/lib/python3.7/site-packages/airflow/example_dags/example_latest_only_with_trigger.py
[2022-08-23 00:04:22,814] {logging_mixin.py:115} INFO - [2022-08-23 00:04:22,814] {dag.py:2420} INFO - Sync 1 DAGs
[2022-08-23 00:04:22,883] {logging_mixin.py:115} INFO - [2022-08-23 00:04:22,881] {dag.py:2972} INFO - Setting next_dagrun for latest_only_with_trigger to 2022-08-22T20:04:22.881294+00:00, run_after=2022-08-23T00:04:22.881294+00:00
[2022-08-23 00:04:22,923] {processor.py:161} INFO - Processing /home/airflow/.local/lib/python3.7/site-packages/airflow/example_dags/example_latest_only_with_trigger.py took 0.493 seconds
[2022-08-23 00:04:54,219] {processor.py:153} INFO - Started process (PID=94445) to work on /home/airflow/.local/lib/python3.7/site-packages/airflow/example_dags/example_latest_only_with_trigger.py
[2022-08-23 00:04:54,223] {processor.py:641} INFO - Processing file /home/airflow/.local/lib/python3.7/site-packages/airflow/example_dags/example_latest_only_with_trigger.py for tasks to queue
[2022-08-23 00:04:54,227] {logging_mixin.py:115} INFO - [2022-08-23 00:04:54,227] {dagbag.py:508} INFO - Filling up the DagBag from /home/airflow/.local/lib/python3.7/site-packages/airflow/example_dags/example_latest_only_with_trigger.py
[2022-08-23 00:04:54,275] {processor.py:651} INFO - DAG(s) dict_keys(['latest_only_with_trigger']) retrieved from /home/airflow/.local/lib/python3.7/site-packages/airflow/example_dags/example_latest_only_with_trigger.py
[2022-08-23 00:04:54,342] {logging_mixin.py:115} INFO - [2022-08-23 00:04:54,342] {dag.py:2420} INFO - Sync 1 DAGs
[2022-08-23 00:04:54,386] {logging_mixin.py:115} INFO - [2022-08-23 00:04:54,384] {dag.py:2972} INFO - Setting next_dagrun for latest_only_with_trigger to 2022-08-22T20:04:54.384385+00:00, run_after=2022-08-23T00:04:54.384385+00:00
[2022-08-23 00:04:54,418] {processor.py:161} INFO - Processing /home/airflow/.local/lib/python3.7/site-packages/airflow/example_dags/example_latest_only_with_trigger.py took 0.209 seconds
[2022-08-23 00:05:25,504] {processor.py:153} INFO - Started process (PID=94639) to work on /home/airflow/.local/lib/python3.7/site-packages/airflow/example_dags/example_latest_only_with_trigger.py
[2022-08-23 00:05:25,507] {processor.py:641} INFO - Processing file /home/airflow/.local/lib/python3.7/site-packages/airflow/example_dags/example_latest_only_with_trigger.py for tasks to queue
[2022-08-23 00:05:25,510] {logging_mixin.py:115} INFO - [2022-08-23 00:05:25,510] {dagbag.py:508} INFO - Filling up the DagBag from /home/airflow/.local/lib/python3.7/site-packages/airflow/example_dags/example_latest_only_with_trigger.py
[2022-08-23 00:05:25,534] {processor.py:651} INFO - DAG(s) dict_keys(['latest_only_with_trigger']) retrieved from /home/airflow/.local/lib/python3.7/site-packages/airflow/example_dags/example_latest_only_with_trigger.py
[2022-08-23 00:05:25,620] {logging_mixin.py:115} INFO - [2022-08-23 00:05:25,620] {dag.py:2420} INFO - Sync 1 DAGs
[2022-08-23 00:05:25,684] {logging_mixin.py:115} INFO - [2022-08-23 00:05:25,681] {dag.py:2972} INFO - Setting next_dagrun for latest_only_with_trigger to 2022-08-22T20:05:25.681098+00:00, run_after=2022-08-23T00:05:25.681098+00:00
[2022-08-23 00:05:25,713] {processor.py:161} INFO - Processing /home/airflow/.local/lib/python3.7/site-packages/airflow/example_dags/example_latest_only_with_trigger.py took 0.221 seconds
[2022-08-23 00:05:57,420] {processor.py:153} INFO - Started process (PID=94832) to work on /home/airflow/.local/lib/python3.7/site-packages/airflow/example_dags/example_latest_only_with_trigger.py
[2022-08-23 00:05:57,432] {processor.py:641} INFO - Processing file /home/airflow/.local/lib/python3.7/site-packages/airflow/example_dags/example_latest_only_with_trigger.py for tasks to queue
[2022-08-23 00:05:57,461] {logging_mixin.py:115} INFO - [2022-08-23 00:05:57,461] {dagbag.py:508} INFO - Filling up the DagBag from /home/airflow/.local/lib/python3.7/site-packages/airflow/example_dags/example_latest_only_with_trigger.py
[2022-08-23 00:05:57,541] {processor.py:651} INFO - DAG(s) dict_keys(['latest_only_with_trigger']) retrieved from /home/airflow/.local/lib/python3.7/site-packages/airflow/example_dags/example_latest_only_with_trigger.py
[2022-08-23 00:05:57,712] {logging_mixin.py:115} INFO - [2022-08-23 00:05:57,712] {dag.py:2420} INFO - Sync 1 DAGs
[2022-08-23 00:05:57,864] {logging_mixin.py:115} INFO - [2022-08-23 00:05:57,863] {dag.py:2972} INFO - Setting next_dagrun for latest_only_with_trigger to 2022-08-22T20:05:57.863383+00:00, run_after=2022-08-23T00:05:57.863383+00:00
[2022-08-23 00:05:57,929] {processor.py:161} INFO - Processing /home/airflow/.local/lib/python3.7/site-packages/airflow/example_dags/example_latest_only_with_trigger.py took 0.531 seconds
[2022-08-23 00:06:28,228] {processor.py:153} INFO - Started process (PID=95026) to work on /home/airflow/.local/lib/python3.7/site-packages/airflow/example_dags/example_latest_only_with_trigger.py
[2022-08-23 00:06:28,232] {processor.py:641} INFO - Processing file /home/airflow/.local/lib/python3.7/site-packages/airflow/example_dags/example_latest_only_with_trigger.py for tasks to queue
[2022-08-23 00:06:28,236] {logging_mixin.py:115} INFO - [2022-08-23 00:06:28,235] {dagbag.py:508} INFO - Filling up the DagBag from /home/airflow/.local/lib/python3.7/site-packages/airflow/example_dags/example_latest_only_with_trigger.py
[2022-08-23 00:06:28,265] {processor.py:651} INFO - DAG(s) dict_keys(['latest_only_with_trigger']) retrieved from /home/airflow/.local/lib/python3.7/site-packages/airflow/example_dags/example_latest_only_with_trigger.py
[2022-08-23 00:06:28,313] {logging_mixin.py:115} INFO - [2022-08-23 00:06:28,313] {dag.py:2420} INFO - Sync 1 DAGs
[2022-08-23 00:06:28,360] {logging_mixin.py:115} INFO - [2022-08-23 00:06:28,359] {dag.py:2972} INFO - Setting next_dagrun for latest_only_with_trigger to 2022-08-22T20:06:28.358598+00:00, run_after=2022-08-23T00:06:28.358598+00:00
[2022-08-23 00:06:28,401] {processor.py:161} INFO - Processing /home/airflow/.local/lib/python3.7/site-packages/airflow/example_dags/example_latest_only_with_trigger.py took 0.180 seconds
[2022-08-23 00:06:59,344] {processor.py:153} INFO - Started process (PID=95229) to work on /home/airflow/.local/lib/python3.7/site-packages/airflow/example_dags/example_latest_only_with_trigger.py
[2022-08-23 00:06:59,347] {processor.py:641} INFO - Processing file /home/airflow/.local/lib/python3.7/site-packages/airflow/example_dags/example_latest_only_with_trigger.py for tasks to queue
[2022-08-23 00:06:59,350] {logging_mixin.py:115} INFO - [2022-08-23 00:06:59,350] {dagbag.py:508} INFO - Filling up the DagBag from /home/airflow/.local/lib/python3.7/site-packages/airflow/example_dags/example_latest_only_with_trigger.py
[2022-08-23 00:06:59,368] {processor.py:651} INFO - DAG(s) dict_keys(['latest_only_with_trigger']) retrieved from /home/airflow/.local/lib/python3.7/site-packages/airflow/example_dags/example_latest_only_with_trigger.py
[2022-08-23 00:06:59,434] {logging_mixin.py:115} INFO - [2022-08-23 00:06:59,434] {dag.py:2420} INFO - Sync 1 DAGs
[2022-08-23 00:06:59,478] {logging_mixin.py:115} INFO - [2022-08-23 00:06:59,477] {dag.py:2972} INFO - Setting next_dagrun for latest_only_with_trigger to 2022-08-22T20:06:59.477613+00:00, run_after=2022-08-23T00:06:59.477613+00:00
[2022-08-23 00:06:59,702] {processor.py:161} INFO - Processing /home/airflow/.local/lib/python3.7/site-packages/airflow/example_dags/example_latest_only_with_trigger.py took 0.372 seconds
[2022-08-23 00:07:32,653] {processor.py:153} INFO - Started process (PID=95425) to work on /home/airflow/.local/lib/python3.7/site-packages/airflow/example_dags/example_latest_only_with_trigger.py
[2022-08-23 00:07:32,656] {processor.py:641} INFO - Processing file /home/airflow/.local/lib/python3.7/site-packages/airflow/example_dags/example_latest_only_with_trigger.py for tasks to queue
[2022-08-23 00:07:32,659] {logging_mixin.py:115} INFO - [2022-08-23 00:07:32,658] {dagbag.py:508} INFO - Filling up the DagBag from /home/airflow/.local/lib/python3.7/site-packages/airflow/example_dags/example_latest_only_with_trigger.py
[2022-08-23 00:07:32,675] {processor.py:651} INFO - DAG(s) dict_keys(['latest_only_with_trigger']) retrieved from /home/airflow/.local/lib/python3.7/site-packages/airflow/example_dags/example_latest_only_with_trigger.py
[2022-08-23 00:07:32,753] {logging_mixin.py:115} INFO - [2022-08-23 00:07:32,753] {dag.py:2420} INFO - Sync 1 DAGs
[2022-08-23 00:07:32,854] {logging_mixin.py:115} INFO - [2022-08-23 00:07:32,854] {dag.py:2972} INFO - Setting next_dagrun for latest_only_with_trigger to 2022-08-22T20:07:32.854053+00:00, run_after=2022-08-23T00:07:32.854053+00:00
[2022-08-23 00:07:33,191] {processor.py:161} INFO - Processing /home/airflow/.local/lib/python3.7/site-packages/airflow/example_dags/example_latest_only_with_trigger.py took 0.555 seconds
[2022-08-23 00:08:04,460] {processor.py:153} INFO - Started process (PID=95628) to work on /home/airflow/.local/lib/python3.7/site-packages/airflow/example_dags/example_latest_only_with_trigger.py
[2022-08-23 00:08:04,463] {processor.py:641} INFO - Processing file /home/airflow/.local/lib/python3.7/site-packages/airflow/example_dags/example_latest_only_with_trigger.py for tasks to queue
[2022-08-23 00:08:04,466] {logging_mixin.py:115} INFO - [2022-08-23 00:08:04,466] {dagbag.py:508} INFO - Filling up the DagBag from /home/airflow/.local/lib/python3.7/site-packages/airflow/example_dags/example_latest_only_with_trigger.py
[2022-08-23 00:08:04,482] {processor.py:651} INFO - DAG(s) dict_keys(['latest_only_with_trigger']) retrieved from /home/airflow/.local/lib/python3.7/site-packages/airflow/example_dags/example_latest_only_with_trigger.py
[2022-08-23 00:08:04,530] {logging_mixin.py:115} INFO - [2022-08-23 00:08:04,530] {dag.py:2420} INFO - Sync 1 DAGs
[2022-08-23 00:08:04,571] {logging_mixin.py:115} INFO - [2022-08-23 00:08:04,570] {dag.py:2972} INFO - Setting next_dagrun for latest_only_with_trigger to 2022-08-22T20:08:04.570554+00:00, run_after=2022-08-23T00:08:04.570554+00:00
[2022-08-23 00:08:04,826] {processor.py:161} INFO - Processing /home/airflow/.local/lib/python3.7/site-packages/airflow/example_dags/example_latest_only_with_trigger.py took 0.377 seconds
[2022-08-23 00:08:35,182] {processor.py:153} INFO - Started process (PID=95821) to work on /home/airflow/.local/lib/python3.7/site-packages/airflow/example_dags/example_latest_only_with_trigger.py
[2022-08-23 00:08:35,184] {processor.py:641} INFO - Processing file /home/airflow/.local/lib/python3.7/site-packages/airflow/example_dags/example_latest_only_with_trigger.py for tasks to queue
[2022-08-23 00:08:35,186] {logging_mixin.py:115} INFO - [2022-08-23 00:08:35,186] {dagbag.py:508} INFO - Filling up the DagBag from /home/airflow/.local/lib/python3.7/site-packages/airflow/example_dags/example_latest_only_with_trigger.py
[2022-08-23 00:08:35,199] {processor.py:651} INFO - DAG(s) dict_keys(['latest_only_with_trigger']) retrieved from /home/airflow/.local/lib/python3.7/site-packages/airflow/example_dags/example_latest_only_with_trigger.py
[2022-08-23 00:08:35,247] {logging_mixin.py:115} INFO - [2022-08-23 00:08:35,247] {dag.py:2420} INFO - Sync 1 DAGs
[2022-08-23 00:08:35,327] {logging_mixin.py:115} INFO - [2022-08-23 00:08:35,327] {dag.py:2972} INFO - Setting next_dagrun for latest_only_with_trigger to 2022-08-22T20:08:35.326695+00:00, run_after=2022-08-23T00:08:35.326695+00:00
[2022-08-23 00:08:35,544] {processor.py:161} INFO - Processing /home/airflow/.local/lib/python3.7/site-packages/airflow/example_dags/example_latest_only_with_trigger.py took 0.368 seconds
[2022-08-23 00:09:07,898] {processor.py:153} INFO - Started process (PID=96012) to work on /home/airflow/.local/lib/python3.7/site-packages/airflow/example_dags/example_latest_only_with_trigger.py
[2022-08-23 00:09:07,905] {processor.py:641} INFO - Processing file /home/airflow/.local/lib/python3.7/site-packages/airflow/example_dags/example_latest_only_with_trigger.py for tasks to queue
[2022-08-23 00:09:07,912] {logging_mixin.py:115} INFO - [2022-08-23 00:09:07,911] {dagbag.py:508} INFO - Filling up the DagBag from /home/airflow/.local/lib/python3.7/site-packages/airflow/example_dags/example_latest_only_with_trigger.py
[2022-08-23 00:09:07,944] {processor.py:651} INFO - DAG(s) dict_keys(['latest_only_with_trigger']) retrieved from /home/airflow/.local/lib/python3.7/site-packages/airflow/example_dags/example_latest_only_with_trigger.py
[2022-08-23 00:09:08,068] {logging_mixin.py:115} INFO - [2022-08-23 00:09:08,068] {dag.py:2420} INFO - Sync 1 DAGs
[2022-08-23 00:09:08,322] {logging_mixin.py:115} INFO - [2022-08-23 00:09:08,322] {dag.py:2972} INFO - Setting next_dagrun for latest_only_with_trigger to 2022-08-22T20:09:08.321711+00:00, run_after=2022-08-23T00:09:08.321711+00:00
[2022-08-23 00:09:08,969] {processor.py:161} INFO - Processing /home/airflow/.local/lib/python3.7/site-packages/airflow/example_dags/example_latest_only_with_trigger.py took 1.092 seconds
[2022-08-23 00:09:39,241] {processor.py:153} INFO - Started process (PID=96206) to work on /home/airflow/.local/lib/python3.7/site-packages/airflow/example_dags/example_latest_only_with_trigger.py
[2022-08-23 00:09:39,243] {processor.py:641} INFO - Processing file /home/airflow/.local/lib/python3.7/site-packages/airflow/example_dags/example_latest_only_with_trigger.py for tasks to queue
[2022-08-23 00:09:39,245] {logging_mixin.py:115} INFO - [2022-08-23 00:09:39,245] {dagbag.py:508} INFO - Filling up the DagBag from /home/airflow/.local/lib/python3.7/site-packages/airflow/example_dags/example_latest_only_with_trigger.py
[2022-08-23 00:09:39,265] {processor.py:651} INFO - DAG(s) dict_keys(['latest_only_with_trigger']) retrieved from /home/airflow/.local/lib/python3.7/site-packages/airflow/example_dags/example_latest_only_with_trigger.py
[2022-08-23 00:09:39,336] {logging_mixin.py:115} INFO - [2022-08-23 00:09:39,336] {dag.py:2420} INFO - Sync 1 DAGs
[2022-08-23 00:09:39,386] {logging_mixin.py:115} INFO - [2022-08-23 00:09:39,386] {dag.py:2972} INFO - Setting next_dagrun for latest_only_with_trigger to 2022-08-22T20:09:39.385654+00:00, run_after=2022-08-23T00:09:39.385654+00:00
[2022-08-23 00:09:39,679] {processor.py:161} INFO - Processing /home/airflow/.local/lib/python3.7/site-packages/airflow/example_dags/example_latest_only_with_trigger.py took 0.450 seconds
[2022-08-23 00:10:10,755] {processor.py:153} INFO - Started process (PID=96400) to work on /home/airflow/.local/lib/python3.7/site-packages/airflow/example_dags/example_latest_only_with_trigger.py
[2022-08-23 00:10:10,758] {processor.py:641} INFO - Processing file /home/airflow/.local/lib/python3.7/site-packages/airflow/example_dags/example_latest_only_with_trigger.py for tasks to queue
[2022-08-23 00:10:10,760] {logging_mixin.py:115} INFO - [2022-08-23 00:10:10,760] {dagbag.py:508} INFO - Filling up the DagBag from /home/airflow/.local/lib/python3.7/site-packages/airflow/example_dags/example_latest_only_with_trigger.py
[2022-08-23 00:10:10,777] {processor.py:651} INFO - DAG(s) dict_keys(['latest_only_with_trigger']) retrieved from /home/airflow/.local/lib/python3.7/site-packages/airflow/example_dags/example_latest_only_with_trigger.py
[2022-08-23 00:10:10,845] {logging_mixin.py:115} INFO - [2022-08-23 00:10:10,845] {dag.py:2420} INFO - Sync 1 DAGs
[2022-08-23 00:10:10,926] {logging_mixin.py:115} INFO - [2022-08-23 00:10:10,925] {dag.py:2972} INFO - Setting next_dagrun for latest_only_with_trigger to 2022-08-22T20:10:10.925531+00:00, run_after=2022-08-23T00:10:10.925531+00:00
[2022-08-23 00:10:11,192] {processor.py:161} INFO - Processing /home/airflow/.local/lib/python3.7/site-packages/airflow/example_dags/example_latest_only_with_trigger.py took 0.447 seconds
[2022-08-23 00:10:41,351] {processor.py:153} INFO - Started process (PID=96593) to work on /home/airflow/.local/lib/python3.7/site-packages/airflow/example_dags/example_latest_only_with_trigger.py
[2022-08-23 00:10:41,358] {processor.py:641} INFO - Processing file /home/airflow/.local/lib/python3.7/site-packages/airflow/example_dags/example_latest_only_with_trigger.py for tasks to queue
[2022-08-23 00:10:41,362] {logging_mixin.py:115} INFO - [2022-08-23 00:10:41,362] {dagbag.py:508} INFO - Filling up the DagBag from /home/airflow/.local/lib/python3.7/site-packages/airflow/example_dags/example_latest_only_with_trigger.py
[2022-08-23 00:10:41,393] {processor.py:651} INFO - DAG(s) dict_keys(['latest_only_with_trigger']) retrieved from /home/airflow/.local/lib/python3.7/site-packages/airflow/example_dags/example_latest_only_with_trigger.py
[2022-08-23 00:10:41,483] {logging_mixin.py:115} INFO - [2022-08-23 00:10:41,482] {dag.py:2420} INFO - Sync 1 DAGs
[2022-08-23 00:10:41,575] {logging_mixin.py:115} INFO - [2022-08-23 00:10:41,575] {dag.py:2972} INFO - Setting next_dagrun for latest_only_with_trigger to 2022-08-22T20:10:41.574689+00:00, run_after=2022-08-23T00:10:41.574689+00:00
[2022-08-23 00:10:42,174] {processor.py:161} INFO - Processing /home/airflow/.local/lib/python3.7/site-packages/airflow/example_dags/example_latest_only_with_trigger.py took 0.833 seconds
[2022-08-23 00:11:12,856] {processor.py:153} INFO - Started process (PID=96799) to work on /home/airflow/.local/lib/python3.7/site-packages/airflow/example_dags/example_latest_only_with_trigger.py
[2022-08-23 00:11:12,859] {processor.py:641} INFO - Processing file /home/airflow/.local/lib/python3.7/site-packages/airflow/example_dags/example_latest_only_with_trigger.py for tasks to queue
[2022-08-23 00:11:12,862] {logging_mixin.py:115} INFO - [2022-08-23 00:11:12,862] {dagbag.py:508} INFO - Filling up the DagBag from /home/airflow/.local/lib/python3.7/site-packages/airflow/example_dags/example_latest_only_with_trigger.py
[2022-08-23 00:11:12,880] {processor.py:651} INFO - DAG(s) dict_keys(['latest_only_with_trigger']) retrieved from /home/airflow/.local/lib/python3.7/site-packages/airflow/example_dags/example_latest_only_with_trigger.py
[2022-08-23 00:11:12,936] {logging_mixin.py:115} INFO - [2022-08-23 00:11:12,936] {dag.py:2420} INFO - Sync 1 DAGs
[2022-08-23 00:11:12,978] {logging_mixin.py:115} INFO - [2022-08-23 00:11:12,978] {dag.py:2972} INFO - Setting next_dagrun for latest_only_with_trigger to 2022-08-22T20:11:12.977665+00:00, run_after=2022-08-23T00:11:12.977665+00:00
[2022-08-23 00:11:13,222] {processor.py:161} INFO - Processing /home/airflow/.local/lib/python3.7/site-packages/airflow/example_dags/example_latest_only_with_trigger.py took 0.375 seconds
[2022-08-23 00:11:43,447] {processor.py:153} INFO - Started process (PID=96994) to work on /home/airflow/.local/lib/python3.7/site-packages/airflow/example_dags/example_latest_only_with_trigger.py
[2022-08-23 00:11:43,449] {processor.py:641} INFO - Processing file /home/airflow/.local/lib/python3.7/site-packages/airflow/example_dags/example_latest_only_with_trigger.py for tasks to queue
[2022-08-23 00:11:43,452] {logging_mixin.py:115} INFO - [2022-08-23 00:11:43,452] {dagbag.py:508} INFO - Filling up the DagBag from /home/airflow/.local/lib/python3.7/site-packages/airflow/example_dags/example_latest_only_with_trigger.py
[2022-08-23 00:11:43,467] {processor.py:651} INFO - DAG(s) dict_keys(['latest_only_with_trigger']) retrieved from /home/airflow/.local/lib/python3.7/site-packages/airflow/example_dags/example_latest_only_with_trigger.py
[2022-08-23 00:11:43,535] {logging_mixin.py:115} INFO - [2022-08-23 00:11:43,535] {dag.py:2420} INFO - Sync 1 DAGs
[2022-08-23 00:11:43,611] {logging_mixin.py:115} INFO - [2022-08-23 00:11:43,610] {dag.py:2972} INFO - Setting next_dagrun for latest_only_with_trigger to 2022-08-22T20:11:43.609947+00:00, run_after=2022-08-23T00:11:43.609947+00:00
[2022-08-23 00:11:43,857] {processor.py:161} INFO - Processing /home/airflow/.local/lib/python3.7/site-packages/airflow/example_dags/example_latest_only_with_trigger.py took 0.419 seconds
[2022-08-23 00:12:14,744] {processor.py:153} INFO - Started process (PID=97186) to work on /home/airflow/.local/lib/python3.7/site-packages/airflow/example_dags/example_latest_only_with_trigger.py
[2022-08-23 00:12:14,760] {processor.py:641} INFO - Processing file /home/airflow/.local/lib/python3.7/site-packages/airflow/example_dags/example_latest_only_with_trigger.py for tasks to queue
[2022-08-23 00:12:14,774] {logging_mixin.py:115} INFO - [2022-08-23 00:12:14,773] {dagbag.py:508} INFO - Filling up the DagBag from /home/airflow/.local/lib/python3.7/site-packages/airflow/example_dags/example_latest_only_with_trigger.py
[2022-08-23 00:12:14,813] {processor.py:651} INFO - DAG(s) dict_keys(['latest_only_with_trigger']) retrieved from /home/airflow/.local/lib/python3.7/site-packages/airflow/example_dags/example_latest_only_with_trigger.py
[2022-08-23 00:12:15,277] {logging_mixin.py:115} INFO - [2022-08-23 00:12:15,276] {dag.py:2420} INFO - Sync 1 DAGs
[2022-08-23 00:12:15,744] {logging_mixin.py:115} INFO - [2022-08-23 00:12:15,744] {dag.py:2972} INFO - Setting next_dagrun for latest_only_with_trigger to 2022-08-22T20:12:15.743256+00:00, run_after=2022-08-23T00:12:15.743256+00:00
[2022-08-23 00:12:16,806] {processor.py:161} INFO - Processing /home/airflow/.local/lib/python3.7/site-packages/airflow/example_dags/example_latest_only_with_trigger.py took 2.077 seconds
[2022-08-23 00:12:47,278] {processor.py:153} INFO - Started process (PID=97382) to work on /home/airflow/.local/lib/python3.7/site-packages/airflow/example_dags/example_latest_only_with_trigger.py
[2022-08-23 00:12:47,283] {processor.py:641} INFO - Processing file /home/airflow/.local/lib/python3.7/site-packages/airflow/example_dags/example_latest_only_with_trigger.py for tasks to queue
[2022-08-23 00:12:47,293] {logging_mixin.py:115} INFO - [2022-08-23 00:12:47,293] {dagbag.py:508} INFO - Filling up the DagBag from /home/airflow/.local/lib/python3.7/site-packages/airflow/example_dags/example_latest_only_with_trigger.py
[2022-08-23 00:12:47,364] {processor.py:651} INFO - DAG(s) dict_keys(['latest_only_with_trigger']) retrieved from /home/airflow/.local/lib/python3.7/site-packages/airflow/example_dags/example_latest_only_with_trigger.py
[2022-08-23 00:12:47,557] {logging_mixin.py:115} INFO - [2022-08-23 00:12:47,557] {dag.py:2420} INFO - Sync 1 DAGs
[2022-08-23 00:12:47,791] {logging_mixin.py:115} INFO - [2022-08-23 00:12:47,789] {dag.py:2972} INFO - Setting next_dagrun for latest_only_with_trigger to 2022-08-22T20:12:47.787816+00:00, run_after=2022-08-23T00:12:47.787816+00:00
[2022-08-23 00:12:48,468] {processor.py:161} INFO - Processing /home/airflow/.local/lib/python3.7/site-packages/airflow/example_dags/example_latest_only_with_trigger.py took 1.215 seconds
[2022-08-23 00:13:19,011] {processor.py:153} INFO - Started process (PID=97580) to work on /home/airflow/.local/lib/python3.7/site-packages/airflow/example_dags/example_latest_only_with_trigger.py
[2022-08-23 00:13:19,015] {processor.py:641} INFO - Processing file /home/airflow/.local/lib/python3.7/site-packages/airflow/example_dags/example_latest_only_with_trigger.py for tasks to queue
[2022-08-23 00:13:19,018] {logging_mixin.py:115} INFO - [2022-08-23 00:13:19,018] {dagbag.py:508} INFO - Filling up the DagBag from /home/airflow/.local/lib/python3.7/site-packages/airflow/example_dags/example_latest_only_with_trigger.py
[2022-08-23 00:13:19,035] {processor.py:651} INFO - DAG(s) dict_keys(['latest_only_with_trigger']) retrieved from /home/airflow/.local/lib/python3.7/site-packages/airflow/example_dags/example_latest_only_with_trigger.py
[2022-08-23 00:13:19,142] {logging_mixin.py:115} INFO - [2022-08-23 00:13:19,142] {dag.py:2420} INFO - Sync 1 DAGs
[2022-08-23 00:13:19,229] {logging_mixin.py:115} INFO - [2022-08-23 00:13:19,229] {dag.py:2972} INFO - Setting next_dagrun for latest_only_with_trigger to 2022-08-22T20:13:19.228607+00:00, run_after=2022-08-23T00:13:19.228607+00:00
[2022-08-23 00:13:19,746] {processor.py:161} INFO - Processing /home/airflow/.local/lib/python3.7/site-packages/airflow/example_dags/example_latest_only_with_trigger.py took 0.741 seconds
[2022-08-23 00:13:51,286] {processor.py:153} INFO - Started process (PID=97784) to work on /home/airflow/.local/lib/python3.7/site-packages/airflow/example_dags/example_latest_only_with_trigger.py
[2022-08-23 00:13:51,292] {processor.py:641} INFO - Processing file /home/airflow/.local/lib/python3.7/site-packages/airflow/example_dags/example_latest_only_with_trigger.py for tasks to queue
[2022-08-23 00:13:51,300] {logging_mixin.py:115} INFO - [2022-08-23 00:13:51,299] {dagbag.py:508} INFO - Filling up the DagBag from /home/airflow/.local/lib/python3.7/site-packages/airflow/example_dags/example_latest_only_with_trigger.py
[2022-08-23 00:13:51,355] {processor.py:651} INFO - DAG(s) dict_keys(['latest_only_with_trigger']) retrieved from /home/airflow/.local/lib/python3.7/site-packages/airflow/example_dags/example_latest_only_with_trigger.py
[2022-08-23 00:13:51,526] {logging_mixin.py:115} INFO - [2022-08-23 00:13:51,526] {dag.py:2420} INFO - Sync 1 DAGs
[2022-08-23 00:13:51,684] {logging_mixin.py:115} INFO - [2022-08-23 00:13:51,684] {dag.py:2972} INFO - Setting next_dagrun for latest_only_with_trigger to 2022-08-22T20:13:51.683587+00:00, run_after=2022-08-23T00:13:51.683587+00:00
[2022-08-23 00:13:52,265] {processor.py:161} INFO - Processing /home/airflow/.local/lib/python3.7/site-packages/airflow/example_dags/example_latest_only_with_trigger.py took 1.007 seconds
[2022-08-23 00:14:25,579] {processor.py:153} INFO - Started process (PID=97989) to work on /home/airflow/.local/lib/python3.7/site-packages/airflow/example_dags/example_latest_only_with_trigger.py
[2022-08-23 00:14:25,582] {processor.py:641} INFO - Processing file /home/airflow/.local/lib/python3.7/site-packages/airflow/example_dags/example_latest_only_with_trigger.py for tasks to queue
[2022-08-23 00:14:25,593] {logging_mixin.py:115} INFO - [2022-08-23 00:14:25,590] {dagbag.py:508} INFO - Filling up the DagBag from /home/airflow/.local/lib/python3.7/site-packages/airflow/example_dags/example_latest_only_with_trigger.py
[2022-08-23 00:14:25,644] {processor.py:651} INFO - DAG(s) dict_keys(['latest_only_with_trigger']) retrieved from /home/airflow/.local/lib/python3.7/site-packages/airflow/example_dags/example_latest_only_with_trigger.py
[2022-08-23 00:14:25,814] {logging_mixin.py:115} INFO - [2022-08-23 00:14:25,813] {dag.py:2420} INFO - Sync 1 DAGs
[2022-08-23 00:14:26,033] {logging_mixin.py:115} INFO - [2022-08-23 00:14:26,033] {dag.py:2972} INFO - Setting next_dagrun for latest_only_with_trigger to 2022-08-22T20:14:26.033029+00:00, run_after=2022-08-23T00:14:26.033029+00:00
[2022-08-23 00:14:26,960] {processor.py:161} INFO - Processing /home/airflow/.local/lib/python3.7/site-packages/airflow/example_dags/example_latest_only_with_trigger.py took 1.477 seconds
[2022-08-23 00:14:57,156] {processor.py:153} INFO - Started process (PID=98191) to work on /home/airflow/.local/lib/python3.7/site-packages/airflow/example_dags/example_latest_only_with_trigger.py
[2022-08-23 00:14:57,160] {processor.py:641} INFO - Processing file /home/airflow/.local/lib/python3.7/site-packages/airflow/example_dags/example_latest_only_with_trigger.py for tasks to queue
[2022-08-23 00:14:57,164] {logging_mixin.py:115} INFO - [2022-08-23 00:14:57,164] {dagbag.py:508} INFO - Filling up the DagBag from /home/airflow/.local/lib/python3.7/site-packages/airflow/example_dags/example_latest_only_with_trigger.py
[2022-08-23 00:14:57,182] {processor.py:651} INFO - DAG(s) dict_keys(['latest_only_with_trigger']) retrieved from /home/airflow/.local/lib/python3.7/site-packages/airflow/example_dags/example_latest_only_with_trigger.py
[2022-08-23 00:14:57,234] {logging_mixin.py:115} INFO - [2022-08-23 00:14:57,234] {dag.py:2420} INFO - Sync 1 DAGs
[2022-08-23 00:14:57,271] {logging_mixin.py:115} INFO - [2022-08-23 00:14:57,271] {dag.py:2972} INFO - Setting next_dagrun for latest_only_with_trigger to 2022-08-22T20:14:57.271069+00:00, run_after=2022-08-23T00:14:57.271069+00:00
[2022-08-23 00:14:57,492] {processor.py:161} INFO - Processing /home/airflow/.local/lib/python3.7/site-packages/airflow/example_dags/example_latest_only_with_trigger.py took 0.345 seconds
[2022-08-23 00:15:27,628] {processor.py:153} INFO - Started process (PID=98385) to work on /home/airflow/.local/lib/python3.7/site-packages/airflow/example_dags/example_latest_only_with_trigger.py
[2022-08-23 00:15:27,630] {processor.py:641} INFO - Processing file /home/airflow/.local/lib/python3.7/site-packages/airflow/example_dags/example_latest_only_with_trigger.py for tasks to queue
[2022-08-23 00:15:27,632] {logging_mixin.py:115} INFO - [2022-08-23 00:15:27,632] {dagbag.py:508} INFO - Filling up the DagBag from /home/airflow/.local/lib/python3.7/site-packages/airflow/example_dags/example_latest_only_with_trigger.py
[2022-08-23 00:15:27,643] {processor.py:651} INFO - DAG(s) dict_keys(['latest_only_with_trigger']) retrieved from /home/airflow/.local/lib/python3.7/site-packages/airflow/example_dags/example_latest_only_with_trigger.py
[2022-08-23 00:15:27,688] {logging_mixin.py:115} INFO - [2022-08-23 00:15:27,688] {dag.py:2420} INFO - Sync 1 DAGs
[2022-08-23 00:15:27,728] {logging_mixin.py:115} INFO - [2022-08-23 00:15:27,728] {dag.py:2972} INFO - Setting next_dagrun for latest_only_with_trigger to 2022-08-22T20:15:27.728040+00:00, run_after=2022-08-23T00:15:27.728040+00:00
[2022-08-23 00:15:27,955] {processor.py:161} INFO - Processing /home/airflow/.local/lib/python3.7/site-packages/airflow/example_dags/example_latest_only_with_trigger.py took 0.333 seconds
[2022-08-23 00:15:58,186] {processor.py:153} INFO - Started process (PID=98585) to work on /home/airflow/.local/lib/python3.7/site-packages/airflow/example_dags/example_latest_only_with_trigger.py
[2022-08-23 00:15:58,189] {processor.py:641} INFO - Processing file /home/airflow/.local/lib/python3.7/site-packages/airflow/example_dags/example_latest_only_with_trigger.py for tasks to queue
[2022-08-23 00:15:58,192] {logging_mixin.py:115} INFO - [2022-08-23 00:15:58,192] {dagbag.py:508} INFO - Filling up the DagBag from /home/airflow/.local/lib/python3.7/site-packages/airflow/example_dags/example_latest_only_with_trigger.py
[2022-08-23 00:15:58,219] {processor.py:651} INFO - DAG(s) dict_keys(['latest_only_with_trigger']) retrieved from /home/airflow/.local/lib/python3.7/site-packages/airflow/example_dags/example_latest_only_with_trigger.py
[2022-08-23 00:15:58,288] {logging_mixin.py:115} INFO - [2022-08-23 00:15:58,288] {dag.py:2420} INFO - Sync 1 DAGs
[2022-08-23 00:15:58,343] {logging_mixin.py:115} INFO - [2022-08-23 00:15:58,343] {dag.py:2972} INFO - Setting next_dagrun for latest_only_with_trigger to 2022-08-22T20:15:58.342801+00:00, run_after=2022-08-23T00:15:58.342801+00:00
[2022-08-23 00:15:58,591] {processor.py:161} INFO - Processing /home/airflow/.local/lib/python3.7/site-packages/airflow/example_dags/example_latest_only_with_trigger.py took 0.430 seconds
[2022-08-23 00:16:29,049] {processor.py:153} INFO - Started process (PID=98780) to work on /home/airflow/.local/lib/python3.7/site-packages/airflow/example_dags/example_latest_only_with_trigger.py
[2022-08-23 00:16:29,057] {processor.py:641} INFO - Processing file /home/airflow/.local/lib/python3.7/site-packages/airflow/example_dags/example_latest_only_with_trigger.py for tasks to queue
[2022-08-23 00:16:29,070] {logging_mixin.py:115} INFO - [2022-08-23 00:16:29,068] {dagbag.py:508} INFO - Filling up the DagBag from /home/airflow/.local/lib/python3.7/site-packages/airflow/example_dags/example_latest_only_with_trigger.py
[2022-08-23 00:16:29,112] {processor.py:651} INFO - DAG(s) dict_keys(['latest_only_with_trigger']) retrieved from /home/airflow/.local/lib/python3.7/site-packages/airflow/example_dags/example_latest_only_with_trigger.py
[2022-08-23 00:16:29,209] {logging_mixin.py:115} INFO - [2022-08-23 00:16:29,209] {dag.py:2420} INFO - Sync 1 DAGs
[2022-08-23 00:16:29,253] {logging_mixin.py:115} INFO - [2022-08-23 00:16:29,253] {dag.py:2972} INFO - Setting next_dagrun for latest_only_with_trigger to 2022-08-22T20:16:29.253143+00:00, run_after=2022-08-23T00:16:29.253143+00:00
[2022-08-23 00:16:29,526] {processor.py:161} INFO - Processing /home/airflow/.local/lib/python3.7/site-packages/airflow/example_dags/example_latest_only_with_trigger.py took 0.503 seconds
[2022-08-23 00:17:00,202] {processor.py:153} INFO - Started process (PID=98976) to work on /home/airflow/.local/lib/python3.7/site-packages/airflow/example_dags/example_latest_only_with_trigger.py
[2022-08-23 00:17:00,205] {processor.py:641} INFO - Processing file /home/airflow/.local/lib/python3.7/site-packages/airflow/example_dags/example_latest_only_with_trigger.py for tasks to queue
[2022-08-23 00:17:00,206] {logging_mixin.py:115} INFO - [2022-08-23 00:17:00,206] {dagbag.py:508} INFO - Filling up the DagBag from /home/airflow/.local/lib/python3.7/site-packages/airflow/example_dags/example_latest_only_with_trigger.py
[2022-08-23 00:17:00,218] {processor.py:651} INFO - DAG(s) dict_keys(['latest_only_with_trigger']) retrieved from /home/airflow/.local/lib/python3.7/site-packages/airflow/example_dags/example_latest_only_with_trigger.py
[2022-08-23 00:17:00,264] {logging_mixin.py:115} INFO - [2022-08-23 00:17:00,264] {dag.py:2420} INFO - Sync 1 DAGs
[2022-08-23 00:17:00,472] {logging_mixin.py:115} INFO - [2022-08-23 00:17:00,472] {dag.py:2972} INFO - Setting next_dagrun for latest_only_with_trigger to 2022-08-22T20:17:00.471726+00:00, run_after=2022-08-23T00:17:00.471726+00:00
[2022-08-23 00:17:00,497] {processor.py:161} INFO - Processing /home/airflow/.local/lib/python3.7/site-packages/airflow/example_dags/example_latest_only_with_trigger.py took 0.300 seconds
[2022-08-23 00:17:30,994] {processor.py:153} INFO - Started process (PID=99168) to work on /home/airflow/.local/lib/python3.7/site-packages/airflow/example_dags/example_latest_only_with_trigger.py
[2022-08-23 00:17:30,997] {processor.py:641} INFO - Processing file /home/airflow/.local/lib/python3.7/site-packages/airflow/example_dags/example_latest_only_with_trigger.py for tasks to queue
[2022-08-23 00:17:31,000] {logging_mixin.py:115} INFO - [2022-08-23 00:17:30,999] {dagbag.py:508} INFO - Filling up the DagBag from /home/airflow/.local/lib/python3.7/site-packages/airflow/example_dags/example_latest_only_with_trigger.py
[2022-08-23 00:17:31,026] {processor.py:651} INFO - DAG(s) dict_keys(['latest_only_with_trigger']) retrieved from /home/airflow/.local/lib/python3.7/site-packages/airflow/example_dags/example_latest_only_with_trigger.py
[2022-08-23 00:17:31,094] {logging_mixin.py:115} INFO - [2022-08-23 00:17:31,094] {dag.py:2420} INFO - Sync 1 DAGs
[2022-08-23 00:17:31,315] {logging_mixin.py:115} INFO - [2022-08-23 00:17:31,315] {dag.py:2972} INFO - Setting next_dagrun for latest_only_with_trigger to 2022-08-22T20:17:31.314839+00:00, run_after=2022-08-23T00:17:31.314839+00:00
[2022-08-23 00:17:31,341] {processor.py:161} INFO - Processing /home/airflow/.local/lib/python3.7/site-packages/airflow/example_dags/example_latest_only_with_trigger.py took 0.359 seconds
[2022-08-23 00:18:01,883] {processor.py:153} INFO - Started process (PID=99362) to work on /home/airflow/.local/lib/python3.7/site-packages/airflow/example_dags/example_latest_only_with_trigger.py
[2022-08-23 00:18:01,885] {processor.py:641} INFO - Processing file /home/airflow/.local/lib/python3.7/site-packages/airflow/example_dags/example_latest_only_with_trigger.py for tasks to queue
[2022-08-23 00:18:01,893] {logging_mixin.py:115} INFO - [2022-08-23 00:18:01,892] {dagbag.py:508} INFO - Filling up the DagBag from /home/airflow/.local/lib/python3.7/site-packages/airflow/example_dags/example_latest_only_with_trigger.py
[2022-08-23 00:18:01,903] {processor.py:651} INFO - DAG(s) dict_keys(['latest_only_with_trigger']) retrieved from /home/airflow/.local/lib/python3.7/site-packages/airflow/example_dags/example_latest_only_with_trigger.py
[2022-08-23 00:18:01,948] {logging_mixin.py:115} INFO - [2022-08-23 00:18:01,948] {dag.py:2420} INFO - Sync 1 DAGs
[2022-08-23 00:18:02,161] {logging_mixin.py:115} INFO - [2022-08-23 00:18:02,161] {dag.py:2972} INFO - Setting next_dagrun for latest_only_with_trigger to 2022-08-22T20:18:02.160762+00:00, run_after=2022-08-23T00:18:02.160762+00:00
[2022-08-23 00:18:02,184] {processor.py:161} INFO - Processing /home/airflow/.local/lib/python3.7/site-packages/airflow/example_dags/example_latest_only_with_trigger.py took 0.312 seconds
[2022-08-23 00:18:32,380] {processor.py:153} INFO - Started process (PID=99564) to work on /home/airflow/.local/lib/python3.7/site-packages/airflow/example_dags/example_latest_only_with_trigger.py
[2022-08-23 00:18:32,382] {processor.py:641} INFO - Processing file /home/airflow/.local/lib/python3.7/site-packages/airflow/example_dags/example_latest_only_with_trigger.py for tasks to queue
[2022-08-23 00:18:32,384] {logging_mixin.py:115} INFO - [2022-08-23 00:18:32,384] {dagbag.py:508} INFO - Filling up the DagBag from /home/airflow/.local/lib/python3.7/site-packages/airflow/example_dags/example_latest_only_with_trigger.py
[2022-08-23 00:18:32,403] {processor.py:651} INFO - DAG(s) dict_keys(['latest_only_with_trigger']) retrieved from /home/airflow/.local/lib/python3.7/site-packages/airflow/example_dags/example_latest_only_with_trigger.py
[2022-08-23 00:18:32,453] {logging_mixin.py:115} INFO - [2022-08-23 00:18:32,453] {dag.py:2420} INFO - Sync 1 DAGs
[2022-08-23 00:18:32,663] {logging_mixin.py:115} INFO - [2022-08-23 00:18:32,663] {dag.py:2972} INFO - Setting next_dagrun for latest_only_with_trigger to 2022-08-22T20:18:32.663031+00:00, run_after=2022-08-23T00:18:32.663031+00:00
[2022-08-23 00:18:32,691] {processor.py:161} INFO - Processing /home/airflow/.local/lib/python3.7/site-packages/airflow/example_dags/example_latest_only_with_trigger.py took 0.321 seconds
[2022-08-23 00:19:03,255] {processor.py:153} INFO - Started process (PID=99757) to work on /home/airflow/.local/lib/python3.7/site-packages/airflow/example_dags/example_latest_only_with_trigger.py
[2022-08-23 00:19:03,259] {processor.py:641} INFO - Processing file /home/airflow/.local/lib/python3.7/site-packages/airflow/example_dags/example_latest_only_with_trigger.py for tasks to queue
[2022-08-23 00:19:03,263] {logging_mixin.py:115} INFO - [2022-08-23 00:19:03,263] {dagbag.py:508} INFO - Filling up the DagBag from /home/airflow/.local/lib/python3.7/site-packages/airflow/example_dags/example_latest_only_with_trigger.py
[2022-08-23 00:19:03,304] {processor.py:651} INFO - DAG(s) dict_keys(['latest_only_with_trigger']) retrieved from /home/airflow/.local/lib/python3.7/site-packages/airflow/example_dags/example_latest_only_with_trigger.py
[2022-08-23 00:19:03,390] {logging_mixin.py:115} INFO - [2022-08-23 00:19:03,390] {dag.py:2420} INFO - Sync 1 DAGs
[2022-08-23 00:19:03,940] {logging_mixin.py:115} INFO - [2022-08-23 00:19:03,940] {dag.py:2972} INFO - Setting next_dagrun for latest_only_with_trigger to 2022-08-22T20:19:03.940443+00:00, run_after=2022-08-23T00:19:03.940443+00:00
[2022-08-23 00:19:03,988] {processor.py:161} INFO - Processing /home/airflow/.local/lib/python3.7/site-packages/airflow/example_dags/example_latest_only_with_trigger.py took 0.744 seconds
[2022-08-23 00:19:34,942] {processor.py:153} INFO - Started process (PID=99967) to work on /home/airflow/.local/lib/python3.7/site-packages/airflow/example_dags/example_latest_only_with_trigger.py
[2022-08-23 00:19:34,945] {processor.py:641} INFO - Processing file /home/airflow/.local/lib/python3.7/site-packages/airflow/example_dags/example_latest_only_with_trigger.py for tasks to queue
[2022-08-23 00:19:34,950] {logging_mixin.py:115} INFO - [2022-08-23 00:19:34,949] {dagbag.py:508} INFO - Filling up the DagBag from /home/airflow/.local/lib/python3.7/site-packages/airflow/example_dags/example_latest_only_with_trigger.py
[2022-08-23 00:19:35,040] {processor.py:651} INFO - DAG(s) dict_keys(['latest_only_with_trigger']) retrieved from /home/airflow/.local/lib/python3.7/site-packages/airflow/example_dags/example_latest_only_with_trigger.py
[2022-08-23 00:19:35,155] {logging_mixin.py:115} INFO - [2022-08-23 00:19:35,154] {dag.py:2420} INFO - Sync 1 DAGs
[2022-08-23 00:19:35,445] {logging_mixin.py:115} INFO - [2022-08-23 00:19:35,444] {dag.py:2972} INFO - Setting next_dagrun for latest_only_with_trigger to 2022-08-22T20:19:35.443445+00:00, run_after=2022-08-23T00:19:35.443445+00:00
[2022-08-23 00:19:35,522] {processor.py:161} INFO - Processing /home/airflow/.local/lib/python3.7/site-packages/airflow/example_dags/example_latest_only_with_trigger.py took 0.614 seconds
[2022-08-23 00:20:06,790] {processor.py:153} INFO - Started process (PID=472) to work on /home/airflow/.local/lib/python3.7/site-packages/airflow/example_dags/example_latest_only_with_trigger.py
[2022-08-23 00:20:06,796] {processor.py:641} INFO - Processing file /home/airflow/.local/lib/python3.7/site-packages/airflow/example_dags/example_latest_only_with_trigger.py for tasks to queue
[2022-08-23 00:20:06,799] {logging_mixin.py:115} INFO - [2022-08-23 00:20:06,799] {dagbag.py:508} INFO - Filling up the DagBag from /home/airflow/.local/lib/python3.7/site-packages/airflow/example_dags/example_latest_only_with_trigger.py
[2022-08-23 00:20:06,815] {processor.py:651} INFO - DAG(s) dict_keys(['latest_only_with_trigger']) retrieved from /home/airflow/.local/lib/python3.7/site-packages/airflow/example_dags/example_latest_only_with_trigger.py
[2022-08-23 00:20:06,866] {logging_mixin.py:115} INFO - [2022-08-23 00:20:06,866] {dag.py:2420} INFO - Sync 1 DAGs
[2022-08-23 00:20:07,417] {logging_mixin.py:115} INFO - [2022-08-23 00:20:07,416] {dag.py:2972} INFO - Setting next_dagrun for latest_only_with_trigger to 2022-08-22T20:20:07.416105+00:00, run_after=2022-08-23T00:20:07.416105+00:00
[2022-08-23 00:20:07,451] {processor.py:161} INFO - Processing /home/airflow/.local/lib/python3.7/site-packages/airflow/example_dags/example_latest_only_with_trigger.py took 0.672 seconds
[2022-08-23 00:20:37,656] {processor.py:153} INFO - Started process (PID=675) to work on /home/airflow/.local/lib/python3.7/site-packages/airflow/example_dags/example_latest_only_with_trigger.py
[2022-08-23 00:20:37,662] {processor.py:641} INFO - Processing file /home/airflow/.local/lib/python3.7/site-packages/airflow/example_dags/example_latest_only_with_trigger.py for tasks to queue
[2022-08-23 00:20:37,664] {logging_mixin.py:115} INFO - [2022-08-23 00:20:37,664] {dagbag.py:508} INFO - Filling up the DagBag from /home/airflow/.local/lib/python3.7/site-packages/airflow/example_dags/example_latest_only_with_trigger.py
[2022-08-23 00:20:37,691] {processor.py:651} INFO - DAG(s) dict_keys(['latest_only_with_trigger']) retrieved from /home/airflow/.local/lib/python3.7/site-packages/airflow/example_dags/example_latest_only_with_trigger.py
[2022-08-23 00:20:37,751] {logging_mixin.py:115} INFO - [2022-08-23 00:20:37,751] {dag.py:2420} INFO - Sync 1 DAGs
[2022-08-23 00:20:37,983] {logging_mixin.py:115} INFO - [2022-08-23 00:20:37,983] {dag.py:2972} INFO - Setting next_dagrun for latest_only_with_trigger to 2022-08-22T20:20:37.982823+00:00, run_after=2022-08-23T00:20:37.982823+00:00
[2022-08-23 00:20:38,009] {processor.py:161} INFO - Processing /home/airflow/.local/lib/python3.7/site-packages/airflow/example_dags/example_latest_only_with_trigger.py took 0.362 seconds
[2022-08-23 00:21:08,576] {processor.py:153} INFO - Started process (PID=870) to work on /home/airflow/.local/lib/python3.7/site-packages/airflow/example_dags/example_latest_only_with_trigger.py
[2022-08-23 00:21:08,587] {processor.py:641} INFO - Processing file /home/airflow/.local/lib/python3.7/site-packages/airflow/example_dags/example_latest_only_with_trigger.py for tasks to queue
[2022-08-23 00:21:08,596] {logging_mixin.py:115} INFO - [2022-08-23 00:21:08,595] {dagbag.py:508} INFO - Filling up the DagBag from /home/airflow/.local/lib/python3.7/site-packages/airflow/example_dags/example_latest_only_with_trigger.py
[2022-08-23 00:21:08,629] {processor.py:651} INFO - DAG(s) dict_keys(['latest_only_with_trigger']) retrieved from /home/airflow/.local/lib/python3.7/site-packages/airflow/example_dags/example_latest_only_with_trigger.py
[2022-08-23 00:21:08,721] {logging_mixin.py:115} INFO - [2022-08-23 00:21:08,721] {dag.py:2420} INFO - Sync 1 DAGs
[2022-08-23 00:21:09,086] {logging_mixin.py:115} INFO - [2022-08-23 00:21:09,086] {dag.py:2972} INFO - Setting next_dagrun for latest_only_with_trigger to 2022-08-22T20:21:09.085977+00:00, run_after=2022-08-23T00:21:09.085977+00:00
[2022-08-23 00:21:09,113] {processor.py:161} INFO - Processing /home/airflow/.local/lib/python3.7/site-packages/airflow/example_dags/example_latest_only_with_trigger.py took 0.551 seconds
