[2022-08-23 00:00:33,536] {processor.py:153} INFO - Started process (PID=92790) to work on /home/airflow/.local/lib/python3.7/site-packages/airflow/example_dags/tutorial_taskflow_api_etl.py
[2022-08-23 00:00:33,538] {processor.py:641} INFO - Processing file /home/airflow/.local/lib/python3.7/site-packages/airflow/example_dags/tutorial_taskflow_api_etl.py for tasks to queue
[2022-08-23 00:00:33,544] {logging_mixin.py:115} INFO - [2022-08-23 00:00:33,543] {dagbag.py:508} INFO - Filling up the DagBag from /home/airflow/.local/lib/python3.7/site-packages/airflow/example_dags/tutorial_taskflow_api_etl.py
[2022-08-23 00:00:33,598] {processor.py:651} INFO - DAG(s) dict_keys(['tutorial_taskflow_api_etl']) retrieved from /home/airflow/.local/lib/python3.7/site-packages/airflow/example_dags/tutorial_taskflow_api_etl.py
[2022-08-23 00:00:34,302] {logging_mixin.py:115} INFO - [2022-08-23 00:00:34,301] {dag.py:2420} INFO - Sync 1 DAGs
[2022-08-23 00:00:34,544] {logging_mixin.py:115} INFO - [2022-08-23 00:00:34,544] {dag.py:2972} INFO - Setting next_dagrun for tutorial_taskflow_api_etl to None, run_after=None
[2022-08-23 00:00:34,583] {processor.py:161} INFO - Processing /home/airflow/.local/lib/python3.7/site-packages/airflow/example_dags/tutorial_taskflow_api_etl.py took 1.061 seconds
[2022-08-23 00:01:04,755] {processor.py:153} INFO - Started process (PID=92990) to work on /home/airflow/.local/lib/python3.7/site-packages/airflow/example_dags/tutorial_taskflow_api_etl.py
[2022-08-23 00:01:04,758] {processor.py:641} INFO - Processing file /home/airflow/.local/lib/python3.7/site-packages/airflow/example_dags/tutorial_taskflow_api_etl.py for tasks to queue
[2022-08-23 00:01:04,761] {logging_mixin.py:115} INFO - [2022-08-23 00:01:04,761] {dagbag.py:508} INFO - Filling up the DagBag from /home/airflow/.local/lib/python3.7/site-packages/airflow/example_dags/tutorial_taskflow_api_etl.py
[2022-08-23 00:01:04,790] {processor.py:651} INFO - DAG(s) dict_keys(['tutorial_taskflow_api_etl']) retrieved from /home/airflow/.local/lib/python3.7/site-packages/airflow/example_dags/tutorial_taskflow_api_etl.py
[2022-08-23 00:01:05,085] {logging_mixin.py:115} INFO - [2022-08-23 00:01:05,085] {dag.py:2420} INFO - Sync 1 DAGs
[2022-08-23 00:01:05,119] {logging_mixin.py:115} INFO - [2022-08-23 00:01:05,119] {dag.py:2972} INFO - Setting next_dagrun for tutorial_taskflow_api_etl to None, run_after=None
[2022-08-23 00:01:05,144] {processor.py:161} INFO - Processing /home/airflow/.local/lib/python3.7/site-packages/airflow/example_dags/tutorial_taskflow_api_etl.py took 0.398 seconds
[2022-08-23 00:01:35,486] {processor.py:153} INFO - Started process (PID=93192) to work on /home/airflow/.local/lib/python3.7/site-packages/airflow/example_dags/tutorial_taskflow_api_etl.py
[2022-08-23 00:01:35,490] {processor.py:641} INFO - Processing file /home/airflow/.local/lib/python3.7/site-packages/airflow/example_dags/tutorial_taskflow_api_etl.py for tasks to queue
[2022-08-23 00:01:35,494] {logging_mixin.py:115} INFO - [2022-08-23 00:01:35,494] {dagbag.py:508} INFO - Filling up the DagBag from /home/airflow/.local/lib/python3.7/site-packages/airflow/example_dags/tutorial_taskflow_api_etl.py
[2022-08-23 00:01:35,754] {processor.py:651} INFO - DAG(s) dict_keys(['tutorial_taskflow_api_etl']) retrieved from /home/airflow/.local/lib/python3.7/site-packages/airflow/example_dags/tutorial_taskflow_api_etl.py
[2022-08-23 00:01:36,834] {logging_mixin.py:115} INFO - [2022-08-23 00:01:36,833] {dag.py:2420} INFO - Sync 1 DAGs
[2022-08-23 00:01:36,881] {logging_mixin.py:115} INFO - [2022-08-23 00:01:36,880] {dag.py:2972} INFO - Setting next_dagrun for tutorial_taskflow_api_etl to None, run_after=None
[2022-08-23 00:01:36,927] {processor.py:161} INFO - Processing /home/airflow/.local/lib/python3.7/site-packages/airflow/example_dags/tutorial_taskflow_api_etl.py took 1.458 seconds
[2022-08-23 00:02:07,412] {processor.py:153} INFO - Started process (PID=93383) to work on /home/airflow/.local/lib/python3.7/site-packages/airflow/example_dags/tutorial_taskflow_api_etl.py
[2022-08-23 00:02:07,416] {processor.py:641} INFO - Processing file /home/airflow/.local/lib/python3.7/site-packages/airflow/example_dags/tutorial_taskflow_api_etl.py for tasks to queue
[2022-08-23 00:02:07,422] {logging_mixin.py:115} INFO - [2022-08-23 00:02:07,422] {dagbag.py:508} INFO - Filling up the DagBag from /home/airflow/.local/lib/python3.7/site-packages/airflow/example_dags/tutorial_taskflow_api_etl.py
[2022-08-23 00:02:07,465] {processor.py:651} INFO - DAG(s) dict_keys(['tutorial_taskflow_api_etl']) retrieved from /home/airflow/.local/lib/python3.7/site-packages/airflow/example_dags/tutorial_taskflow_api_etl.py
[2022-08-23 00:02:07,991] {logging_mixin.py:115} INFO - [2022-08-23 00:02:07,991] {dag.py:2420} INFO - Sync 1 DAGs
[2022-08-23 00:02:08,052] {logging_mixin.py:115} INFO - [2022-08-23 00:02:08,052] {dag.py:2972} INFO - Setting next_dagrun for tutorial_taskflow_api_etl to None, run_after=None
[2022-08-23 00:02:08,091] {processor.py:161} INFO - Processing /home/airflow/.local/lib/python3.7/site-packages/airflow/example_dags/tutorial_taskflow_api_etl.py took 0.691 seconds
[2022-08-23 00:02:38,573] {processor.py:153} INFO - Started process (PID=93578) to work on /home/airflow/.local/lib/python3.7/site-packages/airflow/example_dags/tutorial_taskflow_api_etl.py
[2022-08-23 00:02:38,575] {processor.py:641} INFO - Processing file /home/airflow/.local/lib/python3.7/site-packages/airflow/example_dags/tutorial_taskflow_api_etl.py for tasks to queue
[2022-08-23 00:02:38,578] {logging_mixin.py:115} INFO - [2022-08-23 00:02:38,578] {dagbag.py:508} INFO - Filling up the DagBag from /home/airflow/.local/lib/python3.7/site-packages/airflow/example_dags/tutorial_taskflow_api_etl.py
[2022-08-23 00:02:38,616] {processor.py:651} INFO - DAG(s) dict_keys(['tutorial_taskflow_api_etl']) retrieved from /home/airflow/.local/lib/python3.7/site-packages/airflow/example_dags/tutorial_taskflow_api_etl.py
[2022-08-23 00:02:38,667] {logging_mixin.py:115} INFO - [2022-08-23 00:02:38,667] {dag.py:2420} INFO - Sync 1 DAGs
[2022-08-23 00:02:38,893] {logging_mixin.py:115} INFO - [2022-08-23 00:02:38,893] {dag.py:2972} INFO - Setting next_dagrun for tutorial_taskflow_api_etl to None, run_after=None
[2022-08-23 00:02:38,938] {processor.py:161} INFO - Processing /home/airflow/.local/lib/python3.7/site-packages/airflow/example_dags/tutorial_taskflow_api_etl.py took 0.392 seconds
[2022-08-23 00:03:09,548] {processor.py:153} INFO - Started process (PID=93770) to work on /home/airflow/.local/lib/python3.7/site-packages/airflow/example_dags/tutorial_taskflow_api_etl.py
[2022-08-23 00:03:09,550] {processor.py:641} INFO - Processing file /home/airflow/.local/lib/python3.7/site-packages/airflow/example_dags/tutorial_taskflow_api_etl.py for tasks to queue
[2022-08-23 00:03:09,553] {logging_mixin.py:115} INFO - [2022-08-23 00:03:09,552] {dagbag.py:508} INFO - Filling up the DagBag from /home/airflow/.local/lib/python3.7/site-packages/airflow/example_dags/tutorial_taskflow_api_etl.py
[2022-08-23 00:03:09,652] {processor.py:651} INFO - DAG(s) dict_keys(['tutorial_taskflow_api_etl']) retrieved from /home/airflow/.local/lib/python3.7/site-packages/airflow/example_dags/tutorial_taskflow_api_etl.py
[2022-08-23 00:03:10,129] {logging_mixin.py:115} INFO - [2022-08-23 00:03:10,128] {dag.py:2420} INFO - Sync 1 DAGs
[2022-08-23 00:03:10,172] {logging_mixin.py:115} INFO - [2022-08-23 00:03:10,171] {dag.py:2972} INFO - Setting next_dagrun for tutorial_taskflow_api_etl to None, run_after=None
[2022-08-23 00:03:10,200] {processor.py:161} INFO - Processing /home/airflow/.local/lib/python3.7/site-packages/airflow/example_dags/tutorial_taskflow_api_etl.py took 0.680 seconds
[2022-08-23 00:03:43,344] {processor.py:153} INFO - Started process (PID=93974) to work on /home/airflow/.local/lib/python3.7/site-packages/airflow/example_dags/tutorial_taskflow_api_etl.py
[2022-08-23 00:03:43,360] {processor.py:641} INFO - Processing file /home/airflow/.local/lib/python3.7/site-packages/airflow/example_dags/tutorial_taskflow_api_etl.py for tasks to queue
[2022-08-23 00:03:43,585] {logging_mixin.py:115} INFO - [2022-08-23 00:03:43,584] {dagbag.py:508} INFO - Filling up the DagBag from /home/airflow/.local/lib/python3.7/site-packages/airflow/example_dags/tutorial_taskflow_api_etl.py
[2022-08-23 00:03:43,797] {processor.py:651} INFO - DAG(s) dict_keys(['tutorial_taskflow_api_etl']) retrieved from /home/airflow/.local/lib/python3.7/site-packages/airflow/example_dags/tutorial_taskflow_api_etl.py
[2022-08-23 00:03:43,962] {logging_mixin.py:115} INFO - [2022-08-23 00:03:43,962] {dag.py:2420} INFO - Sync 1 DAGs
[2022-08-23 00:03:44,504] {logging_mixin.py:115} INFO - [2022-08-23 00:03:44,504] {dag.py:2972} INFO - Setting next_dagrun for tutorial_taskflow_api_etl to None, run_after=None
[2022-08-23 00:03:44,563] {processor.py:161} INFO - Processing /home/airflow/.local/lib/python3.7/site-packages/airflow/example_dags/tutorial_taskflow_api_etl.py took 1.235 seconds
[2022-08-23 00:04:14,832] {processor.py:153} INFO - Started process (PID=94171) to work on /home/airflow/.local/lib/python3.7/site-packages/airflow/example_dags/tutorial_taskflow_api_etl.py
[2022-08-23 00:04:14,834] {processor.py:641} INFO - Processing file /home/airflow/.local/lib/python3.7/site-packages/airflow/example_dags/tutorial_taskflow_api_etl.py for tasks to queue
[2022-08-23 00:04:14,842] {logging_mixin.py:115} INFO - [2022-08-23 00:04:14,841] {dagbag.py:508} INFO - Filling up the DagBag from /home/airflow/.local/lib/python3.7/site-packages/airflow/example_dags/tutorial_taskflow_api_etl.py
[2022-08-23 00:04:14,918] {processor.py:651} INFO - DAG(s) dict_keys(['tutorial_taskflow_api_etl']) retrieved from /home/airflow/.local/lib/python3.7/site-packages/airflow/example_dags/tutorial_taskflow_api_etl.py
[2022-08-23 00:04:15,380] {logging_mixin.py:115} INFO - [2022-08-23 00:04:15,380] {dag.py:2420} INFO - Sync 1 DAGs
[2022-08-23 00:04:15,420] {logging_mixin.py:115} INFO - [2022-08-23 00:04:15,420] {dag.py:2972} INFO - Setting next_dagrun for tutorial_taskflow_api_etl to None, run_after=None
[2022-08-23 00:04:15,449] {processor.py:161} INFO - Processing /home/airflow/.local/lib/python3.7/site-packages/airflow/example_dags/tutorial_taskflow_api_etl.py took 0.631 seconds
[2022-08-23 00:04:45,925] {processor.py:153} INFO - Started process (PID=94366) to work on /home/airflow/.local/lib/python3.7/site-packages/airflow/example_dags/tutorial_taskflow_api_etl.py
[2022-08-23 00:04:45,934] {processor.py:641} INFO - Processing file /home/airflow/.local/lib/python3.7/site-packages/airflow/example_dags/tutorial_taskflow_api_etl.py for tasks to queue
[2022-08-23 00:04:45,938] {logging_mixin.py:115} INFO - [2022-08-23 00:04:45,938] {dagbag.py:508} INFO - Filling up the DagBag from /home/airflow/.local/lib/python3.7/site-packages/airflow/example_dags/tutorial_taskflow_api_etl.py
[2022-08-23 00:04:46,012] {processor.py:651} INFO - DAG(s) dict_keys(['tutorial_taskflow_api_etl']) retrieved from /home/airflow/.local/lib/python3.7/site-packages/airflow/example_dags/tutorial_taskflow_api_etl.py
[2022-08-23 00:04:46,820] {logging_mixin.py:115} INFO - [2022-08-23 00:04:46,816] {dag.py:2420} INFO - Sync 1 DAGs
[2022-08-23 00:04:46,890] {logging_mixin.py:115} INFO - [2022-08-23 00:04:46,890] {dag.py:2972} INFO - Setting next_dagrun for tutorial_taskflow_api_etl to None, run_after=None
[2022-08-23 00:04:46,936] {processor.py:161} INFO - Processing /home/airflow/.local/lib/python3.7/site-packages/airflow/example_dags/tutorial_taskflow_api_etl.py took 1.019 seconds
[2022-08-23 00:05:17,257] {processor.py:153} INFO - Started process (PID=94565) to work on /home/airflow/.local/lib/python3.7/site-packages/airflow/example_dags/tutorial_taskflow_api_etl.py
[2022-08-23 00:05:17,259] {processor.py:641} INFO - Processing file /home/airflow/.local/lib/python3.7/site-packages/airflow/example_dags/tutorial_taskflow_api_etl.py for tasks to queue
[2022-08-23 00:05:17,262] {logging_mixin.py:115} INFO - [2022-08-23 00:05:17,261] {dagbag.py:508} INFO - Filling up the DagBag from /home/airflow/.local/lib/python3.7/site-packages/airflow/example_dags/tutorial_taskflow_api_etl.py
[2022-08-23 00:05:17,299] {processor.py:651} INFO - DAG(s) dict_keys(['tutorial_taskflow_api_etl']) retrieved from /home/airflow/.local/lib/python3.7/site-packages/airflow/example_dags/tutorial_taskflow_api_etl.py
[2022-08-23 00:05:17,369] {logging_mixin.py:115} INFO - [2022-08-23 00:05:17,369] {dag.py:2420} INFO - Sync 1 DAGs
[2022-08-23 00:05:17,629] {logging_mixin.py:115} INFO - [2022-08-23 00:05:17,629] {dag.py:2972} INFO - Setting next_dagrun for tutorial_taskflow_api_etl to None, run_after=None
[2022-08-23 00:05:17,663] {processor.py:161} INFO - Processing /home/airflow/.local/lib/python3.7/site-packages/airflow/example_dags/tutorial_taskflow_api_etl.py took 0.413 seconds
[2022-08-23 00:05:47,900] {processor.py:153} INFO - Started process (PID=94767) to work on /home/airflow/.local/lib/python3.7/site-packages/airflow/example_dags/tutorial_taskflow_api_etl.py
[2022-08-23 00:05:47,905] {processor.py:641} INFO - Processing file /home/airflow/.local/lib/python3.7/site-packages/airflow/example_dags/tutorial_taskflow_api_etl.py for tasks to queue
[2022-08-23 00:05:47,913] {logging_mixin.py:115} INFO - [2022-08-23 00:05:47,913] {dagbag.py:508} INFO - Filling up the DagBag from /home/airflow/.local/lib/python3.7/site-packages/airflow/example_dags/tutorial_taskflow_api_etl.py
[2022-08-23 00:05:47,992] {processor.py:651} INFO - DAG(s) dict_keys(['tutorial_taskflow_api_etl']) retrieved from /home/airflow/.local/lib/python3.7/site-packages/airflow/example_dags/tutorial_taskflow_api_etl.py
[2022-08-23 00:05:48,720] {logging_mixin.py:115} INFO - [2022-08-23 00:05:48,720] {dag.py:2420} INFO - Sync 1 DAGs
[2022-08-23 00:05:48,769] {logging_mixin.py:115} INFO - [2022-08-23 00:05:48,769] {dag.py:2972} INFO - Setting next_dagrun for tutorial_taskflow_api_etl to None, run_after=None
[2022-08-23 00:05:48,815] {processor.py:161} INFO - Processing /home/airflow/.local/lib/python3.7/site-packages/airflow/example_dags/tutorial_taskflow_api_etl.py took 0.924 seconds
[2022-08-23 00:06:18,948] {processor.py:153} INFO - Started process (PID=94966) to work on /home/airflow/.local/lib/python3.7/site-packages/airflow/example_dags/tutorial_taskflow_api_etl.py
[2022-08-23 00:06:18,951] {processor.py:641} INFO - Processing file /home/airflow/.local/lib/python3.7/site-packages/airflow/example_dags/tutorial_taskflow_api_etl.py for tasks to queue
[2022-08-23 00:06:18,953] {logging_mixin.py:115} INFO - [2022-08-23 00:06:18,953] {dagbag.py:508} INFO - Filling up the DagBag from /home/airflow/.local/lib/python3.7/site-packages/airflow/example_dags/tutorial_taskflow_api_etl.py
[2022-08-23 00:06:18,990] {processor.py:651} INFO - DAG(s) dict_keys(['tutorial_taskflow_api_etl']) retrieved from /home/airflow/.local/lib/python3.7/site-packages/airflow/example_dags/tutorial_taskflow_api_etl.py
[2022-08-23 00:06:19,041] {logging_mixin.py:115} INFO - [2022-08-23 00:06:19,041] {dag.py:2420} INFO - Sync 1 DAGs
[2022-08-23 00:06:19,270] {logging_mixin.py:115} INFO - [2022-08-23 00:06:19,270] {dag.py:2972} INFO - Setting next_dagrun for tutorial_taskflow_api_etl to None, run_after=None
[2022-08-23 00:06:19,304] {processor.py:161} INFO - Processing /home/airflow/.local/lib/python3.7/site-packages/airflow/example_dags/tutorial_taskflow_api_etl.py took 0.363 seconds
[2022-08-23 00:06:50,667] {processor.py:153} INFO - Started process (PID=95155) to work on /home/airflow/.local/lib/python3.7/site-packages/airflow/example_dags/tutorial_taskflow_api_etl.py
[2022-08-23 00:06:50,669] {processor.py:641} INFO - Processing file /home/airflow/.local/lib/python3.7/site-packages/airflow/example_dags/tutorial_taskflow_api_etl.py for tasks to queue
[2022-08-23 00:06:50,671] {logging_mixin.py:115} INFO - [2022-08-23 00:06:50,671] {dagbag.py:508} INFO - Filling up the DagBag from /home/airflow/.local/lib/python3.7/site-packages/airflow/example_dags/tutorial_taskflow_api_etl.py
[2022-08-23 00:06:50,708] {processor.py:651} INFO - DAG(s) dict_keys(['tutorial_taskflow_api_etl']) retrieved from /home/airflow/.local/lib/python3.7/site-packages/airflow/example_dags/tutorial_taskflow_api_etl.py
[2022-08-23 00:06:51,191] {logging_mixin.py:115} INFO - [2022-08-23 00:06:51,191] {dag.py:2420} INFO - Sync 1 DAGs
[2022-08-23 00:06:51,324] {logging_mixin.py:115} INFO - [2022-08-23 00:06:51,324] {dag.py:2972} INFO - Setting next_dagrun for tutorial_taskflow_api_etl to None, run_after=None
[2022-08-23 00:06:51,406] {processor.py:161} INFO - Processing /home/airflow/.local/lib/python3.7/site-packages/airflow/example_dags/tutorial_taskflow_api_etl.py took 0.748 seconds
[2022-08-23 00:07:21,726] {processor.py:153} INFO - Started process (PID=95355) to work on /home/airflow/.local/lib/python3.7/site-packages/airflow/example_dags/tutorial_taskflow_api_etl.py
[2022-08-23 00:07:21,738] {processor.py:641} INFO - Processing file /home/airflow/.local/lib/python3.7/site-packages/airflow/example_dags/tutorial_taskflow_api_etl.py for tasks to queue
[2022-08-23 00:07:21,744] {logging_mixin.py:115} INFO - [2022-08-23 00:07:21,741] {dagbag.py:508} INFO - Filling up the DagBag from /home/airflow/.local/lib/python3.7/site-packages/airflow/example_dags/tutorial_taskflow_api_etl.py
[2022-08-23 00:07:21,841] {processor.py:651} INFO - DAG(s) dict_keys(['tutorial_taskflow_api_etl']) retrieved from /home/airflow/.local/lib/python3.7/site-packages/airflow/example_dags/tutorial_taskflow_api_etl.py
[2022-08-23 00:07:22,408] {logging_mixin.py:115} INFO - [2022-08-23 00:07:22,407] {dag.py:2420} INFO - Sync 1 DAGs
[2022-08-23 00:07:22,528] {logging_mixin.py:115} INFO - [2022-08-23 00:07:22,527] {dag.py:2972} INFO - Setting next_dagrun for tutorial_taskflow_api_etl to None, run_after=None
[2022-08-23 00:07:22,604] {processor.py:161} INFO - Processing /home/airflow/.local/lib/python3.7/site-packages/airflow/example_dags/tutorial_taskflow_api_etl.py took 0.894 seconds
[2022-08-23 00:07:53,092] {processor.py:153} INFO - Started process (PID=95552) to work on /home/airflow/.local/lib/python3.7/site-packages/airflow/example_dags/tutorial_taskflow_api_etl.py
[2022-08-23 00:07:53,094] {processor.py:641} INFO - Processing file /home/airflow/.local/lib/python3.7/site-packages/airflow/example_dags/tutorial_taskflow_api_etl.py for tasks to queue
[2022-08-23 00:07:53,098] {logging_mixin.py:115} INFO - [2022-08-23 00:07:53,098] {dagbag.py:508} INFO - Filling up the DagBag from /home/airflow/.local/lib/python3.7/site-packages/airflow/example_dags/tutorial_taskflow_api_etl.py
[2022-08-23 00:07:53,133] {processor.py:651} INFO - DAG(s) dict_keys(['tutorial_taskflow_api_etl']) retrieved from /home/airflow/.local/lib/python3.7/site-packages/airflow/example_dags/tutorial_taskflow_api_etl.py
[2022-08-23 00:07:53,990] {logging_mixin.py:115} INFO - [2022-08-23 00:07:53,989] {dag.py:2420} INFO - Sync 1 DAGs
[2022-08-23 00:07:54,113] {logging_mixin.py:115} INFO - [2022-08-23 00:07:54,113] {dag.py:2972} INFO - Setting next_dagrun for tutorial_taskflow_api_etl to None, run_after=None
[2022-08-23 00:07:54,272] {processor.py:161} INFO - Processing /home/airflow/.local/lib/python3.7/site-packages/airflow/example_dags/tutorial_taskflow_api_etl.py took 1.187 seconds
[2022-08-23 00:08:24,857] {processor.py:153} INFO - Started process (PID=95747) to work on /home/airflow/.local/lib/python3.7/site-packages/airflow/example_dags/tutorial_taskflow_api_etl.py
[2022-08-23 00:08:24,861] {processor.py:641} INFO - Processing file /home/airflow/.local/lib/python3.7/site-packages/airflow/example_dags/tutorial_taskflow_api_etl.py for tasks to queue
[2022-08-23 00:08:24,864] {logging_mixin.py:115} INFO - [2022-08-23 00:08:24,864] {dagbag.py:508} INFO - Filling up the DagBag from /home/airflow/.local/lib/python3.7/site-packages/airflow/example_dags/tutorial_taskflow_api_etl.py
[2022-08-23 00:08:24,901] {processor.py:651} INFO - DAG(s) dict_keys(['tutorial_taskflow_api_etl']) retrieved from /home/airflow/.local/lib/python3.7/site-packages/airflow/example_dags/tutorial_taskflow_api_etl.py
[2022-08-23 00:08:25,458] {logging_mixin.py:115} INFO - [2022-08-23 00:08:25,458] {dag.py:2420} INFO - Sync 1 DAGs
[2022-08-23 00:08:25,503] {logging_mixin.py:115} INFO - [2022-08-23 00:08:25,503] {dag.py:2972} INFO - Setting next_dagrun for tutorial_taskflow_api_etl to None, run_after=None
[2022-08-23 00:08:25,528] {processor.py:161} INFO - Processing /home/airflow/.local/lib/python3.7/site-packages/airflow/example_dags/tutorial_taskflow_api_etl.py took 0.682 seconds
[2022-08-23 00:08:56,062] {processor.py:153} INFO - Started process (PID=95939) to work on /home/airflow/.local/lib/python3.7/site-packages/airflow/example_dags/tutorial_taskflow_api_etl.py
[2022-08-23 00:08:56,068] {processor.py:641} INFO - Processing file /home/airflow/.local/lib/python3.7/site-packages/airflow/example_dags/tutorial_taskflow_api_etl.py for tasks to queue
[2022-08-23 00:08:56,070] {logging_mixin.py:115} INFO - [2022-08-23 00:08:56,070] {dagbag.py:508} INFO - Filling up the DagBag from /home/airflow/.local/lib/python3.7/site-packages/airflow/example_dags/tutorial_taskflow_api_etl.py
[2022-08-23 00:08:56,155] {processor.py:651} INFO - DAG(s) dict_keys(['tutorial_taskflow_api_etl']) retrieved from /home/airflow/.local/lib/python3.7/site-packages/airflow/example_dags/tutorial_taskflow_api_etl.py
[2022-08-23 00:08:56,468] {logging_mixin.py:115} INFO - [2022-08-23 00:08:56,468] {dag.py:2420} INFO - Sync 1 DAGs
[2022-08-23 00:08:56,505] {logging_mixin.py:115} INFO - [2022-08-23 00:08:56,505] {dag.py:2972} INFO - Setting next_dagrun for tutorial_taskflow_api_etl to None, run_after=None
[2022-08-23 00:08:56,530] {processor.py:161} INFO - Processing /home/airflow/.local/lib/python3.7/site-packages/airflow/example_dags/tutorial_taskflow_api_etl.py took 0.485 seconds
[2022-08-23 00:09:27,405] {processor.py:153} INFO - Started process (PID=96129) to work on /home/airflow/.local/lib/python3.7/site-packages/airflow/example_dags/tutorial_taskflow_api_etl.py
[2022-08-23 00:09:27,415] {processor.py:641} INFO - Processing file /home/airflow/.local/lib/python3.7/site-packages/airflow/example_dags/tutorial_taskflow_api_etl.py for tasks to queue
[2022-08-23 00:09:27,432] {logging_mixin.py:115} INFO - [2022-08-23 00:09:27,431] {dagbag.py:508} INFO - Filling up the DagBag from /home/airflow/.local/lib/python3.7/site-packages/airflow/example_dags/tutorial_taskflow_api_etl.py
[2022-08-23 00:09:27,912] {processor.py:651} INFO - DAG(s) dict_keys(['tutorial_taskflow_api_etl']) retrieved from /home/airflow/.local/lib/python3.7/site-packages/airflow/example_dags/tutorial_taskflow_api_etl.py
[2022-08-23 00:09:28,652] {logging_mixin.py:115} INFO - [2022-08-23 00:09:28,652] {dag.py:2420} INFO - Sync 1 DAGs
[2022-08-23 00:09:28,712] {logging_mixin.py:115} INFO - [2022-08-23 00:09:28,712] {dag.py:2972} INFO - Setting next_dagrun for tutorial_taskflow_api_etl to None, run_after=None
[2022-08-23 00:09:28,759] {processor.py:161} INFO - Processing /home/airflow/.local/lib/python3.7/site-packages/airflow/example_dags/tutorial_taskflow_api_etl.py took 1.395 seconds
[2022-08-23 00:09:59,213] {processor.py:153} INFO - Started process (PID=96323) to work on /home/airflow/.local/lib/python3.7/site-packages/airflow/example_dags/tutorial_taskflow_api_etl.py
[2022-08-23 00:09:59,215] {processor.py:641} INFO - Processing file /home/airflow/.local/lib/python3.7/site-packages/airflow/example_dags/tutorial_taskflow_api_etl.py for tasks to queue
[2022-08-23 00:09:59,218] {logging_mixin.py:115} INFO - [2022-08-23 00:09:59,218] {dagbag.py:508} INFO - Filling up the DagBag from /home/airflow/.local/lib/python3.7/site-packages/airflow/example_dags/tutorial_taskflow_api_etl.py
[2022-08-23 00:09:59,259] {processor.py:651} INFO - DAG(s) dict_keys(['tutorial_taskflow_api_etl']) retrieved from /home/airflow/.local/lib/python3.7/site-packages/airflow/example_dags/tutorial_taskflow_api_etl.py
[2022-08-23 00:09:59,688] {logging_mixin.py:115} INFO - [2022-08-23 00:09:59,688] {dag.py:2420} INFO - Sync 1 DAGs
[2022-08-23 00:09:59,750] {logging_mixin.py:115} INFO - [2022-08-23 00:09:59,750] {dag.py:2972} INFO - Setting next_dagrun for tutorial_taskflow_api_etl to None, run_after=None
[2022-08-23 00:09:59,777] {processor.py:161} INFO - Processing /home/airflow/.local/lib/python3.7/site-packages/airflow/example_dags/tutorial_taskflow_api_etl.py took 0.578 seconds
[2022-08-23 00:10:30,238] {processor.py:153} INFO - Started process (PID=96524) to work on /home/airflow/.local/lib/python3.7/site-packages/airflow/example_dags/tutorial_taskflow_api_etl.py
[2022-08-23 00:10:30,252] {processor.py:641} INFO - Processing file /home/airflow/.local/lib/python3.7/site-packages/airflow/example_dags/tutorial_taskflow_api_etl.py for tasks to queue
[2022-08-23 00:10:30,256] {logging_mixin.py:115} INFO - [2022-08-23 00:10:30,255] {dagbag.py:508} INFO - Filling up the DagBag from /home/airflow/.local/lib/python3.7/site-packages/airflow/example_dags/tutorial_taskflow_api_etl.py
[2022-08-23 00:10:30,351] {processor.py:651} INFO - DAG(s) dict_keys(['tutorial_taskflow_api_etl']) retrieved from /home/airflow/.local/lib/python3.7/site-packages/airflow/example_dags/tutorial_taskflow_api_etl.py
[2022-08-23 00:10:31,669] {logging_mixin.py:115} INFO - [2022-08-23 00:10:31,669] {dag.py:2420} INFO - Sync 1 DAGs
[2022-08-23 00:10:31,740] {logging_mixin.py:115} INFO - [2022-08-23 00:10:31,740] {dag.py:2972} INFO - Setting next_dagrun for tutorial_taskflow_api_etl to None, run_after=None
[2022-08-23 00:10:31,773] {processor.py:161} INFO - Processing /home/airflow/.local/lib/python3.7/site-packages/airflow/example_dags/tutorial_taskflow_api_etl.py took 1.545 seconds
[2022-08-23 00:11:03,069] {processor.py:153} INFO - Started process (PID=96723) to work on /home/airflow/.local/lib/python3.7/site-packages/airflow/example_dags/tutorial_taskflow_api_etl.py
[2022-08-23 00:11:03,119] {processor.py:641} INFO - Processing file /home/airflow/.local/lib/python3.7/site-packages/airflow/example_dags/tutorial_taskflow_api_etl.py for tasks to queue
[2022-08-23 00:11:03,124] {logging_mixin.py:115} INFO - [2022-08-23 00:11:03,123] {dagbag.py:508} INFO - Filling up the DagBag from /home/airflow/.local/lib/python3.7/site-packages/airflow/example_dags/tutorial_taskflow_api_etl.py
[2022-08-23 00:11:03,243] {processor.py:651} INFO - DAG(s) dict_keys(['tutorial_taskflow_api_etl']) retrieved from /home/airflow/.local/lib/python3.7/site-packages/airflow/example_dags/tutorial_taskflow_api_etl.py
[2022-08-23 00:11:03,942] {logging_mixin.py:115} INFO - [2022-08-23 00:11:03,942] {dag.py:2420} INFO - Sync 1 DAGs
[2022-08-23 00:11:04,005] {logging_mixin.py:115} INFO - [2022-08-23 00:11:04,005] {dag.py:2972} INFO - Setting next_dagrun for tutorial_taskflow_api_etl to None, run_after=None
[2022-08-23 00:11:04,053] {processor.py:161} INFO - Processing /home/airflow/.local/lib/python3.7/site-packages/airflow/example_dags/tutorial_taskflow_api_etl.py took 1.136 seconds
[2022-08-23 00:11:34,939] {processor.py:153} INFO - Started process (PID=96917) to work on /home/airflow/.local/lib/python3.7/site-packages/airflow/example_dags/tutorial_taskflow_api_etl.py
[2022-08-23 00:11:34,941] {processor.py:641} INFO - Processing file /home/airflow/.local/lib/python3.7/site-packages/airflow/example_dags/tutorial_taskflow_api_etl.py for tasks to queue
[2022-08-23 00:11:34,943] {logging_mixin.py:115} INFO - [2022-08-23 00:11:34,943] {dagbag.py:508} INFO - Filling up the DagBag from /home/airflow/.local/lib/python3.7/site-packages/airflow/example_dags/tutorial_taskflow_api_etl.py
[2022-08-23 00:11:35,050] {processor.py:651} INFO - DAG(s) dict_keys(['tutorial_taskflow_api_etl']) retrieved from /home/airflow/.local/lib/python3.7/site-packages/airflow/example_dags/tutorial_taskflow_api_etl.py
[2022-08-23 00:11:35,539] {logging_mixin.py:115} INFO - [2022-08-23 00:11:35,538] {dag.py:2420} INFO - Sync 1 DAGs
[2022-08-23 00:11:35,616] {logging_mixin.py:115} INFO - [2022-08-23 00:11:35,615] {dag.py:2972} INFO - Setting next_dagrun for tutorial_taskflow_api_etl to None, run_after=None
[2022-08-23 00:11:35,648] {processor.py:161} INFO - Processing /home/airflow/.local/lib/python3.7/site-packages/airflow/example_dags/tutorial_taskflow_api_etl.py took 0.721 seconds
[2022-08-23 00:12:06,711] {processor.py:153} INFO - Started process (PID=97121) to work on /home/airflow/.local/lib/python3.7/site-packages/airflow/example_dags/tutorial_taskflow_api_etl.py
[2022-08-23 00:12:06,714] {processor.py:641} INFO - Processing file /home/airflow/.local/lib/python3.7/site-packages/airflow/example_dags/tutorial_taskflow_api_etl.py for tasks to queue
[2022-08-23 00:12:06,722] {logging_mixin.py:115} INFO - [2022-08-23 00:12:06,722] {dagbag.py:508} INFO - Filling up the DagBag from /home/airflow/.local/lib/python3.7/site-packages/airflow/example_dags/tutorial_taskflow_api_etl.py
[2022-08-23 00:12:06,766] {processor.py:651} INFO - DAG(s) dict_keys(['tutorial_taskflow_api_etl']) retrieved from /home/airflow/.local/lib/python3.7/site-packages/airflow/example_dags/tutorial_taskflow_api_etl.py
[2022-08-23 00:12:07,795] {logging_mixin.py:115} INFO - [2022-08-23 00:12:07,795] {dag.py:2420} INFO - Sync 1 DAGs
[2022-08-23 00:12:07,890] {logging_mixin.py:115} INFO - [2022-08-23 00:12:07,889] {dag.py:2972} INFO - Setting next_dagrun for tutorial_taskflow_api_etl to None, run_after=None
[2022-08-23 00:12:07,941] {processor.py:161} INFO - Processing /home/airflow/.local/lib/python3.7/site-packages/airflow/example_dags/tutorial_taskflow_api_etl.py took 1.241 seconds
[2022-08-23 00:12:38,210] {processor.py:153} INFO - Started process (PID=97319) to work on /home/airflow/.local/lib/python3.7/site-packages/airflow/example_dags/tutorial_taskflow_api_etl.py
[2022-08-23 00:12:38,214] {processor.py:641} INFO - Processing file /home/airflow/.local/lib/python3.7/site-packages/airflow/example_dags/tutorial_taskflow_api_etl.py for tasks to queue
[2022-08-23 00:12:38,217] {logging_mixin.py:115} INFO - [2022-08-23 00:12:38,217] {dagbag.py:508} INFO - Filling up the DagBag from /home/airflow/.local/lib/python3.7/site-packages/airflow/example_dags/tutorial_taskflow_api_etl.py
[2022-08-23 00:12:38,297] {processor.py:651} INFO - DAG(s) dict_keys(['tutorial_taskflow_api_etl']) retrieved from /home/airflow/.local/lib/python3.7/site-packages/airflow/example_dags/tutorial_taskflow_api_etl.py
[2022-08-23 00:12:38,999] {logging_mixin.py:115} INFO - [2022-08-23 00:12:38,999] {dag.py:2420} INFO - Sync 1 DAGs
[2022-08-23 00:12:39,074] {logging_mixin.py:115} INFO - [2022-08-23 00:12:39,074] {dag.py:2972} INFO - Setting next_dagrun for tutorial_taskflow_api_etl to None, run_after=None
[2022-08-23 00:12:39,114] {processor.py:161} INFO - Processing /home/airflow/.local/lib/python3.7/site-packages/airflow/example_dags/tutorial_taskflow_api_etl.py took 0.925 seconds
[2022-08-23 00:13:09,473] {processor.py:153} INFO - Started process (PID=97512) to work on /home/airflow/.local/lib/python3.7/site-packages/airflow/example_dags/tutorial_taskflow_api_etl.py
[2022-08-23 00:13:09,476] {processor.py:641} INFO - Processing file /home/airflow/.local/lib/python3.7/site-packages/airflow/example_dags/tutorial_taskflow_api_etl.py for tasks to queue
[2022-08-23 00:13:09,479] {logging_mixin.py:115} INFO - [2022-08-23 00:13:09,479] {dagbag.py:508} INFO - Filling up the DagBag from /home/airflow/.local/lib/python3.7/site-packages/airflow/example_dags/tutorial_taskflow_api_etl.py
[2022-08-23 00:13:09,552] {processor.py:651} INFO - DAG(s) dict_keys(['tutorial_taskflow_api_etl']) retrieved from /home/airflow/.local/lib/python3.7/site-packages/airflow/example_dags/tutorial_taskflow_api_etl.py
[2022-08-23 00:13:10,681] {logging_mixin.py:115} INFO - [2022-08-23 00:13:10,680] {dag.py:2420} INFO - Sync 1 DAGs
[2022-08-23 00:13:10,754] {logging_mixin.py:115} INFO - [2022-08-23 00:13:10,754] {dag.py:2972} INFO - Setting next_dagrun for tutorial_taskflow_api_etl to None, run_after=None
[2022-08-23 00:13:10,782] {processor.py:161} INFO - Processing /home/airflow/.local/lib/python3.7/site-packages/airflow/example_dags/tutorial_taskflow_api_etl.py took 1.319 seconds
[2022-08-23 00:13:40,945] {processor.py:153} INFO - Started process (PID=97707) to work on /home/airflow/.local/lib/python3.7/site-packages/airflow/example_dags/tutorial_taskflow_api_etl.py
[2022-08-23 00:13:40,948] {processor.py:641} INFO - Processing file /home/airflow/.local/lib/python3.7/site-packages/airflow/example_dags/tutorial_taskflow_api_etl.py for tasks to queue
[2022-08-23 00:13:40,952] {logging_mixin.py:115} INFO - [2022-08-23 00:13:40,952] {dagbag.py:508} INFO - Filling up the DagBag from /home/airflow/.local/lib/python3.7/site-packages/airflow/example_dags/tutorial_taskflow_api_etl.py
[2022-08-23 00:13:41,030] {processor.py:651} INFO - DAG(s) dict_keys(['tutorial_taskflow_api_etl']) retrieved from /home/airflow/.local/lib/python3.7/site-packages/airflow/example_dags/tutorial_taskflow_api_etl.py
[2022-08-23 00:13:41,891] {logging_mixin.py:115} INFO - [2022-08-23 00:13:41,891] {dag.py:2420} INFO - Sync 1 DAGs
[2022-08-23 00:13:42,103] {logging_mixin.py:115} INFO - [2022-08-23 00:13:42,103] {dag.py:2972} INFO - Setting next_dagrun for tutorial_taskflow_api_etl to None, run_after=None
[2022-08-23 00:13:42,363] {processor.py:161} INFO - Processing /home/airflow/.local/lib/python3.7/site-packages/airflow/example_dags/tutorial_taskflow_api_etl.py took 1.425 seconds
[2022-08-23 00:14:12,762] {processor.py:153} INFO - Started process (PID=97905) to work on /home/airflow/.local/lib/python3.7/site-packages/airflow/example_dags/tutorial_taskflow_api_etl.py
[2022-08-23 00:14:12,764] {processor.py:641} INFO - Processing file /home/airflow/.local/lib/python3.7/site-packages/airflow/example_dags/tutorial_taskflow_api_etl.py for tasks to queue
[2022-08-23 00:14:12,766] {logging_mixin.py:115} INFO - [2022-08-23 00:14:12,766] {dagbag.py:508} INFO - Filling up the DagBag from /home/airflow/.local/lib/python3.7/site-packages/airflow/example_dags/tutorial_taskflow_api_etl.py
[2022-08-23 00:14:12,800] {processor.py:651} INFO - DAG(s) dict_keys(['tutorial_taskflow_api_etl']) retrieved from /home/airflow/.local/lib/python3.7/site-packages/airflow/example_dags/tutorial_taskflow_api_etl.py
[2022-08-23 00:14:13,151] {logging_mixin.py:115} INFO - [2022-08-23 00:14:13,149] {dag.py:2420} INFO - Sync 1 DAGs
[2022-08-23 00:14:13,239] {logging_mixin.py:115} INFO - [2022-08-23 00:14:13,239] {dag.py:2972} INFO - Setting next_dagrun for tutorial_taskflow_api_etl to None, run_after=None
[2022-08-23 00:14:13,272] {processor.py:161} INFO - Processing /home/airflow/.local/lib/python3.7/site-packages/airflow/example_dags/tutorial_taskflow_api_etl.py took 0.521 seconds
[2022-08-23 00:14:43,408] {processor.py:153} INFO - Started process (PID=98097) to work on /home/airflow/.local/lib/python3.7/site-packages/airflow/example_dags/tutorial_taskflow_api_etl.py
[2022-08-23 00:14:43,411] {processor.py:641} INFO - Processing file /home/airflow/.local/lib/python3.7/site-packages/airflow/example_dags/tutorial_taskflow_api_etl.py for tasks to queue
[2022-08-23 00:14:43,413] {logging_mixin.py:115} INFO - [2022-08-23 00:14:43,413] {dagbag.py:508} INFO - Filling up the DagBag from /home/airflow/.local/lib/python3.7/site-packages/airflow/example_dags/tutorial_taskflow_api_etl.py
[2022-08-23 00:14:43,448] {processor.py:651} INFO - DAG(s) dict_keys(['tutorial_taskflow_api_etl']) retrieved from /home/airflow/.local/lib/python3.7/site-packages/airflow/example_dags/tutorial_taskflow_api_etl.py
[2022-08-23 00:14:43,771] {logging_mixin.py:115} INFO - [2022-08-23 00:14:43,770] {dag.py:2420} INFO - Sync 1 DAGs
[2022-08-23 00:14:43,825] {logging_mixin.py:115} INFO - [2022-08-23 00:14:43,825] {dag.py:2972} INFO - Setting next_dagrun for tutorial_taskflow_api_etl to None, run_after=None
[2022-08-23 00:14:43,857] {processor.py:161} INFO - Processing /home/airflow/.local/lib/python3.7/site-packages/airflow/example_dags/tutorial_taskflow_api_etl.py took 0.455 seconds
[2022-08-23 00:15:14,373] {processor.py:153} INFO - Started process (PID=98297) to work on /home/airflow/.local/lib/python3.7/site-packages/airflow/example_dags/tutorial_taskflow_api_etl.py
[2022-08-23 00:15:14,379] {processor.py:641} INFO - Processing file /home/airflow/.local/lib/python3.7/site-packages/airflow/example_dags/tutorial_taskflow_api_etl.py for tasks to queue
[2022-08-23 00:15:14,382] {logging_mixin.py:115} INFO - [2022-08-23 00:15:14,382] {dagbag.py:508} INFO - Filling up the DagBag from /home/airflow/.local/lib/python3.7/site-packages/airflow/example_dags/tutorial_taskflow_api_etl.py
[2022-08-23 00:15:14,435] {processor.py:651} INFO - DAG(s) dict_keys(['tutorial_taskflow_api_etl']) retrieved from /home/airflow/.local/lib/python3.7/site-packages/airflow/example_dags/tutorial_taskflow_api_etl.py
[2022-08-23 00:15:14,862] {logging_mixin.py:115} INFO - [2022-08-23 00:15:14,861] {dag.py:2420} INFO - Sync 1 DAGs
[2022-08-23 00:15:14,909] {logging_mixin.py:115} INFO - [2022-08-23 00:15:14,909] {dag.py:2972} INFO - Setting next_dagrun for tutorial_taskflow_api_etl to None, run_after=None
[2022-08-23 00:15:14,959] {processor.py:161} INFO - Processing /home/airflow/.local/lib/python3.7/site-packages/airflow/example_dags/tutorial_taskflow_api_etl.py took 0.595 seconds
[2022-08-23 00:15:45,640] {processor.py:153} INFO - Started process (PID=98507) to work on /home/airflow/.local/lib/python3.7/site-packages/airflow/example_dags/tutorial_taskflow_api_etl.py
[2022-08-23 00:15:45,654] {processor.py:641} INFO - Processing file /home/airflow/.local/lib/python3.7/site-packages/airflow/example_dags/tutorial_taskflow_api_etl.py for tasks to queue
[2022-08-23 00:15:45,657] {logging_mixin.py:115} INFO - [2022-08-23 00:15:45,656] {dagbag.py:508} INFO - Filling up the DagBag from /home/airflow/.local/lib/python3.7/site-packages/airflow/example_dags/tutorial_taskflow_api_etl.py
[2022-08-23 00:15:45,706] {processor.py:651} INFO - DAG(s) dict_keys(['tutorial_taskflow_api_etl']) retrieved from /home/airflow/.local/lib/python3.7/site-packages/airflow/example_dags/tutorial_taskflow_api_etl.py
[2022-08-23 00:15:45,786] {logging_mixin.py:115} INFO - [2022-08-23 00:15:45,786] {dag.py:2420} INFO - Sync 1 DAGs
[2022-08-23 00:15:46,087] {logging_mixin.py:115} INFO - [2022-08-23 00:15:46,087] {dag.py:2972} INFO - Setting next_dagrun for tutorial_taskflow_api_etl to None, run_after=None
[2022-08-23 00:15:46,109] {processor.py:161} INFO - Processing /home/airflow/.local/lib/python3.7/site-packages/airflow/example_dags/tutorial_taskflow_api_etl.py took 0.476 seconds
[2022-08-23 00:16:16,378] {processor.py:153} INFO - Started process (PID=98702) to work on /home/airflow/.local/lib/python3.7/site-packages/airflow/example_dags/tutorial_taskflow_api_etl.py
[2022-08-23 00:16:16,384] {processor.py:641} INFO - Processing file /home/airflow/.local/lib/python3.7/site-packages/airflow/example_dags/tutorial_taskflow_api_etl.py for tasks to queue
[2022-08-23 00:16:16,389] {logging_mixin.py:115} INFO - [2022-08-23 00:16:16,389] {dagbag.py:508} INFO - Filling up the DagBag from /home/airflow/.local/lib/python3.7/site-packages/airflow/example_dags/tutorial_taskflow_api_etl.py
[2022-08-23 00:16:16,468] {processor.py:651} INFO - DAG(s) dict_keys(['tutorial_taskflow_api_etl']) retrieved from /home/airflow/.local/lib/python3.7/site-packages/airflow/example_dags/tutorial_taskflow_api_etl.py
[2022-08-23 00:16:16,541] {logging_mixin.py:115} INFO - [2022-08-23 00:16:16,541] {dag.py:2420} INFO - Sync 1 DAGs
[2022-08-23 00:16:16,776] {logging_mixin.py:115} INFO - [2022-08-23 00:16:16,776] {dag.py:2972} INFO - Setting next_dagrun for tutorial_taskflow_api_etl to None, run_after=None
[2022-08-23 00:16:16,800] {processor.py:161} INFO - Processing /home/airflow/.local/lib/python3.7/site-packages/airflow/example_dags/tutorial_taskflow_api_etl.py took 0.430 seconds
[2022-08-23 00:16:46,965] {processor.py:153} INFO - Started process (PID=98900) to work on /home/airflow/.local/lib/python3.7/site-packages/airflow/example_dags/tutorial_taskflow_api_etl.py
[2022-08-23 00:16:46,968] {processor.py:641} INFO - Processing file /home/airflow/.local/lib/python3.7/site-packages/airflow/example_dags/tutorial_taskflow_api_etl.py for tasks to queue
[2022-08-23 00:16:46,971] {logging_mixin.py:115} INFO - [2022-08-23 00:16:46,970] {dagbag.py:508} INFO - Filling up the DagBag from /home/airflow/.local/lib/python3.7/site-packages/airflow/example_dags/tutorial_taskflow_api_etl.py
[2022-08-23 00:16:47,001] {processor.py:651} INFO - DAG(s) dict_keys(['tutorial_taskflow_api_etl']) retrieved from /home/airflow/.local/lib/python3.7/site-packages/airflow/example_dags/tutorial_taskflow_api_etl.py
[2022-08-23 00:16:47,043] {logging_mixin.py:115} INFO - [2022-08-23 00:16:47,043] {dag.py:2420} INFO - Sync 1 DAGs
[2022-08-23 00:16:47,276] {logging_mixin.py:115} INFO - [2022-08-23 00:16:47,276] {dag.py:2972} INFO - Setting next_dagrun for tutorial_taskflow_api_etl to None, run_after=None
[2022-08-23 00:16:47,300] {processor.py:161} INFO - Processing /home/airflow/.local/lib/python3.7/site-packages/airflow/example_dags/tutorial_taskflow_api_etl.py took 0.347 seconds
[2022-08-23 00:17:20,192] {processor.py:153} INFO - Started process (PID=99101) to work on /home/airflow/.local/lib/python3.7/site-packages/airflow/example_dags/tutorial_taskflow_api_etl.py
[2022-08-23 00:17:20,201] {processor.py:641} INFO - Processing file /home/airflow/.local/lib/python3.7/site-packages/airflow/example_dags/tutorial_taskflow_api_etl.py for tasks to queue
[2022-08-23 00:17:20,211] {logging_mixin.py:115} INFO - [2022-08-23 00:17:20,210] {dagbag.py:508} INFO - Filling up the DagBag from /home/airflow/.local/lib/python3.7/site-packages/airflow/example_dags/tutorial_taskflow_api_etl.py
[2022-08-23 00:17:20,370] {processor.py:651} INFO - DAG(s) dict_keys(['tutorial_taskflow_api_etl']) retrieved from /home/airflow/.local/lib/python3.7/site-packages/airflow/example_dags/tutorial_taskflow_api_etl.py
[2022-08-23 00:17:21,025] {logging_mixin.py:115} INFO - [2022-08-23 00:17:21,024] {dag.py:2420} INFO - Sync 1 DAGs
[2022-08-23 00:17:21,262] {logging_mixin.py:115} INFO - [2022-08-23 00:17:21,262] {dag.py:2972} INFO - Setting next_dagrun for tutorial_taskflow_api_etl to None, run_after=None
[2022-08-23 00:17:21,409] {processor.py:161} INFO - Processing /home/airflow/.local/lib/python3.7/site-packages/airflow/example_dags/tutorial_taskflow_api_etl.py took 1.248 seconds
[2022-08-23 00:17:52,298] {processor.py:153} INFO - Started process (PID=99299) to work on /home/airflow/.local/lib/python3.7/site-packages/airflow/example_dags/tutorial_taskflow_api_etl.py
[2022-08-23 00:17:52,300] {processor.py:641} INFO - Processing file /home/airflow/.local/lib/python3.7/site-packages/airflow/example_dags/tutorial_taskflow_api_etl.py for tasks to queue
[2022-08-23 00:17:52,303] {logging_mixin.py:115} INFO - [2022-08-23 00:17:52,303] {dagbag.py:508} INFO - Filling up the DagBag from /home/airflow/.local/lib/python3.7/site-packages/airflow/example_dags/tutorial_taskflow_api_etl.py
[2022-08-23 00:17:52,380] {processor.py:651} INFO - DAG(s) dict_keys(['tutorial_taskflow_api_etl']) retrieved from /home/airflow/.local/lib/python3.7/site-packages/airflow/example_dags/tutorial_taskflow_api_etl.py
[2022-08-23 00:17:52,598] {logging_mixin.py:115} INFO - [2022-08-23 00:17:52,598] {dag.py:2420} INFO - Sync 1 DAGs
[2022-08-23 00:17:52,673] {logging_mixin.py:115} INFO - [2022-08-23 00:17:52,673] {dag.py:2972} INFO - Setting next_dagrun for tutorial_taskflow_api_etl to None, run_after=None
[2022-08-23 00:17:52,735] {processor.py:161} INFO - Processing /home/airflow/.local/lib/python3.7/site-packages/airflow/example_dags/tutorial_taskflow_api_etl.py took 0.445 seconds
[2022-08-23 00:18:22,932] {processor.py:153} INFO - Started process (PID=99493) to work on /home/airflow/.local/lib/python3.7/site-packages/airflow/example_dags/tutorial_taskflow_api_etl.py
[2022-08-23 00:18:22,935] {processor.py:641} INFO - Processing file /home/airflow/.local/lib/python3.7/site-packages/airflow/example_dags/tutorial_taskflow_api_etl.py for tasks to queue
[2022-08-23 00:18:22,937] {logging_mixin.py:115} INFO - [2022-08-23 00:18:22,937] {dagbag.py:508} INFO - Filling up the DagBag from /home/airflow/.local/lib/python3.7/site-packages/airflow/example_dags/tutorial_taskflow_api_etl.py
[2022-08-23 00:18:22,974] {processor.py:651} INFO - DAG(s) dict_keys(['tutorial_taskflow_api_etl']) retrieved from /home/airflow/.local/lib/python3.7/site-packages/airflow/example_dags/tutorial_taskflow_api_etl.py
[2022-08-23 00:18:23,114] {logging_mixin.py:115} INFO - [2022-08-23 00:18:23,114] {dag.py:2420} INFO - Sync 1 DAGs
[2022-08-23 00:18:23,157] {logging_mixin.py:115} INFO - [2022-08-23 00:18:23,156] {dag.py:2972} INFO - Setting next_dagrun for tutorial_taskflow_api_etl to None, run_after=None
[2022-08-23 00:18:23,199] {processor.py:161} INFO - Processing /home/airflow/.local/lib/python3.7/site-packages/airflow/example_dags/tutorial_taskflow_api_etl.py took 0.273 seconds
[2022-08-23 00:18:53,867] {processor.py:153} INFO - Started process (PID=99686) to work on /home/airflow/.local/lib/python3.7/site-packages/airflow/example_dags/tutorial_taskflow_api_etl.py
[2022-08-23 00:18:53,872] {processor.py:641} INFO - Processing file /home/airflow/.local/lib/python3.7/site-packages/airflow/example_dags/tutorial_taskflow_api_etl.py for tasks to queue
[2022-08-23 00:18:53,884] {logging_mixin.py:115} INFO - [2022-08-23 00:18:53,883] {dagbag.py:508} INFO - Filling up the DagBag from /home/airflow/.local/lib/python3.7/site-packages/airflow/example_dags/tutorial_taskflow_api_etl.py
[2022-08-23 00:18:53,928] {processor.py:651} INFO - DAG(s) dict_keys(['tutorial_taskflow_api_etl']) retrieved from /home/airflow/.local/lib/python3.7/site-packages/airflow/example_dags/tutorial_taskflow_api_etl.py
[2022-08-23 00:18:54,162] {logging_mixin.py:115} INFO - [2022-08-23 00:18:54,161] {dag.py:2420} INFO - Sync 1 DAGs
[2022-08-23 00:18:54,203] {logging_mixin.py:115} INFO - [2022-08-23 00:18:54,203] {dag.py:2972} INFO - Setting next_dagrun for tutorial_taskflow_api_etl to None, run_after=None
[2022-08-23 00:18:54,238] {processor.py:161} INFO - Processing /home/airflow/.local/lib/python3.7/site-packages/airflow/example_dags/tutorial_taskflow_api_etl.py took 0.377 seconds
[2022-08-23 00:19:24,605] {processor.py:153} INFO - Started process (PID=99889) to work on /home/airflow/.local/lib/python3.7/site-packages/airflow/example_dags/tutorial_taskflow_api_etl.py
[2022-08-23 00:19:24,608] {processor.py:641} INFO - Processing file /home/airflow/.local/lib/python3.7/site-packages/airflow/example_dags/tutorial_taskflow_api_etl.py for tasks to queue
[2022-08-23 00:19:24,611] {logging_mixin.py:115} INFO - [2022-08-23 00:19:24,611] {dagbag.py:508} INFO - Filling up the DagBag from /home/airflow/.local/lib/python3.7/site-packages/airflow/example_dags/tutorial_taskflow_api_etl.py
[2022-08-23 00:19:24,641] {processor.py:651} INFO - DAG(s) dict_keys(['tutorial_taskflow_api_etl']) retrieved from /home/airflow/.local/lib/python3.7/site-packages/airflow/example_dags/tutorial_taskflow_api_etl.py
[2022-08-23 00:19:24,798] {logging_mixin.py:115} INFO - [2022-08-23 00:19:24,798] {dag.py:2420} INFO - Sync 1 DAGs
[2022-08-23 00:19:24,852] {logging_mixin.py:115} INFO - [2022-08-23 00:19:24,852] {dag.py:2972} INFO - Setting next_dagrun for tutorial_taskflow_api_etl to None, run_after=None
[2022-08-23 00:19:24,889] {processor.py:161} INFO - Processing /home/airflow/.local/lib/python3.7/site-packages/airflow/example_dags/tutorial_taskflow_api_etl.py took 0.297 seconds
[2022-08-23 00:19:55,097] {processor.py:153} INFO - Started process (PID=382) to work on /home/airflow/.local/lib/python3.7/site-packages/airflow/example_dags/tutorial_taskflow_api_etl.py
[2022-08-23 00:19:55,105] {processor.py:641} INFO - Processing file /home/airflow/.local/lib/python3.7/site-packages/airflow/example_dags/tutorial_taskflow_api_etl.py for tasks to queue
[2022-08-23 00:19:55,129] {logging_mixin.py:115} INFO - [2022-08-23 00:19:55,128] {dagbag.py:508} INFO - Filling up the DagBag from /home/airflow/.local/lib/python3.7/site-packages/airflow/example_dags/tutorial_taskflow_api_etl.py
[2022-08-23 00:19:55,195] {processor.py:651} INFO - DAG(s) dict_keys(['tutorial_taskflow_api_etl']) retrieved from /home/airflow/.local/lib/python3.7/site-packages/airflow/example_dags/tutorial_taskflow_api_etl.py
[2022-08-23 00:19:55,387] {logging_mixin.py:115} INFO - [2022-08-23 00:19:55,387] {dag.py:2420} INFO - Sync 1 DAGs
[2022-08-23 00:19:55,503] {logging_mixin.py:115} INFO - [2022-08-23 00:19:55,502] {dag.py:2972} INFO - Setting next_dagrun for tutorial_taskflow_api_etl to None, run_after=None
[2022-08-23 00:19:55,526] {processor.py:161} INFO - Processing /home/airflow/.local/lib/python3.7/site-packages/airflow/example_dags/tutorial_taskflow_api_etl.py took 0.479 seconds
[2022-08-23 00:20:26,314] {processor.py:153} INFO - Started process (PID=583) to work on /home/airflow/.local/lib/python3.7/site-packages/airflow/example_dags/tutorial_taskflow_api_etl.py
[2022-08-23 00:20:26,318] {processor.py:641} INFO - Processing file /home/airflow/.local/lib/python3.7/site-packages/airflow/example_dags/tutorial_taskflow_api_etl.py for tasks to queue
[2022-08-23 00:20:26,320] {logging_mixin.py:115} INFO - [2022-08-23 00:20:26,320] {dagbag.py:508} INFO - Filling up the DagBag from /home/airflow/.local/lib/python3.7/site-packages/airflow/example_dags/tutorial_taskflow_api_etl.py
[2022-08-23 00:20:26,371] {processor.py:651} INFO - DAG(s) dict_keys(['tutorial_taskflow_api_etl']) retrieved from /home/airflow/.local/lib/python3.7/site-packages/airflow/example_dags/tutorial_taskflow_api_etl.py
[2022-08-23 00:20:26,486] {logging_mixin.py:115} INFO - [2022-08-23 00:20:26,486] {dag.py:2420} INFO - Sync 1 DAGs
[2022-08-23 00:20:26,522] {logging_mixin.py:115} INFO - [2022-08-23 00:20:26,522] {dag.py:2972} INFO - Setting next_dagrun for tutorial_taskflow_api_etl to None, run_after=None
[2022-08-23 00:20:26,561] {processor.py:161} INFO - Processing /home/airflow/.local/lib/python3.7/site-packages/airflow/example_dags/tutorial_taskflow_api_etl.py took 0.258 seconds
[2022-08-23 00:20:57,085] {processor.py:153} INFO - Started process (PID=777) to work on /home/airflow/.local/lib/python3.7/site-packages/airflow/example_dags/tutorial_taskflow_api_etl.py
[2022-08-23 00:20:57,088] {processor.py:641} INFO - Processing file /home/airflow/.local/lib/python3.7/site-packages/airflow/example_dags/tutorial_taskflow_api_etl.py for tasks to queue
[2022-08-23 00:20:57,091] {logging_mixin.py:115} INFO - [2022-08-23 00:20:57,091] {dagbag.py:508} INFO - Filling up the DagBag from /home/airflow/.local/lib/python3.7/site-packages/airflow/example_dags/tutorial_taskflow_api_etl.py
[2022-08-23 00:20:57,134] {processor.py:651} INFO - DAG(s) dict_keys(['tutorial_taskflow_api_etl']) retrieved from /home/airflow/.local/lib/python3.7/site-packages/airflow/example_dags/tutorial_taskflow_api_etl.py
[2022-08-23 00:20:57,331] {logging_mixin.py:115} INFO - [2022-08-23 00:20:57,331] {dag.py:2420} INFO - Sync 1 DAGs
[2022-08-23 00:20:57,441] {logging_mixin.py:115} INFO - [2022-08-23 00:20:57,441] {dag.py:2972} INFO - Setting next_dagrun for tutorial_taskflow_api_etl to None, run_after=None
[2022-08-23 00:20:57,525] {processor.py:161} INFO - Processing /home/airflow/.local/lib/python3.7/site-packages/airflow/example_dags/tutorial_taskflow_api_etl.py took 0.468 seconds
